[2025-05-31 12:23:23,665] INFO: Using device: cuda
[2025-05-31 12:23:24,781] INFO: Using GhostNetV3 with width 1.0
[2025-05-31 12:23:50,794] INFO: Epoch 1 | Step 1/196 | Loss: 3.6127 | Acc: 10.55%
[2025-05-31 12:24:02,401] INFO: Epoch 1 | Step 101/196 | Loss: 2.7340 | Acc: 12.55%
[2025-05-31 12:24:13,521] INFO: Epoch 1 training completed
[2025-05-31 12:24:36,999] INFO: Test Loss: 2.2323 | Test Acc: 16.19%
[2025-05-31 12:24:37,124] INFO: New best accuracy: 16.19%, model saved.
[2025-05-31 12:24:37,462] INFO: Epoch 2 | Step 1/196 | Loss: 2.2515 | Acc: 16.02%
[2025-05-31 12:24:49,098] INFO: Epoch 2 | Step 101/196 | Loss: 2.1363 | Acc: 17.47%
[2025-05-31 12:25:00,099] INFO: Epoch 2 training completed
[2025-05-31 12:25:01,296] INFO: Test Loss: 2.0233 | Test Acc: 23.22%
[2025-05-31 12:25:01,399] INFO: New best accuracy: 23.22%, model saved.
[2025-05-31 12:25:01,743] INFO: Epoch 3 | Step 1/196 | Loss: 1.9483 | Acc: 21.88%
[2025-05-31 12:25:13,385] INFO: Epoch 3 | Step 101/196 | Loss: 1.9595 | Acc: 23.40%
[2025-05-31 12:25:24,407] INFO: Epoch 3 training completed
[2025-05-31 12:25:25,599] INFO: Test Loss: 1.8719 | Test Acc: 29.75%
[2025-05-31 12:25:25,700] INFO: New best accuracy: 29.75%, model saved.
[2025-05-31 12:25:26,042] INFO: Epoch 4 | Step 1/196 | Loss: 1.9005 | Acc: 26.17%
[2025-05-31 12:25:37,739] INFO: Epoch 4 | Step 101/196 | Loss: 1.8322 | Acc: 28.16%
[2025-05-31 12:25:48,764] INFO: Epoch 4 training completed
[2025-05-31 12:25:49,952] INFO: Test Loss: 1.7631 | Test Acc: 33.75%
[2025-05-31 12:25:50,054] INFO: New best accuracy: 33.75%, model saved.
[2025-05-31 12:25:50,389] INFO: Epoch 5 | Step 1/196 | Loss: 1.7208 | Acc: 32.03%
[2025-05-31 12:26:02,062] INFO: Epoch 5 | Step 101/196 | Loss: 1.7485 | Acc: 32.07%
[2025-05-31 12:26:13,113] INFO: Epoch 5 training completed
[2025-05-31 12:26:14,300] INFO: Test Loss: 1.7182 | Test Acc: 35.22%
[2025-05-31 12:26:14,402] INFO: New best accuracy: 35.22%, model saved.
[2025-05-31 12:26:14,744] INFO: Epoch 6 | Step 1/196 | Loss: 1.7571 | Acc: 33.98%
[2025-05-31 12:26:26,431] INFO: Epoch 6 | Step 101/196 | Loss: 1.6810 | Acc: 34.58%
[2025-05-31 12:26:37,483] INFO: Epoch 6 training completed
[2025-05-31 12:26:38,670] INFO: Test Loss: 1.6457 | Test Acc: 39.08%
[2025-05-31 12:26:38,784] INFO: New best accuracy: 39.08%, model saved.
[2025-05-31 12:26:39,139] INFO: Epoch 7 | Step 1/196 | Loss: 1.6030 | Acc: 36.33%
[2025-05-31 12:26:50,860] INFO: Epoch 7 | Step 101/196 | Loss: 1.6003 | Acc: 38.15%
[2025-05-31 12:27:01,922] INFO: Epoch 7 training completed
[2025-05-31 12:27:03,117] INFO: Test Loss: 1.6072 | Test Acc: 41.38%
[2025-05-31 12:27:03,220] INFO: New best accuracy: 41.38%, model saved.
[2025-05-31 12:27:03,562] INFO: Epoch 8 | Step 1/196 | Loss: 1.6427 | Acc: 39.84%
[2025-05-31 12:27:15,247] INFO: Epoch 8 | Step 101/196 | Loss: 1.5274 | Acc: 41.99%
[2025-05-31 12:27:26,301] INFO: Epoch 8 training completed
[2025-05-31 12:27:27,488] INFO: Test Loss: 1.4850 | Test Acc: 45.47%
[2025-05-31 12:27:27,590] INFO: New best accuracy: 45.47%, model saved.
[2025-05-31 12:27:27,926] INFO: Epoch 9 | Step 1/196 | Loss: 1.5169 | Acc: 43.75%
[2025-05-31 12:27:39,624] INFO: Epoch 9 | Step 101/196 | Loss: 1.4522 | Acc: 44.81%
[2025-05-31 12:27:50,702] INFO: Epoch 9 training completed
[2025-05-31 12:27:51,882] INFO: Test Loss: 1.4413 | Test Acc: 47.13%
[2025-05-31 12:27:51,984] INFO: New best accuracy: 47.13%, model saved.
[2025-05-31 12:27:52,338] INFO: Epoch 10 | Step 1/196 | Loss: 1.4558 | Acc: 44.53%
[2025-05-31 12:28:04,102] INFO: Epoch 10 | Step 101/196 | Loss: 1.3727 | Acc: 48.25%
[2025-05-31 12:28:15,157] INFO: Epoch 10 training completed
[2025-05-31 12:28:16,351] INFO: Test Loss: 1.3910 | Test Acc: 49.81%
[2025-05-31 12:28:16,454] INFO: New best accuracy: 49.81%, model saved.
[2025-05-31 12:28:16,793] INFO: Epoch 11 | Step 1/196 | Loss: 1.3011 | Acc: 50.78%
[2025-05-31 12:28:28,488] INFO: Epoch 11 | Step 101/196 | Loss: 1.3039 | Acc: 50.84%
[2025-05-31 12:28:39,542] INFO: Epoch 11 training completed
[2025-05-31 12:28:40,733] INFO: Test Loss: 1.9127 | Test Acc: 39.83%
[2025-05-31 12:28:41,074] INFO: Epoch 12 | Step 1/196 | Loss: 1.3567 | Acc: 47.66%
[2025-05-31 12:28:52,765] INFO: Epoch 12 | Step 101/196 | Loss: 1.2629 | Acc: 52.62%
[2025-05-31 12:29:03,821] INFO: Epoch 12 training completed
[2025-05-31 12:29:05,018] INFO: Test Loss: 1.2455 | Test Acc: 54.74%
[2025-05-31 12:29:05,122] INFO: New best accuracy: 54.74%, model saved.
[2025-05-31 12:29:05,481] INFO: Epoch 13 | Step 1/196 | Loss: 1.1665 | Acc: 60.94%
[2025-05-31 12:29:17,168] INFO: Epoch 13 | Step 101/196 | Loss: 1.1887 | Acc: 55.58%
[2025-05-31 12:29:28,221] INFO: Epoch 13 training completed
[2025-05-31 12:29:29,414] INFO: Test Loss: 1.2549 | Test Acc: 55.80%
[2025-05-31 12:29:29,608] INFO: New best accuracy: 55.80%, model saved.
[2025-05-31 12:29:29,952] INFO: Epoch 14 | Step 1/196 | Loss: 1.1152 | Acc: 58.59%
[2025-05-31 12:29:41,638] INFO: Epoch 14 | Step 101/196 | Loss: 1.1303 | Acc: 57.91%
[2025-05-31 12:29:52,694] INFO: Epoch 14 training completed
[2025-05-31 12:29:53,881] INFO: Test Loss: 1.1696 | Test Acc: 58.14%
[2025-05-31 12:29:53,983] INFO: New best accuracy: 58.14%, model saved.
[2025-05-31 12:29:54,328] INFO: Epoch 15 | Step 1/196 | Loss: 1.1732 | Acc: 56.25%
[2025-05-31 12:30:06,030] INFO: Epoch 15 | Step 101/196 | Loss: 1.0884 | Acc: 59.84%
[2025-05-31 12:30:17,081] INFO: Epoch 15 training completed
[2025-05-31 12:30:18,267] INFO: Test Loss: 1.1662 | Test Acc: 58.75%
[2025-05-31 12:30:18,371] INFO: New best accuracy: 58.75%, model saved.
[2025-05-31 12:30:18,708] INFO: Epoch 16 | Step 1/196 | Loss: 0.9937 | Acc: 64.06%
[2025-05-31 12:30:30,397] INFO: Epoch 16 | Step 101/196 | Loss: 1.0260 | Acc: 62.01%
[2025-05-31 12:30:41,453] INFO: Epoch 16 training completed
[2025-05-31 12:30:42,651] INFO: Test Loss: 1.0644 | Test Acc: 61.64%
[2025-05-31 12:30:42,757] INFO: New best accuracy: 61.64%, model saved.
[2025-05-31 12:30:43,090] INFO: Epoch 17 | Step 1/196 | Loss: 1.0643 | Acc: 58.59%
[2025-05-31 12:30:54,819] INFO: Epoch 17 | Step 101/196 | Loss: 0.9821 | Acc: 63.89%
[2025-05-31 12:31:05,875] INFO: Epoch 17 training completed
[2025-05-31 12:31:07,067] INFO: Test Loss: 1.0763 | Test Acc: 60.52%
[2025-05-31 12:31:07,417] INFO: Epoch 18 | Step 1/196 | Loss: 0.9901 | Acc: 64.06%
[2025-05-31 12:31:19,113] INFO: Epoch 18 | Step 101/196 | Loss: 0.9391 | Acc: 65.39%
[2025-05-31 12:31:30,168] INFO: Epoch 18 training completed
[2025-05-31 12:31:31,350] INFO: Test Loss: 1.0849 | Test Acc: 61.46%
[2025-05-31 12:31:31,698] INFO: Epoch 19 | Step 1/196 | Loss: 0.8931 | Acc: 65.62%
[2025-05-31 12:31:43,387] INFO: Epoch 19 | Step 101/196 | Loss: 0.9023 | Acc: 66.47%
[2025-05-31 12:31:54,444] INFO: Epoch 19 training completed
[2025-05-31 12:31:55,621] INFO: Test Loss: 0.9373 | Test Acc: 66.40%
[2025-05-31 12:31:55,725] INFO: New best accuracy: 66.40%, model saved.
[2025-05-31 12:31:56,066] INFO: Epoch 20 | Step 1/196 | Loss: 0.8533 | Acc: 69.53%
[2025-05-31 12:32:07,753] INFO: Epoch 20 | Step 101/196 | Loss: 0.8632 | Acc: 68.16%
[2025-05-31 12:32:18,851] INFO: Epoch 20 training completed
[2025-05-31 12:32:20,050] INFO: Test Loss: 0.9510 | Test Acc: 65.93%
[2025-05-31 12:32:20,396] INFO: Epoch 21 | Step 1/196 | Loss: 0.7697 | Acc: 71.09%
[2025-05-31 12:32:32,083] INFO: Epoch 21 | Step 101/196 | Loss: 0.8271 | Acc: 69.67%
[2025-05-31 12:32:43,139] INFO: Epoch 21 training completed
[2025-05-31 12:32:44,332] INFO: Test Loss: 0.8758 | Test Acc: 68.61%
[2025-05-31 12:32:44,436] INFO: New best accuracy: 68.61%, model saved.
[2025-05-31 12:32:44,775] INFO: Epoch 22 | Step 1/196 | Loss: 0.8958 | Acc: 65.62%
[2025-05-31 12:32:56,463] INFO: Epoch 22 | Step 101/196 | Loss: 0.8012 | Acc: 70.44%
[2025-05-31 12:33:07,535] INFO: Epoch 22 training completed
[2025-05-31 12:33:08,719] INFO: Test Loss: 0.8803 | Test Acc: 68.43%
[2025-05-31 12:33:09,059] INFO: Epoch 23 | Step 1/196 | Loss: 0.8428 | Acc: 68.36%
[2025-05-31 12:33:20,753] INFO: Epoch 23 | Step 101/196 | Loss: 0.7671 | Acc: 71.84%
[2025-05-31 12:33:31,809] INFO: Epoch 23 training completed
[2025-05-31 12:33:32,981] INFO: Test Loss: 1.3890 | Test Acc: 54.23%
[2025-05-31 12:33:33,338] INFO: Epoch 24 | Step 1/196 | Loss: 0.8485 | Acc: 67.97%
[2025-05-31 12:33:45,064] INFO: Epoch 24 | Step 101/196 | Loss: 0.7449 | Acc: 72.71%
[2025-05-31 12:33:56,131] INFO: Epoch 24 training completed
[2025-05-31 12:33:57,315] INFO: Test Loss: 0.8786 | Test Acc: 69.11%
[2025-05-31 12:33:57,420] INFO: New best accuracy: 69.11%, model saved.
[2025-05-31 12:33:57,777] INFO: Epoch 25 | Step 1/196 | Loss: 0.6577 | Acc: 77.34%
[2025-05-31 12:34:09,465] INFO: Epoch 25 | Step 101/196 | Loss: 0.7117 | Acc: 74.18%
[2025-05-31 12:34:20,521] INFO: Epoch 25 training completed
[2025-05-31 12:34:21,706] INFO: Test Loss: 0.7938 | Test Acc: 71.36%
[2025-05-31 12:34:21,810] INFO: New best accuracy: 71.36%, model saved.
[2025-05-31 12:34:22,154] INFO: Epoch 26 | Step 1/196 | Loss: 0.7467 | Acc: 72.66%
[2025-05-31 12:34:33,843] INFO: Epoch 26 | Step 101/196 | Loss: 0.6767 | Acc: 75.19%
[2025-05-31 12:34:44,896] INFO: Epoch 26 training completed
[2025-05-31 12:34:46,084] INFO: Test Loss: 0.8325 | Test Acc: 71.27%
[2025-05-31 12:34:46,421] INFO: Epoch 27 | Step 1/196 | Loss: 0.6162 | Acc: 76.56%
[2025-05-31 12:34:58,146] INFO: Epoch 27 | Step 101/196 | Loss: 0.6468 | Acc: 76.84%
[2025-05-31 12:35:09,205] INFO: Epoch 27 training completed
[2025-05-31 12:35:10,393] INFO: Test Loss: 0.8283 | Test Acc: 70.60%
[2025-05-31 12:35:10,739] INFO: Epoch 28 | Step 1/196 | Loss: 0.6920 | Acc: 75.39%
[2025-05-31 12:35:22,429] INFO: Epoch 28 | Step 101/196 | Loss: 0.6341 | Acc: 77.19%
[2025-05-31 12:35:33,480] INFO: Epoch 28 training completed
[2025-05-31 12:35:34,666] INFO: Test Loss: 0.8525 | Test Acc: 69.85%
[2025-05-31 12:35:35,015] INFO: Epoch 29 | Step 1/196 | Loss: 0.6399 | Acc: 76.56%
[2025-05-31 12:35:46,706] INFO: Epoch 29 | Step 101/196 | Loss: 0.6190 | Acc: 77.90%
[2025-05-31 12:35:57,765] INFO: Epoch 29 training completed
[2025-05-31 12:35:58,957] INFO: Test Loss: 1.0188 | Test Acc: 64.21%
[2025-05-31 12:35:59,299] INFO: Epoch 30 | Step 1/196 | Loss: 0.6517 | Acc: 76.17%
[2025-05-31 12:36:11,003] INFO: Epoch 30 | Step 101/196 | Loss: 0.6114 | Acc: 78.04%
[2025-05-31 12:36:22,061] INFO: Epoch 30 training completed
[2025-05-31 12:36:23,242] INFO: Test Loss: 0.9043 | Test Acc: 69.49%
[2025-05-31 12:36:23,675] INFO: Epoch 31 | Step 1/196 | Loss: 0.5721 | Acc: 82.81%
[2025-05-31 12:36:35,366] INFO: Epoch 31 | Step 101/196 | Loss: 0.5918 | Acc: 79.08%
[2025-05-31 12:36:46,428] INFO: Epoch 31 training completed
[2025-05-31 12:36:47,625] INFO: Test Loss: 0.9338 | Test Acc: 67.99%
[2025-05-31 12:36:47,963] INFO: Epoch 32 | Step 1/196 | Loss: 0.6202 | Acc: 76.95%
[2025-05-31 12:36:59,651] INFO: Epoch 32 | Step 101/196 | Loss: 0.5912 | Acc: 79.18%
[2025-05-31 12:37:10,712] INFO: Epoch 32 training completed
[2025-05-31 12:37:11,896] INFO: Test Loss: 0.9326 | Test Acc: 68.03%
[2025-05-31 12:37:12,243] INFO: Epoch 33 | Step 1/196 | Loss: 0.6348 | Acc: 76.17%
[2025-05-31 12:37:23,935] INFO: Epoch 33 | Step 101/196 | Loss: 0.5896 | Acc: 79.30%
[2025-05-31 12:37:34,989] INFO: Epoch 33 training completed
[2025-05-31 12:37:36,174] INFO: Test Loss: 0.9895 | Test Acc: 67.87%
[2025-05-31 12:37:36,514] INFO: Epoch 34 | Step 1/196 | Loss: 0.6645 | Acc: 76.95%
[2025-05-31 12:37:48,204] INFO: Epoch 34 | Step 101/196 | Loss: 0.5685 | Acc: 80.32%
[2025-05-31 12:37:59,262] INFO: Epoch 34 training completed
[2025-05-31 12:38:00,450] INFO: Test Loss: 0.9948 | Test Acc: 65.64%
[2025-05-31 12:38:00,884] INFO: Epoch 35 | Step 1/196 | Loss: 0.5749 | Acc: 79.69%
[2025-05-31 12:38:12,577] INFO: Epoch 35 | Step 101/196 | Loss: 0.5756 | Acc: 80.09%
[2025-05-31 12:38:23,635] INFO: Epoch 35 training completed
[2025-05-31 12:38:24,822] INFO: Test Loss: 0.8773 | Test Acc: 70.98%
[2025-05-31 12:38:25,169] INFO: Epoch 36 | Step 1/196 | Loss: 0.5097 | Acc: 81.64%
[2025-05-31 12:38:36,859] INFO: Epoch 36 | Step 101/196 | Loss: 0.5687 | Acc: 80.16%
[2025-05-31 12:38:47,919] INFO: Epoch 36 training completed
[2025-05-31 12:38:49,115] INFO: Test Loss: 1.1784 | Test Acc: 60.89%
[2025-05-31 12:38:49,459] INFO: Epoch 37 | Step 1/196 | Loss: 0.5740 | Acc: 80.08%
[2025-05-31 12:39:01,147] INFO: Epoch 37 | Step 101/196 | Loss: 0.5605 | Acc: 80.41%
[2025-05-31 12:39:12,216] INFO: Epoch 37 training completed
[2025-05-31 12:39:13,404] INFO: Test Loss: 0.9647 | Test Acc: 68.17%
[2025-05-31 12:39:13,759] INFO: Epoch 38 | Step 1/196 | Loss: 0.6495 | Acc: 75.39%
[2025-05-31 12:39:25,449] INFO: Epoch 38 | Step 101/196 | Loss: 0.5626 | Acc: 80.73%
[2025-05-31 12:39:36,505] INFO: Epoch 38 training completed
[2025-05-31 12:39:37,688] INFO: Test Loss: 0.8301 | Test Acc: 72.55%
[2025-05-31 12:39:37,790] INFO: New best accuracy: 72.55%, model saved.
[2025-05-31 12:39:38,222] INFO: Epoch 39 | Step 1/196 | Loss: 0.6201 | Acc: 77.34%
[2025-05-31 12:39:49,911] INFO: Epoch 39 | Step 101/196 | Loss: 0.5577 | Acc: 80.71%
[2025-05-31 12:40:00,968] INFO: Epoch 39 training completed
[2025-05-31 12:40:02,149] INFO: Test Loss: 0.8905 | Test Acc: 69.46%
[2025-05-31 12:40:02,493] INFO: Epoch 40 | Step 1/196 | Loss: 0.6480 | Acc: 80.08%
[2025-05-31 12:40:14,187] INFO: Epoch 40 | Step 101/196 | Loss: 0.5555 | Acc: 80.96%
[2025-05-31 12:40:25,243] INFO: Epoch 40 training completed
[2025-05-31 12:40:26,435] INFO: Test Loss: 0.7344 | Test Acc: 75.29%
[2025-05-31 12:40:26,539] INFO: New best accuracy: 75.29%, model saved.
[2025-05-31 12:40:26,905] INFO: Epoch 41 | Step 1/196 | Loss: 0.5657 | Acc: 76.95%
[2025-05-31 12:40:38,592] INFO: Epoch 41 | Step 101/196 | Loss: 0.5708 | Acc: 80.22%
[2025-05-31 12:40:49,651] INFO: Epoch 41 training completed
[2025-05-31 12:40:50,831] INFO: Test Loss: 0.9197 | Test Acc: 69.04%
[2025-05-31 12:40:51,188] INFO: Epoch 42 | Step 1/196 | Loss: 0.6314 | Acc: 76.95%
[2025-05-31 12:41:02,880] INFO: Epoch 42 | Step 101/196 | Loss: 0.5596 | Acc: 80.62%
[2025-05-31 12:41:13,939] INFO: Epoch 42 training completed
[2025-05-31 12:41:15,128] INFO: Test Loss: 0.8653 | Test Acc: 71.51%
[2025-05-31 12:41:15,558] INFO: Epoch 43 | Step 1/196 | Loss: 0.5939 | Acc: 78.91%
[2025-05-31 12:41:27,251] INFO: Epoch 43 | Step 101/196 | Loss: 0.5702 | Acc: 80.35%
[2025-05-31 12:41:38,308] INFO: Epoch 43 training completed
[2025-05-31 12:41:39,500] INFO: Test Loss: 0.6798 | Test Acc: 76.94%
[2025-05-31 12:41:39,604] INFO: New best accuracy: 76.94%, model saved.
[2025-05-31 12:41:39,943] INFO: Epoch 44 | Step 1/196 | Loss: 0.5401 | Acc: 81.64%
[2025-05-31 12:41:51,633] INFO: Epoch 44 | Step 101/196 | Loss: 0.5622 | Acc: 80.56%
[2025-05-31 12:42:02,696] INFO: Epoch 44 training completed
[2025-05-31 12:42:03,875] INFO: Test Loss: 0.7311 | Test Acc: 75.78%
[2025-05-31 12:42:04,225] INFO: Epoch 45 | Step 1/196 | Loss: 0.5943 | Acc: 79.69%
[2025-05-31 12:42:15,929] INFO: Epoch 45 | Step 101/196 | Loss: 0.5619 | Acc: 80.77%
[2025-05-31 12:42:26,990] INFO: Epoch 45 training completed
[2025-05-31 12:42:28,191] INFO: Test Loss: 1.1414 | Test Acc: 62.41%
[2025-05-31 12:42:28,536] INFO: Epoch 46 | Step 1/196 | Loss: 0.5102 | Acc: 81.25%
[2025-05-31 12:42:40,236] INFO: Epoch 46 | Step 101/196 | Loss: 0.5548 | Acc: 81.34%
[2025-05-31 12:42:51,309] INFO: Epoch 46 training completed
[2025-05-31 12:42:52,488] INFO: Test Loss: 1.3131 | Test Acc: 59.46%
[2025-05-31 12:42:52,917] INFO: Epoch 47 | Step 1/196 | Loss: 0.5131 | Acc: 83.98%
[2025-05-31 12:43:04,631] INFO: Epoch 47 | Step 101/196 | Loss: 0.5687 | Acc: 80.52%
[2025-05-31 12:43:15,705] INFO: Epoch 47 training completed
[2025-05-31 12:43:16,901] INFO: Test Loss: 1.0644 | Test Acc: 64.50%
[2025-05-31 12:43:17,248] INFO: Epoch 48 | Step 1/196 | Loss: 0.5685 | Acc: 80.47%
[2025-05-31 12:43:28,957] INFO: Epoch 48 | Step 101/196 | Loss: 0.5638 | Acc: 80.86%
[2025-05-31 12:43:40,032] INFO: Epoch 48 training completed
[2025-05-31 12:43:41,212] INFO: Test Loss: 1.6120 | Test Acc: 54.40%
[2025-05-31 12:43:41,563] INFO: Epoch 49 | Step 1/196 | Loss: 0.5817 | Acc: 79.30%
[2025-05-31 12:43:53,266] INFO: Epoch 49 | Step 101/196 | Loss: 0.5587 | Acc: 81.17%
[2025-05-31 12:44:04,343] INFO: Epoch 49 training completed
[2025-05-31 12:44:05,531] INFO: Test Loss: 0.7980 | Test Acc: 72.77%
[2025-05-31 12:44:05,881] INFO: Epoch 50 | Step 1/196 | Loss: 0.6156 | Acc: 78.12%
[2025-05-31 12:44:17,586] INFO: Epoch 50 | Step 101/196 | Loss: 0.5526 | Acc: 80.99%
[2025-05-31 12:44:28,668] INFO: Epoch 50 training completed
[2025-05-31 12:44:29,859] INFO: Test Loss: 1.2013 | Test Acc: 60.48%
[2025-05-31 12:44:30,199] INFO: Epoch 51 | Step 1/196 | Loss: 0.5258 | Acc: 83.20%
[2025-05-31 12:44:41,942] INFO: Epoch 51 | Step 101/196 | Loss: 0.5604 | Acc: 80.90%
[2025-05-31 12:44:53,016] INFO: Epoch 51 training completed
[2025-05-31 12:44:54,198] INFO: Test Loss: 1.0652 | Test Acc: 62.94%
[2025-05-31 12:44:54,542] INFO: Epoch 52 | Step 1/196 | Loss: 0.6663 | Acc: 76.56%
[2025-05-31 12:45:06,251] INFO: Epoch 52 | Step 101/196 | Loss: 0.5550 | Acc: 80.86%
[2025-05-31 12:45:17,334] INFO: Epoch 52 training completed
[2025-05-31 12:45:18,521] INFO: Test Loss: 1.2079 | Test Acc: 60.89%
[2025-05-31 12:45:18,866] INFO: Epoch 53 | Step 1/196 | Loss: 0.5657 | Acc: 80.86%
[2025-05-31 12:45:30,571] INFO: Epoch 53 | Step 101/196 | Loss: 0.5636 | Acc: 80.81%
[2025-05-31 12:45:41,649] INFO: Epoch 53 training completed
[2025-05-31 12:45:42,839] INFO: Test Loss: 0.8546 | Test Acc: 71.41%
[2025-05-31 12:45:43,198] INFO: Epoch 54 | Step 1/196 | Loss: 0.4777 | Acc: 85.55%
[2025-05-31 12:45:54,905] INFO: Epoch 54 | Step 101/196 | Loss: 0.5554 | Acc: 81.07%
[2025-05-31 12:46:05,981] INFO: Epoch 54 training completed
[2025-05-31 12:46:07,172] INFO: Test Loss: 1.2365 | Test Acc: 60.56%
[2025-05-31 12:46:07,617] INFO: Epoch 55 | Step 1/196 | Loss: 0.5926 | Acc: 79.69%
[2025-05-31 12:46:19,328] INFO: Epoch 55 | Step 101/196 | Loss: 0.5623 | Acc: 80.56%
[2025-05-31 12:46:30,401] INFO: Epoch 55 training completed
[2025-05-31 12:46:31,583] INFO: Test Loss: 0.8758 | Test Acc: 70.68%
[2025-05-31 12:46:31,926] INFO: Epoch 56 | Step 1/196 | Loss: 0.6442 | Acc: 80.08%
[2025-05-31 12:46:43,631] INFO: Epoch 56 | Step 101/196 | Loss: 0.5556 | Acc: 81.33%
[2025-05-31 12:46:54,703] INFO: Epoch 56 training completed
[2025-05-31 12:46:55,892] INFO: Test Loss: 0.8113 | Test Acc: 73.84%
[2025-05-31 12:46:56,230] INFO: Epoch 57 | Step 1/196 | Loss: 0.5241 | Acc: 82.81%
[2025-05-31 12:47:07,941] INFO: Epoch 57 | Step 101/196 | Loss: 0.5593 | Acc: 80.87%
[2025-05-31 12:47:19,016] INFO: Epoch 57 training completed
[2025-05-31 12:47:20,206] INFO: Test Loss: 0.8010 | Test Acc: 73.59%
[2025-05-31 12:47:20,556] INFO: Epoch 58 | Step 1/196 | Loss: 0.5443 | Acc: 80.08%
[2025-05-31 12:47:32,259] INFO: Epoch 58 | Step 101/196 | Loss: 0.5516 | Acc: 80.99%
[2025-05-31 12:47:43,333] INFO: Epoch 58 training completed
[2025-05-31 12:47:44,530] INFO: Test Loss: 0.9467 | Test Acc: 66.43%
[2025-05-31 12:47:44,963] INFO: Epoch 59 | Step 1/196 | Loss: 0.5174 | Acc: 82.42%
[2025-05-31 12:47:56,665] INFO: Epoch 59 | Step 101/196 | Loss: 0.5545 | Acc: 80.88%
[2025-05-31 12:48:07,742] INFO: Epoch 59 training completed
[2025-05-31 12:48:08,937] INFO: Test Loss: 0.7805 | Test Acc: 73.57%
[2025-05-31 12:48:09,299] INFO: Epoch 60 | Step 1/196 | Loss: 0.5743 | Acc: 77.34%
[2025-05-31 12:48:21,020] INFO: Epoch 60 | Step 101/196 | Loss: 0.5501 | Acc: 81.16%
[2025-05-31 12:48:32,096] INFO: Epoch 60 training completed
[2025-05-31 12:48:33,282] INFO: Test Loss: 0.8242 | Test Acc: 73.09%
[2025-05-31 12:48:33,631] INFO: Epoch 61 | Step 1/196 | Loss: 0.4578 | Acc: 83.59%
[2025-05-31 12:48:45,336] INFO: Epoch 61 | Step 101/196 | Loss: 0.5577 | Acc: 80.92%
[2025-05-31 12:48:56,410] INFO: Epoch 61 training completed
[2025-05-31 12:48:57,609] INFO: Test Loss: 0.9573 | Test Acc: 68.78%
[2025-05-31 12:48:57,961] INFO: Epoch 62 | Step 1/196 | Loss: 0.6258 | Acc: 77.34%
[2025-05-31 12:49:09,672] INFO: Epoch 62 | Step 101/196 | Loss: 0.5543 | Acc: 81.28%
[2025-05-31 12:49:20,748] INFO: Epoch 62 training completed
[2025-05-31 12:49:21,935] INFO: Test Loss: 1.1276 | Test Acc: 63.17%
[2025-05-31 12:49:22,377] INFO: Epoch 63 | Step 1/196 | Loss: 0.5717 | Acc: 81.25%
[2025-05-31 12:49:34,081] INFO: Epoch 63 | Step 101/196 | Loss: 0.5455 | Acc: 81.54%
[2025-05-31 12:49:45,153] INFO: Epoch 63 training completed
[2025-05-31 12:49:46,336] INFO: Test Loss: 0.9911 | Test Acc: 67.95%
[2025-05-31 12:49:46,687] INFO: Epoch 64 | Step 1/196 | Loss: 0.5261 | Acc: 80.47%
[2025-05-31 12:49:58,392] INFO: Epoch 64 | Step 101/196 | Loss: 0.5413 | Acc: 81.59%
[2025-05-31 12:50:09,466] INFO: Epoch 64 training completed
[2025-05-31 12:50:10,662] INFO: Test Loss: 0.7493 | Test Acc: 75.23%
[2025-05-31 12:50:11,008] INFO: Epoch 65 | Step 1/196 | Loss: 0.5171 | Acc: 81.25%
[2025-05-31 12:50:22,716] INFO: Epoch 65 | Step 101/196 | Loss: 0.5423 | Acc: 81.51%
[2025-05-31 12:50:33,787] INFO: Epoch 65 training completed
[2025-05-31 12:50:34,970] INFO: Test Loss: 1.0132 | Test Acc: 66.34%
[2025-05-31 12:50:35,334] INFO: Epoch 66 | Step 1/196 | Loss: 0.5815 | Acc: 81.64%
[2025-05-31 12:50:47,041] INFO: Epoch 66 | Step 101/196 | Loss: 0.5483 | Acc: 81.28%
[2025-05-31 12:50:58,153] INFO: Epoch 66 training completed
[2025-05-31 12:50:59,334] INFO: Test Loss: 0.8299 | Test Acc: 73.11%
[2025-05-31 12:50:59,673] INFO: Epoch 67 | Step 1/196 | Loss: 0.4894 | Acc: 83.59%
[2025-05-31 12:51:11,386] INFO: Epoch 67 | Step 101/196 | Loss: 0.5433 | Acc: 81.35%
[2025-05-31 12:51:22,475] INFO: Epoch 67 training completed
[2025-05-31 12:51:23,666] INFO: Test Loss: 0.9391 | Test Acc: 68.80%
[2025-05-31 12:51:24,026] INFO: Epoch 68 | Step 1/196 | Loss: 0.6818 | Acc: 77.34%
[2025-05-31 12:51:35,734] INFO: Epoch 68 | Step 101/196 | Loss: 0.5406 | Acc: 81.48%
[2025-05-31 12:51:46,809] INFO: Epoch 68 training completed
[2025-05-31 12:51:47,995] INFO: Test Loss: 1.0031 | Test Acc: 68.33%
[2025-05-31 12:51:48,339] INFO: Epoch 69 | Step 1/196 | Loss: 0.5213 | Acc: 81.64%
[2025-05-31 12:52:00,044] INFO: Epoch 69 | Step 101/196 | Loss: 0.5458 | Acc: 81.27%
[2025-05-31 12:52:11,115] INFO: Epoch 69 training completed
[2025-05-31 12:52:12,309] INFO: Test Loss: 0.9962 | Test Acc: 67.31%
[2025-05-31 12:52:12,649] INFO: Epoch 70 | Step 1/196 | Loss: 0.4450 | Acc: 85.16%
[2025-05-31 12:52:24,395] INFO: Epoch 70 | Step 101/196 | Loss: 0.5396 | Acc: 81.42%
[2025-05-31 12:52:35,467] INFO: Epoch 70 training completed
[2025-05-31 12:52:36,645] INFO: Test Loss: 1.0685 | Test Acc: 63.93%
[2025-05-31 12:52:36,986] INFO: Epoch 71 | Step 1/196 | Loss: 0.5972 | Acc: 78.52%
[2025-05-31 12:52:48,692] INFO: Epoch 71 | Step 101/196 | Loss: 0.5385 | Acc: 81.70%
[2025-05-31 12:52:59,762] INFO: Epoch 71 training completed
[2025-05-31 12:53:00,958] INFO: Test Loss: 1.0224 | Test Acc: 67.09%
[2025-05-31 12:53:01,308] INFO: Epoch 72 | Step 1/196 | Loss: 0.5832 | Acc: 80.47%
[2025-05-31 12:53:13,016] INFO: Epoch 72 | Step 101/196 | Loss: 0.5338 | Acc: 81.63%
[2025-05-31 12:53:24,089] INFO: Epoch 72 training completed
[2025-05-31 12:53:25,271] INFO: Test Loss: 1.0587 | Test Acc: 65.29%
[2025-05-31 12:53:25,610] INFO: Epoch 73 | Step 1/196 | Loss: 0.5614 | Acc: 80.47%
[2025-05-31 12:53:37,335] INFO: Epoch 73 | Step 101/196 | Loss: 0.5329 | Acc: 81.86%
[2025-05-31 12:53:48,406] INFO: Epoch 73 training completed
[2025-05-31 12:53:49,593] INFO: Test Loss: 0.9090 | Test Acc: 69.73%
[2025-05-31 12:53:49,936] INFO: Epoch 74 | Step 1/196 | Loss: 0.4856 | Acc: 85.16%
[2025-05-31 12:54:01,688] INFO: Epoch 74 | Step 101/196 | Loss: 0.5277 | Acc: 81.91%
[2025-05-31 12:54:12,764] INFO: Epoch 74 training completed
[2025-05-31 12:54:13,965] INFO: Test Loss: 0.9333 | Test Acc: 70.73%
[2025-05-31 12:54:14,330] INFO: Epoch 75 | Step 1/196 | Loss: 0.5956 | Acc: 78.52%
[2025-05-31 12:54:26,039] INFO: Epoch 75 | Step 101/196 | Loss: 0.5234 | Acc: 82.14%
[2025-05-31 12:54:37,119] INFO: Epoch 75 training completed
[2025-05-31 12:54:38,311] INFO: Test Loss: 0.7661 | Test Acc: 74.79%
[2025-05-31 12:54:38,666] INFO: Epoch 76 | Step 1/196 | Loss: 0.6081 | Acc: 78.12%
[2025-05-31 12:54:50,370] INFO: Epoch 76 | Step 101/196 | Loss: 0.5309 | Acc: 81.89%
[2025-05-31 12:55:01,447] INFO: Epoch 76 training completed
[2025-05-31 12:55:02,635] INFO: Test Loss: 1.0298 | Test Acc: 68.99%
[2025-05-31 12:55:02,998] INFO: Epoch 77 | Step 1/196 | Loss: 0.5422 | Acc: 80.47%
[2025-05-31 12:55:14,699] INFO: Epoch 77 | Step 101/196 | Loss: 0.5227 | Acc: 82.31%
[2025-05-31 12:55:25,771] INFO: Epoch 77 training completed
[2025-05-31 12:55:26,957] INFO: Test Loss: 1.0520 | Test Acc: 66.99%
[2025-05-31 12:55:27,411] INFO: Epoch 78 | Step 1/196 | Loss: 0.4423 | Acc: 86.33%
[2025-05-31 12:55:39,099] INFO: Epoch 78 | Step 101/196 | Loss: 0.5168 | Acc: 82.51%
[2025-05-31 12:55:50,168] INFO: Epoch 78 training completed
[2025-05-31 12:55:51,353] INFO: Test Loss: 1.1350 | Test Acc: 65.79%
[2025-05-31 12:55:51,697] INFO: Epoch 79 | Step 1/196 | Loss: 0.5229 | Acc: 82.42%
[2025-05-31 12:56:03,417] INFO: Epoch 79 | Step 101/196 | Loss: 0.5192 | Acc: 82.34%
[2025-05-31 12:56:14,490] INFO: Epoch 79 training completed
[2025-05-31 12:56:15,689] INFO: Test Loss: 0.9009 | Test Acc: 70.51%
[2025-05-31 12:56:16,031] INFO: Epoch 80 | Step 1/196 | Loss: 0.5023 | Acc: 83.98%
[2025-05-31 12:56:27,738] INFO: Epoch 80 | Step 101/196 | Loss: 0.5209 | Acc: 82.22%
[2025-05-31 12:56:38,817] INFO: Epoch 80 training completed
[2025-05-31 12:56:40,004] INFO: Test Loss: 1.5154 | Test Acc: 55.02%
[2025-05-31 12:56:40,353] INFO: Epoch 81 | Step 1/196 | Loss: 0.5135 | Acc: 83.59%
[2025-05-31 12:56:52,058] INFO: Epoch 81 | Step 101/196 | Loss: 0.5278 | Acc: 81.93%
[2025-05-31 12:57:03,134] INFO: Epoch 81 training completed
[2025-05-31 12:57:04,316] INFO: Test Loss: 0.9080 | Test Acc: 70.27%
[2025-05-31 12:57:04,751] INFO: Epoch 82 | Step 1/196 | Loss: 0.6225 | Acc: 78.12%
[2025-05-31 12:57:16,465] INFO: Epoch 82 | Step 101/196 | Loss: 0.5166 | Acc: 82.15%
[2025-05-31 12:57:27,545] INFO: Epoch 82 training completed
[2025-05-31 12:57:28,755] INFO: Test Loss: 1.2682 | Test Acc: 59.72%
[2025-05-31 12:57:29,101] INFO: Epoch 83 | Step 1/196 | Loss: 0.5695 | Acc: 79.69%
[2025-05-31 12:57:40,807] INFO: Epoch 83 | Step 101/196 | Loss: 0.5069 | Acc: 82.73%
[2025-05-31 12:57:51,881] INFO: Epoch 83 training completed
[2025-05-31 12:57:53,070] INFO: Test Loss: 1.0819 | Test Acc: 64.90%
[2025-05-31 12:57:53,422] INFO: Epoch 84 | Step 1/196 | Loss: 0.5236 | Acc: 82.03%
[2025-05-31 12:58:05,133] INFO: Epoch 84 | Step 101/196 | Loss: 0.5130 | Acc: 82.75%
[2025-05-31 12:58:16,216] INFO: Epoch 84 training completed
[2025-05-31 12:58:17,410] INFO: Test Loss: 1.0396 | Test Acc: 65.25%
[2025-05-31 12:58:17,765] INFO: Epoch 85 | Step 1/196 | Loss: 0.4380 | Acc: 86.33%
[2025-05-31 12:58:29,471] INFO: Epoch 85 | Step 101/196 | Loss: 0.5161 | Acc: 82.43%
[2025-05-31 12:58:40,544] INFO: Epoch 85 training completed
[2025-05-31 12:58:41,734] INFO: Test Loss: 0.7564 | Test Acc: 74.27%
[2025-05-31 12:58:42,177] INFO: Epoch 86 | Step 1/196 | Loss: 0.5216 | Acc: 80.86%
[2025-05-31 12:58:53,879] INFO: Epoch 86 | Step 101/196 | Loss: 0.5158 | Acc: 82.41%
[2025-05-31 12:59:04,956] INFO: Epoch 86 training completed
[2025-05-31 12:59:06,141] INFO: Test Loss: 1.1071 | Test Acc: 67.79%
[2025-05-31 12:59:06,492] INFO: Epoch 87 | Step 1/196 | Loss: 0.5452 | Acc: 80.47%
[2025-05-31 12:59:18,199] INFO: Epoch 87 | Step 101/196 | Loss: 0.5135 | Acc: 82.56%
[2025-05-31 12:59:29,273] INFO: Epoch 87 training completed
[2025-05-31 12:59:30,465] INFO: Test Loss: 0.9122 | Test Acc: 69.52%
[2025-05-31 12:59:30,829] INFO: Epoch 88 | Step 1/196 | Loss: 0.5506 | Acc: 83.59%
[2025-05-31 12:59:42,536] INFO: Epoch 88 | Step 101/196 | Loss: 0.5073 | Acc: 82.72%
[2025-05-31 12:59:53,609] INFO: Epoch 88 training completed
[2025-05-31 12:59:54,798] INFO: Test Loss: 0.7153 | Test Acc: 76.34%
[2025-05-31 12:59:55,151] INFO: Epoch 89 | Step 1/196 | Loss: 0.5189 | Acc: 82.42%
[2025-05-31 13:00:06,861] INFO: Epoch 89 | Step 101/196 | Loss: 0.5077 | Acc: 82.80%
[2025-05-31 13:00:17,951] INFO: Epoch 89 training completed
[2025-05-31 13:00:19,137] INFO: Test Loss: 1.3394 | Test Acc: 59.39%
[2025-05-31 13:00:19,585] INFO: Epoch 90 | Step 1/196 | Loss: 0.6743 | Acc: 76.56%
[2025-05-31 13:00:31,303] INFO: Epoch 90 | Step 101/196 | Loss: 0.5128 | Acc: 82.54%
[2025-05-31 13:00:42,387] INFO: Epoch 90 training completed
[2025-05-31 13:00:43,575] INFO: Test Loss: 0.8698 | Test Acc: 71.23%
[2025-05-31 13:00:43,923] INFO: Epoch 91 | Step 1/196 | Loss: 0.5903 | Acc: 82.42%
[2025-05-31 13:00:55,632] INFO: Epoch 91 | Step 101/196 | Loss: 0.5116 | Acc: 82.41%
[2025-05-31 13:01:06,705] INFO: Epoch 91 training completed
[2025-05-31 13:01:07,889] INFO: Test Loss: 0.8822 | Test Acc: 70.90%
[2025-05-31 13:01:08,234] INFO: Epoch 92 | Step 1/196 | Loss: 0.4775 | Acc: 82.81%
[2025-05-31 13:01:19,944] INFO: Epoch 92 | Step 101/196 | Loss: 0.5026 | Acc: 83.00%
[2025-05-31 13:01:31,017] INFO: Epoch 92 training completed
[2025-05-31 13:01:32,219] INFO: Test Loss: 0.8014 | Test Acc: 72.56%
[2025-05-31 13:01:32,564] INFO: Epoch 93 | Step 1/196 | Loss: 0.4848 | Acc: 83.20%
[2025-05-31 13:01:44,272] INFO: Epoch 93 | Step 101/196 | Loss: 0.4984 | Acc: 82.96%
[2025-05-31 13:01:55,348] INFO: Epoch 93 training completed
[2025-05-31 13:01:56,543] INFO: Test Loss: 1.0319 | Test Acc: 67.21%
[2025-05-31 13:01:56,976] INFO: Epoch 94 | Step 1/196 | Loss: 0.5117 | Acc: 83.98%
[2025-05-31 13:02:08,691] INFO: Epoch 94 | Step 101/196 | Loss: 0.5145 | Acc: 82.46%
[2025-05-31 13:02:19,767] INFO: Epoch 94 training completed
[2025-05-31 13:02:20,967] INFO: Test Loss: 0.6745 | Test Acc: 77.37%
[2025-05-31 13:02:21,072] INFO: New best accuracy: 77.37%, model saved.
[2025-05-31 13:02:21,427] INFO: Epoch 95 | Step 1/196 | Loss: 0.5097 | Acc: 82.03%
[2025-05-31 13:02:33,133] INFO: Epoch 95 | Step 101/196 | Loss: 0.5025 | Acc: 82.94%
[2025-05-31 13:02:44,211] INFO: Epoch 95 training completed
[2025-05-31 13:02:45,401] INFO: Test Loss: 0.8747 | Test Acc: 71.58%
[2025-05-31 13:02:45,750] INFO: Epoch 96 | Step 1/196 | Loss: 0.4967 | Acc: 83.98%
[2025-05-31 13:02:57,456] INFO: Epoch 96 | Step 101/196 | Loss: 0.4938 | Acc: 83.30%
[2025-05-31 13:03:08,530] INFO: Epoch 96 training completed
[2025-05-31 13:03:09,717] INFO: Test Loss: 0.7615 | Test Acc: 75.77%
[2025-05-31 13:03:10,084] INFO: Epoch 97 | Step 1/196 | Loss: 0.4281 | Acc: 86.33%
[2025-05-31 13:03:21,800] INFO: Epoch 97 | Step 101/196 | Loss: 0.4964 | Acc: 83.18%
[2025-05-31 13:03:32,873] INFO: Epoch 97 training completed
[2025-05-31 13:03:34,051] INFO: Test Loss: 0.7288 | Test Acc: 75.97%
[2025-05-31 13:03:34,496] INFO: Epoch 98 | Step 1/196 | Loss: 0.5296 | Acc: 83.98%
[2025-05-31 13:03:46,199] INFO: Epoch 98 | Step 101/196 | Loss: 0.5030 | Acc: 82.89%
[2025-05-31 13:03:57,274] INFO: Epoch 98 training completed
[2025-05-31 13:03:58,468] INFO: Test Loss: 0.7403 | Test Acc: 75.21%
[2025-05-31 13:03:58,812] INFO: Epoch 99 | Step 1/196 | Loss: 0.5303 | Acc: 82.03%
[2025-05-31 13:04:10,527] INFO: Epoch 99 | Step 101/196 | Loss: 0.4878 | Acc: 83.67%
[2025-05-31 13:04:21,609] INFO: Epoch 99 training completed
[2025-05-31 13:04:22,811] INFO: Test Loss: 0.9219 | Test Acc: 71.50%
[2025-05-31 13:04:23,154] INFO: Epoch 100 | Step 1/196 | Loss: 0.4324 | Acc: 83.98%
[2025-05-31 13:04:34,862] INFO: Epoch 100 | Step 101/196 | Loss: 0.4915 | Acc: 83.38%
[2025-05-31 13:04:45,936] INFO: Epoch 100 training completed
[2025-05-31 13:04:47,128] INFO: Test Loss: 0.8070 | Test Acc: 74.05%
[2025-05-31 13:04:47,480] INFO: Epoch 101 | Step 1/196 | Loss: 0.4907 | Acc: 85.16%
[2025-05-31 13:04:59,189] INFO: Epoch 101 | Step 101/196 | Loss: 0.4933 | Acc: 83.23%
[2025-05-31 13:05:10,265] INFO: Epoch 101 training completed
[2025-05-31 13:05:11,455] INFO: Test Loss: 0.7445 | Test Acc: 75.50%
[2025-05-31 13:05:11,900] INFO: Epoch 102 | Step 1/196 | Loss: 0.5061 | Acc: 83.59%
[2025-05-31 13:05:23,608] INFO: Epoch 102 | Step 101/196 | Loss: 0.4822 | Acc: 83.76%
[2025-05-31 13:05:34,693] INFO: Epoch 102 training completed
[2025-05-31 13:05:35,883] INFO: Test Loss: 1.4648 | Test Acc: 59.71%
[2025-05-31 13:05:36,237] INFO: Epoch 103 | Step 1/196 | Loss: 0.5196 | Acc: 84.77%
[2025-05-31 13:05:47,956] INFO: Epoch 103 | Step 101/196 | Loss: 0.4910 | Acc: 83.19%
[2025-05-31 13:05:59,037] INFO: Epoch 103 training completed
[2025-05-31 13:06:00,230] INFO: Test Loss: 0.7651 | Test Acc: 75.34%
[2025-05-31 13:06:00,590] INFO: Epoch 104 | Step 1/196 | Loss: 0.3916 | Acc: 88.28%
[2025-05-31 13:06:12,300] INFO: Epoch 104 | Step 101/196 | Loss: 0.4859 | Acc: 83.30%
[2025-05-31 13:06:23,390] INFO: Epoch 104 training completed
[2025-05-31 13:06:24,579] INFO: Test Loss: 0.7004 | Test Acc: 76.87%
[2025-05-31 13:06:24,929] INFO: Epoch 105 | Step 1/196 | Loss: 0.4031 | Acc: 88.28%
[2025-05-31 13:06:36,642] INFO: Epoch 105 | Step 101/196 | Loss: 0.4849 | Acc: 83.65%
[2025-05-31 13:06:47,720] INFO: Epoch 105 training completed
[2025-05-31 13:06:48,909] INFO: Test Loss: 0.8277 | Test Acc: 72.21%
[2025-05-31 13:06:49,323] INFO: Epoch 106 | Step 1/196 | Loss: 0.4708 | Acc: 82.81%
[2025-05-31 13:07:01,036] INFO: Epoch 106 | Step 101/196 | Loss: 0.4776 | Acc: 83.95%
[2025-05-31 13:07:12,114] INFO: Epoch 106 training completed
[2025-05-31 13:07:13,305] INFO: Test Loss: 0.8965 | Test Acc: 70.83%
[2025-05-31 13:07:13,669] INFO: Epoch 107 | Step 1/196 | Loss: 0.4346 | Acc: 85.94%
[2025-05-31 13:07:25,384] INFO: Epoch 107 | Step 101/196 | Loss: 0.4791 | Acc: 83.85%
[2025-05-31 13:07:36,465] INFO: Epoch 107 training completed
[2025-05-31 13:07:37,645] INFO: Test Loss: 0.9786 | Test Acc: 67.51%
[2025-05-31 13:07:37,998] INFO: Epoch 108 | Step 1/196 | Loss: 0.5692 | Acc: 80.08%
[2025-05-31 13:07:49,713] INFO: Epoch 108 | Step 101/196 | Loss: 0.4702 | Acc: 84.03%
[2025-05-31 13:08:00,791] INFO: Epoch 108 training completed
[2025-05-31 13:08:01,976] INFO: Test Loss: 1.1276 | Test Acc: 65.12%
[2025-05-31 13:08:02,323] INFO: Epoch 109 | Step 1/196 | Loss: 0.5104 | Acc: 82.81%
[2025-05-31 13:08:14,032] INFO: Epoch 109 | Step 101/196 | Loss: 0.4696 | Acc: 84.36%
[2025-05-31 13:08:25,112] INFO: Epoch 109 training completed
[2025-05-31 13:08:26,303] INFO: Test Loss: 0.7566 | Test Acc: 75.92%
[2025-05-31 13:08:26,744] INFO: Epoch 110 | Step 1/196 | Loss: 0.5779 | Acc: 82.81%
[2025-05-31 13:08:38,467] INFO: Epoch 110 | Step 101/196 | Loss: 0.4655 | Acc: 84.21%
[2025-05-31 13:08:49,543] INFO: Epoch 110 training completed
[2025-05-31 13:08:50,735] INFO: Test Loss: 0.6501 | Test Acc: 78.14%
[2025-05-31 13:08:50,838] INFO: New best accuracy: 78.14%, model saved.
[2025-05-31 13:08:51,180] INFO: Epoch 111 | Step 1/196 | Loss: 0.4420 | Acc: 84.77%
[2025-05-31 13:09:02,890] INFO: Epoch 111 | Step 101/196 | Loss: 0.4600 | Acc: 84.45%
[2025-05-31 13:09:13,967] INFO: Epoch 111 training completed
[2025-05-31 13:09:15,152] INFO: Test Loss: 0.7616 | Test Acc: 74.65%
[2025-05-31 13:09:15,509] INFO: Epoch 112 | Step 1/196 | Loss: 0.4496 | Acc: 84.77%
[2025-05-31 13:09:27,238] INFO: Epoch 112 | Step 101/196 | Loss: 0.4640 | Acc: 84.29%
[2025-05-31 13:09:38,314] INFO: Epoch 112 training completed
[2025-05-31 13:09:39,500] INFO: Test Loss: 0.6869 | Test Acc: 77.04%
[2025-05-31 13:09:39,848] INFO: Epoch 113 | Step 1/196 | Loss: 0.5274 | Acc: 82.81%
[2025-05-31 13:09:51,560] INFO: Epoch 113 | Step 101/196 | Loss: 0.4630 | Acc: 84.34%
[2025-05-31 13:10:02,640] INFO: Epoch 113 training completed
[2025-05-31 13:10:03,829] INFO: Test Loss: 1.0687 | Test Acc: 65.52%
[2025-05-31 13:10:04,263] INFO: Epoch 114 | Step 1/196 | Loss: 0.4396 | Acc: 83.59%
[2025-05-31 13:10:15,971] INFO: Epoch 114 | Step 101/196 | Loss: 0.4555 | Acc: 84.60%
[2025-05-31 13:10:27,051] INFO: Epoch 114 training completed
[2025-05-31 13:10:28,234] INFO: Test Loss: 0.7501 | Test Acc: 75.79%
[2025-05-31 13:10:28,584] INFO: Epoch 115 | Step 1/196 | Loss: 0.4874 | Acc: 82.81%
[2025-05-31 13:10:40,295] INFO: Epoch 115 | Step 101/196 | Loss: 0.4598 | Acc: 84.54%
[2025-05-31 13:10:51,374] INFO: Epoch 115 training completed
[2025-05-31 13:10:52,567] INFO: Test Loss: 0.6725 | Test Acc: 77.92%
[2025-05-31 13:10:52,902] INFO: Epoch 116 | Step 1/196 | Loss: 0.4982 | Acc: 82.42%
[2025-05-31 13:11:04,609] INFO: Epoch 116 | Step 101/196 | Loss: 0.4566 | Acc: 84.56%
[2025-05-31 13:11:15,681] INFO: Epoch 116 training completed
[2025-05-31 13:11:16,866] INFO: Test Loss: 0.7265 | Test Acc: 75.98%
[2025-05-31 13:11:17,214] INFO: Epoch 117 | Step 1/196 | Loss: 0.5474 | Acc: 81.64%
[2025-05-31 13:11:28,921] INFO: Epoch 117 | Step 101/196 | Loss: 0.4557 | Acc: 84.59%
[2025-05-31 13:11:40,000] INFO: Epoch 117 training completed
[2025-05-31 13:11:41,188] INFO: Test Loss: 0.9075 | Test Acc: 71.20%
[2025-05-31 13:11:41,626] INFO: Epoch 118 | Step 1/196 | Loss: 0.4285 | Acc: 83.98%
[2025-05-31 13:11:53,333] INFO: Epoch 118 | Step 101/196 | Loss: 0.4515 | Acc: 84.83%
[2025-05-31 13:12:04,411] INFO: Epoch 118 training completed
[2025-05-31 13:12:05,600] INFO: Test Loss: 0.6754 | Test Acc: 78.33%
[2025-05-31 13:12:05,703] INFO: New best accuracy: 78.33%, model saved.
[2025-05-31 13:12:06,035] INFO: Epoch 119 | Step 1/196 | Loss: 0.4315 | Acc: 87.89%
[2025-05-31 13:12:17,745] INFO: Epoch 119 | Step 101/196 | Loss: 0.4496 | Acc: 84.85%
[2025-05-31 13:12:28,841] INFO: Epoch 119 training completed
[2025-05-31 13:12:30,022] INFO: Test Loss: 0.9788 | Test Acc: 68.06%
[2025-05-31 13:12:30,362] INFO: Epoch 120 | Step 1/196 | Loss: 0.4751 | Acc: 86.33%
[2025-05-31 13:12:42,068] INFO: Epoch 120 | Step 101/196 | Loss: 0.4430 | Acc: 85.00%
[2025-05-31 13:12:53,145] INFO: Epoch 120 training completed
[2025-05-31 13:12:54,339] INFO: Test Loss: 0.7577 | Test Acc: 76.16%
[2025-05-31 13:12:54,684] INFO: Epoch 121 | Step 1/196 | Loss: 0.4544 | Acc: 85.55%
[2025-05-31 13:13:06,396] INFO: Epoch 121 | Step 101/196 | Loss: 0.4435 | Acc: 85.04%
[2025-05-31 13:13:17,488] INFO: Epoch 121 training completed
[2025-05-31 13:13:18,682] INFO: Test Loss: 0.7743 | Test Acc: 74.14%
[2025-05-31 13:13:19,119] INFO: Epoch 122 | Step 1/196 | Loss: 0.4432 | Acc: 83.98%
[2025-05-31 13:13:30,826] INFO: Epoch 122 | Step 101/196 | Loss: 0.4445 | Acc: 84.98%
[2025-05-31 13:13:41,907] INFO: Epoch 122 training completed
[2025-05-31 13:13:43,095] INFO: Test Loss: 0.9736 | Test Acc: 70.46%
[2025-05-31 13:13:43,443] INFO: Epoch 123 | Step 1/196 | Loss: 0.5058 | Acc: 83.59%
[2025-05-31 13:13:55,149] INFO: Epoch 123 | Step 101/196 | Loss: 0.4323 | Acc: 85.49%
[2025-05-31 13:14:06,228] INFO: Epoch 123 training completed
[2025-05-31 13:14:07,432] INFO: Test Loss: 0.8444 | Test Acc: 72.07%
[2025-05-31 13:14:07,779] INFO: Epoch 124 | Step 1/196 | Loss: 0.4239 | Acc: 86.72%
[2025-05-31 13:14:19,491] INFO: Epoch 124 | Step 101/196 | Loss: 0.4364 | Acc: 85.18%
[2025-05-31 13:14:30,568] INFO: Epoch 124 training completed
[2025-05-31 13:14:31,758] INFO: Test Loss: 0.6900 | Test Acc: 77.70%
[2025-05-31 13:14:32,109] INFO: Epoch 125 | Step 1/196 | Loss: 0.4191 | Acc: 86.33%
[2025-05-31 13:14:43,824] INFO: Epoch 125 | Step 101/196 | Loss: 0.4330 | Acc: 85.52%
[2025-05-31 13:14:54,901] INFO: Epoch 125 training completed
[2025-05-31 13:14:56,087] INFO: Test Loss: 0.6838 | Test Acc: 77.73%
[2025-05-31 13:14:56,521] INFO: Epoch 126 | Step 1/196 | Loss: 0.3389 | Acc: 88.28%
[2025-05-31 13:15:08,239] INFO: Epoch 126 | Step 101/196 | Loss: 0.4291 | Acc: 85.48%
[2025-05-31 13:15:19,318] INFO: Epoch 126 training completed
[2025-05-31 13:15:20,510] INFO: Test Loss: 0.6122 | Test Acc: 79.92%
[2025-05-31 13:15:20,614] INFO: New best accuracy: 79.92%, model saved.
[2025-05-31 13:15:20,966] INFO: Epoch 127 | Step 1/196 | Loss: 0.4710 | Acc: 83.59%
[2025-05-31 13:15:32,688] INFO: Epoch 127 | Step 101/196 | Loss: 0.4212 | Acc: 85.84%
[2025-05-31 13:15:43,768] INFO: Epoch 127 training completed
[2025-05-31 13:15:44,959] INFO: Test Loss: 0.5870 | Test Acc: 80.77%
[2025-05-31 13:15:45,062] INFO: New best accuracy: 80.77%, model saved.
[2025-05-31 13:15:45,407] INFO: Epoch 128 | Step 1/196 | Loss: 0.4461 | Acc: 86.33%
[2025-05-31 13:15:57,113] INFO: Epoch 128 | Step 101/196 | Loss: 0.4226 | Acc: 85.73%
[2025-05-31 13:16:08,192] INFO: Epoch 128 training completed
[2025-05-31 13:16:09,374] INFO: Test Loss: 0.5907 | Test Acc: 79.72%
[2025-05-31 13:16:09,714] INFO: Epoch 129 | Step 1/196 | Loss: 0.3681 | Acc: 86.72%
[2025-05-31 13:16:21,464] INFO: Epoch 129 | Step 101/196 | Loss: 0.4233 | Acc: 85.89%
[2025-05-31 13:16:32,545] INFO: Epoch 129 training completed
[2025-05-31 13:16:33,734] INFO: Test Loss: 0.5692 | Test Acc: 81.36%
[2025-05-31 13:16:33,838] INFO: New best accuracy: 81.36%, model saved.
[2025-05-31 13:16:34,177] INFO: Epoch 130 | Step 1/196 | Loss: 0.3406 | Acc: 90.62%
[2025-05-31 13:16:45,881] INFO: Epoch 130 | Step 101/196 | Loss: 0.4158 | Acc: 86.03%
[2025-05-31 13:16:56,953] INFO: Epoch 130 training completed
[2025-05-31 13:16:58,133] INFO: Test Loss: 0.6391 | Test Acc: 79.44%
[2025-05-31 13:16:58,488] INFO: Epoch 131 | Step 1/196 | Loss: 0.4317 | Acc: 85.16%
[2025-05-31 13:17:10,201] INFO: Epoch 131 | Step 101/196 | Loss: 0.4179 | Acc: 85.81%
[2025-05-31 13:17:21,277] INFO: Epoch 131 training completed
[2025-05-31 13:17:22,464] INFO: Test Loss: 0.6263 | Test Acc: 79.11%
[2025-05-31 13:17:22,801] INFO: Epoch 132 | Step 1/196 | Loss: 0.3464 | Acc: 90.62%
[2025-05-31 13:17:34,509] INFO: Epoch 132 | Step 101/196 | Loss: 0.4055 | Acc: 86.41%
[2025-05-31 13:17:45,598] INFO: Epoch 132 training completed
[2025-05-31 13:17:46,794] INFO: Test Loss: 0.5898 | Test Acc: 80.40%
[2025-05-31 13:17:47,234] INFO: Epoch 133 | Step 1/196 | Loss: 0.3674 | Acc: 87.11%
[2025-05-31 13:17:58,943] INFO: Epoch 133 | Step 101/196 | Loss: 0.4121 | Acc: 86.25%
[2025-05-31 13:18:10,023] INFO: Epoch 133 training completed
[2025-05-31 13:18:11,222] INFO: Test Loss: 0.7740 | Test Acc: 75.56%
[2025-05-31 13:18:11,576] INFO: Epoch 134 | Step 1/196 | Loss: 0.4598 | Acc: 83.98%
[2025-05-31 13:18:23,285] INFO: Epoch 134 | Step 101/196 | Loss: 0.4048 | Acc: 86.25%
[2025-05-31 13:18:34,375] INFO: Epoch 134 training completed
[2025-05-31 13:18:35,568] INFO: Test Loss: 0.6040 | Test Acc: 80.33%
[2025-05-31 13:18:35,915] INFO: Epoch 135 | Step 1/196 | Loss: 0.4059 | Acc: 85.16%
[2025-05-31 13:18:47,626] INFO: Epoch 135 | Step 101/196 | Loss: 0.4017 | Acc: 86.33%
[2025-05-31 13:18:58,702] INFO: Epoch 135 training completed
[2025-05-31 13:18:59,892] INFO: Test Loss: 0.6906 | Test Acc: 78.14%
[2025-05-31 13:19:00,241] INFO: Epoch 136 | Step 1/196 | Loss: 0.4423 | Acc: 83.20%
[2025-05-31 13:19:11,948] INFO: Epoch 136 | Step 101/196 | Loss: 0.4004 | Acc: 86.46%
[2025-05-31 13:19:23,026] INFO: Epoch 136 training completed
[2025-05-31 13:19:24,212] INFO: Test Loss: 0.6774 | Test Acc: 78.42%
[2025-05-31 13:19:24,571] INFO: Epoch 137 | Step 1/196 | Loss: 0.4134 | Acc: 87.50%
[2025-05-31 13:19:36,322] INFO: Epoch 137 | Step 101/196 | Loss: 0.4001 | Acc: 86.76%
[2025-05-31 13:19:47,402] INFO: Epoch 137 training completed
[2025-05-31 13:19:48,588] INFO: Test Loss: 0.6378 | Test Acc: 78.82%
[2025-05-31 13:19:48,929] INFO: Epoch 138 | Step 1/196 | Loss: 0.4717 | Acc: 83.20%
[2025-05-31 13:20:00,639] INFO: Epoch 138 | Step 101/196 | Loss: 0.3957 | Acc: 86.66%
[2025-05-31 13:20:11,715] INFO: Epoch 138 training completed
[2025-05-31 13:20:12,902] INFO: Test Loss: 0.6448 | Test Acc: 78.35%
[2025-05-31 13:20:13,244] INFO: Epoch 139 | Step 1/196 | Loss: 0.2977 | Acc: 91.80%
[2025-05-31 13:20:24,954] INFO: Epoch 139 | Step 101/196 | Loss: 0.3837 | Acc: 87.11%
[2025-05-31 13:20:36,034] INFO: Epoch 139 training completed
[2025-05-31 13:20:37,228] INFO: Test Loss: 0.5682 | Test Acc: 81.49%
[2025-05-31 13:20:37,331] INFO: New best accuracy: 81.49%, model saved.
[2025-05-31 13:20:37,687] INFO: Epoch 140 | Step 1/196 | Loss: 0.3753 | Acc: 87.89%
[2025-05-31 13:20:49,394] INFO: Epoch 140 | Step 101/196 | Loss: 0.3805 | Acc: 87.04%
[2025-05-31 13:21:00,500] INFO: Epoch 140 training completed
[2025-05-31 13:21:01,690] INFO: Test Loss: 0.5589 | Test Acc: 81.55%
[2025-05-31 13:21:01,794] INFO: New best accuracy: 81.55%, model saved.
[2025-05-31 13:21:02,240] INFO: Epoch 141 | Step 1/196 | Loss: 0.4063 | Acc: 84.77%
[2025-05-31 13:21:13,950] INFO: Epoch 141 | Step 101/196 | Loss: 0.3804 | Acc: 87.24%
[2025-05-31 13:21:25,030] INFO: Epoch 141 training completed
[2025-05-31 13:21:26,245] INFO: Test Loss: 0.5424 | Test Acc: 82.12%
[2025-05-31 13:21:26,366] INFO: New best accuracy: 82.12%, model saved.
[2025-05-31 13:21:26,712] INFO: Epoch 142 | Step 1/196 | Loss: 0.4089 | Acc: 87.89%
[2025-05-31 13:21:38,424] INFO: Epoch 142 | Step 101/196 | Loss: 0.3732 | Acc: 87.70%
[2025-05-31 13:21:49,501] INFO: Epoch 142 training completed
[2025-05-31 13:21:50,690] INFO: Test Loss: 0.6113 | Test Acc: 80.14%
[2025-05-31 13:21:51,038] INFO: Epoch 143 | Step 1/196 | Loss: 0.3490 | Acc: 89.06%
[2025-05-31 13:22:02,748] INFO: Epoch 143 | Step 101/196 | Loss: 0.3698 | Acc: 87.57%
[2025-05-31 13:22:13,834] INFO: Epoch 143 training completed
[2025-05-31 13:22:15,019] INFO: Test Loss: 0.6074 | Test Acc: 80.05%
[2025-05-31 13:22:15,359] INFO: Epoch 144 | Step 1/196 | Loss: 0.3137 | Acc: 91.02%
[2025-05-31 13:22:27,067] INFO: Epoch 144 | Step 101/196 | Loss: 0.3701 | Acc: 87.47%
[2025-05-31 13:22:38,141] INFO: Epoch 144 training completed
[2025-05-31 13:22:39,330] INFO: Test Loss: 0.6944 | Test Acc: 77.71%
[2025-05-31 13:22:39,782] INFO: Epoch 145 | Step 1/196 | Loss: 0.3416 | Acc: 87.50%
[2025-05-31 13:22:51,490] INFO: Epoch 145 | Step 101/196 | Loss: 0.3613 | Acc: 87.84%
[2025-05-31 13:23:02,570] INFO: Epoch 145 training completed
[2025-05-31 13:23:03,757] INFO: Test Loss: 0.4735 | Test Acc: 84.21%
[2025-05-31 13:23:03,861] INFO: New best accuracy: 84.21%, model saved.
[2025-05-31 13:23:04,210] INFO: Epoch 146 | Step 1/196 | Loss: 0.3943 | Acc: 86.33%
[2025-05-31 13:23:15,924] INFO: Epoch 146 | Step 101/196 | Loss: 0.3565 | Acc: 88.00%
[2025-05-31 13:23:26,999] INFO: Epoch 146 training completed
[2025-05-31 13:23:28,182] INFO: Test Loss: 0.6299 | Test Acc: 79.38%
[2025-05-31 13:23:28,541] INFO: Epoch 147 | Step 1/196 | Loss: 0.3353 | Acc: 88.67%
[2025-05-31 13:23:40,249] INFO: Epoch 147 | Step 101/196 | Loss: 0.3555 | Acc: 87.98%
[2025-05-31 13:23:51,321] INFO: Epoch 147 training completed
[2025-05-31 13:23:52,509] INFO: Test Loss: 0.5257 | Test Acc: 83.04%
[2025-05-31 13:23:52,861] INFO: Epoch 148 | Step 1/196 | Loss: 0.3787 | Acc: 88.67%
[2025-05-31 13:24:04,582] INFO: Epoch 148 | Step 101/196 | Loss: 0.3587 | Acc: 88.15%
[2025-05-31 13:24:15,696] INFO: Epoch 148 training completed
[2025-05-31 13:24:16,888] INFO: Test Loss: 0.6412 | Test Acc: 80.09%
[2025-05-31 13:24:17,229] INFO: Epoch 149 | Step 1/196 | Loss: 0.2980 | Acc: 89.84%
[2025-05-31 13:24:28,952] INFO: Epoch 149 | Step 101/196 | Loss: 0.3534 | Acc: 88.26%
[2025-05-31 13:24:40,036] INFO: Epoch 149 training completed
[2025-05-31 13:24:41,219] INFO: Test Loss: 0.5587 | Test Acc: 82.41%
[2025-05-31 13:24:41,574] INFO: Epoch 150 | Step 1/196 | Loss: 0.3053 | Acc: 90.62%
[2025-05-31 13:24:53,288] INFO: Epoch 150 | Step 101/196 | Loss: 0.3437 | Acc: 88.59%
[2025-05-31 13:25:04,369] INFO: Epoch 150 training completed
[2025-05-31 13:25:05,565] INFO: Test Loss: 0.4910 | Test Acc: 84.09%
[2025-05-31 13:25:05,924] INFO: Epoch 151 | Step 1/196 | Loss: 0.2935 | Acc: 91.41%
[2025-05-31 13:25:17,631] INFO: Epoch 151 | Step 101/196 | Loss: 0.3450 | Acc: 88.52%
[2025-05-31 13:25:28,707] INFO: Epoch 151 training completed
[2025-05-31 13:25:29,888] INFO: Test Loss: 0.5383 | Test Acc: 82.57%
[2025-05-31 13:25:30,234] INFO: Epoch 152 | Step 1/196 | Loss: 0.2875 | Acc: 92.19%
[2025-05-31 13:25:41,981] INFO: Epoch 152 | Step 101/196 | Loss: 0.3362 | Acc: 88.90%
[2025-05-31 13:25:53,056] INFO: Epoch 152 training completed
[2025-05-31 13:25:54,237] INFO: Test Loss: 0.5632 | Test Acc: 81.85%
[2025-05-31 13:25:54,587] INFO: Epoch 153 | Step 1/196 | Loss: 0.3974 | Acc: 87.50%
[2025-05-31 13:26:06,302] INFO: Epoch 153 | Step 101/196 | Loss: 0.3353 | Acc: 88.80%
[2025-05-31 13:26:17,380] INFO: Epoch 153 training completed
[2025-05-31 13:26:18,560] INFO: Test Loss: 0.5002 | Test Acc: 83.39%
[2025-05-31 13:26:18,908] INFO: Epoch 154 | Step 1/196 | Loss: 0.4176 | Acc: 85.94%
[2025-05-31 13:26:30,621] INFO: Epoch 154 | Step 101/196 | Loss: 0.3350 | Acc: 88.89%
[2025-05-31 13:26:41,697] INFO: Epoch 154 training completed
[2025-05-31 13:26:42,884] INFO: Test Loss: 0.4939 | Test Acc: 83.99%
[2025-05-31 13:26:43,226] INFO: Epoch 155 | Step 1/196 | Loss: 0.3505 | Acc: 87.89%
[2025-05-31 13:26:54,938] INFO: Epoch 155 | Step 101/196 | Loss: 0.3280 | Acc: 89.12%
[2025-05-31 13:27:06,029] INFO: Epoch 155 training completed
[2025-05-31 13:27:07,223] INFO: Test Loss: 0.4720 | Test Acc: 84.91%
[2025-05-31 13:27:07,327] INFO: New best accuracy: 84.91%, model saved.
[2025-05-31 13:27:07,764] INFO: Epoch 156 | Step 1/196 | Loss: 0.3217 | Acc: 90.23%
[2025-05-31 13:27:19,481] INFO: Epoch 156 | Step 101/196 | Loss: 0.3145 | Acc: 89.82%
[2025-05-31 13:27:30,569] INFO: Epoch 156 training completed
[2025-05-31 13:27:31,758] INFO: Test Loss: 0.5705 | Test Acc: 81.52%
[2025-05-31 13:27:32,103] INFO: Epoch 157 | Step 1/196 | Loss: 0.3559 | Acc: 89.45%
[2025-05-31 13:27:43,813] INFO: Epoch 157 | Step 101/196 | Loss: 0.3140 | Acc: 89.58%
[2025-05-31 13:27:54,891] INFO: Epoch 157 training completed
[2025-05-31 13:27:56,073] INFO: Test Loss: 0.4163 | Test Acc: 86.57%
[2025-05-31 13:27:56,175] INFO: New best accuracy: 86.57%, model saved.
[2025-05-31 13:27:56,523] INFO: Epoch 158 | Step 1/196 | Loss: 0.2928 | Acc: 89.84%
[2025-05-31 13:28:08,240] INFO: Epoch 158 | Step 101/196 | Loss: 0.3105 | Acc: 89.80%
[2025-05-31 13:28:19,334] INFO: Epoch 158 training completed
[2025-05-31 13:28:20,527] INFO: Test Loss: 0.4778 | Test Acc: 84.45%
[2025-05-31 13:28:20,881] INFO: Epoch 159 | Step 1/196 | Loss: 0.3111 | Acc: 89.45%
[2025-05-31 13:28:32,591] INFO: Epoch 159 | Step 101/196 | Loss: 0.3069 | Acc: 89.94%
[2025-05-31 13:28:43,709] INFO: Epoch 159 training completed
[2025-05-31 13:28:44,905] INFO: Test Loss: 0.5473 | Test Acc: 82.42%
[2025-05-31 13:28:45,259] INFO: Epoch 160 | Step 1/196 | Loss: 0.3541 | Acc: 85.16%
[2025-05-31 13:28:56,967] INFO: Epoch 160 | Step 101/196 | Loss: 0.2982 | Acc: 90.18%
[2025-05-31 13:29:08,049] INFO: Epoch 160 training completed
[2025-05-31 13:29:09,247] INFO: Test Loss: 0.6036 | Test Acc: 80.93%
[2025-05-31 13:29:09,594] INFO: Epoch 161 | Step 1/196 | Loss: 0.2809 | Acc: 91.02%
[2025-05-31 13:29:21,301] INFO: Epoch 161 | Step 101/196 | Loss: 0.2973 | Acc: 90.21%
[2025-05-31 13:29:32,379] INFO: Epoch 161 training completed
[2025-05-31 13:29:33,567] INFO: Test Loss: 0.5353 | Test Acc: 83.19%
[2025-05-31 13:29:33,915] INFO: Epoch 162 | Step 1/196 | Loss: 0.2641 | Acc: 92.97%
[2025-05-31 13:29:45,625] INFO: Epoch 162 | Step 101/196 | Loss: 0.2957 | Acc: 90.34%
[2025-05-31 13:29:56,701] INFO: Epoch 162 training completed
[2025-05-31 13:29:57,892] INFO: Test Loss: 0.5184 | Test Acc: 83.02%
[2025-05-31 13:29:58,247] INFO: Epoch 163 | Step 1/196 | Loss: 0.2868 | Acc: 89.84%
[2025-05-31 13:30:09,960] INFO: Epoch 163 | Step 101/196 | Loss: 0.2892 | Acc: 90.44%
[2025-05-31 13:30:21,076] INFO: Epoch 163 training completed
[2025-05-31 13:30:22,261] INFO: Test Loss: 0.4283 | Test Acc: 86.18%
[2025-05-31 13:30:22,620] INFO: Epoch 164 | Step 1/196 | Loss: 0.3053 | Acc: 91.02%
[2025-05-31 13:30:34,347] INFO: Epoch 164 | Step 101/196 | Loss: 0.2787 | Acc: 90.98%
[2025-05-31 13:30:45,418] INFO: Epoch 164 training completed
[2025-05-31 13:30:46,605] INFO: Test Loss: 0.4367 | Test Acc: 85.55%
[2025-05-31 13:30:46,952] INFO: Epoch 165 | Step 1/196 | Loss: 0.2747 | Acc: 90.23%
[2025-05-31 13:30:58,659] INFO: Epoch 165 | Step 101/196 | Loss: 0.2762 | Acc: 91.06%
[2025-05-31 13:31:09,738] INFO: Epoch 165 training completed
[2025-05-31 13:31:10,923] INFO: Test Loss: 0.4673 | Test Acc: 84.88%
[2025-05-31 13:31:11,269] INFO: Epoch 166 | Step 1/196 | Loss: 0.3009 | Acc: 89.06%
[2025-05-31 13:31:22,976] INFO: Epoch 166 | Step 101/196 | Loss: 0.2694 | Acc: 91.30%
[2025-05-31 13:31:34,056] INFO: Epoch 166 training completed
[2025-05-31 13:31:35,241] INFO: Test Loss: 0.3833 | Test Acc: 87.62%
[2025-05-31 13:31:35,344] INFO: New best accuracy: 87.62%, model saved.
[2025-05-31 13:31:35,774] INFO: Epoch 167 | Step 1/196 | Loss: 0.2027 | Acc: 94.14%
[2025-05-31 13:31:47,480] INFO: Epoch 167 | Step 101/196 | Loss: 0.2664 | Acc: 91.13%
[2025-05-31 13:31:58,555] INFO: Epoch 167 training completed
[2025-05-31 13:31:59,754] INFO: Test Loss: 0.3884 | Test Acc: 87.80%
[2025-05-31 13:31:59,858] INFO: New best accuracy: 87.80%, model saved.
[2025-05-31 13:32:00,208] INFO: Epoch 168 | Step 1/196 | Loss: 0.2602 | Acc: 91.41%
[2025-05-31 13:32:11,918] INFO: Epoch 168 | Step 101/196 | Loss: 0.2678 | Acc: 91.21%
[2025-05-31 13:32:22,993] INFO: Epoch 168 training completed
[2025-05-31 13:32:24,184] INFO: Test Loss: 0.4219 | Test Acc: 87.07%
[2025-05-31 13:32:24,533] INFO: Epoch 169 | Step 1/196 | Loss: 0.2695 | Acc: 91.41%
[2025-05-31 13:32:36,243] INFO: Epoch 169 | Step 101/196 | Loss: 0.2590 | Acc: 91.70%
[2025-05-31 13:32:47,318] INFO: Epoch 169 training completed
[2025-05-31 13:32:48,510] INFO: Test Loss: 0.3626 | Test Acc: 88.46%
[2025-05-31 13:32:48,614] INFO: New best accuracy: 88.46%, model saved.
[2025-05-31 13:32:48,962] INFO: Epoch 170 | Step 1/196 | Loss: 0.1656 | Acc: 96.09%
[2025-05-31 13:33:00,678] INFO: Epoch 170 | Step 101/196 | Loss: 0.2494 | Acc: 91.94%
[2025-05-31 13:33:11,790] INFO: Epoch 170 training completed
[2025-05-31 13:33:12,987] INFO: Test Loss: 0.3974 | Test Acc: 87.30%
[2025-05-31 13:33:13,326] INFO: Epoch 171 | Step 1/196 | Loss: 0.2583 | Acc: 91.41%
[2025-05-31 13:33:25,033] INFO: Epoch 171 | Step 101/196 | Loss: 0.2432 | Acc: 92.21%
[2025-05-31 13:33:36,125] INFO: Epoch 171 training completed
[2025-05-31 13:33:37,319] INFO: Test Loss: 0.3538 | Test Acc: 88.86%
[2025-05-31 13:33:37,422] INFO: New best accuracy: 88.86%, model saved.
[2025-05-31 13:33:37,777] INFO: Epoch 172 | Step 1/196 | Loss: 0.1851 | Acc: 94.92%
[2025-05-31 13:33:49,488] INFO: Epoch 172 | Step 101/196 | Loss: 0.2450 | Acc: 92.09%
[2025-05-31 13:34:00,574] INFO: Epoch 172 training completed
[2025-05-31 13:34:01,781] INFO: Test Loss: 0.3744 | Test Acc: 87.93%
[2025-05-31 13:34:02,134] INFO: Epoch 173 | Step 1/196 | Loss: 0.2460 | Acc: 92.58%
[2025-05-31 13:34:13,843] INFO: Epoch 173 | Step 101/196 | Loss: 0.2448 | Acc: 92.02%
[2025-05-31 13:34:24,913] INFO: Epoch 173 training completed
[2025-05-31 13:34:26,104] INFO: Test Loss: 0.3568 | Test Acc: 88.69%
[2025-05-31 13:34:26,450] INFO: Epoch 174 | Step 1/196 | Loss: 0.2260 | Acc: 91.02%
[2025-05-31 13:34:38,199] INFO: Epoch 174 | Step 101/196 | Loss: 0.2323 | Acc: 92.55%
[2025-05-31 13:34:49,275] INFO: Epoch 174 training completed
[2025-05-31 13:34:50,469] INFO: Test Loss: 0.3729 | Test Acc: 88.02%
[2025-05-31 13:34:50,806] INFO: Epoch 175 | Step 1/196 | Loss: 0.2018 | Acc: 92.97%
[2025-05-31 13:35:02,518] INFO: Epoch 175 | Step 101/196 | Loss: 0.2276 | Acc: 92.74%
[2025-05-31 13:35:13,594] INFO: Epoch 175 training completed
[2025-05-31 13:35:14,774] INFO: Test Loss: 0.3926 | Test Acc: 87.91%
[2025-05-31 13:35:15,115] INFO: Epoch 176 | Step 1/196 | Loss: 0.2389 | Acc: 93.36%
[2025-05-31 13:35:26,823] INFO: Epoch 176 | Step 101/196 | Loss: 0.2244 | Acc: 92.93%
[2025-05-31 13:35:37,899] INFO: Epoch 176 training completed
[2025-05-31 13:35:39,089] INFO: Test Loss: 0.3387 | Test Acc: 89.48%
[2025-05-31 13:35:39,195] INFO: New best accuracy: 89.48%, model saved.
[2025-05-31 13:35:39,543] INFO: Epoch 177 | Step 1/196 | Loss: 0.1847 | Acc: 95.31%
[2025-05-31 13:35:51,256] INFO: Epoch 177 | Step 101/196 | Loss: 0.2184 | Acc: 93.12%
[2025-05-31 13:36:02,332] INFO: Epoch 177 training completed
[2025-05-31 13:36:03,522] INFO: Test Loss: 0.3269 | Test Acc: 89.42%
[2025-05-31 13:36:03,958] INFO: Epoch 178 | Step 1/196 | Loss: 0.2183 | Acc: 92.58%
[2025-05-31 13:36:15,676] INFO: Epoch 178 | Step 101/196 | Loss: 0.2158 | Acc: 93.10%
[2025-05-31 13:36:26,753] INFO: Epoch 178 training completed
[2025-05-31 13:36:27,938] INFO: Test Loss: 0.3338 | Test Acc: 89.48%
[2025-05-31 13:36:28,286] INFO: Epoch 179 | Step 1/196 | Loss: 0.2549 | Acc: 92.58%
[2025-05-31 13:36:40,004] INFO: Epoch 179 | Step 101/196 | Loss: 0.2056 | Acc: 93.43%
[2025-05-31 13:36:51,076] INFO: Epoch 179 training completed
[2025-05-31 13:36:52,264] INFO: Test Loss: 0.3370 | Test Acc: 89.53%
[2025-05-31 13:36:52,368] INFO: New best accuracy: 89.53%, model saved.
[2025-05-31 13:36:52,712] INFO: Epoch 180 | Step 1/196 | Loss: 0.1956 | Acc: 94.14%
[2025-05-31 13:37:04,421] INFO: Epoch 180 | Step 101/196 | Loss: 0.2001 | Acc: 93.68%
[2025-05-31 13:37:15,500] INFO: Epoch 180 training completed
[2025-05-31 13:37:16,684] INFO: Test Loss: 0.3202 | Test Acc: 89.87%
[2025-05-31 13:37:16,787] INFO: New best accuracy: 89.87%, model saved.
[2025-05-31 13:37:17,132] INFO: Epoch 181 | Step 1/196 | Loss: 0.2294 | Acc: 92.58%
[2025-05-31 13:37:28,842] INFO: Epoch 181 | Step 101/196 | Loss: 0.1974 | Acc: 93.86%
[2025-05-31 13:37:39,959] INFO: Epoch 181 training completed
[2025-05-31 13:37:41,139] INFO: Test Loss: 0.3371 | Test Acc: 89.57%
[2025-05-31 13:37:41,483] INFO: Epoch 182 | Step 1/196 | Loss: 0.1908 | Acc: 95.31%
[2025-05-31 13:37:53,191] INFO: Epoch 182 | Step 101/196 | Loss: 0.1886 | Acc: 94.21%
[2025-05-31 13:38:04,268] INFO: Epoch 182 training completed
[2025-05-31 13:38:05,484] INFO: Test Loss: 0.3321 | Test Acc: 89.78%
[2025-05-31 13:38:05,828] INFO: Epoch 183 | Step 1/196 | Loss: 0.1745 | Acc: 94.92%
[2025-05-31 13:38:17,538] INFO: Epoch 183 | Step 101/196 | Loss: 0.1860 | Acc: 94.25%
[2025-05-31 13:38:28,612] INFO: Epoch 183 training completed
[2025-05-31 13:38:29,807] INFO: Test Loss: 0.3259 | Test Acc: 89.74%
[2025-05-31 13:38:30,146] INFO: Epoch 184 | Step 1/196 | Loss: 0.1802 | Acc: 95.70%
[2025-05-31 13:38:41,852] INFO: Epoch 184 | Step 101/196 | Loss: 0.1803 | Acc: 94.46%
[2025-05-31 13:38:52,928] INFO: Epoch 184 training completed
[2025-05-31 13:38:54,117] INFO: Test Loss: 0.3091 | Test Acc: 90.40%
[2025-05-31 13:38:54,223] INFO: New best accuracy: 90.40%, model saved.
[2025-05-31 13:38:54,587] INFO: Epoch 185 | Step 1/196 | Loss: 0.1914 | Acc: 94.14%
[2025-05-31 13:39:06,337] INFO: Epoch 185 | Step 101/196 | Loss: 0.1716 | Acc: 94.92%
[2025-05-31 13:39:17,410] INFO: Epoch 185 training completed
[2025-05-31 13:39:18,589] INFO: Test Loss: 0.3031 | Test Acc: 90.72%
[2025-05-31 13:39:18,693] INFO: New best accuracy: 90.72%, model saved.
[2025-05-31 13:39:19,038] INFO: Epoch 186 | Step 1/196 | Loss: 0.1665 | Acc: 95.31%
[2025-05-31 13:39:30,748] INFO: Epoch 186 | Step 101/196 | Loss: 0.1688 | Acc: 94.92%
[2025-05-31 13:39:41,836] INFO: Epoch 186 training completed
[2025-05-31 13:39:43,023] INFO: Test Loss: 0.3053 | Test Acc: 90.70%
[2025-05-31 13:39:43,379] INFO: Epoch 187 | Step 1/196 | Loss: 0.1942 | Acc: 94.92%
[2025-05-31 13:39:55,090] INFO: Epoch 187 | Step 101/196 | Loss: 0.1611 | Acc: 95.24%
[2025-05-31 13:40:06,171] INFO: Epoch 187 training completed
[2025-05-31 13:40:07,363] INFO: Test Loss: 0.3037 | Test Acc: 90.78%
[2025-05-31 13:40:07,467] INFO: New best accuracy: 90.78%, model saved.
[2025-05-31 13:40:07,815] INFO: Epoch 188 | Step 1/196 | Loss: 0.1508 | Acc: 96.09%
[2025-05-31 13:40:19,520] INFO: Epoch 188 | Step 101/196 | Loss: 0.1585 | Acc: 95.31%
[2025-05-31 13:40:30,651] INFO: Epoch 188 training completed
[2025-05-31 13:40:31,833] INFO: Test Loss: 0.3020 | Test Acc: 90.78%
[2025-05-31 13:40:32,180] INFO: Epoch 189 | Step 1/196 | Loss: 0.1509 | Acc: 96.09%
[2025-05-31 13:40:43,888] INFO: Epoch 189 | Step 101/196 | Loss: 0.1540 | Acc: 95.41%
[2025-05-31 13:40:54,966] INFO: Epoch 189 training completed
[2025-05-31 13:40:56,160] INFO: Test Loss: 0.2984 | Test Acc: 90.86%
[2025-05-31 13:40:56,277] INFO: New best accuracy: 90.86%, model saved.
[2025-05-31 13:40:56,626] INFO: Epoch 190 | Step 1/196 | Loss: 0.1483 | Acc: 94.92%
[2025-05-31 13:41:08,337] INFO: Epoch 190 | Step 101/196 | Loss: 0.1504 | Acc: 95.62%
[2025-05-31 13:41:19,415] INFO: Epoch 190 training completed
[2025-05-31 13:41:20,603] INFO: Test Loss: 0.2943 | Test Acc: 90.98%
[2025-05-31 13:41:20,709] INFO: New best accuracy: 90.98%, model saved.
[2025-05-31 13:41:21,047] INFO: Epoch 191 | Step 1/196 | Loss: 0.1420 | Acc: 95.70%
[2025-05-31 13:41:32,757] INFO: Epoch 191 | Step 101/196 | Loss: 0.1523 | Acc: 95.58%
[2025-05-31 13:41:43,831] INFO: Epoch 191 training completed
[2025-05-31 13:41:45,016] INFO: Test Loss: 0.2960 | Test Acc: 90.76%
[2025-05-31 13:41:45,452] INFO: Epoch 192 | Step 1/196 | Loss: 0.1375 | Acc: 96.48%
[2025-05-31 13:41:57,160] INFO: Epoch 192 | Step 101/196 | Loss: 0.1475 | Acc: 95.72%
[2025-05-31 13:42:08,240] INFO: Epoch 192 training completed
[2025-05-31 13:42:09,430] INFO: Test Loss: 0.2907 | Test Acc: 90.92%
[2025-05-31 13:42:09,778] INFO: Epoch 193 | Step 1/196 | Loss: 0.1226 | Acc: 96.48%
[2025-05-31 13:42:21,487] INFO: Epoch 193 | Step 101/196 | Loss: 0.1452 | Acc: 95.82%
[2025-05-31 13:42:32,569] INFO: Epoch 193 training completed
[2025-05-31 13:42:33,752] INFO: Test Loss: 0.2908 | Test Acc: 90.97%
[2025-05-31 13:42:34,092] INFO: Epoch 194 | Step 1/196 | Loss: 0.1503 | Acc: 95.70%
[2025-05-31 13:42:45,807] INFO: Epoch 194 | Step 101/196 | Loss: 0.1407 | Acc: 96.15%
[2025-05-31 13:42:56,882] INFO: Epoch 194 training completed
[2025-05-31 13:42:58,084] INFO: Test Loss: 0.2897 | Test Acc: 90.97%
[2025-05-31 13:42:58,421] INFO: Epoch 195 | Step 1/196 | Loss: 0.1161 | Acc: 96.48%
[2025-05-31 13:43:10,128] INFO: Epoch 195 | Step 101/196 | Loss: 0.1409 | Acc: 96.06%
[2025-05-31 13:43:21,220] INFO: Epoch 195 training completed
[2025-05-31 13:43:22,411] INFO: Test Loss: 0.2921 | Test Acc: 90.97%
[2025-05-31 13:43:22,851] INFO: Epoch 196 | Step 1/196 | Loss: 0.0869 | Acc: 98.44%
[2025-05-31 13:43:34,562] INFO: Epoch 196 | Step 101/196 | Loss: 0.1401 | Acc: 96.10%
[2025-05-31 13:43:45,635] INFO: Epoch 196 training completed
[2025-05-31 13:43:46,825] INFO: Test Loss: 0.2891 | Test Acc: 91.16%
[2025-05-31 13:43:46,928] INFO: New best accuracy: 91.16%, model saved.
[2025-05-31 13:43:47,284] INFO: Epoch 197 | Step 1/196 | Loss: 0.1816 | Acc: 95.70%
[2025-05-31 13:43:58,993] INFO: Epoch 197 | Step 101/196 | Loss: 0.1345 | Acc: 96.27%
[2025-05-31 13:44:10,070] INFO: Epoch 197 training completed
[2025-05-31 13:44:11,253] INFO: Test Loss: 0.2889 | Test Acc: 90.96%
[2025-05-31 13:44:11,602] INFO: Epoch 198 | Step 1/196 | Loss: 0.1205 | Acc: 96.88%
[2025-05-31 13:44:23,308] INFO: Epoch 198 | Step 101/196 | Loss: 0.1421 | Acc: 95.93%
[2025-05-31 13:44:34,384] INFO: Epoch 198 training completed
[2025-05-31 13:44:35,568] INFO: Test Loss: 0.2893 | Test Acc: 91.00%
[2025-05-31 13:44:35,916] INFO: Epoch 199 | Step 1/196 | Loss: 0.1451 | Acc: 95.31%
[2025-05-31 13:44:47,622] INFO: Epoch 199 | Step 101/196 | Loss: 0.1378 | Acc: 96.12%
[2025-05-31 13:44:58,697] INFO: Epoch 199 training completed
[2025-05-31 13:44:59,879] INFO: Test Loss: 0.2880 | Test Acc: 91.19%
[2025-05-31 13:45:00,078] INFO: New best accuracy: 91.19%, model saved.
[2025-05-31 13:45:00,434] INFO: Epoch 200 | Step 1/196 | Loss: 0.1616 | Acc: 94.92%
[2025-05-31 13:45:12,142] INFO: Epoch 200 | Step 101/196 | Loss: 0.1382 | Acc: 96.17%
[2025-05-31 13:45:23,217] INFO: Epoch 200 training completed
[2025-05-31 13:45:24,402] INFO: Test Loss: 0.2903 | Test Acc: 91.05%
[2025-05-31 13:45:24,555] INFO: Training complete. Best Test Accuracy: 91.19%
