[2025-05-29 10:06:28,854] INFO: Using device: cuda
[2025-05-29 10:06:29,960] INFO: Using GhostNetV3 with width 1.9
[2025-05-29 10:06:55,161] INFO: Epoch 1 | Step 1/196 | Loss: 4.2207 | Acc: 8.20%
[2025-05-29 10:07:12,213] INFO: Epoch 1 | Step 101/196 | Loss: 2.9264 | Acc: 11.11%
[2025-05-29 10:07:28,395] INFO: Epoch 1 training completed
[2025-05-29 10:07:52,655] INFO: Test Loss: 2.2509 | Test Acc: 17.41%
[2025-05-29 10:07:52,760] INFO: New best accuracy: 17.41%, model saved.
[2025-05-29 10:07:53,154] INFO: Epoch 2 | Step 1/196 | Loss: 2.2020 | Acc: 16.80%
[2025-05-29 10:08:10,236] INFO: Epoch 2 | Step 101/196 | Loss: 2.1979 | Acc: 19.48%
[2025-05-29 10:08:26,387] INFO: Epoch 2 training completed
[2025-05-29 10:08:28,446] INFO: Test Loss: 1.9409 | Test Acc: 26.83%
[2025-05-29 10:08:28,549] INFO: New best accuracy: 26.83%, model saved.
[2025-05-29 10:08:28,952] INFO: Epoch 3 | Step 1/196 | Loss: 1.9744 | Acc: 23.05%
[2025-05-29 10:08:46,108] INFO: Epoch 3 | Step 101/196 | Loss: 1.9157 | Acc: 28.02%
[2025-05-29 10:09:02,326] INFO: Epoch 3 training completed
[2025-05-29 10:09:04,406] INFO: Test Loss: 1.7442 | Test Acc: 34.03%
[2025-05-29 10:09:04,511] INFO: New best accuracy: 34.03%, model saved.
[2025-05-29 10:09:04,910] INFO: Epoch 4 | Step 1/196 | Loss: 1.7812 | Acc: 32.81%
[2025-05-29 10:09:22,071] INFO: Epoch 4 | Step 101/196 | Loss: 1.7517 | Acc: 34.00%
[2025-05-29 10:09:38,289] INFO: Epoch 4 training completed
[2025-05-29 10:09:40,372] INFO: Test Loss: 1.6367 | Test Acc: 38.82%
[2025-05-29 10:09:40,476] INFO: New best accuracy: 38.82%, model saved.
[2025-05-29 10:09:40,884] INFO: Epoch 5 | Step 1/196 | Loss: 1.7169 | Acc: 36.72%
[2025-05-29 10:09:58,062] INFO: Epoch 5 | Step 101/196 | Loss: 1.6485 | Acc: 37.72%
[2025-05-29 10:10:14,296] INFO: Epoch 5 training completed
[2025-05-29 10:10:16,379] INFO: Test Loss: 1.5542 | Test Acc: 41.67%
[2025-05-29 10:10:16,483] INFO: New best accuracy: 41.67%, model saved.
[2025-05-29 10:10:16,879] INFO: Epoch 6 | Step 1/196 | Loss: 1.6584 | Acc: 32.81%
[2025-05-29 10:10:34,088] INFO: Epoch 6 | Step 101/196 | Loss: 1.5494 | Acc: 42.51%
[2025-05-29 10:10:50,327] INFO: Epoch 6 training completed
[2025-05-29 10:10:52,411] INFO: Test Loss: 1.5346 | Test Acc: 44.49%
[2025-05-29 10:10:52,524] INFO: New best accuracy: 44.49%, model saved.
[2025-05-29 10:10:52,922] INFO: Epoch 7 | Step 1/196 | Loss: 1.5170 | Acc: 44.53%
[2025-05-29 10:11:10,126] INFO: Epoch 7 | Step 101/196 | Loss: 1.4522 | Acc: 46.57%
[2025-05-29 10:11:26,368] INFO: Epoch 7 training completed
[2025-05-29 10:11:28,450] INFO: Test Loss: 1.3899 | Test Acc: 50.47%
[2025-05-29 10:11:28,555] INFO: New best accuracy: 50.47%, model saved.
[2025-05-29 10:11:28,955] INFO: Epoch 8 | Step 1/196 | Loss: 1.4323 | Acc: 46.48%
[2025-05-29 10:11:46,151] INFO: Epoch 8 | Step 101/196 | Loss: 1.3708 | Acc: 50.42%
[2025-05-29 10:12:02,403] INFO: Epoch 8 training completed
[2025-05-29 10:12:04,486] INFO: Test Loss: 1.3080 | Test Acc: 52.30%
[2025-05-29 10:12:04,589] INFO: New best accuracy: 52.30%, model saved.
[2025-05-29 10:12:05,001] INFO: Epoch 9 | Step 1/196 | Loss: 1.3658 | Acc: 53.52%
[2025-05-29 10:12:22,197] INFO: Epoch 9 | Step 101/196 | Loss: 1.2934 | Acc: 52.90%
[2025-05-29 10:12:38,444] INFO: Epoch 9 training completed
[2025-05-29 10:12:40,526] INFO: Test Loss: 1.2325 | Test Acc: 55.20%
[2025-05-29 10:12:40,633] INFO: New best accuracy: 55.20%, model saved.
[2025-05-29 10:12:41,046] INFO: Epoch 10 | Step 1/196 | Loss: 1.1978 | Acc: 58.59%
[2025-05-29 10:12:58,255] INFO: Epoch 10 | Step 101/196 | Loss: 1.2138 | Acc: 56.26%
[2025-05-29 10:13:14,519] INFO: Epoch 10 training completed
[2025-05-29 10:13:16,600] INFO: Test Loss: 1.3340 | Test Acc: 52.62%
[2025-05-29 10:13:16,999] INFO: Epoch 11 | Step 1/196 | Loss: 1.1668 | Acc: 60.16%
[2025-05-29 10:13:34,201] INFO: Epoch 11 | Step 101/196 | Loss: 1.1534 | Acc: 58.41%
[2025-05-29 10:13:50,466] INFO: Epoch 11 training completed
[2025-05-29 10:13:52,545] INFO: Test Loss: 1.1370 | Test Acc: 59.08%
[2025-05-29 10:13:52,650] INFO: New best accuracy: 59.08%, model saved.
[2025-05-29 10:13:53,055] INFO: Epoch 12 | Step 1/196 | Loss: 1.1646 | Acc: 57.03%
[2025-05-29 10:14:10,264] INFO: Epoch 12 | Step 101/196 | Loss: 1.0889 | Acc: 60.96%
[2025-05-29 10:14:26,516] INFO: Epoch 12 training completed
[2025-05-29 10:14:28,597] INFO: Test Loss: 1.1258 | Test Acc: 60.17%
[2025-05-29 10:14:28,709] INFO: New best accuracy: 60.17%, model saved.
[2025-05-29 10:14:29,114] INFO: Epoch 13 | Step 1/196 | Loss: 0.8416 | Acc: 71.09%
[2025-05-29 10:14:46,321] INFO: Epoch 13 | Step 101/196 | Loss: 1.0372 | Acc: 62.78%
[2025-05-29 10:15:02,574] INFO: Epoch 13 training completed
[2025-05-29 10:15:04,652] INFO: Test Loss: 1.0481 | Test Acc: 62.65%
[2025-05-29 10:15:04,755] INFO: New best accuracy: 62.65%, model saved.
[2025-05-29 10:15:05,245] INFO: Epoch 14 | Step 1/196 | Loss: 0.9732 | Acc: 66.80%
[2025-05-29 10:15:22,455] INFO: Epoch 14 | Step 101/196 | Loss: 0.9699 | Acc: 65.50%
[2025-05-29 10:15:38,705] INFO: Epoch 14 training completed
[2025-05-29 10:15:40,784] INFO: Test Loss: 1.0228 | Test Acc: 63.07%
[2025-05-29 10:15:40,887] INFO: New best accuracy: 63.07%, model saved.
[2025-05-29 10:15:41,292] INFO: Epoch 15 | Step 1/196 | Loss: 1.0769 | Acc: 64.06%
[2025-05-29 10:15:58,520] INFO: Epoch 15 | Step 101/196 | Loss: 0.9387 | Acc: 66.60%
[2025-05-29 10:16:14,774] INFO: Epoch 15 training completed
[2025-05-29 10:16:16,857] INFO: Test Loss: 0.9932 | Test Acc: 64.87%
[2025-05-29 10:16:16,960] INFO: New best accuracy: 64.87%, model saved.
[2025-05-29 10:16:17,360] INFO: Epoch 16 | Step 1/196 | Loss: 0.9470 | Acc: 66.02%
[2025-05-29 10:16:34,566] INFO: Epoch 16 | Step 101/196 | Loss: 0.8918 | Acc: 68.46%
[2025-05-29 10:16:50,824] INFO: Epoch 16 training completed
[2025-05-29 10:16:52,909] INFO: Test Loss: 1.1049 | Test Acc: 61.76%
[2025-05-29 10:16:53,319] INFO: Epoch 17 | Step 1/196 | Loss: 0.8019 | Acc: 72.66%
[2025-05-29 10:17:10,530] INFO: Epoch 17 | Step 101/196 | Loss: 0.8337 | Acc: 70.17%
[2025-05-29 10:17:26,785] INFO: Epoch 17 training completed
[2025-05-29 10:17:28,869] INFO: Test Loss: 0.8389 | Test Acc: 69.97%
[2025-05-29 10:17:28,973] INFO: New best accuracy: 69.97%, model saved.
[2025-05-29 10:17:29,387] INFO: Epoch 18 | Step 1/196 | Loss: 0.8631 | Acc: 67.19%
[2025-05-29 10:17:46,610] INFO: Epoch 18 | Step 101/196 | Loss: 0.7916 | Acc: 71.74%
[2025-05-29 10:18:02,912] INFO: Epoch 18 training completed
[2025-05-29 10:18:04,995] INFO: Test Loss: 0.8564 | Test Acc: 70.22%
[2025-05-29 10:18:05,099] INFO: New best accuracy: 70.22%, model saved.
[2025-05-29 10:18:05,509] INFO: Epoch 19 | Step 1/196 | Loss: 0.8781 | Acc: 71.88%
[2025-05-29 10:18:22,716] INFO: Epoch 19 | Step 101/196 | Loss: 0.7460 | Acc: 73.91%
[2025-05-29 10:18:38,966] INFO: Epoch 19 training completed
[2025-05-29 10:18:41,051] INFO: Test Loss: 0.8177 | Test Acc: 71.18%
[2025-05-29 10:18:41,156] INFO: New best accuracy: 71.18%, model saved.
[2025-05-29 10:18:41,552] INFO: Epoch 20 | Step 1/196 | Loss: 0.7206 | Acc: 74.61%
[2025-05-29 10:18:58,771] INFO: Epoch 20 | Step 101/196 | Loss: 0.7034 | Acc: 75.22%
[2025-05-29 10:19:15,024] INFO: Epoch 20 training completed
[2025-05-29 10:19:17,108] INFO: Test Loss: 0.8327 | Test Acc: 70.59%
[2025-05-29 10:19:17,511] INFO: Epoch 21 | Step 1/196 | Loss: 0.6228 | Acc: 80.08%
[2025-05-29 10:19:34,718] INFO: Epoch 21 | Step 101/196 | Loss: 0.6729 | Acc: 76.69%
[2025-05-29 10:19:50,971] INFO: Epoch 21 training completed
[2025-05-29 10:19:53,057] INFO: Test Loss: 0.7364 | Test Acc: 74.14%
[2025-05-29 10:19:53,161] INFO: New best accuracy: 74.14%, model saved.
[2025-05-29 10:19:53,554] INFO: Epoch 22 | Step 1/196 | Loss: 0.5934 | Acc: 77.73%
[2025-05-29 10:20:10,769] INFO: Epoch 22 | Step 101/196 | Loss: 0.6321 | Acc: 77.86%
[2025-05-29 10:20:27,016] INFO: Epoch 22 training completed
[2025-05-29 10:20:29,105] INFO: Test Loss: 0.7561 | Test Acc: 73.58%
[2025-05-29 10:20:29,503] INFO: Epoch 23 | Step 1/196 | Loss: 0.6001 | Acc: 81.64%
[2025-05-29 10:20:46,712] INFO: Epoch 23 | Step 101/196 | Loss: 0.6071 | Acc: 79.05%
[2025-05-29 10:21:02,968] INFO: Epoch 23 training completed
[2025-05-29 10:21:05,045] INFO: Test Loss: 0.7077 | Test Acc: 75.55%
[2025-05-29 10:21:05,151] INFO: New best accuracy: 75.55%, model saved.
[2025-05-29 10:21:05,555] INFO: Epoch 24 | Step 1/196 | Loss: 0.6970 | Acc: 79.30%
[2025-05-29 10:21:22,761] INFO: Epoch 24 | Step 101/196 | Loss: 0.5930 | Acc: 79.53%
[2025-05-29 10:21:39,011] INFO: Epoch 24 training completed
[2025-05-29 10:21:41,091] INFO: Test Loss: 0.6718 | Test Acc: 76.83%
[2025-05-29 10:21:41,197] INFO: New best accuracy: 76.83%, model saved.
[2025-05-29 10:21:41,592] INFO: Epoch 25 | Step 1/196 | Loss: 0.5255 | Acc: 81.25%
[2025-05-29 10:21:58,804] INFO: Epoch 25 | Step 101/196 | Loss: 0.5626 | Acc: 80.42%
[2025-05-29 10:22:15,057] INFO: Epoch 25 training completed
[2025-05-29 10:22:17,149] INFO: Test Loss: 0.7983 | Test Acc: 71.47%
[2025-05-29 10:22:17,551] INFO: Epoch 26 | Step 1/196 | Loss: 0.5440 | Acc: 81.25%
[2025-05-29 10:22:34,763] INFO: Epoch 26 | Step 101/196 | Loss: 0.5425 | Acc: 81.44%
[2025-05-29 10:22:51,027] INFO: Epoch 26 training completed
[2025-05-29 10:22:53,115] INFO: Test Loss: 0.6503 | Test Acc: 77.87%
[2025-05-29 10:22:53,220] INFO: New best accuracy: 77.87%, model saved.
[2025-05-29 10:22:53,626] INFO: Epoch 27 | Step 1/196 | Loss: 0.4812 | Acc: 81.64%
[2025-05-29 10:23:10,835] INFO: Epoch 27 | Step 101/196 | Loss: 0.5273 | Acc: 82.00%
[2025-05-29 10:23:27,088] INFO: Epoch 27 training completed
[2025-05-29 10:23:29,169] INFO: Test Loss: 0.5869 | Test Acc: 79.86%
[2025-05-29 10:23:29,273] INFO: New best accuracy: 79.86%, model saved.
[2025-05-29 10:23:29,673] INFO: Epoch 28 | Step 1/196 | Loss: 0.5334 | Acc: 82.42%
[2025-05-29 10:23:46,912] INFO: Epoch 28 | Step 101/196 | Loss: 0.5180 | Acc: 82.37%
[2025-05-29 10:24:03,234] INFO: Epoch 28 training completed
[2025-05-29 10:24:05,317] INFO: Test Loss: 0.6915 | Test Acc: 76.20%
[2025-05-29 10:24:05,725] INFO: Epoch 29 | Step 1/196 | Loss: 0.4990 | Acc: 81.25%
[2025-05-29 10:24:22,963] INFO: Epoch 29 | Step 101/196 | Loss: 0.5038 | Acc: 82.99%
[2025-05-29 10:24:39,223] INFO: Epoch 29 training completed
[2025-05-29 10:24:41,306] INFO: Test Loss: 0.7634 | Test Acc: 73.55%
[2025-05-29 10:24:41,700] INFO: Epoch 30 | Step 1/196 | Loss: 0.5488 | Acc: 82.03%
[2025-05-29 10:24:58,919] INFO: Epoch 30 | Step 101/196 | Loss: 0.4957 | Acc: 83.44%
[2025-05-29 10:25:15,175] INFO: Epoch 30 training completed
[2025-05-29 10:25:17,254] INFO: Test Loss: 0.6450 | Test Acc: 78.13%
[2025-05-29 10:25:17,659] INFO: Epoch 31 | Step 1/196 | Loss: 0.5454 | Acc: 82.03%
[2025-05-29 10:25:34,872] INFO: Epoch 31 | Step 101/196 | Loss: 0.4963 | Acc: 83.29%
[2025-05-29 10:25:51,126] INFO: Epoch 31 training completed
[2025-05-29 10:25:53,212] INFO: Test Loss: 0.6206 | Test Acc: 78.73%
[2025-05-29 10:25:53,624] INFO: Epoch 32 | Step 1/196 | Loss: 0.5599 | Acc: 81.64%
[2025-05-29 10:26:10,833] INFO: Epoch 32 | Step 101/196 | Loss: 0.4866 | Acc: 83.74%
[2025-05-29 10:26:27,080] INFO: Epoch 32 training completed
[2025-05-29 10:26:29,160] INFO: Test Loss: 0.7529 | Test Acc: 74.27%
[2025-05-29 10:26:29,572] INFO: Epoch 33 | Step 1/196 | Loss: 0.5317 | Acc: 83.20%
[2025-05-29 10:26:46,777] INFO: Epoch 33 | Step 101/196 | Loss: 0.4761 | Acc: 84.10%
[2025-05-29 10:27:03,037] INFO: Epoch 33 training completed
[2025-05-29 10:27:05,124] INFO: Test Loss: 0.6904 | Test Acc: 76.43%
[2025-05-29 10:27:05,528] INFO: Epoch 34 | Step 1/196 | Loss: 0.5223 | Acc: 83.59%
[2025-05-29 10:27:22,737] INFO: Epoch 34 | Step 101/196 | Loss: 0.4751 | Acc: 84.17%
[2025-05-29 10:27:38,990] INFO: Epoch 34 training completed
[2025-05-29 10:27:41,067] INFO: Test Loss: 0.5940 | Test Acc: 80.05%
[2025-05-29 10:27:41,171] INFO: New best accuracy: 80.05%, model saved.
[2025-05-29 10:27:41,568] INFO: Epoch 35 | Step 1/196 | Loss: 0.4758 | Acc: 85.16%
[2025-05-29 10:27:58,779] INFO: Epoch 35 | Step 101/196 | Loss: 0.4711 | Acc: 84.77%
[2025-05-29 10:28:15,057] INFO: Epoch 35 training completed
[2025-05-29 10:28:17,137] INFO: Test Loss: 0.6397 | Test Acc: 78.33%
[2025-05-29 10:28:17,551] INFO: Epoch 36 | Step 1/196 | Loss: 0.4720 | Acc: 84.77%
[2025-05-29 10:28:34,758] INFO: Epoch 36 | Step 101/196 | Loss: 0.4683 | Acc: 84.56%
[2025-05-29 10:28:51,011] INFO: Epoch 36 training completed
[2025-05-29 10:28:53,101] INFO: Test Loss: 0.7928 | Test Acc: 73.35%
[2025-05-29 10:28:53,500] INFO: Epoch 37 | Step 1/196 | Loss: 0.5171 | Acc: 82.03%
[2025-05-29 10:29:10,715] INFO: Epoch 37 | Step 101/196 | Loss: 0.4793 | Acc: 84.34%
[2025-05-29 10:29:26,969] INFO: Epoch 37 training completed
[2025-05-29 10:29:29,057] INFO: Test Loss: 0.8320 | Test Acc: 72.30%
[2025-05-29 10:29:29,467] INFO: Epoch 38 | Step 1/196 | Loss: 0.5287 | Acc: 82.81%
[2025-05-29 10:29:46,674] INFO: Epoch 38 | Step 101/196 | Loss: 0.4787 | Acc: 84.43%
[2025-05-29 10:30:02,929] INFO: Epoch 38 training completed
[2025-05-29 10:30:05,013] INFO: Test Loss: 0.7636 | Test Acc: 75.16%
[2025-05-29 10:30:05,431] INFO: Epoch 39 | Step 1/196 | Loss: 0.4442 | Acc: 85.16%
[2025-05-29 10:30:22,648] INFO: Epoch 39 | Step 101/196 | Loss: 0.4780 | Acc: 84.48%
[2025-05-29 10:30:38,902] INFO: Epoch 39 training completed
[2025-05-29 10:30:40,982] INFO: Test Loss: 0.5973 | Test Acc: 80.22%
[2025-05-29 10:30:41,088] INFO: New best accuracy: 80.22%, model saved.
[2025-05-29 10:30:41,485] INFO: Epoch 40 | Step 1/196 | Loss: 0.5022 | Acc: 83.59%
[2025-05-29 10:30:58,702] INFO: Epoch 40 | Step 101/196 | Loss: 0.4725 | Acc: 84.77%
[2025-05-29 10:31:14,955] INFO: Epoch 40 training completed
[2025-05-29 10:31:17,034] INFO: Test Loss: 0.7135 | Test Acc: 75.89%
[2025-05-29 10:31:17,429] INFO: Epoch 41 | Step 1/196 | Loss: 0.4383 | Acc: 85.94%
[2025-05-29 10:31:34,643] INFO: Epoch 41 | Step 101/196 | Loss: 0.4837 | Acc: 84.40%
[2025-05-29 10:31:50,938] INFO: Epoch 41 training completed
[2025-05-29 10:31:53,020] INFO: Test Loss: 0.7501 | Test Acc: 75.69%
[2025-05-29 10:31:53,428] INFO: Epoch 42 | Step 1/196 | Loss: 0.4542 | Acc: 87.50%
[2025-05-29 10:32:10,640] INFO: Epoch 42 | Step 101/196 | Loss: 0.4750 | Acc: 84.75%
[2025-05-29 10:32:26,890] INFO: Epoch 42 training completed
[2025-05-29 10:32:28,972] INFO: Test Loss: 0.7216 | Test Acc: 76.80%
[2025-05-29 10:32:29,379] INFO: Epoch 43 | Step 1/196 | Loss: 0.5029 | Acc: 84.38%
[2025-05-29 10:32:46,593] INFO: Epoch 43 | Step 101/196 | Loss: 0.4819 | Acc: 84.33%
[2025-05-29 10:33:02,851] INFO: Epoch 43 training completed
[2025-05-29 10:33:04,935] INFO: Test Loss: 0.9377 | Test Acc: 68.77%
[2025-05-29 10:33:05,344] INFO: Epoch 44 | Step 1/196 | Loss: 0.4613 | Acc: 86.33%
[2025-05-29 10:33:22,554] INFO: Epoch 44 | Step 101/196 | Loss: 0.4769 | Acc: 84.54%
[2025-05-29 10:33:38,807] INFO: Epoch 44 training completed
[2025-05-29 10:33:40,895] INFO: Test Loss: 0.8551 | Test Acc: 71.40%
[2025-05-29 10:33:41,294] INFO: Epoch 45 | Step 1/196 | Loss: 0.6480 | Acc: 78.12%
[2025-05-29 10:33:58,513] INFO: Epoch 45 | Step 101/196 | Loss: 0.4879 | Acc: 84.22%
[2025-05-29 10:34:14,770] INFO: Epoch 45 training completed
[2025-05-29 10:34:16,857] INFO: Test Loss: 0.6708 | Test Acc: 78.36%
[2025-05-29 10:34:17,267] INFO: Epoch 46 | Step 1/196 | Loss: 0.4111 | Acc: 86.33%
[2025-05-29 10:34:34,469] INFO: Epoch 46 | Step 101/196 | Loss: 0.4738 | Acc: 84.97%
[2025-05-29 10:34:50,720] INFO: Epoch 46 training completed
[2025-05-29 10:34:52,802] INFO: Test Loss: 0.6563 | Test Acc: 78.55%
[2025-05-29 10:34:53,210] INFO: Epoch 47 | Step 1/196 | Loss: 0.4990 | Acc: 82.81%
[2025-05-29 10:35:10,419] INFO: Epoch 47 | Step 101/196 | Loss: 0.4791 | Acc: 84.77%
[2025-05-29 10:35:26,669] INFO: Epoch 47 training completed
[2025-05-29 10:35:28,752] INFO: Test Loss: 0.8782 | Test Acc: 71.46%
[2025-05-29 10:35:29,168] INFO: Epoch 48 | Step 1/196 | Loss: 0.5058 | Acc: 83.20%
[2025-05-29 10:35:46,371] INFO: Epoch 48 | Step 101/196 | Loss: 0.4790 | Acc: 84.71%
[2025-05-29 10:36:02,625] INFO: Epoch 48 training completed
[2025-05-29 10:36:04,716] INFO: Test Loss: 0.8190 | Test Acc: 73.37%
[2025-05-29 10:36:05,120] INFO: Epoch 49 | Step 1/196 | Loss: 0.5140 | Acc: 82.42%
[2025-05-29 10:36:22,328] INFO: Epoch 49 | Step 101/196 | Loss: 0.4816 | Acc: 84.43%
[2025-05-29 10:36:38,581] INFO: Epoch 49 training completed
[2025-05-29 10:36:40,662] INFO: Test Loss: 0.6662 | Test Acc: 78.42%
[2025-05-29 10:36:41,065] INFO: Epoch 50 | Step 1/196 | Loss: 0.5641 | Acc: 82.81%
[2025-05-29 10:36:58,276] INFO: Epoch 50 | Step 101/196 | Loss: 0.4882 | Acc: 84.22%
[2025-05-29 10:37:14,530] INFO: Epoch 50 training completed
[2025-05-29 10:37:16,606] INFO: Test Loss: 0.7345 | Test Acc: 76.33%
[2025-05-29 10:37:17,014] INFO: Epoch 51 | Step 1/196 | Loss: 0.4263 | Acc: 84.38%
[2025-05-29 10:37:34,218] INFO: Epoch 51 | Step 101/196 | Loss: 0.4767 | Acc: 84.48%
[2025-05-29 10:37:50,471] INFO: Epoch 51 training completed
[2025-05-29 10:37:52,550] INFO: Test Loss: 0.7187 | Test Acc: 76.35%
[2025-05-29 10:37:52,962] INFO: Epoch 52 | Step 1/196 | Loss: 0.5140 | Acc: 82.42%
[2025-05-29 10:38:10,170] INFO: Epoch 52 | Step 101/196 | Loss: 0.4795 | Acc: 84.44%
[2025-05-29 10:38:26,424] INFO: Epoch 52 training completed
[2025-05-29 10:38:28,511] INFO: Test Loss: 0.8658 | Test Acc: 72.49%
[2025-05-29 10:38:29,004] INFO: Epoch 53 | Step 1/196 | Loss: 0.4083 | Acc: 87.89%
[2025-05-29 10:38:46,213] INFO: Epoch 53 | Step 101/196 | Loss: 0.4760 | Acc: 84.40%
[2025-05-29 10:39:02,464] INFO: Epoch 53 training completed
[2025-05-29 10:39:04,554] INFO: Test Loss: 0.6220 | Test Acc: 79.64%
[2025-05-29 10:39:04,964] INFO: Epoch 54 | Step 1/196 | Loss: 0.3915 | Acc: 89.06%
[2025-05-29 10:39:22,169] INFO: Epoch 54 | Step 101/196 | Loss: 0.4769 | Acc: 84.65%
[2025-05-29 10:39:38,423] INFO: Epoch 54 training completed
[2025-05-29 10:39:40,505] INFO: Test Loss: 0.7552 | Test Acc: 74.16%
[2025-05-29 10:39:40,910] INFO: Epoch 55 | Step 1/196 | Loss: 0.5115 | Acc: 84.38%
[2025-05-29 10:39:58,126] INFO: Epoch 55 | Step 101/196 | Loss: 0.4833 | Acc: 84.52%
[2025-05-29 10:40:14,379] INFO: Epoch 55 training completed
[2025-05-29 10:40:16,467] INFO: Test Loss: 0.7557 | Test Acc: 75.33%
[2025-05-29 10:40:16,868] INFO: Epoch 56 | Step 1/196 | Loss: 0.6418 | Acc: 78.91%
[2025-05-29 10:40:34,072] INFO: Epoch 56 | Step 101/196 | Loss: 0.4883 | Acc: 84.44%
[2025-05-29 10:40:50,327] INFO: Epoch 56 training completed
[2025-05-29 10:40:52,406] INFO: Test Loss: 1.1762 | Test Acc: 62.52%
[2025-05-29 10:40:52,901] INFO: Epoch 57 | Step 1/196 | Loss: 0.4671 | Acc: 81.64%
[2025-05-29 10:41:10,106] INFO: Epoch 57 | Step 101/196 | Loss: 0.4873 | Acc: 84.23%
[2025-05-29 10:41:26,356] INFO: Epoch 57 training completed
[2025-05-29 10:41:28,433] INFO: Test Loss: 0.9769 | Test Acc: 68.06%
[2025-05-29 10:41:28,850] INFO: Epoch 58 | Step 1/196 | Loss: 0.6380 | Acc: 79.69%
[2025-05-29 10:41:46,055] INFO: Epoch 58 | Step 101/196 | Loss: 0.4869 | Acc: 84.41%
[2025-05-29 10:42:02,310] INFO: Epoch 58 training completed
[2025-05-29 10:42:04,395] INFO: Test Loss: 0.8680 | Test Acc: 72.25%
[2025-05-29 10:42:04,795] INFO: Epoch 59 | Step 1/196 | Loss: 0.4214 | Acc: 86.72%
[2025-05-29 10:42:22,000] INFO: Epoch 59 | Step 101/196 | Loss: 0.4785 | Acc: 84.61%
[2025-05-29 10:42:38,250] INFO: Epoch 59 training completed
[2025-05-29 10:42:40,336] INFO: Test Loss: 0.7397 | Test Acc: 75.76%
[2025-05-29 10:42:40,744] INFO: Epoch 60 | Step 1/196 | Loss: 0.5658 | Acc: 80.86%
[2025-05-29 10:42:57,960] INFO: Epoch 60 | Step 101/196 | Loss: 0.4849 | Acc: 84.33%
[2025-05-29 10:43:14,227] INFO: Epoch 60 training completed
[2025-05-29 10:43:16,307] INFO: Test Loss: 0.8203 | Test Acc: 72.65%
[2025-05-29 10:43:16,803] INFO: Epoch 61 | Step 1/196 | Loss: 0.5182 | Acc: 83.98%
[2025-05-29 10:43:34,005] INFO: Epoch 61 | Step 101/196 | Loss: 0.4909 | Acc: 84.05%
[2025-05-29 10:43:50,254] INFO: Epoch 61 training completed
[2025-05-29 10:43:52,337] INFO: Test Loss: 0.9142 | Test Acc: 70.15%
[2025-05-29 10:43:52,749] INFO: Epoch 62 | Step 1/196 | Loss: 0.4435 | Acc: 85.55%
[2025-05-29 10:44:09,965] INFO: Epoch 62 | Step 101/196 | Loss: 0.4763 | Acc: 84.71%
[2025-05-29 10:44:26,212] INFO: Epoch 62 training completed
[2025-05-29 10:44:28,302] INFO: Test Loss: 0.7189 | Test Acc: 75.22%
[2025-05-29 10:44:28,704] INFO: Epoch 63 | Step 1/196 | Loss: 0.5669 | Acc: 82.42%
[2025-05-29 10:44:45,906] INFO: Epoch 63 | Step 101/196 | Loss: 0.4754 | Acc: 84.59%
[2025-05-29 10:45:02,156] INFO: Epoch 63 training completed
[2025-05-29 10:45:04,248] INFO: Test Loss: 0.5959 | Test Acc: 80.46%
[2025-05-29 10:45:04,353] INFO: New best accuracy: 80.46%, model saved.
[2025-05-29 10:45:04,754] INFO: Epoch 64 | Step 1/196 | Loss: 0.4595 | Acc: 85.16%
[2025-05-29 10:45:21,955] INFO: Epoch 64 | Step 101/196 | Loss: 0.4743 | Acc: 84.67%
[2025-05-29 10:45:38,205] INFO: Epoch 64 training completed
[2025-05-29 10:45:40,289] INFO: Test Loss: 0.8085 | Test Acc: 73.52%
[2025-05-29 10:45:40,789] INFO: Epoch 65 | Step 1/196 | Loss: 0.5920 | Acc: 84.38%
[2025-05-29 10:45:57,999] INFO: Epoch 65 | Step 101/196 | Loss: 0.4686 | Acc: 85.13%
[2025-05-29 10:46:14,254] INFO: Epoch 65 training completed
[2025-05-29 10:46:16,337] INFO: Test Loss: 0.6844 | Test Acc: 77.34%
[2025-05-29 10:46:16,734] INFO: Epoch 66 | Step 1/196 | Loss: 0.4642 | Acc: 85.55%
[2025-05-29 10:46:33,939] INFO: Epoch 66 | Step 101/196 | Loss: 0.4790 | Acc: 84.54%
[2025-05-29 10:46:50,188] INFO: Epoch 66 training completed
[2025-05-29 10:46:52,268] INFO: Test Loss: 0.8732 | Test Acc: 71.44%
[2025-05-29 10:46:52,665] INFO: Epoch 67 | Step 1/196 | Loss: 0.4922 | Acc: 83.20%
[2025-05-29 10:47:09,870] INFO: Epoch 67 | Step 101/196 | Loss: 0.4802 | Acc: 84.63%
[2025-05-29 10:47:26,116] INFO: Epoch 67 training completed
[2025-05-29 10:47:28,197] INFO: Test Loss: 0.6345 | Test Acc: 78.63%
[2025-05-29 10:47:28,609] INFO: Epoch 68 | Step 1/196 | Loss: 0.5264 | Acc: 84.77%
[2025-05-29 10:47:45,810] INFO: Epoch 68 | Step 101/196 | Loss: 0.4824 | Acc: 84.49%
[2025-05-29 10:48:02,060] INFO: Epoch 68 training completed
[2025-05-29 10:48:04,144] INFO: Test Loss: 1.0211 | Test Acc: 66.49%
[2025-05-29 10:48:04,641] INFO: Epoch 69 | Step 1/196 | Loss: 0.6820 | Acc: 79.69%
[2025-05-29 10:48:21,846] INFO: Epoch 69 | Step 101/196 | Loss: 0.4861 | Acc: 84.41%
[2025-05-29 10:48:38,095] INFO: Epoch 69 training completed
[2025-05-29 10:48:40,183] INFO: Test Loss: 0.7458 | Test Acc: 75.20%
[2025-05-29 10:48:40,590] INFO: Epoch 70 | Step 1/196 | Loss: 0.5274 | Acc: 82.03%
[2025-05-29 10:48:57,793] INFO: Epoch 70 | Step 101/196 | Loss: 0.4751 | Acc: 84.62%
[2025-05-29 10:49:14,048] INFO: Epoch 70 training completed
[2025-05-29 10:49:16,131] INFO: Test Loss: 1.1592 | Test Acc: 62.98%
[2025-05-29 10:49:16,534] INFO: Epoch 71 | Step 1/196 | Loss: 0.5317 | Acc: 82.81%
[2025-05-29 10:49:33,738] INFO: Epoch 71 | Step 101/196 | Loss: 0.4841 | Acc: 84.34%
[2025-05-29 10:49:49,989] INFO: Epoch 71 training completed
[2025-05-29 10:49:52,076] INFO: Test Loss: 0.7021 | Test Acc: 76.20%
[2025-05-29 10:49:52,483] INFO: Epoch 72 | Step 1/196 | Loss: 0.4473 | Acc: 85.55%
[2025-05-29 10:50:09,691] INFO: Epoch 72 | Step 101/196 | Loss: 0.4724 | Acc: 84.89%
[2025-05-29 10:50:25,942] INFO: Epoch 72 training completed
[2025-05-29 10:50:28,034] INFO: Test Loss: 0.9006 | Test Acc: 70.51%
[2025-05-29 10:50:28,437] INFO: Epoch 73 | Step 1/196 | Loss: 0.4297 | Acc: 88.28%
[2025-05-29 10:50:45,641] INFO: Epoch 73 | Step 101/196 | Loss: 0.4684 | Acc: 84.97%
[2025-05-29 10:51:01,894] INFO: Epoch 73 training completed
[2025-05-29 10:51:03,974] INFO: Test Loss: 0.7911 | Test Acc: 74.41%
[2025-05-29 10:51:04,385] INFO: Epoch 74 | Step 1/196 | Loss: 0.4495 | Acc: 87.50%
[2025-05-29 10:51:21,590] INFO: Epoch 74 | Step 101/196 | Loss: 0.4700 | Acc: 84.84%
[2025-05-29 10:51:37,838] INFO: Epoch 74 training completed
[2025-05-29 10:51:39,920] INFO: Test Loss: 0.7620 | Test Acc: 75.93%
[2025-05-29 10:51:40,320] INFO: Epoch 75 | Step 1/196 | Loss: 0.4800 | Acc: 83.20%
[2025-05-29 10:51:57,528] INFO: Epoch 75 | Step 101/196 | Loss: 0.4640 | Acc: 85.38%
[2025-05-29 10:52:13,792] INFO: Epoch 75 training completed
[2025-05-29 10:52:15,878] INFO: Test Loss: 0.7821 | Test Acc: 74.30%
[2025-05-29 10:52:16,283] INFO: Epoch 76 | Step 1/196 | Loss: 0.5009 | Acc: 82.42%
[2025-05-29 10:52:33,480] INFO: Epoch 76 | Step 101/196 | Loss: 0.4650 | Acc: 84.92%
[2025-05-29 10:52:49,726] INFO: Epoch 76 training completed
[2025-05-29 10:52:51,813] INFO: Test Loss: 0.9780 | Test Acc: 70.38%
[2025-05-29 10:52:52,221] INFO: Epoch 77 | Step 1/196 | Loss: 0.5307 | Acc: 83.59%
[2025-05-29 10:53:09,425] INFO: Epoch 77 | Step 101/196 | Loss: 0.4636 | Acc: 84.77%
[2025-05-29 10:53:25,677] INFO: Epoch 77 training completed
[2025-05-29 10:53:27,761] INFO: Test Loss: 0.7170 | Test Acc: 76.64%
[2025-05-29 10:53:28,165] INFO: Epoch 78 | Step 1/196 | Loss: 0.5153 | Acc: 84.38%
[2025-05-29 10:53:45,368] INFO: Epoch 78 | Step 101/196 | Loss: 0.4599 | Acc: 85.15%
[2025-05-29 10:54:01,626] INFO: Epoch 78 training completed
[2025-05-29 10:54:03,710] INFO: Test Loss: 0.7725 | Test Acc: 74.70%
[2025-05-29 10:54:04,116] INFO: Epoch 79 | Step 1/196 | Loss: 0.4720 | Acc: 85.16%
[2025-05-29 10:54:21,325] INFO: Epoch 79 | Step 101/196 | Loss: 0.4686 | Acc: 85.01%
[2025-05-29 10:54:37,580] INFO: Epoch 79 training completed
[2025-05-29 10:54:39,667] INFO: Test Loss: 0.8928 | Test Acc: 73.20%
[2025-05-29 10:54:40,074] INFO: Epoch 80 | Step 1/196 | Loss: 0.4916 | Acc: 84.38%
[2025-05-29 10:54:57,278] INFO: Epoch 80 | Step 101/196 | Loss: 0.4625 | Acc: 85.19%
[2025-05-29 10:55:13,536] INFO: Epoch 80 training completed
[2025-05-29 10:55:15,620] INFO: Test Loss: 0.8064 | Test Acc: 73.62%
[2025-05-29 10:55:16,022] INFO: Epoch 81 | Step 1/196 | Loss: 0.6048 | Acc: 79.69%
[2025-05-29 10:55:33,218] INFO: Epoch 81 | Step 101/196 | Loss: 0.4597 | Acc: 85.33%
[2025-05-29 10:55:49,460] INFO: Epoch 81 training completed
[2025-05-29 10:55:51,546] INFO: Test Loss: 0.7848 | Test Acc: 75.03%
[2025-05-29 10:55:51,952] INFO: Epoch 82 | Step 1/196 | Loss: 0.4648 | Acc: 85.16%
[2025-05-29 10:56:09,152] INFO: Epoch 82 | Step 101/196 | Loss: 0.4602 | Acc: 85.25%
[2025-05-29 10:56:25,398] INFO: Epoch 82 training completed
[2025-05-29 10:56:27,477] INFO: Test Loss: 0.9339 | Test Acc: 68.83%
[2025-05-29 10:56:27,883] INFO: Epoch 83 | Step 1/196 | Loss: 0.3764 | Acc: 87.50%
[2025-05-29 10:56:45,083] INFO: Epoch 83 | Step 101/196 | Loss: 0.4628 | Acc: 85.18%
[2025-05-29 10:57:01,331] INFO: Epoch 83 training completed
[2025-05-29 10:57:03,414] INFO: Test Loss: 0.7316 | Test Acc: 75.59%
[2025-05-29 10:57:03,819] INFO: Epoch 84 | Step 1/196 | Loss: 0.4413 | Acc: 87.11%
[2025-05-29 10:57:21,020] INFO: Epoch 84 | Step 101/196 | Loss: 0.4627 | Acc: 85.07%
[2025-05-29 10:57:37,264] INFO: Epoch 84 training completed
[2025-05-29 10:57:39,350] INFO: Test Loss: 0.6645 | Test Acc: 78.32%
[2025-05-29 10:57:39,752] INFO: Epoch 85 | Step 1/196 | Loss: 0.4238 | Acc: 86.72%
[2025-05-29 10:57:56,952] INFO: Epoch 85 | Step 101/196 | Loss: 0.4555 | Acc: 85.37%
[2025-05-29 10:58:13,228] INFO: Epoch 85 training completed
[2025-05-29 10:58:15,318] INFO: Test Loss: 0.6989 | Test Acc: 77.25%
[2025-05-29 10:58:15,718] INFO: Epoch 86 | Step 1/196 | Loss: 0.4349 | Acc: 86.72%
[2025-05-29 10:58:32,920] INFO: Epoch 86 | Step 101/196 | Loss: 0.4608 | Acc: 85.37%
[2025-05-29 10:58:49,166] INFO: Epoch 86 training completed
[2025-05-29 10:58:51,259] INFO: Test Loss: 0.6503 | Test Acc: 78.63%
[2025-05-29 10:58:51,661] INFO: Epoch 87 | Step 1/196 | Loss: 0.3982 | Acc: 87.89%
[2025-05-29 10:59:08,867] INFO: Epoch 87 | Step 101/196 | Loss: 0.4581 | Acc: 85.16%
[2025-05-29 10:59:25,113] INFO: Epoch 87 training completed
[2025-05-29 10:59:27,200] INFO: Test Loss: 0.6015 | Test Acc: 80.71%
[2025-05-29 10:59:27,398] INFO: New best accuracy: 80.71%, model saved.
[2025-05-29 10:59:27,796] INFO: Epoch 88 | Step 1/196 | Loss: 0.4250 | Acc: 84.38%
[2025-05-29 10:59:44,994] INFO: Epoch 88 | Step 101/196 | Loss: 0.4425 | Acc: 85.77%
[2025-05-29 11:00:01,242] INFO: Epoch 88 training completed
[2025-05-29 11:00:03,324] INFO: Test Loss: 1.0577 | Test Acc: 64.77%
[2025-05-29 11:00:03,733] INFO: Epoch 89 | Step 1/196 | Loss: 0.4090 | Acc: 87.11%
[2025-05-29 11:00:20,933] INFO: Epoch 89 | Step 101/196 | Loss: 0.4532 | Acc: 85.48%
[2025-05-29 11:00:37,175] INFO: Epoch 89 training completed
[2025-05-29 11:00:39,254] INFO: Test Loss: 0.6540 | Test Acc: 78.98%
[2025-05-29 11:00:39,662] INFO: Epoch 90 | Step 1/196 | Loss: 0.3101 | Acc: 92.58%
[2025-05-29 11:00:56,862] INFO: Epoch 90 | Step 101/196 | Loss: 0.4511 | Acc: 85.62%
[2025-05-29 11:01:13,114] INFO: Epoch 90 training completed
[2025-05-29 11:01:15,196] INFO: Test Loss: 0.7490 | Test Acc: 75.41%
[2025-05-29 11:01:15,607] INFO: Epoch 91 | Step 1/196 | Loss: 0.4555 | Acc: 85.94%
[2025-05-29 11:01:32,807] INFO: Epoch 91 | Step 101/196 | Loss: 0.4576 | Acc: 85.30%
[2025-05-29 11:01:49,054] INFO: Epoch 91 training completed
[2025-05-29 11:01:51,147] INFO: Test Loss: 0.9007 | Test Acc: 71.68%
[2025-05-29 11:01:51,554] INFO: Epoch 92 | Step 1/196 | Loss: 0.4544 | Acc: 87.50%
[2025-05-29 11:02:08,753] INFO: Epoch 92 | Step 101/196 | Loss: 0.4502 | Acc: 85.57%
[2025-05-29 11:02:24,993] INFO: Epoch 92 training completed
[2025-05-29 11:02:27,083] INFO: Test Loss: 0.5924 | Test Acc: 79.90%
[2025-05-29 11:02:27,488] INFO: Epoch 93 | Step 1/196 | Loss: 0.3999 | Acc: 87.50%
[2025-05-29 11:02:44,684] INFO: Epoch 93 | Step 101/196 | Loss: 0.4365 | Acc: 85.98%
[2025-05-29 11:03:00,934] INFO: Epoch 93 training completed
[2025-05-29 11:03:03,013] INFO: Test Loss: 0.6632 | Test Acc: 77.98%
[2025-05-29 11:03:03,420] INFO: Epoch 94 | Step 1/196 | Loss: 0.4390 | Acc: 87.11%
[2025-05-29 11:03:20,620] INFO: Epoch 94 | Step 101/196 | Loss: 0.4469 | Acc: 85.78%
[2025-05-29 11:03:36,863] INFO: Epoch 94 training completed
[2025-05-29 11:03:38,952] INFO: Test Loss: 0.6626 | Test Acc: 78.37%
[2025-05-29 11:03:39,356] INFO: Epoch 95 | Step 1/196 | Loss: 0.5192 | Acc: 82.42%
[2025-05-29 11:03:56,552] INFO: Epoch 95 | Step 101/196 | Loss: 0.4418 | Acc: 85.83%
[2025-05-29 11:04:12,810] INFO: Epoch 95 training completed
[2025-05-29 11:04:14,895] INFO: Test Loss: 0.6694 | Test Acc: 77.87%
[2025-05-29 11:04:15,304] INFO: Epoch 96 | Step 1/196 | Loss: 0.4274 | Acc: 87.89%
[2025-05-29 11:04:32,499] INFO: Epoch 96 | Step 101/196 | Loss: 0.4370 | Acc: 86.07%
[2025-05-29 11:04:48,743] INFO: Epoch 96 training completed
[2025-05-29 11:04:50,826] INFO: Test Loss: 0.8746 | Test Acc: 70.87%
[2025-05-29 11:04:51,224] INFO: Epoch 97 | Step 1/196 | Loss: 0.4949 | Acc: 85.16%
[2025-05-29 11:05:08,425] INFO: Epoch 97 | Step 101/196 | Loss: 0.4374 | Acc: 86.07%
[2025-05-29 11:05:24,681] INFO: Epoch 97 training completed
[2025-05-29 11:05:26,772] INFO: Test Loss: 0.5750 | Test Acc: 80.89%
[2025-05-29 11:05:26,877] INFO: New best accuracy: 80.89%, model saved.
[2025-05-29 11:05:27,286] INFO: Epoch 98 | Step 1/196 | Loss: 0.4172 | Acc: 86.33%
[2025-05-29 11:05:44,480] INFO: Epoch 98 | Step 101/196 | Loss: 0.4309 | Acc: 86.40%
[2025-05-29 11:06:00,733] INFO: Epoch 98 training completed
[2025-05-29 11:06:02,825] INFO: Test Loss: 0.9307 | Test Acc: 69.78%
[2025-05-29 11:06:03,229] INFO: Epoch 99 | Step 1/196 | Loss: 0.4510 | Acc: 84.77%
[2025-05-29 11:06:20,430] INFO: Epoch 99 | Step 101/196 | Loss: 0.4348 | Acc: 85.91%
[2025-05-29 11:06:36,673] INFO: Epoch 99 training completed
[2025-05-29 11:06:38,756] INFO: Test Loss: 0.6110 | Test Acc: 79.90%
[2025-05-29 11:06:39,153] INFO: Epoch 100 | Step 1/196 | Loss: 0.3332 | Acc: 90.23%
[2025-05-29 11:06:56,351] INFO: Epoch 100 | Step 101/196 | Loss: 0.4262 | Acc: 86.56%
[2025-05-29 11:07:12,605] INFO: Epoch 100 training completed
[2025-05-29 11:07:14,687] INFO: Test Loss: 0.7361 | Test Acc: 75.45%
[2025-05-29 11:07:15,100] INFO: Epoch 101 | Step 1/196 | Loss: 0.5062 | Acc: 83.20%
[2025-05-29 11:07:32,306] INFO: Epoch 101 | Step 101/196 | Loss: 0.4333 | Acc: 86.09%
[2025-05-29 11:07:48,554] INFO: Epoch 101 training completed
[2025-05-29 11:07:50,639] INFO: Test Loss: 0.7076 | Test Acc: 76.79%
[2025-05-29 11:07:51,034] INFO: Epoch 102 | Step 1/196 | Loss: 0.4004 | Acc: 87.89%
[2025-05-29 11:08:08,233] INFO: Epoch 102 | Step 101/196 | Loss: 0.4252 | Acc: 86.52%
[2025-05-29 11:08:24,478] INFO: Epoch 102 training completed
[2025-05-29 11:08:26,557] INFO: Test Loss: 0.5175 | Test Acc: 82.71%
[2025-05-29 11:08:26,757] INFO: New best accuracy: 82.71%, model saved.
[2025-05-29 11:08:27,166] INFO: Epoch 103 | Step 1/196 | Loss: 0.5180 | Acc: 83.59%
[2025-05-29 11:08:44,364] INFO: Epoch 103 | Step 101/196 | Loss: 0.4210 | Acc: 86.63%
[2025-05-29 11:09:00,615] INFO: Epoch 103 training completed
[2025-05-29 11:09:02,701] INFO: Test Loss: 1.0439 | Test Acc: 66.71%
[2025-05-29 11:09:03,106] INFO: Epoch 104 | Step 1/196 | Loss: 0.3620 | Acc: 89.84%
[2025-05-29 11:09:20,301] INFO: Epoch 104 | Step 101/196 | Loss: 0.4265 | Acc: 86.29%
[2025-05-29 11:09:36,539] INFO: Epoch 104 training completed
[2025-05-29 11:09:38,615] INFO: Test Loss: 1.0862 | Test Acc: 63.16%
[2025-05-29 11:09:39,016] INFO: Epoch 105 | Step 1/196 | Loss: 0.4496 | Acc: 85.55%
[2025-05-29 11:09:56,218] INFO: Epoch 105 | Step 101/196 | Loss: 0.4179 | Acc: 86.73%
[2025-05-29 11:10:12,479] INFO: Epoch 105 training completed
[2025-05-29 11:10:14,565] INFO: Test Loss: 0.8018 | Test Acc: 72.23%
[2025-05-29 11:10:14,966] INFO: Epoch 106 | Step 1/196 | Loss: 0.4223 | Acc: 85.55%
[2025-05-29 11:10:32,169] INFO: Epoch 106 | Step 101/196 | Loss: 0.4268 | Acc: 86.34%
[2025-05-29 11:10:48,421] INFO: Epoch 106 training completed
[2025-05-29 11:10:50,506] INFO: Test Loss: 0.7876 | Test Acc: 74.57%
[2025-05-29 11:10:50,915] INFO: Epoch 107 | Step 1/196 | Loss: 0.3869 | Acc: 87.50%
[2025-05-29 11:11:08,118] INFO: Epoch 107 | Step 101/196 | Loss: 0.4165 | Acc: 86.73%
[2025-05-29 11:11:24,360] INFO: Epoch 107 training completed
[2025-05-29 11:11:26,444] INFO: Test Loss: 0.7173 | Test Acc: 75.13%
[2025-05-29 11:11:26,851] INFO: Epoch 108 | Step 1/196 | Loss: 0.4118 | Acc: 89.06%
[2025-05-29 11:11:44,039] INFO: Epoch 108 | Step 101/196 | Loss: 0.4186 | Acc: 86.76%
[2025-05-29 11:12:00,288] INFO: Epoch 108 training completed
[2025-05-29 11:12:02,367] INFO: Test Loss: 0.6238 | Test Acc: 79.36%
[2025-05-29 11:12:02,768] INFO: Epoch 109 | Step 1/196 | Loss: 0.4092 | Acc: 88.28%
[2025-05-29 11:12:19,967] INFO: Epoch 109 | Step 101/196 | Loss: 0.4076 | Acc: 86.79%
[2025-05-29 11:12:36,213] INFO: Epoch 109 training completed
[2025-05-29 11:12:38,311] INFO: Test Loss: 0.6223 | Test Acc: 79.12%
[2025-05-29 11:12:38,711] INFO: Epoch 110 | Step 1/196 | Loss: 0.4569 | Acc: 85.16%
[2025-05-29 11:12:55,907] INFO: Epoch 110 | Step 101/196 | Loss: 0.3972 | Acc: 87.43%
[2025-05-29 11:13:12,171] INFO: Epoch 110 training completed
[2025-05-29 11:13:14,269] INFO: Test Loss: 0.6978 | Test Acc: 76.78%
[2025-05-29 11:13:14,665] INFO: Epoch 111 | Step 1/196 | Loss: 0.4522 | Acc: 84.77%
[2025-05-29 11:13:31,868] INFO: Epoch 111 | Step 101/196 | Loss: 0.4042 | Acc: 87.17%
[2025-05-29 11:13:48,117] INFO: Epoch 111 training completed
[2025-05-29 11:13:50,195] INFO: Test Loss: 0.8439 | Test Acc: 72.85%
[2025-05-29 11:13:50,596] INFO: Epoch 112 | Step 1/196 | Loss: 0.4586 | Acc: 84.77%
[2025-05-29 11:14:07,798] INFO: Epoch 112 | Step 101/196 | Loss: 0.4083 | Acc: 87.11%
[2025-05-29 11:14:24,047] INFO: Epoch 112 training completed
[2025-05-29 11:14:26,127] INFO: Test Loss: 0.5861 | Test Acc: 80.69%
[2025-05-29 11:14:26,526] INFO: Epoch 113 | Step 1/196 | Loss: 0.4392 | Acc: 87.11%
[2025-05-29 11:14:43,727] INFO: Epoch 113 | Step 101/196 | Loss: 0.4035 | Acc: 87.26%
[2025-05-29 11:14:59,972] INFO: Epoch 113 training completed
[2025-05-29 11:15:02,056] INFO: Test Loss: 0.5809 | Test Acc: 81.15%
[2025-05-29 11:15:02,464] INFO: Epoch 114 | Step 1/196 | Loss: 0.4330 | Acc: 87.50%
[2025-05-29 11:15:19,672] INFO: Epoch 114 | Step 101/196 | Loss: 0.3996 | Acc: 87.40%
[2025-05-29 11:15:35,921] INFO: Epoch 114 training completed
[2025-05-29 11:15:38,009] INFO: Test Loss: 0.4984 | Test Acc: 83.61%
[2025-05-29 11:15:38,117] INFO: New best accuracy: 83.61%, model saved.
[2025-05-29 11:15:38,523] INFO: Epoch 115 | Step 1/196 | Loss: 0.4515 | Acc: 86.72%
[2025-05-29 11:15:55,724] INFO: Epoch 115 | Step 101/196 | Loss: 0.3940 | Acc: 87.36%
[2025-05-29 11:16:11,986] INFO: Epoch 115 training completed
[2025-05-29 11:16:14,070] INFO: Test Loss: 0.9253 | Test Acc: 70.18%
[2025-05-29 11:16:14,468] INFO: Epoch 116 | Step 1/196 | Loss: 0.2985 | Acc: 91.41%
[2025-05-29 11:16:31,665] INFO: Epoch 116 | Step 101/196 | Loss: 0.3979 | Acc: 87.28%
[2025-05-29 11:16:48,687] INFO: Epoch 116 training completed
[2025-05-29 11:16:50,777] INFO: Test Loss: 0.5992 | Test Acc: 80.65%
[2025-05-29 11:16:51,178] INFO: Epoch 117 | Step 1/196 | Loss: 0.3924 | Acc: 87.50%
[2025-05-29 11:17:08,375] INFO: Epoch 117 | Step 101/196 | Loss: 0.3949 | Acc: 87.50%
[2025-05-29 11:17:24,617] INFO: Epoch 117 training completed
[2025-05-29 11:17:26,703] INFO: Test Loss: 0.8380 | Test Acc: 72.98%
[2025-05-29 11:17:27,111] INFO: Epoch 118 | Step 1/196 | Loss: 0.3429 | Acc: 89.45%
[2025-05-29 11:17:44,305] INFO: Epoch 118 | Step 101/196 | Loss: 0.3796 | Acc: 87.98%
[2025-05-29 11:18:00,548] INFO: Epoch 118 training completed
[2025-05-29 11:18:02,626] INFO: Test Loss: 0.7185 | Test Acc: 76.78%
[2025-05-29 11:18:03,036] INFO: Epoch 119 | Step 1/196 | Loss: 0.4035 | Acc: 88.28%
[2025-05-29 11:18:20,234] INFO: Epoch 119 | Step 101/196 | Loss: 0.3920 | Acc: 87.57%
[2025-05-29 11:18:36,471] INFO: Epoch 119 training completed
[2025-05-29 11:18:38,556] INFO: Test Loss: 0.8152 | Test Acc: 74.40%
[2025-05-29 11:18:38,962] INFO: Epoch 120 | Step 1/196 | Loss: 0.3959 | Acc: 85.94%
[2025-05-29 11:18:56,154] INFO: Epoch 120 | Step 101/196 | Loss: 0.3923 | Acc: 87.70%
[2025-05-29 11:19:12,403] INFO: Epoch 120 training completed
[2025-05-29 11:19:14,484] INFO: Test Loss: 0.6099 | Test Acc: 80.62%
[2025-05-29 11:19:14,892] INFO: Epoch 121 | Step 1/196 | Loss: 0.4429 | Acc: 85.55%
[2025-05-29 11:19:32,085] INFO: Epoch 121 | Step 101/196 | Loss: 0.3838 | Acc: 88.03%
[2025-05-29 11:19:48,338] INFO: Epoch 121 training completed
[2025-05-29 11:19:50,424] INFO: Test Loss: 0.5975 | Test Acc: 80.29%
[2025-05-29 11:19:50,830] INFO: Epoch 122 | Step 1/196 | Loss: 0.3719 | Acc: 87.89%
[2025-05-29 11:20:08,031] INFO: Epoch 122 | Step 101/196 | Loss: 0.3821 | Acc: 87.83%
[2025-05-29 11:20:24,274] INFO: Epoch 122 training completed
[2025-05-29 11:20:26,363] INFO: Test Loss: 0.7531 | Test Acc: 75.80%
[2025-05-29 11:20:26,769] INFO: Epoch 123 | Step 1/196 | Loss: 0.3485 | Acc: 89.84%
[2025-05-29 11:20:43,969] INFO: Epoch 123 | Step 101/196 | Loss: 0.3765 | Acc: 88.19%
[2025-05-29 11:21:00,213] INFO: Epoch 123 training completed
[2025-05-29 11:21:02,299] INFO: Test Loss: 0.6293 | Test Acc: 79.45%
[2025-05-29 11:21:02,695] INFO: Epoch 124 | Step 1/196 | Loss: 0.4336 | Acc: 85.16%
[2025-05-29 11:21:19,902] INFO: Epoch 124 | Step 101/196 | Loss: 0.3736 | Acc: 88.30%
[2025-05-29 11:21:36,145] INFO: Epoch 124 training completed
[2025-05-29 11:21:38,225] INFO: Test Loss: 0.5473 | Test Acc: 82.32%
[2025-05-29 11:21:38,626] INFO: Epoch 125 | Step 1/196 | Loss: 0.3734 | Acc: 88.28%
[2025-05-29 11:21:55,822] INFO: Epoch 125 | Step 101/196 | Loss: 0.3618 | Acc: 88.68%
[2025-05-29 11:22:12,074] INFO: Epoch 125 training completed
[2025-05-29 11:22:14,170] INFO: Test Loss: 0.5782 | Test Acc: 80.36%
[2025-05-29 11:22:14,571] INFO: Epoch 126 | Step 1/196 | Loss: 0.3788 | Acc: 87.11%
[2025-05-29 11:22:31,772] INFO: Epoch 126 | Step 101/196 | Loss: 0.3656 | Acc: 88.21%
[2025-05-29 11:22:48,042] INFO: Epoch 126 training completed
[2025-05-29 11:22:50,128] INFO: Test Loss: 0.6441 | Test Acc: 78.74%
[2025-05-29 11:22:50,544] INFO: Epoch 127 | Step 1/196 | Loss: 0.2652 | Acc: 92.97%
[2025-05-29 11:23:07,745] INFO: Epoch 127 | Step 101/196 | Loss: 0.3661 | Acc: 88.60%
[2025-05-29 11:23:23,991] INFO: Epoch 127 training completed
[2025-05-29 11:23:26,078] INFO: Test Loss: 0.5367 | Test Acc: 82.11%
[2025-05-29 11:23:26,474] INFO: Epoch 128 | Step 1/196 | Loss: 0.3293 | Acc: 91.02%
[2025-05-29 11:23:43,671] INFO: Epoch 128 | Step 101/196 | Loss: 0.3694 | Acc: 88.24%
[2025-05-29 11:23:59,916] INFO: Epoch 128 training completed
[2025-05-29 11:24:02,004] INFO: Test Loss: 0.5711 | Test Acc: 81.23%
[2025-05-29 11:24:02,496] INFO: Epoch 129 | Step 1/196 | Loss: 0.4097 | Acc: 87.50%
[2025-05-29 11:24:19,706] INFO: Epoch 129 | Step 101/196 | Loss: 0.3564 | Acc: 88.87%
[2025-05-29 11:24:35,963] INFO: Epoch 129 training completed
[2025-05-29 11:24:38,045] INFO: Test Loss: 0.5458 | Test Acc: 82.27%
[2025-05-29 11:24:38,443] INFO: Epoch 130 | Step 1/196 | Loss: 0.3047 | Acc: 89.84%
[2025-05-29 11:24:55,641] INFO: Epoch 130 | Step 101/196 | Loss: 0.3502 | Acc: 88.86%
[2025-05-29 11:25:11,892] INFO: Epoch 130 training completed
[2025-05-29 11:25:13,981] INFO: Test Loss: 0.4911 | Test Acc: 83.74%
[2025-05-29 11:25:14,096] INFO: New best accuracy: 83.74%, model saved.
[2025-05-29 11:25:14,506] INFO: Epoch 131 | Step 1/196 | Loss: 0.3441 | Acc: 87.50%
[2025-05-29 11:25:31,708] INFO: Epoch 131 | Step 101/196 | Loss: 0.3550 | Acc: 88.92%
[2025-05-29 11:25:47,955] INFO: Epoch 131 training completed
[2025-05-29 11:25:50,041] INFO: Test Loss: 0.5081 | Test Acc: 83.63%
[2025-05-29 11:25:50,438] INFO: Epoch 132 | Step 1/196 | Loss: 0.4143 | Acc: 85.55%
[2025-05-29 11:26:07,640] INFO: Epoch 132 | Step 101/196 | Loss: 0.3361 | Acc: 89.52%
[2025-05-29 11:26:23,891] INFO: Epoch 132 training completed
[2025-05-29 11:26:25,973] INFO: Test Loss: 0.4676 | Test Acc: 85.20%
[2025-05-29 11:26:26,077] INFO: New best accuracy: 85.20%, model saved.
[2025-05-29 11:26:26,482] INFO: Epoch 133 | Step 1/196 | Loss: 0.3384 | Acc: 89.45%
[2025-05-29 11:26:43,688] INFO: Epoch 133 | Step 101/196 | Loss: 0.3481 | Acc: 89.09%
[2025-05-29 11:26:59,934] INFO: Epoch 133 training completed
[2025-05-29 11:27:02,019] INFO: Test Loss: 0.7985 | Test Acc: 75.57%
[2025-05-29 11:27:02,425] INFO: Epoch 134 | Step 1/196 | Loss: 0.3520 | Acc: 88.28%
[2025-05-29 11:27:19,626] INFO: Epoch 134 | Step 101/196 | Loss: 0.3388 | Acc: 89.45%
[2025-05-29 11:27:35,885] INFO: Epoch 134 training completed
[2025-05-29 11:27:37,970] INFO: Test Loss: 0.5131 | Test Acc: 83.29%
[2025-05-29 11:27:38,372] INFO: Epoch 135 | Step 1/196 | Loss: 0.3818 | Acc: 88.28%
[2025-05-29 11:27:55,576] INFO: Epoch 135 | Step 101/196 | Loss: 0.3483 | Acc: 89.15%
[2025-05-29 11:28:11,827] INFO: Epoch 135 training completed
[2025-05-29 11:28:13,911] INFO: Test Loss: 0.4907 | Test Acc: 84.39%
[2025-05-29 11:28:14,327] INFO: Epoch 136 | Step 1/196 | Loss: 0.2597 | Acc: 92.97%
[2025-05-29 11:28:31,543] INFO: Epoch 136 | Step 101/196 | Loss: 0.3368 | Acc: 89.56%
[2025-05-29 11:28:47,792] INFO: Epoch 136 training completed
[2025-05-29 11:28:49,876] INFO: Test Loss: 0.5006 | Test Acc: 83.55%
[2025-05-29 11:28:50,281] INFO: Epoch 137 | Step 1/196 | Loss: 0.3453 | Acc: 89.45%
[2025-05-29 11:29:07,488] INFO: Epoch 137 | Step 101/196 | Loss: 0.3337 | Acc: 89.78%
[2025-05-29 11:29:23,735] INFO: Epoch 137 training completed
[2025-05-29 11:29:25,823] INFO: Test Loss: 0.5620 | Test Acc: 81.92%
[2025-05-29 11:29:26,219] INFO: Epoch 138 | Step 1/196 | Loss: 0.3727 | Acc: 87.89%
[2025-05-29 11:29:43,420] INFO: Epoch 138 | Step 101/196 | Loss: 0.3362 | Acc: 89.68%
[2025-05-29 11:29:59,668] INFO: Epoch 138 training completed
[2025-05-29 11:30:01,759] INFO: Test Loss: 0.4771 | Test Acc: 84.54%
[2025-05-29 11:30:02,159] INFO: Epoch 139 | Step 1/196 | Loss: 0.3982 | Acc: 85.55%
[2025-05-29 11:30:19,367] INFO: Epoch 139 | Step 101/196 | Loss: 0.3302 | Acc: 89.77%
[2025-05-29 11:30:35,616] INFO: Epoch 139 training completed
[2025-05-29 11:30:37,695] INFO: Test Loss: 0.4159 | Test Acc: 86.75%
[2025-05-29 11:30:37,799] INFO: New best accuracy: 86.75%, model saved.
[2025-05-29 11:30:38,284] INFO: Epoch 140 | Step 1/196 | Loss: 0.2909 | Acc: 91.02%
[2025-05-29 11:30:55,479] INFO: Epoch 140 | Step 101/196 | Loss: 0.3248 | Acc: 89.89%
[2025-05-29 11:31:11,727] INFO: Epoch 140 training completed
[2025-05-29 11:31:13,809] INFO: Test Loss: 0.5167 | Test Acc: 83.49%
[2025-05-29 11:31:14,209] INFO: Epoch 141 | Step 1/196 | Loss: 0.3111 | Acc: 91.80%
[2025-05-29 11:31:31,417] INFO: Epoch 141 | Step 101/196 | Loss: 0.3173 | Acc: 90.03%
[2025-05-29 11:31:47,667] INFO: Epoch 141 training completed
[2025-05-29 11:31:49,753] INFO: Test Loss: 0.5204 | Test Acc: 82.68%
[2025-05-29 11:31:50,156] INFO: Epoch 142 | Step 1/196 | Loss: 0.2977 | Acc: 90.23%
[2025-05-29 11:32:07,358] INFO: Epoch 142 | Step 101/196 | Loss: 0.3185 | Acc: 90.13%
[2025-05-29 11:32:23,603] INFO: Epoch 142 training completed
[2025-05-29 11:32:25,692] INFO: Test Loss: 0.5110 | Test Acc: 83.17%
[2025-05-29 11:32:26,097] INFO: Epoch 143 | Step 1/196 | Loss: 0.3149 | Acc: 90.23%
[2025-05-29 11:32:43,301] INFO: Epoch 143 | Step 101/196 | Loss: 0.3061 | Acc: 90.49%
[2025-05-29 11:32:59,543] INFO: Epoch 143 training completed
[2025-05-29 11:33:01,636] INFO: Test Loss: 0.5408 | Test Acc: 82.58%
[2025-05-29 11:33:02,039] INFO: Epoch 144 | Step 1/196 | Loss: 0.2620 | Acc: 91.80%
[2025-05-29 11:33:19,229] INFO: Epoch 144 | Step 101/196 | Loss: 0.3023 | Acc: 90.44%
[2025-05-29 11:33:35,466] INFO: Epoch 144 training completed
[2025-05-29 11:33:37,551] INFO: Test Loss: 0.4067 | Test Acc: 86.75%
[2025-05-29 11:33:37,949] INFO: Epoch 145 | Step 1/196 | Loss: 0.2600 | Acc: 92.58%
[2025-05-29 11:33:55,144] INFO: Epoch 145 | Step 101/196 | Loss: 0.2987 | Acc: 90.60%
[2025-05-29 11:34:11,391] INFO: Epoch 145 training completed
[2025-05-29 11:34:13,473] INFO: Test Loss: 0.4838 | Test Acc: 84.85%
[2025-05-29 11:34:13,880] INFO: Epoch 146 | Step 1/196 | Loss: 0.3524 | Acc: 87.89%
[2025-05-29 11:34:31,104] INFO: Epoch 146 | Step 101/196 | Loss: 0.3033 | Acc: 90.61%
[2025-05-29 11:34:47,351] INFO: Epoch 146 training completed
[2025-05-29 11:34:49,431] INFO: Test Loss: 0.4235 | Test Acc: 86.49%
[2025-05-29 11:34:49,833] INFO: Epoch 147 | Step 1/196 | Loss: 0.3145 | Acc: 91.02%
[2025-05-29 11:35:07,035] INFO: Epoch 147 | Step 101/196 | Loss: 0.2942 | Acc: 91.00%
[2025-05-29 11:35:23,283] INFO: Epoch 147 training completed
[2025-05-29 11:35:25,369] INFO: Test Loss: 0.5323 | Test Acc: 82.64%
[2025-05-29 11:35:25,873] INFO: Epoch 148 | Step 1/196 | Loss: 0.3003 | Acc: 90.62%
[2025-05-29 11:35:43,068] INFO: Epoch 148 | Step 101/196 | Loss: 0.2840 | Acc: 91.33%
[2025-05-29 11:35:59,307] INFO: Epoch 148 training completed
[2025-05-29 11:36:01,394] INFO: Test Loss: 0.4663 | Test Acc: 85.03%
[2025-05-29 11:36:01,789] INFO: Epoch 149 | Step 1/196 | Loss: 0.2235 | Acc: 93.75%
[2025-05-29 11:36:18,987] INFO: Epoch 149 | Step 101/196 | Loss: 0.2839 | Acc: 91.28%
[2025-05-29 11:36:35,232] INFO: Epoch 149 training completed
[2025-05-29 11:36:37,322] INFO: Test Loss: 0.4335 | Test Acc: 85.86%
[2025-05-29 11:36:37,734] INFO: Epoch 150 | Step 1/196 | Loss: 0.2914 | Acc: 92.58%
[2025-05-29 11:36:54,936] INFO: Epoch 150 | Step 101/196 | Loss: 0.2832 | Acc: 91.14%
[2025-05-29 11:37:11,189] INFO: Epoch 150 training completed
[2025-05-29 11:37:13,271] INFO: Test Loss: 0.4406 | Test Acc: 85.54%
[2025-05-29 11:37:13,665] INFO: Epoch 151 | Step 1/196 | Loss: 0.2854 | Acc: 91.02%
[2025-05-29 11:37:30,872] INFO: Epoch 151 | Step 101/196 | Loss: 0.2811 | Acc: 91.22%
[2025-05-29 11:37:47,119] INFO: Epoch 151 training completed
[2025-05-29 11:37:49,202] INFO: Test Loss: 0.5658 | Test Acc: 81.40%
[2025-05-29 11:37:49,707] INFO: Epoch 152 | Step 1/196 | Loss: 0.3008 | Acc: 91.80%
[2025-05-29 11:38:06,906] INFO: Epoch 152 | Step 101/196 | Loss: 0.2759 | Acc: 91.62%
[2025-05-29 11:38:23,157] INFO: Epoch 152 training completed
[2025-05-29 11:38:25,258] INFO: Test Loss: 0.3818 | Test Acc: 87.88%
[2025-05-29 11:38:25,365] INFO: New best accuracy: 87.88%, model saved.
[2025-05-29 11:38:25,768] INFO: Epoch 153 | Step 1/196 | Loss: 0.3143 | Acc: 87.89%
[2025-05-29 11:38:42,978] INFO: Epoch 153 | Step 101/196 | Loss: 0.2799 | Acc: 91.42%
[2025-05-29 11:38:59,224] INFO: Epoch 153 training completed
[2025-05-29 11:39:01,307] INFO: Test Loss: 0.3774 | Test Acc: 87.99%
[2025-05-29 11:39:01,412] INFO: New best accuracy: 87.99%, model saved.
[2025-05-29 11:39:01,813] INFO: Epoch 154 | Step 1/196 | Loss: 0.2792 | Acc: 91.02%
[2025-05-29 11:39:19,012] INFO: Epoch 154 | Step 101/196 | Loss: 0.2717 | Acc: 91.77%
[2025-05-29 11:39:35,262] INFO: Epoch 154 training completed
[2025-05-29 11:39:37,340] INFO: Test Loss: 0.3797 | Test Acc: 87.79%
[2025-05-29 11:39:37,735] INFO: Epoch 155 | Step 1/196 | Loss: 0.2578 | Acc: 90.62%
[2025-05-29 11:39:54,931] INFO: Epoch 155 | Step 101/196 | Loss: 0.2556 | Acc: 92.30%
[2025-05-29 11:40:11,179] INFO: Epoch 155 training completed
[2025-05-29 11:40:13,258] INFO: Test Loss: 0.5181 | Test Acc: 83.48%
[2025-05-29 11:40:13,667] INFO: Epoch 156 | Step 1/196 | Loss: 0.2745 | Acc: 90.23%
[2025-05-29 11:40:30,875] INFO: Epoch 156 | Step 101/196 | Loss: 0.2471 | Acc: 92.54%
[2025-05-29 11:40:47,120] INFO: Epoch 156 training completed
[2025-05-29 11:40:49,198] INFO: Test Loss: 0.5207 | Test Acc: 83.52%
[2025-05-29 11:40:49,594] INFO: Epoch 157 | Step 1/196 | Loss: 0.2363 | Acc: 92.19%
[2025-05-29 11:41:06,791] INFO: Epoch 157 | Step 101/196 | Loss: 0.2578 | Acc: 92.04%
[2025-05-29 11:41:23,035] INFO: Epoch 157 training completed
[2025-05-29 11:41:25,117] INFO: Test Loss: 0.4376 | Test Acc: 85.57%
[2025-05-29 11:41:25,519] INFO: Epoch 158 | Step 1/196 | Loss: 0.3348 | Acc: 88.67%
[2025-05-29 11:41:42,719] INFO: Epoch 158 | Step 101/196 | Loss: 0.2417 | Acc: 92.81%
[2025-05-29 11:41:58,960] INFO: Epoch 158 training completed
[2025-05-29 11:42:01,046] INFO: Test Loss: 0.3935 | Test Acc: 87.37%
[2025-05-29 11:42:01,539] INFO: Epoch 159 | Step 1/196 | Loss: 0.2089 | Acc: 95.31%
[2025-05-29 11:42:18,731] INFO: Epoch 159 | Step 101/196 | Loss: 0.2430 | Acc: 92.72%
[2025-05-29 11:42:34,968] INFO: Epoch 159 training completed
[2025-05-29 11:42:37,053] INFO: Test Loss: 0.3461 | Test Acc: 88.96%
[2025-05-29 11:42:37,158] INFO: New best accuracy: 88.96%, model saved.
[2025-05-29 11:42:37,559] INFO: Epoch 160 | Step 1/196 | Loss: 0.1735 | Acc: 96.09%
[2025-05-29 11:42:54,752] INFO: Epoch 160 | Step 101/196 | Loss: 0.2298 | Acc: 93.12%
[2025-05-29 11:43:11,000] INFO: Epoch 160 training completed
[2025-05-29 11:43:13,083] INFO: Test Loss: 0.3340 | Test Acc: 89.32%
[2025-05-29 11:43:13,188] INFO: New best accuracy: 89.32%, model saved.
[2025-05-29 11:43:13,586] INFO: Epoch 161 | Step 1/196 | Loss: 0.1721 | Acc: 95.31%
[2025-05-29 11:43:30,798] INFO: Epoch 161 | Step 101/196 | Loss: 0.2360 | Acc: 92.81%
[2025-05-29 11:43:47,036] INFO: Epoch 161 training completed
[2025-05-29 11:43:49,118] INFO: Test Loss: 0.3521 | Test Acc: 89.00%
[2025-05-29 11:43:49,513] INFO: Epoch 162 | Step 1/196 | Loss: 0.2829 | Acc: 92.19%
[2025-05-29 11:44:06,710] INFO: Epoch 162 | Step 101/196 | Loss: 0.2293 | Acc: 93.44%
[2025-05-29 11:44:22,950] INFO: Epoch 162 training completed
[2025-05-29 11:44:25,034] INFO: Test Loss: 0.3375 | Test Acc: 88.82%
[2025-05-29 11:44:25,439] INFO: Epoch 163 | Step 1/196 | Loss: 0.1807 | Acc: 94.53%
[2025-05-29 11:44:42,629] INFO: Epoch 163 | Step 101/196 | Loss: 0.2129 | Acc: 93.51%
[2025-05-29 11:44:58,867] INFO: Epoch 163 training completed
[2025-05-29 11:45:00,952] INFO: Test Loss: 0.3427 | Test Acc: 89.55%
[2025-05-29 11:45:01,058] INFO: New best accuracy: 89.55%, model saved.
[2025-05-29 11:45:01,467] INFO: Epoch 164 | Step 1/196 | Loss: 0.1513 | Acc: 96.09%
[2025-05-29 11:45:18,663] INFO: Epoch 164 | Step 101/196 | Loss: 0.2144 | Acc: 93.83%
[2025-05-29 11:45:34,903] INFO: Epoch 164 training completed
[2025-05-29 11:45:36,986] INFO: Test Loss: 0.3582 | Test Acc: 88.67%
[2025-05-29 11:45:37,396] INFO: Epoch 165 | Step 1/196 | Loss: 0.2344 | Acc: 92.19%
[2025-05-29 11:45:54,587] INFO: Epoch 165 | Step 101/196 | Loss: 0.2119 | Acc: 93.86%
[2025-05-29 11:46:10,835] INFO: Epoch 165 training completed
[2025-05-29 11:46:12,913] INFO: Test Loss: 0.3174 | Test Acc: 89.96%
[2025-05-29 11:46:13,018] INFO: New best accuracy: 89.96%, model saved.
[2025-05-29 11:46:13,419] INFO: Epoch 166 | Step 1/196 | Loss: 0.1932 | Acc: 92.97%
[2025-05-29 11:46:30,619] INFO: Epoch 166 | Step 101/196 | Loss: 0.2033 | Acc: 94.04%
[2025-05-29 11:46:46,859] INFO: Epoch 166 training completed
[2025-05-29 11:46:48,945] INFO: Test Loss: 0.3606 | Test Acc: 88.56%
[2025-05-29 11:46:49,360] INFO: Epoch 167 | Step 1/196 | Loss: 0.1960 | Acc: 93.75%
[2025-05-29 11:47:06,557] INFO: Epoch 167 | Step 101/196 | Loss: 0.1975 | Acc: 94.22%
[2025-05-29 11:47:22,796] INFO: Epoch 167 training completed
[2025-05-29 11:47:24,874] INFO: Test Loss: 0.3153 | Test Acc: 90.13%
[2025-05-29 11:47:24,979] INFO: New best accuracy: 90.13%, model saved.
[2025-05-29 11:47:25,387] INFO: Epoch 168 | Step 1/196 | Loss: 0.2226 | Acc: 92.58%
[2025-05-29 11:47:42,581] INFO: Epoch 168 | Step 101/196 | Loss: 0.1897 | Acc: 94.57%
[2025-05-29 11:47:58,822] INFO: Epoch 168 training completed
[2025-05-29 11:48:00,912] INFO: Test Loss: 0.3469 | Test Acc: 89.26%
[2025-05-29 11:48:01,335] INFO: Epoch 169 | Step 1/196 | Loss: 0.1907 | Acc: 94.92%
[2025-05-29 11:48:18,527] INFO: Epoch 169 | Step 101/196 | Loss: 0.1958 | Acc: 94.37%
[2025-05-29 11:48:34,765] INFO: Epoch 169 training completed
[2025-05-29 11:48:36,851] INFO: Test Loss: 0.3106 | Test Acc: 90.55%
[2025-05-29 11:48:36,956] INFO: New best accuracy: 90.55%, model saved.
[2025-05-29 11:48:37,351] INFO: Epoch 170 | Step 1/196 | Loss: 0.2005 | Acc: 94.53%
[2025-05-29 11:48:54,547] INFO: Epoch 170 | Step 101/196 | Loss: 0.1786 | Acc: 94.89%
[2025-05-29 11:49:10,791] INFO: Epoch 170 training completed
[2025-05-29 11:49:12,873] INFO: Test Loss: 0.3217 | Test Acc: 89.46%
[2025-05-29 11:49:13,282] INFO: Epoch 171 | Step 1/196 | Loss: 0.1971 | Acc: 94.14%
[2025-05-29 11:49:30,487] INFO: Epoch 171 | Step 101/196 | Loss: 0.1714 | Acc: 95.10%
[2025-05-29 11:49:46,728] INFO: Epoch 171 training completed
[2025-05-29 11:49:48,814] INFO: Test Loss: 0.3169 | Test Acc: 90.54%
[2025-05-29 11:49:49,220] INFO: Epoch 172 | Step 1/196 | Loss: 0.1703 | Acc: 95.31%
[2025-05-29 11:50:06,416] INFO: Epoch 172 | Step 101/196 | Loss: 0.1711 | Acc: 95.15%
[2025-05-29 11:50:22,660] INFO: Epoch 172 training completed
[2025-05-29 11:50:24,754] INFO: Test Loss: 0.3095 | Test Acc: 90.43%
[2025-05-29 11:50:25,254] INFO: Epoch 173 | Step 1/196 | Loss: 0.1357 | Acc: 96.48%
[2025-05-29 11:50:42,445] INFO: Epoch 173 | Step 101/196 | Loss: 0.1680 | Acc: 95.32%
[2025-05-29 11:50:58,681] INFO: Epoch 173 training completed
[2025-05-29 11:51:00,773] INFO: Test Loss: 0.3159 | Test Acc: 90.33%
[2025-05-29 11:51:01,171] INFO: Epoch 174 | Step 1/196 | Loss: 0.1880 | Acc: 94.14%
[2025-05-29 11:51:18,364] INFO: Epoch 174 | Step 101/196 | Loss: 0.1602 | Acc: 95.56%
[2025-05-29 11:51:34,603] INFO: Epoch 174 training completed
[2025-05-29 11:51:36,685] INFO: Test Loss: 0.2925 | Test Acc: 90.84%
[2025-05-29 11:51:36,791] INFO: New best accuracy: 90.84%, model saved.
[2025-05-29 11:51:37,185] INFO: Epoch 175 | Step 1/196 | Loss: 0.1864 | Acc: 95.70%
[2025-05-29 11:51:54,383] INFO: Epoch 175 | Step 101/196 | Loss: 0.1470 | Acc: 96.09%
[2025-05-29 11:52:10,629] INFO: Epoch 175 training completed
[2025-05-29 11:52:12,708] INFO: Test Loss: 0.2936 | Test Acc: 91.13%
[2025-05-29 11:52:12,814] INFO: New best accuracy: 91.13%, model saved.
[2025-05-29 11:52:13,218] INFO: Epoch 176 | Step 1/196 | Loss: 0.1255 | Acc: 96.09%
[2025-05-29 11:52:30,419] INFO: Epoch 176 | Step 101/196 | Loss: 0.1426 | Acc: 96.09%
[2025-05-29 11:52:46,660] INFO: Epoch 176 training completed
[2025-05-29 11:52:48,743] INFO: Test Loss: 0.2916 | Test Acc: 90.98%
[2025-05-29 11:52:49,246] INFO: Epoch 177 | Step 1/196 | Loss: 0.1254 | Acc: 97.66%
[2025-05-29 11:53:06,445] INFO: Epoch 177 | Step 101/196 | Loss: 0.1392 | Acc: 96.34%
[2025-05-29 11:53:22,684] INFO: Epoch 177 training completed
[2025-05-29 11:53:24,775] INFO: Test Loss: 0.3088 | Test Acc: 90.64%
[2025-05-29 11:53:25,177] INFO: Epoch 178 | Step 1/196 | Loss: 0.1165 | Acc: 96.09%
[2025-05-29 11:53:42,377] INFO: Epoch 178 | Step 101/196 | Loss: 0.1396 | Acc: 96.28%
[2025-05-29 11:53:58,633] INFO: Epoch 178 training completed
[2025-05-29 11:54:00,716] INFO: Test Loss: 0.2821 | Test Acc: 91.55%
[2025-05-29 11:54:00,821] INFO: New best accuracy: 91.55%, model saved.
[2025-05-29 11:54:01,227] INFO: Epoch 179 | Step 1/196 | Loss: 0.1001 | Acc: 97.27%
[2025-05-29 11:54:18,426] INFO: Epoch 179 | Step 101/196 | Loss: 0.1298 | Acc: 96.62%
[2025-05-29 11:54:34,682] INFO: Epoch 179 training completed
[2025-05-29 11:54:36,765] INFO: Test Loss: 0.3051 | Test Acc: 91.17%
[2025-05-29 11:54:37,169] INFO: Epoch 180 | Step 1/196 | Loss: 0.1246 | Acc: 96.09%
[2025-05-29 11:54:54,370] INFO: Epoch 180 | Step 101/196 | Loss: 0.1224 | Acc: 96.92%
[2025-05-29 11:55:10,620] INFO: Epoch 180 training completed
[2025-05-29 11:55:12,699] INFO: Test Loss: 0.2890 | Test Acc: 91.00%
[2025-05-29 11:55:13,202] INFO: Epoch 181 | Step 1/196 | Loss: 0.1135 | Acc: 96.88%
[2025-05-29 11:55:30,411] INFO: Epoch 181 | Step 101/196 | Loss: 0.1177 | Acc: 97.07%
[2025-05-29 11:55:46,655] INFO: Epoch 181 training completed
[2025-05-29 11:55:48,738] INFO: Test Loss: 0.2791 | Test Acc: 91.64%
[2025-05-29 11:55:48,842] INFO: New best accuracy: 91.64%, model saved.
[2025-05-29 11:55:49,254] INFO: Epoch 182 | Step 1/196 | Loss: 0.0983 | Acc: 98.05%
[2025-05-29 11:56:06,452] INFO: Epoch 182 | Step 101/196 | Loss: 0.1148 | Acc: 97.08%
[2025-05-29 11:56:22,697] INFO: Epoch 182 training completed
[2025-05-29 11:56:24,777] INFO: Test Loss: 0.2718 | Test Acc: 91.74%
[2025-05-29 11:56:24,881] INFO: New best accuracy: 91.74%, model saved.
[2025-05-29 11:56:25,291] INFO: Epoch 183 | Step 1/196 | Loss: 0.0670 | Acc: 99.22%
[2025-05-29 11:56:42,487] INFO: Epoch 183 | Step 101/196 | Loss: 0.1040 | Acc: 97.65%
[2025-05-29 11:56:58,740] INFO: Epoch 183 training completed
[2025-05-29 11:57:00,818] INFO: Test Loss: 0.2565 | Test Acc: 92.47%
[2025-05-29 11:57:00,923] INFO: New best accuracy: 92.47%, model saved.
[2025-05-29 11:57:01,321] INFO: Epoch 184 | Step 1/196 | Loss: 0.0846 | Acc: 97.66%
[2025-05-29 11:57:18,520] INFO: Epoch 184 | Step 101/196 | Loss: 0.1030 | Acc: 97.59%
[2025-05-29 11:57:34,759] INFO: Epoch 184 training completed
[2025-05-29 11:57:36,842] INFO: Test Loss: 0.2547 | Test Acc: 92.45%
[2025-05-29 11:57:37,243] INFO: Epoch 185 | Step 1/196 | Loss: 0.0929 | Acc: 97.66%
[2025-05-29 11:57:54,437] INFO: Epoch 185 | Step 101/196 | Loss: 0.0955 | Acc: 97.87%
[2025-05-29 11:58:10,688] INFO: Epoch 185 training completed
[2025-05-29 11:58:12,774] INFO: Test Loss: 0.2557 | Test Acc: 92.48%
[2025-05-29 11:58:12,879] INFO: New best accuracy: 92.48%, model saved.
[2025-05-29 11:58:13,281] INFO: Epoch 186 | Step 1/196 | Loss: 0.0960 | Acc: 97.27%
[2025-05-29 11:58:30,497] INFO: Epoch 186 | Step 101/196 | Loss: 0.0897 | Acc: 98.00%
[2025-05-29 11:58:46,747] INFO: Epoch 186 training completed
[2025-05-29 11:58:48,830] INFO: Test Loss: 0.2550 | Test Acc: 92.24%
[2025-05-29 11:58:49,238] INFO: Epoch 187 | Step 1/196 | Loss: 0.0862 | Acc: 98.05%
[2025-05-29 11:59:06,437] INFO: Epoch 187 | Step 101/196 | Loss: 0.0864 | Acc: 98.23%
[2025-05-29 11:59:22,674] INFO: Epoch 187 training completed
[2025-05-29 11:59:24,754] INFO: Test Loss: 0.2521 | Test Acc: 92.57%
[2025-05-29 11:59:24,955] INFO: New best accuracy: 92.57%, model saved.
[2025-05-29 11:59:25,349] INFO: Epoch 188 | Step 1/196 | Loss: 0.1033 | Acc: 97.66%
[2025-05-29 11:59:42,538] INFO: Epoch 188 | Step 101/196 | Loss: 0.0804 | Acc: 98.41%
[2025-05-29 11:59:58,786] INFO: Epoch 188 training completed
[2025-05-29 12:00:00,860] INFO: Test Loss: 0.2467 | Test Acc: 92.85%
[2025-05-29 12:00:00,965] INFO: New best accuracy: 92.85%, model saved.
[2025-05-29 12:00:01,364] INFO: Epoch 189 | Step 1/196 | Loss: 0.0681 | Acc: 99.22%
[2025-05-29 12:00:18,601] INFO: Epoch 189 | Step 101/196 | Loss: 0.0799 | Acc: 98.45%
[2025-05-29 12:00:34,843] INFO: Epoch 189 training completed
[2025-05-29 12:00:36,930] INFO: Test Loss: 0.2436 | Test Acc: 92.75%
[2025-05-29 12:00:37,334] INFO: Epoch 190 | Step 1/196 | Loss: 0.0790 | Acc: 97.66%
[2025-05-29 12:00:54,528] INFO: Epoch 190 | Step 101/196 | Loss: 0.0766 | Acc: 98.51%
[2025-05-29 12:01:10,769] INFO: Epoch 190 training completed
[2025-05-29 12:01:12,852] INFO: Test Loss: 0.2422 | Test Acc: 92.81%
[2025-05-29 12:01:13,268] INFO: Epoch 191 | Step 1/196 | Loss: 0.0584 | Acc: 99.22%
[2025-05-29 12:01:30,467] INFO: Epoch 191 | Step 101/196 | Loss: 0.0768 | Acc: 98.52%
[2025-05-29 12:01:46,718] INFO: Epoch 191 training completed
[2025-05-29 12:01:48,802] INFO: Test Loss: 0.2421 | Test Acc: 92.97%
[2025-05-29 12:01:48,907] INFO: New best accuracy: 92.97%, model saved.
[2025-05-29 12:01:49,300] INFO: Epoch 192 | Step 1/196 | Loss: 0.0686 | Acc: 99.61%
[2025-05-29 12:02:06,494] INFO: Epoch 192 | Step 101/196 | Loss: 0.0739 | Acc: 98.62%
[2025-05-29 12:02:22,732] INFO: Epoch 192 training completed
[2025-05-29 12:02:24,820] INFO: Test Loss: 0.2400 | Test Acc: 92.93%
[2025-05-29 12:02:25,238] INFO: Epoch 193 | Step 1/196 | Loss: 0.0619 | Acc: 98.44%
[2025-05-29 12:02:42,430] INFO: Epoch 193 | Step 101/196 | Loss: 0.0710 | Acc: 98.67%
[2025-05-29 12:02:58,672] INFO: Epoch 193 training completed
[2025-05-29 12:03:00,757] INFO: Test Loss: 0.2429 | Test Acc: 92.85%
[2025-05-29 12:03:01,164] INFO: Epoch 194 | Step 1/196 | Loss: 0.0593 | Acc: 99.61%
[2025-05-29 12:03:18,354] INFO: Epoch 194 | Step 101/196 | Loss: 0.0701 | Acc: 98.73%
[2025-05-29 12:03:34,593] INFO: Epoch 194 training completed
[2025-05-29 12:03:36,673] INFO: Test Loss: 0.2393 | Test Acc: 92.91%
[2025-05-29 12:03:37,173] INFO: Epoch 195 | Step 1/196 | Loss: 0.0654 | Acc: 98.44%
[2025-05-29 12:03:54,369] INFO: Epoch 195 | Step 101/196 | Loss: 0.0656 | Acc: 98.91%
[2025-05-29 12:04:10,627] INFO: Epoch 195 training completed
[2025-05-29 12:04:12,708] INFO: Test Loss: 0.2345 | Test Acc: 93.19%
[2025-05-29 12:04:12,814] INFO: New best accuracy: 93.19%, model saved.
[2025-05-29 12:04:13,216] INFO: Epoch 196 | Step 1/196 | Loss: 0.0807 | Acc: 98.44%
[2025-05-29 12:04:30,410] INFO: Epoch 196 | Step 101/196 | Loss: 0.0669 | Acc: 98.86%
[2025-05-29 12:04:46,656] INFO: Epoch 196 training completed
[2025-05-29 12:04:48,738] INFO: Test Loss: 0.2379 | Test Acc: 92.99%
[2025-05-29 12:04:49,142] INFO: Epoch 197 | Step 1/196 | Loss: 0.0399 | Acc: 99.61%
[2025-05-29 12:05:06,339] INFO: Epoch 197 | Step 101/196 | Loss: 0.0641 | Acc: 98.99%
[2025-05-29 12:05:22,582] INFO: Epoch 197 training completed
[2025-05-29 12:05:24,666] INFO: Test Loss: 0.2369 | Test Acc: 93.11%
[2025-05-29 12:05:25,075] INFO: Epoch 198 | Step 1/196 | Loss: 0.0924 | Acc: 98.05%
[2025-05-29 12:05:42,268] INFO: Epoch 198 | Step 101/196 | Loss: 0.0665 | Acc: 98.89%
[2025-05-29 12:05:58,506] INFO: Epoch 198 training completed
[2025-05-29 12:06:00,586] INFO: Test Loss: 0.2401 | Test Acc: 93.02%
[2025-05-29 12:06:00,996] INFO: Epoch 199 | Step 1/196 | Loss: 0.0602 | Acc: 99.22%
[2025-05-29 12:06:18,193] INFO: Epoch 199 | Step 101/196 | Loss: 0.0646 | Acc: 98.89%
[2025-05-29 12:06:34,435] INFO: Epoch 199 training completed
[2025-05-29 12:06:36,513] INFO: Test Loss: 0.2407 | Test Acc: 92.92%
[2025-05-29 12:06:36,916] INFO: Epoch 200 | Step 1/196 | Loss: 0.0589 | Acc: 98.44%
[2025-05-29 12:06:54,106] INFO: Epoch 200 | Step 101/196 | Loss: 0.0642 | Acc: 99.03%
[2025-05-29 12:07:10,347] INFO: Epoch 200 training completed
[2025-05-29 12:07:12,423] INFO: Test Loss: 0.2366 | Test Acc: 93.23%
[2025-05-29 12:07:12,528] INFO: New best accuracy: 93.23%, model saved.
[2025-05-29 12:07:12,684] INFO: Training complete. Best Test Accuracy: 93.23%
