[2025-06-11 14:03:53,998] INFO: Using device: cuda
[2025-06-11 14:03:55,136] INFO: Using GhostNetV3 with width 1.6
[2025-06-11 14:04:06,381] INFO: Using device: cuda
[2025-06-11 14:04:07,518] INFO: Using GhostNetV3 with width 1.6
[2025-06-11 14:04:33,214] INFO: Epoch 1 | Step 1/196 | Loss: 3.2073 | Acc: 8.98%
[2025-06-11 14:04:48,757] INFO: Epoch 1 | Step 101/196 | Loss: 2.5475 | Acc: 12.53%
[2025-06-11 14:05:03,579] INFO: Epoch 1 training completed
[2025-06-11 14:05:27,715] INFO: Test Loss: 2.2648 | Test Acc: 15.09%
[2025-06-11 14:05:27,821] INFO: New best accuracy: 15.09%, model saved.
[2025-06-11 14:05:28,197] INFO: Epoch 2 | Step 1/196 | Loss: 2.1228 | Acc: 17.58%
[2025-06-11 14:05:43,800] INFO: Epoch 2 | Step 101/196 | Loss: 2.1261 | Acc: 18.20%
[2025-06-11 14:05:58,540] INFO: Epoch 2 training completed
[2025-06-11 14:06:00,294] INFO: Test Loss: 1.9974 | Test Acc: 22.92%
[2025-06-11 14:06:00,397] INFO: New best accuracy: 22.92%, model saved.
[2025-06-11 14:06:00,791] INFO: Epoch 3 | Step 1/196 | Loss: 1.9496 | Acc: 23.05%
[2025-06-11 14:06:16,410] INFO: Epoch 3 | Step 101/196 | Loss: 1.8940 | Acc: 24.35%
[2025-06-11 14:06:31,178] INFO: Epoch 3 training completed
[2025-06-11 14:06:32,922] INFO: Test Loss: 1.8526 | Test Acc: 28.74%
[2025-06-11 14:06:33,024] INFO: New best accuracy: 28.74%, model saved.
[2025-06-11 14:06:33,403] INFO: Epoch 4 | Step 1/196 | Loss: 1.7790 | Acc: 28.52%
[2025-06-11 14:06:49,059] INFO: Epoch 4 | Step 101/196 | Loss: 1.7765 | Acc: 28.55%
[2025-06-11 14:07:03,846] INFO: Epoch 4 training completed
[2025-06-11 14:07:05,591] INFO: Test Loss: 1.7487 | Test Acc: 33.71%
[2025-06-11 14:07:05,693] INFO: New best accuracy: 33.71%, model saved.
[2025-06-11 14:07:06,072] INFO: Epoch 5 | Step 1/196 | Loss: 1.6257 | Acc: 37.89%
[2025-06-11 14:07:21,729] INFO: Epoch 5 | Step 101/196 | Loss: 1.6824 | Acc: 32.90%
[2025-06-11 14:07:36,522] INFO: Epoch 5 training completed
[2025-06-11 14:07:38,258] INFO: Test Loss: 1.6698 | Test Acc: 37.31%
[2025-06-11 14:07:38,361] INFO: New best accuracy: 37.31%, model saved.
[2025-06-11 14:07:38,732] INFO: Epoch 6 | Step 1/196 | Loss: 1.6234 | Acc: 37.89%
[2025-06-11 14:07:54,397] INFO: Epoch 6 | Step 101/196 | Loss: 1.5976 | Acc: 36.77%
[2025-06-11 14:08:09,224] INFO: Epoch 6 training completed
[2025-06-11 14:08:10,977] INFO: Test Loss: 1.5713 | Test Acc: 41.48%
[2025-06-11 14:08:11,083] INFO: New best accuracy: 41.48%, model saved.
[2025-06-11 14:08:11,459] INFO: Epoch 7 | Step 1/196 | Loss: 1.4797 | Acc: 42.97%
[2025-06-11 14:08:27,140] INFO: Epoch 7 | Step 101/196 | Loss: 1.5183 | Acc: 40.42%
[2025-06-11 14:08:41,957] INFO: Epoch 7 training completed
[2025-06-11 14:08:43,702] INFO: Test Loss: 1.4880 | Test Acc: 44.74%
[2025-06-11 14:08:43,805] INFO: New best accuracy: 44.74%, model saved.
[2025-06-11 14:08:44,186] INFO: Epoch 8 | Step 1/196 | Loss: 1.4499 | Acc: 40.23%
[2025-06-11 14:08:59,866] INFO: Epoch 8 | Step 101/196 | Loss: 1.4428 | Acc: 43.94%
[2025-06-11 14:09:14,705] INFO: Epoch 8 training completed
[2025-06-11 14:09:16,455] INFO: Test Loss: 1.4404 | Test Acc: 46.72%
[2025-06-11 14:09:16,559] INFO: New best accuracy: 46.72%, model saved.
[2025-06-11 14:09:16,948] INFO: Epoch 9 | Step 1/196 | Loss: 1.3556 | Acc: 47.27%
[2025-06-11 14:09:32,630] INFO: Epoch 9 | Step 101/196 | Loss: 1.3662 | Acc: 47.59%
[2025-06-11 14:09:47,439] INFO: Epoch 9 training completed
[2025-06-11 14:09:49,187] INFO: Test Loss: 1.3740 | Test Acc: 49.83%
[2025-06-11 14:09:49,291] INFO: New best accuracy: 49.83%, model saved.
[2025-06-11 14:09:49,674] INFO: Epoch 10 | Step 1/196 | Loss: 1.2734 | Acc: 49.22%
[2025-06-11 14:10:05,357] INFO: Epoch 10 | Step 101/196 | Loss: 1.3011 | Acc: 49.90%
[2025-06-11 14:10:20,171] INFO: Epoch 10 training completed
[2025-06-11 14:10:21,924] INFO: Test Loss: 1.2931 | Test Acc: 53.26%
[2025-06-11 14:10:22,125] INFO: New best accuracy: 53.26%, model saved.
[2025-06-11 14:10:22,508] INFO: Epoch 11 | Step 1/196 | Loss: 1.1891 | Acc: 55.47%
[2025-06-11 14:10:38,194] INFO: Epoch 11 | Step 101/196 | Loss: 1.2315 | Acc: 53.26%
[2025-06-11 14:10:53,008] INFO: Epoch 11 training completed
[2025-06-11 14:10:54,760] INFO: Test Loss: 1.2705 | Test Acc: 54.86%
[2025-06-11 14:10:54,865] INFO: New best accuracy: 54.86%, model saved.
[2025-06-11 14:10:55,246] INFO: Epoch 12 | Step 1/196 | Loss: 1.1287 | Acc: 58.59%
[2025-06-11 14:11:10,924] INFO: Epoch 12 | Step 101/196 | Loss: 1.1676 | Acc: 55.43%
[2025-06-11 14:11:25,740] INFO: Epoch 12 training completed
[2025-06-11 14:11:27,489] INFO: Test Loss: 1.1547 | Test Acc: 58.59%
[2025-06-11 14:11:27,595] INFO: New best accuracy: 58.59%, model saved.
[2025-06-11 14:11:27,978] INFO: Epoch 13 | Step 1/196 | Loss: 1.0318 | Acc: 60.94%
[2025-06-11 14:11:43,658] INFO: Epoch 13 | Step 101/196 | Loss: 1.0980 | Acc: 58.20%
[2025-06-11 14:11:58,467] INFO: Epoch 13 training completed
[2025-06-11 14:12:00,228] INFO: Test Loss: 1.1255 | Test Acc: 59.95%
[2025-06-11 14:12:00,334] INFO: New best accuracy: 59.95%, model saved.
[2025-06-11 14:12:00,811] INFO: Epoch 14 | Step 1/196 | Loss: 0.9832 | Acc: 61.33%
[2025-06-11 14:12:16,498] INFO: Epoch 14 | Step 101/196 | Loss: 1.0320 | Acc: 60.83%
[2025-06-11 14:12:31,309] INFO: Epoch 14 training completed
[2025-06-11 14:12:33,053] INFO: Test Loss: 1.0569 | Test Acc: 62.03%
[2025-06-11 14:12:33,156] INFO: New best accuracy: 62.03%, model saved.
[2025-06-11 14:12:33,544] INFO: Epoch 15 | Step 1/196 | Loss: 0.8719 | Acc: 69.92%
[2025-06-11 14:12:49,226] INFO: Epoch 15 | Step 101/196 | Loss: 0.9804 | Acc: 63.17%
[2025-06-11 14:13:04,045] INFO: Epoch 15 training completed
[2025-06-11 14:13:05,796] INFO: Test Loss: 1.0469 | Test Acc: 62.61%
[2025-06-11 14:13:05,904] INFO: New best accuracy: 62.61%, model saved.
[2025-06-11 14:13:06,294] INFO: Epoch 16 | Step 1/196 | Loss: 0.8616 | Acc: 70.70%
[2025-06-11 14:13:22,024] INFO: Epoch 16 | Step 101/196 | Loss: 0.9296 | Acc: 65.15%
[2025-06-11 14:13:36,868] INFO: Epoch 16 training completed
[2025-06-11 14:13:38,612] INFO: Test Loss: 0.9658 | Test Acc: 65.31%
[2025-06-11 14:13:38,716] INFO: New best accuracy: 65.31%, model saved.
[2025-06-11 14:13:39,093] INFO: Epoch 17 | Step 1/196 | Loss: 0.8408 | Acc: 70.31%
[2025-06-11 14:13:54,780] INFO: Epoch 17 | Step 101/196 | Loss: 0.8817 | Acc: 66.82%
[2025-06-11 14:14:09,616] INFO: Epoch 17 training completed
[2025-06-11 14:14:11,364] INFO: Test Loss: 0.9182 | Test Acc: 67.47%
[2025-06-11 14:14:11,468] INFO: New best accuracy: 67.47%, model saved.
[2025-06-11 14:14:11,845] INFO: Epoch 18 | Step 1/196 | Loss: 0.7781 | Acc: 71.09%
[2025-06-11 14:14:27,526] INFO: Epoch 18 | Step 101/196 | Loss: 0.8407 | Acc: 68.88%
[2025-06-11 14:14:42,342] INFO: Epoch 18 training completed
[2025-06-11 14:14:44,087] INFO: Test Loss: 0.8695 | Test Acc: 68.73%
[2025-06-11 14:14:44,191] INFO: New best accuracy: 68.73%, model saved.
[2025-06-11 14:14:44,568] INFO: Epoch 19 | Step 1/196 | Loss: 0.7401 | Acc: 72.66%
[2025-06-11 14:15:00,251] INFO: Epoch 19 | Step 101/196 | Loss: 0.8042 | Acc: 69.66%
[2025-06-11 14:15:15,087] INFO: Epoch 19 training completed
[2025-06-11 14:15:16,833] INFO: Test Loss: 0.8643 | Test Acc: 68.85%
[2025-06-11 14:15:16,938] INFO: New best accuracy: 68.85%, model saved.
[2025-06-11 14:15:17,313] INFO: Epoch 20 | Step 1/196 | Loss: 0.6970 | Acc: 75.00%
[2025-06-11 14:15:33,014] INFO: Epoch 20 | Step 101/196 | Loss: 0.7694 | Acc: 71.55%
[2025-06-11 14:15:47,826] INFO: Epoch 20 training completed
[2025-06-11 14:15:49,565] INFO: Test Loss: 0.8514 | Test Acc: 70.01%
[2025-06-11 14:15:49,669] INFO: New best accuracy: 70.01%, model saved.
[2025-06-11 14:15:50,048] INFO: Epoch 21 | Step 1/196 | Loss: 0.6662 | Acc: 75.78%
[2025-06-11 14:16:05,735] INFO: Epoch 21 | Step 101/196 | Loss: 0.7267 | Acc: 73.30%
[2025-06-11 14:16:20,544] INFO: Epoch 21 training completed
[2025-06-11 14:16:22,288] INFO: Test Loss: 0.8035 | Test Acc: 72.03%
[2025-06-11 14:16:22,393] INFO: New best accuracy: 72.03%, model saved.
[2025-06-11 14:16:22,777] INFO: Epoch 22 | Step 1/196 | Loss: 0.7155 | Acc: 72.27%
[2025-06-11 14:16:38,453] INFO: Epoch 22 | Step 101/196 | Loss: 0.6872 | Acc: 74.61%
[2025-06-11 14:16:53,263] INFO: Epoch 22 training completed
[2025-06-11 14:16:55,005] INFO: Test Loss: 0.7934 | Test Acc: 72.45%
[2025-06-11 14:16:55,109] INFO: New best accuracy: 72.45%, model saved.
[2025-06-11 14:16:55,491] INFO: Epoch 23 | Step 1/196 | Loss: 0.6618 | Acc: 74.61%
[2025-06-11 14:17:11,183] INFO: Epoch 23 | Step 101/196 | Loss: 0.6593 | Acc: 75.77%
[2025-06-11 14:17:26,003] INFO: Epoch 23 training completed
[2025-06-11 14:17:27,744] INFO: Test Loss: 0.7972 | Test Acc: 72.63%
[2025-06-11 14:17:27,850] INFO: New best accuracy: 72.63%, model saved.
[2025-06-11 14:17:28,234] INFO: Epoch 24 | Step 1/196 | Loss: 0.5930 | Acc: 77.73%
[2025-06-11 14:17:43,916] INFO: Epoch 24 | Step 101/196 | Loss: 0.6261 | Acc: 76.92%
[2025-06-11 14:17:58,730] INFO: Epoch 24 training completed
[2025-06-11 14:18:00,471] INFO: Test Loss: 0.7123 | Test Acc: 76.02%
[2025-06-11 14:18:00,574] INFO: New best accuracy: 76.02%, model saved.
[2025-06-11 14:18:00,955] INFO: Epoch 25 | Step 1/196 | Loss: 0.5921 | Acc: 76.95%
[2025-06-11 14:18:16,649] INFO: Epoch 25 | Step 101/196 | Loss: 0.5987 | Acc: 78.26%
[2025-06-11 14:18:31,462] INFO: Epoch 25 training completed
[2025-06-11 14:18:33,212] INFO: Test Loss: 0.7651 | Test Acc: 73.72%
[2025-06-11 14:18:33,601] INFO: Epoch 26 | Step 1/196 | Loss: 0.5289 | Acc: 79.69%
[2025-06-11 14:18:49,285] INFO: Epoch 26 | Step 101/196 | Loss: 0.5706 | Acc: 79.25%
[2025-06-11 14:19:04,096] INFO: Epoch 26 training completed
[2025-06-11 14:19:05,842] INFO: Test Loss: 0.7252 | Test Acc: 75.35%
[2025-06-11 14:19:06,313] INFO: Epoch 27 | Step 1/196 | Loss: 0.5167 | Acc: 82.03%
[2025-06-11 14:19:21,993] INFO: Epoch 27 | Step 101/196 | Loss: 0.5553 | Acc: 79.85%
[2025-06-11 14:19:36,805] INFO: Epoch 27 training completed
[2025-06-11 14:19:38,548] INFO: Test Loss: 0.6923 | Test Acc: 77.05%
[2025-06-11 14:19:38,653] INFO: New best accuracy: 77.05%, model saved.
[2025-06-11 14:19:39,028] INFO: Epoch 28 | Step 1/196 | Loss: 0.4783 | Acc: 82.42%
[2025-06-11 14:19:54,707] INFO: Epoch 28 | Step 101/196 | Loss: 0.5400 | Acc: 80.61%
[2025-06-11 14:20:09,521] INFO: Epoch 28 training completed
[2025-06-11 14:20:11,262] INFO: Test Loss: 0.7062 | Test Acc: 76.22%
[2025-06-11 14:20:11,650] INFO: Epoch 29 | Step 1/196 | Loss: 0.4362 | Acc: 85.55%
[2025-06-11 14:20:27,329] INFO: Epoch 29 | Step 101/196 | Loss: 0.5233 | Acc: 81.40%
[2025-06-11 14:20:42,141] INFO: Epoch 29 training completed
[2025-06-11 14:20:43,890] INFO: Test Loss: 0.7118 | Test Acc: 75.51%
[2025-06-11 14:20:44,273] INFO: Epoch 30 | Step 1/196 | Loss: 0.4282 | Acc: 85.94%
[2025-06-11 14:20:59,956] INFO: Epoch 30 | Step 101/196 | Loss: 0.5070 | Acc: 81.83%
[2025-06-11 14:21:14,780] INFO: Epoch 30 training completed
[2025-06-11 14:21:16,527] INFO: Test Loss: 0.7356 | Test Acc: 75.42%
[2025-06-11 14:21:17,017] INFO: Epoch 31 | Step 1/196 | Loss: 0.4236 | Acc: 85.55%
[2025-06-11 14:21:32,700] INFO: Epoch 31 | Step 101/196 | Loss: 0.5011 | Acc: 81.90%
[2025-06-11 14:21:47,511] INFO: Epoch 31 training completed
[2025-06-11 14:21:49,258] INFO: Test Loss: 0.6802 | Test Acc: 77.50%
[2025-06-11 14:21:49,373] INFO: New best accuracy: 77.50%, model saved.
[2025-06-11 14:21:49,757] INFO: Epoch 32 | Step 1/196 | Loss: 0.4294 | Acc: 85.94%
[2025-06-11 14:22:05,438] INFO: Epoch 32 | Step 101/196 | Loss: 0.4927 | Acc: 82.50%
[2025-06-11 14:22:20,250] INFO: Epoch 32 training completed
[2025-06-11 14:22:21,996] INFO: Test Loss: 0.7448 | Test Acc: 74.91%
[2025-06-11 14:22:22,375] INFO: Epoch 33 | Step 1/196 | Loss: 0.4282 | Acc: 85.94%
[2025-06-11 14:22:38,052] INFO: Epoch 33 | Step 101/196 | Loss: 0.4920 | Acc: 82.44%
[2025-06-11 14:22:52,868] INFO: Epoch 33 training completed
[2025-06-11 14:22:54,618] INFO: Test Loss: 0.7138 | Test Acc: 76.20%
[2025-06-11 14:22:54,996] INFO: Epoch 34 | Step 1/196 | Loss: 0.4213 | Acc: 87.11%
[2025-06-11 14:23:10,678] INFO: Epoch 34 | Step 101/196 | Loss: 0.4872 | Acc: 82.91%
[2025-06-11 14:23:25,500] INFO: Epoch 34 training completed
[2025-06-11 14:23:27,245] INFO: Test Loss: 0.7066 | Test Acc: 76.34%
[2025-06-11 14:23:27,623] INFO: Epoch 35 | Step 1/196 | Loss: 0.4280 | Acc: 85.94%
[2025-06-11 14:23:43,300] INFO: Epoch 35 | Step 101/196 | Loss: 0.4859 | Acc: 82.89%
[2025-06-11 14:23:58,113] INFO: Epoch 35 training completed
[2025-06-11 14:23:59,858] INFO: Test Loss: 0.7017 | Test Acc: 76.92%
[2025-06-11 14:24:00,243] INFO: Epoch 36 | Step 1/196 | Loss: 0.4036 | Acc: 87.89%
[2025-06-11 14:24:15,940] INFO: Epoch 36 | Step 101/196 | Loss: 0.4822 | Acc: 82.96%
[2025-06-11 14:24:30,751] INFO: Epoch 36 training completed
[2025-06-11 14:24:32,496] INFO: Test Loss: 0.8074 | Test Acc: 72.77%
[2025-06-11 14:24:32,883] INFO: Epoch 37 | Step 1/196 | Loss: 0.4082 | Acc: 83.98%
[2025-06-11 14:24:48,566] INFO: Epoch 37 | Step 101/196 | Loss: 0.4828 | Acc: 83.20%
[2025-06-11 14:25:03,379] INFO: Epoch 37 training completed
[2025-06-11 14:25:05,118] INFO: Test Loss: 0.6339 | Test Acc: 78.54%
[2025-06-11 14:25:05,222] INFO: New best accuracy: 78.54%, model saved.
[2025-06-11 14:25:05,599] INFO: Epoch 38 | Step 1/196 | Loss: 0.4302 | Acc: 85.94%
[2025-06-11 14:25:21,284] INFO: Epoch 38 | Step 101/196 | Loss: 0.4817 | Acc: 83.10%
[2025-06-11 14:25:36,108] INFO: Epoch 38 training completed
[2025-06-11 14:25:37,851] INFO: Test Loss: 0.8091 | Test Acc: 73.32%
[2025-06-11 14:25:38,235] INFO: Epoch 39 | Step 1/196 | Loss: 0.3769 | Acc: 89.06%
[2025-06-11 14:25:53,920] INFO: Epoch 39 | Step 101/196 | Loss: 0.4793 | Acc: 83.16%
[2025-06-11 14:26:08,727] INFO: Epoch 39 training completed
[2025-06-11 14:26:10,464] INFO: Test Loss: 0.8216 | Test Acc: 72.59%
[2025-06-11 14:26:10,842] INFO: Epoch 40 | Step 1/196 | Loss: 0.4190 | Acc: 87.11%
[2025-06-11 14:26:26,525] INFO: Epoch 40 | Step 101/196 | Loss: 0.4752 | Acc: 83.44%
[2025-06-11 14:26:41,334] INFO: Epoch 40 training completed
[2025-06-11 14:26:43,082] INFO: Test Loss: 0.6959 | Test Acc: 77.82%
[2025-06-11 14:26:43,459] INFO: Epoch 41 | Step 1/196 | Loss: 0.4312 | Acc: 86.33%
[2025-06-11 14:26:59,140] INFO: Epoch 41 | Step 101/196 | Loss: 0.4813 | Acc: 83.23%
[2025-06-11 14:27:13,969] INFO: Epoch 41 training completed
[2025-06-11 14:27:15,707] INFO: Test Loss: 0.8375 | Test Acc: 71.21%
[2025-06-11 14:27:16,090] INFO: Epoch 42 | Step 1/196 | Loss: 0.4007 | Acc: 86.33%
[2025-06-11 14:27:31,779] INFO: Epoch 42 | Step 101/196 | Loss: 0.4809 | Acc: 83.33%
[2025-06-11 14:27:46,589] INFO: Epoch 42 training completed
[2025-06-11 14:27:48,335] INFO: Test Loss: 0.7489 | Test Acc: 75.46%
[2025-06-11 14:27:48,719] INFO: Epoch 43 | Step 1/196 | Loss: 0.4365 | Acc: 85.94%
[2025-06-11 14:28:04,402] INFO: Epoch 43 | Step 101/196 | Loss: 0.4902 | Acc: 83.06%
[2025-06-11 14:28:19,216] INFO: Epoch 43 training completed
[2025-06-11 14:28:20,958] INFO: Test Loss: 0.6891 | Test Acc: 77.29%
[2025-06-11 14:28:21,339] INFO: Epoch 44 | Step 1/196 | Loss: 0.4297 | Acc: 86.72%
[2025-06-11 14:28:37,018] INFO: Epoch 44 | Step 101/196 | Loss: 0.4845 | Acc: 83.16%
[2025-06-11 14:28:51,829] INFO: Epoch 44 training completed
[2025-06-11 14:28:53,572] INFO: Test Loss: 0.7556 | Test Acc: 75.60%
[2025-06-11 14:28:53,955] INFO: Epoch 45 | Step 1/196 | Loss: 0.4382 | Acc: 86.72%
[2025-06-11 14:29:09,652] INFO: Epoch 45 | Step 101/196 | Loss: 0.4782 | Acc: 83.41%
[2025-06-11 14:29:24,464] INFO: Epoch 45 training completed
[2025-06-11 14:29:26,206] INFO: Test Loss: 0.8186 | Test Acc: 73.04%
[2025-06-11 14:29:26,679] INFO: Epoch 46 | Step 1/196 | Loss: 0.4165 | Acc: 85.55%
[2025-06-11 14:29:42,361] INFO: Epoch 46 | Step 101/196 | Loss: 0.4826 | Acc: 83.09%
[2025-06-11 14:29:57,171] INFO: Epoch 46 training completed
[2025-06-11 14:29:58,909] INFO: Test Loss: 0.7420 | Test Acc: 75.08%
[2025-06-11 14:29:59,288] INFO: Epoch 47 | Step 1/196 | Loss: 0.4615 | Acc: 86.72%
[2025-06-11 14:30:14,992] INFO: Epoch 47 | Step 101/196 | Loss: 0.4787 | Acc: 83.18%
[2025-06-11 14:30:29,809] INFO: Epoch 47 training completed
[2025-06-11 14:30:31,553] INFO: Test Loss: 0.7703 | Test Acc: 74.83%
[2025-06-11 14:30:31,933] INFO: Epoch 48 | Step 1/196 | Loss: 0.4455 | Acc: 84.38%
[2025-06-11 14:30:47,614] INFO: Epoch 48 | Step 101/196 | Loss: 0.4824 | Acc: 83.13%
[2025-06-11 14:31:02,429] INFO: Epoch 48 training completed
[2025-06-11 14:31:04,174] INFO: Test Loss: 0.7594 | Test Acc: 75.47%
[2025-06-11 14:31:04,572] INFO: Epoch 49 | Step 1/196 | Loss: 0.4161 | Acc: 87.11%
[2025-06-11 14:31:20,268] INFO: Epoch 49 | Step 101/196 | Loss: 0.4786 | Acc: 83.49%
[2025-06-11 14:31:35,085] INFO: Epoch 49 training completed
[2025-06-11 14:31:36,834] INFO: Test Loss: 1.0118 | Test Acc: 68.62%
[2025-06-11 14:31:37,315] INFO: Epoch 50 | Step 1/196 | Loss: 0.4752 | Acc: 83.98%
[2025-06-11 14:31:52,995] INFO: Epoch 50 | Step 101/196 | Loss: 0.4844 | Acc: 83.19%
[2025-06-11 14:32:07,806] INFO: Epoch 50 training completed
[2025-06-11 14:32:09,557] INFO: Test Loss: 0.9240 | Test Acc: 69.79%
[2025-06-11 14:32:09,946] INFO: Epoch 51 | Step 1/196 | Loss: 0.3720 | Acc: 87.50%
[2025-06-11 14:32:25,631] INFO: Epoch 51 | Step 101/196 | Loss: 0.4726 | Acc: 83.53%
[2025-06-11 14:32:40,439] INFO: Epoch 51 training completed
[2025-06-11 14:32:42,186] INFO: Test Loss: 0.7461 | Test Acc: 75.99%
[2025-06-11 14:32:42,579] INFO: Epoch 52 | Step 1/196 | Loss: 0.4418 | Acc: 86.72%
[2025-06-11 14:32:58,262] INFO: Epoch 52 | Step 101/196 | Loss: 0.4740 | Acc: 83.45%
[2025-06-11 14:33:13,082] INFO: Epoch 52 training completed
[2025-06-11 14:33:14,831] INFO: Test Loss: 0.8132 | Test Acc: 73.24%
[2025-06-11 14:33:15,212] INFO: Epoch 53 | Step 1/196 | Loss: 0.4577 | Acc: 83.98%
[2025-06-11 14:33:30,901] INFO: Epoch 53 | Step 101/196 | Loss: 0.4712 | Acc: 83.56%
[2025-06-11 14:33:45,713] INFO: Epoch 53 training completed
[2025-06-11 14:33:47,461] INFO: Test Loss: 0.9525 | Test Acc: 69.36%
[2025-06-11 14:33:47,937] INFO: Epoch 54 | Step 1/196 | Loss: 0.4305 | Acc: 85.55%
[2025-06-11 14:34:03,621] INFO: Epoch 54 | Step 101/196 | Loss: 0.4723 | Acc: 83.60%
[2025-06-11 14:34:18,433] INFO: Epoch 54 training completed
[2025-06-11 14:34:20,177] INFO: Test Loss: 0.9171 | Test Acc: 70.89%
[2025-06-11 14:34:20,560] INFO: Epoch 55 | Step 1/196 | Loss: 0.4137 | Acc: 85.55%
[2025-06-11 14:34:36,242] INFO: Epoch 55 | Step 101/196 | Loss: 0.4746 | Acc: 83.48%
[2025-06-11 14:34:51,052] INFO: Epoch 55 training completed
[2025-06-11 14:34:52,802] INFO: Test Loss: 0.7574 | Test Acc: 75.31%
[2025-06-11 14:34:53,181] INFO: Epoch 56 | Step 1/196 | Loss: 0.4306 | Acc: 84.77%
[2025-06-11 14:35:08,861] INFO: Epoch 56 | Step 101/196 | Loss: 0.4737 | Acc: 83.62%
[2025-06-11 14:35:23,672] INFO: Epoch 56 training completed
[2025-06-11 14:35:25,415] INFO: Test Loss: 0.7792 | Test Acc: 74.42%
[2025-06-11 14:35:25,798] INFO: Epoch 57 | Step 1/196 | Loss: 0.4227 | Acc: 85.16%
[2025-06-11 14:35:41,482] INFO: Epoch 57 | Step 101/196 | Loss: 0.4741 | Acc: 83.47%
[2025-06-11 14:35:56,291] INFO: Epoch 57 training completed
[2025-06-11 14:35:58,039] INFO: Test Loss: 0.9312 | Test Acc: 69.62%
[2025-06-11 14:35:58,514] INFO: Epoch 58 | Step 1/196 | Loss: 0.4592 | Acc: 85.16%
[2025-06-11 14:36:14,213] INFO: Epoch 58 | Step 101/196 | Loss: 0.4829 | Acc: 83.23%
[2025-06-11 14:36:29,033] INFO: Epoch 58 training completed
[2025-06-11 14:36:30,779] INFO: Test Loss: 0.9599 | Test Acc: 69.15%
[2025-06-11 14:36:31,168] INFO: Epoch 59 | Step 1/196 | Loss: 0.4565 | Acc: 84.38%
[2025-06-11 14:36:46,850] INFO: Epoch 59 | Step 101/196 | Loss: 0.4829 | Acc: 83.14%
[2025-06-11 14:37:01,662] INFO: Epoch 59 training completed
[2025-06-11 14:37:03,413] INFO: Test Loss: 0.8792 | Test Acc: 71.45%
[2025-06-11 14:37:03,812] INFO: Epoch 60 | Step 1/196 | Loss: 0.4524 | Acc: 83.59%
[2025-06-11 14:37:19,491] INFO: Epoch 60 | Step 101/196 | Loss: 0.4799 | Acc: 83.35%
[2025-06-11 14:37:34,306] INFO: Epoch 60 training completed
[2025-06-11 14:37:36,055] INFO: Test Loss: 1.1209 | Test Acc: 67.67%
[2025-06-11 14:37:36,439] INFO: Epoch 61 | Step 1/196 | Loss: 0.3987 | Acc: 85.94%
[2025-06-11 14:37:52,120] INFO: Epoch 61 | Step 101/196 | Loss: 0.4796 | Acc: 83.42%
[2025-06-11 14:38:06,948] INFO: Epoch 61 training completed
[2025-06-11 14:38:08,696] INFO: Test Loss: 0.6874 | Test Acc: 77.94%
[2025-06-11 14:38:09,094] INFO: Epoch 62 | Step 1/196 | Loss: 0.4567 | Acc: 85.16%
[2025-06-11 14:38:24,777] INFO: Epoch 62 | Step 101/196 | Loss: 0.4710 | Acc: 83.75%
[2025-06-11 14:38:39,582] INFO: Epoch 62 training completed
[2025-06-11 14:38:41,322] INFO: Test Loss: 0.8027 | Test Acc: 74.29%
[2025-06-11 14:38:41,702] INFO: Epoch 63 | Step 1/196 | Loss: 0.4253 | Acc: 84.38%
[2025-06-11 14:38:57,383] INFO: Epoch 63 | Step 101/196 | Loss: 0.4672 | Acc: 83.67%
[2025-06-11 14:39:12,196] INFO: Epoch 63 training completed
[2025-06-11 14:39:13,947] INFO: Test Loss: 0.7939 | Test Acc: 74.78%
[2025-06-11 14:39:14,336] INFO: Epoch 64 | Step 1/196 | Loss: 0.4292 | Acc: 83.59%
[2025-06-11 14:39:30,025] INFO: Epoch 64 | Step 101/196 | Loss: 0.4615 | Acc: 84.00%
[2025-06-11 14:39:44,831] INFO: Epoch 64 training completed
[2025-06-11 14:39:46,579] INFO: Test Loss: 0.9271 | Test Acc: 69.93%
[2025-06-11 14:39:46,956] INFO: Epoch 65 | Step 1/196 | Loss: 0.4830 | Acc: 83.98%
[2025-06-11 14:40:02,644] INFO: Epoch 65 | Step 101/196 | Loss: 0.4703 | Acc: 83.62%
[2025-06-11 14:40:17,454] INFO: Epoch 65 training completed
[2025-06-11 14:40:19,202] INFO: Test Loss: 0.6646 | Test Acc: 78.38%
[2025-06-11 14:40:19,584] INFO: Epoch 66 | Step 1/196 | Loss: 0.3718 | Acc: 85.16%
[2025-06-11 14:40:35,267] INFO: Epoch 66 | Step 101/196 | Loss: 0.4570 | Acc: 84.02%
[2025-06-11 14:40:50,080] INFO: Epoch 66 training completed
[2025-06-11 14:40:51,830] INFO: Test Loss: 0.8590 | Test Acc: 72.30%
[2025-06-11 14:40:52,209] INFO: Epoch 67 | Step 1/196 | Loss: 0.3765 | Acc: 85.94%
[2025-06-11 14:41:07,893] INFO: Epoch 67 | Step 101/196 | Loss: 0.4673 | Acc: 83.72%
[2025-06-11 14:41:22,705] INFO: Epoch 67 training completed
[2025-06-11 14:41:24,451] INFO: Test Loss: 0.7185 | Test Acc: 77.35%
[2025-06-11 14:41:24,829] INFO: Epoch 68 | Step 1/196 | Loss: 0.4427 | Acc: 85.16%
[2025-06-11 14:41:40,511] INFO: Epoch 68 | Step 101/196 | Loss: 0.4622 | Acc: 83.88%
[2025-06-11 14:41:55,318] INFO: Epoch 68 training completed
[2025-06-11 14:41:57,065] INFO: Test Loss: 0.8788 | Test Acc: 72.80%
[2025-06-11 14:41:57,536] INFO: Epoch 69 | Step 1/196 | Loss: 0.3747 | Acc: 87.50%
[2025-06-11 14:42:13,219] INFO: Epoch 69 | Step 101/196 | Loss: 0.4592 | Acc: 84.34%
[2025-06-11 14:42:28,042] INFO: Epoch 69 training completed
[2025-06-11 14:42:29,786] INFO: Test Loss: 0.9521 | Test Acc: 70.43%
[2025-06-11 14:42:30,169] INFO: Epoch 70 | Step 1/196 | Loss: 0.4666 | Acc: 83.20%
[2025-06-11 14:42:45,846] INFO: Epoch 70 | Step 101/196 | Loss: 0.4595 | Acc: 83.73%
[2025-06-11 14:43:00,662] INFO: Epoch 70 training completed
[2025-06-11 14:43:02,403] INFO: Test Loss: 0.7707 | Test Acc: 75.14%
[2025-06-11 14:43:02,789] INFO: Epoch 71 | Step 1/196 | Loss: 0.3438 | Acc: 89.45%
[2025-06-11 14:43:18,470] INFO: Epoch 71 | Step 101/196 | Loss: 0.4566 | Acc: 84.00%
[2025-06-11 14:43:33,282] INFO: Epoch 71 training completed
[2025-06-11 14:43:35,027] INFO: Test Loss: 0.8214 | Test Acc: 73.32%
[2025-06-11 14:43:35,408] INFO: Epoch 72 | Step 1/196 | Loss: 0.3802 | Acc: 86.33%
[2025-06-11 14:43:51,085] INFO: Epoch 72 | Step 101/196 | Loss: 0.4565 | Acc: 84.24%
[2025-06-11 14:44:05,907] INFO: Epoch 72 training completed
[2025-06-11 14:44:07,661] INFO: Test Loss: 0.7677 | Test Acc: 75.05%
[2025-06-11 14:44:08,139] INFO: Epoch 73 | Step 1/196 | Loss: 0.4056 | Acc: 85.16%
[2025-06-11 14:44:23,822] INFO: Epoch 73 | Step 101/196 | Loss: 0.4574 | Acc: 84.34%
[2025-06-11 14:44:38,631] INFO: Epoch 73 training completed
[2025-06-11 14:44:40,378] INFO: Test Loss: 1.1970 | Test Acc: 60.95%
[2025-06-11 14:44:40,754] INFO: Epoch 74 | Step 1/196 | Loss: 0.4115 | Acc: 86.72%
[2025-06-11 14:44:56,435] INFO: Epoch 74 | Step 101/196 | Loss: 0.4529 | Acc: 84.21%
[2025-06-11 14:45:11,247] INFO: Epoch 74 training completed
[2025-06-11 14:45:12,989] INFO: Test Loss: 0.8973 | Test Acc: 71.92%
[2025-06-11 14:45:13,368] INFO: Epoch 75 | Step 1/196 | Loss: 0.3892 | Acc: 87.50%
[2025-06-11 14:45:29,067] INFO: Epoch 75 | Step 101/196 | Loss: 0.4588 | Acc: 83.97%
[2025-06-11 14:45:43,879] INFO: Epoch 75 training completed
[2025-06-11 14:45:45,629] INFO: Test Loss: 0.7549 | Test Acc: 75.78%
[2025-06-11 14:45:46,042] INFO: Epoch 76 | Step 1/196 | Loss: 0.3541 | Acc: 89.06%
[2025-06-11 14:46:01,782] INFO: Epoch 76 | Step 101/196 | Loss: 0.4500 | Acc: 84.72%
[2025-06-11 14:46:16,595] INFO: Epoch 76 training completed
[2025-06-11 14:46:18,344] INFO: Test Loss: 0.7016 | Test Acc: 77.14%
[2025-06-11 14:46:18,823] INFO: Epoch 77 | Step 1/196 | Loss: 0.3636 | Acc: 87.89%
[2025-06-11 14:46:34,508] INFO: Epoch 77 | Step 101/196 | Loss: 0.4590 | Acc: 84.13%
[2025-06-11 14:46:49,317] INFO: Epoch 77 training completed
[2025-06-11 14:46:51,066] INFO: Test Loss: 0.9862 | Test Acc: 69.05%
[2025-06-11 14:46:51,450] INFO: Epoch 78 | Step 1/196 | Loss: 0.4835 | Acc: 83.59%
[2025-06-11 14:47:07,132] INFO: Epoch 78 | Step 101/196 | Loss: 0.4475 | Acc: 84.40%
[2025-06-11 14:47:21,943] INFO: Epoch 78 training completed
[2025-06-11 14:47:23,688] INFO: Test Loss: 0.8115 | Test Acc: 74.02%
[2025-06-11 14:47:24,072] INFO: Epoch 79 | Step 1/196 | Loss: 0.3529 | Acc: 86.33%
[2025-06-11 14:47:39,750] INFO: Epoch 79 | Step 101/196 | Loss: 0.4405 | Acc: 84.96%
[2025-06-11 14:47:54,560] INFO: Epoch 79 training completed
[2025-06-11 14:47:56,300] INFO: Test Loss: 1.0172 | Test Acc: 67.16%
[2025-06-11 14:47:56,687] INFO: Epoch 80 | Step 1/196 | Loss: 0.4038 | Acc: 86.33%
[2025-06-11 14:48:12,367] INFO: Epoch 80 | Step 101/196 | Loss: 0.4460 | Acc: 84.57%
[2025-06-11 14:48:27,203] INFO: Epoch 80 training completed
[2025-06-11 14:48:28,947] INFO: Test Loss: 0.7599 | Test Acc: 75.28%
[2025-06-11 14:48:29,329] INFO: Epoch 81 | Step 1/196 | Loss: 0.3923 | Acc: 87.11%
[2025-06-11 14:48:45,007] INFO: Epoch 81 | Step 101/196 | Loss: 0.4495 | Acc: 84.37%
[2025-06-11 14:48:59,818] INFO: Epoch 81 training completed
[2025-06-11 14:49:01,559] INFO: Test Loss: 0.8322 | Test Acc: 72.63%
[2025-06-11 14:49:01,950] INFO: Epoch 82 | Step 1/196 | Loss: 0.3785 | Acc: 87.50%
[2025-06-11 14:49:17,634] INFO: Epoch 82 | Step 101/196 | Loss: 0.4431 | Acc: 84.68%
[2025-06-11 14:49:32,445] INFO: Epoch 82 training completed
[2025-06-11 14:49:34,195] INFO: Test Loss: 0.7642 | Test Acc: 74.43%
[2025-06-11 14:49:34,577] INFO: Epoch 83 | Step 1/196 | Loss: 0.3781 | Acc: 87.11%
[2025-06-11 14:49:50,257] INFO: Epoch 83 | Step 101/196 | Loss: 0.4402 | Acc: 84.81%
[2025-06-11 14:50:05,076] INFO: Epoch 83 training completed
[2025-06-11 14:50:06,823] INFO: Test Loss: 0.9943 | Test Acc: 66.96%
[2025-06-11 14:50:07,209] INFO: Epoch 84 | Step 1/196 | Loss: 0.4126 | Acc: 87.11%
[2025-06-11 14:50:22,892] INFO: Epoch 84 | Step 101/196 | Loss: 0.4412 | Acc: 84.66%
[2025-06-11 14:50:37,709] INFO: Epoch 84 training completed
[2025-06-11 14:50:39,453] INFO: Test Loss: 0.7064 | Test Acc: 76.68%
[2025-06-11 14:50:39,846] INFO: Epoch 85 | Step 1/196 | Loss: 0.3804 | Acc: 88.28%
[2025-06-11 14:50:55,527] INFO: Epoch 85 | Step 101/196 | Loss: 0.4457 | Acc: 84.54%
[2025-06-11 14:51:10,341] INFO: Epoch 85 training completed
[2025-06-11 14:51:12,088] INFO: Test Loss: 0.7054 | Test Acc: 76.92%
[2025-06-11 14:51:12,468] INFO: Epoch 86 | Step 1/196 | Loss: 0.3513 | Acc: 88.28%
[2025-06-11 14:51:28,160] INFO: Epoch 86 | Step 101/196 | Loss: 0.4303 | Acc: 84.96%
[2025-06-11 14:51:42,970] INFO: Epoch 86 training completed
[2025-06-11 14:51:44,716] INFO: Test Loss: 0.7868 | Test Acc: 73.15%
[2025-06-11 14:51:45,107] INFO: Epoch 87 | Step 1/196 | Loss: 0.4074 | Acc: 89.06%
[2025-06-11 14:52:00,792] INFO: Epoch 87 | Step 101/196 | Loss: 0.4386 | Acc: 84.82%
[2025-06-11 14:52:15,603] INFO: Epoch 87 training completed
[2025-06-11 14:52:17,348] INFO: Test Loss: 0.6754 | Test Acc: 77.64%
[2025-06-11 14:52:17,734] INFO: Epoch 88 | Step 1/196 | Loss: 0.3958 | Acc: 84.77%
[2025-06-11 14:52:33,425] INFO: Epoch 88 | Step 101/196 | Loss: 0.4312 | Acc: 85.01%
[2025-06-11 14:52:48,234] INFO: Epoch 88 training completed
[2025-06-11 14:52:49,977] INFO: Test Loss: 0.7773 | Test Acc: 73.91%
[2025-06-11 14:52:50,365] INFO: Epoch 89 | Step 1/196 | Loss: 0.4430 | Acc: 85.16%
[2025-06-11 14:53:06,047] INFO: Epoch 89 | Step 101/196 | Loss: 0.4398 | Acc: 84.70%
[2025-06-11 14:53:20,868] INFO: Epoch 89 training completed
[2025-06-11 14:53:22,615] INFO: Test Loss: 0.8086 | Test Acc: 74.42%
[2025-06-11 14:53:23,006] INFO: Epoch 90 | Step 1/196 | Loss: 0.3821 | Acc: 86.33%
[2025-06-11 14:53:38,686] INFO: Epoch 90 | Step 101/196 | Loss: 0.4310 | Acc: 85.15%
[2025-06-11 14:53:53,497] INFO: Epoch 90 training completed
[2025-06-11 14:53:55,244] INFO: Test Loss: 0.7240 | Test Acc: 76.94%
[2025-06-11 14:53:55,632] INFO: Epoch 91 | Step 1/196 | Loss: 0.3723 | Acc: 86.72%
[2025-06-11 14:54:11,313] INFO: Epoch 91 | Step 101/196 | Loss: 0.4305 | Acc: 85.19%
[2025-06-11 14:54:26,141] INFO: Epoch 91 training completed
[2025-06-11 14:54:27,886] INFO: Test Loss: 0.7027 | Test Acc: 77.92%
[2025-06-11 14:54:28,359] INFO: Epoch 92 | Step 1/196 | Loss: 0.3595 | Acc: 87.11%
[2025-06-11 14:54:44,043] INFO: Epoch 92 | Step 101/196 | Loss: 0.4294 | Acc: 85.24%
[2025-06-11 14:54:58,854] INFO: Epoch 92 training completed
[2025-06-11 14:55:00,600] INFO: Test Loss: 1.0490 | Test Acc: 66.27%
[2025-06-11 14:55:01,000] INFO: Epoch 93 | Step 1/196 | Loss: 0.3695 | Acc: 87.11%
[2025-06-11 14:55:16,685] INFO: Epoch 93 | Step 101/196 | Loss: 0.4254 | Acc: 85.42%
[2025-06-11 14:55:31,498] INFO: Epoch 93 training completed
[2025-06-11 14:55:33,242] INFO: Test Loss: 0.6710 | Test Acc: 77.95%
[2025-06-11 14:55:33,630] INFO: Epoch 94 | Step 1/196 | Loss: 0.3610 | Acc: 86.72%
[2025-06-11 14:55:49,310] INFO: Epoch 94 | Step 101/196 | Loss: 0.4249 | Acc: 85.31%
[2025-06-11 14:56:04,123] INFO: Epoch 94 training completed
[2025-06-11 14:56:05,874] INFO: Test Loss: 0.8844 | Test Acc: 71.40%
[2025-06-11 14:56:06,260] INFO: Epoch 95 | Step 1/196 | Loss: 0.2932 | Acc: 91.80%
[2025-06-11 14:56:21,945] INFO: Epoch 95 | Step 101/196 | Loss: 0.4183 | Acc: 85.75%
[2025-06-11 14:56:36,765] INFO: Epoch 95 training completed
[2025-06-11 14:56:38,503] INFO: Test Loss: 0.7505 | Test Acc: 75.55%
[2025-06-11 14:56:38,880] INFO: Epoch 96 | Step 1/196 | Loss: 0.3420 | Acc: 89.06%
[2025-06-11 14:56:54,566] INFO: Epoch 96 | Step 101/196 | Loss: 0.4200 | Acc: 85.78%
[2025-06-11 14:57:09,383] INFO: Epoch 96 training completed
[2025-06-11 14:57:11,122] INFO: Test Loss: 0.8213 | Test Acc: 73.80%
[2025-06-11 14:57:11,515] INFO: Epoch 97 | Step 1/196 | Loss: 0.3680 | Acc: 88.28%
[2025-06-11 14:57:27,224] INFO: Epoch 97 | Step 101/196 | Loss: 0.4158 | Acc: 85.89%
[2025-06-11 14:57:42,039] INFO: Epoch 97 training completed
[2025-06-11 14:57:43,786] INFO: Test Loss: 0.7368 | Test Acc: 76.06%
[2025-06-11 14:57:44,171] INFO: Epoch 98 | Step 1/196 | Loss: 0.3422 | Acc: 89.45%
[2025-06-11 14:57:59,858] INFO: Epoch 98 | Step 101/196 | Loss: 0.4152 | Acc: 85.81%
[2025-06-11 14:58:14,671] INFO: Epoch 98 training completed
[2025-06-11 14:58:16,418] INFO: Test Loss: 0.7794 | Test Acc: 74.01%
[2025-06-11 14:58:16,815] INFO: Epoch 99 | Step 1/196 | Loss: 0.3390 | Acc: 89.06%
[2025-06-11 14:58:32,500] INFO: Epoch 99 | Step 101/196 | Loss: 0.4134 | Acc: 85.71%
[2025-06-11 14:58:47,316] INFO: Epoch 99 training completed
[2025-06-11 14:58:49,058] INFO: Test Loss: 0.8109 | Test Acc: 73.60%
[2025-06-11 14:58:49,443] INFO: Epoch 100 | Step 1/196 | Loss: 0.3840 | Acc: 87.50%
[2025-06-11 14:59:05,135] INFO: Epoch 100 | Step 101/196 | Loss: 0.4145 | Acc: 85.75%
[2025-06-11 14:59:20,009] INFO: Epoch 100 training completed
[2025-06-11 14:59:21,805] INFO: Test Loss: 0.7312 | Test Acc: 76.98%
[2025-06-11 14:59:22,260] INFO: Epoch 101 | Step 1/196 | Loss: 0.3990 | Acc: 84.38%
[2025-06-11 14:59:38,362] INFO: Epoch 101 | Step 101/196 | Loss: 0.4150 | Acc: 85.78%
[2025-06-11 14:59:53,254] INFO: Epoch 101 training completed
[2025-06-11 14:59:55,017] INFO: Test Loss: 0.8389 | Test Acc: 73.04%
[2025-06-11 14:59:55,416] INFO: Epoch 102 | Step 1/196 | Loss: 0.3356 | Acc: 89.84%
[2025-06-11 15:00:11,181] INFO: Epoch 102 | Step 101/196 | Loss: 0.4143 | Acc: 85.69%
[2025-06-11 15:00:26,052] INFO: Epoch 102 training completed
[2025-06-11 15:00:27,833] INFO: Test Loss: 0.8670 | Test Acc: 72.29%
[2025-06-11 15:00:28,328] INFO: Epoch 103 | Step 1/196 | Loss: 0.3532 | Acc: 85.55%
[2025-06-11 15:00:44,057] INFO: Epoch 103 | Step 101/196 | Loss: 0.4116 | Acc: 85.87%
[2025-06-11 15:00:58,962] INFO: Epoch 103 training completed
[2025-06-11 15:01:00,732] INFO: Test Loss: 0.7166 | Test Acc: 77.33%
[2025-06-11 15:01:01,132] INFO: Epoch 104 | Step 1/196 | Loss: 0.2948 | Acc: 91.02%
[2025-06-11 15:01:16,865] INFO: Epoch 104 | Step 101/196 | Loss: 0.4026 | Acc: 86.20%
[2025-06-11 15:01:31,705] INFO: Epoch 104 training completed
[2025-06-11 15:01:33,460] INFO: Test Loss: 0.6089 | Test Acc: 80.79%
[2025-06-11 15:01:33,565] INFO: New best accuracy: 80.79%, model saved.
[2025-06-11 15:01:33,941] INFO: Epoch 105 | Step 1/196 | Loss: 0.3621 | Acc: 89.45%
[2025-06-11 15:01:49,652] INFO: Epoch 105 | Step 101/196 | Loss: 0.4032 | Acc: 86.28%
[2025-06-11 15:02:04,532] INFO: Epoch 105 training completed
[2025-06-11 15:02:06,308] INFO: Test Loss: 0.7033 | Test Acc: 77.42%
[2025-06-11 15:02:06,695] INFO: Epoch 106 | Step 1/196 | Loss: 0.3866 | Acc: 86.72%
[2025-06-11 15:02:22,438] INFO: Epoch 106 | Step 101/196 | Loss: 0.4044 | Acc: 86.17%
[2025-06-11 15:02:37,353] INFO: Epoch 106 training completed
[2025-06-11 15:02:39,118] INFO: Test Loss: 0.5970 | Test Acc: 81.61%
[2025-06-11 15:02:39,223] INFO: New best accuracy: 81.61%, model saved.
[2025-06-11 15:02:39,612] INFO: Epoch 107 | Step 1/196 | Loss: 0.3788 | Acc: 87.50%
[2025-06-11 15:02:55,364] INFO: Epoch 107 | Step 101/196 | Loss: 0.4012 | Acc: 86.33%
[2025-06-11 15:03:10,209] INFO: Epoch 107 training completed
[2025-06-11 15:03:11,973] INFO: Test Loss: 0.7315 | Test Acc: 75.84%
[2025-06-11 15:03:12,367] INFO: Epoch 108 | Step 1/196 | Loss: 0.3445 | Acc: 89.45%
[2025-06-11 15:03:28,088] INFO: Epoch 108 | Step 101/196 | Loss: 0.3908 | Acc: 86.79%
[2025-06-11 15:03:42,934] INFO: Epoch 108 training completed
[2025-06-11 15:03:44,689] INFO: Test Loss: 0.7149 | Test Acc: 76.54%
[2025-06-11 15:03:45,079] INFO: Epoch 109 | Step 1/196 | Loss: 0.3878 | Acc: 87.11%
[2025-06-11 15:04:00,808] INFO: Epoch 109 | Step 101/196 | Loss: 0.3956 | Acc: 86.29%
[2025-06-11 15:04:15,653] INFO: Epoch 109 training completed
[2025-06-11 15:04:17,413] INFO: Test Loss: 0.6532 | Test Acc: 78.78%
[2025-06-11 15:04:17,823] INFO: Epoch 110 | Step 1/196 | Loss: 0.3705 | Acc: 88.67%
[2025-06-11 15:04:33,533] INFO: Epoch 110 | Step 101/196 | Loss: 0.3946 | Acc: 86.50%
[2025-06-11 15:04:48,374] INFO: Epoch 110 training completed
[2025-06-11 15:04:50,141] INFO: Test Loss: 0.7035 | Test Acc: 77.69%
[2025-06-11 15:04:50,526] INFO: Epoch 111 | Step 1/196 | Loss: 0.3353 | Acc: 89.84%
[2025-06-11 15:05:06,237] INFO: Epoch 111 | Step 101/196 | Loss: 0.3902 | Acc: 86.58%
[2025-06-11 15:05:21,078] INFO: Epoch 111 training completed
[2025-06-11 15:05:22,844] INFO: Test Loss: 0.8511 | Test Acc: 73.11%
[2025-06-11 15:05:23,231] INFO: Epoch 112 | Step 1/196 | Loss: 0.3633 | Acc: 89.06%
[2025-06-11 15:05:38,942] INFO: Epoch 112 | Step 101/196 | Loss: 0.3949 | Acc: 86.48%
[2025-06-11 15:05:53,783] INFO: Epoch 112 training completed
[2025-06-11 15:05:55,544] INFO: Test Loss: 0.7028 | Test Acc: 76.94%
[2025-06-11 15:05:55,928] INFO: Epoch 113 | Step 1/196 | Loss: 0.3181 | Acc: 89.45%
[2025-06-11 15:06:11,641] INFO: Epoch 113 | Step 101/196 | Loss: 0.3890 | Acc: 86.65%
[2025-06-11 15:06:26,484] INFO: Epoch 113 training completed
[2025-06-11 15:06:28,255] INFO: Test Loss: 0.5470 | Test Acc: 82.77%
[2025-06-11 15:06:28,360] INFO: New best accuracy: 82.77%, model saved.
[2025-06-11 15:06:28,828] INFO: Epoch 114 | Step 1/196 | Loss: 0.3607 | Acc: 87.11%
[2025-06-11 15:06:44,539] INFO: Epoch 114 | Step 101/196 | Loss: 0.3852 | Acc: 86.88%
[2025-06-11 15:06:59,382] INFO: Epoch 114 training completed
[2025-06-11 15:07:01,149] INFO: Test Loss: 0.5947 | Test Acc: 80.66%
[2025-06-11 15:07:01,543] INFO: Epoch 115 | Step 1/196 | Loss: 0.3181 | Acc: 90.23%
[2025-06-11 15:07:17,254] INFO: Epoch 115 | Step 101/196 | Loss: 0.3826 | Acc: 86.76%
[2025-06-11 15:07:32,110] INFO: Epoch 115 training completed
[2025-06-11 15:07:33,874] INFO: Test Loss: 0.7959 | Test Acc: 73.69%
[2025-06-11 15:07:34,269] INFO: Epoch 116 | Step 1/196 | Loss: 0.3606 | Acc: 87.50%
[2025-06-11 15:07:50,009] INFO: Epoch 116 | Step 101/196 | Loss: 0.3781 | Acc: 86.84%
[2025-06-11 15:08:04,890] INFO: Epoch 116 training completed
[2025-06-11 15:08:06,663] INFO: Test Loss: 0.6544 | Test Acc: 79.31%
[2025-06-11 15:08:07,052] INFO: Epoch 117 | Step 1/196 | Loss: 0.3285 | Acc: 89.84%
[2025-06-11 15:08:22,788] INFO: Epoch 117 | Step 101/196 | Loss: 0.3810 | Acc: 87.04%
[2025-06-11 15:08:37,659] INFO: Epoch 117 training completed
[2025-06-11 15:08:39,415] INFO: Test Loss: 0.5846 | Test Acc: 81.66%
[2025-06-11 15:08:39,903] INFO: Epoch 118 | Step 1/196 | Loss: 0.2843 | Acc: 89.84%
[2025-06-11 15:08:55,608] INFO: Epoch 118 | Step 101/196 | Loss: 0.3709 | Acc: 87.18%
[2025-06-11 15:09:10,451] INFO: Epoch 118 training completed
[2025-06-11 15:09:12,211] INFO: Test Loss: 0.5890 | Test Acc: 81.66%
[2025-06-11 15:09:12,594] INFO: Epoch 119 | Step 1/196 | Loss: 0.3029 | Acc: 90.62%
[2025-06-11 15:09:28,300] INFO: Epoch 119 | Step 101/196 | Loss: 0.3694 | Acc: 87.62%
[2025-06-11 15:09:43,153] INFO: Epoch 119 training completed
[2025-06-11 15:09:44,920] INFO: Test Loss: 0.7367 | Test Acc: 76.69%
[2025-06-11 15:09:45,303] INFO: Epoch 120 | Step 1/196 | Loss: 0.3278 | Acc: 88.28%
[2025-06-11 15:10:01,009] INFO: Epoch 120 | Step 101/196 | Loss: 0.3784 | Acc: 86.92%
[2025-06-11 15:10:15,850] INFO: Epoch 120 training completed
[2025-06-11 15:10:17,611] INFO: Test Loss: 0.5671 | Test Acc: 82.20%
[2025-06-11 15:10:17,992] INFO: Epoch 121 | Step 1/196 | Loss: 0.3451 | Acc: 88.28%
[2025-06-11 15:10:33,698] INFO: Epoch 121 | Step 101/196 | Loss: 0.3664 | Acc: 87.59%
[2025-06-11 15:10:48,544] INFO: Epoch 121 training completed
[2025-06-11 15:10:50,309] INFO: Test Loss: 0.6778 | Test Acc: 79.14%
[2025-06-11 15:10:50,781] INFO: Epoch 122 | Step 1/196 | Loss: 0.2456 | Acc: 94.53%
[2025-06-11 15:11:06,492] INFO: Epoch 122 | Step 101/196 | Loss: 0.3658 | Acc: 87.53%
[2025-06-11 15:11:21,330] INFO: Epoch 122 training completed
[2025-06-11 15:11:23,099] INFO: Test Loss: 0.5384 | Test Acc: 82.48%
[2025-06-11 15:11:23,485] INFO: Epoch 123 | Step 1/196 | Loss: 0.2867 | Acc: 91.02%
[2025-06-11 15:11:39,191] INFO: Epoch 123 | Step 101/196 | Loss: 0.3626 | Acc: 87.78%
[2025-06-11 15:11:54,031] INFO: Epoch 123 training completed
[2025-06-11 15:11:55,796] INFO: Test Loss: 0.6198 | Test Acc: 80.57%
[2025-06-11 15:11:56,191] INFO: Epoch 124 | Step 1/196 | Loss: 0.2781 | Acc: 91.80%
[2025-06-11 15:12:11,895] INFO: Epoch 124 | Step 101/196 | Loss: 0.3577 | Acc: 87.85%
[2025-06-11 15:12:26,736] INFO: Epoch 124 training completed
[2025-06-11 15:12:28,496] INFO: Test Loss: 0.6055 | Test Acc: 80.66%
[2025-06-11 15:12:28,883] INFO: Epoch 125 | Step 1/196 | Loss: 0.3102 | Acc: 88.28%
[2025-06-11 15:12:44,601] INFO: Epoch 125 | Step 101/196 | Loss: 0.3543 | Acc: 88.00%
[2025-06-11 15:12:59,454] INFO: Epoch 125 training completed
[2025-06-11 15:13:01,211] INFO: Test Loss: 0.5299 | Test Acc: 82.86%
[2025-06-11 15:13:01,315] INFO: New best accuracy: 82.86%, model saved.
[2025-06-11 15:13:01,703] INFO: Epoch 126 | Step 1/196 | Loss: 0.2564 | Acc: 92.19%
[2025-06-11 15:13:17,416] INFO: Epoch 126 | Step 101/196 | Loss: 0.3488 | Acc: 87.97%
[2025-06-11 15:13:32,254] INFO: Epoch 126 training completed
[2025-06-11 15:13:34,019] INFO: Test Loss: 0.7697 | Test Acc: 76.13%
[2025-06-11 15:13:34,398] INFO: Epoch 127 | Step 1/196 | Loss: 0.3587 | Acc: 87.89%
[2025-06-11 15:13:50,104] INFO: Epoch 127 | Step 101/196 | Loss: 0.3494 | Acc: 87.97%
[2025-06-11 15:14:04,950] INFO: Epoch 127 training completed
[2025-06-11 15:14:06,709] INFO: Test Loss: 0.5436 | Test Acc: 82.72%
[2025-06-11 15:14:07,098] INFO: Epoch 128 | Step 1/196 | Loss: 0.2736 | Acc: 91.41%
[2025-06-11 15:14:22,816] INFO: Epoch 128 | Step 101/196 | Loss: 0.3456 | Acc: 88.38%
[2025-06-11 15:14:37,659] INFO: Epoch 128 training completed
[2025-06-11 15:14:39,425] INFO: Test Loss: 0.6551 | Test Acc: 79.66%
[2025-06-11 15:14:39,900] INFO: Epoch 129 | Step 1/196 | Loss: 0.3025 | Acc: 91.02%
[2025-06-11 15:14:55,610] INFO: Epoch 129 | Step 101/196 | Loss: 0.3419 | Acc: 88.40%
[2025-06-11 15:15:10,453] INFO: Epoch 129 training completed
[2025-06-11 15:15:12,214] INFO: Test Loss: 0.5144 | Test Acc: 83.58%
[2025-06-11 15:15:12,317] INFO: New best accuracy: 83.58%, model saved.
[2025-06-11 15:15:12,701] INFO: Epoch 130 | Step 1/196 | Loss: 0.2552 | Acc: 92.19%
[2025-06-11 15:15:28,410] INFO: Epoch 130 | Step 101/196 | Loss: 0.3373 | Acc: 88.69%
[2025-06-11 15:15:43,267] INFO: Epoch 130 training completed
[2025-06-11 15:15:45,035] INFO: Test Loss: 0.6268 | Test Acc: 80.00%
[2025-06-11 15:15:45,432] INFO: Epoch 131 | Step 1/196 | Loss: 0.2910 | Acc: 90.23%
[2025-06-11 15:16:01,146] INFO: Epoch 131 | Step 101/196 | Loss: 0.3408 | Acc: 88.53%
[2025-06-11 15:16:15,991] INFO: Epoch 131 training completed
[2025-06-11 15:16:17,755] INFO: Test Loss: 0.5856 | Test Acc: 81.27%
[2025-06-11 15:16:18,138] INFO: Epoch 132 | Step 1/196 | Loss: 0.2970 | Acc: 89.45%
[2025-06-11 15:16:33,850] INFO: Epoch 132 | Step 101/196 | Loss: 0.3341 | Acc: 88.81%
[2025-06-11 15:16:48,698] INFO: Epoch 132 training completed
[2025-06-11 15:16:50,467] INFO: Test Loss: 0.5613 | Test Acc: 82.39%
[2025-06-11 15:16:50,940] INFO: Epoch 133 | Step 1/196 | Loss: 0.2775 | Acc: 90.62%
[2025-06-11 15:17:06,653] INFO: Epoch 133 | Step 101/196 | Loss: 0.3299 | Acc: 88.88%
[2025-06-11 15:17:21,498] INFO: Epoch 133 training completed
[2025-06-11 15:17:23,261] INFO: Test Loss: 0.4866 | Test Acc: 83.82%
[2025-06-11 15:17:23,367] INFO: New best accuracy: 83.82%, model saved.
[2025-06-11 15:17:23,749] INFO: Epoch 134 | Step 1/196 | Loss: 0.2935 | Acc: 91.41%
[2025-06-11 15:17:39,462] INFO: Epoch 134 | Step 101/196 | Loss: 0.3224 | Acc: 89.19%
[2025-06-11 15:17:54,309] INFO: Epoch 134 training completed
[2025-06-11 15:17:56,067] INFO: Test Loss: 0.5298 | Test Acc: 83.37%
[2025-06-11 15:17:56,455] INFO: Epoch 135 | Step 1/196 | Loss: 0.2667 | Acc: 90.23%
[2025-06-11 15:18:12,168] INFO: Epoch 135 | Step 101/196 | Loss: 0.3250 | Acc: 89.09%
[2025-06-11 15:18:27,009] INFO: Epoch 135 training completed
[2025-06-11 15:18:28,775] INFO: Test Loss: 0.5127 | Test Acc: 84.09%
[2025-06-11 15:18:28,883] INFO: New best accuracy: 84.09%, model saved.
[2025-06-11 15:18:29,258] INFO: Epoch 136 | Step 1/196 | Loss: 0.2460 | Acc: 93.75%
[2025-06-11 15:18:44,991] INFO: Epoch 136 | Step 101/196 | Loss: 0.3161 | Acc: 89.53%
[2025-06-11 15:18:59,836] INFO: Epoch 136 training completed
[2025-06-11 15:19:01,601] INFO: Test Loss: 0.5870 | Test Acc: 81.70%
[2025-06-11 15:19:01,985] INFO: Epoch 137 | Step 1/196 | Loss: 0.2681 | Acc: 91.80%
[2025-06-11 15:19:17,699] INFO: Epoch 137 | Step 101/196 | Loss: 0.3204 | Acc: 89.16%
[2025-06-11 15:19:32,543] INFO: Epoch 137 training completed
[2025-06-11 15:19:34,303] INFO: Test Loss: 0.5285 | Test Acc: 82.95%
[2025-06-11 15:19:34,679] INFO: Epoch 138 | Step 1/196 | Loss: 0.2235 | Acc: 92.19%
[2025-06-11 15:19:50,389] INFO: Epoch 138 | Step 101/196 | Loss: 0.3125 | Acc: 89.38%
[2025-06-11 15:20:05,236] INFO: Epoch 138 training completed
[2025-06-11 15:20:07,002] INFO: Test Loss: 0.4916 | Test Acc: 84.28%
[2025-06-11 15:20:07,106] INFO: New best accuracy: 84.28%, model saved.
[2025-06-11 15:20:07,484] INFO: Epoch 139 | Step 1/196 | Loss: 0.2312 | Acc: 93.36%
[2025-06-11 15:20:23,195] INFO: Epoch 139 | Step 101/196 | Loss: 0.3166 | Acc: 89.09%
[2025-06-11 15:20:38,038] INFO: Epoch 139 training completed
[2025-06-11 15:20:39,796] INFO: Test Loss: 0.4851 | Test Acc: 84.77%
[2025-06-11 15:20:39,900] INFO: New best accuracy: 84.77%, model saved.
[2025-06-11 15:20:40,376] INFO: Epoch 140 | Step 1/196 | Loss: 0.2088 | Acc: 93.36%
[2025-06-11 15:20:56,082] INFO: Epoch 140 | Step 101/196 | Loss: 0.3055 | Acc: 89.76%
[2025-06-11 15:21:10,921] INFO: Epoch 140 training completed
[2025-06-11 15:21:12,692] INFO: Test Loss: 0.5379 | Test Acc: 82.74%
[2025-06-11 15:21:13,075] INFO: Epoch 141 | Step 1/196 | Loss: 0.2309 | Acc: 92.19%
[2025-06-11 15:21:28,783] INFO: Epoch 141 | Step 101/196 | Loss: 0.3014 | Acc: 89.89%
[2025-06-11 15:21:43,645] INFO: Epoch 141 training completed
[2025-06-11 15:21:45,405] INFO: Test Loss: 0.5848 | Test Acc: 81.20%
[2025-06-11 15:21:45,788] INFO: Epoch 142 | Step 1/196 | Loss: 0.2242 | Acc: 93.36%
[2025-06-11 15:22:01,494] INFO: Epoch 142 | Step 101/196 | Loss: 0.3010 | Acc: 89.89%
[2025-06-11 15:22:16,327] INFO: Epoch 142 training completed
[2025-06-11 15:22:18,093] INFO: Test Loss: 0.4553 | Test Acc: 85.37%
[2025-06-11 15:22:18,197] INFO: New best accuracy: 85.37%, model saved.
[2025-06-11 15:22:18,574] INFO: Epoch 143 | Step 1/196 | Loss: 0.2031 | Acc: 92.97%
[2025-06-11 15:22:34,279] INFO: Epoch 143 | Step 101/196 | Loss: 0.2933 | Acc: 90.12%
[2025-06-11 15:22:49,125] INFO: Epoch 143 training completed
[2025-06-11 15:22:50,886] INFO: Test Loss: 0.4974 | Test Acc: 84.46%
[2025-06-11 15:22:51,267] INFO: Epoch 144 | Step 1/196 | Loss: 0.2274 | Acc: 92.97%
[2025-06-11 15:23:06,978] INFO: Epoch 144 | Step 101/196 | Loss: 0.2883 | Acc: 90.29%
[2025-06-11 15:23:21,818] INFO: Epoch 144 training completed
[2025-06-11 15:23:23,586] INFO: Test Loss: 0.4522 | Test Acc: 85.57%
[2025-06-11 15:23:23,689] INFO: New best accuracy: 85.57%, model saved.
[2025-06-11 15:23:24,071] INFO: Epoch 145 | Step 1/196 | Loss: 0.2274 | Acc: 91.80%
[2025-06-11 15:23:39,781] INFO: Epoch 145 | Step 101/196 | Loss: 0.2894 | Acc: 90.23%
[2025-06-11 15:23:54,617] INFO: Epoch 145 training completed
[2025-06-11 15:23:56,376] INFO: Test Loss: 0.4960 | Test Acc: 84.60%
[2025-06-11 15:23:56,757] INFO: Epoch 146 | Step 1/196 | Loss: 0.2095 | Acc: 94.92%
[2025-06-11 15:24:12,468] INFO: Epoch 146 | Step 101/196 | Loss: 0.2861 | Acc: 90.55%
[2025-06-11 15:24:27,309] INFO: Epoch 146 training completed
[2025-06-11 15:24:29,075] INFO: Test Loss: 0.4413 | Test Acc: 86.63%
[2025-06-11 15:24:29,179] INFO: New best accuracy: 86.63%, model saved.
[2025-06-11 15:24:29,650] INFO: Epoch 147 | Step 1/196 | Loss: 0.2217 | Acc: 94.14%
[2025-06-11 15:24:45,370] INFO: Epoch 147 | Step 101/196 | Loss: 0.2840 | Acc: 90.49%
[2025-06-11 15:25:00,215] INFO: Epoch 147 training completed
[2025-06-11 15:25:01,979] INFO: Test Loss: 0.4283 | Test Acc: 86.70%
[2025-06-11 15:25:02,088] INFO: New best accuracy: 86.70%, model saved.
[2025-06-11 15:25:02,470] INFO: Epoch 148 | Step 1/196 | Loss: 0.1991 | Acc: 92.58%
[2025-06-11 15:25:18,176] INFO: Epoch 148 | Step 101/196 | Loss: 0.2685 | Acc: 91.24%
[2025-06-11 15:25:33,018] INFO: Epoch 148 training completed
[2025-06-11 15:25:34,777] INFO: Test Loss: 0.4570 | Test Acc: 85.63%
[2025-06-11 15:25:35,185] INFO: Epoch 149 | Step 1/196 | Loss: 0.1927 | Acc: 94.53%
[2025-06-11 15:25:50,890] INFO: Epoch 149 | Step 101/196 | Loss: 0.2751 | Acc: 90.92%
[2025-06-11 15:26:05,729] INFO: Epoch 149 training completed
[2025-06-11 15:26:07,484] INFO: Test Loss: 0.4101 | Test Acc: 87.33%
[2025-06-11 15:26:07,588] INFO: New best accuracy: 87.33%, model saved.
[2025-06-11 15:26:07,970] INFO: Epoch 150 | Step 1/196 | Loss: 0.2363 | Acc: 93.36%
[2025-06-11 15:26:23,673] INFO: Epoch 150 | Step 101/196 | Loss: 0.2646 | Acc: 91.09%
[2025-06-11 15:26:38,605] INFO: Epoch 150 training completed
[2025-06-11 15:26:40,359] INFO: Test Loss: 0.4347 | Test Acc: 86.68%
[2025-06-11 15:26:40,746] INFO: Epoch 151 | Step 1/196 | Loss: 0.2082 | Acc: 94.14%
[2025-06-11 15:26:56,451] INFO: Epoch 151 | Step 101/196 | Loss: 0.2564 | Acc: 91.57%
[2025-06-11 15:27:11,291] INFO: Epoch 151 training completed
[2025-06-11 15:27:13,056] INFO: Test Loss: 0.3995 | Test Acc: 87.05%
[2025-06-11 15:27:13,434] INFO: Epoch 152 | Step 1/196 | Loss: 0.1983 | Acc: 94.14%
[2025-06-11 15:27:29,136] INFO: Epoch 152 | Step 101/196 | Loss: 0.2576 | Acc: 91.39%
[2025-06-11 15:27:43,993] INFO: Epoch 152 training completed
[2025-06-11 15:27:45,751] INFO: Test Loss: 0.4651 | Test Acc: 85.23%
[2025-06-11 15:27:46,141] INFO: Epoch 153 | Step 1/196 | Loss: 0.1967 | Acc: 93.75%
[2025-06-11 15:28:01,848] INFO: Epoch 153 | Step 101/196 | Loss: 0.2596 | Acc: 91.24%
[2025-06-11 15:28:16,690] INFO: Epoch 153 training completed
[2025-06-11 15:28:18,447] INFO: Test Loss: 0.4355 | Test Acc: 86.63%
[2025-06-11 15:28:18,828] INFO: Epoch 154 | Step 1/196 | Loss: 0.1855 | Acc: 93.36%
[2025-06-11 15:28:34,532] INFO: Epoch 154 | Step 101/196 | Loss: 0.2503 | Acc: 91.69%
[2025-06-11 15:28:49,376] INFO: Epoch 154 training completed
[2025-06-11 15:28:51,141] INFO: Test Loss: 0.3932 | Test Acc: 87.84%
[2025-06-11 15:28:51,245] INFO: New best accuracy: 87.84%, model saved.
[2025-06-11 15:28:51,628] INFO: Epoch 155 | Step 1/196 | Loss: 0.2090 | Acc: 95.31%
[2025-06-11 15:29:07,336] INFO: Epoch 155 | Step 101/196 | Loss: 0.2455 | Acc: 91.90%
[2025-06-11 15:29:22,216] INFO: Epoch 155 training completed
[2025-06-11 15:29:23,979] INFO: Test Loss: 0.4285 | Test Acc: 86.85%
[2025-06-11 15:29:24,412] INFO: Epoch 156 | Step 1/196 | Loss: 0.1605 | Acc: 96.48%
[2025-06-11 15:29:40,276] INFO: Epoch 156 | Step 101/196 | Loss: 0.2377 | Acc: 92.33%
[2025-06-11 15:29:55,196] INFO: Epoch 156 training completed
[2025-06-11 15:29:56,957] INFO: Test Loss: 0.5037 | Test Acc: 84.67%
[2025-06-11 15:29:57,349] INFO: Epoch 157 | Step 1/196 | Loss: 0.1960 | Acc: 94.92%
[2025-06-11 15:30:13,076] INFO: Epoch 157 | Step 101/196 | Loss: 0.2320 | Acc: 92.42%
[2025-06-11 15:30:27,918] INFO: Epoch 157 training completed
[2025-06-11 15:30:29,702] INFO: Test Loss: 0.4853 | Test Acc: 85.51%
[2025-06-11 15:30:30,086] INFO: Epoch 158 | Step 1/196 | Loss: 0.1571 | Acc: 95.31%
[2025-06-11 15:30:45,838] INFO: Epoch 158 | Step 101/196 | Loss: 0.2337 | Acc: 92.37%
[2025-06-11 15:31:00,681] INFO: Epoch 158 training completed
[2025-06-11 15:31:02,447] INFO: Test Loss: 0.4129 | Test Acc: 87.57%
[2025-06-11 15:31:02,825] INFO: Epoch 159 | Step 1/196 | Loss: 0.1729 | Acc: 95.31%
[2025-06-11 15:31:18,552] INFO: Epoch 159 | Step 101/196 | Loss: 0.2249 | Acc: 92.66%
[2025-06-11 15:31:33,395] INFO: Epoch 159 training completed
[2025-06-11 15:31:35,158] INFO: Test Loss: 0.4366 | Test Acc: 86.65%
[2025-06-11 15:31:35,546] INFO: Epoch 160 | Step 1/196 | Loss: 0.1814 | Acc: 95.70%
[2025-06-11 15:31:51,250] INFO: Epoch 160 | Step 101/196 | Loss: 0.2255 | Acc: 92.55%
[2025-06-11 15:32:06,102] INFO: Epoch 160 training completed
[2025-06-11 15:32:07,862] INFO: Test Loss: 0.3923 | Test Acc: 87.92%
[2025-06-11 15:32:07,966] INFO: New best accuracy: 87.92%, model saved.
[2025-06-11 15:32:08,362] INFO: Epoch 161 | Step 1/196 | Loss: 0.1579 | Acc: 95.70%
[2025-06-11 15:32:24,069] INFO: Epoch 161 | Step 101/196 | Loss: 0.2166 | Acc: 93.04%
[2025-06-11 15:32:38,907] INFO: Epoch 161 training completed
[2025-06-11 15:32:40,671] INFO: Test Loss: 0.3780 | Test Acc: 88.41%
[2025-06-11 15:32:40,775] INFO: New best accuracy: 88.41%, model saved.
[2025-06-11 15:32:41,162] INFO: Epoch 162 | Step 1/196 | Loss: 0.1342 | Acc: 97.27%
[2025-06-11 15:32:56,868] INFO: Epoch 162 | Step 101/196 | Loss: 0.2127 | Acc: 93.12%
[2025-06-11 15:33:11,715] INFO: Epoch 162 training completed
[2025-06-11 15:33:13,479] INFO: Test Loss: 0.3767 | Test Acc: 88.78%
[2025-06-11 15:33:13,584] INFO: New best accuracy: 88.78%, model saved.
[2025-06-11 15:33:13,978] INFO: Epoch 163 | Step 1/196 | Loss: 0.1629 | Acc: 94.53%
[2025-06-11 15:33:29,700] INFO: Epoch 163 | Step 101/196 | Loss: 0.2104 | Acc: 93.10%
[2025-06-11 15:33:44,558] INFO: Epoch 163 training completed
[2025-06-11 15:33:46,314] INFO: Test Loss: 0.3792 | Test Acc: 88.71%
[2025-06-11 15:33:46,699] INFO: Epoch 164 | Step 1/196 | Loss: 0.1248 | Acc: 96.48%
[2025-06-11 15:34:02,416] INFO: Epoch 164 | Step 101/196 | Loss: 0.1998 | Acc: 93.53%
[2025-06-11 15:34:17,282] INFO: Epoch 164 training completed
[2025-06-11 15:34:19,050] INFO: Test Loss: 0.3854 | Test Acc: 88.34%
[2025-06-11 15:34:19,539] INFO: Epoch 165 | Step 1/196 | Loss: 0.1426 | Acc: 95.70%
[2025-06-11 15:34:35,248] INFO: Epoch 165 | Step 101/196 | Loss: 0.1986 | Acc: 93.60%
[2025-06-11 15:34:50,091] INFO: Epoch 165 training completed
[2025-06-11 15:34:51,850] INFO: Test Loss: 0.3551 | Test Acc: 89.41%
[2025-06-11 15:34:51,954] INFO: New best accuracy: 89.41%, model saved.
[2025-06-11 15:34:52,330] INFO: Epoch 166 | Step 1/196 | Loss: 0.1257 | Acc: 97.66%
[2025-06-11 15:35:08,038] INFO: Epoch 166 | Step 101/196 | Loss: 0.1915 | Acc: 93.92%
[2025-06-11 15:35:22,874] INFO: Epoch 166 training completed
[2025-06-11 15:35:24,635] INFO: Test Loss: 0.3803 | Test Acc: 88.08%
[2025-06-11 15:35:25,028] INFO: Epoch 167 | Step 1/196 | Loss: 0.1507 | Acc: 94.53%
[2025-06-11 15:35:40,730] INFO: Epoch 167 | Step 101/196 | Loss: 0.1860 | Acc: 93.97%
[2025-06-11 15:35:55,569] INFO: Epoch 167 training completed
[2025-06-11 15:35:57,324] INFO: Test Loss: 0.3594 | Test Acc: 89.56%
[2025-06-11 15:35:57,427] INFO: New best accuracy: 89.56%, model saved.
[2025-06-11 15:35:57,806] INFO: Epoch 168 | Step 1/196 | Loss: 0.1171 | Acc: 97.27%
[2025-06-11 15:36:13,517] INFO: Epoch 168 | Step 101/196 | Loss: 0.1765 | Acc: 94.45%
[2025-06-11 15:36:28,357] INFO: Epoch 168 training completed
[2025-06-11 15:36:30,115] INFO: Test Loss: 0.3410 | Test Acc: 89.63%
[2025-06-11 15:36:30,320] INFO: New best accuracy: 89.63%, model saved.
[2025-06-11 15:36:30,704] INFO: Epoch 169 | Step 1/196 | Loss: 0.1382 | Acc: 96.48%
[2025-06-11 15:36:46,427] INFO: Epoch 169 | Step 101/196 | Loss: 0.1779 | Acc: 94.44%
[2025-06-11 15:37:01,278] INFO: Epoch 169 training completed
[2025-06-11 15:37:03,042] INFO: Test Loss: 0.3345 | Test Acc: 89.90%
[2025-06-11 15:37:03,146] INFO: New best accuracy: 89.90%, model saved.
[2025-06-11 15:37:03,538] INFO: Epoch 170 | Step 1/196 | Loss: 0.1171 | Acc: 97.27%
[2025-06-11 15:37:19,241] INFO: Epoch 170 | Step 101/196 | Loss: 0.1677 | Acc: 94.74%
[2025-06-11 15:37:34,083] INFO: Epoch 170 training completed
[2025-06-11 15:37:35,846] INFO: Test Loss: 0.3601 | Test Acc: 89.23%
[2025-06-11 15:37:36,232] INFO: Epoch 171 | Step 1/196 | Loss: 0.1286 | Acc: 96.48%
[2025-06-11 15:37:51,942] INFO: Epoch 171 | Step 101/196 | Loss: 0.1622 | Acc: 95.10%
[2025-06-11 15:38:06,783] INFO: Epoch 171 training completed
[2025-06-11 15:38:08,537] INFO: Test Loss: 0.3371 | Test Acc: 89.79%
[2025-06-11 15:38:08,929] INFO: Epoch 172 | Step 1/196 | Loss: 0.1086 | Acc: 98.44%
[2025-06-11 15:38:24,642] INFO: Epoch 172 | Step 101/196 | Loss: 0.1592 | Acc: 95.19%
[2025-06-11 15:38:39,486] INFO: Epoch 172 training completed
[2025-06-11 15:38:41,252] INFO: Test Loss: 0.3512 | Test Acc: 89.58%
[2025-06-11 15:38:41,633] INFO: Epoch 173 | Step 1/196 | Loss: 0.1158 | Acc: 97.27%
[2025-06-11 15:38:57,337] INFO: Epoch 173 | Step 101/196 | Loss: 0.1563 | Acc: 95.37%
[2025-06-11 15:39:12,179] INFO: Epoch 173 training completed
[2025-06-11 15:39:13,943] INFO: Test Loss: 0.3534 | Test Acc: 89.61%
[2025-06-11 15:39:14,337] INFO: Epoch 174 | Step 1/196 | Loss: 0.1253 | Acc: 96.48%
[2025-06-11 15:39:30,040] INFO: Epoch 174 | Step 101/196 | Loss: 0.1509 | Acc: 95.55%
[2025-06-11 15:39:44,896] INFO: Epoch 174 training completed
[2025-06-11 15:39:46,651] INFO: Test Loss: 0.3521 | Test Acc: 89.60%
[2025-06-11 15:39:47,035] INFO: Epoch 175 | Step 1/196 | Loss: 0.1140 | Acc: 98.05%
[2025-06-11 15:40:02,750] INFO: Epoch 175 | Step 101/196 | Loss: 0.1455 | Acc: 95.70%
[2025-06-11 15:40:17,600] INFO: Epoch 175 training completed
[2025-06-11 15:40:19,364] INFO: Test Loss: 0.3352 | Test Acc: 90.19%
[2025-06-11 15:40:19,468] INFO: New best accuracy: 90.19%, model saved.
[2025-06-11 15:40:19,945] INFO: Epoch 176 | Step 1/196 | Loss: 0.1000 | Acc: 97.27%
[2025-06-11 15:40:35,653] INFO: Epoch 176 | Step 101/196 | Loss: 0.1395 | Acc: 95.84%
[2025-06-11 15:40:50,493] INFO: Epoch 176 training completed
[2025-06-11 15:40:52,252] INFO: Test Loss: 0.3230 | Test Acc: 90.56%
[2025-06-11 15:40:52,356] INFO: New best accuracy: 90.56%, model saved.
[2025-06-11 15:40:52,745] INFO: Epoch 177 | Step 1/196 | Loss: 0.0842 | Acc: 98.83%
[2025-06-11 15:41:08,456] INFO: Epoch 177 | Step 101/196 | Loss: 0.1327 | Acc: 96.20%
[2025-06-11 15:41:23,296] INFO: Epoch 177 training completed
[2025-06-11 15:41:25,055] INFO: Test Loss: 0.3438 | Test Acc: 90.36%
[2025-06-11 15:41:25,446] INFO: Epoch 178 | Step 1/196 | Loss: 0.0902 | Acc: 97.66%
[2025-06-11 15:41:41,153] INFO: Epoch 178 | Step 101/196 | Loss: 0.1246 | Acc: 96.45%
[2025-06-11 15:41:55,995] INFO: Epoch 178 training completed
[2025-06-11 15:41:57,758] INFO: Test Loss: 0.3237 | Test Acc: 90.66%
[2025-06-11 15:41:57,863] INFO: New best accuracy: 90.66%, model saved.
[2025-06-11 15:41:58,246] INFO: Epoch 179 | Step 1/196 | Loss: 0.1002 | Acc: 98.05%
[2025-06-11 15:42:13,957] INFO: Epoch 179 | Step 101/196 | Loss: 0.1223 | Acc: 96.62%
[2025-06-11 15:42:28,791] INFO: Epoch 179 training completed
[2025-06-11 15:42:30,559] INFO: Test Loss: 0.3186 | Test Acc: 90.72%
[2025-06-11 15:42:30,757] INFO: New best accuracy: 90.72%, model saved.
[2025-06-11 15:42:31,144] INFO: Epoch 180 | Step 1/196 | Loss: 0.0923 | Acc: 97.66%
[2025-06-11 15:42:46,864] INFO: Epoch 180 | Step 101/196 | Loss: 0.1150 | Acc: 96.80%
[2025-06-11 15:43:01,705] INFO: Epoch 180 training completed
[2025-06-11 15:43:03,463] INFO: Test Loss: 0.3107 | Test Acc: 91.30%
[2025-06-11 15:43:03,576] INFO: New best accuracy: 91.30%, model saved.
[2025-06-11 15:43:03,960] INFO: Epoch 181 | Step 1/196 | Loss: 0.0819 | Acc: 99.22%
[2025-06-11 15:43:19,666] INFO: Epoch 181 | Step 101/196 | Loss: 0.1116 | Acc: 97.01%
[2025-06-11 15:43:34,505] INFO: Epoch 181 training completed
[2025-06-11 15:43:36,273] INFO: Test Loss: 0.3055 | Test Acc: 91.44%
[2025-06-11 15:43:36,376] INFO: New best accuracy: 91.44%, model saved.
[2025-06-11 15:43:36,753] INFO: Epoch 182 | Step 1/196 | Loss: 0.0968 | Acc: 98.05%
[2025-06-11 15:43:52,459] INFO: Epoch 182 | Step 101/196 | Loss: 0.1047 | Acc: 97.23%
[2025-06-11 15:44:07,296] INFO: Epoch 182 training completed
[2025-06-11 15:44:09,064] INFO: Test Loss: 0.3038 | Test Acc: 91.52%
[2025-06-11 15:44:09,169] INFO: New best accuracy: 91.52%, model saved.
[2025-06-11 15:44:09,648] INFO: Epoch 183 | Step 1/196 | Loss: 0.0878 | Acc: 98.05%
[2025-06-11 15:44:25,363] INFO: Epoch 183 | Step 101/196 | Loss: 0.1039 | Acc: 97.35%
[2025-06-11 15:44:40,237] INFO: Epoch 183 training completed
[2025-06-11 15:44:42,016] INFO: Test Loss: 0.2912 | Test Acc: 91.87%
[2025-06-11 15:44:42,121] INFO: New best accuracy: 91.87%, model saved.
[2025-06-11 15:44:42,507] INFO: Epoch 184 | Step 1/196 | Loss: 0.0785 | Acc: 98.83%
[2025-06-11 15:44:58,235] INFO: Epoch 184 | Step 101/196 | Loss: 0.0957 | Acc: 97.68%
[2025-06-11 15:45:13,077] INFO: Epoch 184 training completed
[2025-06-11 15:45:14,851] INFO: Test Loss: 0.2973 | Test Acc: 91.58%
[2025-06-11 15:45:15,241] INFO: Epoch 185 | Step 1/196 | Loss: 0.0755 | Acc: 99.61%
[2025-06-11 15:45:30,945] INFO: Epoch 185 | Step 101/196 | Loss: 0.0903 | Acc: 97.86%
[2025-06-11 15:45:45,798] INFO: Epoch 185 training completed
[2025-06-11 15:45:47,576] INFO: Test Loss: 0.2861 | Test Acc: 92.04%
[2025-06-11 15:45:47,679] INFO: New best accuracy: 92.04%, model saved.
[2025-06-11 15:45:48,068] INFO: Epoch 186 | Step 1/196 | Loss: 0.0654 | Acc: 98.44%
[2025-06-11 15:46:03,776] INFO: Epoch 186 | Step 101/196 | Loss: 0.0890 | Acc: 97.86%
[2025-06-11 15:46:18,615] INFO: Epoch 186 training completed
[2025-06-11 15:46:20,384] INFO: Test Loss: 0.2772 | Test Acc: 92.29%
[2025-06-11 15:46:20,586] INFO: New best accuracy: 92.29%, model saved.
[2025-06-11 15:46:20,975] INFO: Epoch 187 | Step 1/196 | Loss: 0.0757 | Acc: 98.83%
[2025-06-11 15:46:36,680] INFO: Epoch 187 | Step 101/196 | Loss: 0.0841 | Acc: 98.10%
[2025-06-11 15:46:51,517] INFO: Epoch 187 training completed
[2025-06-11 15:46:53,277] INFO: Test Loss: 0.2848 | Test Acc: 92.25%
[2025-06-11 15:46:53,664] INFO: Epoch 188 | Step 1/196 | Loss: 0.0491 | Acc: 100.00%
[2025-06-11 15:47:09,372] INFO: Epoch 188 | Step 101/196 | Loss: 0.0809 | Acc: 98.25%
[2025-06-11 15:47:24,214] INFO: Epoch 188 training completed
[2025-06-11 15:47:25,973] INFO: Test Loss: 0.2783 | Test Acc: 92.27%
[2025-06-11 15:47:26,359] INFO: Epoch 189 | Step 1/196 | Loss: 0.0521 | Acc: 100.00%
[2025-06-11 15:47:42,063] INFO: Epoch 189 | Step 101/196 | Loss: 0.0802 | Acc: 98.24%
[2025-06-11 15:47:56,901] INFO: Epoch 189 training completed
[2025-06-11 15:47:58,667] INFO: Test Loss: 0.2845 | Test Acc: 92.19%
[2025-06-11 15:47:59,045] INFO: Epoch 190 | Step 1/196 | Loss: 0.0530 | Acc: 99.61%
[2025-06-11 15:48:14,753] INFO: Epoch 190 | Step 101/196 | Loss: 0.0761 | Acc: 98.45%
[2025-06-11 15:48:29,597] INFO: Epoch 190 training completed
[2025-06-11 15:48:31,358] INFO: Test Loss: 0.2783 | Test Acc: 92.25%
[2025-06-11 15:48:31,738] INFO: Epoch 191 | Step 1/196 | Loss: 0.0773 | Acc: 98.05%
[2025-06-11 15:48:47,450] INFO: Epoch 191 | Step 101/196 | Loss: 0.0757 | Acc: 98.51%
[2025-06-11 15:49:02,299] INFO: Epoch 191 training completed
[2025-06-11 15:49:04,060] INFO: Test Loss: 0.2746 | Test Acc: 92.43%
[2025-06-11 15:49:04,164] INFO: New best accuracy: 92.43%, model saved.
[2025-06-11 15:49:04,549] INFO: Epoch 192 | Step 1/196 | Loss: 0.0522 | Acc: 99.61%
[2025-06-11 15:49:20,249] INFO: Epoch 192 | Step 101/196 | Loss: 0.0742 | Acc: 98.57%
[2025-06-11 15:49:35,089] INFO: Epoch 192 training completed
[2025-06-11 15:49:36,849] INFO: Test Loss: 0.2779 | Test Acc: 92.36%
[2025-06-11 15:49:37,240] INFO: Epoch 193 | Step 1/196 | Loss: 0.0487 | Acc: 99.61%
[2025-06-11 15:49:52,945] INFO: Epoch 193 | Step 101/196 | Loss: 0.0714 | Acc: 98.69%
[2025-06-11 15:50:07,791] INFO: Epoch 193 training completed
[2025-06-11 15:50:09,551] INFO: Test Loss: 0.2786 | Test Acc: 92.29%
[2025-06-11 15:50:09,937] INFO: Epoch 194 | Step 1/196 | Loss: 0.0546 | Acc: 99.22%
[2025-06-11 15:50:25,646] INFO: Epoch 194 | Step 101/196 | Loss: 0.0699 | Acc: 98.74%
[2025-06-11 15:50:40,482] INFO: Epoch 194 training completed
[2025-06-11 15:50:42,238] INFO: Test Loss: 0.2755 | Test Acc: 92.35%
[2025-06-11 15:50:42,613] INFO: Epoch 195 | Step 1/196 | Loss: 0.0594 | Acc: 99.61%
[2025-06-11 15:50:58,315] INFO: Epoch 195 | Step 101/196 | Loss: 0.0680 | Acc: 98.79%
[2025-06-11 15:51:13,158] INFO: Epoch 195 training completed
[2025-06-11 15:51:14,914] INFO: Test Loss: 0.2740 | Test Acc: 92.50%
[2025-06-11 15:51:15,039] INFO: New best accuracy: 92.50%, model saved.
[2025-06-11 15:51:15,433] INFO: Epoch 196 | Step 1/196 | Loss: 0.0549 | Acc: 99.22%
[2025-06-11 15:51:31,135] INFO: Epoch 196 | Step 101/196 | Loss: 0.0677 | Acc: 98.80%
[2025-06-11 15:51:45,977] INFO: Epoch 196 training completed
[2025-06-11 15:51:47,739] INFO: Test Loss: 0.2739 | Test Acc: 92.47%
[2025-06-11 15:51:48,147] INFO: Epoch 197 | Step 1/196 | Loss: 0.0522 | Acc: 99.61%
[2025-06-11 15:52:03,861] INFO: Epoch 197 | Step 101/196 | Loss: 0.0664 | Acc: 98.84%
[2025-06-11 15:52:18,702] INFO: Epoch 197 training completed
[2025-06-11 15:52:20,464] INFO: Test Loss: 0.2733 | Test Acc: 92.50%
[2025-06-11 15:52:20,945] INFO: Epoch 198 | Step 1/196 | Loss: 0.0574 | Acc: 98.83%
[2025-06-11 15:52:36,646] INFO: Epoch 198 | Step 101/196 | Loss: 0.0677 | Acc: 98.79%
[2025-06-11 15:52:51,484] INFO: Epoch 198 training completed
[2025-06-11 15:52:53,240] INFO: Test Loss: 0.2730 | Test Acc: 92.48%
[2025-06-11 15:52:53,627] INFO: Epoch 199 | Step 1/196 | Loss: 0.0560 | Acc: 99.22%
[2025-06-11 15:53:09,334] INFO: Epoch 199 | Step 101/196 | Loss: 0.0676 | Acc: 98.78%
[2025-06-11 15:53:24,169] INFO: Epoch 199 training completed
[2025-06-11 15:53:25,930] INFO: Test Loss: 0.2733 | Test Acc: 92.48%
[2025-06-11 15:53:26,311] INFO: Epoch 200 | Step 1/196 | Loss: 0.0585 | Acc: 99.22%
[2025-06-11 15:53:42,017] INFO: Epoch 200 | Step 101/196 | Loss: 0.0666 | Acc: 98.91%
[2025-06-11 15:53:56,857] INFO: Epoch 200 training completed
[2025-06-11 15:53:58,620] INFO: Test Loss: 0.2739 | Test Acc: 92.49%
[2025-06-11 15:53:58,773] INFO: Training complete. Best Test Accuracy: 92.50%
