[2025-05-29 14:48:07,595] INFO: Using device: cuda
[2025-05-29 14:48:08,704] INFO: Using GhostNetV3 with width 2.8
[2025-05-29 14:48:34,334] INFO: Epoch 1 | Step 1/196 | Loss: 3.8500 | Acc: 7.42%
[2025-05-29 14:48:58,528] INFO: Epoch 1 | Step 101/196 | Loss: 2.6970 | Acc: 11.75%
[2025-05-29 14:49:21,457] INFO: Epoch 1 training completed
[2025-05-29 14:49:47,140] INFO: Test Loss: 2.4653 | Test Acc: 17.97%
[2025-05-29 14:49:47,259] INFO: New best accuracy: 17.97%, model saved.
[2025-05-29 14:49:47,757] INFO: Epoch 2 | Step 1/196 | Loss: 2.1607 | Acc: 19.53%
[2025-05-29 14:50:11,878] INFO: Epoch 2 | Step 101/196 | Loss: 2.1523 | Acc: 21.20%
[2025-05-29 14:50:34,692] INFO: Epoch 2 training completed
[2025-05-29 14:50:37,637] INFO: Test Loss: 2.0684 | Test Acc: 26.52%
[2025-05-29 14:50:37,751] INFO: New best accuracy: 26.52%, model saved.
[2025-05-29 14:50:38,258] INFO: Epoch 3 | Step 1/196 | Loss: 1.9345 | Acc: 28.12%
[2025-05-29 14:51:02,459] INFO: Epoch 3 | Step 101/196 | Loss: 1.9231 | Acc: 28.66%
[2025-05-29 14:51:25,324] INFO: Epoch 3 training completed
[2025-05-29 14:51:28,296] INFO: Test Loss: 1.8770 | Test Acc: 33.98%
[2025-05-29 14:51:28,410] INFO: New best accuracy: 33.98%, model saved.
[2025-05-29 14:51:28,902] INFO: Epoch 4 | Step 1/196 | Loss: 1.8587 | Acc: 32.42%
[2025-05-29 14:51:53,137] INFO: Epoch 4 | Step 101/196 | Loss: 1.7820 | Acc: 34.04%
[2025-05-29 14:52:16,013] INFO: Epoch 4 training completed
[2025-05-29 14:52:18,974] INFO: Test Loss: 1.6961 | Test Acc: 37.69%
[2025-05-29 14:52:19,093] INFO: New best accuracy: 37.69%, model saved.
[2025-05-29 14:52:19,597] INFO: Epoch 5 | Step 1/196 | Loss: 1.6400 | Acc: 37.11%
[2025-05-29 14:52:43,837] INFO: Epoch 5 | Step 101/196 | Loss: 1.6355 | Acc: 39.16%
[2025-05-29 14:53:06,718] INFO: Epoch 5 training completed
[2025-05-29 14:53:09,682] INFO: Test Loss: 1.5847 | Test Acc: 42.64%
[2025-05-29 14:53:09,802] INFO: New best accuracy: 42.64%, model saved.
[2025-05-29 14:53:10,301] INFO: Epoch 6 | Step 1/196 | Loss: 1.4790 | Acc: 44.53%
[2025-05-29 14:53:34,538] INFO: Epoch 6 | Step 101/196 | Loss: 1.5468 | Acc: 42.96%
[2025-05-29 14:53:57,414] INFO: Epoch 6 training completed
[2025-05-29 14:54:00,380] INFO: Test Loss: 1.4634 | Test Acc: 45.72%
[2025-05-29 14:54:00,499] INFO: New best accuracy: 45.72%, model saved.
[2025-05-29 14:54:00,999] INFO: Epoch 7 | Step 1/196 | Loss: 1.5196 | Acc: 43.36%
[2025-05-29 14:54:25,242] INFO: Epoch 7 | Step 101/196 | Loss: 1.4344 | Acc: 47.45%
[2025-05-29 14:54:48,123] INFO: Epoch 7 training completed
[2025-05-29 14:54:51,093] INFO: Test Loss: 1.4514 | Test Acc: 48.36%
[2025-05-29 14:54:51,209] INFO: New best accuracy: 48.36%, model saved.
[2025-05-29 14:54:51,708] INFO: Epoch 8 | Step 1/196 | Loss: 1.3365 | Acc: 51.17%
[2025-05-29 14:55:15,937] INFO: Epoch 8 | Step 101/196 | Loss: 1.3278 | Acc: 51.87%
[2025-05-29 14:55:38,808] INFO: Epoch 8 training completed
[2025-05-29 14:55:41,776] INFO: Test Loss: 1.3758 | Test Acc: 51.90%
[2025-05-29 14:55:41,893] INFO: New best accuracy: 51.90%, model saved.
[2025-05-29 14:55:42,393] INFO: Epoch 9 | Step 1/196 | Loss: 1.3508 | Acc: 53.52%
[2025-05-29 14:56:06,626] INFO: Epoch 9 | Step 101/196 | Loss: 1.2315 | Acc: 55.36%
[2025-05-29 14:56:29,505] INFO: Epoch 9 training completed
[2025-05-29 14:56:32,471] INFO: Test Loss: 1.2031 | Test Acc: 56.76%
[2025-05-29 14:56:32,587] INFO: New best accuracy: 56.76%, model saved.
[2025-05-29 14:56:33,091] INFO: Epoch 10 | Step 1/196 | Loss: 1.2500 | Acc: 57.81%
[2025-05-29 14:56:57,333] INFO: Epoch 10 | Step 101/196 | Loss: 1.1500 | Acc: 58.64%
[2025-05-29 14:57:20,209] INFO: Epoch 10 training completed
[2025-05-29 14:57:23,180] INFO: Test Loss: 1.1913 | Test Acc: 57.94%
[2025-05-29 14:57:23,300] INFO: New best accuracy: 57.94%, model saved.
[2025-05-29 14:57:23,803] INFO: Epoch 11 | Step 1/196 | Loss: 1.1657 | Acc: 58.98%
[2025-05-29 14:57:48,048] INFO: Epoch 11 | Step 101/196 | Loss: 1.0614 | Acc: 61.71%
[2025-05-29 14:58:10,933] INFO: Epoch 11 training completed
[2025-05-29 14:58:13,902] INFO: Test Loss: 1.0890 | Test Acc: 61.43%
[2025-05-29 14:58:14,017] INFO: New best accuracy: 61.43%, model saved.
[2025-05-29 14:58:14,517] INFO: Epoch 12 | Step 1/196 | Loss: 1.0603 | Acc: 60.16%
[2025-05-29 14:58:38,767] INFO: Epoch 12 | Step 101/196 | Loss: 0.9910 | Acc: 64.75%
[2025-05-29 14:59:01,648] INFO: Epoch 12 training completed
[2025-05-29 14:59:04,616] INFO: Test Loss: 1.0000 | Test Acc: 64.86%
[2025-05-29 14:59:04,738] INFO: New best accuracy: 64.86%, model saved.
[2025-05-29 14:59:05,244] INFO: Epoch 13 | Step 1/196 | Loss: 0.8648 | Acc: 69.92%
[2025-05-29 14:59:29,488] INFO: Epoch 13 | Step 101/196 | Loss: 0.9340 | Acc: 66.95%
[2025-05-29 14:59:52,368] INFO: Epoch 13 training completed
[2025-05-29 14:59:55,336] INFO: Test Loss: 1.0041 | Test Acc: 64.87%
[2025-05-29 14:59:55,546] INFO: New best accuracy: 64.87%, model saved.
[2025-05-29 14:59:56,043] INFO: Epoch 14 | Step 1/196 | Loss: 0.8015 | Acc: 71.09%
[2025-05-29 15:00:20,282] INFO: Epoch 14 | Step 101/196 | Loss: 0.8757 | Acc: 68.82%
[2025-05-29 15:00:43,158] INFO: Epoch 14 training completed
[2025-05-29 15:00:46,115] INFO: Test Loss: 0.8947 | Test Acc: 67.86%
[2025-05-29 15:00:46,241] INFO: New best accuracy: 67.86%, model saved.
[2025-05-29 15:00:46,738] INFO: Epoch 15 | Step 1/196 | Loss: 0.7529 | Acc: 73.05%
[2025-05-29 15:01:10,982] INFO: Epoch 15 | Step 101/196 | Loss: 0.8366 | Acc: 70.34%
[2025-05-29 15:01:33,859] INFO: Epoch 15 training completed
[2025-05-29 15:01:36,821] INFO: Test Loss: 0.8879 | Test Acc: 68.43%
[2025-05-29 15:01:36,941] INFO: New best accuracy: 68.43%, model saved.
[2025-05-29 15:01:37,442] INFO: Epoch 16 | Step 1/196 | Loss: 0.8479 | Acc: 69.53%
[2025-05-29 15:02:01,674] INFO: Epoch 16 | Step 101/196 | Loss: 0.7870 | Acc: 72.17%
[2025-05-29 15:02:24,550] INFO: Epoch 16 training completed
[2025-05-29 15:02:27,515] INFO: Test Loss: 0.8135 | Test Acc: 71.15%
[2025-05-29 15:02:27,633] INFO: New best accuracy: 71.15%, model saved.
[2025-05-29 15:02:28,229] INFO: Epoch 17 | Step 1/196 | Loss: 0.6362 | Acc: 80.08%
[2025-05-29 15:02:52,472] INFO: Epoch 17 | Step 101/196 | Loss: 0.7415 | Acc: 73.79%
[2025-05-29 15:03:15,349] INFO: Epoch 17 training completed
[2025-05-29 15:03:18,315] INFO: Test Loss: 0.7749 | Test Acc: 72.77%
[2025-05-29 15:03:18,433] INFO: New best accuracy: 72.77%, model saved.
[2025-05-29 15:03:18,929] INFO: Epoch 18 | Step 1/196 | Loss: 0.7375 | Acc: 73.44%
[2025-05-29 15:03:43,163] INFO: Epoch 18 | Step 101/196 | Loss: 0.6961 | Acc: 75.68%
[2025-05-29 15:04:06,054] INFO: Epoch 18 training completed
[2025-05-29 15:04:09,016] INFO: Test Loss: 0.8759 | Test Acc: 69.91%
[2025-05-29 15:04:09,518] INFO: Epoch 19 | Step 1/196 | Loss: 0.7056 | Acc: 78.12%
[2025-05-29 15:04:33,761] INFO: Epoch 19 | Step 101/196 | Loss: 0.6659 | Acc: 76.68%
[2025-05-29 15:04:56,639] INFO: Epoch 19 training completed
[2025-05-29 15:04:59,605] INFO: Test Loss: 0.7494 | Test Acc: 73.48%
[2025-05-29 15:04:59,722] INFO: New best accuracy: 73.48%, model saved.
[2025-05-29 15:05:00,218] INFO: Epoch 20 | Step 1/196 | Loss: 0.6967 | Acc: 74.22%
[2025-05-29 15:05:24,463] INFO: Epoch 20 | Step 101/196 | Loss: 0.6359 | Acc: 77.97%
[2025-05-29 15:05:47,336] INFO: Epoch 20 training completed
[2025-05-29 15:05:50,295] INFO: Test Loss: 0.7356 | Test Acc: 74.64%
[2025-05-29 15:05:50,412] INFO: New best accuracy: 74.64%, model saved.
[2025-05-29 15:05:50,911] INFO: Epoch 21 | Step 1/196 | Loss: 0.6133 | Acc: 80.86%
[2025-05-29 15:06:15,157] INFO: Epoch 21 | Step 101/196 | Loss: 0.5914 | Acc: 79.11%
[2025-05-29 15:06:38,039] INFO: Epoch 21 training completed
[2025-05-29 15:06:41,001] INFO: Test Loss: 0.6808 | Test Acc: 76.30%
[2025-05-29 15:06:41,122] INFO: New best accuracy: 76.30%, model saved.
[2025-05-29 15:06:41,613] INFO: Epoch 22 | Step 1/196 | Loss: 0.5891 | Acc: 80.08%
[2025-05-29 15:07:05,851] INFO: Epoch 22 | Step 101/196 | Loss: 0.5675 | Acc: 80.09%
[2025-05-29 15:07:28,730] INFO: Epoch 22 training completed
[2025-05-29 15:07:31,696] INFO: Test Loss: 0.6606 | Test Acc: 76.85%
[2025-05-29 15:07:31,817] INFO: New best accuracy: 76.85%, model saved.
[2025-05-29 15:07:32,325] INFO: Epoch 23 | Step 1/196 | Loss: 0.5906 | Acc: 80.47%
[2025-05-29 15:07:56,562] INFO: Epoch 23 | Step 101/196 | Loss: 0.5484 | Acc: 80.98%
[2025-05-29 15:08:19,437] INFO: Epoch 23 training completed
[2025-05-29 15:08:22,406] INFO: Test Loss: 0.6452 | Test Acc: 77.39%
[2025-05-29 15:08:22,526] INFO: New best accuracy: 77.39%, model saved.
[2025-05-29 15:08:23,030] INFO: Epoch 24 | Step 1/196 | Loss: 0.5861 | Acc: 78.91%
[2025-05-29 15:08:47,265] INFO: Epoch 24 | Step 101/196 | Loss: 0.5305 | Acc: 81.68%
[2025-05-29 15:09:10,140] INFO: Epoch 24 training completed
[2025-05-29 15:09:13,096] INFO: Test Loss: 0.5887 | Test Acc: 79.68%
[2025-05-29 15:09:13,214] INFO: New best accuracy: 79.68%, model saved.
[2025-05-29 15:09:13,723] INFO: Epoch 25 | Step 1/196 | Loss: 0.4174 | Acc: 86.33%
[2025-05-29 15:09:37,963] INFO: Epoch 25 | Step 101/196 | Loss: 0.5117 | Acc: 82.11%
[2025-05-29 15:10:00,839] INFO: Epoch 25 training completed
[2025-05-29 15:10:03,831] INFO: Test Loss: 0.6653 | Test Acc: 77.45%
[2025-05-29 15:10:04,346] INFO: Epoch 26 | Step 1/196 | Loss: 0.6354 | Acc: 78.52%
[2025-05-29 15:10:28,595] INFO: Epoch 26 | Step 101/196 | Loss: 0.4832 | Acc: 83.51%
[2025-05-29 15:10:51,473] INFO: Epoch 26 training completed
[2025-05-29 15:10:54,433] INFO: Test Loss: 0.7415 | Test Acc: 74.97%
[2025-05-29 15:10:55,038] INFO: Epoch 27 | Step 1/196 | Loss: 0.4412 | Acc: 85.16%
[2025-05-29 15:11:19,278] INFO: Epoch 27 | Step 101/196 | Loss: 0.4788 | Acc: 83.55%
[2025-05-29 15:11:42,155] INFO: Epoch 27 training completed
[2025-05-29 15:11:45,120] INFO: Test Loss: 0.6702 | Test Acc: 77.35%
[2025-05-29 15:11:45,625] INFO: Epoch 28 | Step 1/196 | Loss: 0.3832 | Acc: 87.50%
[2025-05-29 15:12:09,871] INFO: Epoch 28 | Step 101/196 | Loss: 0.4707 | Acc: 83.99%
[2025-05-29 15:12:32,751] INFO: Epoch 28 training completed
[2025-05-29 15:12:35,717] INFO: Test Loss: 0.7261 | Test Acc: 76.63%
[2025-05-29 15:12:36,227] INFO: Epoch 29 | Step 1/196 | Loss: 0.4501 | Acc: 83.59%
[2025-05-29 15:13:00,469] INFO: Epoch 29 | Step 101/196 | Loss: 0.4616 | Acc: 84.51%
[2025-05-29 15:13:23,350] INFO: Epoch 29 training completed
[2025-05-29 15:13:26,319] INFO: Test Loss: 0.6251 | Test Acc: 78.02%
[2025-05-29 15:13:26,830] INFO: Epoch 30 | Step 1/196 | Loss: 0.4944 | Acc: 83.20%
[2025-05-29 15:13:51,072] INFO: Epoch 30 | Step 101/196 | Loss: 0.4469 | Acc: 84.77%
[2025-05-29 15:14:13,953] INFO: Epoch 30 training completed
[2025-05-29 15:14:16,924] INFO: Test Loss: 0.7568 | Test Acc: 74.68%
[2025-05-29 15:14:17,526] INFO: Epoch 31 | Step 1/196 | Loss: 0.4609 | Acc: 84.77%
[2025-05-29 15:14:41,779] INFO: Epoch 31 | Step 101/196 | Loss: 0.4433 | Acc: 85.18%
[2025-05-29 15:15:04,684] INFO: Epoch 31 training completed
[2025-05-29 15:15:07,650] INFO: Test Loss: 0.6079 | Test Acc: 79.67%
[2025-05-29 15:15:08,156] INFO: Epoch 32 | Step 1/196 | Loss: 0.5192 | Acc: 85.55%
[2025-05-29 15:15:32,415] INFO: Epoch 32 | Step 101/196 | Loss: 0.4426 | Acc: 85.34%
[2025-05-29 15:15:55,312] INFO: Epoch 32 training completed
[2025-05-29 15:15:58,283] INFO: Test Loss: 0.5739 | Test Acc: 80.59%
[2025-05-29 15:15:58,403] INFO: New best accuracy: 80.59%, model saved.
[2025-05-29 15:15:58,901] INFO: Epoch 33 | Step 1/196 | Loss: 0.4385 | Acc: 85.94%
[2025-05-29 15:16:23,164] INFO: Epoch 33 | Step 101/196 | Loss: 0.4298 | Acc: 85.78%
[2025-05-29 15:16:46,066] INFO: Epoch 33 training completed
[2025-05-29 15:16:49,030] INFO: Test Loss: 0.6977 | Test Acc: 76.92%
[2025-05-29 15:16:49,538] INFO: Epoch 34 | Step 1/196 | Loss: 0.4369 | Acc: 87.11%
[2025-05-29 15:17:13,800] INFO: Epoch 34 | Step 101/196 | Loss: 0.4350 | Acc: 85.71%
[2025-05-29 15:17:36,697] INFO: Epoch 34 training completed
[2025-05-29 15:17:39,662] INFO: Test Loss: 0.5976 | Test Acc: 80.02%
[2025-05-29 15:17:40,261] INFO: Epoch 35 | Step 1/196 | Loss: 0.4218 | Acc: 86.33%
[2025-05-29 15:18:04,524] INFO: Epoch 35 | Step 101/196 | Loss: 0.4240 | Acc: 86.17%
[2025-05-29 15:18:27,417] INFO: Epoch 35 training completed
[2025-05-29 15:18:30,391] INFO: Test Loss: 0.7111 | Test Acc: 76.47%
[2025-05-29 15:18:30,904] INFO: Epoch 36 | Step 1/196 | Loss: 0.4923 | Acc: 83.59%
[2025-05-29 15:18:55,164] INFO: Epoch 36 | Step 101/196 | Loss: 0.4285 | Acc: 86.09%
[2025-05-29 15:19:18,081] INFO: Epoch 36 training completed
[2025-05-29 15:19:21,055] INFO: Test Loss: 0.5658 | Test Acc: 81.39%
[2025-05-29 15:19:21,174] INFO: New best accuracy: 81.39%, model saved.
[2025-05-29 15:19:21,684] INFO: Epoch 37 | Step 1/196 | Loss: 0.3416 | Acc: 87.50%
[2025-05-29 15:19:45,941] INFO: Epoch 37 | Step 101/196 | Loss: 0.4315 | Acc: 86.05%
[2025-05-29 15:20:08,842] INFO: Epoch 37 training completed
[2025-05-29 15:20:11,813] INFO: Test Loss: 0.6765 | Test Acc: 77.04%
[2025-05-29 15:20:12,326] INFO: Epoch 38 | Step 1/196 | Loss: 0.3769 | Acc: 87.11%
[2025-05-29 15:20:36,576] INFO: Epoch 38 | Step 101/196 | Loss: 0.4328 | Acc: 85.91%
[2025-05-29 15:20:59,473] INFO: Epoch 38 training completed
[2025-05-29 15:21:02,446] INFO: Test Loss: 0.7152 | Test Acc: 75.66%
[2025-05-29 15:21:02,952] INFO: Epoch 39 | Step 1/196 | Loss: 0.4533 | Acc: 85.16%
[2025-05-29 15:21:27,208] INFO: Epoch 39 | Step 101/196 | Loss: 0.4366 | Acc: 85.94%
[2025-05-29 15:21:50,122] INFO: Epoch 39 training completed
[2025-05-29 15:21:53,106] INFO: Test Loss: 0.7032 | Test Acc: 76.35%
[2025-05-29 15:21:53,612] INFO: Epoch 40 | Step 1/196 | Loss: 0.5416 | Acc: 82.42%
[2025-05-29 15:22:17,874] INFO: Epoch 40 | Step 101/196 | Loss: 0.4398 | Acc: 85.82%
[2025-05-29 15:22:40,787] INFO: Epoch 40 training completed
[2025-05-29 15:22:43,753] INFO: Test Loss: 0.6913 | Test Acc: 76.81%
[2025-05-29 15:22:44,264] INFO: Epoch 41 | Step 1/196 | Loss: 0.4647 | Acc: 85.55%
[2025-05-29 15:23:08,530] INFO: Epoch 41 | Step 101/196 | Loss: 0.4373 | Acc: 85.91%
[2025-05-29 15:23:31,429] INFO: Epoch 41 training completed
[2025-05-29 15:23:34,388] INFO: Test Loss: 0.6271 | Test Acc: 79.85%
[2025-05-29 15:23:34,898] INFO: Epoch 42 | Step 1/196 | Loss: 0.4073 | Acc: 87.11%
[2025-05-29 15:23:59,158] INFO: Epoch 42 | Step 101/196 | Loss: 0.4437 | Acc: 85.84%
[2025-05-29 15:24:22,061] INFO: Epoch 42 training completed
[2025-05-29 15:24:25,042] INFO: Test Loss: 0.5638 | Test Acc: 81.38%
[2025-05-29 15:24:25,569] INFO: Epoch 43 | Step 1/196 | Loss: 0.4715 | Acc: 84.38%
[2025-05-29 15:24:49,837] INFO: Epoch 43 | Step 101/196 | Loss: 0.4368 | Acc: 86.00%
[2025-05-29 15:25:12,737] INFO: Epoch 43 training completed
[2025-05-29 15:25:15,708] INFO: Test Loss: 0.6453 | Test Acc: 78.72%
[2025-05-29 15:25:16,211] INFO: Epoch 44 | Step 1/196 | Loss: 0.4641 | Acc: 87.11%
[2025-05-29 15:25:40,470] INFO: Epoch 44 | Step 101/196 | Loss: 0.4469 | Acc: 85.58%
[2025-05-29 15:26:03,371] INFO: Epoch 44 training completed
[2025-05-29 15:26:06,337] INFO: Test Loss: 0.5658 | Test Acc: 81.38%
[2025-05-29 15:26:06,843] INFO: Epoch 45 | Step 1/196 | Loss: 0.4263 | Acc: 88.28%
[2025-05-29 15:26:31,101] INFO: Epoch 45 | Step 101/196 | Loss: 0.4436 | Acc: 85.81%
[2025-05-29 15:26:53,998] INFO: Epoch 45 training completed
[2025-05-29 15:26:56,959] INFO: Test Loss: 0.7834 | Test Acc: 74.83%
[2025-05-29 15:26:57,560] INFO: Epoch 46 | Step 1/196 | Loss: 0.4004 | Acc: 86.33%
[2025-05-29 15:27:21,822] INFO: Epoch 46 | Step 101/196 | Loss: 0.4438 | Acc: 85.76%
[2025-05-29 15:27:44,720] INFO: Epoch 46 training completed
[2025-05-29 15:27:47,695] INFO: Test Loss: 0.6806 | Test Acc: 77.87%
[2025-05-29 15:27:48,208] INFO: Epoch 47 | Step 1/196 | Loss: 0.4354 | Acc: 86.72%
[2025-05-29 15:28:12,474] INFO: Epoch 47 | Step 101/196 | Loss: 0.4474 | Acc: 85.72%
[2025-05-29 15:28:35,369] INFO: Epoch 47 training completed
[2025-05-29 15:28:38,341] INFO: Test Loss: 0.8577 | Test Acc: 71.90%
[2025-05-29 15:28:38,842] INFO: Epoch 48 | Step 1/196 | Loss: 0.3901 | Acc: 88.28%
[2025-05-29 15:29:03,102] INFO: Epoch 48 | Step 101/196 | Loss: 0.4505 | Acc: 85.68%
[2025-05-29 15:29:25,991] INFO: Epoch 48 training completed
[2025-05-29 15:29:28,958] INFO: Test Loss: 0.7896 | Test Acc: 74.67%
[2025-05-29 15:29:29,463] INFO: Epoch 49 | Step 1/196 | Loss: 0.4226 | Acc: 86.72%
[2025-05-29 15:29:53,720] INFO: Epoch 49 | Step 101/196 | Loss: 0.4444 | Acc: 85.60%
[2025-05-29 15:30:16,617] INFO: Epoch 49 training completed
[2025-05-29 15:30:19,583] INFO: Test Loss: 0.7842 | Test Acc: 75.01%
[2025-05-29 15:30:20,180] INFO: Epoch 50 | Step 1/196 | Loss: 0.4520 | Acc: 83.98%
[2025-05-29 15:30:44,428] INFO: Epoch 50 | Step 101/196 | Loss: 0.4407 | Acc: 85.76%
[2025-05-29 15:31:07,323] INFO: Epoch 50 training completed
[2025-05-29 15:31:10,289] INFO: Test Loss: 0.8542 | Test Acc: 71.73%
[2025-05-29 15:31:10,817] INFO: Epoch 51 | Step 1/196 | Loss: 0.3643 | Acc: 89.84%
[2025-05-29 15:31:35,093] INFO: Epoch 51 | Step 101/196 | Loss: 0.4423 | Acc: 85.88%
[2025-05-29 15:31:57,997] INFO: Epoch 51 training completed
[2025-05-29 15:32:00,978] INFO: Test Loss: 1.1653 | Test Acc: 63.93%
[2025-05-29 15:32:01,474] INFO: Epoch 52 | Step 1/196 | Loss: 0.4590 | Acc: 85.94%
[2025-05-29 15:32:25,742] INFO: Epoch 52 | Step 101/196 | Loss: 0.4523 | Acc: 85.50%
[2025-05-29 15:32:48,636] INFO: Epoch 52 training completed
[2025-05-29 15:32:51,612] INFO: Test Loss: 0.7901 | Test Acc: 75.38%
[2025-05-29 15:32:52,124] INFO: Epoch 53 | Step 1/196 | Loss: 0.3915 | Acc: 88.67%
[2025-05-29 15:33:16,389] INFO: Epoch 53 | Step 101/196 | Loss: 0.4483 | Acc: 85.59%
[2025-05-29 15:33:39,284] INFO: Epoch 53 training completed
[2025-05-29 15:33:42,258] INFO: Test Loss: 0.5501 | Test Acc: 82.39%
[2025-05-29 15:33:42,471] INFO: New best accuracy: 82.39%, model saved.
[2025-05-29 15:33:42,968] INFO: Epoch 54 | Step 1/196 | Loss: 0.4309 | Acc: 85.16%
[2025-05-29 15:34:07,217] INFO: Epoch 54 | Step 101/196 | Loss: 0.4463 | Acc: 85.67%
[2025-05-29 15:34:30,123] INFO: Epoch 54 training completed
[2025-05-29 15:34:33,091] INFO: Test Loss: 0.7172 | Test Acc: 76.35%
[2025-05-29 15:34:33,596] INFO: Epoch 55 | Step 1/196 | Loss: 0.4959 | Acc: 83.20%
[2025-05-29 15:34:57,857] INFO: Epoch 55 | Step 101/196 | Loss: 0.4488 | Acc: 85.44%
[2025-05-29 15:35:20,757] INFO: Epoch 55 training completed
[2025-05-29 15:35:23,734] INFO: Test Loss: 0.6465 | Test Acc: 78.75%
[2025-05-29 15:35:24,242] INFO: Epoch 56 | Step 1/196 | Loss: 0.4048 | Acc: 89.06%
[2025-05-29 15:35:48,502] INFO: Epoch 56 | Step 101/196 | Loss: 0.4494 | Acc: 85.71%
[2025-05-29 15:36:11,395] INFO: Epoch 56 training completed
[2025-05-29 15:36:14,362] INFO: Test Loss: 0.7167 | Test Acc: 75.50%
[2025-05-29 15:36:14,870] INFO: Epoch 57 | Step 1/196 | Loss: 0.3860 | Acc: 88.28%
[2025-05-29 15:36:39,134] INFO: Epoch 57 | Step 101/196 | Loss: 0.4416 | Acc: 85.83%
[2025-05-29 15:37:02,038] INFO: Epoch 57 training completed
[2025-05-29 15:37:04,997] INFO: Test Loss: 0.9654 | Test Acc: 69.57%
[2025-05-29 15:37:05,504] INFO: Epoch 58 | Step 1/196 | Loss: 0.5107 | Acc: 82.81%
[2025-05-29 15:37:29,765] INFO: Epoch 58 | Step 101/196 | Loss: 0.4534 | Acc: 85.52%
[2025-05-29 15:37:52,665] INFO: Epoch 58 training completed
[2025-05-29 15:37:55,635] INFO: Test Loss: 0.7633 | Test Acc: 74.75%
[2025-05-29 15:37:56,150] INFO: Epoch 59 | Step 1/196 | Loss: 0.5357 | Acc: 83.59%
[2025-05-29 15:38:20,404] INFO: Epoch 59 | Step 101/196 | Loss: 0.4552 | Acc: 85.38%
[2025-05-29 15:38:43,297] INFO: Epoch 59 training completed
[2025-05-29 15:38:46,263] INFO: Test Loss: 0.8476 | Test Acc: 72.50%
[2025-05-29 15:38:46,770] INFO: Epoch 60 | Step 1/196 | Loss: 0.4029 | Acc: 89.84%
[2025-05-29 15:39:11,028] INFO: Epoch 60 | Step 101/196 | Loss: 0.4507 | Acc: 85.81%
[2025-05-29 15:39:33,925] INFO: Epoch 60 training completed
[2025-05-29 15:39:36,896] INFO: Test Loss: 0.9237 | Test Acc: 69.68%
[2025-05-29 15:39:37,398] INFO: Epoch 61 | Step 1/196 | Loss: 0.5172 | Acc: 84.38%
[2025-05-29 15:40:01,644] INFO: Epoch 61 | Step 101/196 | Loss: 0.4581 | Acc: 85.35%
[2025-05-29 15:40:24,541] INFO: Epoch 61 training completed
[2025-05-29 15:40:27,510] INFO: Test Loss: 1.4536 | Test Acc: 57.36%
[2025-05-29 15:40:28,014] INFO: Epoch 62 | Step 1/196 | Loss: 0.4110 | Acc: 86.72%
[2025-05-29 15:40:52,269] INFO: Epoch 62 | Step 101/196 | Loss: 0.4460 | Acc: 85.78%
[2025-05-29 15:41:15,161] INFO: Epoch 62 training completed
[2025-05-29 15:41:18,137] INFO: Test Loss: 0.8293 | Test Acc: 72.63%
[2025-05-29 15:41:18,633] INFO: Epoch 63 | Step 1/196 | Loss: 0.4777 | Acc: 81.25%
[2025-05-29 15:41:42,893] INFO: Epoch 63 | Step 101/196 | Loss: 0.4519 | Acc: 85.44%
[2025-05-29 15:42:05,791] INFO: Epoch 63 training completed
[2025-05-29 15:42:08,763] INFO: Test Loss: 0.7271 | Test Acc: 75.26%
[2025-05-29 15:42:09,278] INFO: Epoch 64 | Step 1/196 | Loss: 0.5517 | Acc: 81.64%
[2025-05-29 15:42:33,539] INFO: Epoch 64 | Step 101/196 | Loss: 0.4378 | Acc: 85.92%
[2025-05-29 15:42:56,430] INFO: Epoch 64 training completed
[2025-05-29 15:42:59,394] INFO: Test Loss: 0.8792 | Test Acc: 72.32%
[2025-05-29 15:43:00,002] INFO: Epoch 65 | Step 1/196 | Loss: 0.4959 | Acc: 82.42%
[2025-05-29 15:43:24,254] INFO: Epoch 65 | Step 101/196 | Loss: 0.4411 | Acc: 85.86%
[2025-05-29 15:43:47,293] INFO: Epoch 65 training completed
[2025-05-29 15:43:50,403] INFO: Test Loss: 0.6394 | Test Acc: 78.63%
[2025-05-29 15:43:50,898] INFO: Epoch 66 | Step 1/196 | Loss: 0.4313 | Acc: 85.16%
[2025-05-29 15:44:15,436] INFO: Epoch 66 | Step 101/196 | Loss: 0.4503 | Acc: 85.59%
[2025-05-29 15:44:38,600] INFO: Epoch 66 training completed
[2025-05-29 15:44:41,571] INFO: Test Loss: 1.1304 | Test Acc: 65.33%
[2025-05-29 15:44:42,078] INFO: Epoch 67 | Step 1/196 | Loss: 0.4994 | Acc: 82.42%
[2025-05-29 15:45:06,357] INFO: Epoch 67 | Step 101/196 | Loss: 0.4448 | Acc: 85.94%
[2025-05-29 15:45:29,254] INFO: Epoch 67 training completed
[2025-05-29 15:45:32,217] INFO: Test Loss: 1.0721 | Test Acc: 66.64%
[2025-05-29 15:45:32,726] INFO: Epoch 68 | Step 1/196 | Loss: 0.5046 | Acc: 82.81%
[2025-05-29 15:45:56,985] INFO: Epoch 68 | Step 101/196 | Loss: 0.4366 | Acc: 86.09%
[2025-05-29 15:46:19,882] INFO: Epoch 68 training completed
[2025-05-29 15:46:22,853] INFO: Test Loss: 0.9788 | Test Acc: 68.87%
[2025-05-29 15:46:23,460] INFO: Epoch 69 | Step 1/196 | Loss: 0.4480 | Acc: 85.16%
[2025-05-29 15:46:47,721] INFO: Epoch 69 | Step 101/196 | Loss: 0.4398 | Acc: 86.03%
[2025-05-29 15:47:10,613] INFO: Epoch 69 training completed
[2025-05-29 15:47:13,581] INFO: Test Loss: 0.7121 | Test Acc: 76.48%
[2025-05-29 15:47:14,098] INFO: Epoch 70 | Step 1/196 | Loss: 0.4612 | Acc: 87.11%
[2025-05-29 15:47:38,352] INFO: Epoch 70 | Step 101/196 | Loss: 0.4340 | Acc: 86.04%
[2025-05-29 15:48:01,242] INFO: Epoch 70 training completed
[2025-05-29 15:48:04,214] INFO: Test Loss: 0.7239 | Test Acc: 76.64%
[2025-05-29 15:48:04,720] INFO: Epoch 71 | Step 1/196 | Loss: 0.4842 | Acc: 85.16%
[2025-05-29 15:48:28,970] INFO: Epoch 71 | Step 101/196 | Loss: 0.4332 | Acc: 86.36%
[2025-05-29 15:48:51,860] INFO: Epoch 71 training completed
[2025-05-29 15:48:54,831] INFO: Test Loss: 0.7012 | Test Acc: 76.97%
[2025-05-29 15:48:55,339] INFO: Epoch 72 | Step 1/196 | Loss: 0.4455 | Acc: 82.81%
[2025-05-29 15:49:19,606] INFO: Epoch 72 | Step 101/196 | Loss: 0.4362 | Acc: 85.98%
[2025-05-29 15:49:42,498] INFO: Epoch 72 training completed
[2025-05-29 15:49:45,468] INFO: Test Loss: 0.6430 | Test Acc: 78.35%
[2025-05-29 15:49:46,073] INFO: Epoch 73 | Step 1/196 | Loss: 0.4229 | Acc: 89.06%
[2025-05-29 15:50:10,326] INFO: Epoch 73 | Step 101/196 | Loss: 0.4315 | Acc: 86.36%
[2025-05-29 15:50:33,211] INFO: Epoch 73 training completed
[2025-05-29 15:50:36,181] INFO: Test Loss: 0.7490 | Test Acc: 75.32%
[2025-05-29 15:50:36,684] INFO: Epoch 74 | Step 1/196 | Loss: 0.3883 | Acc: 87.11%
[2025-05-29 15:51:00,937] INFO: Epoch 74 | Step 101/196 | Loss: 0.4368 | Acc: 86.04%
[2025-05-29 15:51:23,820] INFO: Epoch 74 training completed
[2025-05-29 15:51:26,787] INFO: Test Loss: 1.0069 | Test Acc: 67.88%
[2025-05-29 15:51:27,300] INFO: Epoch 75 | Step 1/196 | Loss: 0.4953 | Acc: 83.98%
[2025-05-29 15:51:51,548] INFO: Epoch 75 | Step 101/196 | Loss: 0.4282 | Acc: 86.42%
[2025-05-29 15:52:14,434] INFO: Epoch 75 training completed
[2025-05-29 15:52:17,407] INFO: Test Loss: 0.8608 | Test Acc: 72.38%
[2025-05-29 15:52:17,920] INFO: Epoch 76 | Step 1/196 | Loss: 0.5153 | Acc: 82.81%
[2025-05-29 15:52:42,170] INFO: Epoch 76 | Step 101/196 | Loss: 0.4347 | Acc: 86.16%
[2025-05-29 15:53:05,067] INFO: Epoch 76 training completed
[2025-05-29 15:53:08,034] INFO: Test Loss: 0.6579 | Test Acc: 77.58%
[2025-05-29 15:53:08,644] INFO: Epoch 77 | Step 1/196 | Loss: 0.3901 | Acc: 87.11%
[2025-05-29 15:53:32,898] INFO: Epoch 77 | Step 101/196 | Loss: 0.4276 | Acc: 86.36%
[2025-05-29 15:53:55,789] INFO: Epoch 77 training completed
[2025-05-29 15:53:58,756] INFO: Test Loss: 0.7866 | Test Acc: 73.84%
[2025-05-29 15:53:59,268] INFO: Epoch 78 | Step 1/196 | Loss: 0.5738 | Acc: 81.64%
[2025-05-29 15:54:23,516] INFO: Epoch 78 | Step 101/196 | Loss: 0.4312 | Acc: 86.23%
[2025-05-29 15:54:46,400] INFO: Epoch 78 training completed
[2025-05-29 15:54:49,373] INFO: Test Loss: 0.7064 | Test Acc: 77.02%
[2025-05-29 15:54:49,876] INFO: Epoch 79 | Step 1/196 | Loss: 0.3804 | Acc: 85.16%
[2025-05-29 15:55:14,123] INFO: Epoch 79 | Step 101/196 | Loss: 0.4252 | Acc: 86.56%
[2025-05-29 15:55:37,016] INFO: Epoch 79 training completed
[2025-05-29 15:55:39,981] INFO: Test Loss: 0.6633 | Test Acc: 78.74%
[2025-05-29 15:55:40,485] INFO: Epoch 80 | Step 1/196 | Loss: 0.4900 | Acc: 84.38%
[2025-05-29 15:56:04,728] INFO: Epoch 80 | Step 101/196 | Loss: 0.4254 | Acc: 86.41%
[2025-05-29 15:56:27,612] INFO: Epoch 80 training completed
[2025-05-29 15:56:30,578] INFO: Test Loss: 0.7600 | Test Acc: 74.94%
[2025-05-29 15:56:31,184] INFO: Epoch 81 | Step 1/196 | Loss: 0.5482 | Acc: 82.42%
[2025-05-29 15:56:55,432] INFO: Epoch 81 | Step 101/196 | Loss: 0.4271 | Acc: 86.42%
[2025-05-29 15:57:18,319] INFO: Epoch 81 training completed
[2025-05-29 15:57:21,287] INFO: Test Loss: 1.0883 | Test Acc: 65.78%
[2025-05-29 15:57:21,787] INFO: Epoch 82 | Step 1/196 | Loss: 0.4404 | Acc: 87.11%
[2025-05-29 15:57:46,040] INFO: Epoch 82 | Step 101/196 | Loss: 0.4328 | Acc: 86.16%
[2025-05-29 15:58:08,921] INFO: Epoch 82 training completed
[2025-05-29 15:58:11,883] INFO: Test Loss: 0.9132 | Test Acc: 69.97%
[2025-05-29 15:58:12,390] INFO: Epoch 83 | Step 1/196 | Loss: 0.5448 | Acc: 83.98%
[2025-05-29 15:58:36,641] INFO: Epoch 83 | Step 101/196 | Loss: 0.4312 | Acc: 86.42%
[2025-05-29 15:58:59,522] INFO: Epoch 83 training completed
[2025-05-29 15:59:02,487] INFO: Test Loss: 0.9199 | Test Acc: 71.63%
[2025-05-29 15:59:02,990] INFO: Epoch 84 | Step 1/196 | Loss: 0.4773 | Acc: 87.11%
[2025-05-29 15:59:27,232] INFO: Epoch 84 | Step 101/196 | Loss: 0.4213 | Acc: 86.49%
[2025-05-29 15:59:50,107] INFO: Epoch 84 training completed
[2025-05-29 15:59:53,077] INFO: Test Loss: 0.7375 | Test Acc: 76.10%
[2025-05-29 15:59:53,572] INFO: Epoch 85 | Step 1/196 | Loss: 0.4218 | Acc: 85.55%
[2025-05-29 16:00:17,823] INFO: Epoch 85 | Step 101/196 | Loss: 0.4231 | Acc: 86.30%
[2025-05-29 16:00:40,704] INFO: Epoch 85 training completed
[2025-05-29 16:00:43,670] INFO: Test Loss: 0.7423 | Test Acc: 76.56%
[2025-05-29 16:00:44,169] INFO: Epoch 86 | Step 1/196 | Loss: 0.4736 | Acc: 85.16%
[2025-05-29 16:01:08,408] INFO: Epoch 86 | Step 101/196 | Loss: 0.4286 | Acc: 86.43%
[2025-05-29 16:01:31,287] INFO: Epoch 86 training completed
[2025-05-29 16:01:34,256] INFO: Test Loss: 0.7649 | Test Acc: 73.74%
[2025-05-29 16:01:34,768] INFO: Epoch 87 | Step 1/196 | Loss: 0.4129 | Acc: 85.16%
[2025-05-29 16:01:59,009] INFO: Epoch 87 | Step 101/196 | Loss: 0.4165 | Acc: 86.68%
[2025-05-29 16:02:21,894] INFO: Epoch 87 training completed
[2025-05-29 16:02:24,858] INFO: Test Loss: 1.1032 | Test Acc: 67.33%
[2025-05-29 16:02:25,364] INFO: Epoch 88 | Step 1/196 | Loss: 0.4188 | Acc: 87.50%
[2025-05-29 16:02:49,611] INFO: Epoch 88 | Step 101/196 | Loss: 0.4139 | Acc: 86.73%
[2025-05-29 16:03:12,498] INFO: Epoch 88 training completed
[2025-05-29 16:03:15,463] INFO: Test Loss: 0.7317 | Test Acc: 75.16%
[2025-05-29 16:03:15,969] INFO: Epoch 89 | Step 1/196 | Loss: 0.4384 | Acc: 84.77%
[2025-05-29 16:03:40,218] INFO: Epoch 89 | Step 101/196 | Loss: 0.4143 | Acc: 86.73%
[2025-05-29 16:04:03,103] INFO: Epoch 89 training completed
[2025-05-29 16:04:06,069] INFO: Test Loss: 0.8082 | Test Acc: 73.73%
[2025-05-29 16:04:06,579] INFO: Epoch 90 | Step 1/196 | Loss: 0.4358 | Acc: 84.77%
[2025-05-29 16:04:30,844] INFO: Epoch 90 | Step 101/196 | Loss: 0.4088 | Acc: 86.89%
[2025-05-29 16:04:53,733] INFO: Epoch 90 training completed
[2025-05-29 16:04:56,697] INFO: Test Loss: 0.6640 | Test Acc: 78.45%
[2025-05-29 16:04:57,198] INFO: Epoch 91 | Step 1/196 | Loss: 0.4502 | Acc: 84.77%
[2025-05-29 16:05:21,441] INFO: Epoch 91 | Step 101/196 | Loss: 0.4202 | Acc: 86.65%
[2025-05-29 16:05:44,335] INFO: Epoch 91 training completed
[2025-05-29 16:05:47,300] INFO: Test Loss: 0.7917 | Test Acc: 75.00%
[2025-05-29 16:05:47,815] INFO: Epoch 92 | Step 1/196 | Loss: 0.3845 | Acc: 87.89%
[2025-05-29 16:06:12,058] INFO: Epoch 92 | Step 101/196 | Loss: 0.4095 | Acc: 86.89%
[2025-05-29 16:06:34,949] INFO: Epoch 92 training completed
[2025-05-29 16:06:37,918] INFO: Test Loss: 0.7879 | Test Acc: 74.19%
[2025-05-29 16:06:38,427] INFO: Epoch 93 | Step 1/196 | Loss: 0.4286 | Acc: 87.50%
[2025-05-29 16:07:02,685] INFO: Epoch 93 | Step 101/196 | Loss: 0.4171 | Acc: 86.70%
[2025-05-29 16:07:25,571] INFO: Epoch 93 training completed
[2025-05-29 16:07:28,546] INFO: Test Loss: 0.6819 | Test Acc: 77.01%
[2025-05-29 16:07:29,050] INFO: Epoch 94 | Step 1/196 | Loss: 0.4024 | Acc: 88.67%
[2025-05-29 16:07:53,299] INFO: Epoch 94 | Step 101/196 | Loss: 0.4150 | Acc: 86.80%
[2025-05-29 16:08:16,187] INFO: Epoch 94 training completed
[2025-05-29 16:08:19,156] INFO: Test Loss: 0.7498 | Test Acc: 75.87%
[2025-05-29 16:08:19,659] INFO: Epoch 95 | Step 1/196 | Loss: 0.3964 | Acc: 87.89%
[2025-05-29 16:08:43,911] INFO: Epoch 95 | Step 101/196 | Loss: 0.4047 | Acc: 87.04%
[2025-05-29 16:09:06,796] INFO: Epoch 95 training completed
[2025-05-29 16:09:09,766] INFO: Test Loss: 0.6022 | Test Acc: 79.91%
[2025-05-29 16:09:10,369] INFO: Epoch 96 | Step 1/196 | Loss: 0.3839 | Acc: 86.33%
[2025-05-29 16:09:34,621] INFO: Epoch 96 | Step 101/196 | Loss: 0.4003 | Acc: 87.39%
[2025-05-29 16:09:57,511] INFO: Epoch 96 training completed
[2025-05-29 16:10:00,481] INFO: Test Loss: 0.5457 | Test Acc: 81.95%
[2025-05-29 16:10:00,996] INFO: Epoch 97 | Step 1/196 | Loss: 0.4576 | Acc: 84.77%
[2025-05-29 16:10:25,247] INFO: Epoch 97 | Step 101/196 | Loss: 0.4031 | Acc: 87.31%
[2025-05-29 16:10:48,139] INFO: Epoch 97 training completed
[2025-05-29 16:10:51,105] INFO: Test Loss: 0.7673 | Test Acc: 75.84%
[2025-05-29 16:10:51,610] INFO: Epoch 98 | Step 1/196 | Loss: 0.4417 | Acc: 85.94%
[2025-05-29 16:11:15,859] INFO: Epoch 98 | Step 101/196 | Loss: 0.4116 | Acc: 86.78%
[2025-05-29 16:11:38,755] INFO: Epoch 98 training completed
[2025-05-29 16:11:41,715] INFO: Test Loss: 0.7595 | Test Acc: 75.70%
[2025-05-29 16:11:42,225] INFO: Epoch 99 | Step 1/196 | Loss: 0.3850 | Acc: 88.28%
[2025-05-29 16:12:06,470] INFO: Epoch 99 | Step 101/196 | Loss: 0.4007 | Acc: 87.19%
[2025-05-29 16:12:29,360] INFO: Epoch 99 training completed
[2025-05-29 16:12:32,335] INFO: Test Loss: 0.9556 | Test Acc: 70.33%
[2025-05-29 16:12:32,847] INFO: Epoch 100 | Step 1/196 | Loss: 0.5272 | Acc: 80.47%
[2025-05-29 16:12:57,094] INFO: Epoch 100 | Step 101/196 | Loss: 0.3989 | Acc: 87.12%
[2025-05-29 16:13:19,981] INFO: Epoch 100 training completed
[2025-05-29 16:13:22,953] INFO: Test Loss: 0.7028 | Test Acc: 77.10%
[2025-05-29 16:13:23,453] INFO: Epoch 101 | Step 1/196 | Loss: 0.4009 | Acc: 87.89%
[2025-05-29 16:13:47,702] INFO: Epoch 101 | Step 101/196 | Loss: 0.3944 | Acc: 87.37%
[2025-05-29 16:14:10,597] INFO: Epoch 101 training completed
[2025-05-29 16:14:13,562] INFO: Test Loss: 0.6962 | Test Acc: 77.66%
[2025-05-29 16:14:14,067] INFO: Epoch 102 | Step 1/196 | Loss: 0.4212 | Acc: 87.50%
[2025-05-29 16:14:38,322] INFO: Epoch 102 | Step 101/196 | Loss: 0.3943 | Acc: 87.62%
[2025-05-29 16:15:01,215] INFO: Epoch 102 training completed
[2025-05-29 16:15:04,186] INFO: Test Loss: 0.6959 | Test Acc: 77.15%
[2025-05-29 16:15:04,696] INFO: Epoch 103 | Step 1/196 | Loss: 0.4529 | Acc: 85.55%
[2025-05-29 16:15:28,945] INFO: Epoch 103 | Step 101/196 | Loss: 0.3852 | Acc: 87.95%
[2025-05-29 16:15:51,836] INFO: Epoch 103 training completed
[2025-05-29 16:15:54,795] INFO: Test Loss: 0.6873 | Test Acc: 77.21%
[2025-05-29 16:15:55,399] INFO: Epoch 104 | Step 1/196 | Loss: 0.4235 | Acc: 85.16%
[2025-05-29 16:16:19,652] INFO: Epoch 104 | Step 101/196 | Loss: 0.3879 | Acc: 87.76%
[2025-05-29 16:16:42,536] INFO: Epoch 104 training completed
[2025-05-29 16:16:45,500] INFO: Test Loss: 0.6712 | Test Acc: 78.78%
[2025-05-29 16:16:46,004] INFO: Epoch 105 | Step 1/196 | Loss: 0.3571 | Acc: 91.80%
[2025-05-29 16:17:10,253] INFO: Epoch 105 | Step 101/196 | Loss: 0.3864 | Acc: 87.46%
[2025-05-29 16:17:33,136] INFO: Epoch 105 training completed
[2025-05-29 16:17:36,101] INFO: Test Loss: 0.5192 | Test Acc: 82.83%
[2025-05-29 16:17:36,217] INFO: New best accuracy: 82.83%, model saved.
[2025-05-29 16:17:36,722] INFO: Epoch 106 | Step 1/196 | Loss: 0.4047 | Acc: 86.72%
[2025-05-29 16:18:00,970] INFO: Epoch 106 | Step 101/196 | Loss: 0.3877 | Acc: 87.72%
[2025-05-29 16:18:23,859] INFO: Epoch 106 training completed
[2025-05-29 16:18:26,822] INFO: Test Loss: 0.7581 | Test Acc: 76.29%
[2025-05-29 16:18:27,324] INFO: Epoch 107 | Step 1/196 | Loss: 0.4605 | Acc: 85.16%
[2025-05-29 16:18:51,574] INFO: Epoch 107 | Step 101/196 | Loss: 0.3873 | Acc: 87.77%
[2025-05-29 16:19:14,478] INFO: Epoch 107 training completed
[2025-05-29 16:19:17,445] INFO: Test Loss: 0.5570 | Test Acc: 81.54%
[2025-05-29 16:19:17,946] INFO: Epoch 108 | Step 1/196 | Loss: 0.4055 | Acc: 87.50%
[2025-05-29 16:19:42,224] INFO: Epoch 108 | Step 101/196 | Loss: 0.3818 | Acc: 87.91%
[2025-05-29 16:20:05,199] INFO: Epoch 108 training completed
[2025-05-29 16:20:08,166] INFO: Test Loss: 0.5943 | Test Acc: 80.45%
[2025-05-29 16:20:08,678] INFO: Epoch 109 | Step 1/196 | Loss: 0.3707 | Acc: 88.67%
[2025-05-29 16:20:32,940] INFO: Epoch 109 | Step 101/196 | Loss: 0.3847 | Acc: 87.65%
[2025-05-29 16:20:55,842] INFO: Epoch 109 training completed
[2025-05-29 16:20:58,806] INFO: Test Loss: 0.5804 | Test Acc: 80.71%
[2025-05-29 16:20:59,310] INFO: Epoch 110 | Step 1/196 | Loss: 0.3596 | Acc: 89.06%
[2025-05-29 16:21:23,579] INFO: Epoch 110 | Step 101/196 | Loss: 0.3724 | Acc: 88.23%
[2025-05-29 16:21:46,480] INFO: Epoch 110 training completed
[2025-05-29 16:21:49,451] INFO: Test Loss: 0.5901 | Test Acc: 80.27%
[2025-05-29 16:21:50,055] INFO: Epoch 111 | Step 1/196 | Loss: 0.3779 | Acc: 87.89%
[2025-05-29 16:22:14,319] INFO: Epoch 111 | Step 101/196 | Loss: 0.3711 | Acc: 88.32%
[2025-05-29 16:22:37,221] INFO: Epoch 111 training completed
[2025-05-29 16:22:40,186] INFO: Test Loss: 0.6217 | Test Acc: 79.27%
[2025-05-29 16:22:40,692] INFO: Epoch 112 | Step 1/196 | Loss: 0.3112 | Acc: 90.62%
[2025-05-29 16:23:04,953] INFO: Epoch 112 | Step 101/196 | Loss: 0.3749 | Acc: 88.19%
[2025-05-29 16:23:27,887] INFO: Epoch 112 training completed
[2025-05-29 16:23:30,854] INFO: Test Loss: 0.8384 | Test Acc: 73.40%
[2025-05-29 16:23:31,358] INFO: Epoch 113 | Step 1/196 | Loss: 0.3993 | Acc: 87.11%
[2025-05-29 16:23:55,672] INFO: Epoch 113 | Step 101/196 | Loss: 0.3799 | Acc: 87.93%
[2025-05-29 16:24:18,572] INFO: Epoch 113 training completed
[2025-05-29 16:24:21,540] INFO: Test Loss: 0.5924 | Test Acc: 80.14%
[2025-05-29 16:24:22,054] INFO: Epoch 114 | Step 1/196 | Loss: 0.4594 | Acc: 85.94%
[2025-05-29 16:24:46,327] INFO: Epoch 114 | Step 101/196 | Loss: 0.3702 | Acc: 88.21%
[2025-05-29 16:25:09,228] INFO: Epoch 114 training completed
[2025-05-29 16:25:12,189] INFO: Test Loss: 0.5284 | Test Acc: 82.44%
[2025-05-29 16:25:12,693] INFO: Epoch 115 | Step 1/196 | Loss: 0.3597 | Acc: 88.67%
[2025-05-29 16:25:37,303] INFO: Epoch 115 | Step 101/196 | Loss: 0.3607 | Acc: 88.70%
[2025-05-29 16:26:00,495] INFO: Epoch 115 training completed
[2025-05-29 16:26:03,487] INFO: Test Loss: 0.6996 | Test Acc: 77.20%
[2025-05-29 16:26:03,976] INFO: Epoch 116 | Step 1/196 | Loss: 0.3672 | Acc: 88.67%
[2025-05-29 16:26:28,457] INFO: Epoch 116 | Step 101/196 | Loss: 0.3600 | Acc: 88.79%
[2025-05-29 16:26:51,561] INFO: Epoch 116 training completed
[2025-05-29 16:26:54,551] INFO: Test Loss: 0.6026 | Test Acc: 80.39%
[2025-05-29 16:26:55,041] INFO: Epoch 117 | Step 1/196 | Loss: 0.4086 | Acc: 86.33%
[2025-05-29 16:27:19,427] INFO: Epoch 117 | Step 101/196 | Loss: 0.3535 | Acc: 88.85%
[2025-05-29 16:27:42,336] INFO: Epoch 117 training completed
[2025-05-29 16:27:45,299] INFO: Test Loss: 0.4745 | Test Acc: 84.49%
[2025-05-29 16:27:45,417] INFO: New best accuracy: 84.49%, model saved.
[2025-05-29 16:27:45,922] INFO: Epoch 118 | Step 1/196 | Loss: 0.4386 | Acc: 85.55%
[2025-05-29 16:28:10,189] INFO: Epoch 118 | Step 101/196 | Loss: 0.3570 | Acc: 88.87%
[2025-05-29 16:28:33,089] INFO: Epoch 118 training completed
[2025-05-29 16:28:36,065] INFO: Test Loss: 0.7154 | Test Acc: 77.14%
[2025-05-29 16:28:36,580] INFO: Epoch 119 | Step 1/196 | Loss: 0.3508 | Acc: 89.45%
[2025-05-29 16:29:00,842] INFO: Epoch 119 | Step 101/196 | Loss: 0.3536 | Acc: 88.85%
[2025-05-29 16:29:23,747] INFO: Epoch 119 training completed
[2025-05-29 16:29:26,713] INFO: Test Loss: 0.5767 | Test Acc: 81.35%
[2025-05-29 16:29:27,215] INFO: Epoch 120 | Step 1/196 | Loss: 0.3143 | Acc: 92.97%
[2025-05-29 16:29:51,479] INFO: Epoch 120 | Step 101/196 | Loss: 0.3502 | Acc: 88.85%
[2025-05-29 16:30:14,383] INFO: Epoch 120 training completed
[2025-05-29 16:30:17,348] INFO: Test Loss: 0.6249 | Test Acc: 79.57%
[2025-05-29 16:30:17,860] INFO: Epoch 121 | Step 1/196 | Loss: 0.3743 | Acc: 88.28%
[2025-05-29 16:30:42,123] INFO: Epoch 121 | Step 101/196 | Loss: 0.3459 | Acc: 89.14%
[2025-05-29 16:31:05,021] INFO: Epoch 121 training completed
[2025-05-29 16:31:07,985] INFO: Test Loss: 0.6719 | Test Acc: 78.65%
[2025-05-29 16:31:08,496] INFO: Epoch 122 | Step 1/196 | Loss: 0.3489 | Acc: 90.62%
[2025-05-29 16:31:32,757] INFO: Epoch 122 | Step 101/196 | Loss: 0.3464 | Acc: 89.06%
[2025-05-29 16:31:55,670] INFO: Epoch 122 training completed
[2025-05-29 16:31:58,639] INFO: Test Loss: 0.8891 | Test Acc: 70.43%
[2025-05-29 16:31:59,139] INFO: Epoch 123 | Step 1/196 | Loss: 0.2781 | Acc: 91.80%
[2025-05-29 16:32:23,406] INFO: Epoch 123 | Step 101/196 | Loss: 0.3409 | Acc: 89.22%
[2025-05-29 16:32:46,314] INFO: Epoch 123 training completed
[2025-05-29 16:32:49,284] INFO: Test Loss: 0.9266 | Test Acc: 72.05%
[2025-05-29 16:32:49,786] INFO: Epoch 124 | Step 1/196 | Loss: 0.2685 | Acc: 91.41%
[2025-05-29 16:33:14,053] INFO: Epoch 124 | Step 101/196 | Loss: 0.3380 | Acc: 89.63%
[2025-05-29 16:33:36,953] INFO: Epoch 124 training completed
[2025-05-29 16:33:39,918] INFO: Test Loss: 0.5438 | Test Acc: 82.72%
[2025-05-29 16:33:40,429] INFO: Epoch 125 | Step 1/196 | Loss: 0.3376 | Acc: 89.45%
[2025-05-29 16:34:04,701] INFO: Epoch 125 | Step 101/196 | Loss: 0.3343 | Acc: 89.50%
[2025-05-29 16:34:27,617] INFO: Epoch 125 training completed
[2025-05-29 16:34:30,580] INFO: Test Loss: 0.8054 | Test Acc: 74.85%
[2025-05-29 16:34:31,185] INFO: Epoch 126 | Step 1/196 | Loss: 0.3380 | Acc: 88.28%
[2025-05-29 16:34:55,460] INFO: Epoch 126 | Step 101/196 | Loss: 0.3317 | Acc: 89.65%
[2025-05-29 16:35:18,378] INFO: Epoch 126 training completed
[2025-05-29 16:35:21,347] INFO: Test Loss: 0.4732 | Test Acc: 84.76%
[2025-05-29 16:35:21,462] INFO: New best accuracy: 84.76%, model saved.
[2025-05-29 16:35:21,961] INFO: Epoch 127 | Step 1/196 | Loss: 0.4028 | Acc: 86.33%
[2025-05-29 16:35:46,235] INFO: Epoch 127 | Step 101/196 | Loss: 0.3245 | Acc: 90.04%
[2025-05-29 16:36:09,145] INFO: Epoch 127 training completed
[2025-05-29 16:36:12,111] INFO: Test Loss: 0.6672 | Test Acc: 77.57%
[2025-05-29 16:36:12,616] INFO: Epoch 128 | Step 1/196 | Loss: 0.3412 | Acc: 89.45%
[2025-05-29 16:36:36,882] INFO: Epoch 128 | Step 101/196 | Loss: 0.3336 | Acc: 89.60%
[2025-05-29 16:36:59,787] INFO: Epoch 128 training completed
[2025-05-29 16:37:02,759] INFO: Test Loss: 0.7086 | Test Acc: 78.74%
[2025-05-29 16:37:03,263] INFO: Epoch 129 | Step 1/196 | Loss: 0.2667 | Acc: 92.58%
[2025-05-29 16:37:27,524] INFO: Epoch 129 | Step 101/196 | Loss: 0.3185 | Acc: 90.19%
[2025-05-29 16:37:50,436] INFO: Epoch 129 training completed
[2025-05-29 16:37:53,407] INFO: Test Loss: 0.5000 | Test Acc: 84.51%
[2025-05-29 16:37:54,005] INFO: Epoch 130 | Step 1/196 | Loss: 0.3528 | Acc: 87.50%
[2025-05-29 16:38:18,275] INFO: Epoch 130 | Step 101/196 | Loss: 0.3191 | Acc: 90.36%
[2025-05-29 16:38:41,180] INFO: Epoch 130 training completed
[2025-05-29 16:38:44,148] INFO: Test Loss: 0.4524 | Test Acc: 85.56%
[2025-05-29 16:38:44,266] INFO: New best accuracy: 85.56%, model saved.
[2025-05-29 16:38:44,768] INFO: Epoch 131 | Step 1/196 | Loss: 0.2810 | Acc: 90.23%
[2025-05-29 16:39:09,035] INFO: Epoch 131 | Step 101/196 | Loss: 0.3106 | Acc: 90.37%
[2025-05-29 16:39:31,935] INFO: Epoch 131 training completed
[2025-05-29 16:39:34,902] INFO: Test Loss: 0.7001 | Test Acc: 77.69%
[2025-05-29 16:39:35,404] INFO: Epoch 132 | Step 1/196 | Loss: 0.3362 | Acc: 88.28%
[2025-05-29 16:39:59,676] INFO: Epoch 132 | Step 101/196 | Loss: 0.3176 | Acc: 90.06%
[2025-05-29 16:40:22,579] INFO: Epoch 132 training completed
[2025-05-29 16:40:25,553] INFO: Test Loss: 0.6116 | Test Acc: 79.80%
[2025-05-29 16:40:26,044] INFO: Epoch 133 | Step 1/196 | Loss: 0.2664 | Acc: 92.58%
[2025-05-29 16:40:50,316] INFO: Epoch 133 | Step 101/196 | Loss: 0.3073 | Acc: 90.49%
[2025-05-29 16:41:13,293] INFO: Epoch 133 training completed
[2025-05-29 16:41:16,261] INFO: Test Loss: 0.5038 | Test Acc: 83.70%
[2025-05-29 16:41:16,760] INFO: Epoch 134 | Step 1/196 | Loss: 0.3140 | Acc: 91.02%
[2025-05-29 16:41:41,023] INFO: Epoch 134 | Step 101/196 | Loss: 0.3023 | Acc: 90.54%
[2025-05-29 16:42:03,929] INFO: Epoch 134 training completed
[2025-05-29 16:42:06,895] INFO: Test Loss: 0.5039 | Test Acc: 83.50%
[2025-05-29 16:42:07,394] INFO: Epoch 135 | Step 1/196 | Loss: 0.2724 | Acc: 91.80%
[2025-05-29 16:42:31,654] INFO: Epoch 135 | Step 101/196 | Loss: 0.2970 | Acc: 91.00%
[2025-05-29 16:42:54,557] INFO: Epoch 135 training completed
[2025-05-29 16:42:57,526] INFO: Test Loss: 0.5391 | Test Acc: 81.95%
[2025-05-29 16:42:58,032] INFO: Epoch 136 | Step 1/196 | Loss: 0.3101 | Acc: 91.02%
[2025-05-29 16:43:22,292] INFO: Epoch 136 | Step 101/196 | Loss: 0.2929 | Acc: 90.85%
[2025-05-29 16:43:45,200] INFO: Epoch 136 training completed
[2025-05-29 16:43:48,160] INFO: Test Loss: 0.4753 | Test Acc: 84.55%
[2025-05-29 16:43:48,660] INFO: Epoch 137 | Step 1/196 | Loss: 0.3351 | Acc: 89.06%
[2025-05-29 16:44:12,920] INFO: Epoch 137 | Step 101/196 | Loss: 0.2915 | Acc: 91.05%
[2025-05-29 16:44:35,825] INFO: Epoch 137 training completed
[2025-05-29 16:44:38,790] INFO: Test Loss: 0.5073 | Test Acc: 83.68%
[2025-05-29 16:44:39,293] INFO: Epoch 138 | Step 1/196 | Loss: 0.4113 | Acc: 85.94%
[2025-05-29 16:45:03,559] INFO: Epoch 138 | Step 101/196 | Loss: 0.2924 | Acc: 91.01%
[2025-05-29 16:45:26,455] INFO: Epoch 138 training completed
[2025-05-29 16:45:29,412] INFO: Test Loss: 0.4424 | Test Acc: 86.00%
[2025-05-29 16:45:29,529] INFO: New best accuracy: 86.00%, model saved.
[2025-05-29 16:45:30,027] INFO: Epoch 139 | Step 1/196 | Loss: 0.2571 | Acc: 91.80%
[2025-05-29 16:45:54,292] INFO: Epoch 139 | Step 101/196 | Loss: 0.2829 | Acc: 91.30%
[2025-05-29 16:46:17,185] INFO: Epoch 139 training completed
[2025-05-29 16:46:20,165] INFO: Test Loss: 0.4704 | Test Acc: 84.43%
[2025-05-29 16:46:20,663] INFO: Epoch 140 | Step 1/196 | Loss: 0.2755 | Acc: 93.75%
[2025-05-29 16:46:44,928] INFO: Epoch 140 | Step 101/196 | Loss: 0.2898 | Acc: 91.01%
[2025-05-29 16:47:07,826] INFO: Epoch 140 training completed
[2025-05-29 16:47:10,798] INFO: Test Loss: 0.4421 | Test Acc: 85.57%
[2025-05-29 16:47:11,312] INFO: Epoch 141 | Step 1/196 | Loss: 0.2706 | Acc: 90.23%
[2025-05-29 16:47:35,574] INFO: Epoch 141 | Step 101/196 | Loss: 0.2818 | Acc: 91.38%
[2025-05-29 16:47:58,468] INFO: Epoch 141 training completed
[2025-05-29 16:48:01,434] INFO: Test Loss: 0.4203 | Test Acc: 86.40%
[2025-05-29 16:48:01,551] INFO: New best accuracy: 86.40%, model saved.
[2025-05-29 16:48:02,056] INFO: Epoch 142 | Step 1/196 | Loss: 0.3745 | Acc: 87.89%
[2025-05-29 16:48:26,320] INFO: Epoch 142 | Step 101/196 | Loss: 0.2815 | Acc: 91.38%
[2025-05-29 16:48:49,214] INFO: Epoch 142 training completed
[2025-05-29 16:48:52,178] INFO: Test Loss: 0.4450 | Test Acc: 86.33%
[2025-05-29 16:48:52,683] INFO: Epoch 143 | Step 1/196 | Loss: 0.2061 | Acc: 93.36%
[2025-05-29 16:49:16,939] INFO: Epoch 143 | Step 101/196 | Loss: 0.2767 | Acc: 91.51%
[2025-05-29 16:49:39,851] INFO: Epoch 143 training completed
[2025-05-29 16:49:42,817] INFO: Test Loss: 0.5054 | Test Acc: 84.26%
[2025-05-29 16:49:43,323] INFO: Epoch 144 | Step 1/196 | Loss: 0.2662 | Acc: 92.58%
[2025-05-29 16:50:07,589] INFO: Epoch 144 | Step 101/196 | Loss: 0.2709 | Acc: 91.55%
[2025-05-29 16:50:30,488] INFO: Epoch 144 training completed
[2025-05-29 16:50:33,450] INFO: Test Loss: 0.4429 | Test Acc: 86.12%
[2025-05-29 16:50:33,950] INFO: Epoch 145 | Step 1/196 | Loss: 0.2076 | Acc: 94.14%
[2025-05-29 16:50:58,211] INFO: Epoch 145 | Step 101/196 | Loss: 0.2771 | Acc: 91.48%
[2025-05-29 16:51:21,111] INFO: Epoch 145 training completed
[2025-05-29 16:51:24,078] INFO: Test Loss: 0.6299 | Test Acc: 81.03%
[2025-05-29 16:51:24,590] INFO: Epoch 146 | Step 1/196 | Loss: 0.2963 | Acc: 91.41%
[2025-05-29 16:51:48,855] INFO: Epoch 146 | Step 101/196 | Loss: 0.2658 | Acc: 91.94%
[2025-05-29 16:52:11,756] INFO: Epoch 146 training completed
[2025-05-29 16:52:14,719] INFO: Test Loss: 0.4970 | Test Acc: 84.52%
[2025-05-29 16:52:15,213] INFO: Epoch 147 | Step 1/196 | Loss: 0.3112 | Acc: 92.19%
[2025-05-29 16:52:39,477] INFO: Epoch 147 | Step 101/196 | Loss: 0.2592 | Acc: 92.07%
[2025-05-29 16:53:02,377] INFO: Epoch 147 training completed
[2025-05-29 16:53:05,344] INFO: Test Loss: 0.4260 | Test Acc: 86.33%
[2025-05-29 16:53:05,855] INFO: Epoch 148 | Step 1/196 | Loss: 0.2177 | Acc: 94.53%
[2025-05-29 16:53:30,114] INFO: Epoch 148 | Step 101/196 | Loss: 0.2533 | Acc: 92.27%
[2025-05-29 16:53:53,017] INFO: Epoch 148 training completed
[2025-05-29 16:53:55,992] INFO: Test Loss: 0.3821 | Test Acc: 87.96%
[2025-05-29 16:53:56,111] INFO: New best accuracy: 87.96%, model saved.
[2025-05-29 16:53:56,613] INFO: Epoch 149 | Step 1/196 | Loss: 0.2649 | Acc: 91.80%
[2025-05-29 16:54:20,870] INFO: Epoch 149 | Step 101/196 | Loss: 0.2498 | Acc: 92.54%
[2025-05-29 16:54:43,787] INFO: Epoch 149 training completed
[2025-05-29 16:54:46,755] INFO: Test Loss: 0.3791 | Test Acc: 87.93%
[2025-05-29 16:54:47,284] INFO: Epoch 150 | Step 1/196 | Loss: 0.2504 | Acc: 92.19%
[2025-05-29 16:55:11,549] INFO: Epoch 150 | Step 101/196 | Loss: 0.2428 | Acc: 92.74%
[2025-05-29 16:55:34,449] INFO: Epoch 150 training completed
[2025-05-29 16:55:37,414] INFO: Test Loss: 0.3913 | Test Acc: 87.57%
[2025-05-29 16:55:37,913] INFO: Epoch 151 | Step 1/196 | Loss: 0.2895 | Acc: 91.41%
[2025-05-29 16:56:02,177] INFO: Epoch 151 | Step 101/196 | Loss: 0.2402 | Acc: 92.75%
[2025-05-29 16:56:25,073] INFO: Epoch 151 training completed
[2025-05-29 16:56:28,034] INFO: Test Loss: 0.3370 | Test Acc: 89.10%
[2025-05-29 16:56:28,149] INFO: New best accuracy: 89.10%, model saved.
[2025-05-29 16:56:28,746] INFO: Epoch 152 | Step 1/196 | Loss: 0.2049 | Acc: 92.97%
[2025-05-29 16:56:53,017] INFO: Epoch 152 | Step 101/196 | Loss: 0.2348 | Acc: 93.08%
[2025-05-29 16:57:15,918] INFO: Epoch 152 training completed
[2025-05-29 16:57:18,888] INFO: Test Loss: 0.3910 | Test Acc: 87.72%
[2025-05-29 16:57:19,394] INFO: Epoch 153 | Step 1/196 | Loss: 0.2509 | Acc: 91.80%
[2025-05-29 16:57:43,654] INFO: Epoch 153 | Step 101/196 | Loss: 0.2276 | Acc: 93.16%
[2025-05-29 16:58:06,551] INFO: Epoch 153 training completed
[2025-05-29 16:58:09,517] INFO: Test Loss: 0.3467 | Test Acc: 89.02%
[2025-05-29 16:58:10,024] INFO: Epoch 154 | Step 1/196 | Loss: 0.1649 | Acc: 94.92%
[2025-05-29 16:58:34,283] INFO: Epoch 154 | Step 101/196 | Loss: 0.2225 | Acc: 93.44%
[2025-05-29 16:58:57,178] INFO: Epoch 154 training completed
[2025-05-29 16:59:00,142] INFO: Test Loss: 0.3459 | Test Acc: 88.96%
[2025-05-29 16:59:00,647] INFO: Epoch 155 | Step 1/196 | Loss: 0.2132 | Acc: 95.31%
[2025-05-29 16:59:24,908] INFO: Epoch 155 | Step 101/196 | Loss: 0.2154 | Acc: 93.65%
[2025-05-29 16:59:47,803] INFO: Epoch 155 training completed
[2025-05-29 16:59:50,763] INFO: Test Loss: 0.3832 | Test Acc: 88.08%
[2025-05-29 16:59:51,277] INFO: Epoch 156 | Step 1/196 | Loss: 0.1718 | Acc: 94.53%
[2025-05-29 17:00:15,537] INFO: Epoch 156 | Step 101/196 | Loss: 0.2142 | Acc: 93.73%
[2025-05-29 17:00:38,436] INFO: Epoch 156 training completed
[2025-05-29 17:00:41,397] INFO: Test Loss: 0.4511 | Test Acc: 85.99%
[2025-05-29 17:00:41,889] INFO: Epoch 157 | Step 1/196 | Loss: 0.2025 | Acc: 94.53%
[2025-05-29 17:01:06,151] INFO: Epoch 157 | Step 101/196 | Loss: 0.2088 | Acc: 93.94%
[2025-05-29 17:01:29,054] INFO: Epoch 157 training completed
[2025-05-29 17:01:32,017] INFO: Test Loss: 0.3330 | Test Acc: 89.72%
[2025-05-29 17:01:32,144] INFO: New best accuracy: 89.72%, model saved.
[2025-05-29 17:01:32,644] INFO: Epoch 158 | Step 1/196 | Loss: 0.1896 | Acc: 94.53%
[2025-05-29 17:01:56,904] INFO: Epoch 158 | Step 101/196 | Loss: 0.2035 | Acc: 94.05%
[2025-05-29 17:02:19,801] INFO: Epoch 158 training completed
[2025-05-29 17:02:22,761] INFO: Test Loss: 0.3482 | Test Acc: 88.94%
[2025-05-29 17:02:23,267] INFO: Epoch 159 | Step 1/196 | Loss: 0.1807 | Acc: 94.14%
[2025-05-29 17:02:47,535] INFO: Epoch 159 | Step 101/196 | Loss: 0.2023 | Acc: 94.01%
[2025-05-29 17:03:10,424] INFO: Epoch 159 training completed
[2025-05-29 17:03:13,393] INFO: Test Loss: 0.3812 | Test Acc: 88.01%
[2025-05-29 17:03:13,885] INFO: Epoch 160 | Step 1/196 | Loss: 0.2025 | Acc: 94.92%
[2025-05-29 17:03:38,137] INFO: Epoch 160 | Step 101/196 | Loss: 0.1890 | Acc: 94.48%
[2025-05-29 17:04:01,033] INFO: Epoch 160 training completed
[2025-05-29 17:04:04,006] INFO: Test Loss: 0.3757 | Test Acc: 88.30%
[2025-05-29 17:04:04,508] INFO: Epoch 161 | Step 1/196 | Loss: 0.1451 | Acc: 95.31%
[2025-05-29 17:04:28,772] INFO: Epoch 161 | Step 101/196 | Loss: 0.1900 | Acc: 94.55%
[2025-05-29 17:04:51,693] INFO: Epoch 161 training completed
[2025-05-29 17:04:54,656] INFO: Test Loss: 0.4129 | Test Acc: 87.41%
[2025-05-29 17:04:55,157] INFO: Epoch 162 | Step 1/196 | Loss: 0.1550 | Acc: 94.53%
[2025-05-29 17:05:19,417] INFO: Epoch 162 | Step 101/196 | Loss: 0.1865 | Acc: 94.67%
[2025-05-29 17:05:42,314] INFO: Epoch 162 training completed
[2025-05-29 17:05:45,274] INFO: Test Loss: 0.3232 | Test Acc: 89.94%
[2025-05-29 17:05:45,483] INFO: New best accuracy: 89.94%, model saved.
[2025-05-29 17:05:45,986] INFO: Epoch 163 | Step 1/196 | Loss: 0.1817 | Acc: 94.53%
[2025-05-29 17:06:10,252] INFO: Epoch 163 | Step 101/196 | Loss: 0.1772 | Acc: 94.93%
[2025-05-29 17:06:33,150] INFO: Epoch 163 training completed
[2025-05-29 17:06:36,116] INFO: Test Loss: 0.3105 | Test Acc: 90.32%
[2025-05-29 17:06:36,235] INFO: New best accuracy: 90.32%, model saved.
[2025-05-29 17:06:36,734] INFO: Epoch 164 | Step 1/196 | Loss: 0.1211 | Acc: 97.66%
[2025-05-29 17:07:00,995] INFO: Epoch 164 | Step 101/196 | Loss: 0.1759 | Acc: 94.97%
[2025-05-29 17:07:23,893] INFO: Epoch 164 training completed
[2025-05-29 17:07:26,850] INFO: Test Loss: 0.3335 | Test Acc: 89.85%
[2025-05-29 17:07:27,364] INFO: Epoch 165 | Step 1/196 | Loss: 0.2068 | Acc: 93.75%
[2025-05-29 17:07:51,629] INFO: Epoch 165 | Step 101/196 | Loss: 0.1678 | Acc: 95.32%
[2025-05-29 17:08:14,519] INFO: Epoch 165 training completed
[2025-05-29 17:08:17,485] INFO: Test Loss: 0.3254 | Test Acc: 90.02%
[2025-05-29 17:08:17,990] INFO: Epoch 166 | Step 1/196 | Loss: 0.1265 | Acc: 96.48%
[2025-05-29 17:08:42,245] INFO: Epoch 166 | Step 101/196 | Loss: 0.1590 | Acc: 95.61%
[2025-05-29 17:09:05,145] INFO: Epoch 166 training completed
[2025-05-29 17:09:08,113] INFO: Test Loss: 0.3615 | Test Acc: 89.10%
[2025-05-29 17:09:08,619] INFO: Epoch 167 | Step 1/196 | Loss: 0.1683 | Acc: 94.92%
[2025-05-29 17:09:32,881] INFO: Epoch 167 | Step 101/196 | Loss: 0.1613 | Acc: 95.53%
[2025-05-29 17:09:55,774] INFO: Epoch 167 training completed
[2025-05-29 17:09:58,738] INFO: Test Loss: 0.3169 | Test Acc: 90.50%
[2025-05-29 17:09:58,855] INFO: New best accuracy: 90.50%, model saved.
[2025-05-29 17:09:59,356] INFO: Epoch 168 | Step 1/196 | Loss: 0.1057 | Acc: 97.27%
[2025-05-29 17:10:23,613] INFO: Epoch 168 | Step 101/196 | Loss: 0.1545 | Acc: 95.77%
[2025-05-29 17:10:46,514] INFO: Epoch 168 training completed
[2025-05-29 17:10:49,481] INFO: Test Loss: 0.3273 | Test Acc: 90.35%
[2025-05-29 17:10:49,985] INFO: Epoch 169 | Step 1/196 | Loss: 0.1918 | Acc: 94.53%
[2025-05-29 17:11:14,240] INFO: Epoch 169 | Step 101/196 | Loss: 0.1432 | Acc: 96.08%
[2025-05-29 17:11:37,129] INFO: Epoch 169 training completed
[2025-05-29 17:11:40,104] INFO: Test Loss: 0.3366 | Test Acc: 89.59%
[2025-05-29 17:11:40,599] INFO: Epoch 170 | Step 1/196 | Loss: 0.1183 | Acc: 97.27%
[2025-05-29 17:12:04,854] INFO: Epoch 170 | Step 101/196 | Loss: 0.1363 | Acc: 96.38%
[2025-05-29 17:12:27,753] INFO: Epoch 170 training completed
[2025-05-29 17:12:30,725] INFO: Test Loss: 0.2718 | Test Acc: 91.88%
[2025-05-29 17:12:30,840] INFO: New best accuracy: 91.88%, model saved.
[2025-05-29 17:12:31,343] INFO: Epoch 171 | Step 1/196 | Loss: 0.1562 | Acc: 94.92%
[2025-05-29 17:12:55,597] INFO: Epoch 171 | Step 101/196 | Loss: 0.1338 | Acc: 96.47%
[2025-05-29 17:13:18,488] INFO: Epoch 171 training completed
[2025-05-29 17:13:21,451] INFO: Test Loss: 0.3086 | Test Acc: 90.77%
[2025-05-29 17:13:21,955] INFO: Epoch 172 | Step 1/196 | Loss: 0.1199 | Acc: 97.66%
[2025-05-29 17:13:46,218] INFO: Epoch 172 | Step 101/196 | Loss: 0.1297 | Acc: 96.52%
[2025-05-29 17:14:09,118] INFO: Epoch 172 training completed
[2025-05-29 17:14:12,088] INFO: Test Loss: 0.2778 | Test Acc: 91.51%
[2025-05-29 17:14:12,597] INFO: Epoch 173 | Step 1/196 | Loss: 0.0736 | Acc: 98.44%
[2025-05-29 17:14:36,857] INFO: Epoch 173 | Step 101/196 | Loss: 0.1231 | Acc: 96.83%
[2025-05-29 17:14:59,756] INFO: Epoch 173 training completed
[2025-05-29 17:15:02,720] INFO: Test Loss: 0.2898 | Test Acc: 91.35%
[2025-05-29 17:15:03,219] INFO: Epoch 174 | Step 1/196 | Loss: 0.1746 | Acc: 94.92%
[2025-05-29 17:15:27,475] INFO: Epoch 174 | Step 101/196 | Loss: 0.1220 | Acc: 96.97%
[2025-05-29 17:15:50,369] INFO: Epoch 174 training completed
[2025-05-29 17:15:53,343] INFO: Test Loss: 0.2886 | Test Acc: 91.39%
[2025-05-29 17:15:53,853] INFO: Epoch 175 | Step 1/196 | Loss: 0.1179 | Acc: 95.70%
[2025-05-29 17:16:18,114] INFO: Epoch 175 | Step 101/196 | Loss: 0.1098 | Acc: 97.32%
[2025-05-29 17:16:41,008] INFO: Epoch 175 training completed
[2025-05-29 17:16:43,977] INFO: Test Loss: 0.2625 | Test Acc: 92.19%
[2025-05-29 17:16:44,098] INFO: New best accuracy: 92.19%, model saved.
[2025-05-29 17:16:44,594] INFO: Epoch 176 | Step 1/196 | Loss: 0.1481 | Acc: 96.48%
[2025-05-29 17:17:08,860] INFO: Epoch 176 | Step 101/196 | Loss: 0.1050 | Acc: 97.40%
[2025-05-29 17:17:31,760] INFO: Epoch 176 training completed
[2025-05-29 17:17:34,726] INFO: Test Loss: 0.2732 | Test Acc: 91.95%
[2025-05-29 17:17:35,231] INFO: Epoch 177 | Step 1/196 | Loss: 0.0670 | Acc: 99.22%
[2025-05-29 17:17:59,497] INFO: Epoch 177 | Step 101/196 | Loss: 0.0998 | Acc: 97.60%
[2025-05-29 17:18:22,407] INFO: Epoch 177 training completed
[2025-05-29 17:18:25,373] INFO: Test Loss: 0.2651 | Test Acc: 92.21%
[2025-05-29 17:18:25,489] INFO: New best accuracy: 92.21%, model saved.
[2025-05-29 17:18:25,989] INFO: Epoch 178 | Step 1/196 | Loss: 0.0994 | Acc: 97.27%
[2025-05-29 17:18:50,263] INFO: Epoch 178 | Step 101/196 | Loss: 0.0948 | Acc: 97.71%
[2025-05-29 17:19:13,167] INFO: Epoch 178 training completed
[2025-05-29 17:19:16,131] INFO: Test Loss: 0.2414 | Test Acc: 93.11%
[2025-05-29 17:19:16,250] INFO: New best accuracy: 93.11%, model saved.
[2025-05-29 17:19:16,742] INFO: Epoch 179 | Step 1/196 | Loss: 0.0846 | Acc: 97.66%
[2025-05-29 17:19:41,021] INFO: Epoch 179 | Step 101/196 | Loss: 0.0934 | Acc: 97.88%
[2025-05-29 17:20:03,915] INFO: Epoch 179 training completed
[2025-05-29 17:20:06,885] INFO: Test Loss: 0.2647 | Test Acc: 92.62%
[2025-05-29 17:20:07,400] INFO: Epoch 180 | Step 1/196 | Loss: 0.0765 | Acc: 98.83%
[2025-05-29 17:20:31,658] INFO: Epoch 180 | Step 101/196 | Loss: 0.0870 | Acc: 98.12%
[2025-05-29 17:20:54,553] INFO: Epoch 180 training completed
[2025-05-29 17:20:57,517] INFO: Test Loss: 0.2562 | Test Acc: 92.85%
[2025-05-29 17:20:58,117] INFO: Epoch 181 | Step 1/196 | Loss: 0.0686 | Acc: 99.22%
[2025-05-29 17:21:22,375] INFO: Epoch 181 | Step 101/196 | Loss: 0.0780 | Acc: 98.46%
[2025-05-29 17:21:45,265] INFO: Epoch 181 training completed
[2025-05-29 17:21:48,231] INFO: Test Loss: 0.2482 | Test Acc: 92.88%
[2025-05-29 17:21:48,742] INFO: Epoch 182 | Step 1/196 | Loss: 0.0598 | Acc: 99.61%
[2025-05-29 17:22:13,000] INFO: Epoch 182 | Step 101/196 | Loss: 0.0742 | Acc: 98.48%
[2025-05-29 17:22:35,906] INFO: Epoch 182 training completed
[2025-05-29 17:22:38,871] INFO: Test Loss: 0.2495 | Test Acc: 92.81%
[2025-05-29 17:22:39,379] INFO: Epoch 183 | Step 1/196 | Loss: 0.0572 | Acc: 99.22%
[2025-05-29 17:23:03,641] INFO: Epoch 183 | Step 101/196 | Loss: 0.0719 | Acc: 98.60%
[2025-05-29 17:23:26,547] INFO: Epoch 183 training completed
[2025-05-29 17:23:29,513] INFO: Test Loss: 0.2448 | Test Acc: 93.07%
[2025-05-29 17:23:30,019] INFO: Epoch 184 | Step 1/196 | Loss: 0.0418 | Acc: 99.61%
[2025-05-29 17:23:54,281] INFO: Epoch 184 | Step 101/196 | Loss: 0.0661 | Acc: 98.79%
[2025-05-29 17:24:17,185] INFO: Epoch 184 training completed
[2025-05-29 17:24:20,157] INFO: Test Loss: 0.2346 | Test Acc: 93.35%
[2025-05-29 17:24:20,363] INFO: New best accuracy: 93.35%, model saved.
[2025-05-29 17:24:20,867] INFO: Epoch 185 | Step 1/196 | Loss: 0.0569 | Acc: 99.22%
[2025-05-29 17:24:45,134] INFO: Epoch 185 | Step 101/196 | Loss: 0.0620 | Acc: 98.94%
[2025-05-29 17:25:08,029] INFO: Epoch 185 training completed
[2025-05-29 17:25:10,991] INFO: Test Loss: 0.2397 | Test Acc: 93.57%
[2025-05-29 17:25:11,107] INFO: New best accuracy: 93.57%, model saved.
[2025-05-29 17:25:11,593] INFO: Epoch 186 | Step 1/196 | Loss: 0.0507 | Acc: 99.22%
[2025-05-29 17:25:35,856] INFO: Epoch 186 | Step 101/196 | Loss: 0.0562 | Acc: 99.25%
[2025-05-29 17:25:58,766] INFO: Epoch 186 training completed
[2025-05-29 17:26:01,730] INFO: Test Loss: 0.2403 | Test Acc: 93.35%
[2025-05-29 17:26:02,231] INFO: Epoch 187 | Step 1/196 | Loss: 0.0506 | Acc: 99.61%
[2025-05-29 17:26:26,492] INFO: Epoch 187 | Step 101/196 | Loss: 0.0575 | Acc: 99.14%
[2025-05-29 17:26:49,383] INFO: Epoch 187 training completed
[2025-05-29 17:26:52,349] INFO: Test Loss: 0.2336 | Test Acc: 93.66%
[2025-05-29 17:26:52,465] INFO: New best accuracy: 93.66%, model saved.
[2025-05-29 17:26:52,972] INFO: Epoch 188 | Step 1/196 | Loss: 0.0474 | Acc: 99.61%
[2025-05-29 17:27:17,226] INFO: Epoch 188 | Step 101/196 | Loss: 0.0536 | Acc: 99.23%
[2025-05-29 17:27:40,114] INFO: Epoch 188 training completed
[2025-05-29 17:27:43,077] INFO: Test Loss: 0.2320 | Test Acc: 93.70%
[2025-05-29 17:27:43,196] INFO: New best accuracy: 93.70%, model saved.
[2025-05-29 17:27:43,702] INFO: Epoch 189 | Step 1/196 | Loss: 0.0470 | Acc: 99.22%
[2025-05-29 17:28:07,962] INFO: Epoch 189 | Step 101/196 | Loss: 0.0507 | Acc: 99.34%
[2025-05-29 17:28:30,859] INFO: Epoch 189 training completed
[2025-05-29 17:28:33,817] INFO: Test Loss: 0.2305 | Test Acc: 93.81%
[2025-05-29 17:28:33,933] INFO: New best accuracy: 93.81%, model saved.
[2025-05-29 17:28:34,441] INFO: Epoch 190 | Step 1/196 | Loss: 0.0544 | Acc: 98.83%
[2025-05-29 17:28:58,697] INFO: Epoch 190 | Step 101/196 | Loss: 0.0481 | Acc: 99.44%
[2025-05-29 17:29:21,595] INFO: Epoch 190 training completed
[2025-05-29 17:29:24,562] INFO: Test Loss: 0.2355 | Test Acc: 93.51%
[2025-05-29 17:29:25,059] INFO: Epoch 191 | Step 1/196 | Loss: 0.0368 | Acc: 99.61%
[2025-05-29 17:29:49,317] INFO: Epoch 191 | Step 101/196 | Loss: 0.0453 | Acc: 99.60%
[2025-05-29 17:30:12,214] INFO: Epoch 191 training completed
[2025-05-29 17:30:15,179] INFO: Test Loss: 0.2319 | Test Acc: 93.72%
[2025-05-29 17:30:15,681] INFO: Epoch 192 | Step 1/196 | Loss: 0.0456 | Acc: 99.61%
[2025-05-29 17:30:39,938] INFO: Epoch 192 | Step 101/196 | Loss: 0.0451 | Acc: 99.56%
[2025-05-29 17:31:02,829] INFO: Epoch 192 training completed
[2025-05-29 17:31:05,798] INFO: Test Loss: 0.2310 | Test Acc: 93.70%
[2025-05-29 17:31:06,300] INFO: Epoch 193 | Step 1/196 | Loss: 0.0375 | Acc: 100.00%
[2025-05-29 17:31:30,556] INFO: Epoch 193 | Step 101/196 | Loss: 0.0450 | Acc: 99.56%
[2025-05-29 17:31:53,460] INFO: Epoch 193 training completed
[2025-05-29 17:31:56,429] INFO: Test Loss: 0.2310 | Test Acc: 93.84%
[2025-05-29 17:31:56,547] INFO: New best accuracy: 93.84%, model saved.
[2025-05-29 17:31:57,047] INFO: Epoch 194 | Step 1/196 | Loss: 0.0285 | Acc: 100.00%
[2025-05-29 17:32:21,302] INFO: Epoch 194 | Step 101/196 | Loss: 0.0466 | Acc: 99.52%
[2025-05-29 17:32:44,203] INFO: Epoch 194 training completed
[2025-05-29 17:32:47,161] INFO: Test Loss: 0.2310 | Test Acc: 93.73%
[2025-05-29 17:32:47,671] INFO: Epoch 195 | Step 1/196 | Loss: 0.0329 | Acc: 100.00%
[2025-05-29 17:33:11,930] INFO: Epoch 195 | Step 101/196 | Loss: 0.0421 | Acc: 99.66%
[2025-05-29 17:33:34,828] INFO: Epoch 195 training completed
[2025-05-29 17:33:37,798] INFO: Test Loss: 0.2296 | Test Acc: 93.85%
[2025-05-29 17:33:37,913] INFO: New best accuracy: 93.85%, model saved.
[2025-05-29 17:33:38,414] INFO: Epoch 196 | Step 1/196 | Loss: 0.0573 | Acc: 99.22%
[2025-05-29 17:34:02,677] INFO: Epoch 196 | Step 101/196 | Loss: 0.0432 | Acc: 99.58%
[2025-05-29 17:34:25,581] INFO: Epoch 196 training completed
[2025-05-29 17:34:28,547] INFO: Test Loss: 0.2302 | Test Acc: 93.72%
[2025-05-29 17:34:29,044] INFO: Epoch 197 | Step 1/196 | Loss: 0.0676 | Acc: 99.22%
[2025-05-29 17:34:53,320] INFO: Epoch 197 | Step 101/196 | Loss: 0.0419 | Acc: 99.66%
[2025-05-29 17:35:16,215] INFO: Epoch 197 training completed
[2025-05-29 17:35:19,189] INFO: Test Loss: 0.2298 | Test Acc: 93.84%
[2025-05-29 17:35:19,697] INFO: Epoch 198 | Step 1/196 | Loss: 0.0484 | Acc: 99.61%
[2025-05-29 17:35:43,959] INFO: Epoch 198 | Step 101/196 | Loss: 0.0414 | Acc: 99.69%
[2025-05-29 17:36:06,859] INFO: Epoch 198 training completed
[2025-05-29 17:36:09,827] INFO: Test Loss: 0.2291 | Test Acc: 93.82%
[2025-05-29 17:36:10,321] INFO: Epoch 199 | Step 1/196 | Loss: 0.0506 | Acc: 99.61%
[2025-05-29 17:36:34,581] INFO: Epoch 199 | Step 101/196 | Loss: 0.0410 | Acc: 99.69%
[2025-05-29 17:36:57,479] INFO: Epoch 199 training completed
[2025-05-29 17:37:00,442] INFO: Test Loss: 0.2307 | Test Acc: 93.88%
[2025-05-29 17:37:00,560] INFO: New best accuracy: 93.88%, model saved.
[2025-05-29 17:37:01,080] INFO: Epoch 200 | Step 1/196 | Loss: 0.0676 | Acc: 98.83%
[2025-05-29 17:37:25,338] INFO: Epoch 200 | Step 101/196 | Loss: 0.0421 | Acc: 99.61%
[2025-05-29 17:37:48,237] INFO: Epoch 200 training completed
[2025-05-29 17:37:51,203] INFO: Test Loss: 0.2304 | Test Acc: 93.94%
[2025-05-29 17:37:51,321] INFO: New best accuracy: 93.94%, model saved.
[2025-05-29 17:37:51,493] INFO: Training complete. Best Test Accuracy: 93.94%
