[2025-05-28 14:54:14,469] INFO: Using device: cuda
[2025-05-28 14:54:46,052] INFO: Using device: cuda
[2025-05-28 14:54:46,052] INFO: Using GhostNetV3 with width 1.0
[2025-05-28 14:55:12,546] INFO: Epoch 1 | Step 1/196 | Loss: 3.9242 | Acc: 9.38%
[2025-05-28 14:55:22,800] INFO: Epoch 1 | Step 101/196 | Loss: 2.7855 | Acc: 12.56%
[2025-05-28 14:55:32,569] INFO: Epoch 1 training completed
[2025-05-28 14:55:55,817] INFO: Test Loss: 2.2170 | Test Acc: 17.01%
[2025-05-28 14:55:55,919] INFO: New best accuracy: 17.01%, model saved.
[2025-05-28 14:55:56,260] INFO: Epoch 2 | Step 1/196 | Loss: 2.1467 | Acc: 14.06%
[2025-05-28 14:56:06,482] INFO: Epoch 2 | Step 101/196 | Loss: 2.1756 | Acc: 18.03%
[2025-05-28 14:56:16,161] INFO: Epoch 2 training completed
[2025-05-28 14:56:17,336] INFO: Test Loss: 2.0438 | Test Acc: 22.70%
[2025-05-28 14:56:17,437] INFO: New best accuracy: 22.70%, model saved.
[2025-05-28 14:56:17,772] INFO: Epoch 3 | Step 1/196 | Loss: 2.0853 | Acc: 18.75%
[2025-05-28 14:56:28,065] INFO: Epoch 3 | Step 101/196 | Loss: 2.0088 | Acc: 24.32%
[2025-05-28 14:56:37,753] INFO: Epoch 3 training completed
[2025-05-28 14:56:38,943] INFO: Test Loss: 1.8787 | Test Acc: 30.00%
[2025-05-28 14:56:39,043] INFO: New best accuracy: 30.00%, model saved.
[2025-05-28 14:56:39,374] INFO: Epoch 4 | Step 1/196 | Loss: 1.8500 | Acc: 32.42%
[2025-05-28 14:56:49,676] INFO: Epoch 4 | Step 101/196 | Loss: 1.8776 | Acc: 29.02%
[2025-05-28 14:56:59,369] INFO: Epoch 4 training completed
[2025-05-28 14:57:00,556] INFO: Test Loss: 1.7868 | Test Acc: 32.82%
[2025-05-28 14:57:00,658] INFO: New best accuracy: 32.82%, model saved.
[2025-05-28 14:57:01,000] INFO: Epoch 5 | Step 1/196 | Loss: 1.7455 | Acc: 34.38%
[2025-05-28 14:57:11,241] INFO: Epoch 5 | Step 101/196 | Loss: 1.7778 | Acc: 33.08%
[2025-05-28 14:57:20,935] INFO: Epoch 5 training completed
[2025-05-28 14:57:22,113] INFO: Test Loss: 1.6995 | Test Acc: 36.59%
[2025-05-28 14:57:22,214] INFO: New best accuracy: 36.59%, model saved.
[2025-05-28 14:57:22,545] INFO: Epoch 6 | Step 1/196 | Loss: 1.7294 | Acc: 36.72%
[2025-05-28 14:57:32,812] INFO: Epoch 6 | Step 101/196 | Loss: 1.6943 | Acc: 36.50%
[2025-05-28 14:57:42,515] INFO: Epoch 6 training completed
[2025-05-28 14:57:43,699] INFO: Test Loss: 1.6084 | Test Acc: 40.80%
[2025-05-28 14:57:43,801] INFO: New best accuracy: 40.80%, model saved.
[2025-05-28 14:57:44,204] INFO: Epoch 7 | Step 1/196 | Loss: 1.5824 | Acc: 47.27%
[2025-05-28 14:57:54,450] INFO: Epoch 7 | Step 101/196 | Loss: 1.6241 | Acc: 39.97%
[2025-05-28 14:58:04,164] INFO: Epoch 7 training completed
[2025-05-28 14:58:05,348] INFO: Test Loss: 1.5756 | Test Acc: 42.06%
[2025-05-28 14:58:05,449] INFO: New best accuracy: 42.06%, model saved.
[2025-05-28 14:58:05,803] INFO: Epoch 8 | Step 1/196 | Loss: 1.5891 | Acc: 39.84%
[2025-05-28 14:58:16,059] INFO: Epoch 8 | Step 101/196 | Loss: 1.5541 | Acc: 42.93%
[2025-05-28 14:58:25,775] INFO: Epoch 8 training completed
[2025-05-28 14:58:26,956] INFO: Test Loss: 1.4967 | Test Acc: 44.84%
[2025-05-28 14:58:27,058] INFO: New best accuracy: 44.84%, model saved.
[2025-05-28 14:58:27,395] INFO: Epoch 9 | Step 1/196 | Loss: 1.5165 | Acc: 41.41%
[2025-05-28 14:58:37,646] INFO: Epoch 9 | Step 101/196 | Loss: 1.4896 | Acc: 45.71%
[2025-05-28 14:58:47,362] INFO: Epoch 9 training completed
[2025-05-28 14:58:48,547] INFO: Test Loss: 1.4181 | Test Acc: 48.31%
[2025-05-28 14:58:48,649] INFO: New best accuracy: 48.31%, model saved.
[2025-05-28 14:58:48,982] INFO: Epoch 10 | Step 1/196 | Loss: 1.4928 | Acc: 47.27%
[2025-05-28 14:58:59,283] INFO: Epoch 10 | Step 101/196 | Loss: 1.4327 | Acc: 47.80%
[2025-05-28 14:59:09,060] INFO: Epoch 10 training completed
[2025-05-28 14:59:10,263] INFO: Test Loss: 1.3738 | Test Acc: 49.95%
[2025-05-28 14:59:10,365] INFO: New best accuracy: 49.95%, model saved.
[2025-05-28 14:59:10,701] INFO: Epoch 11 | Step 1/196 | Loss: 1.4349 | Acc: 44.53%
[2025-05-28 14:59:20,984] INFO: Epoch 11 | Step 101/196 | Loss: 1.3795 | Acc: 49.61%
[2025-05-28 14:59:30,738] INFO: Epoch 11 training completed
[2025-05-28 14:59:31,930] INFO: Test Loss: 1.3190 | Test Acc: 51.79%
[2025-05-28 14:59:32,031] INFO: New best accuracy: 51.79%, model saved.
[2025-05-28 14:59:32,391] INFO: Epoch 12 | Step 1/196 | Loss: 1.2802 | Acc: 51.56%
[2025-05-28 14:59:42,672] INFO: Epoch 12 | Step 101/196 | Loss: 1.3242 | Acc: 51.81%
[2025-05-28 14:59:52,381] INFO: Epoch 12 training completed
[2025-05-28 14:59:53,559] INFO: Test Loss: 1.2727 | Test Acc: 53.54%
[2025-05-28 14:59:53,661] INFO: New best accuracy: 53.54%, model saved.
[2025-05-28 14:59:54,079] INFO: Epoch 13 | Step 1/196 | Loss: 1.1480 | Acc: 58.98%
[2025-05-28 15:00:04,390] INFO: Epoch 13 | Step 101/196 | Loss: 1.2703 | Acc: 54.15%
[2025-05-28 15:00:14,163] INFO: Epoch 13 training completed
[2025-05-28 15:00:15,350] INFO: Test Loss: 1.2235 | Test Acc: 55.32%
[2025-05-28 15:00:15,454] INFO: New best accuracy: 55.32%, model saved.
[2025-05-28 15:00:15,806] INFO: Epoch 14 | Step 1/196 | Loss: 1.1190 | Acc: 62.50%
[2025-05-28 15:00:26,069] INFO: Epoch 14 | Step 101/196 | Loss: 1.2149 | Acc: 56.02%
[2025-05-28 15:00:35,787] INFO: Epoch 14 training completed
[2025-05-28 15:00:36,980] INFO: Test Loss: 1.2296 | Test Acc: 55.43%
[2025-05-28 15:00:37,082] INFO: New best accuracy: 55.43%, model saved.
[2025-05-28 15:00:37,432] INFO: Epoch 15 | Step 1/196 | Loss: 1.0557 | Acc: 60.55%
[2025-05-28 15:00:47,701] INFO: Epoch 15 | Step 101/196 | Loss: 1.1526 | Acc: 58.85%
[2025-05-28 15:00:57,412] INFO: Epoch 15 training completed
[2025-05-28 15:00:58,626] INFO: Test Loss: 1.2026 | Test Acc: 56.73%
[2025-05-28 15:00:58,729] INFO: New best accuracy: 56.73%, model saved.
[2025-05-28 15:00:59,074] INFO: Epoch 16 | Step 1/196 | Loss: 1.1343 | Acc: 57.81%
[2025-05-28 15:01:09,332] INFO: Epoch 16 | Step 101/196 | Loss: 1.1033 | Acc: 60.02%
[2025-05-28 15:01:19,108] INFO: Epoch 16 training completed
[2025-05-28 15:01:20,298] INFO: Test Loss: 1.0882 | Test Acc: 60.82%
[2025-05-28 15:01:20,399] INFO: New best accuracy: 60.82%, model saved.
[2025-05-28 15:01:20,740] INFO: Epoch 17 | Step 1/196 | Loss: 1.2024 | Acc: 56.64%
[2025-05-28 15:01:31,010] INFO: Epoch 17 | Step 101/196 | Loss: 1.0535 | Acc: 62.18%
[2025-05-28 15:01:40,726] INFO: Epoch 17 training completed
[2025-05-28 15:01:41,925] INFO: Test Loss: 1.1234 | Test Acc: 59.98%
[2025-05-28 15:01:42,268] INFO: Epoch 18 | Step 1/196 | Loss: 1.0345 | Acc: 63.67%
[2025-05-28 15:01:52,567] INFO: Epoch 18 | Step 101/196 | Loss: 1.0183 | Acc: 63.71%
[2025-05-28 15:02:02,308] INFO: Epoch 18 training completed
[2025-05-28 15:02:03,496] INFO: Test Loss: 1.0182 | Test Acc: 63.63%
[2025-05-28 15:02:03,599] INFO: New best accuracy: 63.63%, model saved.
[2025-05-28 15:02:03,939] INFO: Epoch 19 | Step 1/196 | Loss: 0.9433 | Acc: 62.50%
[2025-05-28 15:02:14,220] INFO: Epoch 19 | Step 101/196 | Loss: 0.9752 | Acc: 65.19%
[2025-05-28 15:02:23,942] INFO: Epoch 19 training completed
[2025-05-28 15:02:25,127] INFO: Test Loss: 0.9645 | Test Acc: 65.61%
[2025-05-28 15:02:25,228] INFO: New best accuracy: 65.61%, model saved.
[2025-05-28 15:02:25,661] INFO: Epoch 20 | Step 1/196 | Loss: 1.0951 | Acc: 60.16%
[2025-05-28 15:02:35,989] INFO: Epoch 20 | Step 101/196 | Loss: 0.9203 | Acc: 67.35%
[2025-05-28 15:02:45,716] INFO: Epoch 20 training completed
[2025-05-28 15:02:46,901] INFO: Test Loss: 0.9398 | Test Acc: 66.27%
[2025-05-28 15:02:47,004] INFO: New best accuracy: 66.27%, model saved.
[2025-05-28 15:02:47,346] INFO: Epoch 21 | Step 1/196 | Loss: 0.8592 | Acc: 70.31%
[2025-05-28 15:02:57,631] INFO: Epoch 21 | Step 101/196 | Loss: 0.8938 | Acc: 68.34%
[2025-05-28 15:03:07,366] INFO: Epoch 21 training completed
[2025-05-28 15:03:08,556] INFO: Test Loss: 0.8812 | Test Acc: 68.57%
[2025-05-28 15:03:08,658] INFO: New best accuracy: 68.57%, model saved.
[2025-05-28 15:03:08,991] INFO: Epoch 22 | Step 1/196 | Loss: 0.7842 | Acc: 72.27%
[2025-05-28 15:03:19,292] INFO: Epoch 22 | Step 101/196 | Loss: 0.8428 | Acc: 70.12%
[2025-05-28 15:03:29,017] INFO: Epoch 22 training completed
[2025-05-28 15:03:30,223] INFO: Test Loss: 0.8869 | Test Acc: 68.46%
[2025-05-28 15:03:30,576] INFO: Epoch 23 | Step 1/196 | Loss: 0.8587 | Acc: 70.31%
[2025-05-28 15:03:40,867] INFO: Epoch 23 | Step 101/196 | Loss: 0.7976 | Acc: 71.89%
[2025-05-28 15:03:50,658] INFO: Epoch 23 training completed
[2025-05-28 15:03:51,842] INFO: Test Loss: 0.8414 | Test Acc: 70.65%
[2025-05-28 15:03:51,945] INFO: New best accuracy: 70.65%, model saved.
[2025-05-28 15:03:52,299] INFO: Epoch 24 | Step 1/196 | Loss: 0.7887 | Acc: 69.14%
[2025-05-28 15:04:02,593] INFO: Epoch 24 | Step 101/196 | Loss: 0.7781 | Acc: 72.66%
[2025-05-28 15:04:12,318] INFO: Epoch 24 training completed
[2025-05-28 15:04:13,504] INFO: Test Loss: 0.7978 | Test Acc: 72.04%
[2025-05-28 15:04:13,607] INFO: New best accuracy: 72.04%, model saved.
[2025-05-28 15:04:13,968] INFO: Epoch 25 | Step 1/196 | Loss: 0.7973 | Acc: 71.88%
[2025-05-28 15:04:24,278] INFO: Epoch 25 | Step 101/196 | Loss: 0.7410 | Acc: 73.99%
[2025-05-28 15:04:34,013] INFO: Epoch 25 training completed
[2025-05-28 15:04:35,204] INFO: Test Loss: 0.8136 | Test Acc: 71.34%
[2025-05-28 15:04:35,538] INFO: Epoch 26 | Step 1/196 | Loss: 0.6819 | Acc: 75.39%
[2025-05-28 15:04:45,826] INFO: Epoch 26 | Step 101/196 | Loss: 0.7097 | Acc: 75.48%
[2025-05-28 15:04:55,556] INFO: Epoch 26 training completed
[2025-05-28 15:04:56,740] INFO: Test Loss: 0.7175 | Test Acc: 75.18%
[2025-05-28 15:04:56,936] INFO: New best accuracy: 75.18%, model saved.
[2025-05-28 15:04:57,269] INFO: Epoch 27 | Step 1/196 | Loss: 0.6792 | Acc: 75.78%
[2025-05-28 15:05:07,587] INFO: Epoch 27 | Step 101/196 | Loss: 0.6789 | Acc: 76.61%
[2025-05-28 15:05:17,319] INFO: Epoch 27 training completed
[2025-05-28 15:05:18,531] INFO: Test Loss: 0.8548 | Test Acc: 70.63%
[2025-05-28 15:05:18,875] INFO: Epoch 28 | Step 1/196 | Loss: 0.6579 | Acc: 77.34%
[2025-05-28 15:05:29,173] INFO: Epoch 28 | Step 101/196 | Loss: 0.6526 | Acc: 77.82%
[2025-05-28 15:05:38,959] INFO: Epoch 28 training completed
[2025-05-28 15:05:40,150] INFO: Test Loss: 0.7059 | Test Acc: 76.43%
[2025-05-28 15:05:40,252] INFO: New best accuracy: 76.43%, model saved.
[2025-05-28 15:05:40,599] INFO: Epoch 29 | Step 1/196 | Loss: 0.7755 | Acc: 72.27%
[2025-05-28 15:05:50,891] INFO: Epoch 29 | Step 101/196 | Loss: 0.6354 | Acc: 78.65%
[2025-05-28 15:06:00,628] INFO: Epoch 29 training completed
[2025-05-28 15:06:01,821] INFO: Test Loss: 0.7318 | Test Acc: 74.50%
[2025-05-28 15:06:02,200] INFO: Epoch 30 | Step 1/196 | Loss: 0.6417 | Acc: 77.34%
[2025-05-28 15:06:12,477] INFO: Epoch 30 | Step 101/196 | Loss: 0.6215 | Acc: 78.70%
[2025-05-28 15:06:22,252] INFO: Epoch 30 training completed
[2025-05-28 15:06:23,444] INFO: Test Loss: 0.7344 | Test Acc: 75.31%
[2025-05-28 15:06:23,786] INFO: Epoch 31 | Step 1/196 | Loss: 0.5469 | Acc: 82.81%
[2025-05-28 15:06:34,098] INFO: Epoch 31 | Step 101/196 | Loss: 0.6088 | Acc: 79.28%
[2025-05-28 15:06:43,817] INFO: Epoch 31 training completed
[2025-05-28 15:06:45,006] INFO: Test Loss: 0.7764 | Test Acc: 72.74%
[2025-05-28 15:06:45,351] INFO: Epoch 32 | Step 1/196 | Loss: 0.5971 | Acc: 81.25%
[2025-05-28 15:06:55,653] INFO: Epoch 32 | Step 101/196 | Loss: 0.6095 | Acc: 79.22%
[2025-05-28 15:07:05,404] INFO: Epoch 32 training completed
[2025-05-28 15:07:06,592] INFO: Test Loss: 0.6874 | Test Acc: 76.49%
[2025-05-28 15:07:06,694] INFO: New best accuracy: 76.49%, model saved.
[2025-05-28 15:07:07,031] INFO: Epoch 33 | Step 1/196 | Loss: 0.4193 | Acc: 87.50%
[2025-05-28 15:07:17,310] INFO: Epoch 33 | Step 101/196 | Loss: 0.5955 | Acc: 79.89%
[2025-05-28 15:07:27,054] INFO: Epoch 33 training completed
[2025-05-28 15:07:28,244] INFO: Test Loss: 0.9367 | Test Acc: 67.83%
[2025-05-28 15:07:28,590] INFO: Epoch 34 | Step 1/196 | Loss: 0.6404 | Acc: 79.69%
[2025-05-28 15:07:38,886] INFO: Epoch 34 | Step 101/196 | Loss: 0.5975 | Acc: 79.96%
[2025-05-28 15:07:48,665] INFO: Epoch 34 training completed
[2025-05-28 15:07:49,870] INFO: Test Loss: 0.7125 | Test Acc: 76.59%
[2025-05-28 15:07:49,971] INFO: New best accuracy: 76.59%, model saved.
[2025-05-28 15:07:50,307] INFO: Epoch 35 | Step 1/196 | Loss: 0.6578 | Acc: 76.95%
[2025-05-28 15:08:00,582] INFO: Epoch 35 | Step 101/196 | Loss: 0.5892 | Acc: 80.22%
[2025-05-28 15:08:10,327] INFO: Epoch 35 training completed
[2025-05-28 15:08:11,517] INFO: Test Loss: 0.7265 | Test Acc: 75.88%
[2025-05-28 15:08:11,866] INFO: Epoch 36 | Step 1/196 | Loss: 0.6013 | Acc: 78.52%
[2025-05-28 15:08:22,149] INFO: Epoch 36 | Step 101/196 | Loss: 0.5839 | Acc: 80.98%
[2025-05-28 15:08:31,888] INFO: Epoch 36 training completed
[2025-05-28 15:08:33,128] INFO: Test Loss: 0.8149 | Test Acc: 72.30%
[2025-05-28 15:08:33,464] INFO: Epoch 37 | Step 1/196 | Loss: 0.5896 | Acc: 80.47%
[2025-05-28 15:08:43,754] INFO: Epoch 37 | Step 101/196 | Loss: 0.5914 | Acc: 80.34%
[2025-05-28 15:08:53,486] INFO: Epoch 37 training completed
[2025-05-28 15:08:54,682] INFO: Test Loss: 0.6611 | Test Acc: 77.80%
[2025-05-28 15:08:54,869] INFO: New best accuracy: 77.80%, model saved.
[2025-05-28 15:08:55,210] INFO: Epoch 38 | Step 1/196 | Loss: 0.5292 | Acc: 81.64%
[2025-05-28 15:09:05,503] INFO: Epoch 38 | Step 101/196 | Loss: 0.5805 | Acc: 80.69%
[2025-05-28 15:09:15,230] INFO: Epoch 38 training completed
[2025-05-28 15:09:16,421] INFO: Test Loss: 0.9929 | Test Acc: 67.05%
[2025-05-28 15:09:16,760] INFO: Epoch 39 | Step 1/196 | Loss: 0.6007 | Acc: 80.86%
[2025-05-28 15:09:27,053] INFO: Epoch 39 | Step 101/196 | Loss: 0.5852 | Acc: 80.47%
[2025-05-28 15:09:36,803] INFO: Epoch 39 training completed
[2025-05-28 15:09:37,991] INFO: Test Loss: 0.8127 | Test Acc: 72.02%
[2025-05-28 15:09:38,327] INFO: Epoch 40 | Step 1/196 | Loss: 0.6760 | Acc: 76.17%
[2025-05-28 15:09:48,610] INFO: Epoch 40 | Step 101/196 | Loss: 0.5839 | Acc: 80.75%
[2025-05-28 15:09:58,336] INFO: Epoch 40 training completed
[2025-05-28 15:09:59,530] INFO: Test Loss: 0.7777 | Test Acc: 74.36%
[2025-05-28 15:09:59,873] INFO: Epoch 41 | Step 1/196 | Loss: 0.5726 | Acc: 82.81%
[2025-05-28 15:10:10,157] INFO: Epoch 41 | Step 101/196 | Loss: 0.5769 | Acc: 80.92%
[2025-05-28 15:10:19,930] INFO: Epoch 41 training completed
[2025-05-28 15:10:21,116] INFO: Test Loss: 1.0552 | Test Acc: 64.36%
[2025-05-28 15:10:21,471] INFO: Epoch 42 | Step 1/196 | Loss: 0.5931 | Acc: 78.52%
[2025-05-28 15:10:31,778] INFO: Epoch 42 | Step 101/196 | Loss: 0.5751 | Acc: 81.19%
[2025-05-28 15:10:41,509] INFO: Epoch 42 training completed
[2025-05-28 15:10:42,700] INFO: Test Loss: 0.9244 | Test Acc: 68.18%
[2025-05-28 15:10:43,047] INFO: Epoch 43 | Step 1/196 | Loss: 0.6454 | Acc: 78.12%
[2025-05-28 15:10:53,328] INFO: Epoch 43 | Step 101/196 | Loss: 0.5950 | Acc: 80.35%
[2025-05-28 15:11:03,043] INFO: Epoch 43 training completed
[2025-05-28 15:11:04,241] INFO: Test Loss: 0.8926 | Test Acc: 69.89%
[2025-05-28 15:11:04,583] INFO: Epoch 44 | Step 1/196 | Loss: 0.6362 | Acc: 79.30%
[2025-05-28 15:11:14,879] INFO: Epoch 44 | Step 101/196 | Loss: 0.5886 | Acc: 80.36%
[2025-05-28 15:11:24,601] INFO: Epoch 44 training completed
[2025-05-28 15:11:25,802] INFO: Test Loss: 0.8183 | Test Acc: 72.16%
[2025-05-28 15:11:26,221] INFO: Epoch 45 | Step 1/196 | Loss: 0.6025 | Acc: 81.25%
[2025-05-28 15:11:36,624] INFO: Epoch 45 | Step 101/196 | Loss: 0.5902 | Acc: 80.55%
[2025-05-28 15:11:46,358] INFO: Epoch 45 training completed
[2025-05-28 15:11:47,544] INFO: Test Loss: 0.7935 | Test Acc: 73.64%
[2025-05-28 15:11:47,910] INFO: Epoch 46 | Step 1/196 | Loss: 0.6915 | Acc: 75.00%
[2025-05-28 15:11:58,206] INFO: Epoch 46 | Step 101/196 | Loss: 0.5841 | Acc: 80.75%
[2025-05-28 15:12:07,942] INFO: Epoch 46 training completed
[2025-05-28 15:12:09,125] INFO: Test Loss: 0.7972 | Test Acc: 73.20%
[2025-05-28 15:12:09,472] INFO: Epoch 47 | Step 1/196 | Loss: 0.6757 | Acc: 76.17%
[2025-05-28 15:12:19,786] INFO: Epoch 47 | Step 101/196 | Loss: 0.5856 | Acc: 80.94%
[2025-05-28 15:12:29,513] INFO: Epoch 47 training completed
[2025-05-28 15:12:30,706] INFO: Test Loss: 0.9507 | Test Acc: 68.00%
[2025-05-28 15:12:31,056] INFO: Epoch 48 | Step 1/196 | Loss: 0.6450 | Acc: 80.47%
[2025-05-28 15:12:41,362] INFO: Epoch 48 | Step 101/196 | Loss: 0.5803 | Acc: 80.84%
[2025-05-28 15:12:51,140] INFO: Epoch 48 training completed
[2025-05-28 15:12:52,335] INFO: Test Loss: 0.9725 | Test Acc: 67.60%
[2025-05-28 15:12:52,675] INFO: Epoch 49 | Step 1/196 | Loss: 0.6534 | Acc: 78.52%
[2025-05-28 15:13:02,972] INFO: Epoch 49 | Step 101/196 | Loss: 0.5836 | Acc: 80.81%
[2025-05-28 15:13:12,705] INFO: Epoch 49 training completed
[2025-05-28 15:13:13,897] INFO: Test Loss: 0.8944 | Test Acc: 69.55%
[2025-05-28 15:13:14,240] INFO: Epoch 50 | Step 1/196 | Loss: 0.5841 | Acc: 79.69%
[2025-05-28 15:13:24,527] INFO: Epoch 50 | Step 101/196 | Loss: 0.5846 | Acc: 80.72%
[2025-05-28 15:13:34,257] INFO: Epoch 50 training completed
[2025-05-28 15:13:35,441] INFO: Test Loss: 1.2012 | Test Acc: 62.16%
[2025-05-28 15:13:35,792] INFO: Epoch 51 | Step 1/196 | Loss: 0.5449 | Acc: 82.03%
[2025-05-28 15:13:46,078] INFO: Epoch 51 | Step 101/196 | Loss: 0.5651 | Acc: 81.73%
[2025-05-28 15:13:55,801] INFO: Epoch 51 training completed
[2025-05-28 15:13:56,998] INFO: Test Loss: 0.8627 | Test Acc: 71.69%
[2025-05-28 15:13:57,343] INFO: Epoch 52 | Step 1/196 | Loss: 0.5347 | Acc: 82.03%
[2025-05-28 15:14:07,638] INFO: Epoch 52 | Step 101/196 | Loss: 0.5724 | Acc: 81.28%
[2025-05-28 15:14:17,412] INFO: Epoch 52 training completed
[2025-05-28 15:14:18,606] INFO: Test Loss: 0.7978 | Test Acc: 73.02%
[2025-05-28 15:14:18,950] INFO: Epoch 53 | Step 1/196 | Loss: 0.5397 | Acc: 82.03%
[2025-05-28 15:14:29,215] INFO: Epoch 53 | Step 101/196 | Loss: 0.5688 | Acc: 81.39%
[2025-05-28 15:14:38,994] INFO: Epoch 53 training completed
[2025-05-28 15:14:40,182] INFO: Test Loss: 1.6602 | Test Acc: 50.88%
[2025-05-28 15:14:40,539] INFO: Epoch 54 | Step 1/196 | Loss: 0.5607 | Acc: 81.25%
[2025-05-28 15:14:50,852] INFO: Epoch 54 | Step 101/196 | Loss: 0.5708 | Acc: 81.18%
[2025-05-28 15:15:00,577] INFO: Epoch 54 training completed
[2025-05-28 15:15:01,772] INFO: Test Loss: 0.7222 | Test Acc: 75.72%
[2025-05-28 15:15:02,114] INFO: Epoch 55 | Step 1/196 | Loss: 0.5769 | Acc: 79.69%
[2025-05-28 15:15:12,452] INFO: Epoch 55 | Step 101/196 | Loss: 0.5662 | Acc: 81.48%
[2025-05-28 15:15:22,172] INFO: Epoch 55 training completed
[2025-05-28 15:15:23,351] INFO: Test Loss: 1.0552 | Test Acc: 65.01%
[2025-05-28 15:15:23,686] INFO: Epoch 56 | Step 1/196 | Loss: 0.6101 | Acc: 79.69%
[2025-05-28 15:15:34,026] INFO: Epoch 56 | Step 101/196 | Loss: 0.5643 | Acc: 81.65%
[2025-05-28 15:15:43,752] INFO: Epoch 56 training completed
[2025-05-28 15:15:44,935] INFO: Test Loss: 0.9395 | Test Acc: 69.11%
[2025-05-28 15:15:45,288] INFO: Epoch 57 | Step 1/196 | Loss: 0.5931 | Acc: 79.69%
[2025-05-28 15:15:55,566] INFO: Epoch 57 | Step 101/196 | Loss: 0.5603 | Acc: 81.49%
[2025-05-28 15:16:05,296] INFO: Epoch 57 training completed
[2025-05-28 15:16:06,486] INFO: Test Loss: 0.9500 | Test Acc: 68.01%
[2025-05-28 15:16:06,822] INFO: Epoch 58 | Step 1/196 | Loss: 0.5196 | Acc: 84.77%
[2025-05-28 15:16:17,143] INFO: Epoch 58 | Step 101/196 | Loss: 0.5599 | Acc: 81.98%
[2025-05-28 15:16:26,879] INFO: Epoch 58 training completed
[2025-05-28 15:16:28,068] INFO: Test Loss: 0.9966 | Test Acc: 66.65%
[2025-05-28 15:16:28,407] INFO: Epoch 59 | Step 1/196 | Loss: 0.6362 | Acc: 80.47%
[2025-05-28 15:16:38,693] INFO: Epoch 59 | Step 101/196 | Loss: 0.5762 | Acc: 81.08%
[2025-05-28 15:16:48,426] INFO: Epoch 59 training completed
[2025-05-28 15:16:49,616] INFO: Test Loss: 0.7932 | Test Acc: 73.34%
[2025-05-28 15:16:50,025] INFO: Epoch 60 | Step 1/196 | Loss: 0.6012 | Acc: 79.69%
[2025-05-28 15:17:00,327] INFO: Epoch 60 | Step 101/196 | Loss: 0.5652 | Acc: 81.43%
[2025-05-28 15:17:10,059] INFO: Epoch 60 training completed
[2025-05-28 15:17:11,254] INFO: Test Loss: 1.0699 | Test Acc: 64.54%
[2025-05-28 15:17:11,594] INFO: Epoch 61 | Step 1/196 | Loss: 0.6445 | Acc: 77.34%
[2025-05-28 15:17:21,866] INFO: Epoch 61 | Step 101/196 | Loss: 0.5732 | Acc: 81.22%
[2025-05-28 15:17:31,600] INFO: Epoch 61 training completed
[2025-05-28 15:17:32,784] INFO: Test Loss: 0.9310 | Test Acc: 69.57%
[2025-05-28 15:17:33,117] INFO: Epoch 62 | Step 1/196 | Loss: 0.6091 | Acc: 80.47%
[2025-05-28 15:17:43,483] INFO: Epoch 62 | Step 101/196 | Loss: 0.5665 | Acc: 81.48%
[2025-05-28 15:17:53,218] INFO: Epoch 62 training completed
[2025-05-28 15:17:54,408] INFO: Test Loss: 0.8104 | Test Acc: 73.54%
[2025-05-28 15:17:54,751] INFO: Epoch 63 | Step 1/196 | Loss: 0.5945 | Acc: 82.81%
[2025-05-28 15:18:05,037] INFO: Epoch 63 | Step 101/196 | Loss: 0.5618 | Acc: 81.65%
[2025-05-28 15:18:14,784] INFO: Epoch 63 training completed
[2025-05-28 15:18:15,975] INFO: Test Loss: 1.3736 | Test Acc: 60.74%
[2025-05-28 15:18:16,418] INFO: Epoch 64 | Step 1/196 | Loss: 0.6423 | Acc: 79.69%
[2025-05-28 15:18:26,700] INFO: Epoch 64 | Step 101/196 | Loss: 0.5636 | Acc: 81.51%
[2025-05-28 15:18:36,433] INFO: Epoch 64 training completed
[2025-05-28 15:18:37,623] INFO: Test Loss: 0.9023 | Test Acc: 70.21%
[2025-05-28 15:18:37,974] INFO: Epoch 65 | Step 1/196 | Loss: 0.5373 | Acc: 83.20%
[2025-05-28 15:18:48,269] INFO: Epoch 65 | Step 101/196 | Loss: 0.5557 | Acc: 81.90%
[2025-05-28 15:18:58,018] INFO: Epoch 65 training completed
[2025-05-28 15:18:59,208] INFO: Test Loss: 1.0891 | Test Acc: 65.36%
[2025-05-28 15:18:59,552] INFO: Epoch 66 | Step 1/196 | Loss: 0.5399 | Acc: 82.03%
[2025-05-28 15:19:09,858] INFO: Epoch 66 | Step 101/196 | Loss: 0.5604 | Acc: 81.53%
[2025-05-28 15:19:19,591] INFO: Epoch 66 training completed
[2025-05-28 15:19:20,783] INFO: Test Loss: 1.0956 | Test Acc: 65.60%
[2025-05-28 15:19:21,136] INFO: Epoch 67 | Step 1/196 | Loss: 0.5099 | Acc: 82.42%
[2025-05-28 15:19:31,462] INFO: Epoch 67 | Step 101/196 | Loss: 0.5579 | Acc: 81.91%
[2025-05-28 15:19:41,214] INFO: Epoch 67 training completed
[2025-05-28 15:19:42,398] INFO: Test Loss: 0.8951 | Test Acc: 70.62%
[2025-05-28 15:19:42,843] INFO: Epoch 68 | Step 1/196 | Loss: 0.6710 | Acc: 78.52%
[2025-05-28 15:19:53,126] INFO: Epoch 68 | Step 101/196 | Loss: 0.5532 | Acc: 81.97%
[2025-05-28 15:20:02,886] INFO: Epoch 68 training completed
[2025-05-28 15:20:04,079] INFO: Test Loss: 0.7943 | Test Acc: 73.80%
[2025-05-28 15:20:04,429] INFO: Epoch 69 | Step 1/196 | Loss: 0.5732 | Acc: 81.25%
[2025-05-28 15:20:14,722] INFO: Epoch 69 | Step 101/196 | Loss: 0.5531 | Acc: 81.88%
[2025-05-28 15:20:24,453] INFO: Epoch 69 training completed
[2025-05-28 15:20:25,652] INFO: Test Loss: 1.1492 | Test Acc: 63.30%
[2025-05-28 15:20:25,999] INFO: Epoch 70 | Step 1/196 | Loss: 0.5981 | Acc: 80.47%
[2025-05-28 15:20:36,292] INFO: Epoch 70 | Step 101/196 | Loss: 0.5548 | Acc: 81.73%
[2025-05-28 15:20:46,073] INFO: Epoch 70 training completed
[2025-05-28 15:20:47,273] INFO: Test Loss: 1.2009 | Test Acc: 60.46%
[2025-05-28 15:20:47,620] INFO: Epoch 71 | Step 1/196 | Loss: 0.6395 | Acc: 79.69%
[2025-05-28 15:20:57,935] INFO: Epoch 71 | Step 101/196 | Loss: 0.5509 | Acc: 81.79%
[2025-05-28 15:21:07,679] INFO: Epoch 71 training completed
[2025-05-28 15:21:08,865] INFO: Test Loss: 1.4575 | Test Acc: 52.00%
[2025-05-28 15:21:09,295] INFO: Epoch 72 | Step 1/196 | Loss: 0.6201 | Acc: 77.73%
[2025-05-28 15:21:19,583] INFO: Epoch 72 | Step 101/196 | Loss: 0.5463 | Acc: 81.95%
[2025-05-28 15:21:29,308] INFO: Epoch 72 training completed
[2025-05-28 15:21:30,493] INFO: Test Loss: 1.0254 | Test Acc: 66.88%
[2025-05-28 15:21:30,831] INFO: Epoch 73 | Step 1/196 | Loss: 0.5386 | Acc: 83.59%
[2025-05-28 15:21:41,126] INFO: Epoch 73 | Step 101/196 | Loss: 0.5455 | Acc: 82.52%
[2025-05-28 15:21:50,870] INFO: Epoch 73 training completed
[2025-05-28 15:21:52,060] INFO: Test Loss: 1.1071 | Test Acc: 65.62%
[2025-05-28 15:21:52,410] INFO: Epoch 74 | Step 1/196 | Loss: 0.5419 | Acc: 82.03%
[2025-05-28 15:22:02,693] INFO: Epoch 74 | Step 101/196 | Loss: 0.5402 | Acc: 82.24%
[2025-05-28 15:22:12,428] INFO: Epoch 74 training completed
[2025-05-28 15:22:13,609] INFO: Test Loss: 0.8504 | Test Acc: 71.38%
[2025-05-28 15:22:13,953] INFO: Epoch 75 | Step 1/196 | Loss: 0.4993 | Acc: 83.98%
[2025-05-28 15:22:24,241] INFO: Epoch 75 | Step 101/196 | Loss: 0.5526 | Acc: 81.87%
[2025-05-28 15:22:33,972] INFO: Epoch 75 training completed
[2025-05-28 15:22:35,160] INFO: Test Loss: 0.7164 | Test Acc: 75.34%
[2025-05-28 15:22:35,591] INFO: Epoch 76 | Step 1/196 | Loss: 0.6262 | Acc: 77.34%
[2025-05-28 15:22:45,893] INFO: Epoch 76 | Step 101/196 | Loss: 0.5373 | Acc: 82.36%
[2025-05-28 15:22:55,627] INFO: Epoch 76 training completed
[2025-05-28 15:22:56,812] INFO: Test Loss: 0.9058 | Test Acc: 70.18%
[2025-05-28 15:22:57,174] INFO: Epoch 77 | Step 1/196 | Loss: 0.5709 | Acc: 81.25%
[2025-05-28 15:23:07,477] INFO: Epoch 77 | Step 101/196 | Loss: 0.5315 | Acc: 82.72%
[2025-05-28 15:23:17,223] INFO: Epoch 77 training completed
[2025-05-28 15:23:18,412] INFO: Test Loss: 0.9186 | Test Acc: 70.33%
[2025-05-28 15:23:18,763] INFO: Epoch 78 | Step 1/196 | Loss: 0.5283 | Acc: 85.55%
[2025-05-28 15:23:29,065] INFO: Epoch 78 | Step 101/196 | Loss: 0.5313 | Acc: 82.67%
[2025-05-28 15:23:38,813] INFO: Epoch 78 training completed
[2025-05-28 15:23:40,022] INFO: Test Loss: 1.3186 | Test Acc: 58.11%
[2025-05-28 15:23:40,368] INFO: Epoch 79 | Step 1/196 | Loss: 0.6447 | Acc: 79.30%
[2025-05-28 15:23:50,666] INFO: Epoch 79 | Step 101/196 | Loss: 0.5365 | Acc: 82.41%
[2025-05-28 15:24:00,459] INFO: Epoch 79 training completed
[2025-05-28 15:24:01,660] INFO: Test Loss: 0.8913 | Test Acc: 68.90%
[2025-05-28 15:24:02,014] INFO: Epoch 80 | Step 1/196 | Loss: 0.5018 | Acc: 85.55%
[2025-05-28 15:24:12,308] INFO: Epoch 80 | Step 101/196 | Loss: 0.5311 | Acc: 82.65%
[2025-05-28 15:24:22,039] INFO: Epoch 80 training completed
[2025-05-28 15:24:23,225] INFO: Test Loss: 0.8472 | Test Acc: 70.82%
[2025-05-28 15:24:23,555] INFO: Epoch 81 | Step 1/196 | Loss: 0.5405 | Acc: 82.42%
[2025-05-28 15:24:33,846] INFO: Epoch 81 | Step 101/196 | Loss: 0.5363 | Acc: 82.43%
[2025-05-28 15:24:43,576] INFO: Epoch 81 training completed
[2025-05-28 15:24:44,764] INFO: Test Loss: 1.3396 | Test Acc: 57.07%
[2025-05-28 15:24:45,097] INFO: Epoch 82 | Step 1/196 | Loss: 0.6224 | Acc: 78.91%
[2025-05-28 15:24:55,383] INFO: Epoch 82 | Step 101/196 | Loss: 0.5423 | Acc: 82.46%
[2025-05-28 15:25:05,120] INFO: Epoch 82 training completed
[2025-05-28 15:25:06,304] INFO: Test Loss: 0.7706 | Test Acc: 74.31%
[2025-05-28 15:25:06,666] INFO: Epoch 83 | Step 1/196 | Loss: 0.5399 | Acc: 81.25%
[2025-05-28 15:25:17,003] INFO: Epoch 83 | Step 101/196 | Loss: 0.5379 | Acc: 82.60%
[2025-05-28 15:25:26,729] INFO: Epoch 83 training completed
[2025-05-28 15:25:27,919] INFO: Test Loss: 1.2764 | Test Acc: 58.45%
[2025-05-28 15:25:28,272] INFO: Epoch 84 | Step 1/196 | Loss: 0.6290 | Acc: 80.08%
[2025-05-28 15:25:38,574] INFO: Epoch 84 | Step 101/196 | Loss: 0.5415 | Acc: 82.34%
[2025-05-28 15:25:48,332] INFO: Epoch 84 training completed
[2025-05-28 15:25:49,518] INFO: Test Loss: 1.4115 | Test Acc: 58.01%
[2025-05-28 15:25:49,859] INFO: Epoch 85 | Step 1/196 | Loss: 0.5123 | Acc: 85.55%
[2025-05-28 15:26:00,166] INFO: Epoch 85 | Step 101/196 | Loss: 0.5293 | Acc: 82.50%
[2025-05-28 15:26:09,883] INFO: Epoch 85 training completed
[2025-05-28 15:26:11,069] INFO: Test Loss: 1.1184 | Test Acc: 61.89%
[2025-05-28 15:26:11,416] INFO: Epoch 86 | Step 1/196 | Loss: 0.5046 | Acc: 85.16%
[2025-05-28 15:26:21,713] INFO: Epoch 86 | Step 101/196 | Loss: 0.5234 | Acc: 82.79%
[2025-05-28 15:26:31,449] INFO: Epoch 86 training completed
[2025-05-28 15:26:32,640] INFO: Test Loss: 0.8944 | Test Acc: 70.93%
[2025-05-28 15:26:33,088] INFO: Epoch 87 | Step 1/196 | Loss: 0.5321 | Acc: 82.03%
[2025-05-28 15:26:43,423] INFO: Epoch 87 | Step 101/196 | Loss: 0.5268 | Acc: 82.81%
[2025-05-28 15:26:53,152] INFO: Epoch 87 training completed
[2025-05-28 15:26:54,337] INFO: Test Loss: 0.7255 | Test Acc: 75.40%
[2025-05-28 15:26:54,673] INFO: Epoch 88 | Step 1/196 | Loss: 0.4949 | Acc: 84.38%
[2025-05-28 15:27:04,957] INFO: Epoch 88 | Step 101/196 | Loss: 0.5149 | Acc: 83.36%
[2025-05-28 15:27:14,686] INFO: Epoch 88 training completed
[2025-05-28 15:27:15,885] INFO: Test Loss: 0.9063 | Test Acc: 69.68%
[2025-05-28 15:27:16,246] INFO: Epoch 89 | Step 1/196 | Loss: 0.6263 | Acc: 80.86%
[2025-05-28 15:27:26,528] INFO: Epoch 89 | Step 101/196 | Loss: 0.5225 | Acc: 83.03%
[2025-05-28 15:27:36,286] INFO: Epoch 89 training completed
[2025-05-28 15:27:37,479] INFO: Test Loss: 1.0201 | Test Acc: 68.02%
[2025-05-28 15:27:37,835] INFO: Epoch 90 | Step 1/196 | Loss: 0.6300 | Acc: 79.69%
[2025-05-28 15:27:48,138] INFO: Epoch 90 | Step 101/196 | Loss: 0.5315 | Acc: 82.58%
[2025-05-28 15:27:57,866] INFO: Epoch 90 training completed
[2025-05-28 15:27:59,065] INFO: Test Loss: 0.7953 | Test Acc: 73.43%
[2025-05-28 15:27:59,508] INFO: Epoch 91 | Step 1/196 | Loss: 0.4810 | Acc: 83.59%
[2025-05-28 15:28:09,807] INFO: Epoch 91 | Step 101/196 | Loss: 0.5188 | Acc: 83.07%
[2025-05-28 15:28:19,557] INFO: Epoch 91 training completed
[2025-05-28 15:28:20,756] INFO: Test Loss: 0.8126 | Test Acc: 73.37%
[2025-05-28 15:28:21,103] INFO: Epoch 92 | Step 1/196 | Loss: 0.5351 | Acc: 82.81%
[2025-05-28 15:28:31,404] INFO: Epoch 92 | Step 101/196 | Loss: 0.5242 | Acc: 82.94%
[2025-05-28 15:28:41,138] INFO: Epoch 92 training completed
[2025-05-28 15:28:42,327] INFO: Test Loss: 0.8402 | Test Acc: 72.54%
[2025-05-28 15:28:42,673] INFO: Epoch 93 | Step 1/196 | Loss: 0.4703 | Acc: 84.77%
[2025-05-28 15:28:52,984] INFO: Epoch 93 | Step 101/196 | Loss: 0.5175 | Acc: 82.98%
[2025-05-28 15:29:02,732] INFO: Epoch 93 training completed
[2025-05-28 15:29:03,921] INFO: Test Loss: 0.7547 | Test Acc: 75.10%
[2025-05-28 15:29:04,263] INFO: Epoch 94 | Step 1/196 | Loss: 0.4854 | Acc: 85.16%
[2025-05-28 15:29:14,540] INFO: Epoch 94 | Step 101/196 | Loss: 0.5011 | Acc: 83.63%
[2025-05-28 15:29:24,282] INFO: Epoch 94 training completed
[2025-05-28 15:29:25,482] INFO: Test Loss: 0.7461 | Test Acc: 74.73%
[2025-05-28 15:29:25,910] INFO: Epoch 95 | Step 1/196 | Loss: 0.5340 | Acc: 80.86%
[2025-05-28 15:29:36,193] INFO: Epoch 95 | Step 101/196 | Loss: 0.5073 | Acc: 83.78%
[2025-05-28 15:29:45,980] INFO: Epoch 95 training completed
[2025-05-28 15:29:47,181] INFO: Test Loss: 0.8294 | Test Acc: 72.43%
[2025-05-28 15:29:47,526] INFO: Epoch 96 | Step 1/196 | Loss: 0.5415 | Acc: 83.98%
[2025-05-28 15:29:57,819] INFO: Epoch 96 | Step 101/196 | Loss: 0.5047 | Acc: 83.57%
[2025-05-28 15:30:07,573] INFO: Epoch 96 training completed
[2025-05-28 15:30:08,764] INFO: Test Loss: 0.7821 | Test Acc: 73.58%
[2025-05-28 15:30:09,106] INFO: Epoch 97 | Step 1/196 | Loss: 0.5530 | Acc: 83.20%
[2025-05-28 15:30:19,438] INFO: Epoch 97 | Step 101/196 | Loss: 0.5099 | Acc: 83.21%
[2025-05-28 15:30:29,176] INFO: Epoch 97 training completed
[2025-05-28 15:30:30,363] INFO: Test Loss: 0.9573 | Test Acc: 68.78%
[2025-05-28 15:30:30,701] INFO: Epoch 98 | Step 1/196 | Loss: 0.5739 | Acc: 80.47%
[2025-05-28 15:30:41,013] INFO: Epoch 98 | Step 101/196 | Loss: 0.4985 | Acc: 83.81%
[2025-05-28 15:30:50,797] INFO: Epoch 98 training completed
[2025-05-28 15:30:51,994] INFO: Test Loss: 0.8867 | Test Acc: 70.65%
[2025-05-28 15:30:52,328] INFO: Epoch 99 | Step 1/196 | Loss: 0.5501 | Acc: 78.52%
[2025-05-28 15:31:02,633] INFO: Epoch 99 | Step 101/196 | Loss: 0.5035 | Acc: 83.75%
[2025-05-28 15:31:12,394] INFO: Epoch 99 training completed
[2025-05-28 15:31:13,583] INFO: Test Loss: 0.6791 | Test Acc: 77.97%
[2025-05-28 15:31:13,688] INFO: New best accuracy: 77.97%, model saved.
[2025-05-28 15:31:14,028] INFO: Epoch 100 | Step 1/196 | Loss: 0.6025 | Acc: 80.86%
[2025-05-28 15:31:24,333] INFO: Epoch 100 | Step 101/196 | Loss: 0.5022 | Acc: 83.70%
[2025-05-28 15:31:34,088] INFO: Epoch 100 training completed
[2025-05-28 15:31:35,278] INFO: Test Loss: 0.7815 | Test Acc: 73.56%
[2025-05-28 15:31:35,620] INFO: Epoch 101 | Step 1/196 | Loss: 0.5265 | Acc: 82.81%
[2025-05-28 15:31:45,902] INFO: Epoch 101 | Step 101/196 | Loss: 0.4969 | Acc: 84.04%
[2025-05-28 15:31:55,633] INFO: Epoch 101 training completed
[2025-05-28 15:31:56,831] INFO: Test Loss: 0.9191 | Test Acc: 68.47%
[2025-05-28 15:31:57,179] INFO: Epoch 102 | Step 1/196 | Loss: 0.5655 | Acc: 82.03%
[2025-05-28 15:32:07,534] INFO: Epoch 102 | Step 101/196 | Loss: 0.4963 | Acc: 83.80%
[2025-05-28 15:32:17,270] INFO: Epoch 102 training completed
[2025-05-28 15:32:18,468] INFO: Test Loss: 0.9327 | Test Acc: 68.67%
[2025-05-28 15:32:18,819] INFO: Epoch 103 | Step 1/196 | Loss: 0.4592 | Acc: 83.20%
[2025-05-28 15:32:29,099] INFO: Epoch 103 | Step 101/196 | Loss: 0.4867 | Acc: 84.20%
[2025-05-28 15:32:38,839] INFO: Epoch 103 training completed
[2025-05-28 15:32:40,048] INFO: Test Loss: 0.7004 | Test Acc: 76.91%
[2025-05-28 15:32:40,403] INFO: Epoch 104 | Step 1/196 | Loss: 0.4107 | Acc: 87.11%
[2025-05-28 15:32:50,736] INFO: Epoch 104 | Step 101/196 | Loss: 0.5015 | Acc: 83.84%
[2025-05-28 15:33:00,494] INFO: Epoch 104 training completed
[2025-05-28 15:33:01,704] INFO: Test Loss: 0.8124 | Test Acc: 72.36%
[2025-05-28 15:33:02,052] INFO: Epoch 105 | Step 1/196 | Loss: 0.5336 | Acc: 82.03%
[2025-05-28 15:33:12,342] INFO: Epoch 105 | Step 101/196 | Loss: 0.4935 | Acc: 84.12%
[2025-05-28 15:33:22,076] INFO: Epoch 105 training completed
[2025-05-28 15:33:23,262] INFO: Test Loss: 0.7483 | Test Acc: 75.06%
[2025-05-28 15:33:23,708] INFO: Epoch 106 | Step 1/196 | Loss: 0.4871 | Acc: 82.03%
[2025-05-28 15:33:34,022] INFO: Epoch 106 | Step 101/196 | Loss: 0.4830 | Acc: 84.10%
[2025-05-28 15:33:43,763] INFO: Epoch 106 training completed
[2025-05-28 15:33:44,958] INFO: Test Loss: 0.6642 | Test Acc: 77.37%
[2025-05-28 15:33:45,308] INFO: Epoch 107 | Step 1/196 | Loss: 0.4371 | Acc: 85.55%
[2025-05-28 15:33:55,610] INFO: Epoch 107 | Step 101/196 | Loss: 0.4904 | Acc: 84.16%
[2025-05-28 15:34:05,367] INFO: Epoch 107 training completed
[2025-05-28 15:34:06,556] INFO: Test Loss: 0.7480 | Test Acc: 75.44%
[2025-05-28 15:34:06,899] INFO: Epoch 108 | Step 1/196 | Loss: 0.5201 | Acc: 83.59%
[2025-05-28 15:34:17,203] INFO: Epoch 108 | Step 101/196 | Loss: 0.4879 | Acc: 84.07%
[2025-05-28 15:34:26,950] INFO: Epoch 108 training completed
[2025-05-28 15:34:28,146] INFO: Test Loss: 0.8691 | Test Acc: 72.18%
[2025-05-28 15:34:28,503] INFO: Epoch 109 | Step 1/196 | Loss: 0.4508 | Acc: 85.94%
[2025-05-28 15:34:38,803] INFO: Epoch 109 | Step 101/196 | Loss: 0.4818 | Acc: 84.34%
[2025-05-28 15:34:48,541] INFO: Epoch 109 training completed
[2025-05-28 15:34:49,730] INFO: Test Loss: 1.0823 | Test Acc: 66.49%
[2025-05-28 15:34:50,195] INFO: Epoch 110 | Step 1/196 | Loss: 0.4398 | Acc: 86.72%
[2025-05-28 15:35:00,482] INFO: Epoch 110 | Step 101/196 | Loss: 0.4778 | Acc: 84.43%
[2025-05-28 15:35:10,221] INFO: Epoch 110 training completed
[2025-05-28 15:35:11,409] INFO: Test Loss: 0.6826 | Test Acc: 77.21%
[2025-05-28 15:35:11,760] INFO: Epoch 111 | Step 1/196 | Loss: 0.4541 | Acc: 84.77%
[2025-05-28 15:35:22,054] INFO: Epoch 111 | Step 101/196 | Loss: 0.4764 | Acc: 84.51%
[2025-05-28 15:35:31,799] INFO: Epoch 111 training completed
[2025-05-28 15:35:32,989] INFO: Test Loss: 0.7623 | Test Acc: 74.49%
[2025-05-28 15:35:33,325] INFO: Epoch 112 | Step 1/196 | Loss: 0.5009 | Acc: 82.42%
[2025-05-28 15:35:43,637] INFO: Epoch 112 | Step 101/196 | Loss: 0.4694 | Acc: 84.92%
[2025-05-28 15:35:53,429] INFO: Epoch 112 training completed
[2025-05-28 15:35:54,615] INFO: Test Loss: 0.6721 | Test Acc: 76.71%
[2025-05-28 15:35:54,959] INFO: Epoch 113 | Step 1/196 | Loss: 0.5517 | Acc: 82.81%
[2025-05-28 15:36:05,252] INFO: Epoch 113 | Step 101/196 | Loss: 0.4753 | Acc: 84.63%
[2025-05-28 15:36:14,993] INFO: Epoch 113 training completed
[2025-05-28 15:36:16,199] INFO: Test Loss: 0.7537 | Test Acc: 75.17%
[2025-05-28 15:36:16,631] INFO: Epoch 114 | Step 1/196 | Loss: 0.4831 | Acc: 83.98%
[2025-05-28 15:36:26,928] INFO: Epoch 114 | Step 101/196 | Loss: 0.4732 | Acc: 84.80%
[2025-05-28 15:36:36,666] INFO: Epoch 114 training completed
[2025-05-28 15:36:37,859] INFO: Test Loss: 0.7325 | Test Acc: 76.58%
[2025-05-28 15:36:38,222] INFO: Epoch 115 | Step 1/196 | Loss: 0.5139 | Acc: 84.38%
[2025-05-28 15:36:48,525] INFO: Epoch 115 | Step 101/196 | Loss: 0.4715 | Acc: 84.59%
[2025-05-28 15:36:58,268] INFO: Epoch 115 training completed
[2025-05-28 15:36:59,461] INFO: Test Loss: 0.7707 | Test Acc: 75.31%
[2025-05-28 15:36:59,802] INFO: Epoch 116 | Step 1/196 | Loss: 0.4997 | Acc: 84.77%
[2025-05-28 15:37:10,101] INFO: Epoch 116 | Step 101/196 | Loss: 0.4660 | Acc: 85.01%
[2025-05-28 15:37:19,840] INFO: Epoch 116 training completed
[2025-05-28 15:37:21,024] INFO: Test Loss: 0.6666 | Test Acc: 77.70%
[2025-05-28 15:37:21,376] INFO: Epoch 117 | Step 1/196 | Loss: 0.4250 | Acc: 86.72%
[2025-05-28 15:37:31,672] INFO: Epoch 117 | Step 101/196 | Loss: 0.4538 | Acc: 85.31%
[2025-05-28 15:37:41,470] INFO: Epoch 117 training completed
[2025-05-28 15:37:42,678] INFO: Test Loss: 0.6247 | Test Acc: 79.48%
[2025-05-28 15:37:42,780] INFO: New best accuracy: 79.48%, model saved.
[2025-05-28 15:37:43,112] INFO: Epoch 118 | Step 1/196 | Loss: 0.5193 | Acc: 83.20%
[2025-05-28 15:37:53,426] INFO: Epoch 118 | Step 101/196 | Loss: 0.4578 | Acc: 85.13%
[2025-05-28 15:38:03,147] INFO: Epoch 118 training completed
[2025-05-28 15:38:04,335] INFO: Test Loss: 0.6627 | Test Acc: 77.01%
[2025-05-28 15:38:04,703] INFO: Epoch 119 | Step 1/196 | Loss: 0.3944 | Acc: 87.11%
[2025-05-28 15:38:15,011] INFO: Epoch 119 | Step 101/196 | Loss: 0.4588 | Acc: 85.24%
[2025-05-28 15:38:24,760] INFO: Epoch 119 training completed
[2025-05-28 15:38:25,947] INFO: Test Loss: 1.1873 | Test Acc: 63.49%
[2025-05-28 15:38:26,291] INFO: Epoch 120 | Step 1/196 | Loss: 0.4392 | Acc: 85.94%
[2025-05-28 15:38:36,609] INFO: Epoch 120 | Step 101/196 | Loss: 0.4576 | Acc: 85.14%
[2025-05-28 15:38:46,361] INFO: Epoch 120 training completed
[2025-05-28 15:38:47,562] INFO: Test Loss: 0.7699 | Test Acc: 74.17%
[2025-05-28 15:38:47,897] INFO: Epoch 121 | Step 1/196 | Loss: 0.4250 | Acc: 85.55%
[2025-05-28 15:38:58,247] INFO: Epoch 121 | Step 101/196 | Loss: 0.4534 | Acc: 85.35%
[2025-05-28 15:39:07,984] INFO: Epoch 121 training completed
[2025-05-28 15:39:09,176] INFO: Test Loss: 0.6675 | Test Acc: 77.66%
[2025-05-28 15:39:09,516] INFO: Epoch 122 | Step 1/196 | Loss: 0.5217 | Acc: 83.59%
[2025-05-28 15:39:19,824] INFO: Epoch 122 | Step 101/196 | Loss: 0.4467 | Acc: 85.50%
[2025-05-28 15:39:29,570] INFO: Epoch 122 training completed
[2025-05-28 15:39:30,760] INFO: Test Loss: 0.8966 | Test Acc: 70.78%
[2025-05-28 15:39:31,116] INFO: Epoch 123 | Step 1/196 | Loss: 0.4666 | Acc: 83.20%
[2025-05-28 15:39:41,420] INFO: Epoch 123 | Step 101/196 | Loss: 0.4382 | Acc: 85.83%
[2025-05-28 15:39:51,172] INFO: Epoch 123 training completed
[2025-05-28 15:39:52,361] INFO: Test Loss: 0.6213 | Test Acc: 79.75%
[2025-05-28 15:39:52,464] INFO: New best accuracy: 79.75%, model saved.
[2025-05-28 15:39:52,804] INFO: Epoch 124 | Step 1/196 | Loss: 0.4318 | Acc: 84.38%
[2025-05-28 15:40:03,113] INFO: Epoch 124 | Step 101/196 | Loss: 0.4440 | Acc: 85.81%
[2025-05-28 15:40:12,849] INFO: Epoch 124 training completed
[2025-05-28 15:40:14,047] INFO: Test Loss: 0.7031 | Test Acc: 77.11%
[2025-05-28 15:40:14,487] INFO: Epoch 125 | Step 1/196 | Loss: 0.3601 | Acc: 91.02%
[2025-05-28 15:40:24,798] INFO: Epoch 125 | Step 101/196 | Loss: 0.4489 | Acc: 85.69%
[2025-05-28 15:40:34,528] INFO: Epoch 125 training completed
[2025-05-28 15:40:35,736] INFO: Test Loss: 0.5675 | Test Acc: 81.22%
[2025-05-28 15:40:35,838] INFO: New best accuracy: 81.22%, model saved.
[2025-05-28 15:40:36,179] INFO: Epoch 126 | Step 1/196 | Loss: 0.4721 | Acc: 86.72%
[2025-05-28 15:40:46,481] INFO: Epoch 126 | Step 101/196 | Loss: 0.4400 | Acc: 85.93%
[2025-05-28 15:40:56,227] INFO: Epoch 126 training completed
[2025-05-28 15:40:57,413] INFO: Test Loss: 0.8975 | Test Acc: 70.68%
[2025-05-28 15:40:57,759] INFO: Epoch 127 | Step 1/196 | Loss: 0.5653 | Acc: 82.03%
[2025-05-28 15:41:08,063] INFO: Epoch 127 | Step 101/196 | Loss: 0.4306 | Acc: 86.14%
[2025-05-28 15:41:17,786] INFO: Epoch 127 training completed
[2025-05-28 15:41:18,981] INFO: Test Loss: 0.6531 | Test Acc: 78.31%
[2025-05-28 15:41:19,332] INFO: Epoch 128 | Step 1/196 | Loss: 0.3811 | Acc: 89.45%
[2025-05-28 15:41:29,674] INFO: Epoch 128 | Step 101/196 | Loss: 0.4311 | Acc: 86.27%
[2025-05-28 15:41:39,426] INFO: Epoch 128 training completed
[2025-05-28 15:41:40,616] INFO: Test Loss: 0.6802 | Test Acc: 77.69%
[2025-05-28 15:41:41,047] INFO: Epoch 129 | Step 1/196 | Loss: 0.4867 | Acc: 85.94%
[2025-05-28 15:41:51,388] INFO: Epoch 129 | Step 101/196 | Loss: 0.4285 | Acc: 86.33%
[2025-05-28 15:42:01,131] INFO: Epoch 129 training completed
[2025-05-28 15:42:02,318] INFO: Test Loss: 0.6961 | Test Acc: 76.58%
[2025-05-28 15:42:02,672] INFO: Epoch 130 | Step 1/196 | Loss: 0.4355 | Acc: 85.55%
[2025-05-28 15:42:12,972] INFO: Epoch 130 | Step 101/196 | Loss: 0.4254 | Acc: 86.29%
[2025-05-28 15:42:22,707] INFO: Epoch 130 training completed
[2025-05-28 15:42:23,897] INFO: Test Loss: 0.6502 | Test Acc: 78.46%
[2025-05-28 15:42:24,236] INFO: Epoch 131 | Step 1/196 | Loss: 0.3888 | Acc: 88.28%
[2025-05-28 15:42:34,532] INFO: Epoch 131 | Step 101/196 | Loss: 0.4287 | Acc: 86.08%
[2025-05-28 15:42:44,270] INFO: Epoch 131 training completed
[2025-05-28 15:42:45,467] INFO: Test Loss: 0.7551 | Test Acc: 74.82%
[2025-05-28 15:42:45,811] INFO: Epoch 132 | Step 1/196 | Loss: 0.3711 | Acc: 86.33%
[2025-05-28 15:42:56,118] INFO: Epoch 132 | Step 101/196 | Loss: 0.4191 | Acc: 86.59%
[2025-05-28 15:43:05,862] INFO: Epoch 132 training completed
[2025-05-28 15:43:07,049] INFO: Test Loss: 0.6076 | Test Acc: 80.62%
[2025-05-28 15:43:07,404] INFO: Epoch 133 | Step 1/196 | Loss: 0.5299 | Acc: 82.42%
[2025-05-28 15:43:17,745] INFO: Epoch 133 | Step 101/196 | Loss: 0.4144 | Acc: 86.97%
[2025-05-28 15:43:27,473] INFO: Epoch 133 training completed
[2025-05-28 15:43:28,670] INFO: Test Loss: 0.7605 | Test Acc: 75.00%
[2025-05-28 15:43:29,020] INFO: Epoch 134 | Step 1/196 | Loss: 0.3450 | Acc: 89.45%
[2025-05-28 15:43:39,326] INFO: Epoch 134 | Step 101/196 | Loss: 0.4146 | Acc: 86.63%
[2025-05-28 15:43:49,052] INFO: Epoch 134 training completed
[2025-05-28 15:43:50,246] INFO: Test Loss: 0.7871 | Test Acc: 74.66%
[2025-05-28 15:43:50,605] INFO: Epoch 135 | Step 1/196 | Loss: 0.3601 | Acc: 90.23%
[2025-05-28 15:44:00,891] INFO: Epoch 135 | Step 101/196 | Loss: 0.4172 | Acc: 86.60%
[2025-05-28 15:44:10,638] INFO: Epoch 135 training completed
[2025-05-28 15:44:11,831] INFO: Test Loss: 0.5574 | Test Acc: 81.40%
[2025-05-28 15:44:11,934] INFO: New best accuracy: 81.40%, model saved.
[2025-05-28 15:44:12,279] INFO: Epoch 136 | Step 1/196 | Loss: 0.4305 | Acc: 83.98%
[2025-05-28 15:44:22,608] INFO: Epoch 136 | Step 101/196 | Loss: 0.4111 | Acc: 86.78%
[2025-05-28 15:44:32,337] INFO: Epoch 136 training completed
[2025-05-28 15:44:33,524] INFO: Test Loss: 0.6310 | Test Acc: 79.07%
[2025-05-28 15:44:33,979] INFO: Epoch 137 | Step 1/196 | Loss: 0.4941 | Acc: 83.59%
[2025-05-28 15:44:44,299] INFO: Epoch 137 | Step 101/196 | Loss: 0.4068 | Acc: 87.06%
[2025-05-28 15:44:54,069] INFO: Epoch 137 training completed
[2025-05-28 15:44:55,266] INFO: Test Loss: 0.5586 | Test Acc: 81.39%
[2025-05-28 15:44:55,602] INFO: Epoch 138 | Step 1/196 | Loss: 0.3523 | Acc: 89.06%
[2025-05-28 15:45:05,911] INFO: Epoch 138 | Step 101/196 | Loss: 0.4001 | Acc: 87.09%
[2025-05-28 15:45:15,640] INFO: Epoch 138 training completed
[2025-05-28 15:45:16,842] INFO: Test Loss: 0.6159 | Test Acc: 80.08%
[2025-05-28 15:45:17,206] INFO: Epoch 139 | Step 1/196 | Loss: 0.4031 | Acc: 89.06%
[2025-05-28 15:45:27,526] INFO: Epoch 139 | Step 101/196 | Loss: 0.3968 | Acc: 87.27%
[2025-05-28 15:45:37,273] INFO: Epoch 139 training completed
[2025-05-28 15:45:38,477] INFO: Test Loss: 0.6190 | Test Acc: 80.17%
[2025-05-28 15:45:38,818] INFO: Epoch 140 | Step 1/196 | Loss: 0.3678 | Acc: 89.06%
[2025-05-28 15:45:49,119] INFO: Epoch 140 | Step 101/196 | Loss: 0.3933 | Acc: 87.59%
[2025-05-28 15:45:58,850] INFO: Epoch 140 training completed
[2025-05-28 15:46:00,031] INFO: Test Loss: 0.6790 | Test Acc: 78.16%
[2025-05-28 15:46:00,466] INFO: Epoch 141 | Step 1/196 | Loss: 0.4197 | Acc: 83.59%
[2025-05-28 15:46:10,756] INFO: Epoch 141 | Step 101/196 | Loss: 0.3925 | Acc: 87.26%
[2025-05-28 15:46:20,477] INFO: Epoch 141 training completed
[2025-05-28 15:46:21,666] INFO: Test Loss: 0.4953 | Test Acc: 83.77%
[2025-05-28 15:46:21,769] INFO: New best accuracy: 83.77%, model saved.
[2025-05-28 15:46:22,111] INFO: Epoch 142 | Step 1/196 | Loss: 0.3757 | Acc: 89.06%
[2025-05-28 15:46:32,393] INFO: Epoch 142 | Step 101/196 | Loss: 0.3841 | Acc: 87.68%
[2025-05-28 15:46:42,133] INFO: Epoch 142 training completed
[2025-05-28 15:46:43,330] INFO: Test Loss: 0.5617 | Test Acc: 81.97%
[2025-05-28 15:46:43,681] INFO: Epoch 143 | Step 1/196 | Loss: 0.4119 | Acc: 85.55%
[2025-05-28 15:46:53,976] INFO: Epoch 143 | Step 101/196 | Loss: 0.3889 | Acc: 87.53%
[2025-05-28 15:47:03,715] INFO: Epoch 143 training completed
[2025-05-28 15:47:04,901] INFO: Test Loss: 0.5890 | Test Acc: 80.60%
[2025-05-28 15:47:05,251] INFO: Epoch 144 | Step 1/196 | Loss: 0.3384 | Acc: 88.28%
[2025-05-28 15:47:15,551] INFO: Epoch 144 | Step 101/196 | Loss: 0.3777 | Acc: 88.20%
[2025-05-28 15:47:25,282] INFO: Epoch 144 training completed
[2025-05-28 15:47:26,469] INFO: Test Loss: 0.6214 | Test Acc: 79.64%
[2025-05-28 15:47:26,891] INFO: Epoch 145 | Step 1/196 | Loss: 0.3061 | Acc: 90.23%
[2025-05-28 15:47:37,171] INFO: Epoch 145 | Step 101/196 | Loss: 0.3765 | Acc: 88.19%
[2025-05-28 15:47:46,914] INFO: Epoch 145 training completed
[2025-05-28 15:47:48,096] INFO: Test Loss: 0.5496 | Test Acc: 81.84%
[2025-05-28 15:47:48,439] INFO: Epoch 146 | Step 1/196 | Loss: 0.3624 | Acc: 88.67%
[2025-05-28 15:47:58,759] INFO: Epoch 146 | Step 101/196 | Loss: 0.3709 | Acc: 88.23%
[2025-05-28 15:48:08,488] INFO: Epoch 146 training completed
[2025-05-28 15:48:09,688] INFO: Test Loss: 0.5644 | Test Acc: 81.77%
[2025-05-28 15:48:10,029] INFO: Epoch 147 | Step 1/196 | Loss: 0.3773 | Acc: 87.89%
[2025-05-28 15:48:20,321] INFO: Epoch 147 | Step 101/196 | Loss: 0.3678 | Acc: 88.25%
[2025-05-28 15:48:30,065] INFO: Epoch 147 training completed
[2025-05-28 15:48:31,244] INFO: Test Loss: 0.5198 | Test Acc: 83.52%
[2025-05-28 15:48:31,594] INFO: Epoch 148 | Step 1/196 | Loss: 0.2762 | Acc: 91.41%
[2025-05-28 15:48:41,896] INFO: Epoch 148 | Step 101/196 | Loss: 0.3566 | Acc: 88.71%
[2025-05-28 15:48:51,651] INFO: Epoch 148 training completed
[2025-05-28 15:48:52,834] INFO: Test Loss: 0.4397 | Test Acc: 85.45%
[2025-05-28 15:48:52,937] INFO: New best accuracy: 85.45%, model saved.
[2025-05-28 15:48:53,281] INFO: Epoch 149 | Step 1/196 | Loss: 0.3569 | Acc: 89.45%
[2025-05-28 15:49:03,654] INFO: Epoch 149 | Step 101/196 | Loss: 0.3564 | Acc: 88.62%
[2025-05-28 15:49:13,405] INFO: Epoch 149 training completed
[2025-05-28 15:49:14,590] INFO: Test Loss: 0.5202 | Test Acc: 82.81%
[2025-05-28 15:49:14,937] INFO: Epoch 150 | Step 1/196 | Loss: 0.4573 | Acc: 85.94%
[2025-05-28 15:49:25,239] INFO: Epoch 150 | Step 101/196 | Loss: 0.3593 | Acc: 88.68%
[2025-05-28 15:49:34,973] INFO: Epoch 150 training completed
[2025-05-28 15:49:36,168] INFO: Test Loss: 0.4933 | Test Acc: 83.70%
[2025-05-28 15:49:36,505] INFO: Epoch 151 | Step 1/196 | Loss: 0.3423 | Acc: 88.28%
[2025-05-28 15:49:46,815] INFO: Epoch 151 | Step 101/196 | Loss: 0.3562 | Acc: 88.58%
[2025-05-28 15:49:56,553] INFO: Epoch 151 training completed
[2025-05-28 15:49:57,753] INFO: Test Loss: 0.5494 | Test Acc: 82.18%
[2025-05-28 15:49:58,089] INFO: Epoch 152 | Step 1/196 | Loss: 0.3150 | Acc: 91.41%
[2025-05-28 15:50:08,409] INFO: Epoch 152 | Step 101/196 | Loss: 0.3385 | Acc: 89.53%
[2025-05-28 15:50:18,163] INFO: Epoch 152 training completed
[2025-05-28 15:50:19,357] INFO: Test Loss: 0.4931 | Test Acc: 83.27%
[2025-05-28 15:50:19,787] INFO: Epoch 153 | Step 1/196 | Loss: 0.3750 | Acc: 86.33%
[2025-05-28 15:50:30,079] INFO: Epoch 153 | Step 101/196 | Loss: 0.3437 | Acc: 89.20%
[2025-05-28 15:50:39,817] INFO: Epoch 153 training completed
[2025-05-28 15:50:41,017] INFO: Test Loss: 0.4323 | Test Acc: 85.60%
[2025-05-28 15:50:41,119] INFO: New best accuracy: 85.60%, model saved.
[2025-05-28 15:50:41,465] INFO: Epoch 154 | Step 1/196 | Loss: 0.2932 | Acc: 90.62%
[2025-05-28 15:50:51,801] INFO: Epoch 154 | Step 101/196 | Loss: 0.3470 | Acc: 89.07%
[2025-05-28 15:51:01,555] INFO: Epoch 154 training completed
[2025-05-28 15:51:02,749] INFO: Test Loss: 0.4787 | Test Acc: 84.06%
[2025-05-28 15:51:03,094] INFO: Epoch 155 | Step 1/196 | Loss: 0.3901 | Acc: 88.28%
[2025-05-28 15:51:13,391] INFO: Epoch 155 | Step 101/196 | Loss: 0.3348 | Acc: 89.43%
[2025-05-28 15:51:23,112] INFO: Epoch 155 training completed
[2025-05-28 15:51:24,311] INFO: Test Loss: 0.5219 | Test Acc: 82.63%
[2025-05-28 15:51:24,663] INFO: Epoch 156 | Step 1/196 | Loss: 0.3102 | Acc: 90.62%
[2025-05-28 15:51:34,954] INFO: Epoch 156 | Step 101/196 | Loss: 0.3335 | Acc: 89.57%
[2025-05-28 15:51:44,750] INFO: Epoch 156 training completed
[2025-05-28 15:51:45,945] INFO: Test Loss: 0.5337 | Test Acc: 82.49%
[2025-05-28 15:51:46,297] INFO: Epoch 157 | Step 1/196 | Loss: 0.3332 | Acc: 89.84%
[2025-05-28 15:51:56,601] INFO: Epoch 157 | Step 101/196 | Loss: 0.3267 | Acc: 89.82%
[2025-05-28 15:52:06,334] INFO: Epoch 157 training completed
[2025-05-28 15:52:07,517] INFO: Test Loss: 0.6032 | Test Acc: 80.22%
[2025-05-28 15:52:07,879] INFO: Epoch 158 | Step 1/196 | Loss: 0.3699 | Acc: 90.62%
[2025-05-28 15:52:18,156] INFO: Epoch 158 | Step 101/196 | Loss: 0.3176 | Acc: 89.91%
[2025-05-28 15:52:27,889] INFO: Epoch 158 training completed
[2025-05-28 15:52:29,076] INFO: Test Loss: 0.4536 | Test Acc: 85.64%
[2025-05-28 15:52:29,178] INFO: New best accuracy: 85.64%, model saved.
[2025-05-28 15:52:29,517] INFO: Epoch 159 | Step 1/196 | Loss: 0.3226 | Acc: 92.19%
[2025-05-28 15:52:39,801] INFO: Epoch 159 | Step 101/196 | Loss: 0.3154 | Acc: 90.14%
[2025-05-28 15:52:49,546] INFO: Epoch 159 training completed
[2025-05-28 15:52:50,725] INFO: Test Loss: 0.4525 | Test Acc: 85.13%
[2025-05-28 15:52:51,068] INFO: Epoch 160 | Step 1/196 | Loss: 0.2574 | Acc: 94.14%
[2025-05-28 15:53:01,416] INFO: Epoch 160 | Step 101/196 | Loss: 0.3177 | Acc: 90.02%
[2025-05-28 15:53:11,152] INFO: Epoch 160 training completed
[2025-05-28 15:53:12,375] INFO: Test Loss: 0.4414 | Test Acc: 85.55%
[2025-05-28 15:53:12,708] INFO: Epoch 161 | Step 1/196 | Loss: 0.3686 | Acc: 89.45%
[2025-05-28 15:53:22,992] INFO: Epoch 161 | Step 101/196 | Loss: 0.3089 | Acc: 90.33%
[2025-05-28 15:53:32,740] INFO: Epoch 161 training completed
[2025-05-28 15:53:33,925] INFO: Test Loss: 0.4156 | Test Acc: 86.35%
[2025-05-28 15:53:34,030] INFO: New best accuracy: 86.35%, model saved.
[2025-05-28 15:53:34,382] INFO: Epoch 162 | Step 1/196 | Loss: 0.3042 | Acc: 89.84%
[2025-05-28 15:53:44,715] INFO: Epoch 162 | Step 101/196 | Loss: 0.3020 | Acc: 90.50%
[2025-05-28 15:53:54,483] INFO: Epoch 162 training completed
[2025-05-28 15:53:55,683] INFO: Test Loss: 0.4295 | Test Acc: 86.58%
[2025-05-28 15:53:55,788] INFO: New best accuracy: 86.58%, model saved.
[2025-05-28 15:53:56,148] INFO: Epoch 163 | Step 1/196 | Loss: 0.3013 | Acc: 90.62%
[2025-05-28 15:54:06,441] INFO: Epoch 163 | Step 101/196 | Loss: 0.3056 | Acc: 90.27%
[2025-05-28 15:54:16,219] INFO: Epoch 163 training completed
[2025-05-28 15:54:17,410] INFO: Test Loss: 0.4253 | Test Acc: 86.16%
[2025-05-28 15:54:17,851] INFO: Epoch 164 | Step 1/196 | Loss: 0.2788 | Acc: 91.80%
[2025-05-28 15:54:28,141] INFO: Epoch 164 | Step 101/196 | Loss: 0.2898 | Acc: 91.13%
[2025-05-28 15:54:37,882] INFO: Epoch 164 training completed
[2025-05-28 15:54:39,077] INFO: Test Loss: 0.4553 | Test Acc: 85.05%
[2025-05-28 15:54:39,427] INFO: Epoch 165 | Step 1/196 | Loss: 0.2489 | Acc: 92.58%
[2025-05-28 15:54:49,744] INFO: Epoch 165 | Step 101/196 | Loss: 0.2932 | Acc: 90.66%
[2025-05-28 15:54:59,485] INFO: Epoch 165 training completed
[2025-05-28 15:55:00,683] INFO: Test Loss: 0.4265 | Test Acc: 85.96%
[2025-05-28 15:55:01,024] INFO: Epoch 166 | Step 1/196 | Loss: 0.2733 | Acc: 91.80%
[2025-05-28 15:55:11,328] INFO: Epoch 166 | Step 101/196 | Loss: 0.2832 | Acc: 91.34%
[2025-05-28 15:55:21,065] INFO: Epoch 166 training completed
[2025-05-28 15:55:22,252] INFO: Test Loss: 0.3647 | Test Acc: 88.18%
[2025-05-28 15:55:22,357] INFO: New best accuracy: 88.18%, model saved.
[2025-05-28 15:55:22,713] INFO: Epoch 167 | Step 1/196 | Loss: 0.2270 | Acc: 93.36%
[2025-05-28 15:55:33,061] INFO: Epoch 167 | Step 101/196 | Loss: 0.2802 | Acc: 91.28%
[2025-05-28 15:55:42,801] INFO: Epoch 167 training completed
[2025-05-28 15:55:43,994] INFO: Test Loss: 0.4391 | Test Acc: 85.51%
[2025-05-28 15:55:44,348] INFO: Epoch 168 | Step 1/196 | Loss: 0.2320 | Acc: 93.36%
[2025-05-28 15:55:54,649] INFO: Epoch 168 | Step 101/196 | Loss: 0.2713 | Acc: 91.58%
[2025-05-28 15:56:04,394] INFO: Epoch 168 training completed
[2025-05-28 15:56:05,584] INFO: Test Loss: 0.3938 | Test Acc: 86.97%
[2025-05-28 15:56:05,925] INFO: Epoch 169 | Step 1/196 | Loss: 0.2789 | Acc: 92.19%
[2025-05-28 15:56:16,224] INFO: Epoch 169 | Step 101/196 | Loss: 0.2751 | Acc: 91.34%
[2025-05-28 15:56:25,953] INFO: Epoch 169 training completed
[2025-05-28 15:56:27,159] INFO: Test Loss: 0.4541 | Test Acc: 85.19%
[2025-05-28 15:56:27,500] INFO: Epoch 170 | Step 1/196 | Loss: 0.2956 | Acc: 90.23%
[2025-05-28 15:56:37,797] INFO: Epoch 170 | Step 101/196 | Loss: 0.2685 | Acc: 91.63%
[2025-05-28 15:56:47,536] INFO: Epoch 170 training completed
[2025-05-28 15:56:48,720] INFO: Test Loss: 0.4681 | Test Acc: 85.09%
[2025-05-28 15:56:49,062] INFO: Epoch 171 | Step 1/196 | Loss: 0.2411 | Acc: 91.80%
[2025-05-28 15:56:59,471] INFO: Epoch 171 | Step 101/196 | Loss: 0.2645 | Acc: 91.79%
[2025-05-28 15:57:09,200] INFO: Epoch 171 training completed
[2025-05-28 15:57:10,391] INFO: Test Loss: 0.3633 | Test Acc: 88.32%
[2025-05-28 15:57:10,494] INFO: New best accuracy: 88.32%, model saved.
[2025-05-28 15:57:10,824] INFO: Epoch 172 | Step 1/196 | Loss: 0.2389 | Acc: 92.58%
[2025-05-28 15:57:21,114] INFO: Epoch 172 | Step 101/196 | Loss: 0.2500 | Acc: 92.56%
[2025-05-28 15:57:30,857] INFO: Epoch 172 training completed
[2025-05-28 15:57:32,049] INFO: Test Loss: 0.3737 | Test Acc: 88.11%
[2025-05-28 15:57:32,415] INFO: Epoch 173 | Step 1/196 | Loss: 0.3279 | Acc: 87.50%
[2025-05-28 15:57:42,709] INFO: Epoch 173 | Step 101/196 | Loss: 0.2475 | Acc: 92.49%
[2025-05-28 15:57:52,435] INFO: Epoch 173 training completed
[2025-05-28 15:57:53,627] INFO: Test Loss: 0.3755 | Test Acc: 88.00%
[2025-05-28 15:57:53,983] INFO: Epoch 174 | Step 1/196 | Loss: 0.2186 | Acc: 95.31%
[2025-05-28 15:58:04,269] INFO: Epoch 174 | Step 101/196 | Loss: 0.2377 | Acc: 92.82%
[2025-05-28 15:58:14,059] INFO: Epoch 174 training completed
[2025-05-28 15:58:15,243] INFO: Test Loss: 0.3394 | Test Acc: 88.94%
[2025-05-28 15:58:15,345] INFO: New best accuracy: 88.94%, model saved.
[2025-05-28 15:58:15,674] INFO: Epoch 175 | Step 1/196 | Loss: 0.2088 | Acc: 95.31%
[2025-05-28 15:58:25,972] INFO: Epoch 175 | Step 101/196 | Loss: 0.2356 | Acc: 92.98%
[2025-05-28 15:58:35,709] INFO: Epoch 175 training completed
[2025-05-28 15:58:36,894] INFO: Test Loss: 0.3617 | Test Acc: 88.70%
[2025-05-28 15:58:37,241] INFO: Epoch 176 | Step 1/196 | Loss: 0.2290 | Acc: 94.14%
[2025-05-28 15:58:47,540] INFO: Epoch 176 | Step 101/196 | Loss: 0.2306 | Acc: 93.15%
[2025-05-28 15:58:57,261] INFO: Epoch 176 training completed
[2025-05-28 15:58:58,450] INFO: Test Loss: 0.3444 | Test Acc: 89.14%
[2025-05-28 15:58:58,553] INFO: New best accuracy: 89.14%, model saved.
[2025-05-28 15:58:58,908] INFO: Epoch 177 | Step 1/196 | Loss: 0.2028 | Acc: 94.14%
[2025-05-28 15:59:09,195] INFO: Epoch 177 | Step 101/196 | Loss: 0.2269 | Acc: 93.25%
[2025-05-28 15:59:18,926] INFO: Epoch 177 training completed
[2025-05-28 15:59:20,109] INFO: Test Loss: 0.3901 | Test Acc: 87.65%
[2025-05-28 15:59:20,549] INFO: Epoch 178 | Step 1/196 | Loss: 0.1937 | Acc: 94.92%
[2025-05-28 15:59:30,833] INFO: Epoch 178 | Step 101/196 | Loss: 0.2267 | Acc: 93.17%
[2025-05-28 15:59:40,562] INFO: Epoch 178 training completed
[2025-05-28 15:59:41,751] INFO: Test Loss: 0.3248 | Test Acc: 89.82%
[2025-05-28 15:59:41,853] INFO: New best accuracy: 89.82%, model saved.
[2025-05-28 15:59:42,201] INFO: Epoch 179 | Step 1/196 | Loss: 0.3231 | Acc: 91.02%
[2025-05-28 15:59:52,486] INFO: Epoch 179 | Step 101/196 | Loss: 0.2159 | Acc: 93.50%
[2025-05-28 16:00:02,276] INFO: Epoch 179 training completed
[2025-05-28 16:00:03,468] INFO: Test Loss: 0.3209 | Test Acc: 90.02%
[2025-05-28 16:00:03,570] INFO: New best accuracy: 90.02%, model saved.
[2025-05-28 16:00:03,911] INFO: Epoch 180 | Step 1/196 | Loss: 0.2135 | Acc: 92.58%
[2025-05-28 16:00:14,209] INFO: Epoch 180 | Step 101/196 | Loss: 0.2041 | Acc: 94.01%
[2025-05-28 16:00:23,978] INFO: Epoch 180 training completed
[2025-05-28 16:00:25,167] INFO: Test Loss: 0.3155 | Test Acc: 89.91%
[2025-05-28 16:00:25,513] INFO: Epoch 181 | Step 1/196 | Loss: 0.2187 | Acc: 94.92%
[2025-05-28 16:00:35,816] INFO: Epoch 181 | Step 101/196 | Loss: 0.2086 | Acc: 93.99%
[2025-05-28 16:00:45,622] INFO: Epoch 181 training completed
[2025-05-28 16:00:46,829] INFO: Test Loss: 0.3263 | Test Acc: 89.76%
[2025-05-28 16:00:47,185] INFO: Epoch 182 | Step 1/196 | Loss: 0.2090 | Acc: 94.53%
[2025-05-28 16:00:57,474] INFO: Epoch 182 | Step 101/196 | Loss: 0.1970 | Acc: 94.24%
[2025-05-28 16:01:07,213] INFO: Epoch 182 training completed
[2025-05-28 16:01:08,388] INFO: Test Loss: 0.3162 | Test Acc: 90.08%
[2025-05-28 16:01:08,492] INFO: New best accuracy: 90.08%, model saved.
[2025-05-28 16:01:08,836] INFO: Epoch 183 | Step 1/196 | Loss: 0.1767 | Acc: 93.75%
[2025-05-28 16:01:19,130] INFO: Epoch 183 | Step 101/196 | Loss: 0.1945 | Acc: 94.33%
[2025-05-28 16:01:28,860] INFO: Epoch 183 training completed
[2025-05-28 16:01:30,048] INFO: Test Loss: 0.3182 | Test Acc: 90.00%
[2025-05-28 16:01:30,420] INFO: Epoch 184 | Step 1/196 | Loss: 0.1537 | Acc: 96.09%
[2025-05-28 16:01:40,720] INFO: Epoch 184 | Step 101/196 | Loss: 0.1784 | Acc: 94.84%
[2025-05-28 16:01:50,459] INFO: Epoch 184 training completed
[2025-05-28 16:01:51,657] INFO: Test Loss: 0.2981 | Test Acc: 90.81%
[2025-05-28 16:01:51,760] INFO: New best accuracy: 90.81%, model saved.
[2025-05-28 16:01:52,105] INFO: Epoch 185 | Step 1/196 | Loss: 0.2113 | Acc: 94.14%
[2025-05-28 16:02:02,478] INFO: Epoch 185 | Step 101/196 | Loss: 0.1810 | Acc: 94.85%
[2025-05-28 16:02:12,201] INFO: Epoch 185 training completed
[2025-05-28 16:02:13,388] INFO: Test Loss: 0.3009 | Test Acc: 90.74%
[2025-05-28 16:02:13,718] INFO: Epoch 186 | Step 1/196 | Loss: 0.1856 | Acc: 94.53%
[2025-05-28 16:02:24,019] INFO: Epoch 186 | Step 101/196 | Loss: 0.1722 | Acc: 95.19%
[2025-05-28 16:02:33,757] INFO: Epoch 186 training completed
[2025-05-28 16:02:34,941] INFO: Test Loss: 0.2986 | Test Acc: 90.74%
[2025-05-28 16:02:35,297] INFO: Epoch 187 | Step 1/196 | Loss: 0.1692 | Acc: 96.09%
[2025-05-28 16:02:45,586] INFO: Epoch 187 | Step 101/196 | Loss: 0.1748 | Acc: 95.13%
[2025-05-28 16:02:55,331] INFO: Epoch 187 training completed
[2025-05-28 16:02:56,525] INFO: Test Loss: 0.2975 | Test Acc: 90.98%
[2025-05-28 16:02:56,629] INFO: New best accuracy: 90.98%, model saved.
[2025-05-28 16:02:56,997] INFO: Epoch 188 | Step 1/196 | Loss: 0.1789 | Acc: 93.75%
[2025-05-28 16:03:07,310] INFO: Epoch 188 | Step 101/196 | Loss: 0.1668 | Acc: 95.35%
[2025-05-28 16:03:17,054] INFO: Epoch 188 training completed
[2025-05-28 16:03:18,254] INFO: Test Loss: 0.2930 | Test Acc: 91.11%
[2025-05-28 16:03:18,447] INFO: New best accuracy: 91.11%, model saved.
[2025-05-28 16:03:18,793] INFO: Epoch 189 | Step 1/196 | Loss: 0.2242 | Acc: 93.36%
[2025-05-28 16:03:29,085] INFO: Epoch 189 | Step 101/196 | Loss: 0.1598 | Acc: 95.60%
[2025-05-28 16:03:38,814] INFO: Epoch 189 training completed
[2025-05-28 16:03:39,997] INFO: Test Loss: 0.3007 | Test Acc: 90.97%
[2025-05-28 16:03:40,342] INFO: Epoch 190 | Step 1/196 | Loss: 0.1743 | Acc: 94.92%
[2025-05-28 16:03:50,650] INFO: Epoch 190 | Step 101/196 | Loss: 0.1565 | Acc: 95.77%
[2025-05-28 16:04:00,386] INFO: Epoch 190 training completed
[2025-05-28 16:04:01,604] INFO: Test Loss: 0.2906 | Test Acc: 91.17%
[2025-05-28 16:04:01,706] INFO: New best accuracy: 91.17%, model saved.
[2025-05-28 16:04:02,056] INFO: Epoch 191 | Step 1/196 | Loss: 0.1572 | Acc: 94.92%
[2025-05-28 16:04:12,365] INFO: Epoch 191 | Step 101/196 | Loss: 0.1519 | Acc: 95.89%
[2025-05-28 16:04:22,105] INFO: Epoch 191 training completed
[2025-05-28 16:04:23,313] INFO: Test Loss: 0.2904 | Test Acc: 91.14%
[2025-05-28 16:04:23,648] INFO: Epoch 192 | Step 1/196 | Loss: 0.1903 | Acc: 94.53%
[2025-05-28 16:04:33,995] INFO: Epoch 192 | Step 101/196 | Loss: 0.1532 | Acc: 96.02%
[2025-05-28 16:04:43,722] INFO: Epoch 192 training completed
[2025-05-28 16:04:44,916] INFO: Test Loss: 0.2898 | Test Acc: 91.09%
[2025-05-28 16:04:45,267] INFO: Epoch 193 | Step 1/196 | Loss: 0.1087 | Acc: 98.83%
[2025-05-28 16:04:55,562] INFO: Epoch 193 | Step 101/196 | Loss: 0.1445 | Acc: 96.22%
[2025-05-28 16:05:05,300] INFO: Epoch 193 training completed
[2025-05-28 16:05:06,489] INFO: Test Loss: 0.2898 | Test Acc: 91.32%
[2025-05-28 16:05:06,592] INFO: New best accuracy: 91.32%, model saved.
[2025-05-28 16:05:06,929] INFO: Epoch 194 | Step 1/196 | Loss: 0.1420 | Acc: 96.88%
[2025-05-28 16:05:17,216] INFO: Epoch 194 | Step 101/196 | Loss: 0.1450 | Acc: 96.21%
[2025-05-28 16:05:26,949] INFO: Epoch 194 training completed
[2025-05-28 16:05:28,142] INFO: Test Loss: 0.2878 | Test Acc: 91.14%
[2025-05-28 16:05:28,487] INFO: Epoch 195 | Step 1/196 | Loss: 0.1566 | Acc: 96.48%
[2025-05-28 16:05:38,771] INFO: Epoch 195 | Step 101/196 | Loss: 0.1441 | Acc: 96.28%
[2025-05-28 16:05:48,515] INFO: Epoch 195 training completed
[2025-05-28 16:05:49,713] INFO: Test Loss: 0.2865 | Test Acc: 91.37%
[2025-05-28 16:05:49,816] INFO: New best accuracy: 91.37%, model saved.
[2025-05-28 16:05:50,234] INFO: Epoch 196 | Step 1/196 | Loss: 0.1261 | Acc: 95.70%
[2025-05-28 16:06:00,581] INFO: Epoch 196 | Step 101/196 | Loss: 0.1399 | Acc: 96.41%
[2025-05-28 16:06:10,315] INFO: Epoch 196 training completed
[2025-05-28 16:06:11,501] INFO: Test Loss: 0.2854 | Test Acc: 91.21%
[2025-05-28 16:06:11,853] INFO: Epoch 197 | Step 1/196 | Loss: 0.1335 | Acc: 96.88%
[2025-05-28 16:06:22,163] INFO: Epoch 197 | Step 101/196 | Loss: 0.1449 | Acc: 96.27%
[2025-05-28 16:06:31,892] INFO: Epoch 197 training completed
[2025-05-28 16:06:33,088] INFO: Test Loss: 0.2862 | Test Acc: 91.28%
[2025-05-28 16:06:33,422] INFO: Epoch 198 | Step 1/196 | Loss: 0.1463 | Acc: 96.48%
[2025-05-28 16:06:43,707] INFO: Epoch 198 | Step 101/196 | Loss: 0.1411 | Acc: 96.34%
[2025-05-28 16:06:53,444] INFO: Epoch 198 training completed
[2025-05-28 16:06:54,642] INFO: Test Loss: 0.2848 | Test Acc: 91.22%
[2025-05-28 16:06:54,988] INFO: Epoch 199 | Step 1/196 | Loss: 0.1336 | Acc: 95.70%
[2025-05-28 16:07:05,277] INFO: Epoch 199 | Step 101/196 | Loss: 0.1391 | Acc: 96.40%
[2025-05-28 16:07:15,065] INFO: Epoch 199 training completed
[2025-05-28 16:07:16,257] INFO: Test Loss: 0.2848 | Test Acc: 91.26%
[2025-05-28 16:07:16,602] INFO: Epoch 200 | Step 1/196 | Loss: 0.1007 | Acc: 97.27%
[2025-05-28 16:07:26,888] INFO: Epoch 200 | Step 101/196 | Loss: 0.1401 | Acc: 96.40%
[2025-05-28 16:07:36,622] INFO: Epoch 200 training completed
[2025-05-28 16:07:37,812] INFO: Test Loss: 0.2844 | Test Acc: 91.25%
[2025-05-28 16:07:37,964] INFO: Training complete. Best Test Accuracy: 91.37%
