[2025-06-02 10:38:36,134] INFO: Using device: cuda
[2025-06-02 10:38:38,415] INFO: Using GhostNetV3 with width=2.8
[2025-06-02 10:38:38,960] DEBUG: open file: C:/_Projekte/PML-Knowledge-Destillation/lightning_logs/version_0/checkpoints/epoch=99-step=140700.ckpt
[2025-06-02 10:39:34,582] INFO: Epoch 1 | Step 1/196 | Loss: 2.7712 | Acc: 12.50%
[2025-06-02 10:40:02,404] INFO: Epoch 1 | Step 101/196 | Loss: 1.6527 | Acc: 10.76%
[2025-06-02 10:40:28,919] INFO: Epoch 1 training completed
[2025-06-02 10:40:57,480] INFO: Test Loss: 2.3410 | Test Acc: 13.54%
[2025-06-02 10:40:57,646] INFO: New best accuracy: 13.54%, model saved.
[2025-06-02 10:40:58,309] INFO: Epoch 2 | Step 1/196 | Loss: 1.2665 | Acc: 17.19%
[2025-06-02 10:41:26,219] INFO: Epoch 2 | Step 101/196 | Loss: 1.2492 | Acc: 14.47%
[2025-06-02 10:41:52,620] INFO: Epoch 2 training completed
[2025-06-02 10:41:55,686] INFO: Test Loss: 2.3929 | Test Acc: 13.08%
[2025-06-02 10:41:56,351] INFO: Epoch 3 | Step 1/196 | Loss: 1.2722 | Acc: 17.97%
[2025-06-02 10:42:24,369] INFO: Epoch 3 | Step 101/196 | Loss: 1.1897 | Acc: 17.37%
[2025-06-02 10:42:50,816] INFO: Epoch 3 training completed
[2025-06-02 10:42:53,889] INFO: Test Loss: 2.2972 | Test Acc: 16.36%
[2025-06-02 10:42:53,998] INFO: New best accuracy: 16.36%, model saved.
[2025-06-02 10:42:54,665] INFO: Epoch 4 | Step 1/196 | Loss: 1.1914 | Acc: 15.62%
[2025-06-02 10:43:22,687] INFO: Epoch 4 | Step 101/196 | Loss: 1.1527 | Acc: 20.28%
[2025-06-02 10:43:48,858] INFO: Epoch 4 training completed
[2025-06-02 10:43:51,823] INFO: Test Loss: 2.1117 | Test Acc: 22.13%
[2025-06-02 10:43:51,932] INFO: New best accuracy: 22.13%, model saved.
[2025-06-02 10:43:52,617] INFO: Epoch 5 | Step 1/196 | Loss: 1.1359 | Acc: 23.05%
[2025-06-02 10:44:20,353] INFO: Epoch 5 | Step 101/196 | Loss: 1.1308 | Acc: 23.68%
[2025-06-02 10:44:46,527] INFO: Epoch 5 training completed
[2025-06-02 10:44:49,508] INFO: Test Loss: 2.0763 | Test Acc: 23.39%
[2025-06-02 10:44:49,619] INFO: New best accuracy: 23.39%, model saved.
[2025-06-02 10:44:50,391] INFO: Epoch 6 | Step 1/196 | Loss: 1.0844 | Acc: 27.73%
[2025-06-02 10:45:18,129] INFO: Epoch 6 | Step 101/196 | Loss: 1.0987 | Acc: 26.48%
[2025-06-02 10:45:44,305] INFO: Epoch 6 training completed
[2025-06-02 10:45:47,265] INFO: Test Loss: 2.0315 | Test Acc: 27.58%
[2025-06-02 10:45:47,371] INFO: New best accuracy: 27.58%, model saved.
[2025-06-02 10:45:48,026] INFO: Epoch 7 | Step 1/196 | Loss: 1.0919 | Acc: 26.56%
[2025-06-02 10:46:15,807] INFO: Epoch 7 | Step 101/196 | Loss: 1.0741 | Acc: 30.10%
[2025-06-02 10:46:42,010] INFO: Epoch 7 training completed
[2025-06-02 10:46:44,976] INFO: Test Loss: 2.0252 | Test Acc: 28.59%
[2025-06-02 10:46:45,086] INFO: New best accuracy: 28.59%, model saved.
[2025-06-02 10:46:45,748] INFO: Epoch 8 | Step 1/196 | Loss: 1.1174 | Acc: 32.03%
[2025-06-02 10:47:13,502] INFO: Epoch 8 | Step 101/196 | Loss: 1.0546 | Acc: 32.82%
[2025-06-02 10:47:39,833] INFO: Epoch 8 training completed
[2025-06-02 10:47:42,805] INFO: Test Loss: 2.0035 | Test Acc: 31.74%
[2025-06-02 10:47:42,915] INFO: New best accuracy: 31.74%, model saved.
[2025-06-02 10:47:43,571] INFO: Epoch 9 | Step 1/196 | Loss: 1.0697 | Acc: 31.25%
[2025-06-02 10:48:11,312] INFO: Epoch 9 | Step 101/196 | Loss: 1.0346 | Acc: 35.90%
[2025-06-02 10:48:37,498] INFO: Epoch 9 training completed
[2025-06-02 10:48:40,466] INFO: Test Loss: 1.8613 | Test Acc: 35.73%
[2025-06-02 10:48:40,575] INFO: New best accuracy: 35.73%, model saved.
[2025-06-02 10:48:41,235] INFO: Epoch 10 | Step 1/196 | Loss: 1.0262 | Acc: 35.55%
[2025-06-02 10:49:08,976] INFO: Epoch 10 | Step 101/196 | Loss: 1.0096 | Acc: 38.75%
[2025-06-02 10:49:35,170] INFO: Epoch 10 training completed
[2025-06-02 10:49:38,141] INFO: Test Loss: 1.8162 | Test Acc: 40.40%
[2025-06-02 10:49:38,250] INFO: New best accuracy: 40.40%, model saved.
[2025-06-02 10:49:38,908] INFO: Epoch 11 | Step 1/196 | Loss: 1.0075 | Acc: 42.19%
[2025-06-02 10:50:06,694] INFO: Epoch 11 | Step 101/196 | Loss: 0.9895 | Acc: 41.65%
[2025-06-02 10:50:32,886] INFO: Epoch 11 training completed
[2025-06-02 10:50:35,850] INFO: Test Loss: 1.7915 | Test Acc: 42.96%
[2025-06-02 10:50:35,960] INFO: New best accuracy: 42.96%, model saved.
[2025-06-02 10:50:36,622] INFO: Epoch 12 | Step 1/196 | Loss: 0.9794 | Acc: 43.75%
[2025-06-02 10:51:04,373] INFO: Epoch 12 | Step 101/196 | Loss: 0.9644 | Acc: 44.66%
[2025-06-02 10:51:30,574] INFO: Epoch 12 training completed
[2025-06-02 10:51:33,551] INFO: Test Loss: 1.6861 | Test Acc: 46.03%
[2025-06-02 10:51:33,660] INFO: New best accuracy: 46.03%, model saved.
[2025-06-02 10:51:34,319] INFO: Epoch 13 | Step 1/196 | Loss: 0.9515 | Acc: 50.78%
[2025-06-02 10:52:02,071] INFO: Epoch 13 | Step 101/196 | Loss: 0.9453 | Acc: 47.63%
[2025-06-02 10:52:28,252] INFO: Epoch 13 training completed
[2025-06-02 10:52:31,229] INFO: Test Loss: 1.6530 | Test Acc: 48.25%
[2025-06-02 10:52:31,339] INFO: New best accuracy: 48.25%, model saved.
[2025-06-02 10:52:31,995] INFO: Epoch 14 | Step 1/196 | Loss: 0.9200 | Acc: 49.22%
[2025-06-02 10:52:59,757] INFO: Epoch 14 | Step 101/196 | Loss: 0.9237 | Acc: 50.25%
[2025-06-02 10:53:25,954] INFO: Epoch 14 training completed
[2025-06-02 10:53:28,923] INFO: Test Loss: 1.5869 | Test Acc: 52.28%
[2025-06-02 10:53:29,033] INFO: New best accuracy: 52.28%, model saved.
[2025-06-02 10:53:29,688] INFO: Epoch 15 | Step 1/196 | Loss: 0.9034 | Acc: 53.52%
[2025-06-02 10:53:57,447] INFO: Epoch 15 | Step 101/196 | Loss: 0.9043 | Acc: 53.33%
[2025-06-02 10:54:23,646] INFO: Epoch 15 training completed
[2025-06-02 10:54:26,620] INFO: Test Loss: 1.5511 | Test Acc: 54.18%
[2025-06-02 10:54:26,730] INFO: New best accuracy: 54.18%, model saved.
[2025-06-02 10:54:27,393] INFO: Epoch 16 | Step 1/196 | Loss: 0.8912 | Acc: 53.12%
[2025-06-02 10:54:55,138] INFO: Epoch 16 | Step 101/196 | Loss: 0.8839 | Acc: 55.80%
[2025-06-02 10:55:21,335] INFO: Epoch 16 training completed
[2025-06-02 10:55:24,307] INFO: Test Loss: 1.5017 | Test Acc: 56.73%
[2025-06-02 10:55:24,415] INFO: New best accuracy: 56.73%, model saved.
[2025-06-02 10:55:25,077] INFO: Epoch 17 | Step 1/196 | Loss: 0.8646 | Acc: 58.98%
[2025-06-02 10:55:52,839] INFO: Epoch 17 | Step 101/196 | Loss: 0.8675 | Acc: 58.09%
[2025-06-02 10:56:19,044] INFO: Epoch 17 training completed
[2025-06-02 10:56:22,011] INFO: Test Loss: 1.4600 | Test Acc: 57.87%
[2025-06-02 10:56:22,120] INFO: New best accuracy: 57.87%, model saved.
[2025-06-02 10:56:22,780] INFO: Epoch 18 | Step 1/196 | Loss: 0.8532 | Acc: 61.72%
[2025-06-02 10:56:50,535] INFO: Epoch 18 | Step 101/196 | Loss: 0.8503 | Acc: 60.14%
[2025-06-02 10:57:16,825] INFO: Epoch 18 training completed
[2025-06-02 10:57:19,808] INFO: Test Loss: 1.4172 | Test Acc: 60.32%
[2025-06-02 10:57:19,917] INFO: New best accuracy: 60.32%, model saved.
[2025-06-02 10:57:20,576] INFO: Epoch 19 | Step 1/196 | Loss: 0.8328 | Acc: 63.67%
[2025-06-02 10:57:48,326] INFO: Epoch 19 | Step 101/196 | Loss: 0.8360 | Acc: 62.01%
[2025-06-02 10:58:14,538] INFO: Epoch 19 training completed
[2025-06-02 10:58:17,506] INFO: Test Loss: 1.3862 | Test Acc: 61.76%
[2025-06-02 10:58:17,723] INFO: New best accuracy: 61.76%, model saved.
[2025-06-02 10:58:18,401] INFO: Epoch 20 | Step 1/196 | Loss: 0.8047 | Acc: 67.58%
[2025-06-02 10:58:46,166] INFO: Epoch 20 | Step 101/196 | Loss: 0.8208 | Acc: 64.08%
[2025-06-02 10:59:12,375] INFO: Epoch 20 training completed
[2025-06-02 10:59:15,341] INFO: Test Loss: 1.3525 | Test Acc: 63.40%
[2025-06-02 10:59:15,451] INFO: New best accuracy: 63.40%, model saved.
[2025-06-02 10:59:16,116] INFO: Epoch 21 | Step 1/196 | Loss: 0.7922 | Acc: 67.19%
[2025-06-02 10:59:43,870] INFO: Epoch 21 | Step 101/196 | Loss: 0.8076 | Acc: 65.74%
[2025-06-02 11:00:10,073] INFO: Epoch 21 training completed
[2025-06-02 11:00:13,049] INFO: Test Loss: 1.3908 | Test Acc: 59.90%
[2025-06-02 11:00:13,710] INFO: Epoch 22 | Step 1/196 | Loss: 0.7856 | Acc: 71.09%
[2025-06-02 11:00:41,477] INFO: Epoch 22 | Step 101/196 | Loss: 0.7970 | Acc: 67.48%
[2025-06-02 11:01:07,687] INFO: Epoch 22 training completed
[2025-06-02 11:01:10,656] INFO: Test Loss: 1.3323 | Test Acc: 63.95%
[2025-06-02 11:01:10,767] INFO: New best accuracy: 63.95%, model saved.
[2025-06-02 11:01:11,432] INFO: Epoch 23 | Step 1/196 | Loss: 0.7823 | Acc: 69.14%
[2025-06-02 11:01:39,178] INFO: Epoch 23 | Step 101/196 | Loss: 0.7833 | Acc: 69.22%
[2025-06-02 11:02:05,400] INFO: Epoch 23 training completed
[2025-06-02 11:02:08,368] INFO: Test Loss: 1.2781 | Test Acc: 66.73%
[2025-06-02 11:02:08,476] INFO: New best accuracy: 66.73%, model saved.
[2025-06-02 11:02:09,160] INFO: Epoch 24 | Step 1/196 | Loss: 0.7680 | Acc: 71.09%
[2025-06-02 11:02:36,932] INFO: Epoch 24 | Step 101/196 | Loss: 0.7704 | Acc: 70.99%
[2025-06-02 11:03:03,134] INFO: Epoch 24 training completed
[2025-06-02 11:03:06,105] INFO: Test Loss: 1.2750 | Test Acc: 67.28%
[2025-06-02 11:03:06,217] INFO: New best accuracy: 67.28%, model saved.
[2025-06-02 11:03:06,883] INFO: Epoch 25 | Step 1/196 | Loss: 0.7533 | Acc: 74.22%
[2025-06-02 11:03:34,653] INFO: Epoch 25 | Step 101/196 | Loss: 0.7590 | Acc: 72.56%
[2025-06-02 11:04:00,863] INFO: Epoch 25 training completed
[2025-06-02 11:04:03,835] INFO: Test Loss: 1.2342 | Test Acc: 69.47%
[2025-06-02 11:04:03,945] INFO: New best accuracy: 69.47%, model saved.
[2025-06-02 11:04:04,604] INFO: Epoch 26 | Step 1/196 | Loss: 0.7453 | Acc: 74.61%
[2025-06-02 11:04:32,381] INFO: Epoch 26 | Step 101/196 | Loss: 0.7483 | Acc: 74.27%
[2025-06-02 11:04:58,602] INFO: Epoch 26 training completed
[2025-06-02 11:05:01,578] INFO: Test Loss: 1.2244 | Test Acc: 69.43%
[2025-06-02 11:05:02,362] INFO: Epoch 27 | Step 1/196 | Loss: 0.7334 | Acc: 76.56%
[2025-06-02 11:05:30,113] INFO: Epoch 27 | Step 101/196 | Loss: 0.7396 | Acc: 75.08%
[2025-06-02 11:05:56,317] INFO: Epoch 27 training completed
[2025-06-02 11:05:59,288] INFO: Test Loss: 1.2075 | Test Acc: 71.21%
[2025-06-02 11:05:59,398] INFO: New best accuracy: 71.21%, model saved.
[2025-06-02 11:06:00,063] INFO: Epoch 28 | Step 1/196 | Loss: 0.7248 | Acc: 75.78%
[2025-06-02 11:06:27,829] INFO: Epoch 28 | Step 101/196 | Loss: 0.7296 | Acc: 76.31%
[2025-06-02 11:06:54,033] INFO: Epoch 28 training completed
[2025-06-02 11:06:56,999] INFO: Test Loss: 1.1744 | Test Acc: 73.18%
[2025-06-02 11:06:57,108] INFO: New best accuracy: 73.18%, model saved.
[2025-06-02 11:06:57,772] INFO: Epoch 29 | Step 1/196 | Loss: 0.7130 | Acc: 77.73%
[2025-06-02 11:07:25,541] INFO: Epoch 29 | Step 101/196 | Loss: 0.7228 | Acc: 77.11%
[2025-06-02 11:07:51,750] INFO: Epoch 29 training completed
[2025-06-02 11:07:54,735] INFO: Test Loss: 1.2195 | Test Acc: 70.88%
[2025-06-02 11:07:55,399] INFO: Epoch 30 | Step 1/196 | Loss: 0.7016 | Acc: 83.59%
[2025-06-02 11:08:23,158] INFO: Epoch 30 | Step 101/196 | Loss: 0.7156 | Acc: 78.06%
[2025-06-02 11:08:49,364] INFO: Epoch 30 training completed
[2025-06-02 11:08:52,334] INFO: Test Loss: 1.1740 | Test Acc: 73.45%
[2025-06-02 11:08:52,558] INFO: New best accuracy: 73.45%, model saved.
[2025-06-02 11:08:53,227] INFO: Epoch 31 | Step 1/196 | Loss: 0.7015 | Acc: 80.86%
[2025-06-02 11:09:20,995] INFO: Epoch 31 | Step 101/196 | Loss: 0.7104 | Acc: 78.82%
[2025-06-02 11:09:47,198] INFO: Epoch 31 training completed
[2025-06-02 11:09:50,179] INFO: Test Loss: 1.1338 | Test Acc: 75.60%
[2025-06-02 11:09:50,288] INFO: New best accuracy: 75.60%, model saved.
[2025-06-02 11:09:50,951] INFO: Epoch 32 | Step 1/196 | Loss: 0.6856 | Acc: 84.38%
[2025-06-02 11:10:18,721] INFO: Epoch 32 | Step 101/196 | Loss: 0.7050 | Acc: 79.71%
[2025-06-02 11:10:44,923] INFO: Epoch 32 training completed
[2025-06-02 11:10:47,889] INFO: Test Loss: 1.1402 | Test Acc: 74.93%
[2025-06-02 11:10:48,569] INFO: Epoch 33 | Step 1/196 | Loss: 0.6918 | Acc: 83.20%
[2025-06-02 11:11:16,358] INFO: Epoch 33 | Step 101/196 | Loss: 0.6995 | Acc: 80.26%
[2025-06-02 11:11:42,565] INFO: Epoch 33 training completed
[2025-06-02 11:11:45,545] INFO: Test Loss: 1.1661 | Test Acc: 73.68%
[2025-06-02 11:11:46,210] INFO: Epoch 34 | Step 1/196 | Loss: 0.6869 | Acc: 82.42%
[2025-06-02 11:12:13,970] INFO: Epoch 34 | Step 101/196 | Loss: 0.6961 | Acc: 80.86%
[2025-06-02 11:12:40,189] INFO: Epoch 34 training completed
[2025-06-02 11:12:43,160] INFO: Test Loss: 1.1404 | Test Acc: 75.91%
[2025-06-02 11:12:43,270] INFO: New best accuracy: 75.91%, model saved.
[2025-06-02 11:12:43,950] INFO: Epoch 35 | Step 1/196 | Loss: 0.6895 | Acc: 82.03%
[2025-06-02 11:13:11,716] INFO: Epoch 35 | Step 101/196 | Loss: 0.6938 | Acc: 81.00%
[2025-06-02 11:13:37,927] INFO: Epoch 35 training completed
[2025-06-02 11:13:40,894] INFO: Test Loss: 1.2313 | Test Acc: 70.80%
[2025-06-02 11:13:41,554] INFO: Epoch 36 | Step 1/196 | Loss: 0.6754 | Acc: 85.94%
[2025-06-02 11:14:09,333] INFO: Epoch 36 | Step 101/196 | Loss: 0.6895 | Acc: 81.83%
[2025-06-02 11:14:35,548] INFO: Epoch 36 training completed
[2025-06-02 11:14:38,514] INFO: Test Loss: 1.1730 | Test Acc: 74.83%
[2025-06-02 11:14:39,177] INFO: Epoch 37 | Step 1/196 | Loss: 0.6811 | Acc: 83.98%
[2025-06-02 11:15:06,940] INFO: Epoch 37 | Step 101/196 | Loss: 0.6877 | Acc: 81.93%
[2025-06-02 11:15:33,152] INFO: Epoch 37 training completed
[2025-06-02 11:15:36,122] INFO: Test Loss: 1.2182 | Test Acc: 73.78%
[2025-06-02 11:15:36,795] INFO: Epoch 38 | Step 1/196 | Loss: 0.6686 | Acc: 84.77%
[2025-06-02 11:16:04,551] INFO: Epoch 38 | Step 101/196 | Loss: 0.6857 | Acc: 82.24%
[2025-06-02 11:16:30,759] INFO: Epoch 38 training completed
[2025-06-02 11:16:33,733] INFO: Test Loss: 1.1637 | Test Acc: 76.58%
[2025-06-02 11:16:33,842] INFO: New best accuracy: 76.58%, model saved.
[2025-06-02 11:16:34,505] INFO: Epoch 39 | Step 1/196 | Loss: 0.6514 | Acc: 88.67%
[2025-06-02 11:17:02,287] INFO: Epoch 39 | Step 101/196 | Loss: 0.6850 | Acc: 82.37%
[2025-06-02 11:17:28,508] INFO: Epoch 39 training completed
[2025-06-02 11:17:31,474] INFO: Test Loss: 1.2821 | Test Acc: 70.86%
[2025-06-02 11:17:32,148] INFO: Epoch 40 | Step 1/196 | Loss: 0.6846 | Acc: 83.59%
[2025-06-02 11:17:59,919] INFO: Epoch 40 | Step 101/196 | Loss: 0.6843 | Acc: 82.66%
[2025-06-02 11:18:26,136] INFO: Epoch 40 training completed
[2025-06-02 11:18:29,114] INFO: Test Loss: 1.2022 | Test Acc: 75.88%
[2025-06-02 11:18:29,777] INFO: Epoch 41 | Step 1/196 | Loss: 0.6732 | Acc: 84.38%
[2025-06-02 11:18:57,540] INFO: Epoch 41 | Step 101/196 | Loss: 0.6832 | Acc: 82.56%
[2025-06-02 11:19:23,751] INFO: Epoch 41 training completed
[2025-06-02 11:19:26,725] INFO: Test Loss: 1.1761 | Test Acc: 75.91%
[2025-06-02 11:19:27,534] INFO: Epoch 42 | Step 1/196 | Loss: 0.6561 | Acc: 87.11%
[2025-06-02 11:19:55,313] INFO: Epoch 42 | Step 101/196 | Loss: 0.6806 | Acc: 82.97%
[2025-06-02 11:20:21,531] INFO: Epoch 42 training completed
[2025-06-02 11:20:24,510] INFO: Test Loss: 1.1825 | Test Acc: 77.14%
[2025-06-02 11:20:24,621] INFO: New best accuracy: 77.14%, model saved.
[2025-06-02 11:20:25,290] INFO: Epoch 43 | Step 1/196 | Loss: 0.6659 | Acc: 85.94%
[2025-06-02 11:20:53,051] INFO: Epoch 43 | Step 101/196 | Loss: 0.6822 | Acc: 82.92%
[2025-06-02 11:21:19,267] INFO: Epoch 43 training completed
[2025-06-02 11:21:22,239] INFO: Test Loss: 1.3204 | Test Acc: 69.55%
[2025-06-02 11:21:22,903] INFO: Epoch 44 | Step 1/196 | Loss: 0.6725 | Acc: 86.72%
[2025-06-02 11:21:50,672] INFO: Epoch 44 | Step 101/196 | Loss: 0.6804 | Acc: 83.00%
[2025-06-02 11:22:16,883] INFO: Epoch 44 training completed
[2025-06-02 11:22:19,879] INFO: Test Loss: 1.2493 | Test Acc: 73.61%
[2025-06-02 11:22:20,545] INFO: Epoch 45 | Step 1/196 | Loss: 0.6843 | Acc: 84.38%
[2025-06-02 11:22:48,296] INFO: Epoch 45 | Step 101/196 | Loss: 0.6797 | Acc: 83.07%
[2025-06-02 11:23:14,517] INFO: Epoch 45 training completed
[2025-06-02 11:23:17,490] INFO: Test Loss: 1.2088 | Test Acc: 75.28%
[2025-06-02 11:23:18,271] INFO: Epoch 46 | Step 1/196 | Loss: 0.6521 | Acc: 87.50%
[2025-06-02 11:23:46,031] INFO: Epoch 46 | Step 101/196 | Loss: 0.6806 | Acc: 83.11%
[2025-06-02 11:24:12,238] INFO: Epoch 46 training completed
[2025-06-02 11:24:15,205] INFO: Test Loss: 1.2157 | Test Acc: 75.65%
[2025-06-02 11:24:15,871] INFO: Epoch 47 | Step 1/196 | Loss: 0.6662 | Acc: 85.55%
[2025-06-02 11:24:43,632] INFO: Epoch 47 | Step 101/196 | Loss: 0.6802 | Acc: 83.18%
[2025-06-02 11:25:09,839] INFO: Epoch 47 training completed
[2025-06-02 11:25:12,811] INFO: Test Loss: 1.2767 | Test Acc: 71.17%
[2025-06-02 11:25:13,463] INFO: Epoch 48 | Step 1/196 | Loss: 0.6808 | Acc: 84.38%
[2025-06-02 11:25:41,226] INFO: Epoch 48 | Step 101/196 | Loss: 0.6803 | Acc: 83.28%
[2025-06-02 11:26:07,450] INFO: Epoch 48 training completed
[2025-06-02 11:26:10,418] INFO: Test Loss: 1.2903 | Test Acc: 70.64%
[2025-06-02 11:26:11,083] INFO: Epoch 49 | Step 1/196 | Loss: 0.6832 | Acc: 85.55%
[2025-06-02 11:26:38,837] INFO: Epoch 49 | Step 101/196 | Loss: 0.6811 | Acc: 83.15%
[2025-06-02 11:27:05,041] INFO: Epoch 49 training completed
[2025-06-02 11:27:08,012] INFO: Test Loss: 1.2106 | Test Acc: 75.87%
[2025-06-02 11:27:08,791] INFO: Epoch 50 | Step 1/196 | Loss: 0.6607 | Acc: 87.89%
[2025-06-02 11:27:36,549] INFO: Epoch 50 | Step 101/196 | Loss: 0.6820 | Acc: 83.04%
[2025-06-02 11:28:02,763] INFO: Epoch 50 training completed
[2025-06-02 11:28:05,732] INFO: Test Loss: 1.1974 | Test Acc: 74.86%
[2025-06-02 11:28:06,389] INFO: Epoch 51 | Step 1/196 | Loss: 0.6743 | Acc: 85.55%
[2025-06-02 11:28:34,148] INFO: Epoch 51 | Step 101/196 | Loss: 0.6810 | Acc: 82.99%
[2025-06-02 11:29:00,353] INFO: Epoch 51 training completed
[2025-06-02 11:29:03,325] INFO: Test Loss: 1.2393 | Test Acc: 73.27%
[2025-06-02 11:29:03,989] INFO: Epoch 52 | Step 1/196 | Loss: 0.6703 | Acc: 87.11%
[2025-06-02 11:29:31,745] INFO: Epoch 52 | Step 101/196 | Loss: 0.6796 | Acc: 83.34%
[2025-06-02 11:29:57,947] INFO: Epoch 52 training completed
[2025-06-02 11:30:00,929] INFO: Test Loss: 1.2788 | Test Acc: 69.80%
[2025-06-02 11:30:01,597] INFO: Epoch 53 | Step 1/196 | Loss: 0.6821 | Acc: 83.98%
[2025-06-02 11:30:29,369] INFO: Epoch 53 | Step 101/196 | Loss: 0.6808 | Acc: 83.16%
[2025-06-02 11:30:55,569] INFO: Epoch 53 training completed
[2025-06-02 11:30:58,543] INFO: Test Loss: 1.3378 | Test Acc: 66.51%
[2025-06-02 11:30:59,324] INFO: Epoch 54 | Step 1/196 | Loss: 0.6566 | Acc: 86.33%
[2025-06-02 11:31:27,086] INFO: Epoch 54 | Step 101/196 | Loss: 0.6808 | Acc: 83.02%
[2025-06-02 11:31:53,294] INFO: Epoch 54 training completed
[2025-06-02 11:31:56,262] INFO: Test Loss: 1.3148 | Test Acc: 70.16%
[2025-06-02 11:31:56,927] INFO: Epoch 55 | Step 1/196 | Loss: 0.6604 | Acc: 86.72%
[2025-06-02 11:32:24,691] INFO: Epoch 55 | Step 101/196 | Loss: 0.6789 | Acc: 83.42%
[2025-06-02 11:32:50,909] INFO: Epoch 55 training completed
[2025-06-02 11:32:53,879] INFO: Test Loss: 1.3233 | Test Acc: 68.90%
[2025-06-02 11:32:54,549] INFO: Epoch 56 | Step 1/196 | Loss: 0.6698 | Acc: 84.77%
[2025-06-02 11:33:22,314] INFO: Epoch 56 | Step 101/196 | Loss: 0.6806 | Acc: 83.00%
[2025-06-02 11:33:48,519] INFO: Epoch 56 training completed
[2025-06-02 11:33:51,494] INFO: Test Loss: 1.2249 | Test Acc: 73.19%
[2025-06-02 11:33:52,159] INFO: Epoch 57 | Step 1/196 | Loss: 0.6672 | Acc: 87.50%
[2025-06-02 11:34:19,926] INFO: Epoch 57 | Step 101/196 | Loss: 0.6789 | Acc: 83.14%
[2025-06-02 11:34:46,138] INFO: Epoch 57 training completed
[2025-06-02 11:34:49,109] INFO: Test Loss: 1.1972 | Test Acc: 74.69%
[2025-06-02 11:34:49,780] INFO: Epoch 58 | Step 1/196 | Loss: 0.6536 | Acc: 88.28%
[2025-06-02 11:35:17,544] INFO: Epoch 58 | Step 101/196 | Loss: 0.6804 | Acc: 82.87%
[2025-06-02 11:35:43,752] INFO: Epoch 58 training completed
[2025-06-02 11:35:46,720] INFO: Test Loss: 1.1916 | Test Acc: 76.30%
[2025-06-02 11:35:47,380] INFO: Epoch 59 | Step 1/196 | Loss: 0.6858 | Acc: 83.20%
[2025-06-02 11:36:15,137] INFO: Epoch 59 | Step 101/196 | Loss: 0.6832 | Acc: 82.77%
[2025-06-02 11:36:41,333] INFO: Epoch 59 training completed
[2025-06-02 11:36:44,298] INFO: Test Loss: 1.2138 | Test Acc: 73.52%
[2025-06-02 11:36:44,971] INFO: Epoch 60 | Step 1/196 | Loss: 0.6609 | Acc: 85.55%
[2025-06-02 11:37:12,727] INFO: Epoch 60 | Step 101/196 | Loss: 0.6841 | Acc: 82.52%
[2025-06-02 11:37:38,923] INFO: Epoch 60 training completed
[2025-06-02 11:37:41,897] INFO: Test Loss: 1.2140 | Test Acc: 74.09%
[2025-06-02 11:37:42,573] INFO: Epoch 61 | Step 1/196 | Loss: 0.6660 | Acc: 84.77%
[2025-06-02 11:38:10,342] INFO: Epoch 61 | Step 101/196 | Loss: 0.6829 | Acc: 82.80%
[2025-06-02 11:38:36,586] INFO: Epoch 61 training completed
[2025-06-02 11:38:39,555] INFO: Test Loss: 1.2828 | Test Acc: 70.69%
[2025-06-02 11:38:40,324] INFO: Epoch 62 | Step 1/196 | Loss: 0.6597 | Acc: 87.50%
[2025-06-02 11:39:08,112] INFO: Epoch 62 | Step 101/196 | Loss: 0.6809 | Acc: 82.92%
[2025-06-02 11:39:34,334] INFO: Epoch 62 training completed
[2025-06-02 11:39:37,308] INFO: Test Loss: 1.3330 | Test Acc: 67.14%
[2025-06-02 11:39:37,966] INFO: Epoch 63 | Step 1/196 | Loss: 0.6705 | Acc: 85.55%
[2025-06-02 11:40:05,737] INFO: Epoch 63 | Step 101/196 | Loss: 0.6805 | Acc: 83.22%
[2025-06-02 11:40:31,958] INFO: Epoch 63 training completed
[2025-06-02 11:40:34,939] INFO: Test Loss: 1.3619 | Test Acc: 66.40%
[2025-06-02 11:40:35,646] INFO: Epoch 64 | Step 1/196 | Loss: 0.6663 | Acc: 86.33%
[2025-06-02 11:41:03,428] INFO: Epoch 64 | Step 101/196 | Loss: 0.6827 | Acc: 82.70%
[2025-06-02 11:41:29,648] INFO: Epoch 64 training completed
[2025-06-02 11:41:32,625] INFO: Test Loss: 1.3560 | Test Acc: 65.72%
[2025-06-02 11:41:33,291] INFO: Epoch 65 | Step 1/196 | Loss: 0.6776 | Acc: 84.77%
[2025-06-02 11:42:01,066] INFO: Epoch 65 | Step 101/196 | Loss: 0.6812 | Acc: 82.98%
[2025-06-02 11:42:27,297] INFO: Epoch 65 training completed
[2025-06-02 11:42:30,269] INFO: Test Loss: 1.3190 | Test Acc: 68.15%
[2025-06-02 11:42:31,052] INFO: Epoch 66 | Step 1/196 | Loss: 0.6819 | Acc: 83.98%
[2025-06-02 11:42:58,820] INFO: Epoch 66 | Step 101/196 | Loss: 0.6823 | Acc: 82.80%
[2025-06-02 11:43:25,050] INFO: Epoch 66 training completed
[2025-06-02 11:43:28,020] INFO: Test Loss: 1.2414 | Test Acc: 71.32%
[2025-06-02 11:43:28,686] INFO: Epoch 67 | Step 1/196 | Loss: 0.6734 | Acc: 83.98%
[2025-06-02 11:43:56,455] INFO: Epoch 67 | Step 101/196 | Loss: 0.6828 | Acc: 82.79%
[2025-06-02 11:44:22,682] INFO: Epoch 67 training completed
[2025-06-02 11:44:25,652] INFO: Test Loss: 1.2221 | Test Acc: 72.90%
[2025-06-02 11:44:26,316] INFO: Epoch 68 | Step 1/196 | Loss: 0.6583 | Acc: 87.50%
[2025-06-02 11:44:54,092] INFO: Epoch 68 | Step 101/196 | Loss: 0.6812 | Acc: 82.71%
[2025-06-02 11:45:20,330] INFO: Epoch 68 training completed
[2025-06-02 11:45:23,303] INFO: Test Loss: 1.2253 | Test Acc: 73.48%
[2025-06-02 11:45:23,980] INFO: Epoch 69 | Step 1/196 | Loss: 0.6663 | Acc: 86.72%
[2025-06-02 11:45:51,756] INFO: Epoch 69 | Step 101/196 | Loss: 0.6830 | Acc: 82.78%
[2025-06-02 11:46:17,972] INFO: Epoch 69 training completed
[2025-06-02 11:46:20,975] INFO: Test Loss: 1.1931 | Test Acc: 75.47%
[2025-06-02 11:46:21,645] INFO: Epoch 70 | Step 1/196 | Loss: 0.6707 | Acc: 85.16%
[2025-06-02 11:46:49,411] INFO: Epoch 70 | Step 101/196 | Loss: 0.6812 | Acc: 83.01%
[2025-06-02 11:47:15,641] INFO: Epoch 70 training completed
[2025-06-02 11:47:18,608] INFO: Test Loss: 1.2116 | Test Acc: 73.44%
[2025-06-02 11:47:19,272] INFO: Epoch 71 | Step 1/196 | Loss: 0.6875 | Acc: 82.42%
[2025-06-02 11:47:47,050] INFO: Epoch 71 | Step 101/196 | Loss: 0.6812 | Acc: 82.88%
[2025-06-02 11:48:13,255] INFO: Epoch 71 training completed
[2025-06-02 11:48:16,224] INFO: Test Loss: 1.3112 | Test Acc: 70.86%
[2025-06-02 11:48:16,891] INFO: Epoch 72 | Step 1/196 | Loss: 0.6593 | Acc: 87.11%
[2025-06-02 11:48:44,653] INFO: Epoch 72 | Step 101/196 | Loss: 0.6788 | Acc: 83.18%
[2025-06-02 11:49:10,874] INFO: Epoch 72 training completed
[2025-06-02 11:49:13,854] INFO: Test Loss: 1.2516 | Test Acc: 71.17%
[2025-06-02 11:49:14,512] INFO: Epoch 73 | Step 1/196 | Loss: 0.6715 | Acc: 87.11%
[2025-06-02 11:49:42,290] INFO: Epoch 73 | Step 101/196 | Loss: 0.6785 | Acc: 83.43%
[2025-06-02 11:50:08,569] INFO: Epoch 73 training completed
[2025-06-02 11:50:11,566] INFO: Test Loss: 1.1797 | Test Acc: 75.35%
[2025-06-02 11:50:12,382] INFO: Epoch 74 | Step 1/196 | Loss: 0.6650 | Acc: 85.55%
[2025-06-02 11:50:40,159] INFO: Epoch 74 | Step 101/196 | Loss: 0.6796 | Acc: 83.30%
[2025-06-02 11:51:06,386] INFO: Epoch 74 training completed
[2025-06-02 11:51:09,364] INFO: Test Loss: 1.2483 | Test Acc: 72.04%
[2025-06-02 11:51:10,033] INFO: Epoch 75 | Step 1/196 | Loss: 0.6647 | Acc: 86.72%
[2025-06-02 11:51:37,802] INFO: Epoch 75 | Step 101/196 | Loss: 0.6780 | Acc: 83.38%
[2025-06-02 11:52:04,022] INFO: Epoch 75 training completed
[2025-06-02 11:52:06,988] INFO: Test Loss: 1.2014 | Test Acc: 74.73%
[2025-06-02 11:52:07,654] INFO: Epoch 76 | Step 1/196 | Loss: 0.6836 | Acc: 82.81%
[2025-06-02 11:52:35,421] INFO: Epoch 76 | Step 101/196 | Loss: 0.6796 | Acc: 83.25%
[2025-06-02 11:53:01,650] INFO: Epoch 76 training completed
[2025-06-02 11:53:04,626] INFO: Test Loss: 1.2452 | Test Acc: 71.81%
[2025-06-02 11:53:05,293] INFO: Epoch 77 | Step 1/196 | Loss: 0.6667 | Acc: 85.16%
[2025-06-02 11:53:33,063] INFO: Epoch 77 | Step 101/196 | Loss: 0.6793 | Acc: 83.07%
[2025-06-02 11:53:59,274] INFO: Epoch 77 training completed
[2025-06-02 11:54:02,246] INFO: Test Loss: 1.1831 | Test Acc: 75.09%
[2025-06-02 11:54:03,023] INFO: Epoch 78 | Step 1/196 | Loss: 0.6535 | Acc: 87.11%
[2025-06-02 11:54:30,777] INFO: Epoch 78 | Step 101/196 | Loss: 0.6787 | Acc: 83.07%
[2025-06-02 11:54:56,983] INFO: Epoch 78 training completed
[2025-06-02 11:54:59,947] INFO: Test Loss: 1.2548 | Test Acc: 72.97%
[2025-06-02 11:55:00,672] INFO: Epoch 79 | Step 1/196 | Loss: 0.6590 | Acc: 86.33%
[2025-06-02 11:55:28,441] INFO: Epoch 79 | Step 101/196 | Loss: 0.6779 | Acc: 83.22%
[2025-06-02 11:55:54,663] INFO: Epoch 79 training completed
[2025-06-02 11:55:57,637] INFO: Test Loss: 1.1397 | Test Acc: 77.88%
[2025-06-02 11:55:57,751] INFO: New best accuracy: 77.88%, model saved.
[2025-06-02 11:55:58,418] INFO: Epoch 80 | Step 1/196 | Loss: 0.6685 | Acc: 86.72%
[2025-06-02 11:56:26,198] INFO: Epoch 80 | Step 101/196 | Loss: 0.6782 | Acc: 83.42%
[2025-06-02 11:56:52,410] INFO: Epoch 80 training completed
[2025-06-02 11:56:55,389] INFO: Test Loss: 1.3953 | Test Acc: 64.95%
[2025-06-02 11:56:56,096] INFO: Epoch 81 | Step 1/196 | Loss: 0.6554 | Acc: 87.50%
[2025-06-02 11:57:23,854] INFO: Epoch 81 | Step 101/196 | Loss: 0.6757 | Acc: 83.56%
[2025-06-02 11:57:50,059] INFO: Epoch 81 training completed
[2025-06-02 11:57:53,029] INFO: Test Loss: 1.1694 | Test Acc: 75.73%
[2025-06-02 11:57:53,803] INFO: Epoch 82 | Step 1/196 | Loss: 0.6606 | Acc: 85.94%
[2025-06-02 11:58:21,568] INFO: Epoch 82 | Step 101/196 | Loss: 0.6774 | Acc: 83.41%
[2025-06-02 11:58:47,772] INFO: Epoch 82 training completed
[2025-06-02 11:58:50,748] INFO: Test Loss: 1.2322 | Test Acc: 72.37%
[2025-06-02 11:58:51,410] INFO: Epoch 83 | Step 1/196 | Loss: 0.6758 | Acc: 84.77%
[2025-06-02 11:59:19,187] INFO: Epoch 83 | Step 101/196 | Loss: 0.6761 | Acc: 83.45%
[2025-06-02 11:59:45,409] INFO: Epoch 83 training completed
[2025-06-02 11:59:48,382] INFO: Test Loss: 1.2853 | Test Acc: 69.48%
[2025-06-02 11:59:49,052] INFO: Epoch 84 | Step 1/196 | Loss: 0.6557 | Acc: 87.89%
[2025-06-02 12:00:16,818] INFO: Epoch 84 | Step 101/196 | Loss: 0.6760 | Acc: 83.57%
[2025-06-02 12:00:43,033] INFO: Epoch 84 training completed
[2025-06-02 12:00:46,001] INFO: Test Loss: 1.2923 | Test Acc: 70.71%
[2025-06-02 12:00:46,667] INFO: Epoch 85 | Step 1/196 | Loss: 0.6568 | Acc: 87.50%
[2025-06-02 12:01:15,212] INFO: Epoch 85 | Step 101/196 | Loss: 0.6755 | Acc: 83.79%
[2025-06-02 12:01:41,428] INFO: Epoch 85 training completed
[2025-06-02 12:01:44,398] INFO: Test Loss: 1.1814 | Test Acc: 75.87%
[2025-06-02 12:01:45,079] INFO: Epoch 86 | Step 1/196 | Loss: 0.6681 | Acc: 86.33%
[2025-06-02 12:02:12,843] INFO: Epoch 86 | Step 101/196 | Loss: 0.6754 | Acc: 83.65%
[2025-06-02 12:02:39,071] INFO: Epoch 86 training completed
[2025-06-02 12:02:42,048] INFO: Test Loss: 1.1625 | Test Acc: 76.40%
[2025-06-02 12:02:42,711] INFO: Epoch 87 | Step 1/196 | Loss: 0.6575 | Acc: 85.55%
[2025-06-02 12:03:10,477] INFO: Epoch 87 | Step 101/196 | Loss: 0.6765 | Acc: 83.30%
[2025-06-02 12:03:36,683] INFO: Epoch 87 training completed
[2025-06-02 12:03:39,673] INFO: Test Loss: 1.1900 | Test Acc: 75.65%
[2025-06-02 12:03:40,335] INFO: Epoch 88 | Step 1/196 | Loss: 0.6620 | Acc: 85.94%
[2025-06-02 12:04:08,108] INFO: Epoch 88 | Step 101/196 | Loss: 0.6755 | Acc: 83.66%
[2025-06-02 12:04:34,328] INFO: Epoch 88 training completed
[2025-06-02 12:04:37,301] INFO: Test Loss: 1.1875 | Test Acc: 75.23%
[2025-06-02 12:04:37,966] INFO: Epoch 89 | Step 1/196 | Loss: 0.6557 | Acc: 86.72%
[2025-06-02 12:05:05,735] INFO: Epoch 89 | Step 101/196 | Loss: 0.6734 | Acc: 83.97%
[2025-06-02 12:05:31,951] INFO: Epoch 89 training completed
[2025-06-02 12:05:34,918] INFO: Test Loss: 1.1350 | Test Acc: 77.89%
[2025-06-02 12:05:35,133] INFO: New best accuracy: 77.89%, model saved.
[2025-06-02 12:05:35,798] INFO: Epoch 90 | Step 1/196 | Loss: 0.6571 | Acc: 87.50%
[2025-06-02 12:06:03,572] INFO: Epoch 90 | Step 101/196 | Loss: 0.6757 | Acc: 83.66%
[2025-06-02 12:06:29,790] INFO: Epoch 90 training completed
[2025-06-02 12:06:32,760] INFO: Test Loss: 1.2678 | Test Acc: 69.37%
[2025-06-02 12:06:33,424] INFO: Epoch 91 | Step 1/196 | Loss: 0.6790 | Acc: 85.94%
[2025-06-02 12:07:01,195] INFO: Epoch 91 | Step 101/196 | Loss: 0.6747 | Acc: 83.86%
[2025-06-02 12:07:27,408] INFO: Epoch 91 training completed
[2025-06-02 12:07:30,387] INFO: Test Loss: 1.1638 | Test Acc: 74.45%
[2025-06-02 12:07:31,068] INFO: Epoch 92 | Step 1/196 | Loss: 0.6632 | Acc: 86.33%
[2025-06-02 12:07:58,845] INFO: Epoch 92 | Step 101/196 | Loss: 0.6734 | Acc: 84.00%
[2025-06-02 12:08:25,077] INFO: Epoch 92 training completed
[2025-06-02 12:08:28,057] INFO: Test Loss: 1.2597 | Test Acc: 73.41%
[2025-06-02 12:08:28,719] INFO: Epoch 93 | Step 1/196 | Loss: 0.6631 | Acc: 85.55%
[2025-06-02 12:08:56,510] INFO: Epoch 93 | Step 101/196 | Loss: 0.6717 | Acc: 84.32%
[2025-06-02 12:09:22,737] INFO: Epoch 93 training completed
[2025-06-02 12:09:25,705] INFO: Test Loss: 1.2045 | Test Acc: 74.44%
[2025-06-02 12:09:26,379] INFO: Epoch 94 | Step 1/196 | Loss: 0.6506 | Acc: 86.72%
[2025-06-02 12:09:54,162] INFO: Epoch 94 | Step 101/196 | Loss: 0.6704 | Acc: 84.26%
[2025-06-02 12:10:20,391] INFO: Epoch 94 training completed
[2025-06-02 12:10:23,364] INFO: Test Loss: 1.2775 | Test Acc: 69.60%
[2025-06-02 12:10:24,023] INFO: Epoch 95 | Step 1/196 | Loss: 0.6710 | Acc: 85.16%
[2025-06-02 12:10:51,809] INFO: Epoch 95 | Step 101/196 | Loss: 0.6730 | Acc: 83.92%
[2025-06-02 12:11:18,046] INFO: Epoch 95 training completed
[2025-06-02 12:11:21,016] INFO: Test Loss: 1.3229 | Test Acc: 68.38%
[2025-06-02 12:11:21,698] INFO: Epoch 96 | Step 1/196 | Loss: 0.6470 | Acc: 87.11%
[2025-06-02 12:11:49,474] INFO: Epoch 96 | Step 101/196 | Loss: 0.6702 | Acc: 84.18%
[2025-06-02 12:12:15,700] INFO: Epoch 96 training completed
[2025-06-02 12:12:18,670] INFO: Test Loss: 1.1382 | Test Acc: 78.40%
[2025-06-02 12:12:18,781] INFO: New best accuracy: 78.40%, model saved.
[2025-06-02 12:12:19,443] INFO: Epoch 97 | Step 1/196 | Loss: 0.6478 | Acc: 88.67%
[2025-06-02 12:12:47,226] INFO: Epoch 97 | Step 101/196 | Loss: 0.6690 | Acc: 84.50%
[2025-06-02 12:13:13,447] INFO: Epoch 97 training completed
[2025-06-02 12:13:16,422] INFO: Test Loss: 1.3143 | Test Acc: 68.27%
[2025-06-02 12:13:17,090] INFO: Epoch 98 | Step 1/196 | Loss: 0.6581 | Acc: 85.94%
[2025-06-02 12:13:44,868] INFO: Epoch 98 | Step 101/196 | Loss: 0.6679 | Acc: 84.56%
[2025-06-02 12:14:11,095] INFO: Epoch 98 training completed
[2025-06-02 12:14:14,071] INFO: Test Loss: 1.1847 | Test Acc: 74.38%
[2025-06-02 12:14:14,727] INFO: Epoch 99 | Step 1/196 | Loss: 0.6673 | Acc: 85.16%
[2025-06-02 12:14:42,508] INFO: Epoch 99 | Step 101/196 | Loss: 0.6687 | Acc: 84.50%
[2025-06-02 12:15:08,747] INFO: Epoch 99 training completed
[2025-06-02 12:15:11,716] INFO: Test Loss: 1.3025 | Test Acc: 68.01%
[2025-06-02 12:15:12,380] INFO: Epoch 100 | Step 1/196 | Loss: 0.6581 | Acc: 85.55%
[2025-06-02 12:15:40,149] INFO: Epoch 100 | Step 101/196 | Loss: 0.6682 | Acc: 84.56%
[2025-06-02 12:16:06,380] INFO: Epoch 100 training completed
[2025-06-02 12:16:09,352] INFO: Test Loss: 1.2558 | Test Acc: 71.04%
[2025-06-02 12:16:10,020] INFO: Epoch 101 | Step 1/196 | Loss: 0.6638 | Acc: 85.55%
[2025-06-02 12:16:37,790] INFO: Epoch 101 | Step 101/196 | Loss: 0.6688 | Acc: 84.52%
[2025-06-02 12:17:04,026] INFO: Epoch 101 training completed
[2025-06-02 12:17:06,987] INFO: Test Loss: 1.2506 | Test Acc: 72.37%
[2025-06-02 12:17:07,650] INFO: Epoch 102 | Step 1/196 | Loss: 0.6541 | Acc: 86.72%
[2025-06-02 12:17:35,437] INFO: Epoch 102 | Step 101/196 | Loss: 0.6674 | Acc: 84.67%
[2025-06-02 12:18:01,679] INFO: Epoch 102 training completed
[2025-06-02 12:18:04,652] INFO: Test Loss: 1.2796 | Test Acc: 72.42%
[2025-06-02 12:18:05,318] INFO: Epoch 103 | Step 1/196 | Loss: 0.6566 | Acc: 85.94%
[2025-06-02 12:18:33,097] INFO: Epoch 103 | Step 101/196 | Loss: 0.6669 | Acc: 84.82%
[2025-06-02 12:18:59,335] INFO: Epoch 103 training completed
[2025-06-02 12:19:02,310] INFO: Test Loss: 1.2145 | Test Acc: 74.17%
[2025-06-02 12:19:02,981] INFO: Epoch 104 | Step 1/196 | Loss: 0.6576 | Acc: 87.11%
[2025-06-02 12:19:30,772] INFO: Epoch 104 | Step 101/196 | Loss: 0.6654 | Acc: 85.08%
[2025-06-02 12:19:56,994] INFO: Epoch 104 training completed
[2025-06-02 12:19:59,964] INFO: Test Loss: 1.3436 | Test Acc: 67.01%
[2025-06-02 12:20:00,630] INFO: Epoch 105 | Step 1/196 | Loss: 0.6397 | Acc: 90.23%
[2025-06-02 12:20:28,427] INFO: Epoch 105 | Step 101/196 | Loss: 0.6664 | Acc: 84.82%
[2025-06-02 12:20:54,683] INFO: Epoch 105 training completed
[2025-06-02 12:20:57,651] INFO: Test Loss: 1.2661 | Test Acc: 71.10%
[2025-06-02 12:20:58,310] INFO: Epoch 106 | Step 1/196 | Loss: 0.6527 | Acc: 86.72%
[2025-06-02 12:21:26,111] INFO: Epoch 106 | Step 101/196 | Loss: 0.6659 | Acc: 85.06%
[2025-06-02 12:21:52,358] INFO: Epoch 106 training completed
[2025-06-02 12:21:55,331] INFO: Test Loss: 1.3380 | Test Acc: 67.97%
[2025-06-02 12:21:55,997] INFO: Epoch 107 | Step 1/196 | Loss: 0.6694 | Acc: 86.33%
[2025-06-02 12:22:23,793] INFO: Epoch 107 | Step 101/196 | Loss: 0.6678 | Acc: 84.70%
[2025-06-02 12:22:50,033] INFO: Epoch 107 training completed
[2025-06-02 12:22:53,007] INFO: Test Loss: 1.1721 | Test Acc: 75.83%
[2025-06-02 12:22:53,675] INFO: Epoch 108 | Step 1/196 | Loss: 0.6547 | Acc: 87.89%
[2025-06-02 12:23:21,495] INFO: Epoch 108 | Step 101/196 | Loss: 0.6652 | Acc: 85.09%
[2025-06-02 12:23:47,742] INFO: Epoch 108 training completed
[2025-06-02 12:23:50,716] INFO: Test Loss: 1.1132 | Test Acc: 78.52%
[2025-06-02 12:23:50,834] INFO: New best accuracy: 78.52%, model saved.
[2025-06-02 12:23:51,511] INFO: Epoch 109 | Step 1/196 | Loss: 0.6492 | Acc: 87.50%
[2025-06-02 12:24:19,324] INFO: Epoch 109 | Step 101/196 | Loss: 0.6647 | Acc: 85.04%
[2025-06-02 12:24:45,583] INFO: Epoch 109 training completed
[2025-06-02 12:24:48,547] INFO: Test Loss: 1.2727 | Test Acc: 70.74%
[2025-06-02 12:24:49,213] INFO: Epoch 110 | Step 1/196 | Loss: 0.6421 | Acc: 88.67%
[2025-06-02 12:25:17,016] INFO: Epoch 110 | Step 101/196 | Loss: 0.6650 | Acc: 84.88%
[2025-06-02 12:25:43,276] INFO: Epoch 110 training completed
[2025-06-02 12:25:46,239] INFO: Test Loss: 1.0778 | Test Acc: 80.33%
[2025-06-02 12:25:46,349] INFO: New best accuracy: 80.33%, model saved.
[2025-06-02 12:25:47,012] INFO: Epoch 111 | Step 1/196 | Loss: 0.6507 | Acc: 87.89%
[2025-06-02 12:26:14,809] INFO: Epoch 111 | Step 101/196 | Loss: 0.6619 | Acc: 85.42%
[2025-06-02 12:26:41,064] INFO: Epoch 111 training completed
[2025-06-02 12:26:44,038] INFO: Test Loss: 1.1369 | Test Acc: 77.09%
[2025-06-02 12:26:44,709] INFO: Epoch 112 | Step 1/196 | Loss: 0.6492 | Acc: 87.89%
[2025-06-02 12:27:12,518] INFO: Epoch 112 | Step 101/196 | Loss: 0.6606 | Acc: 85.52%
[2025-06-02 12:27:38,773] INFO: Epoch 112 training completed
[2025-06-02 12:27:41,744] INFO: Test Loss: 1.1034 | Test Acc: 79.38%
[2025-06-02 12:27:42,515] INFO: Epoch 113 | Step 1/196 | Loss: 0.6533 | Acc: 86.72%
[2025-06-02 12:28:10,332] INFO: Epoch 113 | Step 101/196 | Loss: 0.6615 | Acc: 85.40%
[2025-06-02 12:28:36,578] INFO: Epoch 113 training completed
[2025-06-02 12:28:39,554] INFO: Test Loss: 1.0743 | Test Acc: 81.59%
[2025-06-02 12:28:39,667] INFO: New best accuracy: 81.59%, model saved.
[2025-06-02 12:28:40,333] INFO: Epoch 114 | Step 1/196 | Loss: 0.6490 | Acc: 89.06%
[2025-06-02 12:29:08,131] INFO: Epoch 114 | Step 101/196 | Loss: 0.6587 | Acc: 85.98%
[2025-06-02 12:29:34,376] INFO: Epoch 114 training completed
[2025-06-02 12:29:37,347] INFO: Test Loss: 1.1162 | Test Acc: 78.72%
[2025-06-02 12:29:38,035] INFO: Epoch 115 | Step 1/196 | Loss: 0.6470 | Acc: 87.50%
[2025-06-02 12:30:05,859] INFO: Epoch 115 | Step 101/196 | Loss: 0.6589 | Acc: 85.74%
[2025-06-02 12:30:32,090] INFO: Epoch 115 training completed
[2025-06-02 12:30:35,068] INFO: Test Loss: 1.1763 | Test Acc: 75.48%
[2025-06-02 12:30:35,730] INFO: Epoch 116 | Step 1/196 | Loss: 0.6433 | Acc: 89.45%
[2025-06-02 12:31:03,539] INFO: Epoch 116 | Step 101/196 | Loss: 0.6597 | Acc: 85.37%
[2025-06-02 12:31:29,778] INFO: Epoch 116 training completed
[2025-06-02 12:31:32,739] INFO: Test Loss: 1.2016 | Test Acc: 73.86%
[2025-06-02 12:31:33,515] INFO: Epoch 117 | Step 1/196 | Loss: 0.6477 | Acc: 89.45%
[2025-06-02 12:32:01,315] INFO: Epoch 117 | Step 101/196 | Loss: 0.6576 | Acc: 85.87%
[2025-06-02 12:32:27,562] INFO: Epoch 117 training completed
[2025-06-02 12:32:30,537] INFO: Test Loss: 1.2229 | Test Acc: 72.63%
[2025-06-02 12:32:31,204] INFO: Epoch 118 | Step 1/196 | Loss: 0.6539 | Acc: 87.50%
[2025-06-02 12:32:59,019] INFO: Epoch 118 | Step 101/196 | Loss: 0.6595 | Acc: 85.54%
[2025-06-02 12:33:25,267] INFO: Epoch 118 training completed
[2025-06-02 12:33:28,240] INFO: Test Loss: 1.0731 | Test Acc: 81.08%
[2025-06-02 12:33:28,911] INFO: Epoch 119 | Step 1/196 | Loss: 0.6354 | Acc: 91.41%
[2025-06-02 12:33:56,726] INFO: Epoch 119 | Step 101/196 | Loss: 0.6586 | Acc: 85.81%
[2025-06-02 12:34:22,949] INFO: Epoch 119 training completed
[2025-06-02 12:34:25,923] INFO: Test Loss: 1.1500 | Test Acc: 77.13%
[2025-06-02 12:34:26,592] INFO: Epoch 120 | Step 1/196 | Loss: 0.6541 | Acc: 85.55%
[2025-06-02 12:34:54,386] INFO: Epoch 120 | Step 101/196 | Loss: 0.6578 | Acc: 85.80%
[2025-06-02 12:35:20,623] INFO: Epoch 120 training completed
[2025-06-02 12:35:23,603] INFO: Test Loss: 1.2906 | Test Acc: 70.77%
[2025-06-02 12:35:24,269] INFO: Epoch 121 | Step 1/196 | Loss: 0.6505 | Acc: 88.28%
[2025-06-02 12:35:52,061] INFO: Epoch 121 | Step 101/196 | Loss: 0.6558 | Acc: 86.17%
[2025-06-02 12:36:18,303] INFO: Epoch 121 training completed
[2025-06-02 12:36:21,282] INFO: Test Loss: 1.0589 | Test Acc: 81.77%
[2025-06-02 12:36:21,392] INFO: New best accuracy: 81.77%, model saved.
[2025-06-02 12:36:22,051] INFO: Epoch 122 | Step 1/196 | Loss: 0.6402 | Acc: 88.67%
[2025-06-02 12:36:49,846] INFO: Epoch 122 | Step 101/196 | Loss: 0.6568 | Acc: 86.01%
[2025-06-02 12:37:16,086] INFO: Epoch 122 training completed
[2025-06-02 12:37:19,057] INFO: Test Loss: 1.0917 | Test Acc: 80.22%
[2025-06-02 12:37:19,720] INFO: Epoch 123 | Step 1/196 | Loss: 0.6351 | Acc: 88.67%
[2025-06-02 12:37:47,520] INFO: Epoch 123 | Step 101/196 | Loss: 0.6535 | Acc: 86.38%
[2025-06-02 12:38:13,758] INFO: Epoch 123 training completed
[2025-06-02 12:38:16,733] INFO: Test Loss: 1.0627 | Test Acc: 81.17%
[2025-06-02 12:38:17,392] INFO: Epoch 124 | Step 1/196 | Loss: 0.6602 | Acc: 84.77%
[2025-06-02 12:38:45,213] INFO: Epoch 124 | Step 101/196 | Loss: 0.6532 | Acc: 86.29%
[2025-06-02 12:39:11,458] INFO: Epoch 124 training completed
[2025-06-02 12:39:14,436] INFO: Test Loss: 1.1296 | Test Acc: 78.69%
[2025-06-02 12:39:15,101] INFO: Epoch 125 | Step 1/196 | Loss: 0.6476 | Acc: 88.67%
[2025-06-02 12:39:42,891] INFO: Epoch 125 | Step 101/196 | Loss: 0.6530 | Acc: 86.38%
[2025-06-02 12:40:09,138] INFO: Epoch 125 training completed
[2025-06-02 12:40:12,108] INFO: Test Loss: 1.0984 | Test Acc: 79.31%
[2025-06-02 12:40:12,791] INFO: Epoch 126 | Step 1/196 | Loss: 0.6394 | Acc: 89.06%
[2025-06-02 12:40:40,592] INFO: Epoch 126 | Step 101/196 | Loss: 0.6516 | Acc: 86.57%
[2025-06-02 12:41:06,829] INFO: Epoch 126 training completed
[2025-06-02 12:41:09,804] INFO: Test Loss: 1.1113 | Test Acc: 79.24%
[2025-06-02 12:41:10,466] INFO: Epoch 127 | Step 1/196 | Loss: 0.6474 | Acc: 87.11%
[2025-06-02 12:41:38,260] INFO: Epoch 127 | Step 101/196 | Loss: 0.6505 | Acc: 87.02%
[2025-06-02 12:42:04,509] INFO: Epoch 127 training completed
[2025-06-02 12:42:07,473] INFO: Test Loss: 1.0756 | Test Acc: 80.81%
[2025-06-02 12:42:08,141] INFO: Epoch 128 | Step 1/196 | Loss: 0.6463 | Acc: 89.06%
[2025-06-02 12:42:35,941] INFO: Epoch 128 | Step 101/196 | Loss: 0.6495 | Acc: 87.09%
[2025-06-02 12:43:02,198] INFO: Epoch 128 training completed
[2025-06-02 12:43:05,167] INFO: Test Loss: 1.1060 | Test Acc: 79.06%
[2025-06-02 12:43:05,829] INFO: Epoch 129 | Step 1/196 | Loss: 0.6351 | Acc: 88.28%
[2025-06-02 12:43:33,616] INFO: Epoch 129 | Step 101/196 | Loss: 0.6500 | Acc: 86.85%
[2025-06-02 12:43:59,857] INFO: Epoch 129 training completed
[2025-06-02 12:44:02,838] INFO: Test Loss: 1.0453 | Test Acc: 82.05%
[2025-06-02 12:44:02,948] INFO: New best accuracy: 82.05%, model saved.
[2025-06-02 12:44:03,605] INFO: Epoch 130 | Step 1/196 | Loss: 0.6288 | Acc: 91.80%
[2025-06-02 12:44:31,400] INFO: Epoch 130 | Step 101/196 | Loss: 0.6455 | Acc: 87.43%
[2025-06-02 12:44:57,638] INFO: Epoch 130 training completed
[2025-06-02 12:45:00,610] INFO: Test Loss: 1.0374 | Test Acc: 81.93%
[2025-06-02 12:45:01,290] INFO: Epoch 131 | Step 1/196 | Loss: 0.6428 | Acc: 88.28%
[2025-06-02 12:45:29,085] INFO: Epoch 131 | Step 101/196 | Loss: 0.6465 | Acc: 87.20%
[2025-06-02 12:45:55,313] INFO: Epoch 131 training completed
[2025-06-02 12:45:58,287] INFO: Test Loss: 1.1228 | Test Acc: 77.74%
[2025-06-02 12:45:58,952] INFO: Epoch 132 | Step 1/196 | Loss: 0.6334 | Acc: 90.23%
[2025-06-02 12:46:26,737] INFO: Epoch 132 | Step 101/196 | Loss: 0.6475 | Acc: 87.17%
[2025-06-02 12:46:52,968] INFO: Epoch 132 training completed
[2025-06-02 12:46:55,937] INFO: Test Loss: 1.0646 | Test Acc: 80.78%
[2025-06-02 12:46:56,599] INFO: Epoch 133 | Step 1/196 | Loss: 0.6257 | Acc: 91.41%
[2025-06-02 12:47:24,394] INFO: Epoch 133 | Step 101/196 | Loss: 0.6457 | Acc: 87.28%
[2025-06-02 12:47:50,635] INFO: Epoch 133 training completed
[2025-06-02 12:47:53,605] INFO: Test Loss: 1.0911 | Test Acc: 79.58%
[2025-06-02 12:47:54,263] INFO: Epoch 134 | Step 1/196 | Loss: 0.6392 | Acc: 88.28%
[2025-06-02 12:48:22,059] INFO: Epoch 134 | Step 101/196 | Loss: 0.6438 | Acc: 87.45%
[2025-06-02 12:48:48,279] INFO: Epoch 134 training completed
[2025-06-02 12:48:51,240] INFO: Test Loss: 1.0274 | Test Acc: 82.53%
[2025-06-02 12:48:51,350] INFO: New best accuracy: 82.53%, model saved.
[2025-06-02 12:48:52,022] INFO: Epoch 135 | Step 1/196 | Loss: 0.6468 | Acc: 87.89%
[2025-06-02 12:49:19,806] INFO: Epoch 135 | Step 101/196 | Loss: 0.6416 | Acc: 87.93%
[2025-06-02 12:49:46,028] INFO: Epoch 135 training completed
[2025-06-02 12:49:49,012] INFO: Test Loss: 1.1962 | Test Acc: 73.48%
[2025-06-02 12:49:49,793] INFO: Epoch 136 | Step 1/196 | Loss: 0.6377 | Acc: 90.23%
[2025-06-02 12:50:17,603] INFO: Epoch 136 | Step 101/196 | Loss: 0.6420 | Acc: 87.69%
[2025-06-02 12:50:43,829] INFO: Epoch 136 training completed
[2025-06-02 12:50:46,801] INFO: Test Loss: 1.0384 | Test Acc: 82.34%
[2025-06-02 12:50:47,487] INFO: Epoch 137 | Step 1/196 | Loss: 0.6439 | Acc: 89.06%
[2025-06-02 12:51:15,282] INFO: Epoch 137 | Step 101/196 | Loss: 0.6403 | Acc: 87.94%
[2025-06-02 12:51:41,496] INFO: Epoch 137 training completed
[2025-06-02 12:51:44,474] INFO: Test Loss: 1.0578 | Test Acc: 81.19%
[2025-06-02 12:51:45,139] INFO: Epoch 138 | Step 1/196 | Loss: 0.6122 | Acc: 94.14%
[2025-06-02 12:52:12,923] INFO: Epoch 138 | Step 101/196 | Loss: 0.6401 | Acc: 87.89%
[2025-06-02 12:52:39,149] INFO: Epoch 138 training completed
[2025-06-02 12:52:42,122] INFO: Test Loss: 1.0642 | Test Acc: 81.36%
[2025-06-02 12:52:42,797] INFO: Epoch 139 | Step 1/196 | Loss: 0.6168 | Acc: 91.41%
[2025-06-02 12:53:10,579] INFO: Epoch 139 | Step 101/196 | Loss: 0.6375 | Acc: 88.43%
[2025-06-02 12:53:36,808] INFO: Epoch 139 training completed
[2025-06-02 12:53:39,781] INFO: Test Loss: 1.0344 | Test Acc: 82.62%
[2025-06-02 12:53:39,996] INFO: New best accuracy: 82.62%, model saved.
[2025-06-02 12:53:40,654] INFO: Epoch 140 | Step 1/196 | Loss: 0.6233 | Acc: 91.80%
[2025-06-02 12:54:08,441] INFO: Epoch 140 | Step 101/196 | Loss: 0.6368 | Acc: 88.47%
[2025-06-02 12:54:34,667] INFO: Epoch 140 training completed
[2025-06-02 12:54:37,643] INFO: Test Loss: 1.0397 | Test Acc: 82.46%
[2025-06-02 12:54:38,301] INFO: Epoch 141 | Step 1/196 | Loss: 0.6305 | Acc: 89.84%
[2025-06-02 12:55:06,094] INFO: Epoch 141 | Step 101/196 | Loss: 0.6351 | Acc: 88.59%
[2025-06-02 12:55:32,308] INFO: Epoch 141 training completed
[2025-06-02 12:55:35,280] INFO: Test Loss: 1.1034 | Test Acc: 78.89%
[2025-06-02 12:55:35,941] INFO: Epoch 142 | Step 1/196 | Loss: 0.6290 | Acc: 89.45%
[2025-06-02 12:56:03,719] INFO: Epoch 142 | Step 101/196 | Loss: 0.6352 | Acc: 88.49%
[2025-06-02 12:56:29,939] INFO: Epoch 142 training completed
[2025-06-02 12:56:32,910] INFO: Test Loss: 1.0696 | Test Acc: 80.65%
[2025-06-02 12:56:33,571] INFO: Epoch 143 | Step 1/196 | Loss: 0.6279 | Acc: 89.45%
[2025-06-02 12:57:01,342] INFO: Epoch 143 | Step 101/196 | Loss: 0.6330 | Acc: 88.81%
[2025-06-02 12:57:27,558] INFO: Epoch 143 training completed
[2025-06-02 12:57:30,525] INFO: Test Loss: 0.9806 | Test Acc: 85.66%
[2025-06-02 12:57:30,632] INFO: New best accuracy: 85.66%, model saved.
[2025-06-02 12:57:31,326] INFO: Epoch 144 | Step 1/196 | Loss: 0.6382 | Acc: 87.89%
[2025-06-02 12:57:59,096] INFO: Epoch 144 | Step 101/196 | Loss: 0.6329 | Acc: 88.80%
[2025-06-02 12:58:25,304] INFO: Epoch 144 training completed
[2025-06-02 12:58:28,281] INFO: Test Loss: 1.0250 | Test Acc: 83.25%
[2025-06-02 12:58:28,951] INFO: Epoch 145 | Step 1/196 | Loss: 0.6232 | Acc: 91.80%
[2025-06-02 12:58:56,723] INFO: Epoch 145 | Step 101/196 | Loss: 0.6328 | Acc: 88.76%
[2025-06-02 12:59:22,942] INFO: Epoch 145 training completed
[2025-06-02 12:59:25,908] INFO: Test Loss: 0.9774 | Test Acc: 84.98%
[2025-06-02 12:59:26,575] INFO: Epoch 146 | Step 1/196 | Loss: 0.6241 | Acc: 91.02%
[2025-06-02 12:59:54,346] INFO: Epoch 146 | Step 101/196 | Loss: 0.6298 | Acc: 89.22%
[2025-06-02 13:00:20,574] INFO: Epoch 146 training completed
[2025-06-02 13:00:23,548] INFO: Test Loss: 0.9826 | Test Acc: 84.83%
[2025-06-02 13:00:24,325] INFO: Epoch 147 | Step 1/196 | Loss: 0.6299 | Acc: 89.84%
[2025-06-02 13:00:52,085] INFO: Epoch 147 | Step 101/196 | Loss: 0.6296 | Acc: 89.27%
[2025-06-02 13:01:18,298] INFO: Epoch 147 training completed
[2025-06-02 13:01:21,275] INFO: Test Loss: 1.0074 | Test Acc: 83.80%
[2025-06-02 13:01:21,941] INFO: Epoch 148 | Step 1/196 | Loss: 0.6302 | Acc: 89.84%
[2025-06-02 13:01:49,715] INFO: Epoch 148 | Step 101/196 | Loss: 0.6265 | Acc: 89.69%
[2025-06-02 13:02:15,932] INFO: Epoch 148 training completed
[2025-06-02 13:02:18,905] INFO: Test Loss: 0.9585 | Test Acc: 85.99%
[2025-06-02 13:02:19,015] INFO: New best accuracy: 85.99%, model saved.
[2025-06-02 13:02:19,676] INFO: Epoch 149 | Step 1/196 | Loss: 0.6178 | Acc: 91.80%
[2025-06-02 13:02:47,449] INFO: Epoch 149 | Step 101/196 | Loss: 0.6255 | Acc: 89.70%
[2025-06-02 13:03:13,680] INFO: Epoch 149 training completed
[2025-06-02 13:03:16,655] INFO: Test Loss: 1.0995 | Test Acc: 78.60%
[2025-06-02 13:03:17,321] INFO: Epoch 150 | Step 1/196 | Loss: 0.6237 | Acc: 90.62%
[2025-06-02 13:03:45,091] INFO: Epoch 150 | Step 101/196 | Loss: 0.6260 | Acc: 89.84%
[2025-06-02 13:04:11,318] INFO: Epoch 150 training completed
[2025-06-02 13:04:14,293] INFO: Test Loss: 1.0581 | Test Acc: 81.26%
[2025-06-02 13:04:15,077] INFO: Epoch 151 | Step 1/196 | Loss: 0.6251 | Acc: 89.45%
[2025-06-02 13:04:42,846] INFO: Epoch 151 | Step 101/196 | Loss: 0.6252 | Acc: 89.57%
[2025-06-02 13:05:09,066] INFO: Epoch 151 training completed
[2025-06-02 13:05:12,034] INFO: Test Loss: 0.9890 | Test Acc: 84.52%
[2025-06-02 13:05:12,694] INFO: Epoch 152 | Step 1/196 | Loss: 0.6139 | Acc: 92.19%
[2025-06-02 13:05:40,453] INFO: Epoch 152 | Step 101/196 | Loss: 0.6231 | Acc: 90.00%
[2025-06-02 13:06:06,685] INFO: Epoch 152 training completed
[2025-06-02 13:06:09,672] INFO: Test Loss: 0.9796 | Test Acc: 85.14%
[2025-06-02 13:06:10,342] INFO: Epoch 153 | Step 1/196 | Loss: 0.6131 | Acc: 92.58%
[2025-06-02 13:06:38,112] INFO: Epoch 153 | Step 101/196 | Loss: 0.6217 | Acc: 90.23%
[2025-06-02 13:07:04,336] INFO: Epoch 153 training completed
[2025-06-02 13:07:07,311] INFO: Test Loss: 1.0220 | Test Acc: 82.86%
[2025-06-02 13:07:07,994] INFO: Epoch 154 | Step 1/196 | Loss: 0.5938 | Acc: 93.75%
[2025-06-02 13:07:35,754] INFO: Epoch 154 | Step 101/196 | Loss: 0.6213 | Acc: 90.33%
[2025-06-02 13:08:01,982] INFO: Epoch 154 training completed
[2025-06-02 13:08:04,958] INFO: Test Loss: 1.0061 | Test Acc: 83.85%
[2025-06-02 13:08:05,626] INFO: Epoch 155 | Step 1/196 | Loss: 0.6225 | Acc: 91.41%
[2025-06-02 13:08:33,399] INFO: Epoch 155 | Step 101/196 | Loss: 0.6182 | Acc: 90.77%
[2025-06-02 13:08:59,621] INFO: Epoch 155 training completed
[2025-06-02 13:09:02,608] INFO: Test Loss: 1.0624 | Test Acc: 80.63%
[2025-06-02 13:09:03,274] INFO: Epoch 156 | Step 1/196 | Loss: 0.6082 | Acc: 93.75%
[2025-06-02 13:09:31,047] INFO: Epoch 156 | Step 101/196 | Loss: 0.6166 | Acc: 90.88%
[2025-06-02 13:09:57,273] INFO: Epoch 156 training completed
[2025-06-02 13:10:00,240] INFO: Test Loss: 0.9478 | Test Acc: 86.97%
[2025-06-02 13:10:00,350] INFO: New best accuracy: 86.97%, model saved.
[2025-06-02 13:10:01,013] INFO: Epoch 157 | Step 1/196 | Loss: 0.5998 | Acc: 92.58%
[2025-06-02 13:10:28,792] INFO: Epoch 157 | Step 101/196 | Loss: 0.6141 | Acc: 91.15%
[2025-06-02 13:10:55,007] INFO: Epoch 157 training completed
[2025-06-02 13:10:57,976] INFO: Test Loss: 0.9581 | Test Acc: 85.89%
[2025-06-02 13:10:58,639] INFO: Epoch 158 | Step 1/196 | Loss: 0.6116 | Acc: 90.62%
[2025-06-02 13:11:26,403] INFO: Epoch 158 | Step 101/196 | Loss: 0.6148 | Acc: 91.10%
[2025-06-02 13:11:52,624] INFO: Epoch 158 training completed
[2025-06-02 13:11:55,599] INFO: Test Loss: 0.9685 | Test Acc: 85.41%
[2025-06-02 13:11:56,376] INFO: Epoch 159 | Step 1/196 | Loss: 0.6091 | Acc: 91.80%
[2025-06-02 13:12:24,162] INFO: Epoch 159 | Step 101/196 | Loss: 0.6119 | Acc: 91.55%
[2025-06-02 13:12:50,373] INFO: Epoch 159 training completed
[2025-06-02 13:12:53,344] INFO: Test Loss: 0.9979 | Test Acc: 84.30%
[2025-06-02 13:12:54,004] INFO: Epoch 160 | Step 1/196 | Loss: 0.6048 | Acc: 92.58%
[2025-06-02 13:13:21,793] INFO: Epoch 160 | Step 101/196 | Loss: 0.6119 | Acc: 91.29%
[2025-06-02 13:13:48,013] INFO: Epoch 160 training completed
[2025-06-02 13:13:50,978] INFO: Test Loss: 0.9249 | Test Acc: 87.58%
[2025-06-02 13:13:51,087] INFO: New best accuracy: 87.58%, model saved.
[2025-06-02 13:13:51,744] INFO: Epoch 161 | Step 1/196 | Loss: 0.6048 | Acc: 94.14%
[2025-06-02 13:14:19,516] INFO: Epoch 161 | Step 101/196 | Loss: 0.6083 | Acc: 91.92%
[2025-06-02 13:14:45,737] INFO: Epoch 161 training completed
[2025-06-02 13:14:48,709] INFO: Test Loss: 0.9735 | Test Acc: 84.82%
[2025-06-02 13:14:49,376] INFO: Epoch 162 | Step 1/196 | Loss: 0.6144 | Acc: 91.80%
[2025-06-02 13:15:17,152] INFO: Epoch 162 | Step 101/196 | Loss: 0.6098 | Acc: 91.58%
[2025-06-02 13:15:43,368] INFO: Epoch 162 training completed
[2025-06-02 13:15:46,333] INFO: Test Loss: 0.9369 | Test Acc: 87.21%
[2025-06-02 13:15:47,003] INFO: Epoch 163 | Step 1/196 | Loss: 0.6094 | Acc: 92.19%
[2025-06-02 13:16:14,780] INFO: Epoch 163 | Step 101/196 | Loss: 0.6060 | Acc: 92.08%
[2025-06-02 13:16:40,998] INFO: Epoch 163 training completed
[2025-06-02 13:16:43,969] INFO: Test Loss: 0.9602 | Test Acc: 85.32%
[2025-06-02 13:16:44,639] INFO: Epoch 164 | Step 1/196 | Loss: 0.6009 | Acc: 93.36%
[2025-06-02 13:17:12,399] INFO: Epoch 164 | Step 101/196 | Loss: 0.6050 | Acc: 92.27%
[2025-06-02 13:17:38,615] INFO: Epoch 164 training completed
[2025-06-02 13:17:41,586] INFO: Test Loss: 0.9389 | Test Acc: 86.98%
[2025-06-02 13:17:42,256] INFO: Epoch 165 | Step 1/196 | Loss: 0.6054 | Acc: 92.58%
[2025-06-02 13:18:10,045] INFO: Epoch 165 | Step 101/196 | Loss: 0.6033 | Acc: 92.56%
[2025-06-02 13:18:36,254] INFO: Epoch 165 training completed
[2025-06-02 13:18:39,220] INFO: Test Loss: 0.9106 | Test Acc: 88.19%
[2025-06-02 13:18:39,329] INFO: New best accuracy: 88.19%, model saved.
[2025-06-02 13:18:39,982] INFO: Epoch 166 | Step 1/196 | Loss: 0.5953 | Acc: 95.31%
[2025-06-02 13:19:07,759] INFO: Epoch 166 | Step 101/196 | Loss: 0.6023 | Acc: 92.58%
[2025-06-02 13:19:33,973] INFO: Epoch 166 training completed
[2025-06-02 13:19:36,949] INFO: Test Loss: 0.9184 | Test Acc: 88.08%
[2025-06-02 13:19:37,718] INFO: Epoch 167 | Step 1/196 | Loss: 0.5984 | Acc: 93.36%
[2025-06-02 13:20:05,490] INFO: Epoch 167 | Step 101/196 | Loss: 0.6007 | Acc: 92.71%
[2025-06-02 13:20:31,706] INFO: Epoch 167 training completed
[2025-06-02 13:20:34,677] INFO: Test Loss: 0.9033 | Test Acc: 88.65%
[2025-06-02 13:20:34,787] INFO: New best accuracy: 88.65%, model saved.
[2025-06-02 13:20:35,449] INFO: Epoch 168 | Step 1/196 | Loss: 0.5836 | Acc: 94.53%
[2025-06-02 13:21:03,217] INFO: Epoch 168 | Step 101/196 | Loss: 0.5984 | Acc: 93.00%
[2025-06-02 13:21:29,430] INFO: Epoch 168 training completed
[2025-06-02 13:21:32,394] INFO: Test Loss: 0.9008 | Test Acc: 88.83%
[2025-06-02 13:21:32,504] INFO: New best accuracy: 88.83%, model saved.
[2025-06-02 13:21:33,167] INFO: Epoch 169 | Step 1/196 | Loss: 0.5878 | Acc: 94.53%
[2025-06-02 13:22:00,948] INFO: Epoch 169 | Step 101/196 | Loss: 0.5971 | Acc: 93.20%
[2025-06-02 13:22:27,167] INFO: Epoch 169 training completed
[2025-06-02 13:22:30,135] INFO: Test Loss: 0.9156 | Test Acc: 87.81%
[2025-06-02 13:22:30,794] INFO: Epoch 170 | Step 1/196 | Loss: 0.6003 | Acc: 93.36%
[2025-06-02 13:22:58,568] INFO: Epoch 170 | Step 101/196 | Loss: 0.5956 | Acc: 93.35%
[2025-06-02 13:23:24,774] INFO: Epoch 170 training completed
[2025-06-02 13:23:27,745] INFO: Test Loss: 0.8874 | Test Acc: 89.20%
[2025-06-02 13:23:27,855] INFO: New best accuracy: 89.20%, model saved.
[2025-06-02 13:23:28,515] INFO: Epoch 171 | Step 1/196 | Loss: 0.5936 | Acc: 93.75%
[2025-06-02 13:23:56,276] INFO: Epoch 171 | Step 101/196 | Loss: 0.5934 | Acc: 93.75%
[2025-06-02 13:24:22,502] INFO: Epoch 171 training completed
[2025-06-02 13:24:25,475] INFO: Test Loss: 0.9080 | Test Acc: 88.66%
[2025-06-02 13:24:26,141] INFO: Epoch 172 | Step 1/196 | Loss: 0.5892 | Acc: 95.31%
[2025-06-02 13:24:53,895] INFO: Epoch 172 | Step 101/196 | Loss: 0.5927 | Acc: 93.78%
[2025-06-02 13:25:20,127] INFO: Epoch 172 training completed
[2025-06-02 13:25:23,099] INFO: Test Loss: 0.9096 | Test Acc: 88.61%
[2025-06-02 13:25:23,762] INFO: Epoch 173 | Step 1/196 | Loss: 0.5921 | Acc: 94.14%
[2025-06-02 13:25:51,525] INFO: Epoch 173 | Step 101/196 | Loss: 0.5912 | Acc: 93.92%
[2025-06-02 13:26:17,740] INFO: Epoch 173 training completed
[2025-06-02 13:26:20,716] INFO: Test Loss: 0.8965 | Test Acc: 88.58%
[2025-06-02 13:26:21,496] INFO: Epoch 174 | Step 1/196 | Loss: 0.5798 | Acc: 97.27%
[2025-06-02 13:26:49,260] INFO: Epoch 174 | Step 101/196 | Loss: 0.5899 | Acc: 94.14%
[2025-06-02 13:27:15,492] INFO: Epoch 174 training completed
[2025-06-02 13:27:18,457] INFO: Test Loss: 0.8807 | Test Acc: 89.36%
[2025-06-02 13:27:18,566] INFO: New best accuracy: 89.36%, model saved.
[2025-06-02 13:27:19,237] INFO: Epoch 175 | Step 1/196 | Loss: 0.5728 | Acc: 97.66%
[2025-06-02 13:27:47,019] INFO: Epoch 175 | Step 101/196 | Loss: 0.5869 | Acc: 94.46%
[2025-06-02 13:28:13,244] INFO: Epoch 175 training completed
[2025-06-02 13:28:16,216] INFO: Test Loss: 0.8858 | Test Acc: 89.38%
[2025-06-02 13:28:16,326] INFO: New best accuracy: 89.38%, model saved.
[2025-06-02 13:28:16,992] INFO: Epoch 176 | Step 1/196 | Loss: 0.5825 | Acc: 96.48%
[2025-06-02 13:28:44,757] INFO: Epoch 176 | Step 101/196 | Loss: 0.5855 | Acc: 94.55%
[2025-06-02 13:29:10,979] INFO: Epoch 176 training completed
[2025-06-02 13:29:13,944] INFO: Test Loss: 0.8925 | Test Acc: 89.37%
[2025-06-02 13:29:14,606] INFO: Epoch 177 | Step 1/196 | Loss: 0.5758 | Acc: 96.48%
[2025-06-02 13:29:42,374] INFO: Epoch 177 | Step 101/196 | Loss: 0.5830 | Acc: 94.93%
[2025-06-02 13:30:08,607] INFO: Epoch 177 training completed
[2025-06-02 13:30:11,573] INFO: Test Loss: 0.8741 | Test Acc: 90.00%
[2025-06-02 13:30:11,682] INFO: New best accuracy: 90.00%, model saved.
[2025-06-02 13:30:12,345] INFO: Epoch 178 | Step 1/196 | Loss: 0.5746 | Acc: 96.48%
[2025-06-02 13:30:40,115] INFO: Epoch 178 | Step 101/196 | Loss: 0.5812 | Acc: 95.24%
[2025-06-02 13:31:06,332] INFO: Epoch 178 training completed
[2025-06-02 13:31:09,301] INFO: Test Loss: 0.8708 | Test Acc: 90.00%
[2025-06-02 13:31:09,970] INFO: Epoch 179 | Step 1/196 | Loss: 0.5758 | Acc: 96.88%
[2025-06-02 13:31:37,737] INFO: Epoch 179 | Step 101/196 | Loss: 0.5807 | Acc: 95.24%
[2025-06-02 13:32:03,972] INFO: Epoch 179 training completed
[2025-06-02 13:32:06,944] INFO: Test Loss: 0.8635 | Test Acc: 90.66%
[2025-06-02 13:32:07,054] INFO: New best accuracy: 90.66%, model saved.
[2025-06-02 13:32:07,716] INFO: Epoch 180 | Step 1/196 | Loss: 0.5715 | Acc: 98.05%
[2025-06-02 13:32:35,474] INFO: Epoch 180 | Step 101/196 | Loss: 0.5787 | Acc: 95.33%
[2025-06-02 13:33:01,693] INFO: Epoch 180 training completed
[2025-06-02 13:33:04,657] INFO: Test Loss: 0.8623 | Test Acc: 90.33%
[2025-06-02 13:33:05,329] INFO: Epoch 181 | Step 1/196 | Loss: 0.5763 | Acc: 96.09%
[2025-06-02 13:33:33,109] INFO: Epoch 181 | Step 101/196 | Loss: 0.5777 | Acc: 95.80%
[2025-06-02 13:33:59,317] INFO: Epoch 181 training completed
[2025-06-02 13:34:02,285] INFO: Test Loss: 0.8534 | Test Acc: 90.74%
[2025-06-02 13:34:02,394] INFO: New best accuracy: 90.74%, model saved.
[2025-06-02 13:34:03,054] INFO: Epoch 182 | Step 1/196 | Loss: 0.5713 | Acc: 97.66%
[2025-06-02 13:34:30,819] INFO: Epoch 182 | Step 101/196 | Loss: 0.5747 | Acc: 95.99%
[2025-06-02 13:34:57,055] INFO: Epoch 182 training completed
[2025-06-02 13:35:00,030] INFO: Test Loss: 0.8594 | Test Acc: 90.92%
[2025-06-02 13:35:00,139] INFO: New best accuracy: 90.92%, model saved.
[2025-06-02 13:35:00,802] INFO: Epoch 183 | Step 1/196 | Loss: 0.5603 | Acc: 98.05%
[2025-06-02 13:35:28,568] INFO: Epoch 183 | Step 101/196 | Loss: 0.5732 | Acc: 96.22%
[2025-06-02 13:35:54,779] INFO: Epoch 183 training completed
[2025-06-02 13:35:57,756] INFO: Test Loss: 0.8605 | Test Acc: 90.95%
[2025-06-02 13:35:57,866] INFO: New best accuracy: 90.95%, model saved.
[2025-06-02 13:35:58,527] INFO: Epoch 184 | Step 1/196 | Loss: 0.5637 | Acc: 98.83%
[2025-06-02 13:36:26,297] INFO: Epoch 184 | Step 101/196 | Loss: 0.5721 | Acc: 96.28%
[2025-06-02 13:36:52,515] INFO: Epoch 184 training completed
[2025-06-02 13:36:55,483] INFO: Test Loss: 0.8617 | Test Acc: 90.79%
[2025-06-02 13:36:56,160] INFO: Epoch 185 | Step 1/196 | Loss: 0.5685 | Acc: 97.66%
[2025-06-02 13:37:23,931] INFO: Epoch 185 | Step 101/196 | Loss: 0.5701 | Acc: 96.60%
[2025-06-02 13:37:50,139] INFO: Epoch 185 training completed
[2025-06-02 13:37:53,108] INFO: Test Loss: 0.8538 | Test Acc: 91.04%
[2025-06-02 13:37:53,219] INFO: New best accuracy: 91.04%, model saved.
[2025-06-02 13:37:53,876] INFO: Epoch 186 | Step 1/196 | Loss: 0.5622 | Acc: 98.05%
[2025-06-02 13:38:21,641] INFO: Epoch 186 | Step 101/196 | Loss: 0.5691 | Acc: 96.66%
[2025-06-02 13:38:47,891] INFO: Epoch 186 training completed
[2025-06-02 13:38:50,864] INFO: Test Loss: 0.8539 | Test Acc: 91.03%
[2025-06-02 13:38:51,546] INFO: Epoch 187 | Step 1/196 | Loss: 0.5604 | Acc: 98.44%
[2025-06-02 13:39:19,321] INFO: Epoch 187 | Step 101/196 | Loss: 0.5686 | Acc: 96.73%
[2025-06-02 13:39:45,530] INFO: Epoch 187 training completed
[2025-06-02 13:39:48,498] INFO: Test Loss: 0.8441 | Test Acc: 91.52%
[2025-06-02 13:39:48,606] INFO: New best accuracy: 91.52%, model saved.
[2025-06-02 13:39:49,280] INFO: Epoch 188 | Step 1/196 | Loss: 0.5617 | Acc: 98.05%
[2025-06-02 13:40:17,047] INFO: Epoch 188 | Step 101/196 | Loss: 0.5664 | Acc: 96.96%
[2025-06-02 13:40:43,249] INFO: Epoch 188 training completed
[2025-06-02 13:40:46,223] INFO: Test Loss: 0.8487 | Test Acc: 91.37%
[2025-06-02 13:40:46,885] INFO: Epoch 189 | Step 1/196 | Loss: 0.5608 | Acc: 97.66%
[2025-06-02 13:41:14,663] INFO: Epoch 189 | Step 101/196 | Loss: 0.5654 | Acc: 97.06%
[2025-06-02 13:41:40,877] INFO: Epoch 189 training completed
[2025-06-02 13:41:43,844] INFO: Test Loss: 0.8405 | Test Acc: 91.71%
[2025-06-02 13:41:43,954] INFO: New best accuracy: 91.71%, model saved.
[2025-06-02 13:41:44,616] INFO: Epoch 190 | Step 1/196 | Loss: 0.5615 | Acc: 98.05%
[2025-06-02 13:42:12,381] INFO: Epoch 190 | Step 101/196 | Loss: 0.5643 | Acc: 97.24%
[2025-06-02 13:42:38,608] INFO: Epoch 190 training completed
[2025-06-02 13:42:41,577] INFO: Test Loss: 0.8438 | Test Acc: 91.72%
[2025-06-02 13:42:41,688] INFO: New best accuracy: 91.72%, model saved.
[2025-06-02 13:42:42,352] INFO: Epoch 191 | Step 1/196 | Loss: 0.5561 | Acc: 99.61%
[2025-06-02 13:43:10,101] INFO: Epoch 191 | Step 101/196 | Loss: 0.5637 | Acc: 97.39%
[2025-06-02 13:43:36,315] INFO: Epoch 191 training completed
[2025-06-02 13:43:39,291] INFO: Test Loss: 0.8412 | Test Acc: 91.97%
[2025-06-02 13:43:39,510] INFO: New best accuracy: 91.97%, model saved.
[2025-06-02 13:43:40,176] INFO: Epoch 192 | Step 1/196 | Loss: 0.5625 | Acc: 98.05%
[2025-06-02 13:44:07,935] INFO: Epoch 192 | Step 101/196 | Loss: 0.5628 | Acc: 97.46%
[2025-06-02 13:44:34,138] INFO: Epoch 192 training completed
[2025-06-02 13:44:37,111] INFO: Test Loss: 0.8401 | Test Acc: 91.91%
[2025-06-02 13:44:37,771] INFO: Epoch 193 | Step 1/196 | Loss: 0.5587 | Acc: 99.22%
[2025-06-02 13:45:05,573] INFO: Epoch 193 | Step 101/196 | Loss: 0.5621 | Acc: 97.51%
[2025-06-02 13:45:31,791] INFO: Epoch 193 training completed
[2025-06-02 13:45:34,758] INFO: Test Loss: 0.8398 | Test Acc: 91.92%
[2025-06-02 13:45:35,424] INFO: Epoch 194 | Step 1/196 | Loss: 0.5534 | Acc: 99.22%
[2025-06-02 13:46:03,179] INFO: Epoch 194 | Step 101/196 | Loss: 0.5617 | Acc: 97.56%
[2025-06-02 13:46:29,387] INFO: Epoch 194 training completed
[2025-06-02 13:46:32,352] INFO: Test Loss: 0.8385 | Test Acc: 92.07%
[2025-06-02 13:46:32,479] INFO: New best accuracy: 92.07%, model saved.
[2025-06-02 13:46:33,141] INFO: Epoch 195 | Step 1/196 | Loss: 0.5575 | Acc: 98.44%
[2025-06-02 13:47:00,915] INFO: Epoch 195 | Step 101/196 | Loss: 0.5614 | Acc: 97.63%
[2025-06-02 13:47:27,122] INFO: Epoch 195 training completed
[2025-06-02 13:47:30,086] INFO: Test Loss: 0.8400 | Test Acc: 92.03%
[2025-06-02 13:47:30,754] INFO: Epoch 196 | Step 1/196 | Loss: 0.5536 | Acc: 99.22%
[2025-06-02 13:47:58,518] INFO: Epoch 196 | Step 101/196 | Loss: 0.5607 | Acc: 97.72%
[2025-06-02 13:48:24,743] INFO: Epoch 196 training completed
[2025-06-02 13:48:27,704] INFO: Test Loss: 0.8394 | Test Acc: 92.12%
[2025-06-02 13:48:27,815] INFO: New best accuracy: 92.12%, model saved.
[2025-06-02 13:48:28,477] INFO: Epoch 197 | Step 1/196 | Loss: 0.5510 | Acc: 100.00%
[2025-06-02 13:48:56,236] INFO: Epoch 197 | Step 101/196 | Loss: 0.5604 | Acc: 97.75%
[2025-06-02 13:49:22,456] INFO: Epoch 197 training completed
[2025-06-02 13:49:25,424] INFO: Test Loss: 0.8397 | Test Acc: 92.16%
[2025-06-02 13:49:25,532] INFO: New best accuracy: 92.16%, model saved.
[2025-06-02 13:49:26,194] INFO: Epoch 198 | Step 1/196 | Loss: 0.5594 | Acc: 98.44%
[2025-06-02 13:49:53,960] INFO: Epoch 198 | Step 101/196 | Loss: 0.5597 | Acc: 97.86%
[2025-06-02 13:50:20,183] INFO: Epoch 198 training completed
[2025-06-02 13:50:23,160] INFO: Test Loss: 0.8402 | Test Acc: 92.12%
[2025-06-02 13:50:23,941] INFO: Epoch 199 | Step 1/196 | Loss: 0.5583 | Acc: 98.83%
[2025-06-02 13:50:51,700] INFO: Epoch 199 | Step 101/196 | Loss: 0.5597 | Acc: 97.83%
[2025-06-02 13:51:17,909] INFO: Epoch 199 training completed
[2025-06-02 13:51:20,903] INFO: Test Loss: 0.8395 | Test Acc: 92.08%
[2025-06-02 13:51:21,583] INFO: Epoch 200 | Step 1/196 | Loss: 0.5519 | Acc: 99.61%
[2025-06-02 13:51:49,353] INFO: Epoch 200 | Step 101/196 | Loss: 0.5596 | Acc: 97.88%
[2025-06-02 13:52:15,564] INFO: Epoch 200 training completed
[2025-06-02 13:52:18,534] INFO: Test Loss: 0.8398 | Test Acc: 92.12%
[2025-06-02 13:52:18,702] INFO: Training complete. Best Test Accuracy: 92.16%
