[2025-05-31 10:18:09,402] INFO: Using device: cuda
[2025-05-31 10:18:10,519] INFO: Using GhostNetV3 with width 1.0
[2025-05-31 10:18:38,656] INFO: Epoch 1 | Step 1/196 | Loss: 3.5397 | Acc: 11.33%
[2025-05-31 10:18:52,858] INFO: Epoch 1 | Step 101/196 | Loss: 2.7095 | Acc: 12.75%
[2025-05-31 10:19:06,351] INFO: Epoch 1 training completed
[2025-05-31 10:19:30,390] INFO: Test Loss: 2.2365 | Test Acc: 15.62%
[2025-05-31 10:19:30,500] INFO: New best accuracy: 15.62%, model saved.
[2025-05-31 10:19:30,859] INFO: Epoch 2 | Step 1/196 | Loss: 2.1666 | Acc: 16.41%
[2025-05-31 10:19:45,005] INFO: Epoch 2 | Step 101/196 | Loss: 2.1226 | Acc: 17.38%
[2025-05-31 10:19:58,386] INFO: Epoch 2 training completed
[2025-05-31 10:19:59,568] INFO: Test Loss: 2.0058 | Test Acc: 24.21%
[2025-05-31 10:19:59,667] INFO: New best accuracy: 24.21%, model saved.
[2025-05-31 10:20:00,022] INFO: Epoch 3 | Step 1/196 | Loss: 1.9532 | Acc: 26.95%
[2025-05-31 10:20:14,229] INFO: Epoch 3 | Step 101/196 | Loss: 1.9363 | Acc: 24.00%
[2025-05-31 10:20:27,644] INFO: Epoch 3 training completed
[2025-05-31 10:20:28,826] INFO: Test Loss: 1.8642 | Test Acc: 28.84%
[2025-05-31 10:20:28,927] INFO: New best accuracy: 28.84%, model saved.
[2025-05-31 10:20:29,289] INFO: Epoch 4 | Step 1/196 | Loss: 1.8137 | Acc: 32.42%
[2025-05-31 10:20:43,522] INFO: Epoch 4 | Step 101/196 | Loss: 1.8052 | Acc: 29.21%
[2025-05-31 10:20:56,960] INFO: Epoch 4 training completed
[2025-05-31 10:20:58,148] INFO: Test Loss: 1.7726 | Test Acc: 32.90%
[2025-05-31 10:20:58,249] INFO: New best accuracy: 32.90%, model saved.
[2025-05-31 10:20:58,615] INFO: Epoch 5 | Step 1/196 | Loss: 1.7426 | Acc: 32.81%
[2025-05-31 10:21:12,835] INFO: Epoch 5 | Step 101/196 | Loss: 1.7186 | Acc: 32.64%
[2025-05-31 10:21:26,271] INFO: Epoch 5 training completed
[2025-05-31 10:21:27,457] INFO: Test Loss: 1.7204 | Test Acc: 35.72%
[2025-05-31 10:21:27,558] INFO: New best accuracy: 35.72%, model saved.
[2025-05-31 10:21:27,914] INFO: Epoch 6 | Step 1/196 | Loss: 1.7178 | Acc: 30.08%
[2025-05-31 10:21:42,193] INFO: Epoch 6 | Step 101/196 | Loss: 1.6577 | Acc: 35.31%
[2025-05-31 10:21:55,868] INFO: Epoch 6 training completed
[2025-05-31 10:21:57,063] INFO: Test Loss: 1.6664 | Test Acc: 37.89%
[2025-05-31 10:21:57,165] INFO: New best accuracy: 37.89%, model saved.
[2025-05-31 10:21:57,528] INFO: Epoch 7 | Step 1/196 | Loss: 1.6012 | Acc: 34.38%
[2025-05-31 10:22:11,771] INFO: Epoch 7 | Step 101/196 | Loss: 1.5905 | Acc: 38.26%
[2025-05-31 10:22:25,271] INFO: Epoch 7 training completed
[2025-05-31 10:22:26,474] INFO: Test Loss: 1.5896 | Test Acc: 40.84%
[2025-05-31 10:22:26,575] INFO: New best accuracy: 40.84%, model saved.
[2025-05-31 10:22:26,942] INFO: Epoch 8 | Step 1/196 | Loss: 1.6090 | Acc: 39.45%
[2025-05-31 10:22:41,181] INFO: Epoch 8 | Step 101/196 | Loss: 1.5183 | Acc: 42.01%
[2025-05-31 10:22:54,651] INFO: Epoch 8 training completed
[2025-05-31 10:22:55,858] INFO: Test Loss: 1.4933 | Test Acc: 45.33%
[2025-05-31 10:22:55,959] INFO: New best accuracy: 45.33%, model saved.
[2025-05-31 10:22:56,315] INFO: Epoch 9 | Step 1/196 | Loss: 1.4785 | Acc: 44.92%
[2025-05-31 10:23:10,572] INFO: Epoch 9 | Step 101/196 | Loss: 1.4493 | Acc: 44.48%
[2025-05-31 10:23:24,035] INFO: Epoch 9 training completed
[2025-05-31 10:23:25,233] INFO: Test Loss: 1.4515 | Test Acc: 46.77%
[2025-05-31 10:23:25,335] INFO: New best accuracy: 46.77%, model saved.
[2025-05-31 10:23:25,702] INFO: Epoch 10 | Step 1/196 | Loss: 1.4357 | Acc: 46.09%
[2025-05-31 10:23:39,945] INFO: Epoch 10 | Step 101/196 | Loss: 1.3855 | Acc: 47.45%
[2025-05-31 10:23:53,443] INFO: Epoch 10 training completed
[2025-05-31 10:23:54,632] INFO: Test Loss: 1.4158 | Test Acc: 48.20%
[2025-05-31 10:23:54,733] INFO: New best accuracy: 48.20%, model saved.
[2025-05-31 10:23:55,089] INFO: Epoch 11 | Step 1/196 | Loss: 1.3594 | Acc: 48.05%
[2025-05-31 10:24:09,331] INFO: Epoch 11 | Step 101/196 | Loss: 1.3201 | Acc: 50.09%
[2025-05-31 10:24:22,799] INFO: Epoch 11 training completed
[2025-05-31 10:24:23,989] INFO: Test Loss: 1.3285 | Test Acc: 52.21%
[2025-05-31 10:24:24,090] INFO: New best accuracy: 52.21%, model saved.
[2025-05-31 10:24:24,458] INFO: Epoch 12 | Step 1/196 | Loss: 1.3042 | Acc: 48.83%
[2025-05-31 10:24:38,705] INFO: Epoch 12 | Step 101/196 | Loss: 1.2659 | Acc: 52.51%
[2025-05-31 10:24:52,173] INFO: Epoch 12 training completed
[2025-05-31 10:24:53,364] INFO: Test Loss: 1.3221 | Test Acc: 51.34%
[2025-05-31 10:24:53,733] INFO: Epoch 13 | Step 1/196 | Loss: 1.2778 | Acc: 54.30%
[2025-05-31 10:25:07,982] INFO: Epoch 13 | Step 101/196 | Loss: 1.2154 | Acc: 54.39%
[2025-05-31 10:25:21,451] INFO: Epoch 13 training completed
[2025-05-31 10:25:22,635] INFO: Test Loss: 1.2453 | Test Acc: 54.56%
[2025-05-31 10:25:22,739] INFO: New best accuracy: 54.56%, model saved.
[2025-05-31 10:25:23,200] INFO: Epoch 14 | Step 1/196 | Loss: 1.2976 | Acc: 56.25%
[2025-05-31 10:25:37,445] INFO: Epoch 14 | Step 101/196 | Loss: 1.1602 | Acc: 55.93%
[2025-05-31 10:25:50,911] INFO: Epoch 14 training completed
[2025-05-31 10:25:52,103] INFO: Test Loss: 1.2074 | Test Acc: 56.07%
[2025-05-31 10:25:52,207] INFO: New best accuracy: 56.07%, model saved.
[2025-05-31 10:25:52,574] INFO: Epoch 15 | Step 1/196 | Loss: 1.1640 | Acc: 55.86%
[2025-05-31 10:26:06,836] INFO: Epoch 15 | Step 101/196 | Loss: 1.1224 | Acc: 57.72%
[2025-05-31 10:26:20,414] INFO: Epoch 15 training completed
[2025-05-31 10:26:21,631] INFO: Test Loss: 1.1676 | Test Acc: 57.64%
[2025-05-31 10:26:21,735] INFO: New best accuracy: 57.64%, model saved.
[2025-05-31 10:26:22,108] INFO: Epoch 16 | Step 1/196 | Loss: 1.0383 | Acc: 60.94%
[2025-05-31 10:26:36,395] INFO: Epoch 16 | Step 101/196 | Loss: 1.0693 | Acc: 60.01%
[2025-05-31 10:26:49,863] INFO: Epoch 16 training completed
[2025-05-31 10:26:51,058] INFO: Test Loss: 1.1499 | Test Acc: 58.70%
[2025-05-31 10:26:51,161] INFO: New best accuracy: 58.70%, model saved.
[2025-05-31 10:26:51,521] INFO: Epoch 17 | Step 1/196 | Loss: 1.0454 | Acc: 62.50%
[2025-05-31 10:27:05,801] INFO: Epoch 17 | Step 101/196 | Loss: 1.0234 | Acc: 61.75%
[2025-05-31 10:27:19,271] INFO: Epoch 17 training completed
[2025-05-31 10:27:20,471] INFO: Test Loss: 1.1834 | Test Acc: 57.82%
[2025-05-31 10:27:20,837] INFO: Epoch 18 | Step 1/196 | Loss: 1.0572 | Acc: 62.11%
[2025-05-31 10:27:35,131] INFO: Epoch 18 | Step 101/196 | Loss: 0.9711 | Acc: 63.95%
[2025-05-31 10:27:48,662] INFO: Epoch 18 training completed
[2025-05-31 10:27:49,875] INFO: Test Loss: 1.0515 | Test Acc: 62.17%
[2025-05-31 10:27:49,979] INFO: New best accuracy: 62.17%, model saved.
[2025-05-31 10:27:50,361] INFO: Epoch 19 | Step 1/196 | Loss: 0.9603 | Acc: 62.50%
[2025-05-31 10:28:04,634] INFO: Epoch 19 | Step 101/196 | Loss: 0.9348 | Acc: 65.10%
[2025-05-31 10:28:18,125] INFO: Epoch 19 training completed
[2025-05-31 10:28:19,328] INFO: Test Loss: 1.0196 | Test Acc: 63.20%
[2025-05-31 10:28:19,435] INFO: New best accuracy: 63.20%, model saved.
[2025-05-31 10:28:19,809] INFO: Epoch 20 | Step 1/196 | Loss: 0.9561 | Acc: 60.94%
[2025-05-31 10:28:34,074] INFO: Epoch 20 | Step 101/196 | Loss: 0.8911 | Acc: 67.01%
[2025-05-31 10:28:47,602] INFO: Epoch 20 training completed
[2025-05-31 10:28:48,809] INFO: Test Loss: 1.0803 | Test Acc: 62.26%
[2025-05-31 10:28:49,180] INFO: Epoch 21 | Step 1/196 | Loss: 0.8256 | Acc: 67.97%
[2025-05-31 10:29:03,444] INFO: Epoch 21 | Step 101/196 | Loss: 0.8516 | Acc: 68.27%
[2025-05-31 10:29:16,945] INFO: Epoch 21 training completed
[2025-05-31 10:29:18,147] INFO: Test Loss: 1.0119 | Test Acc: 64.24%
[2025-05-31 10:29:18,251] INFO: New best accuracy: 64.24%, model saved.
[2025-05-31 10:29:18,631] INFO: Epoch 22 | Step 1/196 | Loss: 0.8133 | Acc: 73.05%
[2025-05-31 10:29:32,895] INFO: Epoch 22 | Step 101/196 | Loss: 0.8230 | Acc: 69.79%
[2025-05-31 10:29:46,378] INFO: Epoch 22 training completed
[2025-05-31 10:29:47,583] INFO: Test Loss: 1.0004 | Test Acc: 64.97%
[2025-05-31 10:29:47,686] INFO: New best accuracy: 64.97%, model saved.
[2025-05-31 10:29:48,048] INFO: Epoch 23 | Step 1/196 | Loss: 0.7421 | Acc: 73.83%
[2025-05-31 10:30:02,295] INFO: Epoch 23 | Step 101/196 | Loss: 0.7935 | Acc: 70.97%
[2025-05-31 10:30:15,762] INFO: Epoch 23 training completed
[2025-05-31 10:30:16,974] INFO: Test Loss: 0.8994 | Test Acc: 68.51%
[2025-05-31 10:30:17,077] INFO: New best accuracy: 68.51%, model saved.
[2025-05-31 10:30:17,435] INFO: Epoch 24 | Step 1/196 | Loss: 0.7056 | Acc: 75.00%
[2025-05-31 10:30:31,709] INFO: Epoch 24 | Step 101/196 | Loss: 0.7681 | Acc: 71.45%
[2025-05-31 10:30:45,179] INFO: Epoch 24 training completed
[2025-05-31 10:30:46,376] INFO: Test Loss: 0.9400 | Test Acc: 66.40%
[2025-05-31 10:30:46,740] INFO: Epoch 25 | Step 1/196 | Loss: 0.7904 | Acc: 71.88%
[2025-05-31 10:31:01,004] INFO: Epoch 25 | Step 101/196 | Loss: 0.7327 | Acc: 73.29%
[2025-05-31 10:31:14,532] INFO: Epoch 25 training completed
[2025-05-31 10:31:15,734] INFO: Test Loss: 0.8396 | Test Acc: 70.41%
[2025-05-31 10:31:15,839] INFO: New best accuracy: 70.41%, model saved.
[2025-05-31 10:31:16,222] INFO: Epoch 26 | Step 1/196 | Loss: 0.6646 | Acc: 75.78%
[2025-05-31 10:31:30,533] INFO: Epoch 26 | Step 101/196 | Loss: 0.7022 | Acc: 74.28%
[2025-05-31 10:31:44,011] INFO: Epoch 26 training completed
[2025-05-31 10:31:45,201] INFO: Test Loss: 0.9556 | Test Acc: 66.07%
[2025-05-31 10:31:45,574] INFO: Epoch 27 | Step 1/196 | Loss: 0.6515 | Acc: 73.05%
[2025-05-31 10:31:59,822] INFO: Epoch 27 | Step 101/196 | Loss: 0.6802 | Acc: 75.49%
[2025-05-31 10:32:13,310] INFO: Epoch 27 training completed
[2025-05-31 10:32:14,511] INFO: Test Loss: 0.7799 | Test Acc: 72.98%
[2025-05-31 10:32:14,725] INFO: New best accuracy: 72.98%, model saved.
[2025-05-31 10:32:15,096] INFO: Epoch 28 | Step 1/196 | Loss: 0.6948 | Acc: 74.61%
[2025-05-31 10:32:29,342] INFO: Epoch 28 | Step 101/196 | Loss: 0.6484 | Acc: 76.66%
[2025-05-31 10:32:42,814] INFO: Epoch 28 training completed
[2025-05-31 10:32:44,008] INFO: Test Loss: 0.7711 | Test Acc: 73.40%
[2025-05-31 10:32:44,110] INFO: New best accuracy: 73.40%, model saved.
[2025-05-31 10:32:44,474] INFO: Epoch 29 | Step 1/196 | Loss: 0.6125 | Acc: 76.56%
[2025-05-31 10:32:58,719] INFO: Epoch 29 | Step 101/196 | Loss: 0.6303 | Acc: 77.56%
[2025-05-31 10:33:12,212] INFO: Epoch 29 training completed
[2025-05-31 10:33:13,401] INFO: Test Loss: 0.7676 | Test Acc: 73.89%
[2025-05-31 10:33:13,505] INFO: New best accuracy: 73.89%, model saved.
[2025-05-31 10:33:13,873] INFO: Epoch 30 | Step 1/196 | Loss: 0.7046 | Acc: 75.00%
[2025-05-31 10:33:28,194] INFO: Epoch 30 | Step 101/196 | Loss: 0.6154 | Acc: 77.90%
[2025-05-31 10:33:41,715] INFO: Epoch 30 training completed
[2025-05-31 10:33:42,912] INFO: Test Loss: 0.9025 | Test Acc: 68.39%
[2025-05-31 10:33:43,285] INFO: Epoch 31 | Step 1/196 | Loss: 0.5871 | Acc: 76.95%
[2025-05-31 10:33:57,567] INFO: Epoch 31 | Step 101/196 | Loss: 0.6001 | Acc: 78.52%
[2025-05-31 10:34:11,044] INFO: Epoch 31 training completed
[2025-05-31 10:34:12,233] INFO: Test Loss: 0.7448 | Test Acc: 74.40%
[2025-05-31 10:34:12,336] INFO: New best accuracy: 74.40%, model saved.
[2025-05-31 10:34:12,696] INFO: Epoch 32 | Step 1/196 | Loss: 0.5550 | Acc: 80.86%
[2025-05-31 10:34:26,947] INFO: Epoch 32 | Step 101/196 | Loss: 0.5888 | Acc: 78.96%
[2025-05-31 10:34:40,421] INFO: Epoch 32 training completed
[2025-05-31 10:34:41,618] INFO: Test Loss: 0.9049 | Test Acc: 68.36%
[2025-05-31 10:34:42,005] INFO: Epoch 33 | Step 1/196 | Loss: 0.6654 | Acc: 74.61%
[2025-05-31 10:34:56,250] INFO: Epoch 33 | Step 101/196 | Loss: 0.5807 | Acc: 79.46%
[2025-05-31 10:35:09,721] INFO: Epoch 33 training completed
[2025-05-31 10:35:10,919] INFO: Test Loss: 1.1807 | Test Acc: 59.79%
[2025-05-31 10:35:11,308] INFO: Epoch 34 | Step 1/196 | Loss: 0.4787 | Acc: 82.03%
[2025-05-31 10:35:25,562] INFO: Epoch 34 | Step 101/196 | Loss: 0.5681 | Acc: 79.94%
[2025-05-31 10:35:39,212] INFO: Epoch 34 training completed
[2025-05-31 10:35:40,441] INFO: Test Loss: 0.7893 | Test Acc: 73.10%
[2025-05-31 10:35:40,837] INFO: Epoch 35 | Step 1/196 | Loss: 0.5236 | Acc: 81.64%
[2025-05-31 10:35:55,175] INFO: Epoch 35 | Step 101/196 | Loss: 0.5532 | Acc: 80.38%
[2025-05-31 10:36:08,726] INFO: Epoch 35 training completed
[2025-05-31 10:36:09,932] INFO: Test Loss: 0.7883 | Test Acc: 73.71%
[2025-05-31 10:36:10,312] INFO: Epoch 36 | Step 1/196 | Loss: 0.4935 | Acc: 84.38%
[2025-05-31 10:36:24,647] INFO: Epoch 36 | Step 101/196 | Loss: 0.5587 | Acc: 80.16%
[2025-05-31 10:36:38,192] INFO: Epoch 36 training completed
[2025-05-31 10:36:39,397] INFO: Test Loss: 0.6849 | Test Acc: 77.02%
[2025-05-31 10:36:39,500] INFO: New best accuracy: 77.02%, model saved.
[2025-05-31 10:36:39,861] INFO: Epoch 37 | Step 1/196 | Loss: 0.5079 | Acc: 82.03%
[2025-05-31 10:36:54,111] INFO: Epoch 37 | Step 101/196 | Loss: 0.5585 | Acc: 80.15%
[2025-05-31 10:37:07,589] INFO: Epoch 37 training completed
[2025-05-31 10:37:08,779] INFO: Test Loss: 0.8746 | Test Acc: 71.67%
[2025-05-31 10:37:09,148] INFO: Epoch 38 | Step 1/196 | Loss: 0.6318 | Acc: 78.91%
[2025-05-31 10:37:23,435] INFO: Epoch 38 | Step 101/196 | Loss: 0.5496 | Acc: 80.80%
[2025-05-31 10:37:36,913] INFO: Epoch 38 training completed
[2025-05-31 10:37:38,103] INFO: Test Loss: 0.7984 | Test Acc: 72.98%
[2025-05-31 10:37:38,475] INFO: Epoch 39 | Step 1/196 | Loss: 0.5033 | Acc: 82.03%
[2025-05-31 10:37:52,719] INFO: Epoch 39 | Step 101/196 | Loss: 0.5544 | Acc: 80.51%
[2025-05-31 10:38:06,196] INFO: Epoch 39 training completed
[2025-05-31 10:38:07,404] INFO: Test Loss: 0.8054 | Test Acc: 73.01%
[2025-05-31 10:38:07,766] INFO: Epoch 40 | Step 1/196 | Loss: 0.4793 | Acc: 84.38%
[2025-05-31 10:38:22,052] INFO: Epoch 40 | Step 101/196 | Loss: 0.5564 | Acc: 80.67%
[2025-05-31 10:38:35,544] INFO: Epoch 40 training completed
[2025-05-31 10:38:36,759] INFO: Test Loss: 0.8326 | Test Acc: 71.10%
[2025-05-31 10:38:37,145] INFO: Epoch 41 | Step 1/196 | Loss: 0.5275 | Acc: 82.42%
[2025-05-31 10:38:51,436] INFO: Epoch 41 | Step 101/196 | Loss: 0.5538 | Acc: 80.86%
[2025-05-31 10:39:04,962] INFO: Epoch 41 training completed
[2025-05-31 10:39:06,178] INFO: Test Loss: 0.9093 | Test Acc: 69.44%
[2025-05-31 10:39:06,547] INFO: Epoch 42 | Step 1/196 | Loss: 0.5735 | Acc: 80.08%
[2025-05-31 10:39:20,890] INFO: Epoch 42 | Step 101/196 | Loss: 0.5465 | Acc: 80.91%
[2025-05-31 10:39:34,421] INFO: Epoch 42 training completed
[2025-05-31 10:39:35,630] INFO: Test Loss: 0.7945 | Test Acc: 73.22%
[2025-05-31 10:39:36,008] INFO: Epoch 43 | Step 1/196 | Loss: 0.5652 | Acc: 80.08%
[2025-05-31 10:39:50,280] INFO: Epoch 43 | Step 101/196 | Loss: 0.5473 | Acc: 80.88%
[2025-05-31 10:40:03,756] INFO: Epoch 43 training completed
[2025-05-31 10:40:04,950] INFO: Test Loss: 0.9791 | Test Acc: 66.76%
[2025-05-31 10:40:05,312] INFO: Epoch 44 | Step 1/196 | Loss: 0.5736 | Acc: 79.69%
[2025-05-31 10:40:19,561] INFO: Epoch 44 | Step 101/196 | Loss: 0.5492 | Acc: 80.85%
[2025-05-31 10:40:33,035] INFO: Epoch 44 training completed
[2025-05-31 10:40:34,232] INFO: Test Loss: 1.0362 | Test Acc: 64.34%
[2025-05-31 10:40:34,609] INFO: Epoch 45 | Step 1/196 | Loss: 0.5462 | Acc: 79.69%
[2025-05-31 10:40:48,858] INFO: Epoch 45 | Step 101/196 | Loss: 0.5577 | Acc: 80.73%
[2025-05-31 10:41:02,333] INFO: Epoch 45 training completed
[2025-05-31 10:41:03,528] INFO: Test Loss: 0.7665 | Test Acc: 74.56%
[2025-05-31 10:41:03,988] INFO: Epoch 46 | Step 1/196 | Loss: 0.5277 | Acc: 81.64%
[2025-05-31 10:41:18,254] INFO: Epoch 46 | Step 101/196 | Loss: 0.5470 | Acc: 80.96%
[2025-05-31 10:41:31,723] INFO: Epoch 46 training completed
[2025-05-31 10:41:32,917] INFO: Test Loss: 0.8422 | Test Acc: 72.30%
[2025-05-31 10:41:33,293] INFO: Epoch 47 | Step 1/196 | Loss: 0.6053 | Acc: 80.08%
[2025-05-31 10:41:47,547] INFO: Epoch 47 | Step 101/196 | Loss: 0.5472 | Acc: 81.11%
[2025-05-31 10:42:01,026] INFO: Epoch 47 training completed
[2025-05-31 10:42:02,219] INFO: Test Loss: 1.0860 | Test Acc: 63.73%
[2025-05-31 10:42:02,585] INFO: Epoch 48 | Step 1/196 | Loss: 0.6535 | Acc: 78.12%
[2025-05-31 10:42:16,840] INFO: Epoch 48 | Step 101/196 | Loss: 0.5493 | Acc: 80.89%
[2025-05-31 10:42:30,315] INFO: Epoch 48 training completed
[2025-05-31 10:42:31,505] INFO: Test Loss: 0.7190 | Test Acc: 75.61%
[2025-05-31 10:42:31,876] INFO: Epoch 49 | Step 1/196 | Loss: 0.5317 | Acc: 82.81%
[2025-05-31 10:42:46,135] INFO: Epoch 49 | Step 101/196 | Loss: 0.5521 | Acc: 80.82%
[2025-05-31 10:42:59,615] INFO: Epoch 49 training completed
[2025-05-31 10:43:00,809] INFO: Test Loss: 0.9790 | Test Acc: 67.42%
[2025-05-31 10:43:01,276] INFO: Epoch 50 | Step 1/196 | Loss: 0.5216 | Acc: 82.03%
[2025-05-31 10:43:15,522] INFO: Epoch 50 | Step 101/196 | Loss: 0.5617 | Acc: 80.55%
[2025-05-31 10:43:28,994] INFO: Epoch 50 training completed
[2025-05-31 10:43:30,196] INFO: Test Loss: 1.1271 | Test Acc: 61.04%
[2025-05-31 10:43:30,566] INFO: Epoch 51 | Step 1/196 | Loss: 0.5234 | Acc: 83.98%
[2025-05-31 10:43:44,821] INFO: Epoch 51 | Step 101/196 | Loss: 0.5457 | Acc: 81.02%
[2025-05-31 10:43:58,310] INFO: Epoch 51 training completed
[2025-05-31 10:43:59,503] INFO: Test Loss: 1.0451 | Test Acc: 65.76%
[2025-05-31 10:43:59,867] INFO: Epoch 52 | Step 1/196 | Loss: 0.5440 | Acc: 82.03%
[2025-05-31 10:44:14,121] INFO: Epoch 52 | Step 101/196 | Loss: 0.5463 | Acc: 80.91%
[2025-05-31 10:44:27,600] INFO: Epoch 52 training completed
[2025-05-31 10:44:28,786] INFO: Test Loss: 0.9548 | Test Acc: 67.52%
[2025-05-31 10:44:29,162] INFO: Epoch 53 | Step 1/196 | Loss: 0.5075 | Acc: 81.64%
[2025-05-31 10:44:43,411] INFO: Epoch 53 | Step 101/196 | Loss: 0.5416 | Acc: 81.29%
[2025-05-31 10:44:56,915] INFO: Epoch 53 training completed
[2025-05-31 10:44:58,109] INFO: Test Loss: 1.9510 | Test Acc: 43.53%
[2025-05-31 10:44:58,489] INFO: Epoch 54 | Step 1/196 | Loss: 0.5496 | Acc: 80.47%
[2025-05-31 10:45:12,737] INFO: Epoch 54 | Step 101/196 | Loss: 0.5411 | Acc: 81.28%
[2025-05-31 10:45:26,212] INFO: Epoch 54 training completed
[2025-05-31 10:45:27,417] INFO: Test Loss: 1.0743 | Test Acc: 65.67%
[2025-05-31 10:45:27,794] INFO: Epoch 55 | Step 1/196 | Loss: 0.6132 | Acc: 78.12%
[2025-05-31 10:45:42,040] INFO: Epoch 55 | Step 101/196 | Loss: 0.5503 | Acc: 81.08%
[2025-05-31 10:45:55,513] INFO: Epoch 55 training completed
[2025-05-31 10:45:56,710] INFO: Test Loss: 1.0052 | Test Acc: 67.23%
[2025-05-31 10:45:57,079] INFO: Epoch 56 | Step 1/196 | Loss: 0.5198 | Acc: 82.42%
[2025-05-31 10:46:11,322] INFO: Epoch 56 | Step 101/196 | Loss: 0.5483 | Acc: 81.17%
[2025-05-31 10:46:24,793] INFO: Epoch 56 training completed
[2025-05-31 10:46:25,986] INFO: Test Loss: 0.8273 | Test Acc: 72.50%
[2025-05-31 10:46:26,358] INFO: Epoch 57 | Step 1/196 | Loss: 0.5650 | Acc: 82.03%
[2025-05-31 10:46:40,604] INFO: Epoch 57 | Step 101/196 | Loss: 0.5462 | Acc: 80.92%
[2025-05-31 10:46:54,109] INFO: Epoch 57 training completed
[2025-05-31 10:46:55,301] INFO: Test Loss: 0.9534 | Test Acc: 67.93%
[2025-05-31 10:46:55,666] INFO: Epoch 58 | Step 1/196 | Loss: 0.5096 | Acc: 81.64%
[2025-05-31 10:47:09,910] INFO: Epoch 58 | Step 101/196 | Loss: 0.5464 | Acc: 80.97%
[2025-05-31 10:47:23,541] INFO: Epoch 58 training completed
[2025-05-31 10:47:24,733] INFO: Test Loss: 0.8568 | Test Acc: 70.46%
[2025-05-31 10:47:25,095] INFO: Epoch 59 | Step 1/196 | Loss: 0.4960 | Acc: 84.77%
[2025-05-31 10:47:39,328] INFO: Epoch 59 | Step 101/196 | Loss: 0.5354 | Acc: 81.63%
[2025-05-31 10:47:52,693] INFO: Epoch 59 training completed
[2025-05-31 10:47:53,857] INFO: Test Loss: 1.0104 | Test Acc: 66.57%
[2025-05-31 10:47:54,222] INFO: Epoch 60 | Step 1/196 | Loss: 0.5640 | Acc: 76.95%
[2025-05-31 10:48:08,256] INFO: Epoch 60 | Step 101/196 | Loss: 0.5481 | Acc: 80.91%
[2025-05-31 10:48:21,515] INFO: Epoch 60 training completed
[2025-05-31 10:48:22,682] INFO: Test Loss: 0.7191 | Test Acc: 75.45%
[2025-05-31 10:48:23,058] INFO: Epoch 61 | Step 1/196 | Loss: 0.5095 | Acc: 82.03%
[2025-05-31 10:48:37,108] INFO: Epoch 61 | Step 101/196 | Loss: 0.5513 | Acc: 80.84%
[2025-05-31 10:48:50,368] INFO: Epoch 61 training completed
[2025-05-31 10:48:51,531] INFO: Test Loss: 1.0818 | Test Acc: 66.17%
[2025-05-31 10:48:51,897] INFO: Epoch 62 | Step 1/196 | Loss: 0.5374 | Acc: 81.25%
[2025-05-31 10:49:05,929] INFO: Epoch 62 | Step 101/196 | Loss: 0.5393 | Acc: 81.35%
[2025-05-31 10:49:19,184] INFO: Epoch 62 training completed
[2025-05-31 10:49:20,358] INFO: Test Loss: 0.9699 | Test Acc: 68.56%
[2025-05-31 10:49:20,719] INFO: Epoch 63 | Step 1/196 | Loss: 0.5030 | Acc: 82.81%
[2025-05-31 10:49:34,749] INFO: Epoch 63 | Step 101/196 | Loss: 0.5387 | Acc: 81.39%
[2025-05-31 10:49:48,005] INFO: Epoch 63 training completed
[2025-05-31 10:49:49,171] INFO: Test Loss: 0.9320 | Test Acc: 69.68%
[2025-05-31 10:49:49,532] INFO: Epoch 64 | Step 1/196 | Loss: 0.4585 | Acc: 86.72%
[2025-05-31 10:50:03,560] INFO: Epoch 64 | Step 101/196 | Loss: 0.5432 | Acc: 81.25%
[2025-05-31 10:50:16,815] INFO: Epoch 64 training completed
[2025-05-31 10:50:17,984] INFO: Test Loss: 1.1550 | Test Acc: 64.70%
[2025-05-31 10:50:18,445] INFO: Epoch 65 | Step 1/196 | Loss: 0.5695 | Acc: 80.86%
[2025-05-31 10:50:32,473] INFO: Epoch 65 | Step 101/196 | Loss: 0.5343 | Acc: 81.56%
[2025-05-31 10:50:45,733] INFO: Epoch 65 training completed
[2025-05-31 10:50:46,894] INFO: Test Loss: 1.1157 | Test Acc: 66.14%
[2025-05-31 10:50:47,253] INFO: Epoch 66 | Step 1/196 | Loss: 0.5216 | Acc: 81.25%
[2025-05-31 10:51:01,282] INFO: Epoch 66 | Step 101/196 | Loss: 0.5349 | Acc: 81.49%
[2025-05-31 10:51:14,542] INFO: Epoch 66 training completed
[2025-05-31 10:51:15,694] INFO: Test Loss: 0.9373 | Test Acc: 69.44%
[2025-05-31 10:51:16,052] INFO: Epoch 67 | Step 1/196 | Loss: 0.6433 | Acc: 76.95%
[2025-05-31 10:51:30,078] INFO: Epoch 67 | Step 101/196 | Loss: 0.5369 | Acc: 81.12%
[2025-05-31 10:51:43,335] INFO: Epoch 67 training completed
[2025-05-31 10:51:44,500] INFO: Test Loss: 0.8602 | Test Acc: 71.22%
[2025-05-31 10:51:44,858] INFO: Epoch 68 | Step 1/196 | Loss: 0.5295 | Acc: 82.42%
[2025-05-31 10:51:58,914] INFO: Epoch 68 | Step 101/196 | Loss: 0.5196 | Acc: 81.85%
[2025-05-31 10:52:12,168] INFO: Epoch 68 training completed
[2025-05-31 10:52:13,347] INFO: Test Loss: 0.7219 | Test Acc: 76.32%
[2025-05-31 10:52:13,794] INFO: Epoch 69 | Step 1/196 | Loss: 0.5667 | Acc: 77.34%
[2025-05-31 10:52:27,821] INFO: Epoch 69 | Step 101/196 | Loss: 0.5310 | Acc: 81.45%
[2025-05-31 10:52:41,073] INFO: Epoch 69 training completed
[2025-05-31 10:52:42,232] INFO: Test Loss: 1.2962 | Test Acc: 59.17%
[2025-05-31 10:52:42,593] INFO: Epoch 70 | Step 1/196 | Loss: 0.5984 | Acc: 78.52%
[2025-05-31 10:52:56,624] INFO: Epoch 70 | Step 101/196 | Loss: 0.5266 | Acc: 81.96%
[2025-05-31 10:53:09,895] INFO: Epoch 70 training completed
[2025-05-31 10:53:11,064] INFO: Test Loss: 1.3498 | Test Acc: 58.64%
[2025-05-31 10:53:11,421] INFO: Epoch 71 | Step 1/196 | Loss: 0.5105 | Acc: 83.59%
[2025-05-31 10:53:25,486] INFO: Epoch 71 | Step 101/196 | Loss: 0.5273 | Acc: 81.79%
[2025-05-31 10:53:38,768] INFO: Epoch 71 training completed
[2025-05-31 10:53:39,933] INFO: Test Loss: 1.0061 | Test Acc: 66.82%
[2025-05-31 10:53:40,296] INFO: Epoch 72 | Step 1/196 | Loss: 0.5229 | Acc: 82.81%
[2025-05-31 10:53:54,350] INFO: Epoch 72 | Step 101/196 | Loss: 0.5220 | Acc: 81.79%
[2025-05-31 10:54:07,634] INFO: Epoch 72 training completed
[2025-05-31 10:54:08,795] INFO: Test Loss: 1.0179 | Test Acc: 66.60%
[2025-05-31 10:54:09,150] INFO: Epoch 73 | Step 1/196 | Loss: 0.5378 | Acc: 80.08%
[2025-05-31 10:54:23,239] INFO: Epoch 73 | Step 101/196 | Loss: 0.5254 | Acc: 82.02%
[2025-05-31 10:54:36,523] INFO: Epoch 73 training completed
[2025-05-31 10:54:37,686] INFO: Test Loss: 0.9422 | Test Acc: 68.87%
[2025-05-31 10:54:38,061] INFO: Epoch 74 | Step 1/196 | Loss: 0.5692 | Acc: 78.12%
[2025-05-31 10:54:52,119] INFO: Epoch 74 | Step 101/196 | Loss: 0.5271 | Acc: 81.69%
[2025-05-31 10:55:05,405] INFO: Epoch 74 training completed
[2025-05-31 10:55:06,567] INFO: Test Loss: 0.9854 | Test Acc: 68.13%
[2025-05-31 10:55:06,931] INFO: Epoch 75 | Step 1/196 | Loss: 0.5347 | Acc: 80.47%
[2025-05-31 10:55:20,985] INFO: Epoch 75 | Step 101/196 | Loss: 0.5273 | Acc: 81.63%
[2025-05-31 10:55:34,271] INFO: Epoch 75 training completed
[2025-05-31 10:55:35,434] INFO: Test Loss: 0.9621 | Test Acc: 67.72%
[2025-05-31 10:55:35,791] INFO: Epoch 76 | Step 1/196 | Loss: 0.5293 | Acc: 82.42%
[2025-05-31 10:55:49,843] INFO: Epoch 76 | Step 101/196 | Loss: 0.5159 | Acc: 82.19%
[2025-05-31 10:56:03,137] INFO: Epoch 76 training completed
[2025-05-31 10:56:04,295] INFO: Test Loss: 1.0075 | Test Acc: 68.79%
[2025-05-31 10:56:04,740] INFO: Epoch 77 | Step 1/196 | Loss: 0.5184 | Acc: 83.59%
[2025-05-31 10:56:18,795] INFO: Epoch 77 | Step 101/196 | Loss: 0.5148 | Acc: 82.23%
[2025-05-31 10:56:32,093] INFO: Epoch 77 training completed
[2025-05-31 10:56:33,250] INFO: Test Loss: 0.8471 | Test Acc: 72.17%
[2025-05-31 10:56:33,609] INFO: Epoch 78 | Step 1/196 | Loss: 0.4453 | Acc: 87.11%
[2025-05-31 10:56:47,664] INFO: Epoch 78 | Step 101/196 | Loss: 0.5077 | Acc: 82.40%
[2025-05-31 10:57:00,945] INFO: Epoch 78 training completed
[2025-05-31 10:57:02,115] INFO: Test Loss: 0.6989 | Test Acc: 76.57%
[2025-05-31 10:57:02,487] INFO: Epoch 79 | Step 1/196 | Loss: 0.5058 | Acc: 85.16%
[2025-05-31 10:57:16,542] INFO: Epoch 79 | Step 101/196 | Loss: 0.5073 | Acc: 82.43%
[2025-05-31 10:57:29,828] INFO: Epoch 79 training completed
[2025-05-31 10:57:30,992] INFO: Test Loss: 1.3427 | Test Acc: 57.55%
[2025-05-31 10:57:31,355] INFO: Epoch 80 | Step 1/196 | Loss: 0.5170 | Acc: 82.03%
[2025-05-31 10:57:46,206] INFO: Epoch 80 | Step 101/196 | Loss: 0.5182 | Acc: 82.05%
[2025-05-31 10:57:59,489] INFO: Epoch 80 training completed
[2025-05-31 10:58:00,649] INFO: Test Loss: 0.7772 | Test Acc: 73.72%
[2025-05-31 10:58:01,095] INFO: Epoch 81 | Step 1/196 | Loss: 0.4771 | Acc: 84.77%
[2025-05-31 10:58:15,157] INFO: Epoch 81 | Step 101/196 | Loss: 0.5071 | Acc: 82.46%
[2025-05-31 10:58:28,440] INFO: Epoch 81 training completed
[2025-05-31 10:58:29,595] INFO: Test Loss: 0.9724 | Test Acc: 67.57%
[2025-05-31 10:58:29,957] INFO: Epoch 82 | Step 1/196 | Loss: 0.5642 | Acc: 79.69%
[2025-05-31 10:58:44,011] INFO: Epoch 82 | Step 101/196 | Loss: 0.5127 | Acc: 82.38%
[2025-05-31 10:58:57,295] INFO: Epoch 82 training completed
[2025-05-31 10:58:58,455] INFO: Test Loss: 1.4889 | Test Acc: 55.81%
[2025-05-31 10:58:58,813] INFO: Epoch 83 | Step 1/196 | Loss: 0.5356 | Acc: 81.64%
[2025-05-31 10:59:12,870] INFO: Epoch 83 | Step 101/196 | Loss: 0.5116 | Acc: 82.07%
[2025-05-31 10:59:26,166] INFO: Epoch 83 training completed
[2025-05-31 10:59:27,328] INFO: Test Loss: 0.7494 | Test Acc: 75.27%
[2025-05-31 10:59:27,686] INFO: Epoch 84 | Step 1/196 | Loss: 0.5023 | Acc: 82.42%
[2025-05-31 10:59:41,742] INFO: Epoch 84 | Step 101/196 | Loss: 0.5092 | Acc: 82.47%
[2025-05-31 10:59:55,025] INFO: Epoch 84 training completed
[2025-05-31 10:59:56,191] INFO: Test Loss: 0.9441 | Test Acc: 67.86%
[2025-05-31 10:59:56,635] INFO: Epoch 85 | Step 1/196 | Loss: 0.5543 | Acc: 80.86%
[2025-05-31 11:00:10,695] INFO: Epoch 85 | Step 101/196 | Loss: 0.5114 | Acc: 82.35%
[2025-05-31 11:00:23,981] INFO: Epoch 85 training completed
[2025-05-31 11:00:25,144] INFO: Test Loss: 0.8826 | Test Acc: 69.23%
[2025-05-31 11:00:25,507] INFO: Epoch 86 | Step 1/196 | Loss: 0.5722 | Acc: 80.47%
[2025-05-31 11:00:39,567] INFO: Epoch 86 | Step 101/196 | Loss: 0.4991 | Acc: 82.74%
[2025-05-31 11:00:52,851] INFO: Epoch 86 training completed
[2025-05-31 11:00:54,005] INFO: Test Loss: 0.6698 | Test Acc: 78.02%
[2025-05-31 11:00:54,106] INFO: New best accuracy: 78.02%, model saved.
[2025-05-31 11:00:54,462] INFO: Epoch 87 | Step 1/196 | Loss: 0.5411 | Acc: 80.47%
[2025-05-31 11:01:08,517] INFO: Epoch 87 | Step 101/196 | Loss: 0.5088 | Acc: 82.42%
[2025-05-31 11:01:21,802] INFO: Epoch 87 training completed
[2025-05-31 11:01:22,962] INFO: Test Loss: 0.7321 | Test Acc: 75.99%
[2025-05-31 11:01:23,322] INFO: Epoch 88 | Step 1/196 | Loss: 0.5572 | Acc: 80.08%
[2025-05-31 11:01:37,377] INFO: Epoch 88 | Step 101/196 | Loss: 0.4926 | Acc: 83.06%
[2025-05-31 11:01:50,665] INFO: Epoch 88 training completed
[2025-05-31 11:01:51,832] INFO: Test Loss: 0.7403 | Test Acc: 74.58%
[2025-05-31 11:01:52,285] INFO: Epoch 89 | Step 1/196 | Loss: 0.5830 | Acc: 78.91%
[2025-05-31 11:02:06,342] INFO: Epoch 89 | Step 101/196 | Loss: 0.4962 | Acc: 82.89%
[2025-05-31 11:02:19,624] INFO: Epoch 89 training completed
[2025-05-31 11:02:20,782] INFO: Test Loss: 1.0704 | Test Acc: 64.68%
[2025-05-31 11:02:21,151] INFO: Epoch 90 | Step 1/196 | Loss: 0.5846 | Acc: 81.25%
[2025-05-31 11:02:35,217] INFO: Epoch 90 | Step 101/196 | Loss: 0.4911 | Acc: 83.07%
[2025-05-31 11:02:48,500] INFO: Epoch 90 training completed
[2025-05-31 11:02:49,669] INFO: Test Loss: 0.9583 | Test Acc: 67.99%
[2025-05-31 11:02:50,031] INFO: Epoch 91 | Step 1/196 | Loss: 0.4481 | Acc: 83.98%
[2025-05-31 11:03:04,087] INFO: Epoch 91 | Step 101/196 | Loss: 0.5023 | Acc: 82.61%
[2025-05-31 11:03:17,370] INFO: Epoch 91 training completed
[2025-05-31 11:03:18,529] INFO: Test Loss: 0.9280 | Test Acc: 69.37%
[2025-05-31 11:03:18,898] INFO: Epoch 92 | Step 1/196 | Loss: 0.4612 | Acc: 82.42%
[2025-05-31 11:03:32,950] INFO: Epoch 92 | Step 101/196 | Loss: 0.4934 | Acc: 83.20%
[2025-05-31 11:03:46,230] INFO: Epoch 92 training completed
[2025-05-31 11:03:47,390] INFO: Test Loss: 0.7660 | Test Acc: 75.67%
[2025-05-31 11:03:47,837] INFO: Epoch 93 | Step 1/196 | Loss: 0.4892 | Acc: 81.25%
[2025-05-31 11:04:01,889] INFO: Epoch 93 | Step 101/196 | Loss: 0.4918 | Acc: 83.05%
[2025-05-31 11:04:15,169] INFO: Epoch 93 training completed
[2025-05-31 11:04:16,336] INFO: Test Loss: 0.9495 | Test Acc: 68.24%
[2025-05-31 11:04:16,716] INFO: Epoch 94 | Step 1/196 | Loss: 0.4219 | Acc: 85.55%
[2025-05-31 11:04:30,765] INFO: Epoch 94 | Step 101/196 | Loss: 0.4840 | Acc: 83.33%
[2025-05-31 11:04:44,047] INFO: Epoch 94 training completed
[2025-05-31 11:04:45,223] INFO: Test Loss: 0.8628 | Test Acc: 72.22%
[2025-05-31 11:04:45,607] INFO: Epoch 95 | Step 1/196 | Loss: 0.4703 | Acc: 82.03%
[2025-05-31 11:04:59,660] INFO: Epoch 95 | Step 101/196 | Loss: 0.4934 | Acc: 83.17%
[2025-05-31 11:05:12,945] INFO: Epoch 95 training completed
[2025-05-31 11:05:14,109] INFO: Test Loss: 1.2914 | Test Acc: 60.49%
[2025-05-31 11:05:14,465] INFO: Epoch 96 | Step 1/196 | Loss: 0.5324 | Acc: 81.64%
[2025-05-31 11:05:28,524] INFO: Epoch 96 | Step 101/196 | Loss: 0.4790 | Acc: 83.62%
[2025-05-31 11:05:41,805] INFO: Epoch 96 training completed
[2025-05-31 11:05:42,964] INFO: Test Loss: 0.7609 | Test Acc: 74.68%
[2025-05-31 11:05:43,422] INFO: Epoch 97 | Step 1/196 | Loss: 0.6145 | Acc: 81.25%
[2025-05-31 11:05:57,474] INFO: Epoch 97 | Step 101/196 | Loss: 0.4757 | Acc: 83.60%
[2025-05-31 11:06:10,778] INFO: Epoch 97 training completed
[2025-05-31 11:06:11,945] INFO: Test Loss: 0.7906 | Test Acc: 73.49%
[2025-05-31 11:06:12,317] INFO: Epoch 98 | Step 1/196 | Loss: 0.5030 | Acc: 82.03%
[2025-05-31 11:06:26,369] INFO: Epoch 98 | Step 101/196 | Loss: 0.4795 | Acc: 83.51%
[2025-05-31 11:06:39,651] INFO: Epoch 98 training completed
[2025-05-31 11:06:40,804] INFO: Test Loss: 0.7752 | Test Acc: 73.42%
[2025-05-31 11:06:41,162] INFO: Epoch 99 | Step 1/196 | Loss: 0.5182 | Acc: 83.98%
[2025-05-31 11:06:55,217] INFO: Epoch 99 | Step 101/196 | Loss: 0.4823 | Acc: 83.04%
[2025-05-31 11:07:08,502] INFO: Epoch 99 training completed
[2025-05-31 11:07:09,660] INFO: Test Loss: 0.8670 | Test Acc: 72.02%
[2025-05-31 11:07:10,017] INFO: Epoch 100 | Step 1/196 | Loss: 0.5132 | Acc: 81.64%
[2025-05-31 11:07:24,073] INFO: Epoch 100 | Step 101/196 | Loss: 0.4774 | Acc: 83.42%
[2025-05-31 11:07:37,356] INFO: Epoch 100 training completed
[2025-05-31 11:07:38,520] INFO: Test Loss: 0.8720 | Test Acc: 71.67%
[2025-05-31 11:07:38,967] INFO: Epoch 101 | Step 1/196 | Loss: 0.4644 | Acc: 83.59%
[2025-05-31 11:07:53,021] INFO: Epoch 101 | Step 101/196 | Loss: 0.4724 | Acc: 84.06%
[2025-05-31 11:08:06,304] INFO: Epoch 101 training completed
[2025-05-31 11:08:07,465] INFO: Test Loss: 0.6795 | Test Acc: 78.15%
[2025-05-31 11:08:07,566] INFO: New best accuracy: 78.15%, model saved.
[2025-05-31 11:08:07,924] INFO: Epoch 102 | Step 1/196 | Loss: 0.3787 | Acc: 87.89%
[2025-05-31 11:08:21,973] INFO: Epoch 102 | Step 101/196 | Loss: 0.4626 | Acc: 84.06%
[2025-05-31 11:08:35,264] INFO: Epoch 102 training completed
[2025-05-31 11:08:36,422] INFO: Test Loss: 1.1651 | Test Acc: 62.58%
[2025-05-31 11:08:36,793] INFO: Epoch 103 | Step 1/196 | Loss: 0.5757 | Acc: 81.64%
[2025-05-31 11:08:50,845] INFO: Epoch 103 | Step 101/196 | Loss: 0.4739 | Acc: 83.77%
[2025-05-31 11:09:04,130] INFO: Epoch 103 training completed
[2025-05-31 11:09:05,282] INFO: Test Loss: 0.8606 | Test Acc: 72.92%
[2025-05-31 11:09:05,655] INFO: Epoch 104 | Step 1/196 | Loss: 0.5140 | Acc: 81.64%
[2025-05-31 11:09:19,708] INFO: Epoch 104 | Step 101/196 | Loss: 0.4700 | Acc: 83.69%
[2025-05-31 11:09:33,025] INFO: Epoch 104 training completed
[2025-05-31 11:09:34,181] INFO: Test Loss: 0.7178 | Test Acc: 75.96%
[2025-05-31 11:09:34,538] INFO: Epoch 105 | Step 1/196 | Loss: 0.5049 | Acc: 82.42%
[2025-05-31 11:09:48,590] INFO: Epoch 105 | Step 101/196 | Loss: 0.4686 | Acc: 83.83%
[2025-05-31 11:10:01,869] INFO: Epoch 105 training completed
[2025-05-31 11:10:03,023] INFO: Test Loss: 1.0427 | Test Acc: 64.45%
[2025-05-31 11:10:03,387] INFO: Epoch 106 | Step 1/196 | Loss: 0.5638 | Acc: 80.47%
[2025-05-31 11:10:17,440] INFO: Epoch 106 | Step 101/196 | Loss: 0.4758 | Acc: 83.52%
[2025-05-31 11:10:30,719] INFO: Epoch 106 training completed
[2025-05-31 11:10:31,880] INFO: Test Loss: 1.0577 | Test Acc: 65.21%
[2025-05-31 11:10:32,251] INFO: Epoch 107 | Step 1/196 | Loss: 0.5179 | Acc: 82.42%
[2025-05-31 11:10:46,307] INFO: Epoch 107 | Step 101/196 | Loss: 0.4692 | Acc: 83.75%
[2025-05-31 11:10:59,594] INFO: Epoch 107 training completed
[2025-05-31 11:11:00,755] INFO: Test Loss: 0.9544 | Test Acc: 68.39%
[2025-05-31 11:11:01,125] INFO: Epoch 108 | Step 1/196 | Loss: 0.4133 | Acc: 87.50%
[2025-05-31 11:11:15,181] INFO: Epoch 108 | Step 101/196 | Loss: 0.4608 | Acc: 84.12%
[2025-05-31 11:11:28,503] INFO: Epoch 108 training completed
[2025-05-31 11:11:29,682] INFO: Test Loss: 0.7003 | Test Acc: 77.11%
[2025-05-31 11:11:30,045] INFO: Epoch 109 | Step 1/196 | Loss: 0.4698 | Acc: 84.77%
[2025-05-31 11:11:44,098] INFO: Epoch 109 | Step 101/196 | Loss: 0.4627 | Acc: 84.07%
[2025-05-31 11:11:57,379] INFO: Epoch 109 training completed
[2025-05-31 11:11:58,543] INFO: Test Loss: 0.8402 | Test Acc: 71.77%
[2025-05-31 11:11:58,898] INFO: Epoch 110 | Step 1/196 | Loss: 0.4822 | Acc: 83.59%
[2025-05-31 11:12:12,955] INFO: Epoch 110 | Step 101/196 | Loss: 0.4618 | Acc: 84.31%
[2025-05-31 11:12:26,239] INFO: Epoch 110 training completed
[2025-05-31 11:12:27,413] INFO: Test Loss: 0.7755 | Test Acc: 74.33%
[2025-05-31 11:12:27,783] INFO: Epoch 111 | Step 1/196 | Loss: 0.4446 | Acc: 82.42%
[2025-05-31 11:12:41,840] INFO: Epoch 111 | Step 101/196 | Loss: 0.4533 | Acc: 84.32%
[2025-05-31 11:12:55,137] INFO: Epoch 111 training completed
[2025-05-31 11:12:56,297] INFO: Test Loss: 0.8875 | Test Acc: 71.15%
[2025-05-31 11:12:56,658] INFO: Epoch 112 | Step 1/196 | Loss: 0.4769 | Acc: 82.42%
[2025-05-31 11:13:10,751] INFO: Epoch 112 | Step 101/196 | Loss: 0.4516 | Acc: 84.53%
[2025-05-31 11:13:24,037] INFO: Epoch 112 training completed
[2025-05-31 11:13:25,197] INFO: Test Loss: 0.8074 | Test Acc: 74.15%
[2025-05-31 11:13:25,555] INFO: Epoch 113 | Step 1/196 | Loss: 0.5028 | Acc: 82.03%
[2025-05-31 11:13:39,608] INFO: Epoch 113 | Step 101/196 | Loss: 0.4497 | Acc: 84.43%
[2025-05-31 11:13:52,889] INFO: Epoch 113 training completed
[2025-05-31 11:13:54,051] INFO: Test Loss: 0.8685 | Test Acc: 71.36%
[2025-05-31 11:13:54,418] INFO: Epoch 114 | Step 1/196 | Loss: 0.3562 | Acc: 90.62%
[2025-05-31 11:14:08,474] INFO: Epoch 114 | Step 101/196 | Loss: 0.4723 | Acc: 83.66%
[2025-05-31 11:14:21,758] INFO: Epoch 114 training completed
[2025-05-31 11:14:22,919] INFO: Test Loss: 0.8642 | Test Acc: 72.45%
[2025-05-31 11:14:23,279] INFO: Epoch 115 | Step 1/196 | Loss: 0.4392 | Acc: 83.98%
[2025-05-31 11:14:37,345] INFO: Epoch 115 | Step 101/196 | Loss: 0.4597 | Acc: 84.07%
[2025-05-31 11:14:50,629] INFO: Epoch 115 training completed
[2025-05-31 11:14:51,787] INFO: Test Loss: 0.7380 | Test Acc: 75.76%
[2025-05-31 11:14:52,227] INFO: Epoch 116 | Step 1/196 | Loss: 0.3859 | Acc: 87.89%
[2025-05-31 11:15:06,282] INFO: Epoch 116 | Step 101/196 | Loss: 0.4452 | Acc: 84.86%
[2025-05-31 11:15:19,566] INFO: Epoch 116 training completed
[2025-05-31 11:15:20,729] INFO: Test Loss: 0.7613 | Test Acc: 75.71%
[2025-05-31 11:15:21,090] INFO: Epoch 117 | Step 1/196 | Loss: 0.6171 | Acc: 79.30%
[2025-05-31 11:15:35,141] INFO: Epoch 117 | Step 101/196 | Loss: 0.4497 | Acc: 84.56%
[2025-05-31 11:15:48,425] INFO: Epoch 117 training completed
[2025-05-31 11:15:49,580] INFO: Test Loss: 0.9207 | Test Acc: 69.39%
[2025-05-31 11:15:49,953] INFO: Epoch 118 | Step 1/196 | Loss: 0.4775 | Acc: 81.64%
[2025-05-31 11:16:04,006] INFO: Epoch 118 | Step 101/196 | Loss: 0.4358 | Acc: 84.94%
[2025-05-31 11:16:17,287] INFO: Epoch 118 training completed
[2025-05-31 11:16:18,444] INFO: Test Loss: 0.6379 | Test Acc: 79.26%
[2025-05-31 11:16:18,547] INFO: New best accuracy: 79.26%, model saved.
[2025-05-31 11:16:18,918] INFO: Epoch 119 | Step 1/196 | Loss: 0.4414 | Acc: 84.77%
[2025-05-31 11:16:32,972] INFO: Epoch 119 | Step 101/196 | Loss: 0.4427 | Acc: 85.01%
[2025-05-31 11:16:46,258] INFO: Epoch 119 training completed
[2025-05-31 11:16:47,427] INFO: Test Loss: 0.8262 | Test Acc: 74.07%
[2025-05-31 11:16:47,874] INFO: Epoch 120 | Step 1/196 | Loss: 0.3969 | Acc: 87.11%
[2025-05-31 11:17:01,932] INFO: Epoch 120 | Step 101/196 | Loss: 0.4331 | Acc: 85.11%
[2025-05-31 11:17:15,213] INFO: Epoch 120 training completed
[2025-05-31 11:17:16,378] INFO: Test Loss: 0.7614 | Test Acc: 74.60%
[2025-05-31 11:17:16,736] INFO: Epoch 121 | Step 1/196 | Loss: 0.4468 | Acc: 85.55%
[2025-05-31 11:17:30,791] INFO: Epoch 121 | Step 101/196 | Loss: 0.4316 | Acc: 85.01%
[2025-05-31 11:17:44,077] INFO: Epoch 121 training completed
[2025-05-31 11:17:45,247] INFO: Test Loss: 0.7165 | Test Acc: 75.91%
[2025-05-31 11:17:45,607] INFO: Epoch 122 | Step 1/196 | Loss: 0.4945 | Acc: 84.38%
[2025-05-31 11:17:59,660] INFO: Epoch 122 | Step 101/196 | Loss: 0.4193 | Acc: 85.54%
[2025-05-31 11:18:12,941] INFO: Epoch 122 training completed
[2025-05-31 11:18:14,102] INFO: Test Loss: 0.7955 | Test Acc: 73.69%
[2025-05-31 11:18:14,461] INFO: Epoch 123 | Step 1/196 | Loss: 0.3278 | Acc: 88.67%
[2025-05-31 11:18:28,515] INFO: Epoch 123 | Step 101/196 | Loss: 0.4207 | Acc: 85.57%
[2025-05-31 11:18:41,795] INFO: Epoch 123 training completed
[2025-05-31 11:18:42,951] INFO: Test Loss: 0.6854 | Test Acc: 77.65%
[2025-05-31 11:18:43,401] INFO: Epoch 124 | Step 1/196 | Loss: 0.4155 | Acc: 86.33%
[2025-05-31 11:18:57,461] INFO: Epoch 124 | Step 101/196 | Loss: 0.4174 | Acc: 85.65%
[2025-05-31 11:19:10,748] INFO: Epoch 124 training completed
[2025-05-31 11:19:11,917] INFO: Test Loss: 0.7169 | Test Acc: 77.06%
[2025-05-31 11:19:12,274] INFO: Epoch 125 | Step 1/196 | Loss: 0.3901 | Acc: 83.98%
[2025-05-31 11:19:26,328] INFO: Epoch 125 | Step 101/196 | Loss: 0.4110 | Acc: 85.91%
[2025-05-31 11:19:39,616] INFO: Epoch 125 training completed
[2025-05-31 11:19:40,783] INFO: Test Loss: 0.6730 | Test Acc: 78.27%
[2025-05-31 11:19:41,143] INFO: Epoch 126 | Step 1/196 | Loss: 0.3515 | Acc: 90.23%
[2025-05-31 11:19:55,200] INFO: Epoch 126 | Step 101/196 | Loss: 0.4200 | Acc: 85.62%
[2025-05-31 11:20:08,485] INFO: Epoch 126 training completed
[2025-05-31 11:20:09,647] INFO: Test Loss: 0.8387 | Test Acc: 73.36%
[2025-05-31 11:20:10,014] INFO: Epoch 127 | Step 1/196 | Loss: 0.3717 | Acc: 87.89%
[2025-05-31 11:20:24,065] INFO: Epoch 127 | Step 101/196 | Loss: 0.4178 | Acc: 85.53%
[2025-05-31 11:20:37,359] INFO: Epoch 127 training completed
[2025-05-31 11:20:38,516] INFO: Test Loss: 0.5948 | Test Acc: 80.57%
[2025-05-31 11:20:38,618] INFO: New best accuracy: 80.57%, model saved.
[2025-05-31 11:20:39,021] INFO: Epoch 128 | Step 1/196 | Loss: 0.4783 | Acc: 82.42%
[2025-05-31 11:20:53,075] INFO: Epoch 128 | Step 101/196 | Loss: 0.4135 | Acc: 85.95%
[2025-05-31 11:21:06,364] INFO: Epoch 128 training completed
[2025-05-31 11:21:07,530] INFO: Test Loss: 1.1535 | Test Acc: 63.02%
[2025-05-31 11:21:07,899] INFO: Epoch 129 | Step 1/196 | Loss: 0.4453 | Acc: 83.98%
[2025-05-31 11:21:21,953] INFO: Epoch 129 | Step 101/196 | Loss: 0.4046 | Acc: 86.12%
[2025-05-31 11:21:35,503] INFO: Epoch 129 training completed
[2025-05-31 11:21:36,691] INFO: Test Loss: 0.6084 | Test Acc: 80.02%
[2025-05-31 11:21:37,061] INFO: Epoch 130 | Step 1/196 | Loss: 0.4244 | Acc: 85.16%
[2025-05-31 11:21:51,328] INFO: Epoch 130 | Step 101/196 | Loss: 0.4045 | Acc: 86.27%
[2025-05-31 11:22:04,813] INFO: Epoch 130 training completed
[2025-05-31 11:22:06,008] INFO: Test Loss: 0.6245 | Test Acc: 79.60%
[2025-05-31 11:22:06,382] INFO: Epoch 131 | Step 1/196 | Loss: 0.4618 | Acc: 84.77%
[2025-05-31 11:22:20,650] INFO: Epoch 131 | Step 101/196 | Loss: 0.4030 | Acc: 86.34%
[2025-05-31 11:22:34,171] INFO: Epoch 131 training completed
[2025-05-31 11:22:35,353] INFO: Test Loss: 1.5270 | Test Acc: 55.60%
[2025-05-31 11:22:35,731] INFO: Epoch 132 | Step 1/196 | Loss: 0.3639 | Acc: 87.11%
[2025-05-31 11:22:49,997] INFO: Epoch 132 | Step 101/196 | Loss: 0.4045 | Acc: 85.97%
[2025-05-31 11:23:03,486] INFO: Epoch 132 training completed
[2025-05-31 11:23:04,663] INFO: Test Loss: 0.6994 | Test Acc: 77.13%
[2025-05-31 11:23:05,034] INFO: Epoch 133 | Step 1/196 | Loss: 0.3810 | Acc: 88.67%
[2025-05-31 11:23:19,302] INFO: Epoch 133 | Step 101/196 | Loss: 0.3878 | Acc: 86.75%
[2025-05-31 11:23:32,793] INFO: Epoch 133 training completed
[2025-05-31 11:23:34,003] INFO: Test Loss: 0.5717 | Test Acc: 81.04%
[2025-05-31 11:23:34,107] INFO: New best accuracy: 81.04%, model saved.
[2025-05-31 11:23:34,477] INFO: Epoch 134 | Step 1/196 | Loss: 0.3618 | Acc: 87.89%
[2025-05-31 11:23:48,746] INFO: Epoch 134 | Step 101/196 | Loss: 0.3992 | Acc: 86.36%
[2025-05-31 11:24:02,232] INFO: Epoch 134 training completed
[2025-05-31 11:24:03,426] INFO: Test Loss: 0.7002 | Test Acc: 77.41%
[2025-05-31 11:24:03,797] INFO: Epoch 135 | Step 1/196 | Loss: 0.4687 | Acc: 82.81%
[2025-05-31 11:24:18,103] INFO: Epoch 135 | Step 101/196 | Loss: 0.3925 | Acc: 86.61%
[2025-05-31 11:24:31,591] INFO: Epoch 135 training completed
[2025-05-31 11:24:32,784] INFO: Test Loss: 0.6210 | Test Acc: 79.28%
[2025-05-31 11:24:33,149] INFO: Epoch 136 | Step 1/196 | Loss: 0.4117 | Acc: 85.94%
[2025-05-31 11:24:47,419] INFO: Epoch 136 | Step 101/196 | Loss: 0.3871 | Acc: 86.89%
[2025-05-31 11:25:00,906] INFO: Epoch 136 training completed
[2025-05-31 11:25:02,088] INFO: Test Loss: 0.5443 | Test Acc: 82.57%
[2025-05-31 11:25:02,191] INFO: New best accuracy: 82.57%, model saved.
[2025-05-31 11:25:02,559] INFO: Epoch 137 | Step 1/196 | Loss: 0.3964 | Acc: 86.72%
[2025-05-31 11:25:16,826] INFO: Epoch 137 | Step 101/196 | Loss: 0.3826 | Acc: 86.71%
[2025-05-31 11:25:30,333] INFO: Epoch 137 training completed
[2025-05-31 11:25:31,533] INFO: Test Loss: 0.6263 | Test Acc: 79.25%
[2025-05-31 11:25:31,907] INFO: Epoch 138 | Step 1/196 | Loss: 0.3373 | Acc: 89.06%
[2025-05-31 11:25:46,175] INFO: Epoch 138 | Step 101/196 | Loss: 0.3797 | Acc: 87.00%
[2025-05-31 11:25:59,663] INFO: Epoch 138 training completed
[2025-05-31 11:26:00,851] INFO: Test Loss: 0.6942 | Test Acc: 77.63%
[2025-05-31 11:26:01,313] INFO: Epoch 139 | Step 1/196 | Loss: 0.4399 | Acc: 87.50%
[2025-05-31 11:26:15,583] INFO: Epoch 139 | Step 101/196 | Loss: 0.3856 | Acc: 86.81%
[2025-05-31 11:26:29,072] INFO: Epoch 139 training completed
[2025-05-31 11:26:30,279] INFO: Test Loss: 0.6393 | Test Acc: 78.40%
[2025-05-31 11:26:30,647] INFO: Epoch 140 | Step 1/196 | Loss: 0.2880 | Acc: 90.62%
[2025-05-31 11:26:44,924] INFO: Epoch 140 | Step 101/196 | Loss: 0.3643 | Acc: 87.73%
[2025-05-31 11:26:58,409] INFO: Epoch 140 training completed
[2025-05-31 11:26:59,601] INFO: Test Loss: 0.6041 | Test Acc: 80.19%
[2025-05-31 11:26:59,968] INFO: Epoch 141 | Step 1/196 | Loss: 0.4289 | Acc: 85.16%
[2025-05-31 11:27:14,233] INFO: Epoch 141 | Step 101/196 | Loss: 0.3678 | Acc: 87.33%
[2025-05-31 11:27:27,721] INFO: Epoch 141 training completed
[2025-05-31 11:27:28,898] INFO: Test Loss: 0.8742 | Test Acc: 71.76%
[2025-05-31 11:27:29,269] INFO: Epoch 142 | Step 1/196 | Loss: 0.3908 | Acc: 87.50%
[2025-05-31 11:27:43,536] INFO: Epoch 142 | Step 101/196 | Loss: 0.3695 | Acc: 87.42%
[2025-05-31 11:27:57,040] INFO: Epoch 142 training completed
[2025-05-31 11:27:58,234] INFO: Test Loss: 0.5337 | Test Acc: 83.11%
[2025-05-31 11:27:58,436] INFO: New best accuracy: 83.11%, model saved.
[2025-05-31 11:27:58,795] INFO: Epoch 143 | Step 1/196 | Loss: 0.4020 | Acc: 85.55%
[2025-05-31 11:28:13,059] INFO: Epoch 143 | Step 101/196 | Loss: 0.3629 | Acc: 87.47%
[2025-05-31 11:28:26,544] INFO: Epoch 143 training completed
[2025-05-31 11:28:27,738] INFO: Test Loss: 0.5542 | Test Acc: 81.35%
[2025-05-31 11:28:28,100] INFO: Epoch 144 | Step 1/196 | Loss: 0.3994 | Acc: 83.98%
[2025-05-31 11:28:42,366] INFO: Epoch 144 | Step 101/196 | Loss: 0.3628 | Acc: 87.50%
[2025-05-31 11:28:55,852] INFO: Epoch 144 training completed
[2025-05-31 11:28:57,046] INFO: Test Loss: 0.5589 | Test Acc: 81.14%
[2025-05-31 11:28:57,415] INFO: Epoch 145 | Step 1/196 | Loss: 0.3308 | Acc: 87.89%
[2025-05-31 11:29:11,683] INFO: Epoch 145 | Step 101/196 | Loss: 0.3610 | Acc: 87.71%
[2025-05-31 11:29:25,169] INFO: Epoch 145 training completed
[2025-05-31 11:29:26,349] INFO: Test Loss: 0.5394 | Test Acc: 81.56%
[2025-05-31 11:29:26,717] INFO: Epoch 146 | Step 1/196 | Loss: 0.4596 | Acc: 83.20%
[2025-05-31 11:29:40,988] INFO: Epoch 146 | Step 101/196 | Loss: 0.3469 | Acc: 88.07%
[2025-05-31 11:29:54,511] INFO: Epoch 146 training completed
[2025-05-31 11:29:55,705] INFO: Test Loss: 0.6119 | Test Acc: 79.56%
[2025-05-31 11:29:56,077] INFO: Epoch 147 | Step 1/196 | Loss: 0.3371 | Acc: 90.62%
[2025-05-31 11:30:10,348] INFO: Epoch 147 | Step 101/196 | Loss: 0.3520 | Acc: 87.80%
[2025-05-31 11:30:23,831] INFO: Epoch 147 training completed
[2025-05-31 11:30:25,016] INFO: Test Loss: 0.4538 | Test Acc: 85.14%
[2025-05-31 11:30:25,119] INFO: New best accuracy: 85.14%, model saved.
[2025-05-31 11:30:25,484] INFO: Epoch 148 | Step 1/196 | Loss: 0.3805 | Acc: 87.11%
[2025-05-31 11:30:39,749] INFO: Epoch 148 | Step 101/196 | Loss: 0.3418 | Acc: 88.39%
[2025-05-31 11:30:53,236] INFO: Epoch 148 training completed
[2025-05-31 11:30:54,437] INFO: Test Loss: 0.6563 | Test Acc: 78.61%
[2025-05-31 11:30:54,808] INFO: Epoch 149 | Step 1/196 | Loss: 0.3127 | Acc: 89.84%
[2025-05-31 11:31:09,077] INFO: Epoch 149 | Step 101/196 | Loss: 0.3391 | Acc: 88.39%
[2025-05-31 11:31:22,563] INFO: Epoch 149 training completed
[2025-05-31 11:31:23,745] INFO: Test Loss: 0.6134 | Test Acc: 80.24%
[2025-05-31 11:31:24,108] INFO: Epoch 150 | Step 1/196 | Loss: 0.3627 | Acc: 85.16%
[2025-05-31 11:31:38,410] INFO: Epoch 150 | Step 101/196 | Loss: 0.3389 | Acc: 88.43%
[2025-05-31 11:31:51,897] INFO: Epoch 150 training completed
[2025-05-31 11:31:53,084] INFO: Test Loss: 0.5885 | Test Acc: 80.69%
[2025-05-31 11:31:53,453] INFO: Epoch 151 | Step 1/196 | Loss: 0.2164 | Acc: 94.53%
[2025-05-31 11:32:07,725] INFO: Epoch 151 | Step 101/196 | Loss: 0.3321 | Acc: 88.83%
[2025-05-31 11:32:21,212] INFO: Epoch 151 training completed
[2025-05-31 11:32:22,397] INFO: Test Loss: 0.5319 | Test Acc: 82.85%
[2025-05-31 11:32:22,763] INFO: Epoch 152 | Step 1/196 | Loss: 0.4088 | Acc: 85.94%
[2025-05-31 11:32:37,035] INFO: Epoch 152 | Step 101/196 | Loss: 0.3316 | Acc: 88.75%
[2025-05-31 11:32:50,533] INFO: Epoch 152 training completed
[2025-05-31 11:32:51,724] INFO: Test Loss: 0.4500 | Test Acc: 84.98%
[2025-05-31 11:32:52,090] INFO: Epoch 153 | Step 1/196 | Loss: 0.3422 | Acc: 88.67%
[2025-05-31 11:33:06,355] INFO: Epoch 153 | Step 101/196 | Loss: 0.3219 | Acc: 89.17%
[2025-05-31 11:33:19,842] INFO: Epoch 153 training completed
[2025-05-31 11:33:21,040] INFO: Test Loss: 0.5505 | Test Acc: 81.84%
[2025-05-31 11:33:21,495] INFO: Epoch 154 | Step 1/196 | Loss: 0.3332 | Acc: 88.67%
[2025-05-31 11:33:35,760] INFO: Epoch 154 | Step 101/196 | Loss: 0.3221 | Acc: 89.22%
[2025-05-31 11:33:49,243] INFO: Epoch 154 training completed
[2025-05-31 11:33:50,437] INFO: Test Loss: 0.4831 | Test Acc: 84.30%
[2025-05-31 11:33:50,798] INFO: Epoch 155 | Step 1/196 | Loss: 0.3606 | Acc: 87.50%
[2025-05-31 11:34:05,069] INFO: Epoch 155 | Step 101/196 | Loss: 0.3134 | Acc: 89.36%
[2025-05-31 11:34:18,555] INFO: Epoch 155 training completed
[2025-05-31 11:34:19,734] INFO: Test Loss: 0.4896 | Test Acc: 83.64%
[2025-05-31 11:34:20,104] INFO: Epoch 156 | Step 1/196 | Loss: 0.2601 | Acc: 92.58%
[2025-05-31 11:34:34,368] INFO: Epoch 156 | Step 101/196 | Loss: 0.3131 | Acc: 89.53%
[2025-05-31 11:34:47,855] INFO: Epoch 156 training completed
[2025-05-31 11:34:49,039] INFO: Test Loss: 0.4684 | Test Acc: 84.83%
[2025-05-31 11:34:49,431] INFO: Epoch 157 | Step 1/196 | Loss: 0.3088 | Acc: 90.23%
[2025-05-31 11:35:03,698] INFO: Epoch 157 | Step 101/196 | Loss: 0.3022 | Acc: 89.67%
[2025-05-31 11:35:17,183] INFO: Epoch 157 training completed
[2025-05-31 11:35:18,372] INFO: Test Loss: 0.4674 | Test Acc: 84.87%
[2025-05-31 11:35:18,822] INFO: Epoch 158 | Step 1/196 | Loss: 0.2749 | Acc: 91.02%
[2025-05-31 11:35:33,090] INFO: Epoch 158 | Step 101/196 | Loss: 0.3014 | Acc: 89.54%
[2025-05-31 11:35:46,585] INFO: Epoch 158 training completed
[2025-05-31 11:35:47,771] INFO: Test Loss: 0.4327 | Test Acc: 86.12%
[2025-05-31 11:35:47,886] INFO: New best accuracy: 86.12%, model saved.
[2025-05-31 11:35:48,250] INFO: Epoch 159 | Step 1/196 | Loss: 0.3856 | Acc: 85.16%
[2025-05-31 11:36:02,520] INFO: Epoch 159 | Step 101/196 | Loss: 0.3006 | Acc: 89.76%
[2025-05-31 11:36:16,007] INFO: Epoch 159 training completed
[2025-05-31 11:36:17,194] INFO: Test Loss: 0.5415 | Test Acc: 82.63%
[2025-05-31 11:36:17,563] INFO: Epoch 160 | Step 1/196 | Loss: 0.3426 | Acc: 89.45%
[2025-05-31 11:36:31,831] INFO: Epoch 160 | Step 101/196 | Loss: 0.2894 | Acc: 90.21%
[2025-05-31 11:36:45,317] INFO: Epoch 160 training completed
[2025-05-31 11:36:46,499] INFO: Test Loss: 0.4698 | Test Acc: 84.63%
[2025-05-31 11:36:46,863] INFO: Epoch 161 | Step 1/196 | Loss: 0.2344 | Acc: 94.14%
[2025-05-31 11:37:01,134] INFO: Epoch 161 | Step 101/196 | Loss: 0.2956 | Acc: 90.03%
[2025-05-31 11:37:14,623] INFO: Epoch 161 training completed
[2025-05-31 11:37:15,814] INFO: Test Loss: 0.4900 | Test Acc: 84.52%
[2025-05-31 11:37:16,175] INFO: Epoch 162 | Step 1/196 | Loss: 0.2489 | Acc: 92.58%
[2025-05-31 11:37:30,473] INFO: Epoch 162 | Step 101/196 | Loss: 0.2804 | Acc: 90.72%
[2025-05-31 11:37:43,961] INFO: Epoch 162 training completed
[2025-05-31 11:37:45,143] INFO: Test Loss: 0.4825 | Test Acc: 84.63%
[2025-05-31 11:37:45,521] INFO: Epoch 163 | Step 1/196 | Loss: 0.2424 | Acc: 91.80%
[2025-05-31 11:37:59,788] INFO: Epoch 163 | Step 101/196 | Loss: 0.2745 | Acc: 90.89%
[2025-05-31 11:38:13,275] INFO: Epoch 163 training completed
[2025-05-31 11:38:14,459] INFO: Test Loss: 0.4130 | Test Acc: 86.59%
[2025-05-31 11:38:14,568] INFO: New best accuracy: 86.59%, model saved.
[2025-05-31 11:38:14,933] INFO: Epoch 164 | Step 1/196 | Loss: 0.2914 | Acc: 91.02%
[2025-05-31 11:38:29,203] INFO: Epoch 164 | Step 101/196 | Loss: 0.2712 | Acc: 90.87%
[2025-05-31 11:38:42,700] INFO: Epoch 164 training completed
[2025-05-31 11:38:43,891] INFO: Test Loss: 0.4306 | Test Acc: 86.18%
[2025-05-31 11:38:44,261] INFO: Epoch 165 | Step 1/196 | Loss: 0.3189 | Acc: 89.45%
[2025-05-31 11:38:58,528] INFO: Epoch 165 | Step 101/196 | Loss: 0.2693 | Acc: 91.12%
[2025-05-31 11:39:12,055] INFO: Epoch 165 training completed
[2025-05-31 11:39:13,238] INFO: Test Loss: 0.4037 | Test Acc: 87.16%
[2025-05-31 11:39:13,341] INFO: New best accuracy: 87.16%, model saved.
[2025-05-31 11:39:13,721] INFO: Epoch 166 | Step 1/196 | Loss: 0.2099 | Acc: 93.75%
[2025-05-31 11:39:27,992] INFO: Epoch 166 | Step 101/196 | Loss: 0.2617 | Acc: 91.19%
[2025-05-31 11:39:41,476] INFO: Epoch 166 training completed
[2025-05-31 11:39:42,662] INFO: Test Loss: 0.4096 | Test Acc: 86.70%
[2025-05-31 11:39:43,028] INFO: Epoch 167 | Step 1/196 | Loss: 0.2686 | Acc: 94.14%
[2025-05-31 11:39:57,292] INFO: Epoch 167 | Step 101/196 | Loss: 0.2617 | Acc: 91.31%
[2025-05-31 11:40:10,781] INFO: Epoch 167 training completed
[2025-05-31 11:40:11,952] INFO: Test Loss: 0.4100 | Test Acc: 86.94%
[2025-05-31 11:40:12,323] INFO: Epoch 168 | Step 1/196 | Loss: 0.1917 | Acc: 93.75%
[2025-05-31 11:40:26,594] INFO: Epoch 168 | Step 101/196 | Loss: 0.2554 | Acc: 91.45%
[2025-05-31 11:40:40,082] INFO: Epoch 168 training completed
[2025-05-31 11:40:41,262] INFO: Test Loss: 0.4004 | Test Acc: 87.00%
[2025-05-31 11:40:41,720] INFO: Epoch 169 | Step 1/196 | Loss: 0.2973 | Acc: 90.23%
[2025-05-31 11:40:55,989] INFO: Epoch 169 | Step 101/196 | Loss: 0.2433 | Acc: 91.87%
[2025-05-31 11:41:09,482] INFO: Epoch 169 training completed
[2025-05-31 11:41:10,663] INFO: Test Loss: 0.3937 | Test Acc: 87.39%
[2025-05-31 11:41:10,766] INFO: New best accuracy: 87.39%, model saved.
[2025-05-31 11:41:11,136] INFO: Epoch 170 | Step 1/196 | Loss: 0.1654 | Acc: 96.09%
[2025-05-31 11:41:25,405] INFO: Epoch 170 | Step 101/196 | Loss: 0.2406 | Acc: 92.16%
[2025-05-31 11:41:38,893] INFO: Epoch 170 training completed
[2025-05-31 11:41:40,077] INFO: Test Loss: 0.4264 | Test Acc: 86.48%
[2025-05-31 11:41:40,448] INFO: Epoch 171 | Step 1/196 | Loss: 0.2171 | Acc: 92.19%
[2025-05-31 11:41:54,725] INFO: Epoch 171 | Step 101/196 | Loss: 0.2401 | Acc: 92.03%
[2025-05-31 11:42:08,211] INFO: Epoch 171 training completed
[2025-05-31 11:42:09,394] INFO: Test Loss: 0.3636 | Test Acc: 88.36%
[2025-05-31 11:42:09,497] INFO: New best accuracy: 88.36%, model saved.
[2025-05-31 11:42:09,856] INFO: Epoch 172 | Step 1/196 | Loss: 0.2717 | Acc: 90.62%
[2025-05-31 11:42:24,124] INFO: Epoch 172 | Step 101/196 | Loss: 0.2299 | Acc: 92.40%
[2025-05-31 11:42:37,608] INFO: Epoch 172 training completed
[2025-05-31 11:42:38,797] INFO: Test Loss: 0.4130 | Test Acc: 86.73%
[2025-05-31 11:42:39,253] INFO: Epoch 173 | Step 1/196 | Loss: 0.2551 | Acc: 90.23%
[2025-05-31 11:42:53,540] INFO: Epoch 173 | Step 101/196 | Loss: 0.2311 | Acc: 92.30%
[2025-05-31 11:43:07,024] INFO: Epoch 173 training completed
[2025-05-31 11:43:08,213] INFO: Test Loss: 0.3990 | Test Acc: 87.25%
[2025-05-31 11:43:08,597] INFO: Epoch 174 | Step 1/196 | Loss: 0.1629 | Acc: 95.31%
[2025-05-31 11:43:22,862] INFO: Epoch 174 | Step 101/196 | Loss: 0.2236 | Acc: 92.78%
[2025-05-31 11:43:36,351] INFO: Epoch 174 training completed
[2025-05-31 11:43:37,534] INFO: Test Loss: 0.4281 | Test Acc: 85.91%
[2025-05-31 11:43:37,896] INFO: Epoch 175 | Step 1/196 | Loss: 0.1599 | Acc: 96.09%
[2025-05-31 11:43:52,164] INFO: Epoch 175 | Step 101/196 | Loss: 0.2117 | Acc: 93.10%
[2025-05-31 11:44:05,654] INFO: Epoch 175 training completed
[2025-05-31 11:44:06,837] INFO: Test Loss: 0.3888 | Test Acc: 87.45%
[2025-05-31 11:44:07,200] INFO: Epoch 176 | Step 1/196 | Loss: 0.1810 | Acc: 94.53%
[2025-05-31 11:44:21,468] INFO: Epoch 176 | Step 101/196 | Loss: 0.2181 | Acc: 92.92%
[2025-05-31 11:44:34,953] INFO: Epoch 176 training completed
[2025-05-31 11:44:36,143] INFO: Test Loss: 0.3690 | Test Acc: 88.69%
[2025-05-31 11:44:36,343] INFO: New best accuracy: 88.69%, model saved.
[2025-05-31 11:44:36,735] INFO: Epoch 177 | Step 1/196 | Loss: 0.1824 | Acc: 93.36%
[2025-05-31 11:44:51,014] INFO: Epoch 177 | Step 101/196 | Loss: 0.2067 | Acc: 93.46%
[2025-05-31 11:45:04,502] INFO: Epoch 177 training completed
[2025-05-31 11:45:05,684] INFO: Test Loss: 0.3391 | Test Acc: 89.20%
[2025-05-31 11:45:05,788] INFO: New best accuracy: 89.20%, model saved.
[2025-05-31 11:45:06,147] INFO: Epoch 178 | Step 1/196 | Loss: 0.1818 | Acc: 94.92%
[2025-05-31 11:45:20,414] INFO: Epoch 178 | Step 101/196 | Loss: 0.1972 | Acc: 93.85%
[2025-05-31 11:45:33,898] INFO: Epoch 178 training completed
[2025-05-31 11:45:35,082] INFO: Test Loss: 0.3535 | Test Acc: 89.54%
[2025-05-31 11:45:35,185] INFO: New best accuracy: 89.54%, model saved.
[2025-05-31 11:45:35,550] INFO: Epoch 179 | Step 1/196 | Loss: 0.1459 | Acc: 96.48%
[2025-05-31 11:45:49,817] INFO: Epoch 179 | Step 101/196 | Loss: 0.1964 | Acc: 93.82%
[2025-05-31 11:46:03,304] INFO: Epoch 179 training completed
[2025-05-31 11:46:04,490] INFO: Test Loss: 0.3248 | Test Acc: 89.74%
[2025-05-31 11:46:04,594] INFO: New best accuracy: 89.74%, model saved.
[2025-05-31 11:46:05,062] INFO: Epoch 180 | Step 1/196 | Loss: 0.2006 | Acc: 93.75%
[2025-05-31 11:46:19,329] INFO: Epoch 180 | Step 101/196 | Loss: 0.1905 | Acc: 94.05%
[2025-05-31 11:46:32,815] INFO: Epoch 180 training completed
[2025-05-31 11:46:33,997] INFO: Test Loss: 0.3128 | Test Acc: 90.23%
[2025-05-31 11:46:34,100] INFO: New best accuracy: 90.23%, model saved.
[2025-05-31 11:46:34,469] INFO: Epoch 181 | Step 1/196 | Loss: 0.1493 | Acc: 96.09%
[2025-05-31 11:46:48,730] INFO: Epoch 181 | Step 101/196 | Loss: 0.1866 | Acc: 94.19%
[2025-05-31 11:47:02,215] INFO: Epoch 181 training completed
[2025-05-31 11:47:03,406] INFO: Test Loss: 0.3288 | Test Acc: 89.59%
[2025-05-31 11:47:03,783] INFO: Epoch 182 | Step 1/196 | Loss: 0.1503 | Acc: 95.70%
[2025-05-31 11:47:18,050] INFO: Epoch 182 | Step 101/196 | Loss: 0.1770 | Acc: 94.46%
[2025-05-31 11:47:31,532] INFO: Epoch 182 training completed
[2025-05-31 11:47:32,728] INFO: Test Loss: 0.3164 | Test Acc: 90.25%
[2025-05-31 11:47:32,832] INFO: New best accuracy: 90.25%, model saved.
[2025-05-31 11:47:33,195] INFO: Epoch 183 | Step 1/196 | Loss: 0.1764 | Acc: 94.92%
[2025-05-31 11:47:47,475] INFO: Epoch 183 | Step 101/196 | Loss: 0.1735 | Acc: 94.55%
[2025-05-31 11:48:00,964] INFO: Epoch 183 training completed
[2025-05-31 11:48:02,151] INFO: Test Loss: 0.3203 | Test Acc: 89.84%
[2025-05-31 11:48:02,608] INFO: Epoch 184 | Step 1/196 | Loss: 0.1247 | Acc: 96.09%
[2025-05-31 11:48:16,877] INFO: Epoch 184 | Step 101/196 | Loss: 0.1710 | Acc: 94.76%
[2025-05-31 11:48:30,362] INFO: Epoch 184 training completed
[2025-05-31 11:48:31,550] INFO: Test Loss: 0.3083 | Test Acc: 90.36%
[2025-05-31 11:48:31,653] INFO: New best accuracy: 90.36%, model saved.
[2025-05-31 11:48:32,018] INFO: Epoch 185 | Step 1/196 | Loss: 0.1883 | Acc: 93.75%
[2025-05-31 11:48:46,286] INFO: Epoch 185 | Step 101/196 | Loss: 0.1655 | Acc: 94.81%
[2025-05-31 11:48:59,768] INFO: Epoch 185 training completed
[2025-05-31 11:49:00,955] INFO: Test Loss: 0.3231 | Test Acc: 90.07%
[2025-05-31 11:49:01,325] INFO: Epoch 186 | Step 1/196 | Loss: 0.1437 | Acc: 94.53%
[2025-05-31 11:49:15,591] INFO: Epoch 186 | Step 101/196 | Loss: 0.1601 | Acc: 94.96%
[2025-05-31 11:49:29,077] INFO: Epoch 186 training completed
[2025-05-31 11:49:30,260] INFO: Test Loss: 0.3054 | Test Acc: 90.42%
[2025-05-31 11:49:30,364] INFO: New best accuracy: 90.42%, model saved.
[2025-05-31 11:49:30,732] INFO: Epoch 187 | Step 1/196 | Loss: 0.1277 | Acc: 96.48%
[2025-05-31 11:49:44,999] INFO: Epoch 187 | Step 101/196 | Loss: 0.1552 | Acc: 95.25%
[2025-05-31 11:49:58,513] INFO: Epoch 187 training completed
[2025-05-31 11:49:59,702] INFO: Test Loss: 0.3026 | Test Acc: 90.54%
[2025-05-31 11:49:59,805] INFO: New best accuracy: 90.54%, model saved.
[2025-05-31 11:50:00,174] INFO: Epoch 188 | Step 1/196 | Loss: 0.1337 | Acc: 96.48%
[2025-05-31 11:50:14,446] INFO: Epoch 188 | Step 101/196 | Loss: 0.1516 | Acc: 95.44%
[2025-05-31 11:50:27,932] INFO: Epoch 188 training completed
[2025-05-31 11:50:29,120] INFO: Test Loss: 0.3001 | Test Acc: 90.60%
[2025-05-31 11:50:29,222] INFO: New best accuracy: 90.60%, model saved.
[2025-05-31 11:50:29,591] INFO: Epoch 189 | Step 1/196 | Loss: 0.1189 | Acc: 96.88%
[2025-05-31 11:50:43,855] INFO: Epoch 189 | Step 101/196 | Loss: 0.1437 | Acc: 95.74%
[2025-05-31 11:50:57,352] INFO: Epoch 189 training completed
[2025-05-31 11:50:58,539] INFO: Test Loss: 0.2940 | Test Acc: 90.92%
[2025-05-31 11:50:58,641] INFO: New best accuracy: 90.92%, model saved.
[2025-05-31 11:50:59,011] INFO: Epoch 190 | Step 1/196 | Loss: 0.1304 | Acc: 96.88%
[2025-05-31 11:51:13,285] INFO: Epoch 190 | Step 101/196 | Loss: 0.1481 | Acc: 95.70%
[2025-05-31 11:51:26,804] INFO: Epoch 190 training completed
[2025-05-31 11:51:27,985] INFO: Test Loss: 0.2959 | Test Acc: 90.80%
[2025-05-31 11:51:28,348] INFO: Epoch 191 | Step 1/196 | Loss: 0.1195 | Acc: 97.27%
[2025-05-31 11:51:42,612] INFO: Epoch 191 | Step 101/196 | Loss: 0.1384 | Acc: 96.02%
[2025-05-31 11:51:56,100] INFO: Epoch 191 training completed
[2025-05-31 11:51:57,276] INFO: Test Loss: 0.2920 | Test Acc: 90.97%
[2025-05-31 11:51:57,380] INFO: New best accuracy: 90.97%, model saved.
[2025-05-31 11:51:57,748] INFO: Epoch 192 | Step 1/196 | Loss: 0.1032 | Acc: 97.66%
[2025-05-31 11:52:12,015] INFO: Epoch 192 | Step 101/196 | Loss: 0.1360 | Acc: 96.21%
[2025-05-31 11:52:25,502] INFO: Epoch 192 training completed
[2025-05-31 11:52:26,690] INFO: Test Loss: 0.2892 | Test Acc: 91.04%
[2025-05-31 11:52:26,793] INFO: New best accuracy: 91.04%, model saved.
[2025-05-31 11:52:27,159] INFO: Epoch 193 | Step 1/196 | Loss: 0.0958 | Acc: 98.83%
[2025-05-31 11:52:41,428] INFO: Epoch 193 | Step 101/196 | Loss: 0.1360 | Acc: 96.09%
[2025-05-31 11:52:54,916] INFO: Epoch 193 training completed
[2025-05-31 11:52:56,094] INFO: Test Loss: 0.2900 | Test Acc: 91.21%
[2025-05-31 11:52:56,289] INFO: New best accuracy: 91.21%, model saved.
[2025-05-31 11:52:56,657] INFO: Epoch 194 | Step 1/196 | Loss: 0.0724 | Acc: 98.44%
[2025-05-31 11:53:10,924] INFO: Epoch 194 | Step 101/196 | Loss: 0.1364 | Acc: 96.07%
[2025-05-31 11:53:24,409] INFO: Epoch 194 training completed
[2025-05-31 11:53:25,598] INFO: Test Loss: 0.2911 | Test Acc: 90.95%
[2025-05-31 11:53:25,961] INFO: Epoch 195 | Step 1/196 | Loss: 0.1110 | Acc: 96.09%
[2025-05-31 11:53:40,229] INFO: Epoch 195 | Step 101/196 | Loss: 0.1296 | Acc: 96.42%
[2025-05-31 11:53:53,727] INFO: Epoch 195 training completed
[2025-05-31 11:53:54,922] INFO: Test Loss: 0.2904 | Test Acc: 91.05%
[2025-05-31 11:53:55,307] INFO: Epoch 196 | Step 1/196 | Loss: 0.1214 | Acc: 96.48%
[2025-05-31 11:54:09,574] INFO: Epoch 196 | Step 101/196 | Loss: 0.1319 | Acc: 96.22%
[2025-05-31 11:54:23,063] INFO: Epoch 196 training completed
[2025-05-31 11:54:24,245] INFO: Test Loss: 0.2887 | Test Acc: 90.97%
[2025-05-31 11:54:24,611] INFO: Epoch 197 | Step 1/196 | Loss: 0.1103 | Acc: 96.48%
[2025-05-31 11:54:38,878] INFO: Epoch 197 | Step 101/196 | Loss: 0.1260 | Acc: 96.55%
[2025-05-31 11:54:52,399] INFO: Epoch 197 training completed
[2025-05-31 11:54:53,581] INFO: Test Loss: 0.2892 | Test Acc: 91.11%
[2025-05-31 11:54:53,947] INFO: Epoch 198 | Step 1/196 | Loss: 0.1721 | Acc: 94.92%
[2025-05-31 11:55:08,217] INFO: Epoch 198 | Step 101/196 | Loss: 0.1299 | Acc: 96.22%
[2025-05-31 11:55:21,700] INFO: Epoch 198 training completed
[2025-05-31 11:55:22,895] INFO: Test Loss: 0.2888 | Test Acc: 91.07%
[2025-05-31 11:55:23,262] INFO: Epoch 199 | Step 1/196 | Loss: 0.0982 | Acc: 96.88%
[2025-05-31 11:55:37,531] INFO: Epoch 199 | Step 101/196 | Loss: 0.1315 | Acc: 96.21%
[2025-05-31 11:55:51,015] INFO: Epoch 199 training completed
[2025-05-31 11:55:52,198] INFO: Test Loss: 0.2901 | Test Acc: 90.97%
[2025-05-31 11:55:52,567] INFO: Epoch 200 | Step 1/196 | Loss: 0.1232 | Acc: 96.09%
[2025-05-31 11:56:06,839] INFO: Epoch 200 | Step 101/196 | Loss: 0.1266 | Acc: 96.43%
[2025-05-31 11:56:20,325] INFO: Epoch 200 training completed
[2025-05-31 11:56:21,505] INFO: Test Loss: 0.2898 | Test Acc: 91.05%
[2025-05-31 11:56:21,668] INFO: Training complete. Best Test Accuracy: 91.21%
