[2025-05-31 13:56:04,143] INFO: Using device: cuda
[2025-05-31 13:56:05,248] INFO: Using GhostNetV3 with width 2.8
[2025-05-31 13:56:31,047] INFO: Epoch 1 | Step 1/196 | Loss: 3.9828 | Acc: 8.98%
[2025-05-31 13:56:56,634] INFO: Epoch 1 | Step 101/196 | Loss: 2.6540 | Acc: 11.87%
[2025-05-31 13:57:20,949] INFO: Epoch 1 training completed
[2025-05-31 13:57:46,371] INFO: Test Loss: 2.2364 | Test Acc: 20.77%
[2025-05-31 13:57:46,492] INFO: New best accuracy: 20.77%, model saved.
[2025-05-31 13:57:46,984] INFO: Epoch 2 | Step 1/196 | Loss: 2.1652 | Acc: 16.80%
[2025-05-31 13:58:12,690] INFO: Epoch 2 | Step 101/196 | Loss: 2.0952 | Acc: 22.13%
[2025-05-31 13:58:37,007] INFO: Epoch 2 training completed
[2025-05-31 13:58:39,975] INFO: Test Loss: 2.0496 | Test Acc: 26.37%
[2025-05-31 13:58:40,085] INFO: New best accuracy: 26.37%, model saved.
[2025-05-31 13:58:40,574] INFO: Epoch 3 | Step 1/196 | Loss: 1.9981 | Acc: 25.78%
[2025-05-31 13:59:06,400] INFO: Epoch 3 | Step 101/196 | Loss: 1.8773 | Acc: 28.26%
[2025-05-31 13:59:30,766] INFO: Epoch 3 training completed
[2025-05-31 13:59:33,754] INFO: Test Loss: 1.7820 | Test Acc: 34.50%
[2025-05-31 13:59:33,867] INFO: New best accuracy: 34.50%, model saved.
[2025-05-31 13:59:34,362] INFO: Epoch 4 | Step 1/196 | Loss: 1.6878 | Acc: 35.55%
[2025-05-31 14:00:00,200] INFO: Epoch 4 | Step 101/196 | Loss: 1.7367 | Acc: 33.42%
[2025-05-31 14:00:24,631] INFO: Epoch 4 training completed
[2025-05-31 14:00:27,625] INFO: Test Loss: 1.9630 | Test Acc: 35.58%
[2025-05-31 14:00:27,738] INFO: New best accuracy: 35.58%, model saved.
[2025-05-31 14:00:28,232] INFO: Epoch 5 | Step 1/196 | Loss: 1.6179 | Acc: 41.80%
[2025-05-31 14:00:54,093] INFO: Epoch 5 | Step 101/196 | Loss: 1.6319 | Acc: 38.09%
[2025-05-31 14:01:18,490] INFO: Epoch 5 training completed
[2025-05-31 14:01:21,477] INFO: Test Loss: 1.5743 | Test Acc: 41.93%
[2025-05-31 14:01:21,587] INFO: New best accuracy: 41.93%, model saved.
[2025-05-31 14:01:22,081] INFO: Epoch 6 | Step 1/196 | Loss: 1.5120 | Acc: 47.27%
[2025-05-31 14:01:47,932] INFO: Epoch 6 | Step 101/196 | Loss: 1.5098 | Acc: 42.83%
[2025-05-31 14:02:12,328] INFO: Epoch 6 training completed
[2025-05-31 14:02:15,318] INFO: Test Loss: 1.4518 | Test Acc: 48.00%
[2025-05-31 14:02:15,433] INFO: New best accuracy: 48.00%, model saved.
[2025-05-31 14:02:15,930] INFO: Epoch 7 | Step 1/196 | Loss: 1.4287 | Acc: 47.66%
[2025-05-31 14:02:41,788] INFO: Epoch 7 | Step 101/196 | Loss: 1.3996 | Acc: 47.37%
[2025-05-31 14:03:06,193] INFO: Epoch 7 training completed
[2025-05-31 14:03:09,189] INFO: Test Loss: 1.4065 | Test Acc: 48.75%
[2025-05-31 14:03:09,406] INFO: New best accuracy: 48.75%, model saved.
[2025-05-31 14:03:09,901] INFO: Epoch 8 | Step 1/196 | Loss: 1.3374 | Acc: 50.00%
[2025-05-31 14:03:35,760] INFO: Epoch 8 | Step 101/196 | Loss: 1.2879 | Acc: 51.93%
[2025-05-31 14:04:00,166] INFO: Epoch 8 training completed
[2025-05-31 14:04:03,165] INFO: Test Loss: 1.2955 | Test Acc: 53.71%
[2025-05-31 14:04:03,279] INFO: New best accuracy: 53.71%, model saved.
[2025-05-31 14:04:03,775] INFO: Epoch 9 | Step 1/196 | Loss: 1.1811 | Acc: 55.08%
[2025-05-31 14:04:29,635] INFO: Epoch 9 | Step 101/196 | Loss: 1.1876 | Acc: 55.82%
[2025-05-31 14:04:54,047] INFO: Epoch 9 training completed
[2025-05-31 14:04:57,040] INFO: Test Loss: 1.2600 | Test Acc: 54.89%
[2025-05-31 14:04:57,159] INFO: New best accuracy: 54.89%, model saved.
[2025-05-31 14:04:57,660] INFO: Epoch 10 | Step 1/196 | Loss: 1.1166 | Acc: 56.64%
[2025-05-31 14:05:23,522] INFO: Epoch 10 | Step 101/196 | Loss: 1.1043 | Acc: 58.94%
[2025-05-31 14:05:47,924] INFO: Epoch 10 training completed
[2025-05-31 14:05:50,916] INFO: Test Loss: 1.0864 | Test Acc: 61.26%
[2025-05-31 14:05:51,029] INFO: New best accuracy: 61.26%, model saved.
[2025-05-31 14:05:51,540] INFO: Epoch 11 | Step 1/196 | Loss: 1.0068 | Acc: 62.89%
[2025-05-31 14:06:17,409] INFO: Epoch 11 | Step 101/196 | Loss: 1.0140 | Acc: 62.79%
[2025-05-31 14:06:41,818] INFO: Epoch 11 training completed
[2025-05-31 14:06:44,805] INFO: Test Loss: 1.0405 | Test Acc: 62.91%
[2025-05-31 14:06:44,917] INFO: New best accuracy: 62.91%, model saved.
[2025-05-31 14:06:45,428] INFO: Epoch 12 | Step 1/196 | Loss: 1.0472 | Acc: 60.55%
[2025-05-31 14:07:11,300] INFO: Epoch 12 | Step 101/196 | Loss: 0.9609 | Acc: 64.77%
[2025-05-31 14:07:35,717] INFO: Epoch 12 training completed
[2025-05-31 14:07:38,711] INFO: Test Loss: 1.0339 | Test Acc: 63.94%
[2025-05-31 14:07:38,823] INFO: New best accuracy: 63.94%, model saved.
[2025-05-31 14:07:39,315] INFO: Epoch 13 | Step 1/196 | Loss: 0.7463 | Acc: 73.44%
[2025-05-31 14:08:05,188] INFO: Epoch 13 | Step 101/196 | Loss: 0.8968 | Acc: 67.23%
[2025-05-31 14:08:29,600] INFO: Epoch 13 training completed
[2025-05-31 14:08:32,596] INFO: Test Loss: 0.9493 | Test Acc: 66.15%
[2025-05-31 14:08:32,708] INFO: New best accuracy: 66.15%, model saved.
[2025-05-31 14:08:33,218] INFO: Epoch 14 | Step 1/196 | Loss: 0.8823 | Acc: 67.97%
[2025-05-31 14:08:59,080] INFO: Epoch 14 | Step 101/196 | Loss: 0.8503 | Acc: 68.95%
[2025-05-31 14:09:23,489] INFO: Epoch 14 training completed
[2025-05-31 14:09:26,486] INFO: Test Loss: 0.9074 | Test Acc: 68.68%
[2025-05-31 14:09:26,598] INFO: New best accuracy: 68.68%, model saved.
[2025-05-31 14:09:27,094] INFO: Epoch 15 | Step 1/196 | Loss: 0.8105 | Acc: 70.31%
[2025-05-31 14:09:52,971] INFO: Epoch 15 | Step 101/196 | Loss: 0.7940 | Acc: 71.19%
[2025-05-31 14:10:17,390] INFO: Epoch 15 training completed
[2025-05-31 14:10:20,381] INFO: Test Loss: 0.8261 | Test Acc: 70.58%
[2025-05-31 14:10:20,492] INFO: New best accuracy: 70.58%, model saved.
[2025-05-31 14:10:20,994] INFO: Epoch 16 | Step 1/196 | Loss: 0.7919 | Acc: 72.66%
[2025-05-31 14:10:46,869] INFO: Epoch 16 | Step 101/196 | Loss: 0.7490 | Acc: 72.77%
[2025-05-31 14:11:11,284] INFO: Epoch 16 training completed
[2025-05-31 14:11:14,282] INFO: Test Loss: 0.8484 | Test Acc: 69.86%
[2025-05-31 14:11:14,782] INFO: Epoch 17 | Step 1/196 | Loss: 0.7749 | Acc: 69.92%
[2025-05-31 14:11:40,649] INFO: Epoch 17 | Step 101/196 | Loss: 0.7004 | Acc: 74.35%
[2025-05-31 14:12:05,061] INFO: Epoch 17 training completed
[2025-05-31 14:12:08,049] INFO: Test Loss: 0.7537 | Test Acc: 73.53%
[2025-05-31 14:12:08,162] INFO: New best accuracy: 73.53%, model saved.
[2025-05-31 14:12:08,668] INFO: Epoch 18 | Step 1/196 | Loss: 0.6701 | Acc: 75.39%
[2025-05-31 14:12:34,534] INFO: Epoch 18 | Step 101/196 | Loss: 0.6615 | Acc: 76.09%
[2025-05-31 14:12:58,953] INFO: Epoch 18 training completed
[2025-05-31 14:13:01,944] INFO: Test Loss: 0.7246 | Test Acc: 74.56%
[2025-05-31 14:13:02,057] INFO: New best accuracy: 74.56%, model saved.
[2025-05-31 14:13:02,558] INFO: Epoch 19 | Step 1/196 | Loss: 0.6056 | Acc: 76.17%
[2025-05-31 14:13:28,429] INFO: Epoch 19 | Step 101/196 | Loss: 0.6254 | Acc: 77.34%
[2025-05-31 14:13:52,839] INFO: Epoch 19 training completed
[2025-05-31 14:13:55,838] INFO: Test Loss: 0.6868 | Test Acc: 75.79%
[2025-05-31 14:13:55,950] INFO: New best accuracy: 75.79%, model saved.
[2025-05-31 14:13:56,451] INFO: Epoch 20 | Step 1/196 | Loss: 0.6012 | Acc: 78.52%
[2025-05-31 14:14:22,324] INFO: Epoch 20 | Step 101/196 | Loss: 0.5997 | Acc: 78.52%
[2025-05-31 14:14:46,731] INFO: Epoch 20 training completed
[2025-05-31 14:14:49,722] INFO: Test Loss: 0.7472 | Test Acc: 74.25%
[2025-05-31 14:14:50,328] INFO: Epoch 21 | Step 1/196 | Loss: 0.5600 | Acc: 82.42%
[2025-05-31 14:15:16,193] INFO: Epoch 21 | Step 101/196 | Loss: 0.5616 | Acc: 79.88%
[2025-05-31 14:15:40,609] INFO: Epoch 21 training completed
[2025-05-31 14:15:43,602] INFO: Test Loss: 0.6413 | Test Acc: 77.80%
[2025-05-31 14:15:43,715] INFO: New best accuracy: 77.80%, model saved.
[2025-05-31 14:15:44,220] INFO: Epoch 22 | Step 1/196 | Loss: 0.4361 | Acc: 84.38%
[2025-05-31 14:16:10,099] INFO: Epoch 22 | Step 101/196 | Loss: 0.5368 | Acc: 80.77%
[2025-05-31 14:16:34,509] INFO: Epoch 22 training completed
[2025-05-31 14:16:37,499] INFO: Test Loss: 0.6381 | Test Acc: 78.25%
[2025-05-31 14:16:37,611] INFO: New best accuracy: 78.25%, model saved.
[2025-05-31 14:16:38,115] INFO: Epoch 23 | Step 1/196 | Loss: 0.5885 | Acc: 80.47%
[2025-05-31 14:17:03,981] INFO: Epoch 23 | Step 101/196 | Loss: 0.5181 | Acc: 81.62%
[2025-05-31 14:17:28,390] INFO: Epoch 23 training completed
[2025-05-31 14:17:31,390] INFO: Test Loss: 0.6221 | Test Acc: 78.14%
[2025-05-31 14:17:31,902] INFO: Epoch 24 | Step 1/196 | Loss: 0.4830 | Acc: 82.81%
[2025-05-31 14:17:57,768] INFO: Epoch 24 | Step 101/196 | Loss: 0.5014 | Acc: 82.12%
[2025-05-31 14:18:22,186] INFO: Epoch 24 training completed
[2025-05-31 14:18:25,176] INFO: Test Loss: 0.7065 | Test Acc: 75.81%
[2025-05-31 14:18:25,679] INFO: Epoch 25 | Step 1/196 | Loss: 0.5480 | Acc: 82.42%
[2025-05-31 14:18:51,548] INFO: Epoch 25 | Step 101/196 | Loss: 0.4783 | Acc: 83.14%
[2025-05-31 14:19:15,969] INFO: Epoch 25 training completed
[2025-05-31 14:19:18,964] INFO: Test Loss: 0.6859 | Test Acc: 75.83%
[2025-05-31 14:19:19,468] INFO: Epoch 26 | Step 1/196 | Loss: 0.4368 | Acc: 83.59%
[2025-05-31 14:19:45,337] INFO: Epoch 26 | Step 101/196 | Loss: 0.4699 | Acc: 83.25%
[2025-05-31 14:20:09,749] INFO: Epoch 26 training completed
[2025-05-31 14:20:12,747] INFO: Test Loss: 0.6589 | Test Acc: 77.89%
[2025-05-31 14:20:13,257] INFO: Epoch 27 | Step 1/196 | Loss: 0.3891 | Acc: 83.59%
[2025-05-31 14:20:39,123] INFO: Epoch 27 | Step 101/196 | Loss: 0.4529 | Acc: 84.03%
[2025-05-31 14:21:03,539] INFO: Epoch 27 training completed
[2025-05-31 14:21:06,540] INFO: Test Loss: 0.6285 | Test Acc: 78.55%
[2025-05-31 14:21:06,653] INFO: New best accuracy: 78.55%, model saved.
[2025-05-31 14:21:07,242] INFO: Epoch 28 | Step 1/196 | Loss: 0.4999 | Acc: 80.08%
[2025-05-31 14:21:33,114] INFO: Epoch 28 | Step 101/196 | Loss: 0.4413 | Acc: 84.62%
[2025-05-31 14:21:57,529] INFO: Epoch 28 training completed
[2025-05-31 14:22:00,525] INFO: Test Loss: 0.6693 | Test Acc: 77.08%
[2025-05-31 14:22:01,039] INFO: Epoch 29 | Step 1/196 | Loss: 0.3462 | Acc: 86.72%
[2025-05-31 14:22:26,911] INFO: Epoch 29 | Step 101/196 | Loss: 0.4337 | Acc: 84.82%
[2025-05-31 14:22:51,320] INFO: Epoch 29 training completed
[2025-05-31 14:22:54,318] INFO: Test Loss: 0.6370 | Test Acc: 78.06%
[2025-05-31 14:22:54,836] INFO: Epoch 30 | Step 1/196 | Loss: 0.4190 | Acc: 83.98%
[2025-05-31 14:23:20,703] INFO: Epoch 30 | Step 101/196 | Loss: 0.4302 | Acc: 84.95%
[2025-05-31 14:23:45,112] INFO: Epoch 30 training completed
[2025-05-31 14:23:48,102] INFO: Test Loss: 0.5968 | Test Acc: 80.09%
[2025-05-31 14:23:48,214] INFO: New best accuracy: 80.09%, model saved.
[2025-05-31 14:23:48,715] INFO: Epoch 31 | Step 1/196 | Loss: 0.4087 | Acc: 84.77%
[2025-05-31 14:24:14,587] INFO: Epoch 31 | Step 101/196 | Loss: 0.4260 | Acc: 85.13%
[2025-05-31 14:24:38,998] INFO: Epoch 31 training completed
[2025-05-31 14:24:41,996] INFO: Test Loss: 0.5511 | Test Acc: 81.84%
[2025-05-31 14:24:42,107] INFO: New best accuracy: 81.84%, model saved.
[2025-05-31 14:24:42,602] INFO: Epoch 32 | Step 1/196 | Loss: 0.4507 | Acc: 86.33%
[2025-05-31 14:25:08,481] INFO: Epoch 32 | Step 101/196 | Loss: 0.4120 | Acc: 85.79%
[2025-05-31 14:25:32,893] INFO: Epoch 32 training completed
[2025-05-31 14:25:35,884] INFO: Test Loss: 0.5841 | Test Acc: 80.62%
[2025-05-31 14:25:36,392] INFO: Epoch 33 | Step 1/196 | Loss: 0.4298 | Acc: 86.33%
[2025-05-31 14:26:02,257] INFO: Epoch 33 | Step 101/196 | Loss: 0.4146 | Acc: 85.99%
[2025-05-31 14:26:26,661] INFO: Epoch 33 training completed
[2025-05-31 14:26:29,663] INFO: Test Loss: 0.5580 | Test Acc: 80.89%
[2025-05-31 14:26:30,170] INFO: Epoch 34 | Step 1/196 | Loss: 0.3469 | Acc: 87.89%
[2025-05-31 14:26:56,036] INFO: Epoch 34 | Step 101/196 | Loss: 0.4081 | Acc: 85.99%
[2025-05-31 14:27:20,445] INFO: Epoch 34 training completed
[2025-05-31 14:27:23,437] INFO: Test Loss: 0.5885 | Test Acc: 80.88%
[2025-05-31 14:27:23,943] INFO: Epoch 35 | Step 1/196 | Loss: 0.4000 | Acc: 85.94%
[2025-05-31 14:27:49,812] INFO: Epoch 35 | Step 101/196 | Loss: 0.4087 | Acc: 86.36%
[2025-05-31 14:28:14,229] INFO: Epoch 35 training completed
[2025-05-31 14:28:17,225] INFO: Test Loss: 0.6346 | Test Acc: 79.25%
[2025-05-31 14:28:17,721] INFO: Epoch 36 | Step 1/196 | Loss: 0.3711 | Acc: 87.11%
[2025-05-31 14:28:43,588] INFO: Epoch 36 | Step 101/196 | Loss: 0.4214 | Acc: 85.64%
[2025-05-31 14:29:08,002] INFO: Epoch 36 training completed
[2025-05-31 14:29:10,993] INFO: Test Loss: 0.6004 | Test Acc: 79.89%
[2025-05-31 14:29:11,491] INFO: Epoch 37 | Step 1/196 | Loss: 0.4442 | Acc: 85.55%
[2025-05-31 14:29:37,356] INFO: Epoch 37 | Step 101/196 | Loss: 0.4152 | Acc: 85.82%
[2025-05-31 14:30:01,766] INFO: Epoch 37 training completed
[2025-05-31 14:30:04,765] INFO: Test Loss: 0.6298 | Test Acc: 78.41%
[2025-05-31 14:30:05,264] INFO: Epoch 38 | Step 1/196 | Loss: 0.4157 | Acc: 85.16%
[2025-05-31 14:30:31,137] INFO: Epoch 38 | Step 101/196 | Loss: 0.4094 | Acc: 86.16%
[2025-05-31 14:30:55,551] INFO: Epoch 38 training completed
[2025-05-31 14:30:58,545] INFO: Test Loss: 0.5745 | Test Acc: 81.92%
[2025-05-31 14:30:58,659] INFO: New best accuracy: 81.92%, model saved.
[2025-05-31 14:30:59,161] INFO: Epoch 39 | Step 1/196 | Loss: 0.3088 | Acc: 91.02%
[2025-05-31 14:31:25,033] INFO: Epoch 39 | Step 101/196 | Loss: 0.4107 | Acc: 86.21%
[2025-05-31 14:31:49,453] INFO: Epoch 39 training completed
[2025-05-31 14:31:52,450] INFO: Test Loss: 0.6084 | Test Acc: 79.57%
[2025-05-31 14:31:52,948] INFO: Epoch 40 | Step 1/196 | Loss: 0.3726 | Acc: 87.89%
[2025-05-31 14:32:18,817] INFO: Epoch 40 | Step 101/196 | Loss: 0.4167 | Acc: 85.89%
[2025-05-31 14:32:43,226] INFO: Epoch 40 training completed
[2025-05-31 14:32:46,214] INFO: Test Loss: 0.8604 | Test Acc: 72.11%
[2025-05-31 14:32:46,716] INFO: Epoch 41 | Step 1/196 | Loss: 0.3911 | Acc: 89.45%
[2025-05-31 14:33:12,586] INFO: Epoch 41 | Step 101/196 | Loss: 0.4209 | Acc: 85.69%
[2025-05-31 14:33:36,999] INFO: Epoch 41 training completed
[2025-05-31 14:33:39,992] INFO: Test Loss: 0.5402 | Test Acc: 82.51%
[2025-05-31 14:33:40,106] INFO: New best accuracy: 82.51%, model saved.
[2025-05-31 14:33:40,599] INFO: Epoch 42 | Step 1/196 | Loss: 0.5193 | Acc: 80.08%
[2025-05-31 14:34:06,477] INFO: Epoch 42 | Step 101/196 | Loss: 0.4226 | Acc: 85.66%
[2025-05-31 14:34:30,892] INFO: Epoch 42 training completed
[2025-05-31 14:34:33,889] INFO: Test Loss: 0.6174 | Test Acc: 80.43%
[2025-05-31 14:34:34,405] INFO: Epoch 43 | Step 1/196 | Loss: 0.3840 | Acc: 87.11%
[2025-05-31 14:35:00,268] INFO: Epoch 43 | Step 101/196 | Loss: 0.4262 | Acc: 85.82%
[2025-05-31 14:35:24,673] INFO: Epoch 43 training completed
[2025-05-31 14:35:27,667] INFO: Test Loss: 0.5732 | Test Acc: 81.47%
[2025-05-31 14:35:28,175] INFO: Epoch 44 | Step 1/196 | Loss: 0.4257 | Acc: 85.55%
[2025-05-31 14:35:54,042] INFO: Epoch 44 | Step 101/196 | Loss: 0.4289 | Acc: 85.69%
[2025-05-31 14:36:18,452] INFO: Epoch 44 training completed
[2025-05-31 14:36:21,452] INFO: Test Loss: 0.6942 | Test Acc: 77.87%
[2025-05-31 14:36:21,953] INFO: Epoch 45 | Step 1/196 | Loss: 0.4861 | Acc: 82.81%
[2025-05-31 14:36:47,813] INFO: Epoch 45 | Step 101/196 | Loss: 0.4325 | Acc: 85.72%
[2025-05-31 14:37:12,228] INFO: Epoch 45 training completed
[2025-05-31 14:37:15,225] INFO: Test Loss: 0.6831 | Test Acc: 77.84%
[2025-05-31 14:37:15,726] INFO: Epoch 46 | Step 1/196 | Loss: 0.5352 | Acc: 79.30%
[2025-05-31 14:37:41,600] INFO: Epoch 46 | Step 101/196 | Loss: 0.4261 | Acc: 85.63%
[2025-05-31 14:38:06,010] INFO: Epoch 46 training completed
[2025-05-31 14:38:09,008] INFO: Test Loss: 0.8010 | Test Acc: 74.52%
[2025-05-31 14:38:09,520] INFO: Epoch 47 | Step 1/196 | Loss: 0.4275 | Acc: 85.16%
[2025-05-31 14:38:35,388] INFO: Epoch 47 | Step 101/196 | Loss: 0.4280 | Acc: 85.69%
[2025-05-31 14:38:59,793] INFO: Epoch 47 training completed
[2025-05-31 14:39:02,794] INFO: Test Loss: 0.8164 | Test Acc: 72.71%
[2025-05-31 14:39:03,308] INFO: Epoch 48 | Step 1/196 | Loss: 0.4403 | Acc: 83.59%
[2025-05-31 14:39:29,169] INFO: Epoch 48 | Step 101/196 | Loss: 0.4251 | Acc: 85.71%
[2025-05-31 14:39:53,578] INFO: Epoch 48 training completed
[2025-05-31 14:39:56,571] INFO: Test Loss: 1.2084 | Test Acc: 62.06%
[2025-05-31 14:39:57,077] INFO: Epoch 49 | Step 1/196 | Loss: 0.4939 | Acc: 83.59%
[2025-05-31 14:40:22,948] INFO: Epoch 49 | Step 101/196 | Loss: 0.4318 | Acc: 85.39%
[2025-05-31 14:40:47,354] INFO: Epoch 49 training completed
[2025-05-31 14:40:50,351] INFO: Test Loss: 0.8145 | Test Acc: 73.37%
[2025-05-31 14:40:50,857] INFO: Epoch 50 | Step 1/196 | Loss: 0.3788 | Acc: 87.11%
[2025-05-31 14:41:16,727] INFO: Epoch 50 | Step 101/196 | Loss: 0.4283 | Acc: 85.63%
[2025-05-31 14:41:41,132] INFO: Epoch 50 training completed
[2025-05-31 14:41:44,131] INFO: Test Loss: 0.7176 | Test Acc: 75.91%
[2025-05-31 14:41:44,631] INFO: Epoch 51 | Step 1/196 | Loss: 0.4114 | Acc: 87.50%
[2025-05-31 14:42:10,493] INFO: Epoch 51 | Step 101/196 | Loss: 0.4239 | Acc: 85.94%
[2025-05-31 14:42:34,898] INFO: Epoch 51 training completed
[2025-05-31 14:42:37,887] INFO: Test Loss: 0.8192 | Test Acc: 73.33%
[2025-05-31 14:42:38,387] INFO: Epoch 52 | Step 1/196 | Loss: 0.4721 | Acc: 83.59%
[2025-05-31 14:43:04,251] INFO: Epoch 52 | Step 101/196 | Loss: 0.4382 | Acc: 85.06%
[2025-05-31 14:43:28,655] INFO: Epoch 52 training completed
[2025-05-31 14:43:31,655] INFO: Test Loss: 0.7874 | Test Acc: 73.83%
[2025-05-31 14:43:32,150] INFO: Epoch 53 | Step 1/196 | Loss: 0.4720 | Acc: 84.77%
[2025-05-31 14:43:58,009] INFO: Epoch 53 | Step 101/196 | Loss: 0.4369 | Acc: 85.43%
[2025-05-31 14:44:22,413] INFO: Epoch 53 training completed
[2025-05-31 14:44:25,402] INFO: Test Loss: 0.8861 | Test Acc: 71.90%
[2025-05-31 14:44:26,011] INFO: Epoch 54 | Step 1/196 | Loss: 0.4419 | Acc: 85.55%
[2025-05-31 14:44:51,867] INFO: Epoch 54 | Step 101/196 | Loss: 0.4288 | Acc: 85.81%
[2025-05-31 14:45:16,274] INFO: Epoch 54 training completed
[2025-05-31 14:45:19,265] INFO: Test Loss: 0.6395 | Test Acc: 79.17%
[2025-05-31 14:45:19,766] INFO: Epoch 55 | Step 1/196 | Loss: 0.3948 | Acc: 87.89%
[2025-05-31 14:45:45,628] INFO: Epoch 55 | Step 101/196 | Loss: 0.4346 | Acc: 85.52%
[2025-05-31 14:46:10,038] INFO: Epoch 55 training completed
[2025-05-31 14:46:13,041] INFO: Test Loss: 0.8302 | Test Acc: 74.13%
[2025-05-31 14:46:13,546] INFO: Epoch 56 | Step 1/196 | Loss: 0.4341 | Acc: 84.77%
[2025-05-31 14:46:39,404] INFO: Epoch 56 | Step 101/196 | Loss: 0.4307 | Acc: 85.65%
[2025-05-31 14:47:03,814] INFO: Epoch 56 training completed
[2025-05-31 14:47:06,803] INFO: Test Loss: 1.1260 | Test Acc: 66.04%
[2025-05-31 14:47:07,311] INFO: Epoch 57 | Step 1/196 | Loss: 0.3862 | Acc: 87.50%
[2025-05-31 14:47:33,171] INFO: Epoch 57 | Step 101/196 | Loss: 0.4407 | Acc: 85.11%
[2025-05-31 14:47:57,587] INFO: Epoch 57 training completed
[2025-05-31 14:48:00,579] INFO: Test Loss: 0.9776 | Test Acc: 69.54%
[2025-05-31 14:48:01,079] INFO: Epoch 58 | Step 1/196 | Loss: 0.4874 | Acc: 82.03%
[2025-05-31 14:48:26,938] INFO: Epoch 58 | Step 101/196 | Loss: 0.4308 | Acc: 85.54%
[2025-05-31 14:48:51,341] INFO: Epoch 58 training completed
[2025-05-31 14:48:54,334] INFO: Test Loss: 0.7504 | Test Acc: 75.45%
[2025-05-31 14:48:54,842] INFO: Epoch 59 | Step 1/196 | Loss: 0.4182 | Acc: 86.33%
[2025-05-31 14:49:20,708] INFO: Epoch 59 | Step 101/196 | Loss: 0.4452 | Acc: 84.80%
[2025-05-31 14:49:45,113] INFO: Epoch 59 training completed
[2025-05-31 14:49:48,105] INFO: Test Loss: 0.7775 | Test Acc: 74.43%
[2025-05-31 14:49:48,620] INFO: Epoch 60 | Step 1/196 | Loss: 0.4475 | Acc: 83.59%
[2025-05-31 14:50:14,478] INFO: Epoch 60 | Step 101/196 | Loss: 0.4363 | Acc: 85.38%
[2025-05-31 14:50:38,880] INFO: Epoch 60 training completed
[2025-05-31 14:50:41,882] INFO: Test Loss: 0.6335 | Test Acc: 78.68%
[2025-05-31 14:50:42,387] INFO: Epoch 61 | Step 1/196 | Loss: 0.5012 | Acc: 83.20%
[2025-05-31 14:51:08,252] INFO: Epoch 61 | Step 101/196 | Loss: 0.4346 | Acc: 85.32%
[2025-05-31 14:51:32,653] INFO: Epoch 61 training completed
[2025-05-31 14:51:35,644] INFO: Test Loss: 0.8296 | Test Acc: 73.25%
[2025-05-31 14:51:36,141] INFO: Epoch 62 | Step 1/196 | Loss: 0.3772 | Acc: 86.72%
[2025-05-31 14:52:02,000] INFO: Epoch 62 | Step 101/196 | Loss: 0.4294 | Acc: 85.66%
[2025-05-31 14:52:26,414] INFO: Epoch 62 training completed
[2025-05-31 14:52:29,412] INFO: Test Loss: 0.7118 | Test Acc: 76.84%
[2025-05-31 14:52:29,917] INFO: Epoch 63 | Step 1/196 | Loss: 0.4202 | Acc: 87.89%
[2025-05-31 14:52:55,781] INFO: Epoch 63 | Step 101/196 | Loss: 0.4314 | Acc: 85.42%
[2025-05-31 14:53:20,192] INFO: Epoch 63 training completed
[2025-05-31 14:53:23,178] INFO: Test Loss: 0.8950 | Test Acc: 72.17%
[2025-05-31 14:53:23,686] INFO: Epoch 64 | Step 1/196 | Loss: 0.4107 | Acc: 85.55%
[2025-05-31 14:53:49,546] INFO: Epoch 64 | Step 101/196 | Loss: 0.4360 | Acc: 85.56%
[2025-05-31 14:54:13,951] INFO: Epoch 64 training completed
[2025-05-31 14:54:16,937] INFO: Test Loss: 0.7618 | Test Acc: 74.74%
[2025-05-31 14:54:17,534] INFO: Epoch 65 | Step 1/196 | Loss: 0.3511 | Acc: 89.45%
[2025-05-31 14:54:43,395] INFO: Epoch 65 | Step 101/196 | Loss: 0.4290 | Acc: 85.69%
[2025-05-31 14:55:07,798] INFO: Epoch 65 training completed
[2025-05-31 14:55:10,798] INFO: Test Loss: 0.6987 | Test Acc: 77.20%
[2025-05-31 14:55:11,308] INFO: Epoch 66 | Step 1/196 | Loss: 0.3668 | Acc: 87.11%
[2025-05-31 14:55:37,165] INFO: Epoch 66 | Step 101/196 | Loss: 0.4220 | Acc: 85.73%
[2025-05-31 14:56:01,568] INFO: Epoch 66 training completed
[2025-05-31 14:56:04,565] INFO: Test Loss: 0.8438 | Test Acc: 73.01%
[2025-05-31 14:56:05,088] INFO: Epoch 67 | Step 1/196 | Loss: 0.4717 | Acc: 85.16%
[2025-05-31 14:56:30,942] INFO: Epoch 67 | Step 101/196 | Loss: 0.4262 | Acc: 85.96%
[2025-05-31 14:56:55,345] INFO: Epoch 67 training completed
[2025-05-31 14:56:58,343] INFO: Test Loss: 0.7431 | Test Acc: 76.12%
[2025-05-31 14:56:58,838] INFO: Epoch 68 | Step 1/196 | Loss: 0.4675 | Acc: 82.42%
[2025-05-31 14:57:24,694] INFO: Epoch 68 | Step 101/196 | Loss: 0.4171 | Acc: 85.91%
[2025-05-31 14:57:49,100] INFO: Epoch 68 training completed
[2025-05-31 14:57:52,065] INFO: Test Loss: 0.5962 | Test Acc: 79.80%
[2025-05-31 14:57:52,586] INFO: Epoch 69 | Step 1/196 | Loss: 0.3683 | Acc: 87.11%
[2025-05-31 14:58:18,350] INFO: Epoch 69 | Step 101/196 | Loss: 0.4255 | Acc: 85.76%
[2025-05-31 14:58:42,616] INFO: Epoch 69 training completed
[2025-05-31 14:58:45,591] INFO: Test Loss: 0.9939 | Test Acc: 66.70%
[2025-05-31 14:58:46,111] INFO: Epoch 70 | Step 1/196 | Loss: 0.4000 | Acc: 83.59%
[2025-05-31 14:59:11,829] INFO: Epoch 70 | Step 101/196 | Loss: 0.4166 | Acc: 86.07%
[2025-05-31 14:59:36,095] INFO: Epoch 70 training completed
[2025-05-31 14:59:39,059] INFO: Test Loss: 0.7459 | Test Acc: 74.94%
[2025-05-31 14:59:39,577] INFO: Epoch 71 | Step 1/196 | Loss: 0.5025 | Acc: 82.42%
[2025-05-31 15:00:05,291] INFO: Epoch 71 | Step 101/196 | Loss: 0.4186 | Acc: 86.05%
[2025-05-31 15:00:29,555] INFO: Epoch 71 training completed
[2025-05-31 15:00:32,544] INFO: Test Loss: 0.6719 | Test Acc: 77.74%
[2025-05-31 15:00:33,074] INFO: Epoch 72 | Step 1/196 | Loss: 0.4946 | Acc: 82.81%
[2025-05-31 15:00:58,790] INFO: Epoch 72 | Step 101/196 | Loss: 0.4214 | Acc: 85.86%
[2025-05-31 15:01:23,056] INFO: Epoch 72 training completed
[2025-05-31 15:01:26,023] INFO: Test Loss: 1.2362 | Test Acc: 62.89%
[2025-05-31 15:01:26,634] INFO: Epoch 73 | Step 1/196 | Loss: 0.4515 | Acc: 86.33%
[2025-05-31 15:01:52,344] INFO: Epoch 73 | Step 101/196 | Loss: 0.4153 | Acc: 86.13%
[2025-05-31 15:02:16,602] INFO: Epoch 73 training completed
[2025-05-31 15:02:19,572] INFO: Test Loss: 1.0083 | Test Acc: 67.40%
[2025-05-31 15:02:20,094] INFO: Epoch 74 | Step 1/196 | Loss: 0.4362 | Acc: 85.94%
[2025-05-31 15:02:45,801] INFO: Epoch 74 | Step 101/196 | Loss: 0.4164 | Acc: 86.02%
[2025-05-31 15:03:10,061] INFO: Epoch 74 training completed
[2025-05-31 15:03:13,025] INFO: Test Loss: 0.6957 | Test Acc: 77.95%
[2025-05-31 15:03:13,558] INFO: Epoch 75 | Step 1/196 | Loss: 0.3526 | Acc: 87.89%
[2025-05-31 15:03:39,264] INFO: Epoch 75 | Step 101/196 | Loss: 0.4215 | Acc: 85.96%
[2025-05-31 15:04:03,524] INFO: Epoch 75 training completed
[2025-05-31 15:04:06,491] INFO: Test Loss: 0.5646 | Test Acc: 81.86%
[2025-05-31 15:04:07,012] INFO: Epoch 76 | Step 1/196 | Loss: 0.4502 | Acc: 83.98%
[2025-05-31 15:04:32,719] INFO: Epoch 76 | Step 101/196 | Loss: 0.4134 | Acc: 86.09%
[2025-05-31 15:04:56,975] INFO: Epoch 76 training completed
[2025-05-31 15:04:59,938] INFO: Test Loss: 0.8645 | Test Acc: 71.96%
[2025-05-31 15:05:00,561] INFO: Epoch 77 | Step 1/196 | Loss: 0.4730 | Acc: 84.38%
[2025-05-31 15:05:26,261] INFO: Epoch 77 | Step 101/196 | Loss: 0.4165 | Acc: 86.18%
[2025-05-31 15:05:50,520] INFO: Epoch 77 training completed
[2025-05-31 15:05:53,493] INFO: Test Loss: 0.8196 | Test Acc: 72.58%
[2025-05-31 15:05:54,002] INFO: Epoch 78 | Step 1/196 | Loss: 0.4080 | Acc: 86.33%
[2025-05-31 15:06:19,718] INFO: Epoch 78 | Step 101/196 | Loss: 0.4050 | Acc: 86.46%
[2025-05-31 15:06:43,974] INFO: Epoch 78 training completed
[2025-05-31 15:06:46,948] INFO: Test Loss: 0.7987 | Test Acc: 73.71%
[2025-05-31 15:06:47,473] INFO: Epoch 79 | Step 1/196 | Loss: 0.4653 | Acc: 83.98%
[2025-05-31 15:07:13,194] INFO: Epoch 79 | Step 101/196 | Loss: 0.4063 | Acc: 86.56%
[2025-05-31 15:07:37,465] INFO: Epoch 79 training completed
[2025-05-31 15:07:40,437] INFO: Test Loss: 0.8676 | Test Acc: 73.80%
[2025-05-31 15:07:40,962] INFO: Epoch 80 | Step 1/196 | Loss: 0.4297 | Acc: 83.59%
[2025-05-31 15:08:06,675] INFO: Epoch 80 | Step 101/196 | Loss: 0.4147 | Acc: 85.85%
[2025-05-31 15:08:30,931] INFO: Epoch 80 training completed
[2025-05-31 15:08:33,900] INFO: Test Loss: 0.9693 | Test Acc: 70.16%
[2025-05-31 15:08:34,518] INFO: Epoch 81 | Step 1/196 | Loss: 0.4470 | Acc: 85.16%
[2025-05-31 15:09:00,223] INFO: Epoch 81 | Step 101/196 | Loss: 0.4055 | Acc: 86.43%
[2025-05-31 15:09:24,486] INFO: Epoch 81 training completed
[2025-05-31 15:09:27,450] INFO: Test Loss: 0.6620 | Test Acc: 78.35%
[2025-05-31 15:09:27,967] INFO: Epoch 82 | Step 1/196 | Loss: 0.3370 | Acc: 88.28%
[2025-05-31 15:09:53,672] INFO: Epoch 82 | Step 101/196 | Loss: 0.4105 | Acc: 86.37%
[2025-05-31 15:10:17,926] INFO: Epoch 82 training completed
[2025-05-31 15:10:20,889] INFO: Test Loss: 0.8300 | Test Acc: 74.06%
[2025-05-31 15:10:21,399] INFO: Epoch 83 | Step 1/196 | Loss: 0.3837 | Acc: 85.55%
[2025-05-31 15:10:47,095] INFO: Epoch 83 | Step 101/196 | Loss: 0.3971 | Acc: 86.63%
[2025-05-31 15:11:11,356] INFO: Epoch 83 training completed
[2025-05-31 15:11:14,327] INFO: Test Loss: 0.6954 | Test Acc: 76.99%
[2025-05-31 15:11:14,852] INFO: Epoch 84 | Step 1/196 | Loss: 0.4763 | Acc: 82.81%
[2025-05-31 15:11:40,554] INFO: Epoch 84 | Step 101/196 | Loss: 0.4115 | Acc: 86.28%
[2025-05-31 15:12:04,811] INFO: Epoch 84 training completed
[2025-05-31 15:12:07,782] INFO: Test Loss: 0.6960 | Test Acc: 76.11%
[2025-05-31 15:12:08,303] INFO: Epoch 85 | Step 1/196 | Loss: 0.4259 | Acc: 85.94%
[2025-05-31 15:12:34,005] INFO: Epoch 85 | Step 101/196 | Loss: 0.3967 | Acc: 86.73%
[2025-05-31 15:12:58,262] INFO: Epoch 85 training completed
[2025-05-31 15:13:01,227] INFO: Test Loss: 0.9510 | Test Acc: 70.29%
[2025-05-31 15:13:01,746] INFO: Epoch 86 | Step 1/196 | Loss: 0.4089 | Acc: 83.98%
[2025-05-31 15:13:27,449] INFO: Epoch 86 | Step 101/196 | Loss: 0.4011 | Acc: 86.62%
[2025-05-31 15:13:51,712] INFO: Epoch 86 training completed
[2025-05-31 15:13:54,669] INFO: Test Loss: 0.8062 | Test Acc: 73.45%
[2025-05-31 15:13:55,189] INFO: Epoch 87 | Step 1/196 | Loss: 0.4536 | Acc: 84.77%
[2025-05-31 15:14:20,895] INFO: Epoch 87 | Step 101/196 | Loss: 0.3940 | Acc: 86.92%
[2025-05-31 15:14:45,156] INFO: Epoch 87 training completed
[2025-05-31 15:14:48,124] INFO: Test Loss: 1.0643 | Test Acc: 66.48%
[2025-05-31 15:14:48,643] INFO: Epoch 88 | Step 1/196 | Loss: 0.4345 | Acc: 84.38%
[2025-05-31 15:15:14,345] INFO: Epoch 88 | Step 101/196 | Loss: 0.4004 | Acc: 86.63%
[2025-05-31 15:15:38,615] INFO: Epoch 88 training completed
[2025-05-31 15:15:41,580] INFO: Test Loss: 0.6092 | Test Acc: 79.68%
[2025-05-31 15:15:42,096] INFO: Epoch 89 | Step 1/196 | Loss: 0.3822 | Acc: 86.72%
[2025-05-31 15:16:07,807] INFO: Epoch 89 | Step 101/196 | Loss: 0.4004 | Acc: 86.49%
[2025-05-31 15:16:32,071] INFO: Epoch 89 training completed
[2025-05-31 15:16:35,038] INFO: Test Loss: 0.8091 | Test Acc: 73.25%
[2025-05-31 15:16:35,576] INFO: Epoch 90 | Step 1/196 | Loss: 0.3684 | Acc: 87.11%
[2025-05-31 15:17:01,275] INFO: Epoch 90 | Step 101/196 | Loss: 0.3930 | Acc: 86.86%
[2025-05-31 15:17:25,535] INFO: Epoch 90 training completed
[2025-05-31 15:17:28,507] INFO: Test Loss: 0.8212 | Test Acc: 73.94%
[2025-05-31 15:17:29,031] INFO: Epoch 91 | Step 1/196 | Loss: 0.4387 | Acc: 86.33%
[2025-05-31 15:17:54,731] INFO: Epoch 91 | Step 101/196 | Loss: 0.3851 | Acc: 87.20%
[2025-05-31 15:18:18,990] INFO: Epoch 91 training completed
[2025-05-31 15:18:21,953] INFO: Test Loss: 0.5757 | Test Acc: 80.96%
[2025-05-31 15:18:22,473] INFO: Epoch 92 | Step 1/196 | Loss: 0.4013 | Acc: 84.77%
[2025-05-31 15:18:48,178] INFO: Epoch 92 | Step 101/196 | Loss: 0.3959 | Acc: 86.73%
[2025-05-31 15:19:12,442] INFO: Epoch 92 training completed
[2025-05-31 15:19:15,416] INFO: Test Loss: 0.8205 | Test Acc: 73.49%
[2025-05-31 15:19:15,938] INFO: Epoch 93 | Step 1/196 | Loss: 0.3555 | Acc: 87.11%
[2025-05-31 15:19:41,647] INFO: Epoch 93 | Step 101/196 | Loss: 0.3869 | Acc: 87.16%
[2025-05-31 15:20:05,909] INFO: Epoch 93 training completed
[2025-05-31 15:20:08,875] INFO: Test Loss: 0.6826 | Test Acc: 77.34%
[2025-05-31 15:20:09,396] INFO: Epoch 94 | Step 1/196 | Loss: 0.3937 | Acc: 86.72%
[2025-05-31 15:20:35,102] INFO: Epoch 94 | Step 101/196 | Loss: 0.3864 | Acc: 87.15%
[2025-05-31 15:20:59,377] INFO: Epoch 94 training completed
[2025-05-31 15:21:02,339] INFO: Test Loss: 0.8321 | Test Acc: 73.46%
[2025-05-31 15:21:02,853] INFO: Epoch 95 | Step 1/196 | Loss: 0.4252 | Acc: 85.55%
[2025-05-31 15:21:28,559] INFO: Epoch 95 | Step 101/196 | Loss: 0.3841 | Acc: 87.38%
[2025-05-31 15:21:52,818] INFO: Epoch 95 training completed
[2025-05-31 15:21:55,786] INFO: Test Loss: 0.6367 | Test Acc: 79.15%
[2025-05-31 15:21:56,404] INFO: Epoch 96 | Step 1/196 | Loss: 0.3383 | Acc: 88.28%
[2025-05-31 15:22:22,112] INFO: Epoch 96 | Step 101/196 | Loss: 0.3786 | Acc: 87.44%
[2025-05-31 15:22:46,376] INFO: Epoch 96 training completed
[2025-05-31 15:22:49,348] INFO: Test Loss: 0.6476 | Test Acc: 78.92%
[2025-05-31 15:22:49,871] INFO: Epoch 97 | Step 1/196 | Loss: 0.4677 | Acc: 83.59%
[2025-05-31 15:23:15,585] INFO: Epoch 97 | Step 101/196 | Loss: 0.3856 | Acc: 87.37%
[2025-05-31 15:23:39,842] INFO: Epoch 97 training completed
[2025-05-31 15:23:42,809] INFO: Test Loss: 0.5398 | Test Acc: 82.41%
[2025-05-31 15:23:43,330] INFO: Epoch 98 | Step 1/196 | Loss: 0.3742 | Acc: 88.67%
[2025-05-31 15:24:09,035] INFO: Epoch 98 | Step 101/196 | Loss: 0.3727 | Acc: 87.72%
[2025-05-31 15:24:33,291] INFO: Epoch 98 training completed
[2025-05-31 15:24:36,257] INFO: Test Loss: 0.5768 | Test Acc: 80.72%
[2025-05-31 15:24:36,794] INFO: Epoch 99 | Step 1/196 | Loss: 0.3663 | Acc: 89.06%
[2025-05-31 15:25:02,506] INFO: Epoch 99 | Step 101/196 | Loss: 0.3745 | Acc: 87.47%
[2025-05-31 15:25:26,768] INFO: Epoch 99 training completed
[2025-05-31 15:25:29,732] INFO: Test Loss: 1.1173 | Test Acc: 64.15%
[2025-05-31 15:25:30,252] INFO: Epoch 100 | Step 1/196 | Loss: 0.3387 | Acc: 89.84%
[2025-05-31 15:25:55,961] INFO: Epoch 100 | Step 101/196 | Loss: 0.3760 | Acc: 87.48%
[2025-05-31 15:26:20,221] INFO: Epoch 100 training completed
[2025-05-31 15:26:23,189] INFO: Test Loss: 0.5621 | Test Acc: 82.64%
[2025-05-31 15:26:23,307] INFO: New best accuracy: 82.64%, model saved.
[2025-05-31 15:26:23,818] INFO: Epoch 101 | Step 1/196 | Loss: 0.3459 | Acc: 87.89%
[2025-05-31 15:26:49,527] INFO: Epoch 101 | Step 101/196 | Loss: 0.3750 | Acc: 87.37%
[2025-05-31 15:27:13,798] INFO: Epoch 101 training completed
[2025-05-31 15:27:16,770] INFO: Test Loss: 0.6309 | Test Acc: 79.64%
[2025-05-31 15:27:17,298] INFO: Epoch 102 | Step 1/196 | Loss: 0.3655 | Acc: 88.67%
[2025-05-31 15:27:43,003] INFO: Epoch 102 | Step 101/196 | Loss: 0.3709 | Acc: 87.70%
[2025-05-31 15:28:07,265] INFO: Epoch 102 training completed
[2025-05-31 15:28:10,230] INFO: Test Loss: 0.8623 | Test Acc: 71.01%
[2025-05-31 15:28:10,753] INFO: Epoch 103 | Step 1/196 | Loss: 0.3511 | Acc: 86.72%
[2025-05-31 15:28:36,471] INFO: Epoch 103 | Step 101/196 | Loss: 0.3678 | Acc: 87.93%
[2025-05-31 15:29:00,742] INFO: Epoch 103 training completed
[2025-05-31 15:29:03,715] INFO: Test Loss: 0.6444 | Test Acc: 78.81%
[2025-05-31 15:29:04,238] INFO: Epoch 104 | Step 1/196 | Loss: 0.4376 | Acc: 85.16%
[2025-05-31 15:29:29,950] INFO: Epoch 104 | Step 101/196 | Loss: 0.3610 | Acc: 88.01%
[2025-05-31 15:29:54,217] INFO: Epoch 104 training completed
[2025-05-31 15:29:57,181] INFO: Test Loss: 0.9392 | Test Acc: 71.14%
[2025-05-31 15:29:57,703] INFO: Epoch 105 | Step 1/196 | Loss: 0.3298 | Acc: 89.06%
[2025-05-31 15:30:23,415] INFO: Epoch 105 | Step 101/196 | Loss: 0.3696 | Acc: 87.75%
[2025-05-31 15:30:47,692] INFO: Epoch 105 training completed
[2025-05-31 15:30:50,655] INFO: Test Loss: 0.7466 | Test Acc: 75.53%
[2025-05-31 15:30:51,174] INFO: Epoch 106 | Step 1/196 | Loss: 0.3758 | Acc: 89.45%
[2025-05-31 15:31:16,889] INFO: Epoch 106 | Step 101/196 | Loss: 0.3585 | Acc: 88.16%
[2025-05-31 15:31:41,148] INFO: Epoch 106 training completed
[2025-05-31 15:31:44,122] INFO: Test Loss: 0.6824 | Test Acc: 77.95%
[2025-05-31 15:31:44,634] INFO: Epoch 107 | Step 1/196 | Loss: 0.3695 | Acc: 85.16%
[2025-05-31 15:32:10,356] INFO: Epoch 107 | Step 101/196 | Loss: 0.3569 | Acc: 88.25%
[2025-05-31 15:32:34,626] INFO: Epoch 107 training completed
[2025-05-31 15:32:37,594] INFO: Test Loss: 0.4607 | Test Acc: 84.93%
[2025-05-31 15:32:37,725] INFO: New best accuracy: 84.93%, model saved.
[2025-05-31 15:32:38,247] INFO: Epoch 108 | Step 1/196 | Loss: 0.3609 | Acc: 89.84%
[2025-05-31 15:33:03,957] INFO: Epoch 108 | Step 101/196 | Loss: 0.3484 | Acc: 88.50%
[2025-05-31 15:33:28,226] INFO: Epoch 108 training completed
[2025-05-31 15:33:31,193] INFO: Test Loss: 0.8489 | Test Acc: 72.01%
[2025-05-31 15:33:31,714] INFO: Epoch 109 | Step 1/196 | Loss: 0.3269 | Acc: 90.23%
[2025-05-31 15:33:57,430] INFO: Epoch 109 | Step 101/196 | Loss: 0.3506 | Acc: 88.49%
[2025-05-31 15:34:21,706] INFO: Epoch 109 training completed
[2025-05-31 15:34:24,673] INFO: Test Loss: 0.7419 | Test Acc: 76.46%
[2025-05-31 15:34:25,203] INFO: Epoch 110 | Step 1/196 | Loss: 0.4317 | Acc: 83.20%
[2025-05-31 15:34:50,921] INFO: Epoch 110 | Step 101/196 | Loss: 0.3480 | Acc: 88.46%
[2025-05-31 15:35:15,201] INFO: Epoch 110 training completed
[2025-05-31 15:35:18,176] INFO: Test Loss: 0.8732 | Test Acc: 73.54%
[2025-05-31 15:35:18,702] INFO: Epoch 111 | Step 1/196 | Loss: 0.4050 | Acc: 89.06%
[2025-05-31 15:35:44,431] INFO: Epoch 111 | Step 101/196 | Loss: 0.3564 | Acc: 88.19%
[2025-05-31 15:36:08,718] INFO: Epoch 111 training completed
[2025-05-31 15:36:11,685] INFO: Test Loss: 0.6084 | Test Acc: 79.70%
[2025-05-31 15:36:12,202] INFO: Epoch 112 | Step 1/196 | Loss: 0.3717 | Acc: 87.50%
[2025-05-31 15:36:37,923] INFO: Epoch 112 | Step 101/196 | Loss: 0.3487 | Acc: 88.52%
[2025-05-31 15:37:02,197] INFO: Epoch 112 training completed
[2025-05-31 15:37:05,161] INFO: Test Loss: 0.6083 | Test Acc: 79.92%
[2025-05-31 15:37:05,683] INFO: Epoch 113 | Step 1/196 | Loss: 0.3187 | Acc: 90.62%
[2025-05-31 15:37:31,408] INFO: Epoch 113 | Step 101/196 | Loss: 0.3521 | Acc: 88.29%
[2025-05-31 15:37:55,687] INFO: Epoch 113 training completed
[2025-05-31 15:37:58,655] INFO: Test Loss: 0.8429 | Test Acc: 73.13%
[2025-05-31 15:37:59,180] INFO: Epoch 114 | Step 1/196 | Loss: 0.4377 | Acc: 85.55%
[2025-05-31 15:38:24,905] INFO: Epoch 114 | Step 101/196 | Loss: 0.3452 | Acc: 88.38%
[2025-05-31 15:38:49,179] INFO: Epoch 114 training completed
[2025-05-31 15:38:52,142] INFO: Test Loss: 0.6868 | Test Acc: 78.74%
[2025-05-31 15:38:52,669] INFO: Epoch 115 | Step 1/196 | Loss: 0.3767 | Acc: 89.06%
[2025-05-31 15:39:18,385] INFO: Epoch 115 | Step 101/196 | Loss: 0.3396 | Acc: 88.79%
[2025-05-31 15:39:42,655] INFO: Epoch 115 training completed
[2025-05-31 15:39:45,617] INFO: Test Loss: 0.6062 | Test Acc: 80.54%
[2025-05-31 15:39:46,146] INFO: Epoch 116 | Step 1/196 | Loss: 0.3540 | Acc: 89.45%
[2025-05-31 15:40:11,867] INFO: Epoch 116 | Step 101/196 | Loss: 0.3400 | Acc: 88.80%
[2025-05-31 15:40:36,130] INFO: Epoch 116 training completed
[2025-05-31 15:40:39,100] INFO: Test Loss: 0.7139 | Test Acc: 77.15%
[2025-05-31 15:40:39,623] INFO: Epoch 117 | Step 1/196 | Loss: 0.3455 | Acc: 90.62%
[2025-05-31 15:41:05,343] INFO: Epoch 117 | Step 101/196 | Loss: 0.3434 | Acc: 88.55%
[2025-05-31 15:41:29,612] INFO: Epoch 117 training completed
[2025-05-31 15:41:32,582] INFO: Test Loss: 0.5781 | Test Acc: 81.27%
[2025-05-31 15:41:33,096] INFO: Epoch 118 | Step 1/196 | Loss: 0.2904 | Acc: 92.19%
[2025-05-31 15:41:58,813] INFO: Epoch 118 | Step 101/196 | Loss: 0.3242 | Acc: 89.50%
[2025-05-31 15:42:23,085] INFO: Epoch 118 training completed
[2025-05-31 15:42:26,052] INFO: Test Loss: 0.5334 | Test Acc: 82.65%
[2025-05-31 15:42:26,579] INFO: Epoch 119 | Step 1/196 | Loss: 0.2450 | Acc: 93.36%
[2025-05-31 15:42:52,304] INFO: Epoch 119 | Step 101/196 | Loss: 0.3242 | Acc: 89.26%
[2025-05-31 15:43:16,577] INFO: Epoch 119 training completed
[2025-05-31 15:43:19,539] INFO: Test Loss: 0.9157 | Test Acc: 69.62%
[2025-05-31 15:43:20,058] INFO: Epoch 120 | Step 1/196 | Loss: 0.3511 | Acc: 87.11%
[2025-05-31 15:43:45,769] INFO: Epoch 120 | Step 101/196 | Loss: 0.3237 | Acc: 89.32%
[2025-05-31 15:44:10,040] INFO: Epoch 120 training completed
[2025-05-31 15:44:13,012] INFO: Test Loss: 0.5289 | Test Acc: 83.14%
[2025-05-31 15:44:13,527] INFO: Epoch 121 | Step 1/196 | Loss: 0.2834 | Acc: 89.45%
[2025-05-31 15:44:39,249] INFO: Epoch 121 | Step 101/196 | Loss: 0.3180 | Acc: 89.55%
[2025-05-31 15:45:03,522] INFO: Epoch 121 training completed
[2025-05-31 15:45:06,498] INFO: Test Loss: 0.6344 | Test Acc: 79.61%
[2025-05-31 15:45:07,102] INFO: Epoch 122 | Step 1/196 | Loss: 0.3504 | Acc: 89.84%
[2025-05-31 15:45:32,824] INFO: Epoch 122 | Step 101/196 | Loss: 0.3211 | Acc: 89.43%
[2025-05-31 15:45:57,113] INFO: Epoch 122 training completed
[2025-05-31 15:46:00,081] INFO: Test Loss: 0.8909 | Test Acc: 71.10%
[2025-05-31 15:46:00,597] INFO: Epoch 123 | Step 1/196 | Loss: 0.3104 | Acc: 87.50%
[2025-05-31 15:46:26,322] INFO: Epoch 123 | Step 101/196 | Loss: 0.3183 | Acc: 89.62%
[2025-05-31 15:46:50,596] INFO: Epoch 123 training completed
[2025-05-31 15:46:53,558] INFO: Test Loss: 0.5230 | Test Acc: 83.08%
[2025-05-31 15:46:54,077] INFO: Epoch 124 | Step 1/196 | Loss: 0.2971 | Acc: 91.41%
[2025-05-31 15:47:19,810] INFO: Epoch 124 | Step 101/196 | Loss: 0.3166 | Acc: 89.69%
[2025-05-31 15:47:44,094] INFO: Epoch 124 training completed
[2025-05-31 15:47:47,066] INFO: Test Loss: 0.5685 | Test Acc: 81.45%
[2025-05-31 15:47:47,592] INFO: Epoch 125 | Step 1/196 | Loss: 0.3176 | Acc: 88.28%
[2025-05-31 15:48:13,322] INFO: Epoch 125 | Step 101/196 | Loss: 0.3113 | Acc: 89.76%
[2025-05-31 15:48:37,602] INFO: Epoch 125 training completed
[2025-05-31 15:48:40,568] INFO: Test Loss: 0.5825 | Test Acc: 81.27%
[2025-05-31 15:48:41,090] INFO: Epoch 126 | Step 1/196 | Loss: 0.2678 | Acc: 90.62%
[2025-05-31 15:49:06,818] INFO: Epoch 126 | Step 101/196 | Loss: 0.3122 | Acc: 89.70%
[2025-05-31 15:49:31,101] INFO: Epoch 126 training completed
[2025-05-31 15:49:34,067] INFO: Test Loss: 0.5012 | Test Acc: 84.18%
[2025-05-31 15:49:34,591] INFO: Epoch 127 | Step 1/196 | Loss: 0.2665 | Acc: 90.23%
[2025-05-31 15:50:00,321] INFO: Epoch 127 | Step 101/196 | Loss: 0.3071 | Acc: 89.86%
[2025-05-31 15:50:24,606] INFO: Epoch 127 training completed
[2025-05-31 15:50:27,581] INFO: Test Loss: 0.5176 | Test Acc: 83.52%
[2025-05-31 15:50:28,104] INFO: Epoch 128 | Step 1/196 | Loss: 0.3423 | Acc: 89.45%
[2025-05-31 15:50:53,833] INFO: Epoch 128 | Step 101/196 | Loss: 0.3050 | Acc: 90.18%
[2025-05-31 15:51:18,120] INFO: Epoch 128 training completed
[2025-05-31 15:51:21,105] INFO: Test Loss: 0.6160 | Test Acc: 80.28%
[2025-05-31 15:51:21,623] INFO: Epoch 129 | Step 1/196 | Loss: 0.3412 | Acc: 88.28%
[2025-05-31 15:51:47,354] INFO: Epoch 129 | Step 101/196 | Loss: 0.3041 | Acc: 90.05%
[2025-05-31 15:52:11,636] INFO: Epoch 129 training completed
[2025-05-31 15:52:14,604] INFO: Test Loss: 0.5720 | Test Acc: 81.80%
[2025-05-31 15:52:15,128] INFO: Epoch 130 | Step 1/196 | Loss: 0.3328 | Acc: 88.28%
[2025-05-31 15:52:40,863] INFO: Epoch 130 | Step 101/196 | Loss: 0.3025 | Acc: 90.04%
[2025-05-31 15:53:05,146] INFO: Epoch 130 training completed
[2025-05-31 15:53:08,116] INFO: Test Loss: 0.5117 | Test Acc: 83.37%
[2025-05-31 15:53:08,633] INFO: Epoch 131 | Step 1/196 | Loss: 0.3101 | Acc: 91.02%
[2025-05-31 15:53:34,357] INFO: Epoch 131 | Step 101/196 | Loss: 0.2945 | Acc: 90.41%
[2025-05-31 15:53:58,634] INFO: Epoch 131 training completed
[2025-05-31 15:54:01,603] INFO: Test Loss: 0.4624 | Test Acc: 84.90%
[2025-05-31 15:54:02,127] INFO: Epoch 132 | Step 1/196 | Loss: 0.2706 | Acc: 89.84%
[2025-05-31 15:54:27,857] INFO: Epoch 132 | Step 101/196 | Loss: 0.2883 | Acc: 90.73%
[2025-05-31 15:54:52,142] INFO: Epoch 132 training completed
[2025-05-31 15:54:55,116] INFO: Test Loss: 0.3994 | Test Acc: 86.92%
[2025-05-31 15:54:55,233] INFO: New best accuracy: 86.92%, model saved.
[2025-05-31 15:54:55,741] INFO: Epoch 133 | Step 1/196 | Loss: 0.3371 | Acc: 87.89%
[2025-05-31 15:55:21,477] INFO: Epoch 133 | Step 101/196 | Loss: 0.2851 | Acc: 90.70%
[2025-05-31 15:55:45,760] INFO: Epoch 133 training completed
[2025-05-31 15:55:48,727] INFO: Test Loss: 0.5188 | Test Acc: 83.11%
[2025-05-31 15:55:49,252] INFO: Epoch 134 | Step 1/196 | Loss: 0.3297 | Acc: 89.45%
[2025-05-31 15:56:14,982] INFO: Epoch 134 | Step 101/196 | Loss: 0.2859 | Acc: 90.84%
[2025-05-31 15:56:39,268] INFO: Epoch 134 training completed
[2025-05-31 15:56:42,237] INFO: Test Loss: 0.5950 | Test Acc: 81.34%
[2025-05-31 15:56:42,757] INFO: Epoch 135 | Step 1/196 | Loss: 0.2959 | Acc: 92.58%
[2025-05-31 15:57:08,492] INFO: Epoch 135 | Step 101/196 | Loss: 0.2817 | Acc: 90.82%
[2025-05-31 15:57:32,781] INFO: Epoch 135 training completed
[2025-05-31 15:57:35,748] INFO: Test Loss: 0.4386 | Test Acc: 85.53%
[2025-05-31 15:57:36,270] INFO: Epoch 136 | Step 1/196 | Loss: 0.2524 | Acc: 92.19%
[2025-05-31 15:58:01,998] INFO: Epoch 136 | Step 101/196 | Loss: 0.2816 | Acc: 90.87%
[2025-05-31 15:58:26,279] INFO: Epoch 136 training completed
[2025-05-31 15:58:29,257] INFO: Test Loss: 0.5877 | Test Acc: 81.22%
[2025-05-31 15:58:29,875] INFO: Epoch 137 | Step 1/196 | Loss: 0.3008 | Acc: 89.84%
[2025-05-31 15:58:55,612] INFO: Epoch 137 | Step 101/196 | Loss: 0.2762 | Acc: 91.00%
[2025-05-31 15:59:19,896] INFO: Epoch 137 training completed
[2025-05-31 15:59:22,860] INFO: Test Loss: 0.5105 | Test Acc: 84.05%
[2025-05-31 15:59:23,374] INFO: Epoch 138 | Step 1/196 | Loss: 0.2882 | Acc: 89.45%
[2025-05-31 15:59:49,098] INFO: Epoch 138 | Step 101/196 | Loss: 0.2742 | Acc: 91.18%
[2025-05-31 16:00:13,375] INFO: Epoch 138 training completed
[2025-05-31 16:00:16,345] INFO: Test Loss: 0.4270 | Test Acc: 86.52%
[2025-05-31 16:00:16,864] INFO: Epoch 139 | Step 1/196 | Loss: 0.2357 | Acc: 92.19%
[2025-05-31 16:00:42,595] INFO: Epoch 139 | Step 101/196 | Loss: 0.2653 | Acc: 91.53%
[2025-05-31 16:01:06,890] INFO: Epoch 139 training completed
[2025-05-31 16:01:09,858] INFO: Test Loss: 0.3913 | Test Acc: 87.75%
[2025-05-31 16:01:09,973] INFO: New best accuracy: 87.75%, model saved.
[2025-05-31 16:01:10,493] INFO: Epoch 140 | Step 1/196 | Loss: 0.3508 | Acc: 88.67%
[2025-05-31 16:01:36,216] INFO: Epoch 140 | Step 101/196 | Loss: 0.2670 | Acc: 91.39%
[2025-05-31 16:02:00,489] INFO: Epoch 140 training completed
[2025-05-31 16:02:03,454] INFO: Test Loss: 0.3896 | Test Acc: 87.86%
[2025-05-31 16:02:03,666] INFO: New best accuracy: 87.86%, model saved.
[2025-05-31 16:02:04,184] INFO: Epoch 141 | Step 1/196 | Loss: 0.2430 | Acc: 91.02%
[2025-05-31 16:02:29,908] INFO: Epoch 141 | Step 101/196 | Loss: 0.2567 | Acc: 91.72%
[2025-05-31 16:02:54,181] INFO: Epoch 141 training completed
[2025-05-31 16:02:57,152] INFO: Test Loss: 0.5208 | Test Acc: 83.04%
[2025-05-31 16:02:57,663] INFO: Epoch 142 | Step 1/196 | Loss: 0.2171 | Acc: 92.97%
[2025-05-31 16:03:23,387] INFO: Epoch 142 | Step 101/196 | Loss: 0.2594 | Acc: 91.62%
[2025-05-31 16:03:47,656] INFO: Epoch 142 training completed
[2025-05-31 16:03:50,622] INFO: Test Loss: 0.4987 | Test Acc: 84.34%
[2025-05-31 16:03:51,139] INFO: Epoch 143 | Step 1/196 | Loss: 0.1768 | Acc: 94.92%
[2025-05-31 16:04:16,857] INFO: Epoch 143 | Step 101/196 | Loss: 0.2485 | Acc: 92.03%
[2025-05-31 16:04:41,125] INFO: Epoch 143 training completed
[2025-05-31 16:04:44,095] INFO: Test Loss: 0.4876 | Test Acc: 84.13%
[2025-05-31 16:04:44,609] INFO: Epoch 144 | Step 1/196 | Loss: 0.2093 | Acc: 92.97%
[2025-05-31 16:05:10,323] INFO: Epoch 144 | Step 101/196 | Loss: 0.2467 | Acc: 92.20%
[2025-05-31 16:05:34,594] INFO: Epoch 144 training completed
[2025-05-31 16:05:37,568] INFO: Test Loss: 0.4420 | Test Acc: 85.76%
[2025-05-31 16:05:38,093] INFO: Epoch 145 | Step 1/196 | Loss: 0.2074 | Acc: 94.14%
[2025-05-31 16:06:03,813] INFO: Epoch 145 | Step 101/196 | Loss: 0.2443 | Acc: 92.17%
[2025-05-31 16:06:28,090] INFO: Epoch 145 training completed
[2025-05-31 16:06:31,061] INFO: Test Loss: 0.5312 | Test Acc: 82.66%
[2025-05-31 16:06:31,580] INFO: Epoch 146 | Step 1/196 | Loss: 0.2421 | Acc: 91.41%
[2025-05-31 16:06:57,294] INFO: Epoch 146 | Step 101/196 | Loss: 0.2419 | Acc: 92.14%
[2025-05-31 16:07:21,572] INFO: Epoch 146 training completed
[2025-05-31 16:07:24,540] INFO: Test Loss: 0.4699 | Test Acc: 85.95%
[2025-05-31 16:07:25,053] INFO: Epoch 147 | Step 1/196 | Loss: 0.2038 | Acc: 93.75%
[2025-05-31 16:07:50,776] INFO: Epoch 147 | Step 101/196 | Loss: 0.2453 | Acc: 91.99%
[2025-05-31 16:08:15,048] INFO: Epoch 147 training completed
[2025-05-31 16:08:18,011] INFO: Test Loss: 0.4412 | Test Acc: 85.68%
[2025-05-31 16:08:18,545] INFO: Epoch 148 | Step 1/196 | Loss: 0.1936 | Acc: 94.53%
[2025-05-31 16:08:44,260] INFO: Epoch 148 | Step 101/196 | Loss: 0.2274 | Acc: 92.79%
[2025-05-31 16:09:08,521] INFO: Epoch 148 training completed
[2025-05-31 16:09:11,498] INFO: Test Loss: 0.4371 | Test Acc: 86.00%
[2025-05-31 16:09:12,003] INFO: Epoch 149 | Step 1/196 | Loss: 0.2253 | Acc: 92.97%
[2025-05-31 16:09:37,724] INFO: Epoch 149 | Step 101/196 | Loss: 0.2229 | Acc: 92.86%
[2025-05-31 16:10:01,989] INFO: Epoch 149 training completed
[2025-05-31 16:10:04,949] INFO: Test Loss: 0.3911 | Test Acc: 87.87%
[2025-05-31 16:10:05,067] INFO: New best accuracy: 87.87%, model saved.
[2025-05-31 16:10:05,570] INFO: Epoch 150 | Step 1/196 | Loss: 0.1660 | Acc: 94.92%
[2025-05-31 16:10:31,281] INFO: Epoch 150 | Step 101/196 | Loss: 0.2240 | Acc: 92.84%
[2025-05-31 16:10:55,547] INFO: Epoch 150 training completed
[2025-05-31 16:10:58,517] INFO: Test Loss: 0.3977 | Test Acc: 87.28%
[2025-05-31 16:10:59,031] INFO: Epoch 151 | Step 1/196 | Loss: 0.2282 | Acc: 93.36%
[2025-05-31 16:11:24,752] INFO: Epoch 151 | Step 101/196 | Loss: 0.2257 | Acc: 92.83%
[2025-05-31 16:11:49,018] INFO: Epoch 151 training completed
[2025-05-31 16:11:51,982] INFO: Test Loss: 0.3984 | Test Acc: 87.43%
[2025-05-31 16:11:52,490] INFO: Epoch 152 | Step 1/196 | Loss: 0.1875 | Acc: 95.31%
[2025-05-31 16:12:18,202] INFO: Epoch 152 | Step 101/196 | Loss: 0.2182 | Acc: 93.17%
[2025-05-31 16:12:42,462] INFO: Epoch 152 training completed
[2025-05-31 16:12:45,423] INFO: Test Loss: 0.4294 | Test Acc: 86.20%
[2025-05-31 16:12:45,945] INFO: Epoch 153 | Step 1/196 | Loss: 0.1544 | Acc: 94.53%
[2025-05-31 16:13:11,656] INFO: Epoch 153 | Step 101/196 | Loss: 0.2141 | Acc: 93.29%
[2025-05-31 16:13:35,920] INFO: Epoch 153 training completed
[2025-05-31 16:13:38,882] INFO: Test Loss: 0.4070 | Test Acc: 87.05%
[2025-05-31 16:13:39,405] INFO: Epoch 154 | Step 1/196 | Loss: 0.1438 | Acc: 95.70%
[2025-05-31 16:14:05,112] INFO: Epoch 154 | Step 101/196 | Loss: 0.1957 | Acc: 93.99%
[2025-05-31 16:14:29,381] INFO: Epoch 154 training completed
[2025-05-31 16:14:32,354] INFO: Test Loss: 0.3633 | Test Acc: 88.65%
[2025-05-31 16:14:32,470] INFO: New best accuracy: 88.65%, model saved.
[2025-05-31 16:14:32,990] INFO: Epoch 155 | Step 1/196 | Loss: 0.1365 | Acc: 95.70%
[2025-05-31 16:14:58,703] INFO: Epoch 155 | Step 101/196 | Loss: 0.1989 | Acc: 93.87%
[2025-05-31 16:15:22,968] INFO: Epoch 155 training completed
[2025-05-31 16:15:25,943] INFO: Test Loss: 0.4529 | Test Acc: 86.09%
[2025-05-31 16:15:26,467] INFO: Epoch 156 | Step 1/196 | Loss: 0.1978 | Acc: 93.36%
[2025-05-31 16:15:52,197] INFO: Epoch 156 | Step 101/196 | Loss: 0.1920 | Acc: 94.01%
[2025-05-31 16:16:16,469] INFO: Epoch 156 training completed
[2025-05-31 16:16:19,439] INFO: Test Loss: 0.3587 | Test Acc: 89.00%
[2025-05-31 16:16:19,557] INFO: New best accuracy: 89.00%, model saved.
[2025-05-31 16:16:20,071] INFO: Epoch 157 | Step 1/196 | Loss: 0.2232 | Acc: 93.36%
[2025-05-31 16:16:45,783] INFO: Epoch 157 | Step 101/196 | Loss: 0.1903 | Acc: 94.00%
[2025-05-31 16:17:10,043] INFO: Epoch 157 training completed
[2025-05-31 16:17:13,006] INFO: Test Loss: 0.3518 | Test Acc: 89.10%
[2025-05-31 16:17:13,126] INFO: New best accuracy: 89.10%, model saved.
[2025-05-31 16:17:13,644] INFO: Epoch 158 | Step 1/196 | Loss: 0.1825 | Acc: 93.36%
[2025-05-31 16:17:39,350] INFO: Epoch 158 | Step 101/196 | Loss: 0.1851 | Acc: 94.31%
[2025-05-31 16:18:03,627] INFO: Epoch 158 training completed
[2025-05-31 16:18:06,595] INFO: Test Loss: 0.3632 | Test Acc: 88.63%
[2025-05-31 16:18:07,115] INFO: Epoch 159 | Step 1/196 | Loss: 0.2092 | Acc: 92.58%
[2025-05-31 16:18:32,834] INFO: Epoch 159 | Step 101/196 | Loss: 0.1794 | Acc: 94.54%
[2025-05-31 16:18:57,100] INFO: Epoch 159 training completed
[2025-05-31 16:19:00,065] INFO: Test Loss: 0.4196 | Test Acc: 86.74%
[2025-05-31 16:19:00,592] INFO: Epoch 160 | Step 1/196 | Loss: 0.1233 | Acc: 96.48%
[2025-05-31 16:19:26,298] INFO: Epoch 160 | Step 101/196 | Loss: 0.1784 | Acc: 94.55%
[2025-05-31 16:19:50,560] INFO: Epoch 160 training completed
[2025-05-31 16:19:53,525] INFO: Test Loss: 0.3932 | Test Acc: 87.92%
[2025-05-31 16:19:54,049] INFO: Epoch 161 | Step 1/196 | Loss: 0.1859 | Acc: 95.31%
[2025-05-31 16:20:19,758] INFO: Epoch 161 | Step 101/196 | Loss: 0.1685 | Acc: 94.88%
[2025-05-31 16:20:44,022] INFO: Epoch 161 training completed
[2025-05-31 16:20:46,991] INFO: Test Loss: 0.3859 | Test Acc: 88.57%
[2025-05-31 16:20:47,503] INFO: Epoch 162 | Step 1/196 | Loss: 0.1744 | Acc: 95.31%
[2025-05-31 16:21:13,218] INFO: Epoch 162 | Step 101/196 | Loss: 0.1737 | Acc: 94.67%
[2025-05-31 16:21:37,482] INFO: Epoch 162 training completed
[2025-05-31 16:21:40,446] INFO: Test Loss: 0.3364 | Test Acc: 89.50%
[2025-05-31 16:21:40,562] INFO: New best accuracy: 89.50%, model saved.
[2025-05-31 16:21:41,083] INFO: Epoch 163 | Step 1/196 | Loss: 0.1547 | Acc: 96.09%
[2025-05-31 16:22:06,792] INFO: Epoch 163 | Step 101/196 | Loss: 0.1634 | Acc: 95.17%
[2025-05-31 16:22:31,058] INFO: Epoch 163 training completed
[2025-05-31 16:22:34,030] INFO: Test Loss: 0.3100 | Test Acc: 90.22%
[2025-05-31 16:22:34,147] INFO: New best accuracy: 90.22%, model saved.
[2025-05-31 16:22:34,663] INFO: Epoch 164 | Step 1/196 | Loss: 0.1362 | Acc: 96.48%
[2025-05-31 16:23:00,378] INFO: Epoch 164 | Step 101/196 | Loss: 0.1588 | Acc: 95.34%
[2025-05-31 16:23:24,640] INFO: Epoch 164 training completed
[2025-05-31 16:23:27,615] INFO: Test Loss: 0.3142 | Test Acc: 90.55%
[2025-05-31 16:23:27,736] INFO: New best accuracy: 90.55%, model saved.
[2025-05-31 16:23:28,254] INFO: Epoch 165 | Step 1/196 | Loss: 0.1576 | Acc: 94.53%
[2025-05-31 16:23:53,960] INFO: Epoch 165 | Step 101/196 | Loss: 0.1494 | Acc: 95.50%
[2025-05-31 16:24:18,227] INFO: Epoch 165 training completed
[2025-05-31 16:24:21,189] INFO: Test Loss: 0.3766 | Test Acc: 88.88%
[2025-05-31 16:24:21,711] INFO: Epoch 166 | Step 1/196 | Loss: 0.1390 | Acc: 95.70%
[2025-05-31 16:24:47,422] INFO: Epoch 166 | Step 101/196 | Loss: 0.1463 | Acc: 95.80%
[2025-05-31 16:25:11,686] INFO: Epoch 166 training completed
[2025-05-31 16:25:14,661] INFO: Test Loss: 0.3423 | Test Acc: 89.88%
[2025-05-31 16:25:15,178] INFO: Epoch 167 | Step 1/196 | Loss: 0.1715 | Acc: 95.70%
[2025-05-31 16:25:40,883] INFO: Epoch 167 | Step 101/196 | Loss: 0.1434 | Acc: 95.76%
[2025-05-31 16:26:05,165] INFO: Epoch 167 training completed
[2025-05-31 16:26:08,132] INFO: Test Loss: 0.3084 | Test Acc: 90.80%
[2025-05-31 16:26:08,249] INFO: New best accuracy: 90.80%, model saved.
[2025-05-31 16:26:08,757] INFO: Epoch 168 | Step 1/196 | Loss: 0.1725 | Acc: 93.75%
[2025-05-31 16:26:34,466] INFO: Epoch 168 | Step 101/196 | Loss: 0.1345 | Acc: 96.19%
[2025-05-31 16:26:58,726] INFO: Epoch 168 training completed
[2025-05-31 16:27:01,703] INFO: Test Loss: 0.3441 | Test Acc: 89.74%
[2025-05-31 16:27:02,233] INFO: Epoch 169 | Step 1/196 | Loss: 0.0809 | Acc: 98.44%
[2025-05-31 16:27:27,937] INFO: Epoch 169 | Step 101/196 | Loss: 0.1268 | Acc: 96.44%
[2025-05-31 16:27:52,202] INFO: Epoch 169 training completed
[2025-05-31 16:27:55,176] INFO: Test Loss: 0.2978 | Test Acc: 91.51%
[2025-05-31 16:27:55,294] INFO: New best accuracy: 91.51%, model saved.
[2025-05-31 16:27:55,804] INFO: Epoch 170 | Step 1/196 | Loss: 0.1450 | Acc: 94.53%
[2025-05-31 16:28:21,514] INFO: Epoch 170 | Step 101/196 | Loss: 0.1224 | Acc: 96.59%
[2025-05-31 16:28:45,776] INFO: Epoch 170 training completed
[2025-05-31 16:28:48,736] INFO: Test Loss: 0.3083 | Test Acc: 90.99%
[2025-05-31 16:28:49,254] INFO: Epoch 171 | Step 1/196 | Loss: 0.1132 | Acc: 96.48%
[2025-05-31 16:29:14,965] INFO: Epoch 171 | Step 101/196 | Loss: 0.1207 | Acc: 96.51%
[2025-05-31 16:29:39,229] INFO: Epoch 171 training completed
[2025-05-31 16:29:42,189] INFO: Test Loss: 0.2822 | Test Acc: 91.81%
[2025-05-31 16:29:42,308] INFO: New best accuracy: 91.81%, model saved.
[2025-05-31 16:29:42,816] INFO: Epoch 172 | Step 1/196 | Loss: 0.0922 | Acc: 98.05%
[2025-05-31 16:30:08,521] INFO: Epoch 172 | Step 101/196 | Loss: 0.1082 | Acc: 97.13%
[2025-05-31 16:30:32,788] INFO: Epoch 172 training completed
[2025-05-31 16:30:35,761] INFO: Test Loss: 0.2999 | Test Acc: 91.28%
[2025-05-31 16:30:36,372] INFO: Epoch 173 | Step 1/196 | Loss: 0.1373 | Acc: 96.09%
[2025-05-31 16:31:02,095] INFO: Epoch 173 | Step 101/196 | Loss: 0.1083 | Acc: 97.03%
[2025-05-31 16:31:26,359] INFO: Epoch 173 training completed
[2025-05-31 16:31:29,326] INFO: Test Loss: 0.2836 | Test Acc: 91.65%
[2025-05-31 16:31:29,841] INFO: Epoch 174 | Step 1/196 | Loss: 0.1254 | Acc: 96.09%
[2025-05-31 16:31:55,545] INFO: Epoch 174 | Step 101/196 | Loss: 0.1045 | Acc: 97.18%
[2025-05-31 16:32:19,821] INFO: Epoch 174 training completed
[2025-05-31 16:32:22,794] INFO: Test Loss: 0.2777 | Test Acc: 91.97%
[2025-05-31 16:32:22,915] INFO: New best accuracy: 91.97%, model saved.
[2025-05-31 16:32:23,425] INFO: Epoch 175 | Step 1/196 | Loss: 0.1101 | Acc: 97.27%
[2025-05-31 16:32:49,137] INFO: Epoch 175 | Step 101/196 | Loss: 0.0948 | Acc: 97.58%
[2025-05-31 16:33:13,402] INFO: Epoch 175 training completed
[2025-05-31 16:33:16,373] INFO: Test Loss: 0.2864 | Test Acc: 91.99%
[2025-05-31 16:33:16,494] INFO: New best accuracy: 91.99%, model saved.
[2025-05-31 16:33:17,016] INFO: Epoch 176 | Step 1/196 | Loss: 0.0769 | Acc: 98.83%
[2025-05-31 16:33:42,729] INFO: Epoch 176 | Step 101/196 | Loss: 0.0870 | Acc: 97.83%
[2025-05-31 16:34:06,994] INFO: Epoch 176 training completed
[2025-05-31 16:34:09,955] INFO: Test Loss: 0.2752 | Test Acc: 92.26%
[2025-05-31 16:34:10,070] INFO: New best accuracy: 92.26%, model saved.
[2025-05-31 16:34:10,581] INFO: Epoch 177 | Step 1/196 | Loss: 0.0863 | Acc: 97.66%
[2025-05-31 16:34:36,289] INFO: Epoch 177 | Step 101/196 | Loss: 0.0845 | Acc: 97.93%
[2025-05-31 16:35:00,549] INFO: Epoch 177 training completed
[2025-05-31 16:35:03,515] INFO: Test Loss: 0.2682 | Test Acc: 92.44%
[2025-05-31 16:35:03,634] INFO: New best accuracy: 92.44%, model saved.
[2025-05-31 16:35:04,150] INFO: Epoch 178 | Step 1/196 | Loss: 0.1047 | Acc: 97.66%
[2025-05-31 16:35:29,859] INFO: Epoch 178 | Step 101/196 | Loss: 0.0817 | Acc: 97.99%
[2025-05-31 16:35:54,125] INFO: Epoch 178 training completed
[2025-05-31 16:35:57,095] INFO: Test Loss: 0.2589 | Test Acc: 92.59%
[2025-05-31 16:35:57,212] INFO: New best accuracy: 92.59%, model saved.
[2025-05-31 16:35:57,732] INFO: Epoch 179 | Step 1/196 | Loss: 0.0806 | Acc: 97.66%
[2025-05-31 16:36:23,443] INFO: Epoch 179 | Step 101/196 | Loss: 0.0722 | Acc: 98.49%
[2025-05-31 16:36:47,702] INFO: Epoch 179 training completed
[2025-05-31 16:36:50,666] INFO: Test Loss: 0.2710 | Test Acc: 92.38%
[2025-05-31 16:36:51,190] INFO: Epoch 180 | Step 1/196 | Loss: 0.0794 | Acc: 97.66%
[2025-05-31 16:37:16,900] INFO: Epoch 180 | Step 101/196 | Loss: 0.0682 | Acc: 98.61%
[2025-05-31 16:37:41,168] INFO: Epoch 180 training completed
[2025-05-31 16:37:44,133] INFO: Test Loss: 0.2630 | Test Acc: 92.58%
[2025-05-31 16:37:44,645] INFO: Epoch 181 | Step 1/196 | Loss: 0.0557 | Acc: 99.61%
[2025-05-31 16:38:10,355] INFO: Epoch 181 | Step 101/196 | Loss: 0.0645 | Acc: 98.65%
[2025-05-31 16:38:34,615] INFO: Epoch 181 training completed
[2025-05-31 16:38:37,590] INFO: Test Loss: 0.2465 | Test Acc: 93.04%
[2025-05-31 16:38:37,706] INFO: New best accuracy: 93.04%, model saved.
[2025-05-31 16:38:38,223] INFO: Epoch 182 | Step 1/196 | Loss: 0.0462 | Acc: 99.61%
[2025-05-31 16:39:03,931] INFO: Epoch 182 | Step 101/196 | Loss: 0.0618 | Acc: 98.80%
[2025-05-31 16:39:28,202] INFO: Epoch 182 training completed
[2025-05-31 16:39:31,167] INFO: Test Loss: 0.2486 | Test Acc: 93.31%
[2025-05-31 16:39:31,283] INFO: New best accuracy: 93.31%, model saved.
[2025-05-31 16:39:31,801] INFO: Epoch 183 | Step 1/196 | Loss: 0.0442 | Acc: 99.61%
[2025-05-31 16:39:57,506] INFO: Epoch 183 | Step 101/196 | Loss: 0.0582 | Acc: 98.96%
[2025-05-31 16:40:21,769] INFO: Epoch 183 training completed
[2025-05-31 16:40:24,735] INFO: Test Loss: 0.2422 | Test Acc: 93.16%
[2025-05-31 16:40:25,252] INFO: Epoch 184 | Step 1/196 | Loss: 0.0521 | Acc: 99.22%
[2025-05-31 16:40:50,964] INFO: Epoch 184 | Step 101/196 | Loss: 0.0558 | Acc: 99.00%
[2025-05-31 16:41:15,232] INFO: Epoch 184 training completed
[2025-05-31 16:41:18,204] INFO: Test Loss: 0.2486 | Test Acc: 93.13%
[2025-05-31 16:41:18,714] INFO: Epoch 185 | Step 1/196 | Loss: 0.0463 | Acc: 100.00%
[2025-05-31 16:41:44,426] INFO: Epoch 185 | Step 101/196 | Loss: 0.0541 | Acc: 99.06%
[2025-05-31 16:42:08,686] INFO: Epoch 185 training completed
[2025-05-31 16:42:11,649] INFO: Test Loss: 0.2500 | Test Acc: 93.28%
[2025-05-31 16:42:12,163] INFO: Epoch 186 | Step 1/196 | Loss: 0.0472 | Acc: 99.22%
[2025-05-31 16:42:37,872] INFO: Epoch 186 | Step 101/196 | Loss: 0.0492 | Acc: 99.32%
[2025-05-31 16:43:02,137] INFO: Epoch 186 training completed
[2025-05-31 16:43:05,110] INFO: Test Loss: 0.2417 | Test Acc: 93.43%
[2025-05-31 16:43:05,319] INFO: New best accuracy: 93.43%, model saved.
[2025-05-31 16:43:05,828] INFO: Epoch 187 | Step 1/196 | Loss: 0.0333 | Acc: 99.61%
[2025-05-31 16:43:31,534] INFO: Epoch 187 | Step 101/196 | Loss: 0.0484 | Acc: 99.33%
[2025-05-31 16:43:55,797] INFO: Epoch 187 training completed
[2025-05-31 16:43:58,770] INFO: Test Loss: 0.2482 | Test Acc: 93.20%
[2025-05-31 16:43:59,286] INFO: Epoch 188 | Step 1/196 | Loss: 0.0602 | Acc: 98.44%
[2025-05-31 16:44:24,998] INFO: Epoch 188 | Step 101/196 | Loss: 0.0454 | Acc: 99.41%
[2025-05-31 16:44:49,264] INFO: Epoch 188 training completed
[2025-05-31 16:44:52,231] INFO: Test Loss: 0.2433 | Test Acc: 93.39%
[2025-05-31 16:44:52,767] INFO: Epoch 189 | Step 1/196 | Loss: 0.0543 | Acc: 99.22%
[2025-05-31 16:45:18,473] INFO: Epoch 189 | Step 101/196 | Loss: 0.0448 | Acc: 99.42%
[2025-05-31 16:45:42,739] INFO: Epoch 189 training completed
[2025-05-31 16:45:45,701] INFO: Test Loss: 0.2408 | Test Acc: 93.24%
[2025-05-31 16:45:46,228] INFO: Epoch 190 | Step 1/196 | Loss: 0.0662 | Acc: 98.05%
[2025-05-31 16:46:11,946] INFO: Epoch 190 | Step 101/196 | Loss: 0.0439 | Acc: 99.49%
[2025-05-31 16:46:36,206] INFO: Epoch 190 training completed
[2025-05-31 16:46:39,179] INFO: Test Loss: 0.2432 | Test Acc: 93.44%
[2025-05-31 16:46:39,296] INFO: New best accuracy: 93.44%, model saved.
[2025-05-31 16:46:39,815] INFO: Epoch 191 | Step 1/196 | Loss: 0.0386 | Acc: 100.00%
[2025-05-31 16:47:05,528] INFO: Epoch 191 | Step 101/196 | Loss: 0.0426 | Acc: 99.56%
[2025-05-31 16:47:29,797] INFO: Epoch 191 training completed
[2025-05-31 16:47:32,771] INFO: Test Loss: 0.2425 | Test Acc: 93.51%
[2025-05-31 16:47:32,888] INFO: New best accuracy: 93.51%, model saved.
[2025-05-31 16:47:33,388] INFO: Epoch 192 | Step 1/196 | Loss: 0.0335 | Acc: 100.00%
[2025-05-31 16:47:59,095] INFO: Epoch 192 | Step 101/196 | Loss: 0.0410 | Acc: 99.59%
[2025-05-31 16:48:23,357] INFO: Epoch 192 training completed
[2025-05-31 16:48:26,341] INFO: Test Loss: 0.2394 | Test Acc: 93.42%
[2025-05-31 16:48:26,861] INFO: Epoch 193 | Step 1/196 | Loss: 0.0294 | Acc: 100.00%
[2025-05-31 16:48:52,571] INFO: Epoch 193 | Step 101/196 | Loss: 0.0404 | Acc: 99.62%
[2025-05-31 16:49:16,834] INFO: Epoch 193 training completed
[2025-05-31 16:49:19,807] INFO: Test Loss: 0.2358 | Test Acc: 93.43%
[2025-05-31 16:49:20,332] INFO: Epoch 194 | Step 1/196 | Loss: 0.0308 | Acc: 100.00%
[2025-05-31 16:49:46,032] INFO: Epoch 194 | Step 101/196 | Loss: 0.0404 | Acc: 99.59%
[2025-05-31 16:50:10,293] INFO: Epoch 194 training completed
[2025-05-31 16:50:13,258] INFO: Test Loss: 0.2391 | Test Acc: 93.49%
[2025-05-31 16:50:13,787] INFO: Epoch 195 | Step 1/196 | Loss: 0.0355 | Acc: 99.61%
[2025-05-31 16:50:39,498] INFO: Epoch 195 | Step 101/196 | Loss: 0.0405 | Acc: 99.61%
[2025-05-31 16:51:03,762] INFO: Epoch 195 training completed
[2025-05-31 16:51:06,726] INFO: Test Loss: 0.2362 | Test Acc: 93.54%
[2025-05-31 16:51:06,845] INFO: New best accuracy: 93.54%, model saved.
[2025-05-31 16:51:07,351] INFO: Epoch 196 | Step 1/196 | Loss: 0.0448 | Acc: 99.61%
[2025-05-31 16:51:33,057] INFO: Epoch 196 | Step 101/196 | Loss: 0.0392 | Acc: 99.62%
[2025-05-31 16:51:57,314] INFO: Epoch 196 training completed
[2025-05-31 16:52:00,280] INFO: Test Loss: 0.2355 | Test Acc: 93.54%
[2025-05-31 16:52:00,807] INFO: Epoch 197 | Step 1/196 | Loss: 0.0311 | Acc: 100.00%
[2025-05-31 16:52:26,519] INFO: Epoch 197 | Step 101/196 | Loss: 0.0394 | Acc: 99.63%
[2025-05-31 16:52:50,778] INFO: Epoch 197 training completed
[2025-05-31 16:52:53,753] INFO: Test Loss: 0.2386 | Test Acc: 93.43%
[2025-05-31 16:52:54,375] INFO: Epoch 198 | Step 1/196 | Loss: 0.0364 | Acc: 99.61%
[2025-05-31 16:53:20,089] INFO: Epoch 198 | Step 101/196 | Loss: 0.0399 | Acc: 99.60%
[2025-05-31 16:53:44,352] INFO: Epoch 198 training completed
[2025-05-31 16:53:47,321] INFO: Test Loss: 0.2361 | Test Acc: 93.47%
[2025-05-31 16:53:47,832] INFO: Epoch 199 | Step 1/196 | Loss: 0.0385 | Acc: 99.61%
[2025-05-31 16:54:13,537] INFO: Epoch 199 | Step 101/196 | Loss: 0.0388 | Acc: 99.68%
[2025-05-31 16:54:37,802] INFO: Epoch 199 training completed
[2025-05-31 16:54:40,776] INFO: Test Loss: 0.2357 | Test Acc: 93.58%
[2025-05-31 16:54:40,896] INFO: New best accuracy: 93.58%, model saved.
[2025-05-31 16:54:41,415] INFO: Epoch 200 | Step 1/196 | Loss: 0.0438 | Acc: 99.22%
[2025-05-31 16:55:07,118] INFO: Epoch 200 | Step 101/196 | Loss: 0.0383 | Acc: 99.68%
[2025-05-31 16:55:31,379] INFO: Epoch 200 training completed
[2025-05-31 16:55:34,348] INFO: Test Loss: 0.2364 | Test Acc: 93.51%
[2025-05-31 16:55:34,528] INFO: Training complete. Best Test Accuracy: 93.58%
