[2025-05-29 12:24:58,708] INFO: Using device: cuda
[2025-05-29 12:24:59,812] INFO: Using GhostNetV3 with width 2.2
[2025-05-29 12:25:25,389] INFO: Epoch 1 | Step 1/196 | Loss: 4.5925 | Acc: 8.20%
[2025-05-29 12:25:44,996] INFO: Epoch 1 | Step 101/196 | Loss: 2.9915 | Acc: 11.26%
[2025-05-29 12:26:03,611] INFO: Epoch 1 training completed
[2025-05-29 12:26:28,466] INFO: Test Loss: 2.1767 | Test Acc: 20.86%
[2025-05-29 12:26:28,575] INFO: New best accuracy: 20.86%, model saved.
[2025-05-29 12:26:29,003] INFO: Epoch 2 | Step 1/196 | Loss: 2.2069 | Acc: 21.88%
[2025-05-29 12:26:48,644] INFO: Epoch 2 | Step 101/196 | Loss: 2.1199 | Acc: 21.98%
[2025-05-29 12:27:07,216] INFO: Epoch 2 training completed
[2025-05-29 12:27:09,603] INFO: Test Loss: 1.9334 | Test Acc: 27.88%
[2025-05-29 12:27:09,708] INFO: New best accuracy: 27.88%, model saved.
[2025-05-29 12:27:10,137] INFO: Epoch 3 | Step 1/196 | Loss: 1.9735 | Acc: 30.08%
[2025-05-29 12:27:29,827] INFO: Epoch 3 | Step 101/196 | Loss: 1.9232 | Acc: 27.45%
[2025-05-29 12:27:48,428] INFO: Epoch 3 training completed
[2025-05-29 12:27:50,818] INFO: Test Loss: 1.7878 | Test Acc: 31.75%
[2025-05-29 12:27:50,923] INFO: New best accuracy: 31.75%, model saved.
[2025-05-29 12:27:51,350] INFO: Epoch 4 | Step 1/196 | Loss: 1.7751 | Acc: 34.38%
[2025-05-29 12:28:11,095] INFO: Epoch 4 | Step 101/196 | Loss: 1.7787 | Acc: 33.20%
[2025-05-29 12:28:29,721] INFO: Epoch 4 training completed
[2025-05-29 12:28:32,110] INFO: Test Loss: 1.6906 | Test Acc: 37.80%
[2025-05-29 12:28:32,217] INFO: New best accuracy: 37.80%, model saved.
[2025-05-29 12:28:32,642] INFO: Epoch 5 | Step 1/196 | Loss: 1.7321 | Acc: 35.16%
[2025-05-29 12:28:52,399] INFO: Epoch 5 | Step 101/196 | Loss: 1.6819 | Acc: 36.93%
[2025-05-29 12:29:11,051] INFO: Epoch 5 training completed
[2025-05-29 12:29:13,448] INFO: Test Loss: 1.6067 | Test Acc: 39.96%
[2025-05-29 12:29:13,567] INFO: New best accuracy: 39.96%, model saved.
[2025-05-29 12:29:13,993] INFO: Epoch 6 | Step 1/196 | Loss: 1.6403 | Acc: 39.45%
[2025-05-29 12:29:33,766] INFO: Epoch 6 | Step 101/196 | Loss: 1.5653 | Acc: 42.01%
[2025-05-29 12:29:52,404] INFO: Epoch 6 training completed
[2025-05-29 12:29:54,792] INFO: Test Loss: 1.4939 | Test Acc: 45.34%
[2025-05-29 12:29:54,898] INFO: New best accuracy: 45.34%, model saved.
[2025-05-29 12:29:55,319] INFO: Epoch 7 | Step 1/196 | Loss: 1.4141 | Acc: 48.83%
[2025-05-29 12:30:15,073] INFO: Epoch 7 | Step 101/196 | Loss: 1.4754 | Acc: 45.73%
[2025-05-29 12:30:33,717] INFO: Epoch 7 training completed
[2025-05-29 12:30:36,110] INFO: Test Loss: 1.4588 | Test Acc: 46.74%
[2025-05-29 12:30:36,227] INFO: New best accuracy: 46.74%, model saved.
[2025-05-29 12:30:36,656] INFO: Epoch 8 | Step 1/196 | Loss: 1.4784 | Acc: 40.23%
[2025-05-29 12:30:56,409] INFO: Epoch 8 | Step 101/196 | Loss: 1.4003 | Acc: 48.43%
[2025-05-29 12:31:15,063] INFO: Epoch 8 training completed
[2025-05-29 12:31:17,445] INFO: Test Loss: 1.3551 | Test Acc: 51.52%
[2025-05-29 12:31:17,554] INFO: New best accuracy: 51.52%, model saved.
[2025-05-29 12:31:17,983] INFO: Epoch 9 | Step 1/196 | Loss: 1.2255 | Acc: 58.59%
[2025-05-29 12:31:37,745] INFO: Epoch 9 | Step 101/196 | Loss: 1.3170 | Acc: 52.40%
[2025-05-29 12:31:56,404] INFO: Epoch 9 training completed
[2025-05-29 12:31:58,785] INFO: Test Loss: 1.2887 | Test Acc: 52.92%
[2025-05-29 12:31:58,891] INFO: New best accuracy: 52.92%, model saved.
[2025-05-29 12:31:59,311] INFO: Epoch 10 | Step 1/196 | Loss: 1.2503 | Acc: 55.86%
[2025-05-29 12:32:19,071] INFO: Epoch 10 | Step 101/196 | Loss: 1.2436 | Acc: 54.91%
[2025-05-29 12:32:37,720] INFO: Epoch 10 training completed
[2025-05-29 12:32:40,105] INFO: Test Loss: 1.2272 | Test Acc: 55.18%
[2025-05-29 12:32:40,212] INFO: New best accuracy: 55.18%, model saved.
[2025-05-29 12:32:40,637] INFO: Epoch 11 | Step 1/196 | Loss: 1.2217 | Acc: 55.08%
[2025-05-29 12:33:00,397] INFO: Epoch 11 | Step 101/196 | Loss: 1.1824 | Acc: 57.37%
[2025-05-29 12:33:19,040] INFO: Epoch 11 training completed
[2025-05-29 12:33:21,423] INFO: Test Loss: 1.2070 | Test Acc: 56.20%
[2025-05-29 12:33:21,531] INFO: New best accuracy: 56.20%, model saved.
[2025-05-29 12:33:21,959] INFO: Epoch 12 | Step 1/196 | Loss: 1.0394 | Acc: 60.16%
[2025-05-29 12:33:41,713] INFO: Epoch 12 | Step 101/196 | Loss: 1.1195 | Acc: 59.86%
[2025-05-29 12:34:00,362] INFO: Epoch 12 training completed
[2025-05-29 12:34:02,751] INFO: Test Loss: 1.2402 | Test Acc: 56.54%
[2025-05-29 12:34:02,858] INFO: New best accuracy: 56.54%, model saved.
[2025-05-29 12:34:03,287] INFO: Epoch 13 | Step 1/196 | Loss: 1.1710 | Acc: 60.55%
[2025-05-29 12:34:23,046] INFO: Epoch 13 | Step 101/196 | Loss: 1.0602 | Acc: 62.11%
[2025-05-29 12:34:41,703] INFO: Epoch 13 training completed
[2025-05-29 12:34:44,096] INFO: Test Loss: 1.0824 | Test Acc: 61.11%
[2025-05-29 12:34:44,299] INFO: New best accuracy: 61.11%, model saved.
[2025-05-29 12:34:44,729] INFO: Epoch 14 | Step 1/196 | Loss: 0.9739 | Acc: 63.67%
[2025-05-29 12:35:04,494] INFO: Epoch 14 | Step 101/196 | Loss: 1.0134 | Acc: 63.82%
[2025-05-29 12:35:23,136] INFO: Epoch 14 training completed
[2025-05-29 12:35:25,529] INFO: Test Loss: 0.9854 | Test Acc: 64.74%
[2025-05-29 12:35:25,639] INFO: New best accuracy: 64.74%, model saved.
[2025-05-29 12:35:26,073] INFO: Epoch 15 | Step 1/196 | Loss: 0.9990 | Acc: 62.89%
[2025-05-29 12:35:45,831] INFO: Epoch 15 | Step 101/196 | Loss: 0.9477 | Acc: 66.34%
[2025-05-29 12:36:04,482] INFO: Epoch 15 training completed
[2025-05-29 12:36:06,868] INFO: Test Loss: 0.9617 | Test Acc: 65.44%
[2025-05-29 12:36:06,974] INFO: New best accuracy: 65.44%, model saved.
[2025-05-29 12:36:07,408] INFO: Epoch 16 | Step 1/196 | Loss: 0.9184 | Acc: 66.80%
[2025-05-29 12:36:27,160] INFO: Epoch 16 | Step 101/196 | Loss: 0.9014 | Acc: 67.84%
[2025-05-29 12:36:45,804] INFO: Epoch 16 training completed
[2025-05-29 12:36:48,198] INFO: Test Loss: 0.9410 | Test Acc: 66.14%
[2025-05-29 12:36:48,305] INFO: New best accuracy: 66.14%, model saved.
[2025-05-29 12:36:48,822] INFO: Epoch 17 | Step 1/196 | Loss: 0.9411 | Acc: 67.19%
[2025-05-29 12:37:08,582] INFO: Epoch 17 | Step 101/196 | Loss: 0.8543 | Acc: 69.79%
[2025-05-29 12:37:27,229] INFO: Epoch 17 training completed
[2025-05-29 12:37:29,617] INFO: Test Loss: 0.9120 | Test Acc: 67.88%
[2025-05-29 12:37:29,725] INFO: New best accuracy: 67.88%, model saved.
[2025-05-29 12:37:30,149] INFO: Epoch 18 | Step 1/196 | Loss: 0.7669 | Acc: 74.22%
[2025-05-29 12:37:49,920] INFO: Epoch 18 | Step 101/196 | Loss: 0.8099 | Acc: 71.22%
[2025-05-29 12:38:08,569] INFO: Epoch 18 training completed
[2025-05-29 12:38:10,954] INFO: Test Loss: 0.8618 | Test Acc: 69.95%
[2025-05-29 12:38:11,062] INFO: New best accuracy: 69.95%, model saved.
[2025-05-29 12:38:11,491] INFO: Epoch 19 | Step 1/196 | Loss: 0.7416 | Acc: 75.78%
[2025-05-29 12:38:31,245] INFO: Epoch 19 | Step 101/196 | Loss: 0.7675 | Acc: 73.08%
[2025-05-29 12:38:49,891] INFO: Epoch 19 training completed
[2025-05-29 12:38:52,277] INFO: Test Loss: 0.8012 | Test Acc: 71.77%
[2025-05-29 12:38:52,386] INFO: New best accuracy: 71.77%, model saved.
[2025-05-29 12:38:52,811] INFO: Epoch 20 | Step 1/196 | Loss: 0.6681 | Acc: 77.34%
[2025-05-29 12:39:12,564] INFO: Epoch 20 | Step 101/196 | Loss: 0.7197 | Acc: 74.82%
[2025-05-29 12:39:31,207] INFO: Epoch 20 training completed
[2025-05-29 12:39:33,594] INFO: Test Loss: 0.8339 | Test Acc: 71.16%
[2025-05-29 12:39:34,026] INFO: Epoch 21 | Step 1/196 | Loss: 0.6087 | Acc: 81.25%
[2025-05-29 12:39:53,778] INFO: Epoch 21 | Step 101/196 | Loss: 0.6750 | Acc: 76.27%
[2025-05-29 12:40:12,424] INFO: Epoch 21 training completed
[2025-05-29 12:40:14,808] INFO: Test Loss: 0.7361 | Test Acc: 74.88%
[2025-05-29 12:40:14,915] INFO: New best accuracy: 74.88%, model saved.
[2025-05-29 12:40:15,351] INFO: Epoch 22 | Step 1/196 | Loss: 0.6833 | Acc: 75.78%
[2025-05-29 12:40:35,107] INFO: Epoch 22 | Step 101/196 | Loss: 0.6364 | Acc: 77.85%
[2025-05-29 12:40:53,774] INFO: Epoch 22 training completed
[2025-05-29 12:40:56,161] INFO: Test Loss: 0.7028 | Test Acc: 75.56%
[2025-05-29 12:40:56,268] INFO: New best accuracy: 75.56%, model saved.
[2025-05-29 12:40:56,695] INFO: Epoch 23 | Step 1/196 | Loss: 0.6005 | Acc: 77.34%
[2025-05-29 12:41:16,451] INFO: Epoch 23 | Step 101/196 | Loss: 0.6114 | Acc: 78.91%
[2025-05-29 12:41:35,093] INFO: Epoch 23 training completed
[2025-05-29 12:41:37,488] INFO: Test Loss: 0.6673 | Test Acc: 77.01%
[2025-05-29 12:41:37,595] INFO: New best accuracy: 77.01%, model saved.
[2025-05-29 12:41:38,108] INFO: Epoch 24 | Step 1/196 | Loss: 0.5897 | Acc: 78.91%
[2025-05-29 12:41:57,859] INFO: Epoch 24 | Step 101/196 | Loss: 0.5915 | Acc: 79.70%
[2025-05-29 12:42:16,509] INFO: Epoch 24 training completed
[2025-05-29 12:42:18,900] INFO: Test Loss: 0.7140 | Test Acc: 75.83%
[2025-05-29 12:42:19,331] INFO: Epoch 25 | Step 1/196 | Loss: 0.5156 | Acc: 82.42%
[2025-05-29 12:42:39,086] INFO: Epoch 25 | Step 101/196 | Loss: 0.5555 | Acc: 80.98%
[2025-05-29 12:42:57,731] INFO: Epoch 25 training completed
[2025-05-29 12:43:00,120] INFO: Test Loss: 0.6802 | Test Acc: 76.40%
[2025-05-29 12:43:00,560] INFO: Epoch 26 | Step 1/196 | Loss: 0.5407 | Acc: 82.42%
[2025-05-29 12:43:20,316] INFO: Epoch 26 | Step 101/196 | Loss: 0.5409 | Acc: 81.60%
[2025-05-29 12:43:38,961] INFO: Epoch 26 training completed
[2025-05-29 12:43:41,353] INFO: Test Loss: 0.6514 | Test Acc: 77.78%
[2025-05-29 12:43:41,460] INFO: New best accuracy: 77.78%, model saved.
[2025-05-29 12:43:41,889] INFO: Epoch 27 | Step 1/196 | Loss: 0.5059 | Acc: 83.20%
[2025-05-29 12:44:01,658] INFO: Epoch 27 | Step 101/196 | Loss: 0.5199 | Acc: 82.17%
[2025-05-29 12:44:20,305] INFO: Epoch 27 training completed
[2025-05-29 12:44:22,692] INFO: Test Loss: 0.7596 | Test Acc: 74.40%
[2025-05-29 12:44:23,213] INFO: Epoch 28 | Step 1/196 | Loss: 0.5388 | Acc: 85.16%
[2025-05-29 12:44:42,982] INFO: Epoch 28 | Step 101/196 | Loss: 0.5113 | Acc: 82.68%
[2025-05-29 12:45:01,632] INFO: Epoch 28 training completed
[2025-05-29 12:45:04,023] INFO: Test Loss: 0.6714 | Test Acc: 77.48%
[2025-05-29 12:45:04,459] INFO: Epoch 29 | Step 1/196 | Loss: 0.4505 | Acc: 83.59%
[2025-05-29 12:45:24,211] INFO: Epoch 29 | Step 101/196 | Loss: 0.4980 | Acc: 83.23%
[2025-05-29 12:45:42,858] INFO: Epoch 29 training completed
[2025-05-29 12:45:45,249] INFO: Test Loss: 0.5531 | Test Acc: 81.11%
[2025-05-29 12:45:45,356] INFO: New best accuracy: 81.11%, model saved.
[2025-05-29 12:45:45,789] INFO: Epoch 30 | Step 1/196 | Loss: 0.4510 | Acc: 83.98%
[2025-05-29 12:46:05,550] INFO: Epoch 30 | Step 101/196 | Loss: 0.4794 | Acc: 83.83%
[2025-05-29 12:46:24,193] INFO: Epoch 30 training completed
[2025-05-29 12:46:26,584] INFO: Test Loss: 0.7265 | Test Acc: 75.80%
[2025-05-29 12:46:27,015] INFO: Epoch 31 | Step 1/196 | Loss: 0.3421 | Acc: 88.67%
[2025-05-29 12:46:46,770] INFO: Epoch 31 | Step 101/196 | Loss: 0.4754 | Acc: 84.04%
[2025-05-29 12:47:05,432] INFO: Epoch 31 training completed
[2025-05-29 12:47:07,828] INFO: Test Loss: 0.6409 | Test Acc: 78.50%
[2025-05-29 12:47:08,265] INFO: Epoch 32 | Step 1/196 | Loss: 0.4668 | Acc: 85.16%
[2025-05-29 12:47:28,022] INFO: Epoch 32 | Step 101/196 | Loss: 0.4745 | Acc: 84.11%
[2025-05-29 12:47:46,668] INFO: Epoch 32 training completed
[2025-05-29 12:47:49,051] INFO: Test Loss: 0.6111 | Test Acc: 79.38%
[2025-05-29 12:47:49,484] INFO: Epoch 33 | Step 1/196 | Loss: 0.3869 | Acc: 87.11%
[2025-05-29 12:48:09,236] INFO: Epoch 33 | Step 101/196 | Loss: 0.4734 | Acc: 84.43%
[2025-05-29 12:48:27,882] INFO: Epoch 33 training completed
[2025-05-29 12:48:30,273] INFO: Test Loss: 0.6083 | Test Acc: 79.35%
[2025-05-29 12:48:30,706] INFO: Epoch 34 | Step 1/196 | Loss: 0.5240 | Acc: 83.98%
[2025-05-29 12:48:50,460] INFO: Epoch 34 | Step 101/196 | Loss: 0.4641 | Acc: 84.67%
[2025-05-29 12:49:09,111] INFO: Epoch 34 training completed
[2025-05-29 12:49:11,501] INFO: Test Loss: 0.6054 | Test Acc: 79.97%
[2025-05-29 12:49:11,948] INFO: Epoch 35 | Step 1/196 | Loss: 0.4357 | Acc: 86.33%
[2025-05-29 12:49:31,708] INFO: Epoch 35 | Step 101/196 | Loss: 0.4629 | Acc: 84.66%
[2025-05-29 12:49:50,363] INFO: Epoch 35 training completed
[2025-05-29 12:49:52,749] INFO: Test Loss: 0.7178 | Test Acc: 75.91%
[2025-05-29 12:49:53,185] INFO: Epoch 36 | Step 1/196 | Loss: 0.5685 | Acc: 81.64%
[2025-05-29 12:50:12,948] INFO: Epoch 36 | Step 101/196 | Loss: 0.4624 | Acc: 84.72%
[2025-05-29 12:50:31,595] INFO: Epoch 36 training completed
[2025-05-29 12:50:33,983] INFO: Test Loss: 0.7173 | Test Acc: 75.28%
[2025-05-29 12:50:34,414] INFO: Epoch 37 | Step 1/196 | Loss: 0.4857 | Acc: 83.59%
[2025-05-29 12:50:54,170] INFO: Epoch 37 | Step 101/196 | Loss: 0.4639 | Acc: 84.94%
[2025-05-29 12:51:12,818] INFO: Epoch 37 training completed
[2025-05-29 12:51:15,208] INFO: Test Loss: 1.0151 | Test Acc: 67.37%
[2025-05-29 12:51:15,645] INFO: Epoch 38 | Step 1/196 | Loss: 0.4772 | Acc: 83.98%
[2025-05-29 12:51:35,397] INFO: Epoch 38 | Step 101/196 | Loss: 0.4749 | Acc: 84.62%
[2025-05-29 12:51:54,046] INFO: Epoch 38 training completed
[2025-05-29 12:51:56,441] INFO: Test Loss: 0.7066 | Test Acc: 76.33%
[2025-05-29 12:51:56,967] INFO: Epoch 39 | Step 1/196 | Loss: 0.4313 | Acc: 85.94%
[2025-05-29 12:52:16,726] INFO: Epoch 39 | Step 101/196 | Loss: 0.4552 | Acc: 85.35%
[2025-05-29 12:52:35,377] INFO: Epoch 39 training completed
[2025-05-29 12:52:37,761] INFO: Test Loss: 0.8685 | Test Acc: 70.81%
[2025-05-29 12:52:38,188] INFO: Epoch 40 | Step 1/196 | Loss: 0.4121 | Acc: 85.16%
[2025-05-29 12:52:57,958] INFO: Epoch 40 | Step 101/196 | Loss: 0.4585 | Acc: 84.98%
[2025-05-29 12:53:16,606] INFO: Epoch 40 training completed
[2025-05-29 12:53:18,992] INFO: Test Loss: 0.7901 | Test Acc: 73.77%
[2025-05-29 12:53:19,420] INFO: Epoch 41 | Step 1/196 | Loss: 0.4478 | Acc: 84.77%
[2025-05-29 12:53:39,178] INFO: Epoch 41 | Step 101/196 | Loss: 0.4634 | Acc: 85.14%
[2025-05-29 12:53:57,823] INFO: Epoch 41 training completed
[2025-05-29 12:54:00,210] INFO: Test Loss: 0.7112 | Test Acc: 76.52%
[2025-05-29 12:54:00,643] INFO: Epoch 42 | Step 1/196 | Loss: 0.4890 | Acc: 84.77%
[2025-05-29 12:54:20,400] INFO: Epoch 42 | Step 101/196 | Loss: 0.4678 | Acc: 84.97%
[2025-05-29 12:54:39,047] INFO: Epoch 42 training completed
[2025-05-29 12:54:41,434] INFO: Test Loss: 0.9776 | Test Acc: 67.79%
[2025-05-29 12:54:41,867] INFO: Epoch 43 | Step 1/196 | Loss: 0.5173 | Acc: 81.25%
[2025-05-29 12:55:01,625] INFO: Epoch 43 | Step 101/196 | Loss: 0.4737 | Acc: 84.61%
[2025-05-29 12:55:20,269] INFO: Epoch 43 training completed
[2025-05-29 12:55:22,653] INFO: Test Loss: 0.6349 | Test Acc: 78.54%
[2025-05-29 12:55:23,084] INFO: Epoch 44 | Step 1/196 | Loss: 0.3900 | Acc: 87.11%
[2025-05-29 12:55:42,840] INFO: Epoch 44 | Step 101/196 | Loss: 0.4659 | Acc: 84.87%
[2025-05-29 12:56:01,502] INFO: Epoch 44 training completed
[2025-05-29 12:56:03,885] INFO: Test Loss: 0.8390 | Test Acc: 72.00%
[2025-05-29 12:56:04,310] INFO: Epoch 45 | Step 1/196 | Loss: 0.5176 | Acc: 83.98%
[2025-05-29 12:56:24,062] INFO: Epoch 45 | Step 101/196 | Loss: 0.4716 | Acc: 85.00%
[2025-05-29 12:56:42,707] INFO: Epoch 45 training completed
[2025-05-29 12:56:45,093] INFO: Test Loss: 0.8507 | Test Acc: 72.37%
[2025-05-29 12:56:45,526] INFO: Epoch 46 | Step 1/196 | Loss: 0.5010 | Acc: 83.59%
[2025-05-29 12:57:05,279] INFO: Epoch 46 | Step 101/196 | Loss: 0.4700 | Acc: 84.96%
[2025-05-29 12:57:23,921] INFO: Epoch 46 training completed
[2025-05-29 12:57:26,307] INFO: Test Loss: 0.7095 | Test Acc: 76.69%
[2025-05-29 12:57:26,734] INFO: Epoch 47 | Step 1/196 | Loss: 0.4364 | Acc: 84.38%
[2025-05-29 12:57:46,488] INFO: Epoch 47 | Step 101/196 | Loss: 0.4658 | Acc: 85.06%
[2025-05-29 12:58:05,135] INFO: Epoch 47 training completed
[2025-05-29 12:58:07,525] INFO: Test Loss: 0.7863 | Test Acc: 74.47%
[2025-05-29 12:58:07,955] INFO: Epoch 48 | Step 1/196 | Loss: 0.4971 | Acc: 83.20%
[2025-05-29 12:58:27,705] INFO: Epoch 48 | Step 101/196 | Loss: 0.4792 | Acc: 84.65%
[2025-05-29 12:58:46,347] INFO: Epoch 48 training completed
[2025-05-29 12:58:48,735] INFO: Test Loss: 1.0147 | Test Acc: 66.41%
[2025-05-29 12:58:49,167] INFO: Epoch 49 | Step 1/196 | Loss: 0.4633 | Acc: 84.38%
[2025-05-29 12:59:08,929] INFO: Epoch 49 | Step 101/196 | Loss: 0.4659 | Acc: 84.94%
[2025-05-29 12:59:27,572] INFO: Epoch 49 training completed
[2025-05-29 12:59:29,966] INFO: Test Loss: 0.8085 | Test Acc: 72.18%
[2025-05-29 12:59:30,397] INFO: Epoch 50 | Step 1/196 | Loss: 0.3448 | Acc: 88.67%
[2025-05-29 12:59:50,159] INFO: Epoch 50 | Step 101/196 | Loss: 0.4728 | Acc: 84.75%
[2025-05-29 13:00:08,806] INFO: Epoch 50 training completed
[2025-05-29 13:00:11,198] INFO: Test Loss: 0.9123 | Test Acc: 71.00%
[2025-05-29 13:00:11,634] INFO: Epoch 51 | Step 1/196 | Loss: 0.5074 | Acc: 81.64%
[2025-05-29 13:00:31,385] INFO: Epoch 51 | Step 101/196 | Loss: 0.4679 | Acc: 85.01%
[2025-05-29 13:00:50,028] INFO: Epoch 51 training completed
[2025-05-29 13:00:52,410] INFO: Test Loss: 0.8462 | Test Acc: 71.17%
[2025-05-29 13:00:52,838] INFO: Epoch 52 | Step 1/196 | Loss: 0.5304 | Acc: 83.20%
[2025-05-29 13:01:12,592] INFO: Epoch 52 | Step 101/196 | Loss: 0.4727 | Acc: 84.61%
[2025-05-29 13:01:31,228] INFO: Epoch 52 training completed
[2025-05-29 13:01:33,615] INFO: Test Loss: 0.6374 | Test Acc: 78.09%
[2025-05-29 13:01:34,043] INFO: Epoch 53 | Step 1/196 | Loss: 0.4977 | Acc: 85.16%
[2025-05-29 13:01:53,796] INFO: Epoch 53 | Step 101/196 | Loss: 0.4670 | Acc: 85.16%
[2025-05-29 13:02:12,456] INFO: Epoch 53 training completed
[2025-05-29 13:02:14,851] INFO: Test Loss: 0.9399 | Test Acc: 70.22%
[2025-05-29 13:02:15,382] INFO: Epoch 54 | Step 1/196 | Loss: 0.4688 | Acc: 86.72%
[2025-05-29 13:02:35,137] INFO: Epoch 54 | Step 101/196 | Loss: 0.4717 | Acc: 84.85%
[2025-05-29 13:02:53,784] INFO: Epoch 54 training completed
[2025-05-29 13:02:56,172] INFO: Test Loss: 0.7926 | Test Acc: 74.07%
[2025-05-29 13:02:56,607] INFO: Epoch 55 | Step 1/196 | Loss: 0.4203 | Acc: 88.28%
[2025-05-29 13:03:16,361] INFO: Epoch 55 | Step 101/196 | Loss: 0.4784 | Acc: 84.67%
[2025-05-29 13:03:35,006] INFO: Epoch 55 training completed
[2025-05-29 13:03:37,388] INFO: Test Loss: 1.0037 | Test Acc: 67.92%
[2025-05-29 13:03:37,837] INFO: Epoch 56 | Step 1/196 | Loss: 0.4781 | Acc: 85.16%
[2025-05-29 13:03:57,589] INFO: Epoch 56 | Step 101/196 | Loss: 0.4699 | Acc: 85.03%
[2025-05-29 13:04:16,239] INFO: Epoch 56 training completed
[2025-05-29 13:04:18,625] INFO: Test Loss: 0.6595 | Test Acc: 78.62%
[2025-05-29 13:04:19,055] INFO: Epoch 57 | Step 1/196 | Loss: 0.4596 | Acc: 85.55%
[2025-05-29 13:04:38,808] INFO: Epoch 57 | Step 101/196 | Loss: 0.4758 | Acc: 84.92%
[2025-05-29 13:04:57,453] INFO: Epoch 57 training completed
[2025-05-29 13:04:59,848] INFO: Test Loss: 1.1027 | Test Acc: 65.27%
[2025-05-29 13:05:00,410] INFO: Epoch 58 | Step 1/196 | Loss: 0.4319 | Acc: 88.28%
[2025-05-29 13:05:20,162] INFO: Epoch 58 | Step 101/196 | Loss: 0.4727 | Acc: 84.79%
[2025-05-29 13:05:38,803] INFO: Epoch 58 training completed
[2025-05-29 13:05:41,191] INFO: Test Loss: 0.9538 | Test Acc: 68.84%
[2025-05-29 13:05:41,623] INFO: Epoch 59 | Step 1/196 | Loss: 0.4214 | Acc: 86.33%
[2025-05-29 13:06:01,381] INFO: Epoch 59 | Step 101/196 | Loss: 0.4723 | Acc: 84.73%
[2025-05-29 13:06:20,025] INFO: Epoch 59 training completed
[2025-05-29 13:06:22,419] INFO: Test Loss: 0.6549 | Test Acc: 78.95%
[2025-05-29 13:06:22,849] INFO: Epoch 60 | Step 1/196 | Loss: 0.4465 | Acc: 88.67%
[2025-05-29 13:06:42,600] INFO: Epoch 60 | Step 101/196 | Loss: 0.4655 | Acc: 84.96%
[2025-05-29 13:07:01,246] INFO: Epoch 60 training completed
[2025-05-29 13:07:03,633] INFO: Test Loss: 1.1117 | Test Acc: 64.51%
[2025-05-29 13:07:04,073] INFO: Epoch 61 | Step 1/196 | Loss: 0.4644 | Acc: 85.16%
[2025-05-29 13:07:23,823] INFO: Epoch 61 | Step 101/196 | Loss: 0.4733 | Acc: 84.73%
[2025-05-29 13:07:42,470] INFO: Epoch 61 training completed
[2025-05-29 13:07:44,856] INFO: Test Loss: 0.7344 | Test Acc: 76.45%
[2025-05-29 13:07:45,310] INFO: Epoch 62 | Step 1/196 | Loss: 0.5561 | Acc: 82.42%
[2025-05-29 13:08:05,079] INFO: Epoch 62 | Step 101/196 | Loss: 0.4676 | Acc: 85.05%
[2025-05-29 13:08:23,723] INFO: Epoch 62 training completed
[2025-05-29 13:08:26,107] INFO: Test Loss: 0.7679 | Test Acc: 75.44%
[2025-05-29 13:08:26,537] INFO: Epoch 63 | Step 1/196 | Loss: 0.4757 | Acc: 83.98%
[2025-05-29 13:08:46,287] INFO: Epoch 63 | Step 101/196 | Loss: 0.4613 | Acc: 85.15%
[2025-05-29 13:09:04,935] INFO: Epoch 63 training completed
[2025-05-29 13:09:07,329] INFO: Test Loss: 1.2799 | Test Acc: 60.60%
[2025-05-29 13:09:07,757] INFO: Epoch 64 | Step 1/196 | Loss: 0.4955 | Acc: 83.20%
[2025-05-29 13:09:27,506] INFO: Epoch 64 | Step 101/196 | Loss: 0.4625 | Acc: 84.96%
[2025-05-29 13:09:46,151] INFO: Epoch 64 training completed
[2025-05-29 13:09:48,542] INFO: Test Loss: 0.7268 | Test Acc: 75.77%
[2025-05-29 13:09:48,972] INFO: Epoch 65 | Step 1/196 | Loss: 0.3509 | Acc: 87.50%
[2025-05-29 13:10:08,727] INFO: Epoch 65 | Step 101/196 | Loss: 0.4665 | Acc: 84.93%
[2025-05-29 13:10:27,367] INFO: Epoch 65 training completed
[2025-05-29 13:10:29,759] INFO: Test Loss: 1.1303 | Test Acc: 65.10%
[2025-05-29 13:10:30,286] INFO: Epoch 66 | Step 1/196 | Loss: 0.5256 | Acc: 80.86%
[2025-05-29 13:10:50,035] INFO: Epoch 66 | Step 101/196 | Loss: 0.4624 | Acc: 85.14%
[2025-05-29 13:11:08,689] INFO: Epoch 66 training completed
[2025-05-29 13:11:11,086] INFO: Test Loss: 0.8421 | Test Acc: 74.20%
[2025-05-29 13:11:11,520] INFO: Epoch 67 | Step 1/196 | Loss: 0.5208 | Acc: 84.38%
[2025-05-29 13:11:31,268] INFO: Epoch 67 | Step 101/196 | Loss: 0.4582 | Acc: 85.10%
[2025-05-29 13:11:49,911] INFO: Epoch 67 training completed
[2025-05-29 13:11:52,298] INFO: Test Loss: 0.9069 | Test Acc: 70.07%
[2025-05-29 13:11:52,722] INFO: Epoch 68 | Step 1/196 | Loss: 0.4454 | Acc: 85.55%
[2025-05-29 13:12:12,473] INFO: Epoch 68 | Step 101/196 | Loss: 0.4596 | Acc: 85.38%
[2025-05-29 13:12:31,113] INFO: Epoch 68 training completed
[2025-05-29 13:12:33,511] INFO: Test Loss: 0.7777 | Test Acc: 73.62%
[2025-05-29 13:12:33,944] INFO: Epoch 69 | Step 1/196 | Loss: 0.4814 | Acc: 85.55%
[2025-05-29 13:12:53,692] INFO: Epoch 69 | Step 101/196 | Loss: 0.4497 | Acc: 85.46%
[2025-05-29 13:13:12,337] INFO: Epoch 69 training completed
[2025-05-29 13:13:14,723] INFO: Test Loss: 0.9548 | Test Acc: 70.33%
[2025-05-29 13:13:15,243] INFO: Epoch 70 | Step 1/196 | Loss: 0.4730 | Acc: 84.77%
[2025-05-29 13:13:34,997] INFO: Epoch 70 | Step 101/196 | Loss: 0.4512 | Acc: 85.46%
[2025-05-29 13:13:53,638] INFO: Epoch 70 training completed
[2025-05-29 13:13:56,024] INFO: Test Loss: 0.8140 | Test Acc: 73.68%
[2025-05-29 13:13:56,448] INFO: Epoch 71 | Step 1/196 | Loss: 0.4405 | Acc: 85.16%
[2025-05-29 13:14:16,214] INFO: Epoch 71 | Step 101/196 | Loss: 0.4472 | Acc: 85.59%
[2025-05-29 13:14:34,858] INFO: Epoch 71 training completed
[2025-05-29 13:14:37,252] INFO: Test Loss: 0.7337 | Test Acc: 75.03%
[2025-05-29 13:14:37,693] INFO: Epoch 72 | Step 1/196 | Loss: 0.4362 | Acc: 87.11%
[2025-05-29 13:14:57,447] INFO: Epoch 72 | Step 101/196 | Loss: 0.4553 | Acc: 85.43%
[2025-05-29 13:15:16,092] INFO: Epoch 72 training completed
[2025-05-29 13:15:18,480] INFO: Test Loss: 0.8006 | Test Acc: 73.98%
[2025-05-29 13:15:18,918] INFO: Epoch 73 | Step 1/196 | Loss: 0.4017 | Acc: 89.45%
[2025-05-29 13:15:38,666] INFO: Epoch 73 | Step 101/196 | Loss: 0.4496 | Acc: 85.67%
[2025-05-29 13:15:57,312] INFO: Epoch 73 training completed
[2025-05-29 13:15:59,694] INFO: Test Loss: 0.9418 | Test Acc: 70.63%
[2025-05-29 13:16:00,222] INFO: Epoch 74 | Step 1/196 | Loss: 0.6274 | Acc: 78.52%
[2025-05-29 13:16:19,972] INFO: Epoch 74 | Step 101/196 | Loss: 0.4440 | Acc: 85.79%
[2025-05-29 13:16:38,614] INFO: Epoch 74 training completed
[2025-05-29 13:16:41,003] INFO: Test Loss: 0.7129 | Test Acc: 76.14%
[2025-05-29 13:16:41,450] INFO: Epoch 75 | Step 1/196 | Loss: 0.4786 | Acc: 85.55%
[2025-05-29 13:17:01,210] INFO: Epoch 75 | Step 101/196 | Loss: 0.4506 | Acc: 85.67%
[2025-05-29 13:17:19,863] INFO: Epoch 75 training completed
[2025-05-29 13:17:22,253] INFO: Test Loss: 0.6320 | Test Acc: 79.06%
[2025-05-29 13:17:22,683] INFO: Epoch 76 | Step 1/196 | Loss: 0.4408 | Acc: 87.11%
[2025-05-29 13:17:42,432] INFO: Epoch 76 | Step 101/196 | Loss: 0.4536 | Acc: 85.69%
[2025-05-29 13:18:01,083] INFO: Epoch 76 training completed
[2025-05-29 13:18:03,473] INFO: Test Loss: 0.7678 | Test Acc: 75.24%
[2025-05-29 13:18:03,910] INFO: Epoch 77 | Step 1/196 | Loss: 0.4174 | Acc: 86.33%
[2025-05-29 13:18:23,659] INFO: Epoch 77 | Step 101/196 | Loss: 0.4400 | Acc: 85.91%
[2025-05-29 13:18:42,300] INFO: Epoch 77 training completed
[2025-05-29 13:18:44,684] INFO: Test Loss: 0.8503 | Test Acc: 74.14%
[2025-05-29 13:18:45,130] INFO: Epoch 78 | Step 1/196 | Loss: 0.3757 | Acc: 88.28%
[2025-05-29 13:19:04,882] INFO: Epoch 78 | Step 101/196 | Loss: 0.4477 | Acc: 85.66%
[2025-05-29 13:19:23,523] INFO: Epoch 78 training completed
[2025-05-29 13:19:25,916] INFO: Test Loss: 0.7319 | Test Acc: 76.26%
[2025-05-29 13:19:26,352] INFO: Epoch 79 | Step 1/196 | Loss: 0.4920 | Acc: 83.98%
[2025-05-29 13:19:46,108] INFO: Epoch 79 | Step 101/196 | Loss: 0.4487 | Acc: 85.74%
[2025-05-29 13:20:04,758] INFO: Epoch 79 training completed
[2025-05-29 13:20:07,147] INFO: Test Loss: 0.8202 | Test Acc: 73.03%
[2025-05-29 13:20:07,606] INFO: Epoch 80 | Step 1/196 | Loss: 0.5218 | Acc: 82.42%
[2025-05-29 13:20:27,364] INFO: Epoch 80 | Step 101/196 | Loss: 0.4441 | Acc: 85.76%
[2025-05-29 13:20:46,008] INFO: Epoch 80 training completed
[2025-05-29 13:20:48,394] INFO: Test Loss: 1.0146 | Test Acc: 67.19%
[2025-05-29 13:20:48,827] INFO: Epoch 81 | Step 1/196 | Loss: 0.4074 | Acc: 86.72%
[2025-05-29 13:21:08,588] INFO: Epoch 81 | Step 101/196 | Loss: 0.4419 | Acc: 85.80%
[2025-05-29 13:21:27,229] INFO: Epoch 81 training completed
[2025-05-29 13:21:29,613] INFO: Test Loss: 0.6472 | Test Acc: 78.23%
[2025-05-29 13:21:30,130] INFO: Epoch 82 | Step 1/196 | Loss: 0.3739 | Acc: 87.89%
[2025-05-29 13:21:49,882] INFO: Epoch 82 | Step 101/196 | Loss: 0.4331 | Acc: 86.15%
[2025-05-29 13:22:08,525] INFO: Epoch 82 training completed
[2025-05-29 13:22:10,923] INFO: Test Loss: 1.0347 | Test Acc: 66.76%
[2025-05-29 13:22:11,355] INFO: Epoch 83 | Step 1/196 | Loss: 0.4405 | Acc: 86.33%
[2025-05-29 13:22:31,102] INFO: Epoch 83 | Step 101/196 | Loss: 0.4415 | Acc: 85.66%
[2025-05-29 13:22:49,748] INFO: Epoch 83 training completed
[2025-05-29 13:22:52,135] INFO: Test Loss: 0.7436 | Test Acc: 76.27%
[2025-05-29 13:22:52,566] INFO: Epoch 84 | Step 1/196 | Loss: 0.4075 | Acc: 88.28%
[2025-05-29 13:23:12,332] INFO: Epoch 84 | Step 101/196 | Loss: 0.4293 | Acc: 86.42%
[2025-05-29 13:23:30,979] INFO: Epoch 84 training completed
[2025-05-29 13:23:33,374] INFO: Test Loss: 0.6674 | Test Acc: 78.13%
[2025-05-29 13:23:33,804] INFO: Epoch 85 | Step 1/196 | Loss: 0.4131 | Acc: 87.89%
[2025-05-29 13:23:53,558] INFO: Epoch 85 | Step 101/196 | Loss: 0.4310 | Acc: 86.25%
[2025-05-29 13:24:12,204] INFO: Epoch 85 training completed
[2025-05-29 13:24:14,598] INFO: Test Loss: 0.9702 | Test Acc: 68.86%
[2025-05-29 13:24:15,135] INFO: Epoch 86 | Step 1/196 | Loss: 0.5006 | Acc: 83.98%
[2025-05-29 13:24:34,905] INFO: Epoch 86 | Step 101/196 | Loss: 0.4387 | Acc: 86.00%
[2025-05-29 13:24:53,548] INFO: Epoch 86 training completed
[2025-05-29 13:24:55,942] INFO: Test Loss: 0.6897 | Test Acc: 77.74%
[2025-05-29 13:24:56,369] INFO: Epoch 87 | Step 1/196 | Loss: 0.4988 | Acc: 84.38%
[2025-05-29 13:25:16,134] INFO: Epoch 87 | Step 101/196 | Loss: 0.4285 | Acc: 86.22%
[2025-05-29 13:25:34,776] INFO: Epoch 87 training completed
[2025-05-29 13:25:37,160] INFO: Test Loss: 0.7211 | Test Acc: 76.83%
[2025-05-29 13:25:37,588] INFO: Epoch 88 | Step 1/196 | Loss: 0.4348 | Acc: 86.33%
[2025-05-29 13:25:57,339] INFO: Epoch 88 | Step 101/196 | Loss: 0.4252 | Acc: 86.34%
[2025-05-29 13:26:15,995] INFO: Epoch 88 training completed
[2025-05-29 13:26:18,386] INFO: Test Loss: 0.7073 | Test Acc: 77.30%
[2025-05-29 13:26:18,824] INFO: Epoch 89 | Step 1/196 | Loss: 0.3844 | Acc: 88.67%
[2025-05-29 13:26:38,576] INFO: Epoch 89 | Step 101/196 | Loss: 0.4154 | Acc: 86.68%
[2025-05-29 13:26:57,217] INFO: Epoch 89 training completed
[2025-05-29 13:26:59,606] INFO: Test Loss: 0.8596 | Test Acc: 72.32%
[2025-05-29 13:27:00,124] INFO: Epoch 90 | Step 1/196 | Loss: 0.4199 | Acc: 86.33%
[2025-05-29 13:27:19,879] INFO: Epoch 90 | Step 101/196 | Loss: 0.4321 | Acc: 86.15%
[2025-05-29 13:27:38,521] INFO: Epoch 90 training completed
[2025-05-29 13:27:40,908] INFO: Test Loss: 0.8429 | Test Acc: 72.90%
[2025-05-29 13:27:41,348] INFO: Epoch 91 | Step 1/196 | Loss: 0.4784 | Acc: 85.94%
[2025-05-29 13:28:01,103] INFO: Epoch 91 | Step 101/196 | Loss: 0.4269 | Acc: 86.53%
[2025-05-29 13:28:19,749] INFO: Epoch 91 training completed
[2025-05-29 13:28:22,138] INFO: Test Loss: 0.7843 | Test Acc: 74.97%
[2025-05-29 13:28:22,574] INFO: Epoch 92 | Step 1/196 | Loss: 0.4113 | Acc: 86.33%
[2025-05-29 13:28:42,325] INFO: Epoch 92 | Step 101/196 | Loss: 0.4229 | Acc: 86.73%
[2025-05-29 13:29:00,973] INFO: Epoch 92 training completed
[2025-05-29 13:29:03,362] INFO: Test Loss: 0.8436 | Test Acc: 72.58%
[2025-05-29 13:29:03,798] INFO: Epoch 93 | Step 1/196 | Loss: 0.4578 | Acc: 86.33%
[2025-05-29 13:29:23,559] INFO: Epoch 93 | Step 101/196 | Loss: 0.4159 | Acc: 87.16%
[2025-05-29 13:29:42,213] INFO: Epoch 93 training completed
[2025-05-29 13:29:44,609] INFO: Test Loss: 0.7996 | Test Acc: 73.96%
[2025-05-29 13:29:45,047] INFO: Epoch 94 | Step 1/196 | Loss: 0.4324 | Acc: 87.50%
[2025-05-29 13:30:04,798] INFO: Epoch 94 | Step 101/196 | Loss: 0.4289 | Acc: 86.20%
[2025-05-29 13:30:23,440] INFO: Epoch 94 training completed
[2025-05-29 13:30:25,822] INFO: Test Loss: 0.6612 | Test Acc: 77.91%
[2025-05-29 13:30:26,256] INFO: Epoch 95 | Step 1/196 | Loss: 0.4072 | Acc: 86.72%
[2025-05-29 13:30:46,006] INFO: Epoch 95 | Step 101/196 | Loss: 0.4170 | Acc: 87.03%
[2025-05-29 13:31:04,650] INFO: Epoch 95 training completed
[2025-05-29 13:31:07,041] INFO: Test Loss: 0.6684 | Test Acc: 78.19%
[2025-05-29 13:31:07,478] INFO: Epoch 96 | Step 1/196 | Loss: 0.3660 | Acc: 89.84%
[2025-05-29 13:31:27,227] INFO: Epoch 96 | Step 101/196 | Loss: 0.4124 | Acc: 86.85%
[2025-05-29 13:31:45,876] INFO: Epoch 96 training completed
[2025-05-29 13:31:48,260] INFO: Test Loss: 0.8251 | Test Acc: 72.85%
[2025-05-29 13:31:48,687] INFO: Epoch 97 | Step 1/196 | Loss: 0.5182 | Acc: 82.81%
[2025-05-29 13:32:08,447] INFO: Epoch 97 | Step 101/196 | Loss: 0.4194 | Acc: 86.60%
[2025-05-29 13:32:27,102] INFO: Epoch 97 training completed
[2025-05-29 13:32:29,491] INFO: Test Loss: 0.7027 | Test Acc: 76.60%
[2025-05-29 13:32:30,018] INFO: Epoch 98 | Step 1/196 | Loss: 0.4484 | Acc: 85.55%
[2025-05-29 13:32:49,772] INFO: Epoch 98 | Step 101/196 | Loss: 0.4115 | Acc: 86.83%
[2025-05-29 13:33:08,420] INFO: Epoch 98 training completed
[2025-05-29 13:33:10,811] INFO: Test Loss: 0.6720 | Test Acc: 78.36%
[2025-05-29 13:33:11,245] INFO: Epoch 99 | Step 1/196 | Loss: 0.4493 | Acc: 87.11%
[2025-05-29 13:33:30,998] INFO: Epoch 99 | Step 101/196 | Loss: 0.4055 | Acc: 87.06%
[2025-05-29 13:33:49,651] INFO: Epoch 99 training completed
[2025-05-29 13:33:52,035] INFO: Test Loss: 0.5968 | Test Acc: 79.68%
[2025-05-29 13:33:52,473] INFO: Epoch 100 | Step 1/196 | Loss: 0.4385 | Acc: 85.94%
[2025-05-29 13:34:12,233] INFO: Epoch 100 | Step 101/196 | Loss: 0.4093 | Acc: 87.00%
[2025-05-29 13:34:30,882] INFO: Epoch 100 training completed
[2025-05-29 13:34:33,268] INFO: Test Loss: 0.5060 | Test Acc: 83.40%
[2025-05-29 13:34:33,375] INFO: New best accuracy: 83.40%, model saved.
[2025-05-29 13:34:33,803] INFO: Epoch 101 | Step 1/196 | Loss: 0.4633 | Acc: 85.55%
[2025-05-29 13:34:53,559] INFO: Epoch 101 | Step 101/196 | Loss: 0.4010 | Acc: 87.21%
[2025-05-29 13:35:12,207] INFO: Epoch 101 training completed
[2025-05-29 13:35:14,600] INFO: Test Loss: 0.7120 | Test Acc: 76.65%
[2025-05-29 13:35:15,051] INFO: Epoch 102 | Step 1/196 | Loss: 0.4457 | Acc: 87.11%
[2025-05-29 13:35:34,808] INFO: Epoch 102 | Step 101/196 | Loss: 0.4035 | Acc: 87.14%
[2025-05-29 13:35:53,456] INFO: Epoch 102 training completed
[2025-05-29 13:35:55,845] INFO: Test Loss: 0.5564 | Test Acc: 81.66%
[2025-05-29 13:35:56,291] INFO: Epoch 103 | Step 1/196 | Loss: 0.3997 | Acc: 89.84%
[2025-05-29 13:36:16,055] INFO: Epoch 103 | Step 101/196 | Loss: 0.4008 | Acc: 87.21%
[2025-05-29 13:36:34,701] INFO: Epoch 103 training completed
[2025-05-29 13:36:37,086] INFO: Test Loss: 0.5437 | Test Acc: 82.37%
[2025-05-29 13:36:37,523] INFO: Epoch 104 | Step 1/196 | Loss: 0.4218 | Acc: 86.33%
[2025-05-29 13:36:57,277] INFO: Epoch 104 | Step 101/196 | Loss: 0.3992 | Acc: 87.45%
[2025-05-29 13:37:15,926] INFO: Epoch 104 training completed
[2025-05-29 13:37:18,315] INFO: Test Loss: 0.5932 | Test Acc: 80.75%
[2025-05-29 13:37:18,756] INFO: Epoch 105 | Step 1/196 | Loss: 0.3852 | Acc: 87.50%
[2025-05-29 13:37:38,512] INFO: Epoch 105 | Step 101/196 | Loss: 0.3949 | Acc: 87.51%
[2025-05-29 13:37:57,163] INFO: Epoch 105 training completed
[2025-05-29 13:37:59,550] INFO: Test Loss: 0.9605 | Test Acc: 69.38%
[2025-05-29 13:38:00,079] INFO: Epoch 106 | Step 1/196 | Loss: 0.4227 | Acc: 85.16%
[2025-05-29 13:38:19,849] INFO: Epoch 106 | Step 101/196 | Loss: 0.4023 | Acc: 87.29%
[2025-05-29 13:38:38,499] INFO: Epoch 106 training completed
[2025-05-29 13:38:40,886] INFO: Test Loss: 0.7696 | Test Acc: 74.64%
[2025-05-29 13:38:41,322] INFO: Epoch 107 | Step 1/196 | Loss: 0.4034 | Acc: 87.50%
[2025-05-29 13:39:01,085] INFO: Epoch 107 | Step 101/196 | Loss: 0.3847 | Acc: 87.86%
[2025-05-29 13:39:19,736] INFO: Epoch 107 training completed
[2025-05-29 13:39:22,123] INFO: Test Loss: 0.6948 | Test Acc: 76.84%
[2025-05-29 13:39:22,557] INFO: Epoch 108 | Step 1/196 | Loss: 0.3132 | Acc: 91.02%
[2025-05-29 13:39:42,315] INFO: Epoch 108 | Step 101/196 | Loss: 0.3950 | Acc: 87.43%
[2025-05-29 13:40:00,969] INFO: Epoch 108 training completed
[2025-05-29 13:40:03,356] INFO: Test Loss: 0.6900 | Test Acc: 77.43%
[2025-05-29 13:40:03,790] INFO: Epoch 109 | Step 1/196 | Loss: 0.3801 | Acc: 89.06%
[2025-05-29 13:40:23,552] INFO: Epoch 109 | Step 101/196 | Loss: 0.3872 | Acc: 87.66%
[2025-05-29 13:40:42,203] INFO: Epoch 109 training completed
[2025-05-29 13:40:44,593] INFO: Test Loss: 0.8839 | Test Acc: 72.52%
[2025-05-29 13:40:45,119] INFO: Epoch 110 | Step 1/196 | Loss: 0.3995 | Acc: 86.33%
[2025-05-29 13:41:04,885] INFO: Epoch 110 | Step 101/196 | Loss: 0.3879 | Acc: 87.72%
[2025-05-29 13:41:23,548] INFO: Epoch 110 training completed
[2025-05-29 13:41:25,935] INFO: Test Loss: 0.7535 | Test Acc: 75.57%
[2025-05-29 13:41:26,367] INFO: Epoch 111 | Step 1/196 | Loss: 0.3953 | Acc: 87.89%
[2025-05-29 13:41:46,129] INFO: Epoch 111 | Step 101/196 | Loss: 0.3918 | Acc: 87.53%
[2025-05-29 13:42:04,788] INFO: Epoch 111 training completed
[2025-05-29 13:42:07,173] INFO: Test Loss: 0.5871 | Test Acc: 81.10%
[2025-05-29 13:42:07,606] INFO: Epoch 112 | Step 1/196 | Loss: 0.3712 | Acc: 88.28%
[2025-05-29 13:42:27,368] INFO: Epoch 112 | Step 101/196 | Loss: 0.3846 | Acc: 87.84%
[2025-05-29 13:42:46,026] INFO: Epoch 112 training completed
[2025-05-29 13:42:48,413] INFO: Test Loss: 0.6714 | Test Acc: 78.52%
[2025-05-29 13:42:48,844] INFO: Epoch 113 | Step 1/196 | Loss: 0.2921 | Acc: 90.62%
[2025-05-29 13:43:08,616] INFO: Epoch 113 | Step 101/196 | Loss: 0.3878 | Acc: 87.72%
[2025-05-29 13:43:27,273] INFO: Epoch 113 training completed
[2025-05-29 13:43:29,665] INFO: Test Loss: 0.6002 | Test Acc: 80.62%
[2025-05-29 13:43:30,192] INFO: Epoch 114 | Step 1/196 | Loss: 0.3768 | Acc: 87.50%
[2025-05-29 13:43:49,953] INFO: Epoch 114 | Step 101/196 | Loss: 0.3857 | Acc: 87.78%
[2025-05-29 13:44:08,614] INFO: Epoch 114 training completed
[2025-05-29 13:44:11,004] INFO: Test Loss: 0.6212 | Test Acc: 79.55%
[2025-05-29 13:44:11,436] INFO: Epoch 115 | Step 1/196 | Loss: 0.3390 | Acc: 89.06%
[2025-05-29 13:44:31,209] INFO: Epoch 115 | Step 101/196 | Loss: 0.3778 | Acc: 87.86%
[2025-05-29 13:44:49,882] INFO: Epoch 115 training completed
[2025-05-29 13:44:52,270] INFO: Test Loss: 0.5057 | Test Acc: 83.31%
[2025-05-29 13:44:52,724] INFO: Epoch 116 | Step 1/196 | Loss: 0.3788 | Acc: 89.45%
[2025-05-29 13:45:12,492] INFO: Epoch 116 | Step 101/196 | Loss: 0.3759 | Acc: 88.27%
[2025-05-29 13:45:31,148] INFO: Epoch 116 training completed
[2025-05-29 13:45:33,539] INFO: Test Loss: 0.7456 | Test Acc: 76.33%
[2025-05-29 13:45:33,970] INFO: Epoch 117 | Step 1/196 | Loss: 0.3319 | Acc: 89.06%
[2025-05-29 13:45:53,733] INFO: Epoch 117 | Step 101/196 | Loss: 0.3692 | Acc: 88.18%
[2025-05-29 13:46:12,391] INFO: Epoch 117 training completed
[2025-05-29 13:46:14,780] INFO: Test Loss: 0.8302 | Test Acc: 73.65%
[2025-05-29 13:46:15,247] INFO: Epoch 118 | Step 1/196 | Loss: 0.3459 | Acc: 89.45%
[2025-05-29 13:46:35,013] INFO: Epoch 118 | Step 101/196 | Loss: 0.3738 | Acc: 88.26%
[2025-05-29 13:46:53,671] INFO: Epoch 118 training completed
[2025-05-29 13:46:56,066] INFO: Test Loss: 0.7542 | Test Acc: 76.18%
[2025-05-29 13:46:56,498] INFO: Epoch 119 | Step 1/196 | Loss: 0.3348 | Acc: 89.84%
[2025-05-29 13:47:16,266] INFO: Epoch 119 | Step 101/196 | Loss: 0.3660 | Acc: 88.54%
[2025-05-29 13:47:34,936] INFO: Epoch 119 training completed
[2025-05-29 13:47:37,321] INFO: Test Loss: 0.7016 | Test Acc: 77.95%
[2025-05-29 13:47:37,762] INFO: Epoch 120 | Step 1/196 | Loss: 0.3961 | Acc: 88.67%
[2025-05-29 13:47:57,532] INFO: Epoch 120 | Step 101/196 | Loss: 0.3611 | Acc: 88.64%
[2025-05-29 13:48:16,191] INFO: Epoch 120 training completed
[2025-05-29 13:48:18,575] INFO: Test Loss: 0.7108 | Test Acc: 78.29%
[2025-05-29 13:48:19,005] INFO: Epoch 121 | Step 1/196 | Loss: 0.3865 | Acc: 87.50%
[2025-05-29 13:48:38,770] INFO: Epoch 121 | Step 101/196 | Loss: 0.3737 | Acc: 88.24%
[2025-05-29 13:48:57,431] INFO: Epoch 121 training completed
[2025-05-29 13:48:59,819] INFO: Test Loss: 0.5436 | Test Acc: 82.34%
[2025-05-29 13:49:00,261] INFO: Epoch 122 | Step 1/196 | Loss: 0.3037 | Acc: 90.23%
[2025-05-29 13:49:20,025] INFO: Epoch 122 | Step 101/196 | Loss: 0.3539 | Acc: 89.09%
[2025-05-29 13:49:38,685] INFO: Epoch 122 training completed
[2025-05-29 13:49:41,071] INFO: Test Loss: 0.5249 | Test Acc: 82.62%
[2025-05-29 13:49:41,500] INFO: Epoch 123 | Step 1/196 | Loss: 0.2433 | Acc: 92.97%
[2025-05-29 13:50:01,277] INFO: Epoch 123 | Step 101/196 | Loss: 0.3514 | Acc: 89.02%
[2025-05-29 13:50:19,937] INFO: Epoch 123 training completed
[2025-05-29 13:50:22,338] INFO: Test Loss: 0.7180 | Test Acc: 77.03%
[2025-05-29 13:50:22,777] INFO: Epoch 124 | Step 1/196 | Loss: 0.3638 | Acc: 87.89%
[2025-05-29 13:50:42,545] INFO: Epoch 124 | Step 101/196 | Loss: 0.3508 | Acc: 88.98%
[2025-05-29 13:51:01,212] INFO: Epoch 124 training completed
[2025-05-29 13:51:03,600] INFO: Test Loss: 0.4629 | Test Acc: 84.89%
[2025-05-29 13:51:03,796] INFO: New best accuracy: 84.89%, model saved.
[2025-05-29 13:51:04,229] INFO: Epoch 125 | Step 1/196 | Loss: 0.2854 | Acc: 92.58%
[2025-05-29 13:51:24,001] INFO: Epoch 125 | Step 101/196 | Loss: 0.3432 | Acc: 89.21%
[2025-05-29 13:51:42,664] INFO: Epoch 125 training completed
[2025-05-29 13:51:45,051] INFO: Test Loss: 0.5047 | Test Acc: 84.12%
[2025-05-29 13:51:45,489] INFO: Epoch 126 | Step 1/196 | Loss: 0.4192 | Acc: 83.59%
[2025-05-29 13:52:05,264] INFO: Epoch 126 | Step 101/196 | Loss: 0.3418 | Acc: 89.25%
[2025-05-29 13:52:23,929] INFO: Epoch 126 training completed
[2025-05-29 13:52:26,327] INFO: Test Loss: 0.5742 | Test Acc: 81.14%
[2025-05-29 13:52:26,763] INFO: Epoch 127 | Step 1/196 | Loss: 0.3733 | Acc: 86.72%
[2025-05-29 13:52:46,536] INFO: Epoch 127 | Step 101/196 | Loss: 0.3423 | Acc: 89.11%
[2025-05-29 13:53:05,204] INFO: Epoch 127 training completed
[2025-05-29 13:53:07,591] INFO: Test Loss: 0.5598 | Test Acc: 81.62%
[2025-05-29 13:53:08,025] INFO: Epoch 128 | Step 1/196 | Loss: 0.2831 | Acc: 92.19%
[2025-05-29 13:53:27,800] INFO: Epoch 128 | Step 101/196 | Loss: 0.3355 | Acc: 89.33%
[2025-05-29 13:53:46,464] INFO: Epoch 128 training completed
[2025-05-29 13:53:48,849] INFO: Test Loss: 0.5903 | Test Acc: 80.29%
[2025-05-29 13:53:49,292] INFO: Epoch 129 | Step 1/196 | Loss: 0.4335 | Acc: 83.98%
[2025-05-29 13:54:09,065] INFO: Epoch 129 | Step 101/196 | Loss: 0.3405 | Acc: 89.18%
[2025-05-29 13:54:27,730] INFO: Epoch 129 training completed
[2025-05-29 13:54:30,115] INFO: Test Loss: 0.5037 | Test Acc: 83.63%
[2025-05-29 13:54:30,547] INFO: Epoch 130 | Step 1/196 | Loss: 0.3226 | Acc: 89.84%
[2025-05-29 13:54:50,318] INFO: Epoch 130 | Step 101/196 | Loss: 0.3321 | Acc: 89.63%
[2025-05-29 13:55:08,984] INFO: Epoch 130 training completed
[2025-05-29 13:55:11,376] INFO: Test Loss: 0.6958 | Test Acc: 78.23%
[2025-05-29 13:55:11,809] INFO: Epoch 131 | Step 1/196 | Loss: 0.3321 | Acc: 88.67%
[2025-05-29 13:55:31,576] INFO: Epoch 131 | Step 101/196 | Loss: 0.3316 | Acc: 89.66%
[2025-05-29 13:55:50,238] INFO: Epoch 131 training completed
[2025-05-29 13:55:52,630] INFO: Test Loss: 0.4942 | Test Acc: 84.48%
[2025-05-29 13:55:53,074] INFO: Epoch 132 | Step 1/196 | Loss: 0.3223 | Acc: 89.84%
[2025-05-29 13:56:12,847] INFO: Epoch 132 | Step 101/196 | Loss: 0.3269 | Acc: 89.73%
[2025-05-29 13:56:31,519] INFO: Epoch 132 training completed
[2025-05-29 13:56:33,905] INFO: Test Loss: 0.5756 | Test Acc: 81.16%
[2025-05-29 13:56:34,343] INFO: Epoch 133 | Step 1/196 | Loss: 0.3211 | Acc: 90.23%
[2025-05-29 13:56:54,106] INFO: Epoch 133 | Step 101/196 | Loss: 0.3242 | Acc: 89.94%
[2025-05-29 13:57:12,762] INFO: Epoch 133 training completed
[2025-05-29 13:57:15,153] INFO: Test Loss: 0.4279 | Test Acc: 86.13%
[2025-05-29 13:57:15,262] INFO: New best accuracy: 86.13%, model saved.
[2025-05-29 13:57:15,697] INFO: Epoch 134 | Step 1/196 | Loss: 0.2845 | Acc: 90.23%
[2025-05-29 13:57:35,464] INFO: Epoch 134 | Step 101/196 | Loss: 0.3197 | Acc: 90.01%
[2025-05-29 13:57:54,128] INFO: Epoch 134 training completed
[2025-05-29 13:57:56,522] INFO: Test Loss: 0.4968 | Test Acc: 84.31%
[2025-05-29 13:57:56,954] INFO: Epoch 135 | Step 1/196 | Loss: 0.3545 | Acc: 89.45%
[2025-05-29 13:58:16,724] INFO: Epoch 135 | Step 101/196 | Loss: 0.3112 | Acc: 90.17%
[2025-05-29 13:58:35,380] INFO: Epoch 135 training completed
[2025-05-29 13:58:37,765] INFO: Test Loss: 0.5813 | Test Acc: 82.01%
[2025-05-29 13:58:38,200] INFO: Epoch 136 | Step 1/196 | Loss: 0.3936 | Acc: 89.84%
[2025-05-29 13:58:57,970] INFO: Epoch 136 | Step 101/196 | Loss: 0.3087 | Acc: 90.64%
[2025-05-29 13:59:16,634] INFO: Epoch 136 training completed
[2025-05-29 13:59:19,021] INFO: Test Loss: 0.4927 | Test Acc: 84.18%
[2025-05-29 13:59:19,449] INFO: Epoch 137 | Step 1/196 | Loss: 0.3157 | Acc: 88.67%
[2025-05-29 13:59:39,228] INFO: Epoch 137 | Step 101/196 | Loss: 0.3040 | Acc: 90.66%
[2025-05-29 13:59:57,900] INFO: Epoch 137 training completed
[2025-05-29 14:00:00,287] INFO: Test Loss: 0.4800 | Test Acc: 84.79%
[2025-05-29 14:00:00,715] INFO: Epoch 138 | Step 1/196 | Loss: 0.2116 | Acc: 94.92%
[2025-05-29 14:00:20,484] INFO: Epoch 138 | Step 101/196 | Loss: 0.3015 | Acc: 90.66%
[2025-05-29 14:00:39,145] INFO: Epoch 138 training completed
[2025-05-29 14:00:41,530] INFO: Test Loss: 0.5193 | Test Acc: 83.33%
[2025-05-29 14:00:41,963] INFO: Epoch 139 | Step 1/196 | Loss: 0.3029 | Acc: 91.41%
[2025-05-29 14:01:01,734] INFO: Epoch 139 | Step 101/196 | Loss: 0.3056 | Acc: 90.49%
[2025-05-29 14:01:20,395] INFO: Epoch 139 training completed
[2025-05-29 14:01:22,785] INFO: Test Loss: 0.5814 | Test Acc: 81.63%
[2025-05-29 14:01:23,210] INFO: Epoch 140 | Step 1/196 | Loss: 0.3160 | Acc: 89.06%
[2025-05-29 14:01:42,974] INFO: Epoch 140 | Step 101/196 | Loss: 0.3013 | Acc: 90.66%
[2025-05-29 14:02:01,640] INFO: Epoch 140 training completed
[2025-05-29 14:02:04,026] INFO: Test Loss: 0.5135 | Test Acc: 83.75%
[2025-05-29 14:02:04,450] INFO: Epoch 141 | Step 1/196 | Loss: 0.2756 | Acc: 91.80%
[2025-05-29 14:02:24,222] INFO: Epoch 141 | Step 101/196 | Loss: 0.2909 | Acc: 91.10%
[2025-05-29 14:02:42,892] INFO: Epoch 141 training completed
[2025-05-29 14:02:45,285] INFO: Test Loss: 0.5517 | Test Acc: 82.48%
[2025-05-29 14:02:45,713] INFO: Epoch 142 | Step 1/196 | Loss: 0.2530 | Acc: 92.58%
[2025-05-29 14:03:05,484] INFO: Epoch 142 | Step 101/196 | Loss: 0.2854 | Acc: 91.25%
[2025-05-29 14:03:24,139] INFO: Epoch 142 training completed
[2025-05-29 14:03:26,530] INFO: Test Loss: 0.5147 | Test Acc: 83.67%
[2025-05-29 14:03:27,056] INFO: Epoch 143 | Step 1/196 | Loss: 0.2852 | Acc: 91.80%
[2025-05-29 14:03:46,819] INFO: Epoch 143 | Step 101/196 | Loss: 0.2806 | Acc: 91.36%
[2025-05-29 14:04:05,477] INFO: Epoch 143 training completed
[2025-05-29 14:04:07,861] INFO: Test Loss: 0.4517 | Test Acc: 85.31%
[2025-05-29 14:04:08,298] INFO: Epoch 144 | Step 1/196 | Loss: 0.2839 | Acc: 90.23%
[2025-05-29 14:04:28,083] INFO: Epoch 144 | Step 101/196 | Loss: 0.2874 | Acc: 91.09%
[2025-05-29 14:04:46,739] INFO: Epoch 144 training completed
[2025-05-29 14:04:49,129] INFO: Test Loss: 0.5045 | Test Acc: 84.37%
[2025-05-29 14:04:49,566] INFO: Epoch 145 | Step 1/196 | Loss: 0.3533 | Acc: 87.50%
[2025-05-29 14:05:09,332] INFO: Epoch 145 | Step 101/196 | Loss: 0.2832 | Acc: 91.33%
[2025-05-29 14:05:27,993] INFO: Epoch 145 training completed
[2025-05-29 14:05:30,394] INFO: Test Loss: 0.4159 | Test Acc: 86.76%
[2025-05-29 14:05:30,503] INFO: New best accuracy: 86.76%, model saved.
[2025-05-29 14:05:30,943] INFO: Epoch 146 | Step 1/196 | Loss: 0.2282 | Acc: 92.97%
[2025-05-29 14:05:50,701] INFO: Epoch 146 | Step 101/196 | Loss: 0.2756 | Acc: 91.48%
[2025-05-29 14:06:09,364] INFO: Epoch 146 training completed
[2025-05-29 14:06:11,751] INFO: Test Loss: 0.4479 | Test Acc: 85.66%
[2025-05-29 14:06:12,179] INFO: Epoch 147 | Step 1/196 | Loss: 0.2453 | Acc: 92.19%
[2025-05-29 14:06:31,944] INFO: Epoch 147 | Step 101/196 | Loss: 0.2645 | Acc: 91.91%
[2025-05-29 14:06:50,604] INFO: Epoch 147 training completed
[2025-05-29 14:06:52,989] INFO: Test Loss: 0.4420 | Test Acc: 85.81%
[2025-05-29 14:06:53,420] INFO: Epoch 148 | Step 1/196 | Loss: 0.2961 | Acc: 89.45%
[2025-05-29 14:07:13,189] INFO: Epoch 148 | Step 101/196 | Loss: 0.2553 | Acc: 92.16%
[2025-05-29 14:07:31,845] INFO: Epoch 148 training completed
[2025-05-29 14:07:34,229] INFO: Test Loss: 0.3950 | Test Acc: 87.48%
[2025-05-29 14:07:34,338] INFO: New best accuracy: 87.48%, model saved.
[2025-05-29 14:07:34,766] INFO: Epoch 149 | Step 1/196 | Loss: 0.2631 | Acc: 92.97%
[2025-05-29 14:07:54,532] INFO: Epoch 149 | Step 101/196 | Loss: 0.2617 | Acc: 92.10%
[2025-05-29 14:08:13,190] INFO: Epoch 149 training completed
[2025-05-29 14:08:15,573] INFO: Test Loss: 0.4139 | Test Acc: 86.97%
[2025-05-29 14:08:16,011] INFO: Epoch 150 | Step 1/196 | Loss: 0.2338 | Acc: 93.75%
[2025-05-29 14:08:35,788] INFO: Epoch 150 | Step 101/196 | Loss: 0.2645 | Acc: 91.87%
[2025-05-29 14:08:54,445] INFO: Epoch 150 training completed
[2025-05-29 14:08:56,830] INFO: Test Loss: 0.4438 | Test Acc: 85.50%
[2025-05-29 14:08:57,262] INFO: Epoch 151 | Step 1/196 | Loss: 0.2578 | Acc: 92.19%
[2025-05-29 14:09:17,032] INFO: Epoch 151 | Step 101/196 | Loss: 0.2464 | Acc: 92.45%
[2025-05-29 14:09:35,689] INFO: Epoch 151 training completed
[2025-05-29 14:09:38,080] INFO: Test Loss: 0.4227 | Test Acc: 86.37%
[2025-05-29 14:09:38,506] INFO: Epoch 152 | Step 1/196 | Loss: 0.2634 | Acc: 90.23%
[2025-05-29 14:09:58,275] INFO: Epoch 152 | Step 101/196 | Loss: 0.2435 | Acc: 92.58%
[2025-05-29 14:10:16,940] INFO: Epoch 152 training completed
[2025-05-29 14:10:19,323] INFO: Test Loss: 0.5012 | Test Acc: 84.44%
[2025-05-29 14:10:19,755] INFO: Epoch 153 | Step 1/196 | Loss: 0.2589 | Acc: 93.36%
[2025-05-29 14:10:39,519] INFO: Epoch 153 | Step 101/196 | Loss: 0.2385 | Acc: 92.73%
[2025-05-29 14:10:58,179] INFO: Epoch 153 training completed
[2025-05-29 14:11:00,573] INFO: Test Loss: 0.3564 | Test Acc: 88.76%
[2025-05-29 14:11:00,681] INFO: New best accuracy: 88.76%, model saved.
[2025-05-29 14:11:01,111] INFO: Epoch 154 | Step 1/196 | Loss: 0.2782 | Acc: 89.45%
[2025-05-29 14:11:20,877] INFO: Epoch 154 | Step 101/196 | Loss: 0.2389 | Acc: 92.83%
[2025-05-29 14:11:39,545] INFO: Epoch 154 training completed
[2025-05-29 14:11:41,934] INFO: Test Loss: 0.4044 | Test Acc: 87.09%
[2025-05-29 14:11:42,366] INFO: Epoch 155 | Step 1/196 | Loss: 0.2250 | Acc: 92.58%
[2025-05-29 14:12:02,134] INFO: Epoch 155 | Step 101/196 | Loss: 0.2313 | Acc: 93.02%
[2025-05-29 14:12:20,794] INFO: Epoch 155 training completed
[2025-05-29 14:12:23,178] INFO: Test Loss: 0.3696 | Test Acc: 88.28%
[2025-05-29 14:12:23,608] INFO: Epoch 156 | Step 1/196 | Loss: 0.1960 | Acc: 94.14%
[2025-05-29 14:12:43,375] INFO: Epoch 156 | Step 101/196 | Loss: 0.2323 | Acc: 92.95%
[2025-05-29 14:13:02,036] INFO: Epoch 156 training completed
[2025-05-29 14:13:04,428] INFO: Test Loss: 0.4396 | Test Acc: 85.86%
[2025-05-29 14:13:04,875] INFO: Epoch 157 | Step 1/196 | Loss: 0.1882 | Acc: 94.92%
[2025-05-29 14:13:24,638] INFO: Epoch 157 | Step 101/196 | Loss: 0.2264 | Acc: 93.09%
[2025-05-29 14:13:43,298] INFO: Epoch 157 training completed
[2025-05-29 14:13:45,691] INFO: Test Loss: 0.4074 | Test Acc: 87.24%
[2025-05-29 14:13:46,216] INFO: Epoch 158 | Step 1/196 | Loss: 0.1899 | Acc: 94.92%
[2025-05-29 14:14:05,982] INFO: Epoch 158 | Step 101/196 | Loss: 0.2214 | Acc: 93.58%
[2025-05-29 14:14:24,638] INFO: Epoch 158 training completed
[2025-05-29 14:14:27,022] INFO: Test Loss: 0.3762 | Test Acc: 88.23%
[2025-05-29 14:14:27,472] INFO: Epoch 159 | Step 1/196 | Loss: 0.1823 | Acc: 94.53%
[2025-05-29 14:14:47,247] INFO: Epoch 159 | Step 101/196 | Loss: 0.2156 | Acc: 93.53%
[2025-05-29 14:15:05,923] INFO: Epoch 159 training completed
[2025-05-29 14:15:08,314] INFO: Test Loss: 0.3362 | Test Acc: 89.21%
[2025-05-29 14:15:08,425] INFO: New best accuracy: 89.21%, model saved.
[2025-05-29 14:15:08,857] INFO: Epoch 160 | Step 1/196 | Loss: 0.2305 | Acc: 93.75%
[2025-05-29 14:15:28,624] INFO: Epoch 160 | Step 101/196 | Loss: 0.2090 | Acc: 93.87%
[2025-05-29 14:15:47,280] INFO: Epoch 160 training completed
[2025-05-29 14:15:49,671] INFO: Test Loss: 0.3522 | Test Acc: 88.80%
[2025-05-29 14:15:50,108] INFO: Epoch 161 | Step 1/196 | Loss: 0.1802 | Acc: 95.31%
[2025-05-29 14:16:09,879] INFO: Epoch 161 | Step 101/196 | Loss: 0.2031 | Acc: 93.93%
[2025-05-29 14:16:28,539] INFO: Epoch 161 training completed
[2025-05-29 14:16:30,921] INFO: Test Loss: 0.4645 | Test Acc: 84.95%
[2025-05-29 14:16:31,441] INFO: Epoch 162 | Step 1/196 | Loss: 0.2500 | Acc: 92.19%
[2025-05-29 14:16:51,210] INFO: Epoch 162 | Step 101/196 | Loss: 0.2032 | Acc: 94.01%
[2025-05-29 14:17:09,888] INFO: Epoch 162 training completed
[2025-05-29 14:17:12,281] INFO: Test Loss: 0.3696 | Test Acc: 88.14%
[2025-05-29 14:17:12,715] INFO: Epoch 163 | Step 1/196 | Loss: 0.1458 | Acc: 96.48%
[2025-05-29 14:17:32,485] INFO: Epoch 163 | Step 101/196 | Loss: 0.1941 | Acc: 94.25%
[2025-05-29 14:17:51,159] INFO: Epoch 163 training completed
[2025-05-29 14:17:53,548] INFO: Test Loss: 0.3430 | Test Acc: 89.34%
[2025-05-29 14:17:53,656] INFO: New best accuracy: 89.34%, model saved.
[2025-05-29 14:17:54,083] INFO: Epoch 164 | Step 1/196 | Loss: 0.1593 | Acc: 96.48%
[2025-05-29 14:18:13,857] INFO: Epoch 164 | Step 101/196 | Loss: 0.1814 | Acc: 94.89%
[2025-05-29 14:18:32,510] INFO: Epoch 164 training completed
[2025-05-29 14:18:34,896] INFO: Test Loss: 0.3234 | Test Acc: 90.03%
[2025-05-29 14:18:35,005] INFO: New best accuracy: 90.03%, model saved.
[2025-05-29 14:18:35,430] INFO: Epoch 165 | Step 1/196 | Loss: 0.2437 | Acc: 92.58%
[2025-05-29 14:18:55,201] INFO: Epoch 165 | Step 101/196 | Loss: 0.1796 | Acc: 94.93%
[2025-05-29 14:19:13,865] INFO: Epoch 165 training completed
[2025-05-29 14:19:16,254] INFO: Test Loss: 0.3434 | Test Acc: 89.32%
[2025-05-29 14:19:16,685] INFO: Epoch 166 | Step 1/196 | Loss: 0.1539 | Acc: 96.48%
[2025-05-29 14:19:36,447] INFO: Epoch 166 | Step 101/196 | Loss: 0.1750 | Acc: 95.04%
[2025-05-29 14:19:55,100] INFO: Epoch 166 training completed
[2025-05-29 14:19:57,487] INFO: Test Loss: 0.3615 | Test Acc: 88.71%
[2025-05-29 14:19:57,918] INFO: Epoch 167 | Step 1/196 | Loss: 0.1900 | Acc: 94.53%
[2025-05-29 14:20:17,684] INFO: Epoch 167 | Step 101/196 | Loss: 0.1723 | Acc: 95.06%
[2025-05-29 14:20:36,345] INFO: Epoch 167 training completed
[2025-05-29 14:20:38,739] INFO: Test Loss: 0.2929 | Test Acc: 90.89%
[2025-05-29 14:20:38,848] INFO: New best accuracy: 90.89%, model saved.
[2025-05-29 14:20:39,279] INFO: Epoch 168 | Step 1/196 | Loss: 0.1843 | Acc: 95.70%
[2025-05-29 14:20:59,038] INFO: Epoch 168 | Step 101/196 | Loss: 0.1694 | Acc: 95.17%
[2025-05-29 14:21:17,699] INFO: Epoch 168 training completed
[2025-05-29 14:21:20,094] INFO: Test Loss: 0.3140 | Test Acc: 89.89%
[2025-05-29 14:21:20,532] INFO: Epoch 169 | Step 1/196 | Loss: 0.1477 | Acc: 95.31%
[2025-05-29 14:21:40,298] INFO: Epoch 169 | Step 101/196 | Loss: 0.1613 | Acc: 95.57%
[2025-05-29 14:21:58,954] INFO: Epoch 169 training completed
[2025-05-29 14:22:01,346] INFO: Test Loss: 0.2795 | Test Acc: 91.18%
[2025-05-29 14:22:01,455] INFO: New best accuracy: 91.18%, model saved.
[2025-05-29 14:22:01,886] INFO: Epoch 170 | Step 1/196 | Loss: 0.1445 | Acc: 95.70%
[2025-05-29 14:22:21,648] INFO: Epoch 170 | Step 101/196 | Loss: 0.1549 | Acc: 95.76%
[2025-05-29 14:22:40,303] INFO: Epoch 170 training completed
[2025-05-29 14:22:42,694] INFO: Test Loss: 0.3685 | Test Acc: 88.42%
[2025-05-29 14:22:43,121] INFO: Epoch 171 | Step 1/196 | Loss: 0.1610 | Acc: 95.70%
[2025-05-29 14:23:02,889] INFO: Epoch 171 | Step 101/196 | Loss: 0.1473 | Acc: 95.95%
[2025-05-29 14:23:21,544] INFO: Epoch 171 training completed
[2025-05-29 14:23:23,932] INFO: Test Loss: 0.2784 | Test Acc: 91.13%
[2025-05-29 14:23:24,366] INFO: Epoch 172 | Step 1/196 | Loss: 0.1594 | Acc: 96.88%
[2025-05-29 14:23:44,145] INFO: Epoch 172 | Step 101/196 | Loss: 0.1425 | Acc: 96.12%
[2025-05-29 14:24:02,877] INFO: Epoch 172 training completed
[2025-05-29 14:24:05,262] INFO: Test Loss: 0.2839 | Test Acc: 91.38%
[2025-05-29 14:24:05,372] INFO: New best accuracy: 91.38%, model saved.
[2025-05-29 14:24:05,802] INFO: Epoch 173 | Step 1/196 | Loss: 0.1236 | Acc: 96.09%
[2025-05-29 14:24:25,567] INFO: Epoch 173 | Step 101/196 | Loss: 0.1405 | Acc: 96.10%
[2025-05-29 14:24:44,235] INFO: Epoch 173 training completed
[2025-05-29 14:24:46,625] INFO: Test Loss: 0.3049 | Test Acc: 90.64%
[2025-05-29 14:24:47,064] INFO: Epoch 174 | Step 1/196 | Loss: 0.1074 | Acc: 97.27%
[2025-05-29 14:25:06,828] INFO: Epoch 174 | Step 101/196 | Loss: 0.1364 | Acc: 96.22%
[2025-05-29 14:25:25,487] INFO: Epoch 174 training completed
[2025-05-29 14:25:27,873] INFO: Test Loss: 0.3024 | Test Acc: 90.87%
[2025-05-29 14:25:28,307] INFO: Epoch 175 | Step 1/196 | Loss: 0.1146 | Acc: 96.09%
[2025-05-29 14:25:48,068] INFO: Epoch 175 | Step 101/196 | Loss: 0.1256 | Acc: 96.87%
[2025-05-29 14:26:06,726] INFO: Epoch 175 training completed
[2025-05-29 14:26:09,107] INFO: Test Loss: 0.2778 | Test Acc: 91.41%
[2025-05-29 14:26:09,215] INFO: New best accuracy: 91.41%, model saved.
[2025-05-29 14:26:09,646] INFO: Epoch 176 | Step 1/196 | Loss: 0.1266 | Acc: 96.48%
[2025-05-29 14:26:29,410] INFO: Epoch 176 | Step 101/196 | Loss: 0.1151 | Acc: 97.21%
[2025-05-29 14:26:48,077] INFO: Epoch 176 training completed
[2025-05-29 14:26:50,464] INFO: Test Loss: 0.2901 | Test Acc: 91.25%
[2025-05-29 14:26:50,908] INFO: Epoch 177 | Step 1/196 | Loss: 0.0902 | Acc: 97.27%
[2025-05-29 14:27:10,675] INFO: Epoch 177 | Step 101/196 | Loss: 0.1181 | Acc: 97.06%
[2025-05-29 14:27:29,339] INFO: Epoch 177 training completed
[2025-05-29 14:27:31,728] INFO: Test Loss: 0.2650 | Test Acc: 91.89%
[2025-05-29 14:27:31,835] INFO: New best accuracy: 91.89%, model saved.
[2025-05-29 14:27:32,271] INFO: Epoch 178 | Step 1/196 | Loss: 0.1070 | Acc: 97.27%
[2025-05-29 14:27:52,043] INFO: Epoch 178 | Step 101/196 | Loss: 0.1084 | Acc: 97.41%
[2025-05-29 14:28:10,702] INFO: Epoch 178 training completed
[2025-05-29 14:28:13,094] INFO: Test Loss: 0.2621 | Test Acc: 92.06%
[2025-05-29 14:28:13,202] INFO: New best accuracy: 92.06%, model saved.
[2025-05-29 14:28:13,647] INFO: Epoch 179 | Step 1/196 | Loss: 0.0839 | Acc: 98.44%
[2025-05-29 14:28:33,411] INFO: Epoch 179 | Step 101/196 | Loss: 0.1047 | Acc: 97.44%
[2025-05-29 14:28:52,067] INFO: Epoch 179 training completed
[2025-05-29 14:28:54,461] INFO: Test Loss: 0.2583 | Test Acc: 92.12%
[2025-05-29 14:28:54,569] INFO: New best accuracy: 92.12%, model saved.
[2025-05-29 14:28:55,002] INFO: Epoch 180 | Step 1/196 | Loss: 0.1309 | Acc: 95.70%
[2025-05-29 14:29:14,764] INFO: Epoch 180 | Step 101/196 | Loss: 0.0961 | Acc: 97.76%
[2025-05-29 14:29:33,418] INFO: Epoch 180 training completed
[2025-05-29 14:29:35,816] INFO: Test Loss: 0.2518 | Test Acc: 92.23%
[2025-05-29 14:29:35,933] INFO: New best accuracy: 92.23%, model saved.
[2025-05-29 14:29:36,373] INFO: Epoch 181 | Step 1/196 | Loss: 0.0851 | Acc: 98.44%
[2025-05-29 14:29:56,159] INFO: Epoch 181 | Step 101/196 | Loss: 0.0935 | Acc: 97.90%
[2025-05-29 14:30:14,821] INFO: Epoch 181 training completed
[2025-05-29 14:30:17,217] INFO: Test Loss: 0.2967 | Test Acc: 91.27%
[2025-05-29 14:30:17,659] INFO: Epoch 182 | Step 1/196 | Loss: 0.0698 | Acc: 98.44%
[2025-05-29 14:30:37,421] INFO: Epoch 182 | Step 101/196 | Loss: 0.0872 | Acc: 98.13%
[2025-05-29 14:30:56,075] INFO: Epoch 182 training completed
[2025-05-29 14:30:58,467] INFO: Test Loss: 0.2739 | Test Acc: 92.03%
[2025-05-29 14:30:58,898] INFO: Epoch 183 | Step 1/196 | Loss: 0.1085 | Acc: 97.27%
[2025-05-29 14:31:18,663] INFO: Epoch 183 | Step 101/196 | Loss: 0.0824 | Acc: 98.30%
[2025-05-29 14:31:37,323] INFO: Epoch 183 training completed
[2025-05-29 14:31:39,710] INFO: Test Loss: 0.2672 | Test Acc: 92.26%
[2025-05-29 14:31:39,819] INFO: New best accuracy: 92.26%, model saved.
[2025-05-29 14:31:40,246] INFO: Epoch 184 | Step 1/196 | Loss: 0.0725 | Acc: 98.44%
[2025-05-29 14:32:00,003] INFO: Epoch 184 | Step 101/196 | Loss: 0.0770 | Acc: 98.50%
[2025-05-29 14:32:18,660] INFO: Epoch 184 training completed
[2025-05-29 14:32:21,042] INFO: Test Loss: 0.2476 | Test Acc: 92.59%
[2025-05-29 14:32:21,151] INFO: New best accuracy: 92.59%, model saved.
[2025-05-29 14:32:21,582] INFO: Epoch 185 | Step 1/196 | Loss: 0.0653 | Acc: 98.83%
[2025-05-29 14:32:41,354] INFO: Epoch 185 | Step 101/196 | Loss: 0.0697 | Acc: 98.79%
[2025-05-29 14:33:00,020] INFO: Epoch 185 training completed
[2025-05-29 14:33:02,413] INFO: Test Loss: 0.2432 | Test Acc: 92.87%
[2025-05-29 14:33:02,521] INFO: New best accuracy: 92.87%, model saved.
[2025-05-29 14:33:02,952] INFO: Epoch 186 | Step 1/196 | Loss: 0.0836 | Acc: 98.83%
[2025-05-29 14:33:22,717] INFO: Epoch 186 | Step 101/196 | Loss: 0.0687 | Acc: 98.70%
[2025-05-29 14:33:41,369] INFO: Epoch 186 training completed
[2025-05-29 14:33:43,760] INFO: Test Loss: 0.2562 | Test Acc: 92.64%
[2025-05-29 14:33:44,190] INFO: Epoch 187 | Step 1/196 | Loss: 0.0442 | Acc: 100.00%
[2025-05-29 14:34:03,957] INFO: Epoch 187 | Step 101/196 | Loss: 0.0674 | Acc: 98.74%
[2025-05-29 14:34:22,611] INFO: Epoch 187 training completed
[2025-05-29 14:34:24,997] INFO: Test Loss: 0.2451 | Test Acc: 92.84%
[2025-05-29 14:34:25,429] INFO: Epoch 188 | Step 1/196 | Loss: 0.0529 | Acc: 99.22%
[2025-05-29 14:34:45,192] INFO: Epoch 188 | Step 101/196 | Loss: 0.0622 | Acc: 98.94%
[2025-05-29 14:35:03,850] INFO: Epoch 188 training completed
[2025-05-29 14:35:06,236] INFO: Test Loss: 0.2379 | Test Acc: 93.20%
[2025-05-29 14:35:06,344] INFO: New best accuracy: 93.20%, model saved.
[2025-05-29 14:35:06,779] INFO: Epoch 189 | Step 1/196 | Loss: 0.0537 | Acc: 98.83%
[2025-05-29 14:35:26,539] INFO: Epoch 189 | Step 101/196 | Loss: 0.0594 | Acc: 99.13%
[2025-05-29 14:35:45,203] INFO: Epoch 189 training completed
[2025-05-29 14:35:47,590] INFO: Test Loss: 0.2393 | Test Acc: 92.97%
[2025-05-29 14:35:48,126] INFO: Epoch 190 | Step 1/196 | Loss: 0.0606 | Acc: 99.22%
[2025-05-29 14:36:07,889] INFO: Epoch 190 | Step 101/196 | Loss: 0.0590 | Acc: 99.05%
[2025-05-29 14:36:26,557] INFO: Epoch 190 training completed
[2025-05-29 14:36:28,955] INFO: Test Loss: 0.2371 | Test Acc: 93.05%
[2025-05-29 14:36:29,387] INFO: Epoch 191 | Step 1/196 | Loss: 0.0532 | Acc: 98.83%
[2025-05-29 14:36:49,245] INFO: Epoch 191 | Step 101/196 | Loss: 0.0567 | Acc: 99.15%
[2025-05-29 14:37:07,964] INFO: Epoch 191 training completed
[2025-05-29 14:37:10,365] INFO: Test Loss: 0.2367 | Test Acc: 93.16%
[2025-05-29 14:37:10,791] INFO: Epoch 192 | Step 1/196 | Loss: 0.0526 | Acc: 98.83%
[2025-05-29 14:37:30,637] INFO: Epoch 192 | Step 101/196 | Loss: 0.0535 | Acc: 99.23%
[2025-05-29 14:37:49,326] INFO: Epoch 192 training completed
[2025-05-29 14:37:51,723] INFO: Test Loss: 0.2363 | Test Acc: 93.13%
[2025-05-29 14:37:52,152] INFO: Epoch 193 | Step 1/196 | Loss: 0.0550 | Acc: 99.22%
[2025-05-29 14:38:11,955] INFO: Epoch 193 | Step 101/196 | Loss: 0.0534 | Acc: 99.28%
[2025-05-29 14:38:30,644] INFO: Epoch 193 training completed
[2025-05-29 14:38:33,045] INFO: Test Loss: 0.2350 | Test Acc: 93.13%
[2025-05-29 14:38:33,478] INFO: Epoch 194 | Step 1/196 | Loss: 0.0447 | Acc: 99.61%
[2025-05-29 14:38:53,283] INFO: Epoch 194 | Step 101/196 | Loss: 0.0510 | Acc: 99.39%
[2025-05-29 14:39:11,972] INFO: Epoch 194 training completed
[2025-05-29 14:39:14,364] INFO: Test Loss: 0.2388 | Test Acc: 93.13%
[2025-05-29 14:39:14,795] INFO: Epoch 195 | Step 1/196 | Loss: 0.0374 | Acc: 99.61%
[2025-05-29 14:39:34,595] INFO: Epoch 195 | Step 101/196 | Loss: 0.0504 | Acc: 99.36%
[2025-05-29 14:39:53,284] INFO: Epoch 195 training completed
[2025-05-29 14:39:55,671] INFO: Test Loss: 0.2350 | Test Acc: 93.22%
[2025-05-29 14:39:55,781] INFO: New best accuracy: 93.22%, model saved.
[2025-05-29 14:39:56,211] INFO: Epoch 196 | Step 1/196 | Loss: 0.0464 | Acc: 99.61%
[2025-05-29 14:40:16,014] INFO: Epoch 196 | Step 101/196 | Loss: 0.0500 | Acc: 99.43%
[2025-05-29 14:40:34,702] INFO: Epoch 196 training completed
[2025-05-29 14:40:37,105] INFO: Test Loss: 0.2338 | Test Acc: 93.26%
[2025-05-29 14:40:37,213] INFO: New best accuracy: 93.26%, model saved.
[2025-05-29 14:40:37,644] INFO: Epoch 197 | Step 1/196 | Loss: 0.0330 | Acc: 100.00%
[2025-05-29 14:40:57,438] INFO: Epoch 197 | Step 101/196 | Loss: 0.0484 | Acc: 99.39%
[2025-05-29 14:41:16,131] INFO: Epoch 197 training completed
[2025-05-29 14:41:18,523] INFO: Test Loss: 0.2338 | Test Acc: 93.20%
[2025-05-29 14:41:18,962] INFO: Epoch 198 | Step 1/196 | Loss: 0.0380 | Acc: 100.00%
[2025-05-29 14:41:38,778] INFO: Epoch 198 | Step 101/196 | Loss: 0.0487 | Acc: 99.46%
[2025-05-29 14:41:57,476] INFO: Epoch 198 training completed
[2025-05-29 14:41:59,873] INFO: Test Loss: 0.2374 | Test Acc: 93.13%
[2025-05-29 14:42:00,303] INFO: Epoch 199 | Step 1/196 | Loss: 0.0528 | Acc: 99.22%
[2025-05-29 14:42:20,100] INFO: Epoch 199 | Step 101/196 | Loss: 0.0472 | Acc: 99.50%
[2025-05-29 14:42:38,794] INFO: Epoch 199 training completed
[2025-05-29 14:42:41,186] INFO: Test Loss: 0.2339 | Test Acc: 93.26%
[2025-05-29 14:42:41,620] INFO: Epoch 200 | Step 1/196 | Loss: 0.0499 | Acc: 99.61%
[2025-05-29 14:43:01,422] INFO: Epoch 200 | Step 101/196 | Loss: 0.0489 | Acc: 99.44%
[2025-05-29 14:43:20,117] INFO: Epoch 200 training completed
[2025-05-29 14:43:22,511] INFO: Test Loss: 0.2335 | Test Acc: 93.21%
[2025-05-29 14:43:22,766] INFO: Training complete. Best Test Accuracy: 93.26%
