[2025-05-31 20:55:56,260] INFO: Using device: cuda
[2025-05-31 20:55:57,369] INFO: Using GhostNetV3 with width 1.0
[2025-05-31 20:56:22,904] INFO: Epoch 1 | Step 1/196 | Loss: 3.5639 | Acc: 11.33%
[2025-05-31 20:56:34,079] INFO: Epoch 1 | Step 101/196 | Loss: 2.7273 | Acc: 12.79%
[2025-05-31 20:56:44,784] INFO: Epoch 1 training completed
[2025-05-31 20:57:08,343] INFO: Test Loss: 2.2121 | Test Acc: 15.90%
[2025-05-31 20:57:08,446] INFO: New best accuracy: 15.90%, model saved.
[2025-05-31 20:57:08,783] INFO: Epoch 2 | Step 1/196 | Loss: 2.1389 | Acc: 13.67%
[2025-05-31 20:57:19,986] INFO: Epoch 2 | Step 101/196 | Loss: 2.1024 | Acc: 18.32%
[2025-05-31 20:57:30,594] INFO: Epoch 2 training completed
[2025-05-31 20:57:31,777] INFO: Test Loss: 2.0278 | Test Acc: 23.17%
[2025-05-31 20:57:31,875] INFO: New best accuracy: 23.17%, model saved.
[2025-05-31 20:57:32,217] INFO: Epoch 3 | Step 1/196 | Loss: 1.9719 | Acc: 21.48%
[2025-05-31 20:57:43,429] INFO: Epoch 3 | Step 101/196 | Loss: 1.9400 | Acc: 23.46%
[2025-05-31 20:57:54,044] INFO: Epoch 3 training completed
[2025-05-31 20:57:55,221] INFO: Test Loss: 1.9043 | Test Acc: 28.06%
[2025-05-31 20:57:55,321] INFO: New best accuracy: 28.06%, model saved.
[2025-05-31 20:57:55,674] INFO: Epoch 4 | Step 1/196 | Loss: 1.8960 | Acc: 25.39%
[2025-05-31 20:58:06,924] INFO: Epoch 4 | Step 101/196 | Loss: 1.8333 | Acc: 28.81%
[2025-05-31 20:58:17,602] INFO: Epoch 4 training completed
[2025-05-31 20:58:18,786] INFO: Test Loss: 1.8234 | Test Acc: 30.77%
[2025-05-31 20:58:18,887] INFO: New best accuracy: 30.77%, model saved.
[2025-05-31 20:58:19,232] INFO: Epoch 5 | Step 1/196 | Loss: 1.7633 | Acc: 29.69%
[2025-05-31 20:58:30,467] INFO: Epoch 5 | Step 101/196 | Loss: 1.7356 | Acc: 32.14%
[2025-05-31 20:58:41,098] INFO: Epoch 5 training completed
[2025-05-31 20:58:42,272] INFO: Test Loss: 1.7051 | Test Acc: 35.79%
[2025-05-31 20:58:42,370] INFO: New best accuracy: 35.79%, model saved.
[2025-05-31 20:58:42,702] INFO: Epoch 6 | Step 1/196 | Loss: 1.6827 | Acc: 35.94%
[2025-05-31 20:58:53,956] INFO: Epoch 6 | Step 101/196 | Loss: 1.6733 | Acc: 34.87%
[2025-05-31 20:59:04,608] INFO: Epoch 6 training completed
[2025-05-31 20:59:05,789] INFO: Test Loss: 1.6717 | Test Acc: 37.85%
[2025-05-31 20:59:05,888] INFO: New best accuracy: 37.85%, model saved.
[2025-05-31 20:59:06,225] INFO: Epoch 7 | Step 1/196 | Loss: 1.6357 | Acc: 38.28%
[2025-05-31 20:59:17,478] INFO: Epoch 7 | Step 101/196 | Loss: 1.5999 | Acc: 38.48%
[2025-05-31 20:59:28,171] INFO: Epoch 7 training completed
[2025-05-31 20:59:29,353] INFO: Test Loss: 1.6075 | Test Acc: 40.71%
[2025-05-31 20:59:29,453] INFO: New best accuracy: 40.71%, model saved.
[2025-05-31 20:59:29,791] INFO: Epoch 8 | Step 1/196 | Loss: 1.5112 | Acc: 41.80%
[2025-05-31 20:59:41,047] INFO: Epoch 8 | Step 101/196 | Loss: 1.5300 | Acc: 41.21%
[2025-05-31 20:59:51,768] INFO: Epoch 8 training completed
[2025-05-31 20:59:52,962] INFO: Test Loss: 1.5510 | Test Acc: 42.61%
[2025-05-31 20:59:53,064] INFO: New best accuracy: 42.61%, model saved.
[2025-05-31 20:59:53,416] INFO: Epoch 9 | Step 1/196 | Loss: 1.4051 | Acc: 46.48%
[2025-05-31 20:59:56,250] INFO: Using device: cuda
[2025-05-31 21:00:04,604] INFO: Epoch 9 | Step 101/196 | Loss: 1.4499 | Acc: 44.86%
[2025-05-31 21:00:15,442] INFO: Epoch 9 training completed
[2025-05-31 21:00:16,648] INFO: Test Loss: 1.4173 | Test Acc: 48.33%
[2025-05-31 21:00:16,749] INFO: New best accuracy: 48.33%, model saved.
[2025-05-31 21:00:17,082] INFO: Epoch 10 | Step 1/196 | Loss: 1.3262 | Acc: 49.61%
[2025-05-31 21:00:28,445] INFO: Epoch 10 | Step 101/196 | Loss: 1.3751 | Acc: 47.70%
[2025-05-31 21:00:29,903] INFO: Using device: cuda
[2025-05-31 21:00:39,185] INFO: Epoch 10 training completed
[2025-05-31 21:00:40,353] INFO: Test Loss: 1.4275 | Test Acc: 48.48%
[2025-05-31 21:00:40,452] INFO: New best accuracy: 48.48%, model saved.
[2025-05-31 21:00:40,880] INFO: Epoch 11 | Step 1/196 | Loss: 1.3117 | Acc: 51.17%
[2025-05-31 21:00:52,172] INFO: Epoch 11 | Step 101/196 | Loss: 1.3283 | Acc: 49.31%
[2025-05-31 21:01:02,791] INFO: Epoch 11 training completed
[2025-05-31 21:01:03,954] INFO: Test Loss: 1.3404 | Test Acc: 50.33%
[2025-05-31 21:01:04,055] INFO: New best accuracy: 50.33%, model saved.
[2025-05-31 21:01:04,127] INFO: Using device: cuda
[2025-05-31 21:01:04,404] INFO: Epoch 12 | Step 1/196 | Loss: 1.2618 | Acc: 50.00%
[2025-05-31 21:01:15,941] INFO: Epoch 12 | Step 101/196 | Loss: 1.2668 | Acc: 51.75%
[2025-05-31 21:01:26,592] INFO: Epoch 12 training completed
[2025-05-31 21:01:27,787] INFO: Test Loss: 1.2804 | Test Acc: 52.87%
[2025-05-31 21:01:27,888] INFO: New best accuracy: 52.87%, model saved.
[2025-05-31 21:01:28,241] INFO: Epoch 13 | Step 1/196 | Loss: 1.3262 | Acc: 51.56%
[2025-05-31 21:01:39,493] INFO: Epoch 13 | Step 101/196 | Loss: 1.2198 | Acc: 53.89%
[2025-05-31 21:01:50,153] INFO: Epoch 13 training completed
[2025-05-31 21:01:51,341] INFO: Test Loss: 1.2341 | Test Acc: 54.50%
[2025-05-31 21:01:51,442] INFO: New best accuracy: 54.50%, model saved.
[2025-05-31 21:01:51,800] INFO: Epoch 14 | Step 1/196 | Loss: 1.2447 | Acc: 55.08%
[2025-05-31 21:02:03,103] INFO: Epoch 14 | Step 101/196 | Loss: 1.1576 | Acc: 56.54%
[2025-05-31 21:02:13,753] INFO: Epoch 14 training completed
[2025-05-31 21:02:14,944] INFO: Test Loss: 1.1847 | Test Acc: 56.73%
[2025-05-31 21:02:15,044] INFO: New best accuracy: 56.73%, model saved.
[2025-05-31 21:02:15,387] INFO: Epoch 15 | Step 1/196 | Loss: 1.1300 | Acc: 56.64%
[2025-05-31 21:02:26,649] INFO: Epoch 15 | Step 101/196 | Loss: 1.1031 | Acc: 58.27%
[2025-05-31 21:02:37,308] INFO: Epoch 15 training completed
[2025-05-31 21:02:38,496] INFO: Test Loss: 1.1277 | Test Acc: 59.02%
[2025-05-31 21:02:38,599] INFO: New best accuracy: 59.02%, model saved.
[2025-05-31 21:02:38,949] INFO: Epoch 16 | Step 1/196 | Loss: 1.1272 | Acc: 57.42%
[2025-05-31 21:02:50,204] INFO: Epoch 16 | Step 101/196 | Loss: 1.0458 | Acc: 60.66%
[2025-05-31 21:03:00,867] INFO: Epoch 16 training completed
[2025-05-31 21:03:02,043] INFO: Test Loss: 1.0973 | Test Acc: 59.81%
[2025-05-31 21:03:02,145] INFO: New best accuracy: 59.81%, model saved.
[2025-05-31 21:03:02,486] INFO: Epoch 17 | Step 1/196 | Loss: 0.9941 | Acc: 62.50%
[2025-05-31 21:03:13,749] INFO: Epoch 17 | Step 101/196 | Loss: 1.0028 | Acc: 62.40%
[2025-05-31 21:03:24,401] INFO: Epoch 17 training completed
[2025-05-31 21:03:25,581] INFO: Test Loss: 1.0679 | Test Acc: 61.38%
[2025-05-31 21:03:25,776] INFO: New best accuracy: 61.38%, model saved.
[2025-05-31 21:03:26,102] INFO: Epoch 18 | Step 1/196 | Loss: 0.9806 | Acc: 62.89%
[2025-05-31 21:03:37,359] INFO: Epoch 18 | Step 101/196 | Loss: 0.9588 | Acc: 64.05%
[2025-05-31 21:03:48,018] INFO: Epoch 18 training completed
[2025-05-31 21:03:49,200] INFO: Test Loss: 1.0310 | Test Acc: 62.75%
[2025-05-31 21:03:49,300] INFO: New best accuracy: 62.75%, model saved.
[2025-05-31 21:03:49,646] INFO: Epoch 19 | Step 1/196 | Loss: 0.9074 | Acc: 63.67%
[2025-05-31 21:04:00,900] INFO: Epoch 19 | Step 101/196 | Loss: 0.9120 | Acc: 65.76%
[2025-05-31 21:04:11,555] INFO: Epoch 19 training completed
[2025-05-31 21:04:12,754] INFO: Test Loss: 1.0737 | Test Acc: 60.70%
[2025-05-31 21:04:13,132] INFO: Epoch 20 | Step 1/196 | Loss: 0.9591 | Acc: 65.23%
[2025-05-31 21:04:24,395] INFO: Epoch 20 | Step 101/196 | Loss: 0.8802 | Acc: 67.67%
[2025-05-31 21:04:35,046] INFO: Epoch 20 training completed
[2025-05-31 21:04:36,229] INFO: Test Loss: 0.9751 | Test Acc: 64.82%
[2025-05-31 21:04:36,327] INFO: New best accuracy: 64.82%, model saved.
[2025-05-31 21:04:36,665] INFO: Epoch 21 | Step 1/196 | Loss: 0.8165 | Acc: 71.09%
[2025-05-31 21:04:47,971] INFO: Epoch 21 | Step 101/196 | Loss: 0.8400 | Acc: 68.79%
[2025-05-31 21:04:58,627] INFO: Epoch 21 training completed
[2025-05-31 21:04:59,819] INFO: Test Loss: 0.9775 | Test Acc: 65.00%
[2025-05-31 21:04:59,920] INFO: New best accuracy: 65.00%, model saved.
[2025-05-31 21:05:00,259] INFO: Epoch 22 | Step 1/196 | Loss: 0.9105 | Acc: 62.89%
[2025-05-31 21:05:11,516] INFO: Epoch 22 | Step 101/196 | Loss: 0.8148 | Acc: 70.10%
[2025-05-31 21:05:22,213] INFO: Epoch 22 training completed
[2025-05-31 21:05:23,413] INFO: Test Loss: 1.0712 | Test Acc: 61.91%
[2025-05-31 21:05:23,753] INFO: Epoch 23 | Step 1/196 | Loss: 0.7218 | Acc: 73.44%
[2025-05-31 21:05:35,056] INFO: Epoch 23 | Step 101/196 | Loss: 0.7857 | Acc: 70.96%
[2025-05-31 21:05:45,717] INFO: Epoch 23 training completed
[2025-05-31 21:05:46,934] INFO: Test Loss: 0.8476 | Test Acc: 69.71%
[2025-05-31 21:05:47,044] INFO: New best accuracy: 69.71%, model saved.
[2025-05-31 21:05:47,542] INFO: Epoch 24 | Step 1/196 | Loss: 0.7283 | Acc: 73.05%
[2025-05-31 21:05:58,952] INFO: Epoch 24 | Step 101/196 | Loss: 0.7382 | Acc: 72.78%
[2025-05-31 21:06:09,709] INFO: Epoch 24 training completed
[2025-05-31 21:06:10,917] INFO: Test Loss: 0.8383 | Test Acc: 70.45%
[2025-05-31 21:06:11,023] INFO: New best accuracy: 70.45%, model saved.
[2025-05-31 21:06:11,391] INFO: Epoch 25 | Step 1/196 | Loss: 0.7277 | Acc: 75.78%
[2025-05-31 21:06:22,732] INFO: Epoch 25 | Step 101/196 | Loss: 0.7041 | Acc: 74.21%
[2025-05-31 21:06:33,417] INFO: Epoch 25 training completed
[2025-05-31 21:06:34,609] INFO: Test Loss: 0.8136 | Test Acc: 71.87%
[2025-05-31 21:06:34,720] INFO: New best accuracy: 71.87%, model saved.
[2025-05-31 21:06:35,075] INFO: Epoch 26 | Step 1/196 | Loss: 0.6975 | Acc: 75.00%
[2025-05-31 21:06:46,382] INFO: Epoch 26 | Step 101/196 | Loss: 0.6784 | Acc: 75.26%
[2025-05-31 21:06:57,088] INFO: Epoch 26 training completed
[2025-05-31 21:06:58,276] INFO: Test Loss: 0.7786 | Test Acc: 73.07%
[2025-05-31 21:06:58,379] INFO: New best accuracy: 73.07%, model saved.
[2025-05-31 21:06:58,738] INFO: Epoch 27 | Step 1/196 | Loss: 0.7071 | Acc: 79.30%
[2025-05-31 21:07:10,108] INFO: Epoch 27 | Step 101/196 | Loss: 0.6606 | Acc: 76.13%
[2025-05-31 21:07:20,829] INFO: Epoch 27 training completed
[2025-05-31 21:07:22,026] INFO: Test Loss: 0.8102 | Test Acc: 72.02%
[2025-05-31 21:07:22,396] INFO: Epoch 28 | Step 1/196 | Loss: 0.6289 | Acc: 77.73%
[2025-05-31 21:07:33,683] INFO: Epoch 28 | Step 101/196 | Loss: 0.6359 | Acc: 77.04%
[2025-05-31 21:07:44,376] INFO: Epoch 28 training completed
[2025-05-31 21:07:45,570] INFO: Test Loss: 0.9050 | Test Acc: 67.97%
[2025-05-31 21:07:45,929] INFO: Epoch 29 | Step 1/196 | Loss: 0.6165 | Acc: 75.00%
[2025-05-31 21:07:57,237] INFO: Epoch 29 | Step 101/196 | Loss: 0.6231 | Acc: 77.51%
[2025-05-31 21:08:07,937] INFO: Epoch 29 training completed
[2025-05-31 21:08:09,140] INFO: Test Loss: 1.0370 | Test Acc: 64.44%
[2025-05-31 21:08:09,501] INFO: Epoch 30 | Step 1/196 | Loss: 0.5336 | Acc: 82.81%
[2025-05-31 21:08:20,768] INFO: Epoch 30 | Step 101/196 | Loss: 0.6053 | Acc: 78.39%
[2025-05-31 21:08:31,422] INFO: Epoch 30 training completed
[2025-05-31 21:08:32,606] INFO: Test Loss: 0.9386 | Test Acc: 67.19%
[2025-05-31 21:08:32,949] INFO: Epoch 31 | Step 1/196 | Loss: 0.6591 | Acc: 78.52%
[2025-05-31 21:08:44,260] INFO: Epoch 31 | Step 101/196 | Loss: 0.5905 | Acc: 78.89%
[2025-05-31 21:08:54,913] INFO: Epoch 31 training completed
[2025-05-31 21:08:56,116] INFO: Test Loss: 0.7319 | Test Acc: 74.53%
[2025-05-31 21:08:56,216] INFO: New best accuracy: 74.53%, model saved.
[2025-05-31 21:08:56,577] INFO: Epoch 32 | Step 1/196 | Loss: 0.6327 | Acc: 76.56%
[2025-05-31 21:09:07,838] INFO: Epoch 32 | Step 101/196 | Loss: 0.5874 | Acc: 78.90%
[2025-05-31 21:09:18,495] INFO: Epoch 32 training completed
[2025-05-31 21:09:19,680] INFO: Test Loss: 0.7981 | Test Acc: 72.80%
[2025-05-31 21:09:20,027] INFO: Epoch 33 | Step 1/196 | Loss: 0.5643 | Acc: 77.73%
[2025-05-31 21:09:31,290] INFO: Epoch 33 | Step 101/196 | Loss: 0.5781 | Acc: 79.68%
[2025-05-31 21:09:41,946] INFO: Epoch 33 training completed
[2025-05-31 21:09:43,125] INFO: Test Loss: 0.7845 | Test Acc: 73.50%
[2025-05-31 21:09:43,464] INFO: Epoch 34 | Step 1/196 | Loss: 0.6023 | Acc: 78.91%
[2025-05-31 21:09:54,719] INFO: Epoch 34 | Step 101/196 | Loss: 0.5716 | Acc: 79.72%
[2025-05-31 21:10:05,374] INFO: Epoch 34 training completed
[2025-05-31 21:10:06,562] INFO: Test Loss: 0.7224 | Test Acc: 75.90%
[2025-05-31 21:10:06,753] INFO: New best accuracy: 75.90%, model saved.
[2025-05-31 21:10:07,087] INFO: Epoch 35 | Step 1/196 | Loss: 0.5462 | Acc: 81.25%
[2025-05-31 21:10:18,363] INFO: Epoch 35 | Step 101/196 | Loss: 0.5620 | Acc: 80.06%
[2025-05-31 21:10:29,017] INFO: Epoch 35 training completed
[2025-05-31 21:10:30,198] INFO: Test Loss: 0.7724 | Test Acc: 72.86%
[2025-05-31 21:10:30,532] INFO: Epoch 36 | Step 1/196 | Loss: 0.5670 | Acc: 79.30%
[2025-05-31 21:10:41,794] INFO: Epoch 36 | Step 101/196 | Loss: 0.5635 | Acc: 80.23%
[2025-05-31 21:10:52,444] INFO: Epoch 36 training completed
[2025-05-31 21:10:53,646] INFO: Test Loss: 0.9267 | Test Acc: 69.01%
[2025-05-31 21:10:53,991] INFO: Epoch 37 | Step 1/196 | Loss: 0.6555 | Acc: 78.52%
[2025-05-31 21:11:05,250] INFO: Epoch 37 | Step 101/196 | Loss: 0.5593 | Acc: 80.38%
[2025-05-31 21:11:15,908] INFO: Epoch 37 training completed
[2025-05-31 21:11:17,086] INFO: Test Loss: 1.0036 | Test Acc: 66.05%
[2025-05-31 21:11:17,434] INFO: Epoch 38 | Step 1/196 | Loss: 0.6186 | Acc: 80.86%
[2025-05-31 21:11:28,737] INFO: Epoch 38 | Step 101/196 | Loss: 0.5535 | Acc: 80.81%
[2025-05-31 21:11:39,390] INFO: Epoch 38 training completed
[2025-05-31 21:11:40,583] INFO: Test Loss: 0.7845 | Test Acc: 73.70%
[2025-05-31 21:11:40,916] INFO: Epoch 39 | Step 1/196 | Loss: 0.5318 | Acc: 81.25%
[2025-05-31 21:11:52,171] INFO: Epoch 39 | Step 101/196 | Loss: 0.5618 | Acc: 80.35%
[2025-05-31 21:12:02,826] INFO: Epoch 39 training completed
[2025-05-31 21:12:04,014] INFO: Test Loss: 0.7311 | Test Acc: 76.15%
[2025-05-31 21:12:04,115] INFO: New best accuracy: 76.15%, model saved.
[2025-05-31 21:12:04,453] INFO: Epoch 40 | Step 1/196 | Loss: 0.5393 | Acc: 80.86%
[2025-05-31 21:12:15,712] INFO: Epoch 40 | Step 101/196 | Loss: 0.5586 | Acc: 80.72%
[2025-05-31 21:12:26,365] INFO: Epoch 40 training completed
[2025-05-31 21:12:27,551] INFO: Test Loss: 0.7746 | Test Acc: 73.72%
[2025-05-31 21:12:27,885] INFO: Epoch 41 | Step 1/196 | Loss: 0.6198 | Acc: 80.08%
[2025-05-31 21:12:39,149] INFO: Epoch 41 | Step 101/196 | Loss: 0.5512 | Acc: 80.94%
[2025-05-31 21:12:49,801] INFO: Epoch 41 training completed
[2025-05-31 21:12:51,000] INFO: Test Loss: 0.8667 | Test Acc: 70.33%
[2025-05-31 21:12:51,437] INFO: Epoch 42 | Step 1/196 | Loss: 0.5506 | Acc: 78.52%
[2025-05-31 21:13:02,693] INFO: Epoch 42 | Step 101/196 | Loss: 0.5608 | Acc: 80.20%
[2025-05-31 21:13:13,346] INFO: Epoch 42 training completed
[2025-05-31 21:13:14,532] INFO: Test Loss: 1.0021 | Test Acc: 65.12%
[2025-05-31 21:13:14,875] INFO: Epoch 43 | Step 1/196 | Loss: 0.7235 | Acc: 75.78%
[2025-05-31 21:13:26,147] INFO: Epoch 43 | Step 101/196 | Loss: 0.5467 | Acc: 81.12%
[2025-05-31 21:13:36,798] INFO: Epoch 43 training completed
[2025-05-31 21:13:37,979] INFO: Test Loss: 1.1453 | Test Acc: 62.59%
[2025-05-31 21:13:38,317] INFO: Epoch 44 | Step 1/196 | Loss: 0.6573 | Acc: 79.30%
[2025-05-31 21:13:49,574] INFO: Epoch 44 | Step 101/196 | Loss: 0.5598 | Acc: 80.54%
[2025-05-31 21:14:00,229] INFO: Epoch 44 training completed
[2025-05-31 21:14:01,411] INFO: Test Loss: 0.8666 | Test Acc: 71.21%
[2025-05-31 21:14:01,760] INFO: Epoch 45 | Step 1/196 | Loss: 0.5023 | Acc: 82.81%
[2025-05-31 21:14:13,021] INFO: Epoch 45 | Step 101/196 | Loss: 0.5478 | Acc: 80.81%
[2025-05-31 21:14:23,675] INFO: Epoch 45 training completed
[2025-05-31 21:14:24,856] INFO: Test Loss: 0.8320 | Test Acc: 71.83%
[2025-05-31 21:14:25,280] INFO: Epoch 46 | Step 1/196 | Loss: 0.5118 | Acc: 83.59%
[2025-05-31 21:14:36,536] INFO: Epoch 46 | Step 101/196 | Loss: 0.5540 | Acc: 81.00%
[2025-05-31 21:14:47,184] INFO: Epoch 46 training completed
[2025-05-31 21:14:48,377] INFO: Test Loss: 0.7790 | Test Acc: 74.11%
[2025-05-31 21:14:48,727] INFO: Epoch 47 | Step 1/196 | Loss: 0.5960 | Acc: 80.47%
[2025-05-31 21:14:59,984] INFO: Epoch 47 | Step 101/196 | Loss: 0.5548 | Acc: 80.89%
[2025-05-31 21:15:10,642] INFO: Epoch 47 training completed
[2025-05-31 21:15:11,822] INFO: Test Loss: 0.9018 | Test Acc: 70.70%
[2025-05-31 21:15:12,157] INFO: Epoch 48 | Step 1/196 | Loss: 0.5918 | Acc: 80.47%
[2025-05-31 21:15:23,422] INFO: Epoch 48 | Step 101/196 | Loss: 0.5578 | Acc: 80.47%
[2025-05-31 21:15:34,075] INFO: Epoch 48 training completed
[2025-05-31 21:15:35,266] INFO: Test Loss: 0.9125 | Test Acc: 69.54%
[2025-05-31 21:15:35,630] INFO: Epoch 49 | Step 1/196 | Loss: 0.5662 | Acc: 82.03%
[2025-05-31 21:15:46,891] INFO: Epoch 49 | Step 101/196 | Loss: 0.5558 | Acc: 80.65%
[2025-05-31 21:15:57,552] INFO: Epoch 49 training completed
[2025-05-31 21:15:58,737] INFO: Test Loss: 0.9648 | Test Acc: 66.95%
[2025-05-31 21:15:59,178] INFO: Epoch 50 | Step 1/196 | Loss: 0.5175 | Acc: 85.16%
[2025-05-31 21:16:10,435] INFO: Epoch 50 | Step 101/196 | Loss: 0.5459 | Acc: 81.00%
[2025-05-31 21:16:21,106] INFO: Epoch 50 training completed
[2025-05-31 21:16:22,302] INFO: Test Loss: 0.8666 | Test Acc: 71.39%
[2025-05-31 21:16:22,645] INFO: Epoch 51 | Step 1/196 | Loss: 0.5828 | Acc: 82.03%
[2025-05-31 21:16:33,908] INFO: Epoch 51 | Step 101/196 | Loss: 0.5535 | Acc: 80.89%
[2025-05-31 21:16:44,558] INFO: Epoch 51 training completed
[2025-05-31 21:16:45,751] INFO: Test Loss: 1.0446 | Test Acc: 66.14%
[2025-05-31 21:16:46,085] INFO: Epoch 52 | Step 1/196 | Loss: 0.5429 | Acc: 82.42%
[2025-05-31 21:16:57,352] INFO: Epoch 52 | Step 101/196 | Loss: 0.5544 | Acc: 80.72%
[2025-05-31 21:17:08,010] INFO: Epoch 52 training completed
[2025-05-31 21:17:09,206] INFO: Test Loss: 0.8783 | Test Acc: 70.47%
[2025-05-31 21:17:09,544] INFO: Epoch 53 | Step 1/196 | Loss: 0.5263 | Acc: 81.64%
[2025-05-31 21:17:20,809] INFO: Epoch 53 | Step 101/196 | Loss: 0.5454 | Acc: 80.98%
[2025-05-31 21:17:31,464] INFO: Epoch 53 training completed
[2025-05-31 21:17:32,652] INFO: Test Loss: 0.8134 | Test Acc: 72.71%
[2025-05-31 21:17:33,089] INFO: Epoch 54 | Step 1/196 | Loss: 0.5583 | Acc: 80.47%
[2025-05-31 21:17:44,352] INFO: Epoch 54 | Step 101/196 | Loss: 0.5544 | Acc: 80.70%
[2025-05-31 21:17:55,013] INFO: Epoch 54 training completed
[2025-05-31 21:17:56,189] INFO: Test Loss: 0.8831 | Test Acc: 69.73%
[2025-05-31 21:17:56,541] INFO: Epoch 55 | Step 1/196 | Loss: 0.5485 | Acc: 80.86%
[2025-05-31 21:18:07,803] INFO: Epoch 55 | Step 101/196 | Loss: 0.5447 | Acc: 81.23%
[2025-05-31 21:18:18,457] INFO: Epoch 55 training completed
[2025-05-31 21:18:19,637] INFO: Test Loss: 1.0562 | Test Acc: 65.40%
[2025-05-31 21:18:19,975] INFO: Epoch 56 | Step 1/196 | Loss: 0.5663 | Acc: 80.47%
[2025-05-31 21:18:31,236] INFO: Epoch 56 | Step 101/196 | Loss: 0.5504 | Acc: 81.05%
[2025-05-31 21:18:41,891] INFO: Epoch 56 training completed
[2025-05-31 21:18:43,074] INFO: Test Loss: 0.9147 | Test Acc: 69.39%
[2025-05-31 21:18:43,408] INFO: Epoch 57 | Step 1/196 | Loss: 0.6478 | Acc: 75.78%
[2025-05-31 21:18:54,670] INFO: Epoch 57 | Step 101/196 | Loss: 0.5479 | Acc: 81.07%
[2025-05-31 21:19:05,326] INFO: Epoch 57 training completed
[2025-05-31 21:19:06,513] INFO: Test Loss: 0.9328 | Test Acc: 68.20%
[2025-05-31 21:19:06,912] INFO: Epoch 58 | Step 1/196 | Loss: 0.5668 | Acc: 80.08%
[2025-05-31 21:19:18,173] INFO: Epoch 58 | Step 101/196 | Loss: 0.5510 | Acc: 80.89%
[2025-05-31 21:19:28,848] INFO: Epoch 58 training completed
[2025-05-31 21:19:30,028] INFO: Test Loss: 0.8389 | Test Acc: 72.00%
[2025-05-31 21:19:30,371] INFO: Epoch 59 | Step 1/196 | Loss: 0.5845 | Acc: 81.64%
[2025-05-31 21:19:41,632] INFO: Epoch 59 | Step 101/196 | Loss: 0.5494 | Acc: 81.05%
[2025-05-31 21:19:52,294] INFO: Epoch 59 training completed
[2025-05-31 21:19:53,483] INFO: Test Loss: 0.9827 | Test Acc: 66.45%
[2025-05-31 21:19:53,831] INFO: Epoch 60 | Step 1/196 | Loss: 0.5137 | Acc: 84.77%
[2025-05-31 21:20:05,092] INFO: Epoch 60 | Step 101/196 | Loss: 0.5467 | Acc: 81.11%
[2025-05-31 21:20:15,748] INFO: Epoch 60 training completed
[2025-05-31 21:20:16,939] INFO: Test Loss: 0.8221 | Test Acc: 72.48%
[2025-05-31 21:20:17,273] INFO: Epoch 61 | Step 1/196 | Loss: 0.5028 | Acc: 82.03%
[2025-05-31 21:20:28,541] INFO: Epoch 61 | Step 101/196 | Loss: 0.5508 | Acc: 80.85%
[2025-05-31 21:20:39,211] INFO: Epoch 61 training completed
[2025-05-31 21:20:40,394] INFO: Test Loss: 0.8359 | Test Acc: 72.24%
[2025-05-31 21:20:40,826] INFO: Epoch 62 | Step 1/196 | Loss: 0.5771 | Acc: 80.08%
[2025-05-31 21:20:52,086] INFO: Epoch 62 | Step 101/196 | Loss: 0.5515 | Acc: 80.98%
[2025-05-31 21:21:02,748] INFO: Epoch 62 training completed
[2025-05-31 21:21:03,934] INFO: Test Loss: 1.0450 | Test Acc: 64.79%
[2025-05-31 21:21:04,289] INFO: Epoch 63 | Step 1/196 | Loss: 0.6125 | Acc: 78.91%
[2025-05-31 21:21:15,556] INFO: Epoch 63 | Step 101/196 | Loss: 0.5372 | Acc: 81.28%
[2025-05-31 21:21:26,210] INFO: Epoch 63 training completed
[2025-05-31 21:21:27,387] INFO: Test Loss: 0.9786 | Test Acc: 68.12%
[2025-05-31 21:21:27,721] INFO: Epoch 64 | Step 1/196 | Loss: 0.5332 | Acc: 81.64%
[2025-05-31 21:21:38,980] INFO: Epoch 64 | Step 101/196 | Loss: 0.5406 | Acc: 81.32%
[2025-05-31 21:21:49,634] INFO: Epoch 64 training completed
[2025-05-31 21:21:50,823] INFO: Test Loss: 1.0261 | Test Acc: 66.80%
[2025-05-31 21:21:51,159] INFO: Epoch 65 | Step 1/196 | Loss: 0.5363 | Acc: 81.25%
[2025-05-31 21:22:02,417] INFO: Epoch 65 | Step 101/196 | Loss: 0.5361 | Acc: 81.34%
[2025-05-31 21:22:13,071] INFO: Epoch 65 training completed
[2025-05-31 21:22:14,252] INFO: Test Loss: 1.5388 | Test Acc: 56.20%
[2025-05-31 21:22:14,694] INFO: Epoch 66 | Step 1/196 | Loss: 0.5021 | Acc: 81.64%
[2025-05-31 21:22:25,976] INFO: Epoch 66 | Step 101/196 | Loss: 0.5420 | Acc: 81.44%
[2025-05-31 21:22:36,635] INFO: Epoch 66 training completed
[2025-05-31 21:22:37,822] INFO: Test Loss: 0.8844 | Test Acc: 71.55%
[2025-05-31 21:22:38,160] INFO: Epoch 67 | Step 1/196 | Loss: 0.5959 | Acc: 80.47%
[2025-05-31 21:22:49,421] INFO: Epoch 67 | Step 101/196 | Loss: 0.5258 | Acc: 81.96%
[2025-05-31 21:23:00,076] INFO: Epoch 67 training completed
[2025-05-31 21:23:01,257] INFO: Test Loss: 0.9741 | Test Acc: 67.97%
[2025-05-31 21:23:01,614] INFO: Epoch 68 | Step 1/196 | Loss: 0.5812 | Acc: 80.08%
[2025-05-31 21:23:12,871] INFO: Epoch 68 | Step 101/196 | Loss: 0.5348 | Acc: 81.33%
[2025-05-31 21:23:23,531] INFO: Epoch 68 training completed
[2025-05-31 21:23:24,727] INFO: Test Loss: 0.9995 | Test Acc: 64.81%
[2025-05-31 21:23:25,072] INFO: Epoch 69 | Step 1/196 | Loss: 0.5108 | Acc: 81.64%
[2025-05-31 21:23:36,335] INFO: Epoch 69 | Step 101/196 | Loss: 0.5250 | Acc: 81.88%
[2025-05-31 21:23:46,986] INFO: Epoch 69 training completed
[2025-05-31 21:23:48,167] INFO: Test Loss: 0.9657 | Test Acc: 67.43%
[2025-05-31 21:23:48,618] INFO: Epoch 70 | Step 1/196 | Loss: 0.5662 | Acc: 80.08%
[2025-05-31 21:23:59,884] INFO: Epoch 70 | Step 101/196 | Loss: 0.5303 | Acc: 81.39%
[2025-05-31 21:24:10,540] INFO: Epoch 70 training completed
[2025-05-31 21:24:11,715] INFO: Test Loss: 1.0174 | Test Acc: 66.77%
[2025-05-31 21:24:12,053] INFO: Epoch 71 | Step 1/196 | Loss: 0.5720 | Acc: 80.47%
[2025-05-31 21:24:23,310] INFO: Epoch 71 | Step 101/196 | Loss: 0.5266 | Acc: 81.78%
[2025-05-31 21:24:33,976] INFO: Epoch 71 training completed
[2025-05-31 21:24:35,153] INFO: Test Loss: 1.0348 | Test Acc: 66.71%
[2025-05-31 21:24:35,498] INFO: Epoch 72 | Step 1/196 | Loss: 0.5259 | Acc: 80.86%
[2025-05-31 21:24:46,766] INFO: Epoch 72 | Step 101/196 | Loss: 0.5291 | Acc: 81.77%
[2025-05-31 21:24:57,415] INFO: Epoch 72 training completed
[2025-05-31 21:24:58,604] INFO: Test Loss: 1.1902 | Test Acc: 62.20%
[2025-05-31 21:24:58,945] INFO: Epoch 73 | Step 1/196 | Loss: 0.5997 | Acc: 78.91%
[2025-05-31 21:25:10,206] INFO: Epoch 73 | Step 101/196 | Loss: 0.5213 | Acc: 81.95%
[2025-05-31 21:25:20,865] INFO: Epoch 73 training completed
[2025-05-31 21:25:22,054] INFO: Test Loss: 0.8010 | Test Acc: 73.49%
[2025-05-31 21:25:22,485] INFO: Epoch 74 | Step 1/196 | Loss: 0.4975 | Acc: 83.98%
[2025-05-31 21:25:33,753] INFO: Epoch 74 | Step 101/196 | Loss: 0.5320 | Acc: 81.55%
[2025-05-31 21:25:44,405] INFO: Epoch 74 training completed
[2025-05-31 21:25:45,585] INFO: Test Loss: 0.6850 | Test Acc: 77.11%
[2025-05-31 21:25:45,687] INFO: New best accuracy: 77.11%, model saved.
[2025-05-31 21:25:46,025] INFO: Epoch 75 | Step 1/196 | Loss: 0.5385 | Acc: 82.42%
[2025-05-31 21:25:57,284] INFO: Epoch 75 | Step 101/196 | Loss: 0.5257 | Acc: 81.90%
[2025-05-31 21:26:07,937] INFO: Epoch 75 training completed
[2025-05-31 21:26:09,120] INFO: Test Loss: 0.9273 | Test Acc: 69.90%
[2025-05-31 21:26:09,477] INFO: Epoch 76 | Step 1/196 | Loss: 0.5197 | Acc: 82.42%
[2025-05-31 21:26:20,735] INFO: Epoch 76 | Step 101/196 | Loss: 0.5339 | Acc: 81.81%
[2025-05-31 21:26:31,395] INFO: Epoch 76 training completed
[2025-05-31 21:26:32,581] INFO: Test Loss: 1.0479 | Test Acc: 66.25%
[2025-05-31 21:26:32,929] INFO: Epoch 77 | Step 1/196 | Loss: 0.4941 | Acc: 82.03%
[2025-05-31 21:26:44,189] INFO: Epoch 77 | Step 101/196 | Loss: 0.5170 | Acc: 81.90%
[2025-05-31 21:26:54,882] INFO: Epoch 77 training completed
[2025-05-31 21:26:56,068] INFO: Test Loss: 0.9320 | Test Acc: 69.47%
[2025-05-31 21:26:56,420] INFO: Epoch 78 | Step 1/196 | Loss: 0.5107 | Acc: 80.47%
[2025-05-31 21:27:07,683] INFO: Epoch 78 | Step 101/196 | Loss: 0.5171 | Acc: 82.04%
[2025-05-31 21:27:18,336] INFO: Epoch 78 training completed
[2025-05-31 21:27:19,526] INFO: Test Loss: 1.8104 | Test Acc: 48.72%
[2025-05-31 21:27:19,872] INFO: Epoch 79 | Step 1/196 | Loss: 0.5525 | Acc: 79.30%
[2025-05-31 21:27:31,131] INFO: Epoch 79 | Step 101/196 | Loss: 0.5195 | Acc: 82.08%
[2025-05-31 21:27:41,788] INFO: Epoch 79 training completed
[2025-05-31 21:27:42,971] INFO: Test Loss: 0.9736 | Test Acc: 67.14%
[2025-05-31 21:27:43,326] INFO: Epoch 80 | Step 1/196 | Loss: 0.5186 | Acc: 80.86%
[2025-05-31 21:27:54,589] INFO: Epoch 80 | Step 101/196 | Loss: 0.5030 | Acc: 82.66%
[2025-05-31 21:28:05,245] INFO: Epoch 80 training completed
[2025-05-31 21:28:06,426] INFO: Test Loss: 2.5144 | Test Acc: 23.73%
[2025-05-31 21:28:06,763] INFO: Epoch 81 | Step 1/196 | Loss: 0.5903 | Acc: 78.91%
[2025-05-31 21:28:18,065] INFO: Epoch 81 | Step 101/196 | Loss: 0.5677 | Acc: 80.00%
[2025-05-31 21:28:28,742] INFO: Epoch 81 training completed
[2025-05-31 21:28:29,934] INFO: Test Loss: 0.9598 | Test Acc: 69.21%
[2025-05-31 21:28:30,262] INFO: Epoch 82 | Step 1/196 | Loss: 0.5506 | Acc: 82.81%
[2025-05-31 21:28:41,523] INFO: Epoch 82 | Step 101/196 | Loss: 0.5181 | Acc: 82.26%
[2025-05-31 21:28:52,175] INFO: Epoch 82 training completed
[2025-05-31 21:28:53,359] INFO: Test Loss: 0.7510 | Test Acc: 74.93%
[2025-05-31 21:28:53,700] INFO: Epoch 83 | Step 1/196 | Loss: 0.6085 | Acc: 80.08%
[2025-05-31 21:29:04,960] INFO: Epoch 83 | Step 101/196 | Loss: 0.5048 | Acc: 82.85%
[2025-05-31 21:29:15,614] INFO: Epoch 83 training completed
[2025-05-31 21:29:16,798] INFO: Test Loss: 0.8008 | Test Acc: 72.68%
[2025-05-31 21:29:17,141] INFO: Epoch 84 | Step 1/196 | Loss: 0.4850 | Acc: 81.64%
[2025-05-31 21:29:28,398] INFO: Epoch 84 | Step 101/196 | Loss: 0.5049 | Acc: 82.77%
[2025-05-31 21:29:39,054] INFO: Epoch 84 training completed
[2025-05-31 21:29:40,235] INFO: Test Loss: 1.0820 | Test Acc: 65.12%
[2025-05-31 21:29:40,566] INFO: Epoch 85 | Step 1/196 | Loss: 0.6384 | Acc: 77.73%
[2025-05-31 21:29:51,885] INFO: Epoch 85 | Step 101/196 | Loss: 0.5086 | Acc: 82.74%
[2025-05-31 21:30:02,534] INFO: Epoch 85 training completed
[2025-05-31 21:30:03,716] INFO: Test Loss: 1.0228 | Test Acc: 67.61%
[2025-05-31 21:30:04,072] INFO: Epoch 86 | Step 1/196 | Loss: 0.5478 | Acc: 82.03%
[2025-05-31 21:30:15,332] INFO: Epoch 86 | Step 101/196 | Loss: 0.5064 | Acc: 82.39%
[2025-05-31 21:30:25,989] INFO: Epoch 86 training completed
[2025-05-31 21:30:27,177] INFO: Test Loss: 0.8452 | Test Acc: 71.67%
[2025-05-31 21:30:27,520] INFO: Epoch 87 | Step 1/196 | Loss: 0.4680 | Acc: 84.38%
[2025-05-31 21:30:38,783] INFO: Epoch 87 | Step 101/196 | Loss: 0.5125 | Acc: 82.49%
[2025-05-31 21:30:49,439] INFO: Epoch 87 training completed
[2025-05-31 21:30:50,625] INFO: Test Loss: 0.9783 | Test Acc: 69.24%
[2025-05-31 21:30:50,966] INFO: Epoch 88 | Step 1/196 | Loss: 0.4607 | Acc: 81.64%
[2025-05-31 21:31:02,231] INFO: Epoch 88 | Step 101/196 | Loss: 0.5215 | Acc: 81.97%
[2025-05-31 21:31:12,886] INFO: Epoch 88 training completed
[2025-05-31 21:31:14,077] INFO: Test Loss: 0.9715 | Test Acc: 67.92%
[2025-05-31 21:31:14,519] INFO: Epoch 89 | Step 1/196 | Loss: 0.5869 | Acc: 77.73%
[2025-05-31 21:31:25,787] INFO: Epoch 89 | Step 101/196 | Loss: 0.4990 | Acc: 82.71%
[2025-05-31 21:31:36,457] INFO: Epoch 89 training completed
[2025-05-31 21:31:37,642] INFO: Test Loss: 1.0664 | Test Acc: 67.87%
[2025-05-31 21:31:37,984] INFO: Epoch 90 | Step 1/196 | Loss: 0.5207 | Acc: 81.64%
[2025-05-31 21:31:49,243] INFO: Epoch 90 | Step 101/196 | Loss: 0.4927 | Acc: 83.11%
[2025-05-31 21:31:59,895] INFO: Epoch 90 training completed
[2025-05-31 21:32:01,082] INFO: Test Loss: 0.8913 | Test Acc: 70.53%
[2025-05-31 21:32:01,443] INFO: Epoch 91 | Step 1/196 | Loss: 0.5324 | Acc: 80.08%
[2025-05-31 21:32:12,700] INFO: Epoch 91 | Step 101/196 | Loss: 0.4964 | Acc: 83.04%
[2025-05-31 21:32:23,357] INFO: Epoch 91 training completed
[2025-05-31 21:32:24,537] INFO: Test Loss: 0.9191 | Test Acc: 69.68%
[2025-05-31 21:32:24,888] INFO: Epoch 92 | Step 1/196 | Loss: 0.4903 | Acc: 86.33%
[2025-05-31 21:32:36,143] INFO: Epoch 92 | Step 101/196 | Loss: 0.5100 | Acc: 82.09%
[2025-05-31 21:32:46,837] INFO: Epoch 92 training completed
[2025-05-31 21:32:48,022] INFO: Test Loss: 0.8246 | Test Acc: 72.60%
[2025-05-31 21:32:48,366] INFO: Epoch 93 | Step 1/196 | Loss: 0.5368 | Acc: 80.47%
[2025-05-31 21:32:59,628] INFO: Epoch 93 | Step 101/196 | Loss: 0.4947 | Acc: 83.01%
[2025-05-31 21:33:10,280] INFO: Epoch 93 training completed
[2025-05-31 21:33:11,494] INFO: Test Loss: 0.7801 | Test Acc: 75.45%
[2025-05-31 21:33:11,861] INFO: Epoch 94 | Step 1/196 | Loss: 0.4965 | Acc: 84.38%
[2025-05-31 21:33:23,119] INFO: Epoch 94 | Step 101/196 | Loss: 0.4873 | Acc: 83.14%
[2025-05-31 21:33:33,774] INFO: Epoch 94 training completed
[2025-05-31 21:33:34,951] INFO: Test Loss: 0.8503 | Test Acc: 71.95%
[2025-05-31 21:33:35,285] INFO: Epoch 95 | Step 1/196 | Loss: 0.4217 | Acc: 85.55%
[2025-05-31 21:33:46,546] INFO: Epoch 95 | Step 101/196 | Loss: 0.4923 | Acc: 83.07%
[2025-05-31 21:33:57,198] INFO: Epoch 95 training completed
[2025-05-31 21:33:58,427] INFO: Test Loss: 0.8612 | Test Acc: 72.28%
[2025-05-31 21:33:58,760] INFO: Epoch 96 | Step 1/196 | Loss: 0.4906 | Acc: 84.77%
[2025-05-31 21:34:10,068] INFO: Epoch 96 | Step 101/196 | Loss: 0.4839 | Acc: 83.20%
[2025-05-31 21:34:20,721] INFO: Epoch 96 training completed
[2025-05-31 21:34:21,906] INFO: Test Loss: 0.6887 | Test Acc: 77.66%
[2025-05-31 21:34:22,007] INFO: New best accuracy: 77.66%, model saved.
[2025-05-31 21:34:22,358] INFO: Epoch 97 | Step 1/196 | Loss: 0.5997 | Acc: 78.52%
[2025-05-31 21:34:33,643] INFO: Epoch 97 | Step 101/196 | Loss: 0.4812 | Acc: 83.18%
[2025-05-31 21:34:44,297] INFO: Epoch 97 training completed
[2025-05-31 21:34:45,472] INFO: Test Loss: 0.8442 | Test Acc: 72.58%
[2025-05-31 21:34:45,827] INFO: Epoch 98 | Step 1/196 | Loss: 0.5543 | Acc: 81.64%
[2025-05-31 21:34:57,087] INFO: Epoch 98 | Step 101/196 | Loss: 0.4886 | Acc: 83.02%
[2025-05-31 21:35:07,745] INFO: Epoch 98 training completed
[2025-05-31 21:35:08,929] INFO: Test Loss: 0.8914 | Test Acc: 70.98%
[2025-05-31 21:35:09,284] INFO: Epoch 99 | Step 1/196 | Loss: 0.4903 | Acc: 84.38%
[2025-05-31 21:35:20,547] INFO: Epoch 99 | Step 101/196 | Loss: 0.4779 | Acc: 83.70%
[2025-05-31 21:35:31,214] INFO: Epoch 99 training completed
[2025-05-31 21:35:32,401] INFO: Test Loss: 1.1446 | Test Acc: 64.42%
[2025-05-31 21:35:32,832] INFO: Epoch 100 | Step 1/196 | Loss: 0.5024 | Acc: 84.77%
[2025-05-31 21:35:44,113] INFO: Epoch 100 | Step 101/196 | Loss: 0.4882 | Acc: 83.12%
[2025-05-31 21:35:54,766] INFO: Epoch 100 training completed
[2025-05-31 21:35:55,938] INFO: Test Loss: 0.8899 | Test Acc: 71.65%
[2025-05-31 21:35:56,294] INFO: Epoch 101 | Step 1/196 | Loss: 0.5707 | Acc: 78.52%
[2025-05-31 21:36:07,561] INFO: Epoch 101 | Step 101/196 | Loss: 0.4766 | Acc: 83.52%
[2025-05-31 21:36:18,220] INFO: Epoch 101 training completed
[2025-05-31 21:36:19,407] INFO: Test Loss: 0.9914 | Test Acc: 68.33%
[2025-05-31 21:36:19,761] INFO: Epoch 102 | Step 1/196 | Loss: 0.4778 | Acc: 84.77%
[2025-05-31 21:36:31,024] INFO: Epoch 102 | Step 101/196 | Loss: 0.4818 | Acc: 83.45%
[2025-05-31 21:36:41,677] INFO: Epoch 102 training completed
[2025-05-31 21:36:42,885] INFO: Test Loss: 0.7898 | Test Acc: 73.89%
[2025-05-31 21:36:43,223] INFO: Epoch 103 | Step 1/196 | Loss: 0.4999 | Acc: 82.03%
[2025-05-31 21:36:54,491] INFO: Epoch 103 | Step 101/196 | Loss: 0.4764 | Acc: 83.68%
[2025-05-31 21:37:05,146] INFO: Epoch 103 training completed
[2025-05-31 21:37:06,331] INFO: Test Loss: 0.7642 | Test Acc: 75.02%
[2025-05-31 21:37:06,781] INFO: Epoch 104 | Step 1/196 | Loss: 0.5036 | Acc: 81.64%
[2025-05-31 21:37:18,046] INFO: Epoch 104 | Step 101/196 | Loss: 0.4730 | Acc: 83.71%
[2025-05-31 21:37:28,721] INFO: Epoch 104 training completed
[2025-05-31 21:37:29,910] INFO: Test Loss: 0.7617 | Test Acc: 75.04%
[2025-05-31 21:37:30,266] INFO: Epoch 105 | Step 1/196 | Loss: 0.3929 | Acc: 87.89%
[2025-05-31 21:37:41,524] INFO: Epoch 105 | Step 101/196 | Loss: 0.4695 | Acc: 83.97%
[2025-05-31 21:37:52,180] INFO: Epoch 105 training completed
[2025-05-31 21:37:53,362] INFO: Test Loss: 0.7221 | Test Acc: 76.18%
[2025-05-31 21:37:53,709] INFO: Epoch 106 | Step 1/196 | Loss: 0.5352 | Acc: 79.30%
[2025-05-31 21:38:04,967] INFO: Epoch 106 | Step 101/196 | Loss: 0.4655 | Acc: 83.91%
[2025-05-31 21:38:15,630] INFO: Epoch 106 training completed
[2025-05-31 21:38:16,818] INFO: Test Loss: 0.8984 | Test Acc: 70.32%
[2025-05-31 21:38:17,161] INFO: Epoch 107 | Step 1/196 | Loss: 0.4617 | Acc: 83.20%
[2025-05-31 21:38:28,422] INFO: Epoch 107 | Step 101/196 | Loss: 0.4647 | Acc: 83.80%
[2025-05-31 21:38:39,080] INFO: Epoch 107 training completed
[2025-05-31 21:38:40,262] INFO: Test Loss: 0.8259 | Test Acc: 73.00%
[2025-05-31 21:38:40,602] INFO: Epoch 108 | Step 1/196 | Loss: 0.4277 | Acc: 87.11%
[2025-05-31 21:38:51,905] INFO: Epoch 108 | Step 101/196 | Loss: 0.4697 | Acc: 83.68%
[2025-05-31 21:39:02,562] INFO: Epoch 108 training completed
[2025-05-31 21:39:03,741] INFO: Test Loss: 0.8103 | Test Acc: 72.85%
[2025-05-31 21:39:04,092] INFO: Epoch 109 | Step 1/196 | Loss: 0.4944 | Acc: 81.25%
[2025-05-31 21:39:15,350] INFO: Epoch 109 | Step 101/196 | Loss: 0.4639 | Acc: 83.94%
[2025-05-31 21:39:26,005] INFO: Epoch 109 training completed
[2025-05-31 21:39:27,193] INFO: Test Loss: 0.7078 | Test Acc: 76.70%
[2025-05-31 21:39:27,529] INFO: Epoch 110 | Step 1/196 | Loss: 0.5207 | Acc: 81.25%
[2025-05-31 21:39:38,787] INFO: Epoch 110 | Step 101/196 | Loss: 0.4660 | Acc: 83.88%
[2025-05-31 21:39:49,447] INFO: Epoch 110 training completed
[2025-05-31 21:39:50,634] INFO: Test Loss: 1.0429 | Test Acc: 67.48%
[2025-05-31 21:39:50,988] INFO: Epoch 111 | Step 1/196 | Loss: 0.5063 | Acc: 81.25%
[2025-05-31 21:40:02,256] INFO: Epoch 111 | Step 101/196 | Loss: 0.4642 | Acc: 83.82%
[2025-05-31 21:40:12,908] INFO: Epoch 111 training completed
[2025-05-31 21:40:14,096] INFO: Test Loss: 0.6760 | Test Acc: 77.79%
[2025-05-31 21:40:14,303] INFO: New best accuracy: 77.79%, model saved.
[2025-05-31 21:40:14,648] INFO: Epoch 112 | Step 1/196 | Loss: 0.4154 | Acc: 84.77%
[2025-05-31 21:40:25,911] INFO: Epoch 112 | Step 101/196 | Loss: 0.4537 | Acc: 84.25%
[2025-05-31 21:40:36,584] INFO: Epoch 112 training completed
[2025-05-31 21:40:37,768] INFO: Test Loss: 0.8682 | Test Acc: 72.01%
[2025-05-31 21:40:38,120] INFO: Epoch 113 | Step 1/196 | Loss: 0.4709 | Acc: 83.59%
[2025-05-31 21:40:49,383] INFO: Epoch 113 | Step 101/196 | Loss: 0.4640 | Acc: 83.88%
[2025-05-31 21:41:00,042] INFO: Epoch 113 training completed
[2025-05-31 21:41:01,232] INFO: Test Loss: 0.6411 | Test Acc: 78.47%
[2025-05-31 21:41:01,333] INFO: New best accuracy: 78.47%, model saved.
[2025-05-31 21:41:01,686] INFO: Epoch 114 | Step 1/196 | Loss: 0.4401 | Acc: 86.33%
[2025-05-31 21:41:12,954] INFO: Epoch 114 | Step 101/196 | Loss: 0.4531 | Acc: 84.34%
[2025-05-31 21:41:23,614] INFO: Epoch 114 training completed
[2025-05-31 21:41:24,800] INFO: Test Loss: 0.7316 | Test Acc: 76.47%
[2025-05-31 21:41:25,138] INFO: Epoch 115 | Step 1/196 | Loss: 0.3721 | Acc: 88.28%
[2025-05-31 21:41:36,405] INFO: Epoch 115 | Step 101/196 | Loss: 0.4522 | Acc: 84.49%
[2025-05-31 21:41:47,098] INFO: Epoch 115 training completed
[2025-05-31 21:41:48,277] INFO: Test Loss: 0.6079 | Test Acc: 79.68%
[2025-05-31 21:41:48,377] INFO: New best accuracy: 79.68%, model saved.
[2025-05-31 21:41:48,743] INFO: Epoch 116 | Step 1/196 | Loss: 0.4456 | Acc: 83.98%
[2025-05-31 21:42:00,013] INFO: Epoch 116 | Step 101/196 | Loss: 0.4533 | Acc: 84.43%
[2025-05-31 21:42:10,672] INFO: Epoch 116 training completed
[2025-05-31 21:42:11,865] INFO: Test Loss: 0.7034 | Test Acc: 76.53%
[2025-05-31 21:42:12,225] INFO: Epoch 117 | Step 1/196 | Loss: 0.3822 | Acc: 87.50%
[2025-05-31 21:42:23,492] INFO: Epoch 117 | Step 101/196 | Loss: 0.4434 | Acc: 84.78%
[2025-05-31 21:42:34,147] INFO: Epoch 117 training completed
[2025-05-31 21:42:35,330] INFO: Test Loss: 1.0134 | Test Acc: 67.93%
[2025-05-31 21:42:35,694] INFO: Epoch 118 | Step 1/196 | Loss: 0.5335 | Acc: 82.81%
[2025-05-31 21:42:46,958] INFO: Epoch 118 | Step 101/196 | Loss: 0.4481 | Acc: 84.69%
[2025-05-31 21:42:57,616] INFO: Epoch 118 training completed
[2025-05-31 21:42:58,793] INFO: Test Loss: 0.8367 | Test Acc: 71.46%
[2025-05-31 21:42:59,218] INFO: Epoch 119 | Step 1/196 | Loss: 0.4530 | Acc: 82.42%
[2025-05-31 21:43:10,487] INFO: Epoch 119 | Step 101/196 | Loss: 0.4394 | Acc: 84.99%
[2025-05-31 21:43:21,143] INFO: Epoch 119 training completed
[2025-05-31 21:43:22,326] INFO: Test Loss: 0.8823 | Test Acc: 71.69%
[2025-05-31 21:43:22,670] INFO: Epoch 120 | Step 1/196 | Loss: 0.4809 | Acc: 82.81%
[2025-05-31 21:43:33,949] INFO: Epoch 120 | Step 101/196 | Loss: 0.4359 | Acc: 85.04%
[2025-05-31 21:43:44,610] INFO: Epoch 120 training completed
[2025-05-31 21:43:45,792] INFO: Test Loss: 0.5960 | Test Acc: 80.82%
[2025-05-31 21:43:45,895] INFO: New best accuracy: 80.82%, model saved.
[2025-05-31 21:43:46,249] INFO: Epoch 121 | Step 1/196 | Loss: 0.4221 | Acc: 86.72%
[2025-05-31 21:43:57,517] INFO: Epoch 121 | Step 101/196 | Loss: 0.4381 | Acc: 84.86%
[2025-05-31 21:44:08,171] INFO: Epoch 121 training completed
[2025-05-31 21:44:09,360] INFO: Test Loss: 0.6097 | Test Acc: 79.61%
[2025-05-31 21:44:09,710] INFO: Epoch 122 | Step 1/196 | Loss: 0.3291 | Acc: 90.62%
[2025-05-31 21:44:21,015] INFO: Epoch 122 | Step 101/196 | Loss: 0.4388 | Acc: 84.75%
[2025-05-31 21:44:31,673] INFO: Epoch 122 training completed
[2025-05-31 21:44:32,861] INFO: Test Loss: 0.8031 | Test Acc: 73.95%
[2025-05-31 21:44:33,196] INFO: Epoch 123 | Step 1/196 | Loss: 0.4308 | Acc: 86.33%
[2025-05-31 21:44:44,472] INFO: Epoch 123 | Step 101/196 | Loss: 0.4295 | Acc: 85.38%
[2025-05-31 21:44:55,131] INFO: Epoch 123 training completed
[2025-05-31 21:44:56,319] INFO: Test Loss: 0.7410 | Test Acc: 76.16%
[2025-05-31 21:44:56,656] INFO: Epoch 124 | Step 1/196 | Loss: 0.4413 | Acc: 83.98%
[2025-05-31 21:45:07,922] INFO: Epoch 124 | Step 101/196 | Loss: 0.4316 | Acc: 85.08%
[2025-05-31 21:45:18,587] INFO: Epoch 124 training completed
[2025-05-31 21:45:19,773] INFO: Test Loss: 0.9235 | Test Acc: 69.17%
[2025-05-31 21:45:20,108] INFO: Epoch 125 | Step 1/196 | Loss: 0.3675 | Acc: 89.06%
[2025-05-31 21:45:31,370] INFO: Epoch 125 | Step 101/196 | Loss: 0.4272 | Acc: 85.31%
[2025-05-31 21:45:42,063] INFO: Epoch 125 training completed
[2025-05-31 21:45:43,250] INFO: Test Loss: 0.5774 | Test Acc: 81.06%
[2025-05-31 21:45:43,351] INFO: New best accuracy: 81.06%, model saved.
[2025-05-31 21:45:43,750] INFO: Epoch 126 | Step 1/196 | Loss: 0.3605 | Acc: 85.94%
[2025-05-31 21:45:55,013] INFO: Epoch 126 | Step 101/196 | Loss: 0.4209 | Acc: 85.58%
[2025-05-31 21:46:05,670] INFO: Epoch 126 training completed
[2025-05-31 21:46:06,849] INFO: Test Loss: 0.8726 | Test Acc: 70.92%
[2025-05-31 21:46:07,206] INFO: Epoch 127 | Step 1/196 | Loss: 0.4133 | Acc: 85.16%
[2025-05-31 21:46:18,478] INFO: Epoch 127 | Step 101/196 | Loss: 0.4155 | Acc: 85.67%
[2025-05-31 21:46:29,135] INFO: Epoch 127 training completed
[2025-05-31 21:46:30,318] INFO: Test Loss: 0.7517 | Test Acc: 75.47%
[2025-05-31 21:46:30,665] INFO: Epoch 128 | Step 1/196 | Loss: 0.4546 | Acc: 85.94%
[2025-05-31 21:46:41,938] INFO: Epoch 128 | Step 101/196 | Loss: 0.4164 | Acc: 85.83%
[2025-05-31 21:46:52,599] INFO: Epoch 128 training completed
[2025-05-31 21:46:53,792] INFO: Test Loss: 0.9554 | Test Acc: 68.38%
[2025-05-31 21:46:54,129] INFO: Epoch 129 | Step 1/196 | Loss: 0.5138 | Acc: 85.55%
[2025-05-31 21:47:05,398] INFO: Epoch 129 | Step 101/196 | Loss: 0.4256 | Acc: 85.31%
[2025-05-31 21:47:16,063] INFO: Epoch 129 training completed
[2025-05-31 21:47:17,257] INFO: Test Loss: 0.6335 | Test Acc: 79.49%
[2025-05-31 21:47:17,685] INFO: Epoch 130 | Step 1/196 | Loss: 0.4253 | Acc: 83.98%
[2025-05-31 21:47:28,966] INFO: Epoch 130 | Step 101/196 | Loss: 0.4152 | Acc: 85.73%
[2025-05-31 21:47:39,640] INFO: Epoch 130 training completed
[2025-05-31 21:47:40,829] INFO: Test Loss: 0.6162 | Test Acc: 79.14%
[2025-05-31 21:47:41,175] INFO: Epoch 131 | Step 1/196 | Loss: 0.3893 | Acc: 89.06%
[2025-05-31 21:47:52,439] INFO: Epoch 131 | Step 101/196 | Loss: 0.4109 | Acc: 85.72%
[2025-05-31 21:48:03,092] INFO: Epoch 131 training completed
[2025-05-31 21:48:04,283] INFO: Test Loss: 0.7218 | Test Acc: 76.22%
[2025-05-31 21:48:04,630] INFO: Epoch 132 | Step 1/196 | Loss: 0.4125 | Acc: 86.33%
[2025-05-31 21:48:15,901] INFO: Epoch 132 | Step 101/196 | Loss: 0.4023 | Acc: 86.33%
[2025-05-31 21:48:26,559] INFO: Epoch 132 training completed
[2025-05-31 21:48:27,740] INFO: Test Loss: 0.7148 | Test Acc: 76.47%
[2025-05-31 21:48:28,080] INFO: Epoch 133 | Step 1/196 | Loss: 0.3283 | Acc: 87.50%
[2025-05-31 21:48:39,342] INFO: Epoch 133 | Step 101/196 | Loss: 0.4030 | Acc: 86.15%
[2025-05-31 21:48:50,004] INFO: Epoch 133 training completed
[2025-05-31 21:48:51,184] INFO: Test Loss: 0.7014 | Test Acc: 77.43%
[2025-05-31 21:48:51,631] INFO: Epoch 134 | Step 1/196 | Loss: 0.3713 | Acc: 89.84%
[2025-05-31 21:49:02,898] INFO: Epoch 134 | Step 101/196 | Loss: 0.3968 | Acc: 86.31%
[2025-05-31 21:49:13,559] INFO: Epoch 134 training completed
[2025-05-31 21:49:14,742] INFO: Test Loss: 0.6341 | Test Acc: 80.01%
[2025-05-31 21:49:15,087] INFO: Epoch 135 | Step 1/196 | Loss: 0.3897 | Acc: 87.89%
[2025-05-31 21:49:26,358] INFO: Epoch 135 | Step 101/196 | Loss: 0.4003 | Acc: 86.20%
[2025-05-31 21:49:37,035] INFO: Epoch 135 training completed
[2025-05-31 21:49:38,220] INFO: Test Loss: 0.7107 | Test Acc: 76.90%
[2025-05-31 21:49:38,557] INFO: Epoch 136 | Step 1/196 | Loss: 0.3305 | Acc: 89.06%
[2025-05-31 21:49:49,824] INFO: Epoch 136 | Step 101/196 | Loss: 0.3999 | Acc: 86.20%
[2025-05-31 21:50:00,493] INFO: Epoch 136 training completed
[2025-05-31 21:50:01,685] INFO: Test Loss: 0.5645 | Test Acc: 81.51%
[2025-05-31 21:50:01,785] INFO: New best accuracy: 81.51%, model saved.
[2025-05-31 21:50:02,125] INFO: Epoch 137 | Step 1/196 | Loss: 0.2796 | Acc: 91.80%
[2025-05-31 21:50:13,386] INFO: Epoch 137 | Step 101/196 | Loss: 0.3945 | Acc: 86.56%
[2025-05-31 21:50:24,087] INFO: Epoch 137 training completed
[2025-05-31 21:50:25,282] INFO: Test Loss: 0.7323 | Test Acc: 75.73%
[2025-05-31 21:50:25,622] INFO: Epoch 138 | Step 1/196 | Loss: 0.3641 | Acc: 87.50%
[2025-05-31 21:50:36,886] INFO: Epoch 138 | Step 101/196 | Loss: 0.3841 | Acc: 86.91%
[2025-05-31 21:50:47,563] INFO: Epoch 138 training completed
[2025-05-31 21:50:48,743] INFO: Test Loss: 0.5613 | Test Acc: 81.20%
[2025-05-31 21:50:49,106] INFO: Epoch 139 | Step 1/196 | Loss: 0.3351 | Acc: 89.84%
[2025-05-31 21:51:00,370] INFO: Epoch 139 | Step 101/196 | Loss: 0.3780 | Acc: 87.26%
[2025-05-31 21:51:11,041] INFO: Epoch 139 training completed
[2025-05-31 21:51:12,225] INFO: Test Loss: 0.7094 | Test Acc: 76.72%
[2025-05-31 21:51:12,575] INFO: Epoch 140 | Step 1/196 | Loss: 0.4068 | Acc: 87.50%
[2025-05-31 21:51:23,841] INFO: Epoch 140 | Step 101/196 | Loss: 0.3786 | Acc: 87.09%
[2025-05-31 21:51:34,498] INFO: Epoch 140 training completed
[2025-05-31 21:51:35,680] INFO: Test Loss: 0.5987 | Test Acc: 80.29%
[2025-05-31 21:51:36,016] INFO: Epoch 141 | Step 1/196 | Loss: 0.3430 | Acc: 87.89%
[2025-05-31 21:51:47,279] INFO: Epoch 141 | Step 101/196 | Loss: 0.3808 | Acc: 86.97%
[2025-05-31 21:51:57,987] INFO: Epoch 141 training completed
[2025-05-31 21:51:59,177] INFO: Test Loss: 1.1559 | Test Acc: 65.03%
[2025-05-31 21:51:59,508] INFO: Epoch 142 | Step 1/196 | Loss: 0.4185 | Acc: 84.38%
[2025-05-31 21:52:10,773] INFO: Epoch 142 | Step 101/196 | Loss: 0.3673 | Acc: 87.36%
[2025-05-31 21:52:21,452] INFO: Epoch 142 training completed
[2025-05-31 21:52:22,643] INFO: Test Loss: 0.5886 | Test Acc: 81.40%
[2025-05-31 21:52:22,998] INFO: Epoch 143 | Step 1/196 | Loss: 0.2664 | Acc: 92.97%
[2025-05-31 21:52:34,270] INFO: Epoch 143 | Step 101/196 | Loss: 0.3727 | Acc: 87.27%
[2025-05-31 21:52:44,936] INFO: Epoch 143 training completed
[2025-05-31 21:52:46,120] INFO: Test Loss: 0.6805 | Test Acc: 77.91%
[2025-05-31 21:52:46,469] INFO: Epoch 144 | Step 1/196 | Loss: 0.3375 | Acc: 87.11%
[2025-05-31 21:52:57,736] INFO: Epoch 144 | Step 101/196 | Loss: 0.3692 | Acc: 87.22%
[2025-05-31 21:53:08,402] INFO: Epoch 144 training completed
[2025-05-31 21:53:09,596] INFO: Test Loss: 0.5504 | Test Acc: 82.72%
[2025-05-31 21:53:09,697] INFO: New best accuracy: 82.72%, model saved.
[2025-05-31 21:53:10,043] INFO: Epoch 145 | Step 1/196 | Loss: 0.3200 | Acc: 89.45%
[2025-05-31 21:53:21,350] INFO: Epoch 145 | Step 101/196 | Loss: 0.3671 | Acc: 87.36%
[2025-05-31 21:53:32,007] INFO: Epoch 145 training completed
[2025-05-31 21:53:33,184] INFO: Test Loss: 0.6334 | Test Acc: 78.46%
[2025-05-31 21:53:33,523] INFO: Epoch 146 | Step 1/196 | Loss: 0.4251 | Acc: 83.20%
[2025-05-31 21:53:44,793] INFO: Epoch 146 | Step 101/196 | Loss: 0.3564 | Acc: 87.96%
[2025-05-31 21:53:55,449] INFO: Epoch 146 training completed
[2025-05-31 21:53:56,630] INFO: Test Loss: 0.5170 | Test Acc: 82.79%
[2025-05-31 21:53:56,732] INFO: New best accuracy: 82.79%, model saved.
[2025-05-31 21:53:57,075] INFO: Epoch 147 | Step 1/196 | Loss: 0.3636 | Acc: 87.89%
[2025-05-31 21:54:08,342] INFO: Epoch 147 | Step 101/196 | Loss: 0.3527 | Acc: 87.99%
[2025-05-31 21:54:19,006] INFO: Epoch 147 training completed
[2025-05-31 21:54:20,185] INFO: Test Loss: 0.5964 | Test Acc: 80.86%
[2025-05-31 21:54:20,531] INFO: Epoch 148 | Step 1/196 | Loss: 0.3313 | Acc: 87.89%
[2025-05-31 21:54:31,801] INFO: Epoch 148 | Step 101/196 | Loss: 0.3569 | Acc: 88.01%
[2025-05-31 21:54:42,459] INFO: Epoch 148 training completed
[2025-05-31 21:54:43,655] INFO: Test Loss: 0.6488 | Test Acc: 79.11%
[2025-05-31 21:54:44,065] INFO: Epoch 149 | Step 1/196 | Loss: 0.3755 | Acc: 85.16%
[2025-05-31 21:54:55,335] INFO: Epoch 149 | Step 101/196 | Loss: 0.3457 | Acc: 88.29%
[2025-05-31 21:55:05,997] INFO: Epoch 149 training completed
[2025-05-31 21:55:07,184] INFO: Test Loss: 0.5355 | Test Acc: 82.49%
[2025-05-31 21:55:07,527] INFO: Epoch 150 | Step 1/196 | Loss: 0.3134 | Acc: 89.45%
[2025-05-31 21:55:18,795] INFO: Epoch 150 | Step 101/196 | Loss: 0.3488 | Acc: 87.96%
[2025-05-31 21:55:29,453] INFO: Epoch 150 training completed
[2025-05-31 21:55:30,636] INFO: Test Loss: 0.5121 | Test Acc: 83.76%
[2025-05-31 21:55:30,738] INFO: New best accuracy: 83.76%, model saved.
[2025-05-31 21:55:31,096] INFO: Epoch 151 | Step 1/196 | Loss: 0.3057 | Acc: 89.84%
[2025-05-31 21:55:42,375] INFO: Epoch 151 | Step 101/196 | Loss: 0.3401 | Acc: 88.45%
[2025-05-31 21:55:53,043] INFO: Epoch 151 training completed
[2025-05-31 21:55:54,225] INFO: Test Loss: 0.5792 | Test Acc: 81.32%
[2025-05-31 21:55:54,574] INFO: Epoch 152 | Step 1/196 | Loss: 0.2824 | Acc: 90.62%
[2025-05-31 21:56:05,842] INFO: Epoch 152 | Step 101/196 | Loss: 0.3301 | Acc: 88.69%
[2025-05-31 21:56:16,543] INFO: Epoch 152 training completed
[2025-05-31 21:56:17,728] INFO: Test Loss: 0.4826 | Test Acc: 84.32%
[2025-05-31 21:56:17,831] INFO: New best accuracy: 84.32%, model saved.
[2025-05-31 21:56:18,179] INFO: Epoch 153 | Step 1/196 | Loss: 0.3396 | Acc: 89.06%
[2025-05-31 21:56:29,440] INFO: Epoch 153 | Step 101/196 | Loss: 0.3372 | Acc: 88.65%
[2025-05-31 21:56:40,101] INFO: Epoch 153 training completed
[2025-05-31 21:56:41,284] INFO: Test Loss: 0.5246 | Test Acc: 83.08%
[2025-05-31 21:56:41,621] INFO: Epoch 154 | Step 1/196 | Loss: 0.3369 | Acc: 87.50%
[2025-05-31 21:56:52,884] INFO: Epoch 154 | Step 101/196 | Loss: 0.3257 | Acc: 89.04%
[2025-05-31 21:57:03,548] INFO: Epoch 154 training completed
[2025-05-31 21:57:04,732] INFO: Test Loss: 0.5722 | Test Acc: 81.31%
[2025-05-31 21:57:05,068] INFO: Epoch 155 | Step 1/196 | Loss: 0.3717 | Acc: 87.50%
[2025-05-31 21:57:16,331] INFO: Epoch 155 | Step 101/196 | Loss: 0.3251 | Acc: 88.91%
[2025-05-31 21:57:26,989] INFO: Epoch 155 training completed
[2025-05-31 21:57:28,173] INFO: Test Loss: 0.4844 | Test Acc: 84.51%
[2025-05-31 21:57:28,275] INFO: New best accuracy: 84.51%, model saved.
[2025-05-31 21:57:28,715] INFO: Epoch 156 | Step 1/196 | Loss: 0.3767 | Acc: 87.89%
[2025-05-31 21:57:39,980] INFO: Epoch 156 | Step 101/196 | Loss: 0.3261 | Acc: 88.79%
[2025-05-31 21:57:50,636] INFO: Epoch 156 training completed
[2025-05-31 21:57:51,821] INFO: Test Loss: 0.5718 | Test Acc: 81.66%
[2025-05-31 21:57:52,173] INFO: Epoch 157 | Step 1/196 | Loss: 0.2729 | Acc: 92.19%
[2025-05-31 21:58:03,436] INFO: Epoch 157 | Step 101/196 | Loss: 0.3209 | Acc: 89.16%
[2025-05-31 21:58:14,093] INFO: Epoch 157 training completed
[2025-05-31 21:58:15,271] INFO: Test Loss: 0.4382 | Test Acc: 85.94%
[2025-05-31 21:58:15,373] INFO: New best accuracy: 85.94%, model saved.
[2025-05-31 21:58:15,709] INFO: Epoch 158 | Step 1/196 | Loss: 0.2363 | Acc: 92.97%
[2025-05-31 21:58:26,977] INFO: Epoch 158 | Step 101/196 | Loss: 0.3180 | Acc: 89.24%
[2025-05-31 21:58:37,638] INFO: Epoch 158 training completed
[2025-05-31 21:58:38,845] INFO: Test Loss: 0.4957 | Test Acc: 84.12%
[2025-05-31 21:58:39,196] INFO: Epoch 159 | Step 1/196 | Loss: 0.2462 | Acc: 93.36%
[2025-05-31 21:58:50,464] INFO: Epoch 159 | Step 101/196 | Loss: 0.2999 | Acc: 89.95%
[2025-05-31 21:59:01,165] INFO: Epoch 159 training completed
[2025-05-31 21:59:02,345] INFO: Test Loss: 0.3942 | Test Acc: 87.44%
[2025-05-31 21:59:02,447] INFO: New best accuracy: 87.44%, model saved.
[2025-05-31 21:59:02,781] INFO: Epoch 160 | Step 1/196 | Loss: 0.3107 | Acc: 88.67%
[2025-05-31 21:59:14,046] INFO: Epoch 160 | Step 101/196 | Loss: 0.3018 | Acc: 89.84%
[2025-05-31 21:59:24,709] INFO: Epoch 160 training completed
[2025-05-31 21:59:25,886] INFO: Test Loss: 0.5174 | Test Acc: 83.37%
[2025-05-31 21:59:26,248] INFO: Epoch 161 | Step 1/196 | Loss: 0.2493 | Acc: 92.58%
[2025-05-31 21:59:37,517] INFO: Epoch 161 | Step 101/196 | Loss: 0.2976 | Acc: 89.91%
[2025-05-31 21:59:48,181] INFO: Epoch 161 training completed
[2025-05-31 21:59:49,368] INFO: Test Loss: 0.4710 | Test Acc: 85.22%
[2025-05-31 21:59:49,711] INFO: Epoch 162 | Step 1/196 | Loss: 0.3097 | Acc: 90.62%
[2025-05-31 22:00:00,979] INFO: Epoch 162 | Step 101/196 | Loss: 0.2950 | Acc: 90.04%
[2025-05-31 22:00:11,640] INFO: Epoch 162 training completed
[2025-05-31 22:00:12,816] INFO: Test Loss: 0.4319 | Test Acc: 86.29%
[2025-05-31 22:00:13,153] INFO: Epoch 163 | Step 1/196 | Loss: 0.2532 | Acc: 91.41%
[2025-05-31 22:00:24,463] INFO: Epoch 163 | Step 101/196 | Loss: 0.2932 | Acc: 90.19%
[2025-05-31 22:00:35,126] INFO: Epoch 163 training completed
[2025-05-31 22:00:36,316] INFO: Test Loss: 0.4533 | Test Acc: 85.93%
[2025-05-31 22:00:36,663] INFO: Epoch 164 | Step 1/196 | Loss: 0.2695 | Acc: 89.84%
[2025-05-31 22:00:47,932] INFO: Epoch 164 | Step 101/196 | Loss: 0.2791 | Acc: 90.75%
[2025-05-31 22:00:58,595] INFO: Epoch 164 training completed
[2025-05-31 22:00:59,782] INFO: Test Loss: 0.4954 | Test Acc: 84.14%
[2025-05-31 22:01:00,130] INFO: Epoch 165 | Step 1/196 | Loss: 0.2890 | Acc: 91.41%
[2025-05-31 22:01:11,392] INFO: Epoch 165 | Step 101/196 | Loss: 0.2851 | Acc: 90.39%
[2025-05-31 22:01:22,050] INFO: Epoch 165 training completed
[2025-05-31 22:01:23,227] INFO: Test Loss: 0.4437 | Test Acc: 86.08%
[2025-05-31 22:01:23,574] INFO: Epoch 166 | Step 1/196 | Loss: 0.2578 | Acc: 90.23%
[2025-05-31 22:01:34,844] INFO: Epoch 166 | Step 101/196 | Loss: 0.2744 | Acc: 90.69%
[2025-05-31 22:01:45,519] INFO: Epoch 166 training completed
[2025-05-31 22:01:46,701] INFO: Test Loss: 0.3859 | Test Acc: 87.54%
[2025-05-31 22:01:46,895] INFO: New best accuracy: 87.54%, model saved.
[2025-05-31 22:01:47,233] INFO: Epoch 167 | Step 1/196 | Loss: 0.2292 | Acc: 93.75%
[2025-05-31 22:01:58,495] INFO: Epoch 167 | Step 101/196 | Loss: 0.2666 | Acc: 91.22%
[2025-05-31 22:02:09,160] INFO: Epoch 167 training completed
[2025-05-31 22:02:10,351] INFO: Test Loss: 0.4342 | Test Acc: 86.32%
[2025-05-31 22:02:10,702] INFO: Epoch 168 | Step 1/196 | Loss: 0.2369 | Acc: 92.58%
[2025-05-31 22:02:21,970] INFO: Epoch 168 | Step 101/196 | Loss: 0.2679 | Acc: 90.96%
[2025-05-31 22:02:32,624] INFO: Epoch 168 training completed
[2025-05-31 22:02:33,808] INFO: Test Loss: 0.4241 | Test Acc: 86.79%
[2025-05-31 22:02:34,153] INFO: Epoch 169 | Step 1/196 | Loss: 0.2848 | Acc: 90.62%
[2025-05-31 22:02:45,418] INFO: Epoch 169 | Step 101/196 | Loss: 0.2594 | Acc: 91.26%
[2025-05-31 22:02:56,080] INFO: Epoch 169 training completed
[2025-05-31 22:02:57,259] INFO: Test Loss: 0.4272 | Test Acc: 86.84%
[2025-05-31 22:02:57,613] INFO: Epoch 170 | Step 1/196 | Loss: 0.2657 | Acc: 90.62%
[2025-05-31 22:03:08,879] INFO: Epoch 170 | Step 101/196 | Loss: 0.2574 | Acc: 91.34%
[2025-05-31 22:03:19,593] INFO: Epoch 170 training completed
[2025-05-31 22:03:20,779] INFO: Test Loss: 0.4007 | Test Acc: 87.40%
[2025-05-31 22:03:21,124] INFO: Epoch 171 | Step 1/196 | Loss: 0.2377 | Acc: 91.80%
[2025-05-31 22:03:32,397] INFO: Epoch 171 | Step 101/196 | Loss: 0.2545 | Acc: 91.58%
[2025-05-31 22:03:43,054] INFO: Epoch 171 training completed
[2025-05-31 22:03:44,235] INFO: Test Loss: 0.3803 | Test Acc: 87.95%
[2025-05-31 22:03:44,336] INFO: New best accuracy: 87.95%, model saved.
[2025-05-31 22:03:44,676] INFO: Epoch 172 | Step 1/196 | Loss: 0.2438 | Acc: 91.80%
[2025-05-31 22:03:55,940] INFO: Epoch 172 | Step 101/196 | Loss: 0.2407 | Acc: 92.26%
[2025-05-31 22:04:06,610] INFO: Epoch 172 training completed
[2025-05-31 22:04:07,788] INFO: Test Loss: 0.4546 | Test Acc: 85.93%
[2025-05-31 22:04:08,124] INFO: Epoch 173 | Step 1/196 | Loss: 0.2661 | Acc: 91.41%
[2025-05-31 22:04:19,385] INFO: Epoch 173 | Step 101/196 | Loss: 0.2401 | Acc: 92.00%
[2025-05-31 22:04:30,044] INFO: Epoch 173 training completed
[2025-05-31 22:04:31,224] INFO: Test Loss: 0.3704 | Test Acc: 87.92%
[2025-05-31 22:04:31,656] INFO: Epoch 174 | Step 1/196 | Loss: 0.2075 | Acc: 93.75%
[2025-05-31 22:04:42,951] INFO: Epoch 174 | Step 101/196 | Loss: 0.2376 | Acc: 92.16%
[2025-05-31 22:04:53,608] INFO: Epoch 174 training completed
[2025-05-31 22:04:54,805] INFO: Test Loss: 0.3668 | Test Acc: 88.47%
[2025-05-31 22:04:54,907] INFO: New best accuracy: 88.47%, model saved.
[2025-05-31 22:04:55,247] INFO: Epoch 175 | Step 1/196 | Loss: 0.1958 | Acc: 92.97%
[2025-05-31 22:05:06,507] INFO: Epoch 175 | Step 101/196 | Loss: 0.2264 | Acc: 92.61%
[2025-05-31 22:05:17,201] INFO: Epoch 175 training completed
[2025-05-31 22:05:18,411] INFO: Test Loss: 0.3851 | Test Acc: 87.95%
[2025-05-31 22:05:18,775] INFO: Epoch 176 | Step 1/196 | Loss: 0.1850 | Acc: 94.14%
[2025-05-31 22:05:30,053] INFO: Epoch 176 | Step 101/196 | Loss: 0.2250 | Acc: 92.66%
[2025-05-31 22:05:40,789] INFO: Epoch 176 training completed
[2025-05-31 22:05:42,008] INFO: Test Loss: 0.3687 | Test Acc: 88.47%
[2025-05-31 22:05:42,384] INFO: Epoch 177 | Step 1/196 | Loss: 0.2171 | Acc: 92.19%
[2025-05-31 22:05:53,676] INFO: Epoch 177 | Step 101/196 | Loss: 0.2171 | Acc: 93.02%
[2025-05-31 22:06:04,391] INFO: Epoch 177 training completed
[2025-05-31 22:06:05,579] INFO: Test Loss: 0.3456 | Test Acc: 89.76%
[2025-05-31 22:06:05,680] INFO: New best accuracy: 89.76%, model saved.
[2025-05-31 22:06:06,009] INFO: Epoch 178 | Step 1/196 | Loss: 0.1806 | Acc: 94.92%
[2025-05-31 22:06:17,281] INFO: Epoch 178 | Step 101/196 | Loss: 0.2165 | Acc: 93.17%
[2025-05-31 22:06:27,943] INFO: Epoch 178 training completed
[2025-05-31 22:06:29,125] INFO: Test Loss: 0.3449 | Test Acc: 89.35%
[2025-05-31 22:06:29,472] INFO: Epoch 179 | Step 1/196 | Loss: 0.2162 | Acc: 93.75%
[2025-05-31 22:06:40,748] INFO: Epoch 179 | Step 101/196 | Loss: 0.2025 | Acc: 93.66%
[2025-05-31 22:06:51,406] INFO: Epoch 179 training completed
[2025-05-31 22:06:52,597] INFO: Test Loss: 0.3470 | Test Acc: 89.08%
[2025-05-31 22:06:52,935] INFO: Epoch 180 | Step 1/196 | Loss: 0.1885 | Acc: 93.36%
[2025-05-31 22:07:04,198] INFO: Epoch 180 | Step 101/196 | Loss: 0.2035 | Acc: 93.47%
[2025-05-31 22:07:14,865] INFO: Epoch 180 training completed
[2025-05-31 22:07:16,044] INFO: Test Loss: 0.3298 | Test Acc: 89.77%
[2025-05-31 22:07:16,145] INFO: New best accuracy: 89.77%, model saved.
[2025-05-31 22:07:16,569] INFO: Epoch 181 | Step 1/196 | Loss: 0.1785 | Acc: 94.14%
[2025-05-31 22:07:27,832] INFO: Epoch 181 | Step 101/196 | Loss: 0.1991 | Acc: 93.64%
[2025-05-31 22:07:38,495] INFO: Epoch 181 training completed
[2025-05-31 22:07:39,682] INFO: Test Loss: 0.3448 | Test Acc: 89.60%
[2025-05-31 22:07:40,029] INFO: Epoch 182 | Step 1/196 | Loss: 0.2255 | Acc: 92.58%
[2025-05-31 22:07:51,316] INFO: Epoch 182 | Step 101/196 | Loss: 0.1906 | Acc: 93.94%
[2025-05-31 22:08:01,977] INFO: Epoch 182 training completed
[2025-05-31 22:08:03,161] INFO: Test Loss: 0.3358 | Test Acc: 89.56%
[2025-05-31 22:08:03,510] INFO: Epoch 183 | Step 1/196 | Loss: 0.1777 | Acc: 93.75%
[2025-05-31 22:08:14,773] INFO: Epoch 183 | Step 101/196 | Loss: 0.1893 | Acc: 94.01%
[2025-05-31 22:08:25,430] INFO: Epoch 183 training completed
[2025-05-31 22:08:26,623] INFO: Test Loss: 0.3186 | Test Acc: 90.48%
[2025-05-31 22:08:26,724] INFO: New best accuracy: 90.48%, model saved.
[2025-05-31 22:08:27,064] INFO: Epoch 184 | Step 1/196 | Loss: 0.1659 | Acc: 94.53%
[2025-05-31 22:08:38,330] INFO: Epoch 184 | Step 101/196 | Loss: 0.1793 | Acc: 94.47%
[2025-05-31 22:08:49,031] INFO: Epoch 184 training completed
[2025-05-31 22:08:50,215] INFO: Test Loss: 0.3084 | Test Acc: 90.76%
[2025-05-31 22:08:50,317] INFO: New best accuracy: 90.76%, model saved.
[2025-05-31 22:08:50,663] INFO: Epoch 185 | Step 1/196 | Loss: 0.1862 | Acc: 93.75%
[2025-05-31 22:09:01,925] INFO: Epoch 185 | Step 101/196 | Loss: 0.1726 | Acc: 94.65%
[2025-05-31 22:09:12,589] INFO: Epoch 185 training completed
[2025-05-31 22:09:13,774] INFO: Test Loss: 0.3159 | Test Acc: 90.29%
[2025-05-31 22:09:14,117] INFO: Epoch 186 | Step 1/196 | Loss: 0.1733 | Acc: 93.36%
[2025-05-31 22:09:25,377] INFO: Epoch 186 | Step 101/196 | Loss: 0.1726 | Acc: 94.62%
[2025-05-31 22:09:36,034] INFO: Epoch 186 training completed
[2025-05-31 22:09:37,211] INFO: Test Loss: 0.3043 | Test Acc: 90.72%
[2025-05-31 22:09:37,565] INFO: Epoch 187 | Step 1/196 | Loss: 0.1727 | Acc: 94.92%
[2025-05-31 22:09:48,828] INFO: Epoch 187 | Step 101/196 | Loss: 0.1671 | Acc: 94.90%
[2025-05-31 22:09:59,484] INFO: Epoch 187 training completed
[2025-05-31 22:10:00,677] INFO: Test Loss: 0.2983 | Test Acc: 91.04%
[2025-05-31 22:10:00,793] INFO: New best accuracy: 91.04%, model saved.
[2025-05-31 22:10:01,218] INFO: Epoch 188 | Step 1/196 | Loss: 0.1560 | Acc: 95.70%
[2025-05-31 22:10:12,487] INFO: Epoch 188 | Step 101/196 | Loss: 0.1658 | Acc: 94.97%
[2025-05-31 22:10:23,147] INFO: Epoch 188 training completed
[2025-05-31 22:10:24,323] INFO: Test Loss: 0.3054 | Test Acc: 90.59%
[2025-05-31 22:10:24,661] INFO: Epoch 189 | Step 1/196 | Loss: 0.1396 | Acc: 94.92%
[2025-05-31 22:10:35,929] INFO: Epoch 189 | Step 101/196 | Loss: 0.1613 | Acc: 95.06%
[2025-05-31 22:10:46,605] INFO: Epoch 189 training completed
[2025-05-31 22:10:47,783] INFO: Test Loss: 0.3050 | Test Acc: 90.89%
[2025-05-31 22:10:48,115] INFO: Epoch 190 | Step 1/196 | Loss: 0.1410 | Acc: 96.48%
[2025-05-31 22:10:59,376] INFO: Epoch 190 | Step 101/196 | Loss: 0.1546 | Acc: 95.38%
[2025-05-31 22:11:10,037] INFO: Epoch 190 training completed
[2025-05-31 22:11:11,227] INFO: Test Loss: 0.3019 | Test Acc: 90.67%
[2025-05-31 22:11:11,584] INFO: Epoch 191 | Step 1/196 | Loss: 0.1373 | Acc: 94.92%
[2025-05-31 22:11:22,843] INFO: Epoch 191 | Step 101/196 | Loss: 0.1538 | Acc: 95.35%
[2025-05-31 22:11:33,540] INFO: Epoch 191 training completed
[2025-05-31 22:11:34,723] INFO: Test Loss: 0.2986 | Test Acc: 90.83%
[2025-05-31 22:11:35,077] INFO: Epoch 192 | Step 1/196 | Loss: 0.1303 | Acc: 95.70%
[2025-05-31 22:11:46,350] INFO: Epoch 192 | Step 101/196 | Loss: 0.1472 | Acc: 95.76%
[2025-05-31 22:11:57,010] INFO: Epoch 192 training completed
[2025-05-31 22:11:58,200] INFO: Test Loss: 0.2957 | Test Acc: 91.08%
[2025-05-31 22:11:58,313] INFO: New best accuracy: 91.08%, model saved.
[2025-05-31 22:11:58,660] INFO: Epoch 193 | Step 1/196 | Loss: 0.1438 | Acc: 95.31%
[2025-05-31 22:12:09,924] INFO: Epoch 193 | Step 101/196 | Loss: 0.1450 | Acc: 95.76%
[2025-05-31 22:12:20,590] INFO: Epoch 193 training completed
[2025-05-31 22:12:21,770] INFO: Test Loss: 0.2976 | Test Acc: 90.94%
[2025-05-31 22:12:22,102] INFO: Epoch 194 | Step 1/196 | Loss: 0.1329 | Acc: 96.88%
[2025-05-31 22:12:33,362] INFO: Epoch 194 | Step 101/196 | Loss: 0.1422 | Acc: 95.81%
[2025-05-31 22:12:44,019] INFO: Epoch 194 training completed
[2025-05-31 22:12:45,217] INFO: Test Loss: 0.2952 | Test Acc: 91.01%
[2025-05-31 22:12:45,627] INFO: Epoch 195 | Step 1/196 | Loss: 0.1084 | Acc: 98.05%
[2025-05-31 22:12:56,892] INFO: Epoch 195 | Step 101/196 | Loss: 0.1438 | Acc: 95.78%
[2025-05-31 22:13:07,550] INFO: Epoch 195 training completed
[2025-05-31 22:13:08,724] INFO: Test Loss: 0.2956 | Test Acc: 90.92%
[2025-05-31 22:13:09,061] INFO: Epoch 196 | Step 1/196 | Loss: 0.1696 | Acc: 93.75%
[2025-05-31 22:13:20,325] INFO: Epoch 196 | Step 101/196 | Loss: 0.1424 | Acc: 95.82%
[2025-05-31 22:13:30,985] INFO: Epoch 196 training completed
[2025-05-31 22:13:32,180] INFO: Test Loss: 0.2956 | Test Acc: 91.03%
[2025-05-31 22:13:32,521] INFO: Epoch 197 | Step 1/196 | Loss: 0.1276 | Acc: 95.70%
[2025-05-31 22:13:43,786] INFO: Epoch 197 | Step 101/196 | Loss: 0.1411 | Acc: 95.93%
[2025-05-31 22:13:54,453] INFO: Epoch 197 training completed
[2025-05-31 22:13:55,641] INFO: Test Loss: 0.2947 | Test Acc: 91.08%
[2025-05-31 22:13:55,994] INFO: Epoch 198 | Step 1/196 | Loss: 0.1492 | Acc: 96.09%
[2025-05-31 22:14:07,256] INFO: Epoch 198 | Step 101/196 | Loss: 0.1409 | Acc: 95.95%
[2025-05-31 22:14:17,912] INFO: Epoch 198 training completed
[2025-05-31 22:14:19,098] INFO: Test Loss: 0.2948 | Test Acc: 91.10%
[2025-05-31 22:14:19,200] INFO: New best accuracy: 91.10%, model saved.
[2025-05-31 22:14:19,606] INFO: Epoch 199 | Step 1/196 | Loss: 0.1743 | Acc: 94.14%
[2025-05-31 22:14:30,878] INFO: Epoch 199 | Step 101/196 | Loss: 0.1407 | Acc: 96.16%
[2025-05-31 22:14:41,533] INFO: Epoch 199 training completed
[2025-05-31 22:14:42,712] INFO: Test Loss: 0.2957 | Test Acc: 90.96%
[2025-05-31 22:14:43,057] INFO: Epoch 200 | Step 1/196 | Loss: 0.1236 | Acc: 95.31%
[2025-05-31 22:14:54,320] INFO: Epoch 200 | Step 101/196 | Loss: 0.1387 | Acc: 95.99%
[2025-05-31 22:15:04,977] INFO: Epoch 200 training completed
[2025-05-31 22:15:06,162] INFO: Test Loss: 0.2954 | Test Acc: 90.99%
[2025-05-31 22:15:06,311] INFO: Training complete. Best Test Accuracy: 91.10%
