[2025-06-15 13:10:31,024] INFO: Using device: cuda
[2025-06-15 13:10:32,173] INFO: Using GhostNetV3 with width 2.8
[2025-06-15 13:11:10,530] INFO: Epoch 1 | Step 1/196 | Loss: 3.5869 | Acc: 12.11%
[2025-06-15 13:12:12,364] INFO: Epoch 1 | Step 101/196 | Loss: 2.6365 | Acc: 12.18%
[2025-06-15 13:13:11,412] INFO: Epoch 1 training completed
[2025-06-15 13:13:36,939] INFO: Test Loss: 2.2069 | Test Acc: 20.38%
[2025-06-15 13:13:37,154] INFO: New best accuracy: 20.38%, model saved to ensemble_ghostnetv3_cifar10.pth
[2025-06-15 13:13:38,048] INFO: Epoch 2 | Step 1/196 | Loss: 2.1275 | Acc: 16.80%
[2025-06-15 13:14:40,287] INFO: Epoch 2 | Step 101/196 | Loss: 2.0519 | Acc: 22.32%
[2025-06-15 13:15:39,253] INFO: Epoch 2 training completed
[2025-06-15 13:15:42,221] INFO: Test Loss: 1.9706 | Test Acc: 27.51%
[2025-06-15 13:15:42,334] INFO: New best accuracy: 27.51%, model saved to ensemble_ghostnetv3_cifar10.pth
[2025-06-15 13:15:43,193] INFO: Epoch 3 | Step 1/196 | Loss: 1.9238 | Acc: 30.08%
[2025-06-15 13:16:45,297] INFO: Epoch 3 | Step 101/196 | Loss: 1.8833 | Acc: 27.94%
[2025-06-15 13:17:43,896] INFO: Epoch 3 training completed
[2025-06-15 13:17:46,877] INFO: Test Loss: 2.0847 | Test Acc: 31.65%
[2025-06-15 13:17:47,024] INFO: New best accuracy: 31.65%, model saved to ensemble_ghostnetv3_cifar10.pth
[2025-06-15 13:17:48,011] INFO: Epoch 4 | Step 1/196 | Loss: 1.7638 | Acc: 37.50%
[2025-06-15 13:18:50,211] INFO: Epoch 4 | Step 101/196 | Loss: 1.7213 | Acc: 33.28%
[2025-06-15 13:19:48,819] INFO: Epoch 4 training completed
[2025-06-15 13:19:51,785] INFO: Test Loss: 1.7211 | Test Acc: 37.02%
[2025-06-15 13:19:51,906] INFO: New best accuracy: 37.02%, model saved to ensemble_ghostnetv3_cifar10.pth
[2025-06-15 13:19:52,796] INFO: Epoch 5 | Step 1/196 | Loss: 1.5947 | Acc: 41.41%
[2025-06-15 13:20:54,910] INFO: Epoch 5 | Step 101/196 | Loss: 1.6075 | Acc: 38.34%
[2025-06-15 13:21:53,504] INFO: Epoch 5 training completed
[2025-06-15 13:21:56,469] INFO: Test Loss: 1.6048 | Test Acc: 42.14%
[2025-06-15 13:21:56,586] INFO: New best accuracy: 42.14%, model saved to ensemble_ghostnetv3_cifar10.pth
[2025-06-15 13:21:57,468] INFO: Epoch 6 | Step 1/196 | Loss: 1.4892 | Acc: 43.75%
[2025-06-15 13:22:59,586] INFO: Epoch 6 | Step 101/196 | Loss: 1.5047 | Acc: 42.80%
[2025-06-15 13:23:58,195] INFO: Epoch 6 training completed
[2025-06-15 13:24:01,165] INFO: Test Loss: 1.5765 | Test Acc: 45.30%
[2025-06-15 13:24:01,297] INFO: New best accuracy: 45.30%, model saved to ensemble_ghostnetv3_cifar10.pth
[2025-06-15 13:24:02,196] INFO: Epoch 7 | Step 1/196 | Loss: 1.3577 | Acc: 49.22%
[2025-06-15 13:25:04,327] INFO: Epoch 7 | Step 101/196 | Loss: 1.4075 | Acc: 46.51%
[2025-06-15 13:26:02,946] INFO: Epoch 7 training completed
[2025-06-15 13:26:05,909] INFO: Test Loss: 1.4357 | Test Acc: 49.18%
[2025-06-15 13:26:06,030] INFO: New best accuracy: 49.18%, model saved to ensemble_ghostnetv3_cifar10.pth
[2025-06-15 13:26:06,915] INFO: Epoch 8 | Step 1/196 | Loss: 1.2880 | Acc: 55.47%
[2025-06-15 13:27:09,043] INFO: Epoch 8 | Step 101/196 | Loss: 1.3201 | Acc: 50.40%
[2025-06-15 13:28:07,757] INFO: Epoch 8 training completed
[2025-06-15 13:28:10,721] INFO: Test Loss: 2.0734 | Test Acc: 39.50%
[2025-06-15 13:28:11,610] INFO: Epoch 9 | Step 1/196 | Loss: 1.2055 | Acc: 53.91%
[2025-06-15 13:29:13,755] INFO: Epoch 9 | Step 101/196 | Loss: 1.2323 | Acc: 53.87%
[2025-06-15 13:30:12,383] INFO: Epoch 9 training completed
[2025-06-15 13:30:15,346] INFO: Test Loss: 1.2436 | Test Acc: 55.83%
[2025-06-15 13:30:15,467] INFO: New best accuracy: 55.83%, model saved to ensemble_ghostnetv3_cifar10.pth
[2025-06-15 13:30:16,350] INFO: Epoch 10 | Step 1/196 | Loss: 1.1962 | Acc: 57.81%
[2025-06-15 13:31:18,500] INFO: Epoch 10 | Step 101/196 | Loss: 1.1502 | Acc: 56.54%
[2025-06-15 13:32:17,138] INFO: Epoch 10 training completed
[2025-06-15 13:32:20,100] INFO: Test Loss: 1.1698 | Test Acc: 58.59%
[2025-06-15 13:32:20,308] INFO: New best accuracy: 58.59%, model saved to ensemble_ghostnetv3_cifar10.pth
[2025-06-15 13:32:21,190] INFO: Epoch 11 | Step 1/196 | Loss: 1.0152 | Acc: 64.06%
[2025-06-15 13:33:23,338] INFO: Epoch 11 | Step 101/196 | Loss: 1.0720 | Acc: 60.17%
[2025-06-15 13:34:21,996] INFO: Epoch 11 training completed
[2025-06-15 13:34:24,963] INFO: Test Loss: 1.0684 | Test Acc: 61.64%
[2025-06-15 13:34:25,086] INFO: New best accuracy: 61.64%, model saved to ensemble_ghostnetv3_cifar10.pth
[2025-06-15 13:34:25,975] INFO: Epoch 12 | Step 1/196 | Loss: 0.9540 | Acc: 66.02%
[2025-06-15 13:35:28,138] INFO: Epoch 12 | Step 101/196 | Loss: 0.9980 | Acc: 62.58%
[2025-06-15 13:36:26,793] INFO: Epoch 12 training completed
[2025-06-15 13:36:29,754] INFO: Test Loss: 1.0566 | Test Acc: 62.38%
[2025-06-15 13:36:29,875] INFO: New best accuracy: 62.38%, model saved to ensemble_ghostnetv3_cifar10.pth
[2025-06-15 13:36:30,767] INFO: Epoch 13 | Step 1/196 | Loss: 0.8925 | Acc: 69.14%
[2025-06-15 13:37:32,948] INFO: Epoch 13 | Step 101/196 | Loss: 0.9309 | Acc: 65.39%
[2025-06-15 13:38:31,619] INFO: Epoch 13 training completed
[2025-06-15 13:38:34,586] INFO: Test Loss: 0.9360 | Test Acc: 66.36%
[2025-06-15 13:38:34,707] INFO: New best accuracy: 66.36%, model saved to ensemble_ghostnetv3_cifar10.pth
[2025-06-15 13:38:35,681] INFO: Epoch 14 | Step 1/196 | Loss: 0.8433 | Acc: 67.19%
[2025-06-15 13:39:37,851] INFO: Epoch 14 | Step 101/196 | Loss: 0.8797 | Acc: 67.13%
[2025-06-15 13:40:36,518] INFO: Epoch 14 training completed
[2025-06-15 13:40:39,488] INFO: Test Loss: 0.9260 | Test Acc: 66.60%
[2025-06-15 13:40:39,609] INFO: New best accuracy: 66.60%, model saved to ensemble_ghostnetv3_cifar10.pth
[2025-06-15 13:40:40,497] INFO: Epoch 15 | Step 1/196 | Loss: 0.7669 | Acc: 70.31%
[2025-06-15 13:41:42,669] INFO: Epoch 15 | Step 101/196 | Loss: 0.8200 | Acc: 69.55%
[2025-06-15 13:42:41,325] INFO: Epoch 15 training completed
[2025-06-15 13:42:44,303] INFO: Test Loss: 0.8663 | Test Acc: 69.47%
[2025-06-15 13:42:44,445] INFO: New best accuracy: 69.47%, model saved to ensemble_ghostnetv3_cifar10.pth
[2025-06-15 13:42:45,334] INFO: Epoch 16 | Step 1/196 | Loss: 0.6635 | Acc: 76.17%
[2025-06-15 13:43:47,516] INFO: Epoch 16 | Step 101/196 | Loss: 0.7655 | Acc: 72.12%
[2025-06-15 13:44:46,188] INFO: Epoch 16 training completed
[2025-06-15 13:44:49,155] INFO: Test Loss: 0.8102 | Test Acc: 70.96%
[2025-06-15 13:44:49,273] INFO: New best accuracy: 70.96%, model saved to ensemble_ghostnetv3_cifar10.pth
[2025-06-15 13:44:50,161] INFO: Epoch 17 | Step 1/196 | Loss: 0.6435 | Acc: 76.95%
[2025-06-15 13:45:52,353] INFO: Epoch 17 | Step 101/196 | Loss: 0.7200 | Acc: 73.57%
[2025-06-15 13:46:51,038] INFO: Epoch 17 training completed
[2025-06-15 13:46:54,002] INFO: Test Loss: 0.7978 | Test Acc: 71.61%
[2025-06-15 13:46:54,122] INFO: New best accuracy: 71.61%, model saved to ensemble_ghostnetv3_cifar10.pth
[2025-06-15 13:46:55,013] INFO: Epoch 18 | Step 1/196 | Loss: 0.6037 | Acc: 80.08%
[2025-06-15 13:47:57,205] INFO: Epoch 18 | Step 101/196 | Loss: 0.6802 | Acc: 75.25%
[2025-06-15 13:48:55,887] INFO: Epoch 18 training completed
[2025-06-15 13:48:58,852] INFO: Test Loss: 0.7373 | Test Acc: 74.36%
[2025-06-15 13:48:58,970] INFO: New best accuracy: 74.36%, model saved to ensemble_ghostnetv3_cifar10.pth
[2025-06-15 13:48:59,859] INFO: Epoch 19 | Step 1/196 | Loss: 0.5719 | Acc: 78.91%
[2025-06-15 13:50:02,107] INFO: Epoch 19 | Step 101/196 | Loss: 0.6426 | Acc: 76.59%
[2025-06-15 13:51:00,967] INFO: Epoch 19 training completed
[2025-06-15 13:51:03,934] INFO: Test Loss: 0.7066 | Test Acc: 75.52%
[2025-06-15 13:51:04,055] INFO: New best accuracy: 75.52%, model saved to ensemble_ghostnetv3_cifar10.pth
[2025-06-15 13:51:04,944] INFO: Epoch 20 | Step 1/196 | Loss: 0.5044 | Acc: 82.42%
[2025-06-15 13:52:07,144] INFO: Epoch 20 | Step 101/196 | Loss: 0.6082 | Acc: 77.88%
[2025-06-15 13:53:05,864] INFO: Epoch 20 training completed
[2025-06-15 13:53:08,825] INFO: Test Loss: 0.6935 | Test Acc: 76.55%
[2025-06-15 13:53:08,943] INFO: New best accuracy: 76.55%, model saved to ensemble_ghostnetv3_cifar10.pth
[2025-06-15 13:53:09,843] INFO: Epoch 21 | Step 1/196 | Loss: 0.5240 | Acc: 82.03%
[2025-06-15 13:54:12,166] INFO: Epoch 21 | Step 101/196 | Loss: 0.5749 | Acc: 79.31%
[2025-06-15 13:55:11,022] INFO: Epoch 21 training completed
[2025-06-15 13:55:13,989] INFO: Test Loss: 0.6572 | Test Acc: 77.49%
[2025-06-15 13:55:14,112] INFO: New best accuracy: 77.49%, model saved to ensemble_ghostnetv3_cifar10.pth
[2025-06-15 13:55:15,009] INFO: Epoch 22 | Step 1/196 | Loss: 0.4602 | Acc: 85.55%
[2025-06-15 13:56:17,354] INFO: Epoch 22 | Step 101/196 | Loss: 0.5500 | Acc: 80.12%
[2025-06-15 13:57:16,214] INFO: Epoch 22 training completed
[2025-06-15 13:57:19,175] INFO: Test Loss: 0.6574 | Test Acc: 77.49%
[2025-06-15 13:57:20,090] INFO: Epoch 23 | Step 1/196 | Loss: 0.4406 | Acc: 84.77%
[2025-06-15 13:58:22,481] INFO: Epoch 23 | Step 101/196 | Loss: 0.5330 | Acc: 80.89%
[2025-06-15 13:59:21,338] INFO: Epoch 23 training completed
[2025-06-15 13:59:24,311] INFO: Test Loss: 0.6545 | Test Acc: 77.66%
[2025-06-15 13:59:24,439] INFO: New best accuracy: 77.66%, model saved to ensemble_ghostnetv3_cifar10.pth
[2025-06-15 13:59:25,422] INFO: Epoch 24 | Step 1/196 | Loss: 0.4514 | Acc: 85.55%
[2025-06-15 14:00:27,798] INFO: Epoch 24 | Step 101/196 | Loss: 0.5046 | Acc: 81.81%
[2025-06-15 14:01:26,656] INFO: Epoch 24 training completed
[2025-06-15 14:01:29,639] INFO: Test Loss: 0.6573 | Test Acc: 77.38%
[2025-06-15 14:01:30,535] INFO: Epoch 25 | Step 1/196 | Loss: 0.4128 | Acc: 86.72%
[2025-06-15 14:02:32,931] INFO: Epoch 25 | Step 101/196 | Loss: 0.4865 | Acc: 82.62%
[2025-06-15 14:03:31,803] INFO: Epoch 25 training completed
[2025-06-15 14:03:34,782] INFO: Test Loss: 0.6233 | Test Acc: 79.03%
[2025-06-15 14:03:34,905] INFO: New best accuracy: 79.03%, model saved to ensemble_ghostnetv3_cifar10.pth
[2025-06-15 14:03:35,793] INFO: Epoch 26 | Step 1/196 | Loss: 0.4031 | Acc: 87.50%
[2025-06-15 14:04:38,187] INFO: Epoch 26 | Step 101/196 | Loss: 0.4728 | Acc: 83.11%
[2025-06-15 14:05:37,052] INFO: Epoch 26 training completed
[2025-06-15 14:05:40,022] INFO: Test Loss: 0.6895 | Test Acc: 76.60%
[2025-06-15 14:05:40,914] INFO: Epoch 27 | Step 1/196 | Loss: 0.4256 | Acc: 84.77%
[2025-06-15 14:06:43,313] INFO: Epoch 27 | Step 101/196 | Loss: 0.4569 | Acc: 83.79%
[2025-06-15 14:07:42,178] INFO: Epoch 27 training completed
[2025-06-15 14:07:45,146] INFO: Test Loss: 0.5965 | Test Acc: 79.81%
[2025-06-15 14:07:45,363] INFO: New best accuracy: 79.81%, model saved to ensemble_ghostnetv3_cifar10.pth
[2025-06-15 14:07:46,255] INFO: Epoch 28 | Step 1/196 | Loss: 0.3852 | Acc: 87.50%
[2025-06-15 14:08:48,658] INFO: Epoch 28 | Step 101/196 | Loss: 0.4447 | Acc: 84.09%
[2025-06-15 14:09:47,542] INFO: Epoch 28 training completed
[2025-06-15 14:09:50,522] INFO: Test Loss: 0.6177 | Test Acc: 79.23%
[2025-06-15 14:09:51,452] INFO: Epoch 29 | Step 1/196 | Loss: 0.3966 | Acc: 85.16%
[2025-06-15 14:10:53,837] INFO: Epoch 29 | Step 101/196 | Loss: 0.4367 | Acc: 84.71%
[2025-06-15 14:11:52,693] INFO: Epoch 29 training completed
[2025-06-15 14:11:55,681] INFO: Test Loss: 0.5833 | Test Acc: 80.41%
[2025-06-15 14:11:55,826] INFO: New best accuracy: 80.41%, model saved to ensemble_ghostnetv3_cifar10.pth
[2025-06-15 14:11:56,763] INFO: Epoch 30 | Step 1/196 | Loss: 0.3727 | Acc: 89.06%
[2025-06-15 14:12:59,139] INFO: Epoch 30 | Step 101/196 | Loss: 0.4320 | Acc: 84.85%
[2025-06-15 14:13:57,987] INFO: Epoch 30 training completed
[2025-06-15 14:14:00,971] INFO: Test Loss: 0.6089 | Test Acc: 79.04%
[2025-06-15 14:14:01,906] INFO: Epoch 31 | Step 1/196 | Loss: 0.3549 | Acc: 86.33%
[2025-06-15 14:15:04,269] INFO: Epoch 31 | Step 101/196 | Loss: 0.4216 | Acc: 85.17%
[2025-06-15 14:16:03,107] INFO: Epoch 31 training completed
[2025-06-15 14:16:06,079] INFO: Test Loss: 0.6268 | Test Acc: 78.70%
[2025-06-15 14:16:07,110] INFO: Epoch 32 | Step 1/196 | Loss: 0.3315 | Acc: 88.67%
[2025-06-15 14:17:09,458] INFO: Epoch 32 | Step 101/196 | Loss: 0.4189 | Acc: 85.25%
[2025-06-15 14:18:08,280] INFO: Epoch 32 training completed
[2025-06-15 14:18:11,250] INFO: Test Loss: 0.6619 | Test Acc: 77.85%
[2025-06-15 14:18:12,167] INFO: Epoch 33 | Step 1/196 | Loss: 0.3841 | Acc: 86.72%
[2025-06-15 14:19:14,525] INFO: Epoch 33 | Step 101/196 | Loss: 0.4106 | Acc: 85.59%
[2025-06-15 14:20:13,362] INFO: Epoch 33 training completed
[2025-06-15 14:20:16,333] INFO: Test Loss: 0.6495 | Test Acc: 78.27%
[2025-06-15 14:20:17,283] INFO: Epoch 34 | Step 1/196 | Loss: 0.3470 | Acc: 89.06%
[2025-06-15 14:21:19,635] INFO: Epoch 34 | Step 101/196 | Loss: 0.4137 | Acc: 85.81%
[2025-06-15 14:22:18,474] INFO: Epoch 34 training completed
[2025-06-15 14:22:21,460] INFO: Test Loss: 0.6125 | Test Acc: 79.90%
[2025-06-15 14:22:22,393] INFO: Epoch 35 | Step 1/196 | Loss: 0.3575 | Acc: 89.84%
[2025-06-15 14:23:24,796] INFO: Epoch 35 | Step 101/196 | Loss: 0.4084 | Acc: 86.01%
[2025-06-15 14:24:23,677] INFO: Epoch 35 training completed
[2025-06-15 14:24:26,655] INFO: Test Loss: 0.6463 | Test Acc: 77.99%
[2025-06-15 14:24:27,592] INFO: Epoch 36 | Step 1/196 | Loss: 0.2992 | Acc: 89.84%
[2025-06-15 14:25:29,962] INFO: Epoch 36 | Step 101/196 | Loss: 0.4127 | Acc: 85.95%
[2025-06-15 14:26:28,805] INFO: Epoch 36 training completed
[2025-06-15 14:26:31,782] INFO: Test Loss: 0.7233 | Test Acc: 75.49%
[2025-06-15 14:26:32,713] INFO: Epoch 37 | Step 1/196 | Loss: 0.4150 | Acc: 85.16%
[2025-06-15 14:27:35,081] INFO: Epoch 37 | Step 101/196 | Loss: 0.4202 | Acc: 85.59%
[2025-06-15 14:28:33,928] INFO: Epoch 37 training completed
[2025-06-15 14:28:36,907] INFO: Test Loss: 0.7258 | Test Acc: 76.03%
[2025-06-15 14:28:37,873] INFO: Epoch 38 | Step 1/196 | Loss: 0.3392 | Acc: 89.45%
[2025-06-15 14:29:40,248] INFO: Epoch 38 | Step 101/196 | Loss: 0.4195 | Acc: 85.62%
[2025-06-15 14:30:39,093] INFO: Epoch 38 training completed
[2025-06-15 14:30:42,062] INFO: Test Loss: 0.6512 | Test Acc: 78.66%
[2025-06-15 14:30:42,973] INFO: Epoch 39 | Step 1/196 | Loss: 0.3449 | Acc: 89.84%
[2025-06-15 14:31:45,343] INFO: Epoch 39 | Step 101/196 | Loss: 0.4213 | Acc: 85.60%
[2025-06-15 14:32:44,186] INFO: Epoch 39 training completed
[2025-06-15 14:32:47,162] INFO: Test Loss: 0.6742 | Test Acc: 78.18%
[2025-06-15 14:32:48,110] INFO: Epoch 40 | Step 1/196 | Loss: 0.3271 | Acc: 88.28%
[2025-06-15 14:33:50,486] INFO: Epoch 40 | Step 101/196 | Loss: 0.4182 | Acc: 85.71%
[2025-06-15 14:34:49,329] INFO: Epoch 40 training completed
[2025-06-15 14:34:52,298] INFO: Test Loss: 0.6257 | Test Acc: 80.10%
[2025-06-15 14:34:53,231] INFO: Epoch 41 | Step 1/196 | Loss: 0.3876 | Acc: 87.89%
[2025-06-15 14:35:55,640] INFO: Epoch 41 | Step 101/196 | Loss: 0.4247 | Acc: 85.62%
[2025-06-15 14:36:54,514] INFO: Epoch 41 training completed
[2025-06-15 14:36:57,498] INFO: Test Loss: 0.6329 | Test Acc: 80.21%
[2025-06-15 14:36:58,437] INFO: Epoch 42 | Step 1/196 | Loss: 0.3428 | Acc: 89.06%
[2025-06-15 14:38:00,822] INFO: Epoch 42 | Step 101/196 | Loss: 0.4192 | Acc: 85.69%
[2025-06-15 14:38:59,673] INFO: Epoch 42 training completed
[2025-06-15 14:39:02,645] INFO: Test Loss: 0.6430 | Test Acc: 79.04%
[2025-06-15 14:39:03,573] INFO: Epoch 43 | Step 1/196 | Loss: 0.3338 | Acc: 89.06%
[2025-06-15 14:40:06,006] INFO: Epoch 43 | Step 101/196 | Loss: 0.4228 | Acc: 85.63%
[2025-06-15 14:41:04,896] INFO: Epoch 43 training completed
[2025-06-15 14:41:07,877] INFO: Test Loss: 0.7715 | Test Acc: 75.36%
[2025-06-15 14:41:08,808] INFO: Epoch 44 | Step 1/196 | Loss: 0.3883 | Acc: 88.28%
[2025-06-15 14:42:11,224] INFO: Epoch 44 | Step 101/196 | Loss: 0.4244 | Acc: 85.51%
[2025-06-15 14:43:10,133] INFO: Epoch 44 training completed
[2025-06-15 14:43:13,104] INFO: Test Loss: 0.9309 | Test Acc: 70.64%
[2025-06-15 14:43:14,047] INFO: Epoch 45 | Step 1/196 | Loss: 0.3955 | Acc: 87.89%
[2025-06-15 14:44:16,473] INFO: Epoch 45 | Step 101/196 | Loss: 0.4322 | Acc: 85.43%
[2025-06-15 14:45:15,370] INFO: Epoch 45 training completed
[2025-06-15 14:45:18,344] INFO: Test Loss: 0.8438 | Test Acc: 72.23%
[2025-06-15 14:45:19,303] INFO: Epoch 46 | Step 1/196 | Loss: 0.4236 | Acc: 84.38%
[2025-06-15 14:46:21,710] INFO: Epoch 46 | Step 101/196 | Loss: 0.4340 | Acc: 85.15%
[2025-06-15 14:47:20,600] INFO: Epoch 46 training completed
[2025-06-15 14:47:23,588] INFO: Test Loss: 0.6389 | Test Acc: 79.58%
[2025-06-15 14:47:24,503] INFO: Epoch 47 | Step 1/196 | Loss: 0.3636 | Acc: 88.67%
[2025-06-15 14:48:26,933] INFO: Epoch 47 | Step 101/196 | Loss: 0.4246 | Acc: 85.58%
[2025-06-15 14:49:25,829] INFO: Epoch 47 training completed
[2025-06-15 14:49:28,804] INFO: Test Loss: 0.7472 | Test Acc: 75.70%
[2025-06-15 14:49:29,854] INFO: Epoch 48 | Step 1/196 | Loss: 0.3933 | Acc: 87.11%
[2025-06-15 14:50:32,280] INFO: Epoch 48 | Step 101/196 | Loss: 0.4374 | Acc: 85.11%
[2025-06-15 14:51:31,171] INFO: Epoch 48 training completed
[2025-06-15 14:51:34,147] INFO: Test Loss: 1.0586 | Test Acc: 67.36%
[2025-06-15 14:51:35,069] INFO: Epoch 49 | Step 1/196 | Loss: 0.4096 | Acc: 86.33%
[2025-06-15 14:52:37,482] INFO: Epoch 49 | Step 101/196 | Loss: 0.4385 | Acc: 84.90%
[2025-06-15 14:53:36,368] INFO: Epoch 49 training completed
[2025-06-15 14:53:39,343] INFO: Test Loss: 0.8563 | Test Acc: 73.18%
[2025-06-15 14:53:40,244] INFO: Epoch 50 | Step 1/196 | Loss: 0.3390 | Acc: 88.28%
[2025-06-15 14:54:42,663] INFO: Epoch 50 | Step 101/196 | Loss: 0.4280 | Acc: 85.49%
[2025-06-15 14:55:41,549] INFO: Epoch 50 training completed
[2025-06-15 14:55:44,531] INFO: Test Loss: 0.8364 | Test Acc: 73.40%
[2025-06-15 14:55:45,469] INFO: Epoch 51 | Step 1/196 | Loss: 0.3554 | Acc: 88.67%
[2025-06-15 14:56:47,881] INFO: Epoch 51 | Step 101/196 | Loss: 0.4327 | Acc: 85.23%
[2025-06-15 14:57:46,765] INFO: Epoch 51 training completed
[2025-06-15 14:57:49,740] INFO: Test Loss: 1.1073 | Test Acc: 66.29%
[2025-06-15 14:57:50,678] INFO: Epoch 52 | Step 1/196 | Loss: 0.3745 | Acc: 87.89%
[2025-06-15 14:58:53,116] INFO: Epoch 52 | Step 101/196 | Loss: 0.4356 | Acc: 85.22%
[2025-06-15 14:59:52,020] INFO: Epoch 52 training completed
[2025-06-15 14:59:55,006] INFO: Test Loss: 0.7089 | Test Acc: 77.20%
[2025-06-15 14:59:55,935] INFO: Epoch 53 | Step 1/196 | Loss: 0.3235 | Acc: 89.45%
[2025-06-15 15:00:58,365] INFO: Epoch 53 | Step 101/196 | Loss: 0.4276 | Acc: 85.65%
[2025-06-15 15:01:57,274] INFO: Epoch 53 training completed
[2025-06-15 15:02:00,259] INFO: Test Loss: 0.7411 | Test Acc: 76.20%
[2025-06-15 15:02:01,172] INFO: Epoch 54 | Step 1/196 | Loss: 0.4036 | Acc: 86.72%
[2025-06-15 15:03:03,606] INFO: Epoch 54 | Step 101/196 | Loss: 0.4280 | Acc: 85.68%
[2025-06-15 15:04:02,520] INFO: Epoch 54 training completed
[2025-06-15 15:04:05,506] INFO: Test Loss: 0.7430 | Test Acc: 74.71%
[2025-06-15 15:04:06,457] INFO: Epoch 55 | Step 1/196 | Loss: 0.3037 | Acc: 89.06%
[2025-06-15 15:05:08,894] INFO: Epoch 55 | Step 101/196 | Loss: 0.4328 | Acc: 85.45%
[2025-06-15 15:06:07,806] INFO: Epoch 55 training completed
[2025-06-15 15:06:10,792] INFO: Test Loss: 0.8982 | Test Acc: 70.34%
[2025-06-15 15:06:11,722] INFO: Epoch 56 | Step 1/196 | Loss: 0.3699 | Acc: 87.89%
[2025-06-15 15:07:14,150] INFO: Epoch 56 | Step 101/196 | Loss: 0.4271 | Acc: 85.42%
[2025-06-15 15:08:13,056] INFO: Epoch 56 training completed
[2025-06-15 15:08:16,014] INFO: Test Loss: 0.8844 | Test Acc: 72.13%
[2025-06-15 15:08:16,946] INFO: Epoch 57 | Step 1/196 | Loss: 0.4041 | Acc: 86.33%
[2025-06-15 15:09:19,377] INFO: Epoch 57 | Step 101/196 | Loss: 0.4278 | Acc: 85.54%
[2025-06-15 15:10:18,285] INFO: Epoch 57 training completed
[2025-06-15 15:10:21,258] INFO: Test Loss: 0.8553 | Test Acc: 73.03%
[2025-06-15 15:10:22,184] INFO: Epoch 58 | Step 1/196 | Loss: 0.3697 | Acc: 86.33%
[2025-06-15 15:11:24,612] INFO: Epoch 58 | Step 101/196 | Loss: 0.4370 | Acc: 85.01%
[2025-06-15 15:12:23,501] INFO: Epoch 58 training completed
[2025-06-15 15:12:26,480] INFO: Test Loss: 0.6912 | Test Acc: 78.04%
[2025-06-15 15:12:27,419] INFO: Epoch 59 | Step 1/196 | Loss: 0.3052 | Acc: 89.84%
[2025-06-15 15:13:29,843] INFO: Epoch 59 | Step 101/196 | Loss: 0.4345 | Acc: 85.29%
[2025-06-15 15:14:28,724] INFO: Epoch 59 training completed
[2025-06-15 15:14:31,697] INFO: Test Loss: 0.9103 | Test Acc: 70.39%
[2025-06-15 15:14:32,748] INFO: Epoch 60 | Step 1/196 | Loss: 0.3661 | Acc: 88.28%
[2025-06-15 15:15:35,166] INFO: Epoch 60 | Step 101/196 | Loss: 0.4343 | Acc: 85.32%
[2025-06-15 15:16:34,050] INFO: Epoch 60 training completed
[2025-06-15 15:16:37,020] INFO: Test Loss: 0.8596 | Test Acc: 72.03%
[2025-06-15 15:16:37,972] INFO: Epoch 61 | Step 1/196 | Loss: 0.4098 | Acc: 85.94%
[2025-06-15 15:17:40,434] INFO: Epoch 61 | Step 101/196 | Loss: 0.4357 | Acc: 85.33%
[2025-06-15 15:18:39,368] INFO: Epoch 61 training completed
[2025-06-15 15:18:42,343] INFO: Test Loss: 0.6957 | Test Acc: 78.98%
[2025-06-15 15:18:43,264] INFO: Epoch 62 | Step 1/196 | Loss: 0.3341 | Acc: 87.11%
[2025-06-15 15:19:45,692] INFO: Epoch 62 | Step 101/196 | Loss: 0.4298 | Acc: 85.38%
[2025-06-15 15:20:44,590] INFO: Epoch 62 training completed
[2025-06-15 15:20:47,562] INFO: Test Loss: 0.6803 | Test Acc: 78.60%
[2025-06-15 15:20:48,490] INFO: Epoch 63 | Step 1/196 | Loss: 0.3353 | Acc: 89.06%
[2025-06-15 15:21:50,913] INFO: Epoch 63 | Step 101/196 | Loss: 0.4341 | Acc: 85.25%
[2025-06-15 15:22:49,808] INFO: Epoch 63 training completed
[2025-06-15 15:22:52,790] INFO: Test Loss: 0.8461 | Test Acc: 73.29%
[2025-06-15 15:22:53,823] INFO: Epoch 64 | Step 1/196 | Loss: 0.3807 | Acc: 87.11%
[2025-06-15 15:23:56,250] INFO: Epoch 64 | Step 101/196 | Loss: 0.4234 | Acc: 85.70%
[2025-06-15 15:24:55,149] INFO: Epoch 64 training completed
[2025-06-15 15:24:58,122] INFO: Test Loss: 0.7538 | Test Acc: 76.22%
[2025-06-15 15:24:59,060] INFO: Epoch 65 | Step 1/196 | Loss: 0.3971 | Acc: 86.33%
[2025-06-15 15:26:01,501] INFO: Epoch 65 | Step 101/196 | Loss: 0.4279 | Acc: 85.64%
[2025-06-15 15:27:00,400] INFO: Epoch 65 training completed
[2025-06-15 15:27:03,376] INFO: Test Loss: 0.6966 | Test Acc: 77.71%
[2025-06-15 15:27:04,285] INFO: Epoch 66 | Step 1/196 | Loss: 0.3183 | Acc: 89.45%
[2025-06-15 15:28:06,729] INFO: Epoch 66 | Step 101/196 | Loss: 0.4305 | Acc: 85.38%
[2025-06-15 15:29:05,642] INFO: Epoch 66 training completed
[2025-06-15 15:29:08,624] INFO: Test Loss: 0.7594 | Test Acc: 75.15%
[2025-06-15 15:29:09,536] INFO: Epoch 67 | Step 1/196 | Loss: 0.3785 | Acc: 87.89%
[2025-06-15 15:30:11,974] INFO: Epoch 67 | Step 101/196 | Loss: 0.4290 | Acc: 85.34%
[2025-06-15 15:31:10,892] INFO: Epoch 67 training completed
[2025-06-15 15:31:13,873] INFO: Test Loss: 1.0185 | Test Acc: 67.19%
[2025-06-15 15:31:14,908] INFO: Epoch 68 | Step 1/196 | Loss: 0.4153 | Acc: 85.55%
[2025-06-15 15:32:17,298] INFO: Epoch 68 | Step 101/196 | Loss: 0.4232 | Acc: 85.64%
[2025-06-15 15:33:16,181] INFO: Epoch 68 training completed
[2025-06-15 15:33:19,158] INFO: Test Loss: 0.8191 | Test Acc: 73.33%
[2025-06-15 15:33:20,106] INFO: Epoch 69 | Step 1/196 | Loss: 0.3368 | Acc: 88.67%
[2025-06-15 15:34:22,515] INFO: Epoch 69 | Step 101/196 | Loss: 0.4241 | Acc: 85.61%
[2025-06-15 15:35:21,404] INFO: Epoch 69 training completed
[2025-06-15 15:35:24,379] INFO: Test Loss: 1.0116 | Test Acc: 66.85%
[2025-06-15 15:35:25,326] INFO: Epoch 70 | Step 1/196 | Loss: 0.3588 | Acc: 88.67%
[2025-06-15 15:36:27,733] INFO: Epoch 70 | Step 101/196 | Loss: 0.4218 | Acc: 85.60%
[2025-06-15 15:37:26,607] INFO: Epoch 70 training completed
[2025-06-15 15:37:29,582] INFO: Test Loss: 0.7121 | Test Acc: 77.74%
[2025-06-15 15:37:30,507] INFO: Epoch 71 | Step 1/196 | Loss: 0.3637 | Acc: 87.89%
[2025-06-15 15:38:32,912] INFO: Epoch 71 | Step 101/196 | Loss: 0.4170 | Acc: 86.04%
[2025-06-15 15:39:31,787] INFO: Epoch 71 training completed
[2025-06-15 15:39:34,750] INFO: Test Loss: 0.7032 | Test Acc: 76.69%
[2025-06-15 15:39:35,811] INFO: Epoch 72 | Step 1/196 | Loss: 0.4001 | Acc: 85.55%
[2025-06-15 15:40:38,252] INFO: Epoch 72 | Step 101/196 | Loss: 0.4155 | Acc: 86.01%
[2025-06-15 15:41:37,163] INFO: Epoch 72 training completed
[2025-06-15 15:41:40,146] INFO: Test Loss: 1.1008 | Test Acc: 65.31%
[2025-06-15 15:41:41,093] INFO: Epoch 73 | Step 1/196 | Loss: 0.4401 | Acc: 84.38%
[2025-06-15 15:42:43,533] INFO: Epoch 73 | Step 101/196 | Loss: 0.4166 | Acc: 86.17%
[2025-06-15 15:43:42,457] INFO: Epoch 73 training completed
[2025-06-15 15:43:45,428] INFO: Test Loss: 0.7796 | Test Acc: 74.96%
[2025-06-15 15:43:46,359] INFO: Epoch 74 | Step 1/196 | Loss: 0.3159 | Acc: 90.23%
[2025-06-15 15:44:48,836] INFO: Epoch 74 | Step 101/196 | Loss: 0.4163 | Acc: 86.11%
[2025-06-15 15:45:47,778] INFO: Epoch 74 training completed
[2025-06-15 15:45:50,752] INFO: Test Loss: 0.8334 | Test Acc: 72.60%
[2025-06-15 15:45:51,678] INFO: Epoch 75 | Step 1/196 | Loss: 0.3236 | Acc: 89.45%
[2025-06-15 15:46:54,145] INFO: Epoch 75 | Step 101/196 | Loss: 0.4183 | Acc: 85.91%
[2025-06-15 15:47:53,088] INFO: Epoch 75 training completed
[2025-06-15 15:47:56,065] INFO: Test Loss: 0.9206 | Test Acc: 72.11%
[2025-06-15 15:47:57,010] INFO: Epoch 76 | Step 1/196 | Loss: 0.3673 | Acc: 87.89%
[2025-06-15 15:48:59,480] INFO: Epoch 76 | Step 101/196 | Loss: 0.4143 | Acc: 85.94%
[2025-06-15 15:49:58,417] INFO: Epoch 76 training completed
[2025-06-15 15:50:01,383] INFO: Test Loss: 0.7128 | Test Acc: 76.46%
[2025-06-15 15:50:02,311] INFO: Epoch 77 | Step 1/196 | Loss: 0.3404 | Acc: 88.67%
[2025-06-15 15:51:04,794] INFO: Epoch 77 | Step 101/196 | Loss: 0.4123 | Acc: 85.93%
[2025-06-15 15:52:03,738] INFO: Epoch 77 training completed
[2025-06-15 15:52:06,718] INFO: Test Loss: 0.8913 | Test Acc: 71.62%
[2025-06-15 15:52:07,638] INFO: Epoch 78 | Step 1/196 | Loss: 0.3828 | Acc: 87.89%
[2025-06-15 15:53:10,130] INFO: Epoch 78 | Step 101/196 | Loss: 0.4077 | Acc: 86.56%
[2025-06-15 15:54:09,072] INFO: Epoch 78 training completed
[2025-06-15 15:54:12,055] INFO: Test Loss: 0.7001 | Test Acc: 77.60%
[2025-06-15 15:54:12,985] INFO: Epoch 79 | Step 1/196 | Loss: 0.2965 | Acc: 91.41%
[2025-06-15 15:55:15,458] INFO: Epoch 79 | Step 101/196 | Loss: 0.4117 | Acc: 86.17%
[2025-06-15 15:56:14,400] INFO: Epoch 79 training completed
[2025-06-15 15:56:17,374] INFO: Test Loss: 0.6939 | Test Acc: 77.73%
[2025-06-15 15:56:18,305] INFO: Epoch 80 | Step 1/196 | Loss: 0.4074 | Acc: 84.77%
[2025-06-15 15:57:20,779] INFO: Epoch 80 | Step 101/196 | Loss: 0.4008 | Acc: 86.45%
[2025-06-15 15:58:19,718] INFO: Epoch 80 training completed
[2025-06-15 15:58:22,693] INFO: Test Loss: 0.7759 | Test Acc: 75.92%
[2025-06-15 15:58:23,640] INFO: Epoch 81 | Step 1/196 | Loss: 0.4303 | Acc: 86.72%
[2025-06-15 15:59:26,113] INFO: Epoch 81 | Step 101/196 | Loss: 0.4109 | Acc: 86.13%
[2025-06-15 16:00:25,051] INFO: Epoch 81 training completed
[2025-06-15 16:00:28,029] INFO: Test Loss: 0.7212 | Test Acc: 76.33%
[2025-06-15 16:00:28,990] INFO: Epoch 82 | Step 1/196 | Loss: 0.3437 | Acc: 88.28%
[2025-06-15 16:01:31,463] INFO: Epoch 82 | Step 101/196 | Loss: 0.4013 | Acc: 86.55%
[2025-06-15 16:02:30,407] INFO: Epoch 82 training completed
[2025-06-15 16:02:33,377] INFO: Test Loss: 0.7555 | Test Acc: 75.41%
[2025-06-15 16:02:34,315] INFO: Epoch 83 | Step 1/196 | Loss: 0.3494 | Acc: 86.33%
[2025-06-15 16:03:36,792] INFO: Epoch 83 | Step 101/196 | Loss: 0.4057 | Acc: 86.32%
[2025-06-15 16:04:35,741] INFO: Epoch 83 training completed
[2025-06-15 16:04:38,724] INFO: Test Loss: 1.3813 | Test Acc: 56.15%
[2025-06-15 16:04:39,660] INFO: Epoch 84 | Step 1/196 | Loss: 0.3936 | Acc: 89.06%
[2025-06-15 16:05:42,149] INFO: Epoch 84 | Step 101/196 | Loss: 0.4015 | Acc: 86.54%
[2025-06-15 16:06:41,094] INFO: Epoch 84 training completed
[2025-06-15 16:06:44,074] INFO: Test Loss: 0.8802 | Test Acc: 72.56%
[2025-06-15 16:06:45,032] INFO: Epoch 85 | Step 1/196 | Loss: 0.3395 | Acc: 89.06%
[2025-06-15 16:07:47,517] INFO: Epoch 85 | Step 101/196 | Loss: 0.3990 | Acc: 86.46%
[2025-06-15 16:08:46,462] INFO: Epoch 85 training completed
[2025-06-15 16:08:49,448] INFO: Test Loss: 0.7254 | Test Acc: 76.72%
[2025-06-15 16:08:50,394] INFO: Epoch 86 | Step 1/196 | Loss: 0.3526 | Acc: 89.84%
[2025-06-15 16:09:52,882] INFO: Epoch 86 | Step 101/196 | Loss: 0.4063 | Acc: 86.34%
[2025-06-15 16:10:51,839] INFO: Epoch 86 training completed
[2025-06-15 16:10:54,822] INFO: Test Loss: 0.8794 | Test Acc: 73.21%
[2025-06-15 16:10:55,759] INFO: Epoch 87 | Step 1/196 | Loss: 0.3436 | Acc: 87.50%
[2025-06-15 16:11:58,249] INFO: Epoch 87 | Step 101/196 | Loss: 0.3958 | Acc: 86.74%
[2025-06-15 16:12:57,199] INFO: Epoch 87 training completed
[2025-06-15 16:13:00,179] INFO: Test Loss: 0.7839 | Test Acc: 74.40%
[2025-06-15 16:13:01,226] INFO: Epoch 88 | Step 1/196 | Loss: 0.2703 | Acc: 92.19%
[2025-06-15 16:14:03,705] INFO: Epoch 88 | Step 101/196 | Loss: 0.3962 | Acc: 86.57%
[2025-06-15 16:15:02,657] INFO: Epoch 88 training completed
[2025-06-15 16:15:05,635] INFO: Test Loss: 0.7489 | Test Acc: 76.45%
[2025-06-15 16:15:06,583] INFO: Epoch 89 | Step 1/196 | Loss: 0.2780 | Acc: 90.62%
[2025-06-15 16:16:09,059] INFO: Epoch 89 | Step 101/196 | Loss: 0.3942 | Acc: 86.73%
[2025-06-15 16:17:08,001] INFO: Epoch 89 training completed
[2025-06-15 16:17:10,968] INFO: Test Loss: 0.6109 | Test Acc: 80.25%
[2025-06-15 16:17:11,880] INFO: Epoch 90 | Step 1/196 | Loss: 0.2765 | Acc: 90.62%
[2025-06-15 16:18:14,366] INFO: Epoch 90 | Step 101/196 | Loss: 0.3929 | Acc: 86.65%
[2025-06-15 16:19:13,311] INFO: Epoch 90 training completed
[2025-06-15 16:19:16,285] INFO: Test Loss: 0.7137 | Test Acc: 76.58%
[2025-06-15 16:19:17,201] INFO: Epoch 91 | Step 1/196 | Loss: 0.3201 | Acc: 87.89%
[2025-06-15 16:20:19,679] INFO: Epoch 91 | Step 101/196 | Loss: 0.3928 | Acc: 86.76%
[2025-06-15 16:21:18,636] INFO: Epoch 91 training completed
[2025-06-15 16:21:21,617] INFO: Test Loss: 0.8132 | Test Acc: 74.07%
[2025-06-15 16:21:22,555] INFO: Epoch 92 | Step 1/196 | Loss: 0.3114 | Acc: 89.84%
[2025-06-15 16:22:25,036] INFO: Epoch 92 | Step 101/196 | Loss: 0.3893 | Acc: 86.72%
[2025-06-15 16:23:23,983] INFO: Epoch 92 training completed
[2025-06-15 16:23:26,966] INFO: Test Loss: 0.6033 | Test Acc: 80.86%
[2025-06-15 16:23:27,101] INFO: New best accuracy: 80.86%, model saved to ensemble_ghostnetv3_cifar10.pth
[2025-06-15 16:23:28,040] INFO: Epoch 93 | Step 1/196 | Loss: 0.3307 | Acc: 92.19%
[2025-06-15 16:24:30,530] INFO: Epoch 93 | Step 101/196 | Loss: 0.3842 | Acc: 87.19%
[2025-06-15 16:25:29,482] INFO: Epoch 93 training completed
[2025-06-15 16:25:32,458] INFO: Test Loss: 0.7511 | Test Acc: 76.52%
[2025-06-15 16:25:33,426] INFO: Epoch 94 | Step 1/196 | Loss: 0.3156 | Acc: 89.45%
[2025-06-15 16:26:35,908] INFO: Epoch 94 | Step 101/196 | Loss: 0.3878 | Acc: 86.79%
[2025-06-15 16:27:34,847] INFO: Epoch 94 training completed
[2025-06-15 16:27:37,825] INFO: Test Loss: 0.6432 | Test Acc: 78.82%
[2025-06-15 16:27:38,762] INFO: Epoch 95 | Step 1/196 | Loss: 0.3199 | Acc: 87.50%
[2025-06-15 16:28:41,245] INFO: Epoch 95 | Step 101/196 | Loss: 0.3886 | Acc: 86.89%
[2025-06-15 16:29:40,187] INFO: Epoch 95 training completed
[2025-06-15 16:29:43,159] INFO: Test Loss: 0.8131 | Test Acc: 73.60%
[2025-06-15 16:29:44,214] INFO: Epoch 96 | Step 1/196 | Loss: 0.2774 | Acc: 92.58%
[2025-06-15 16:30:46,692] INFO: Epoch 96 | Step 101/196 | Loss: 0.3851 | Acc: 86.98%
[2025-06-15 16:31:45,644] INFO: Epoch 96 training completed
[2025-06-15 16:31:48,624] INFO: Test Loss: 0.6158 | Test Acc: 79.82%
[2025-06-15 16:31:49,553] INFO: Epoch 97 | Step 1/196 | Loss: 0.3256 | Acc: 87.11%
[2025-06-15 16:32:52,024] INFO: Epoch 97 | Step 101/196 | Loss: 0.3795 | Acc: 87.11%
[2025-06-15 16:33:50,967] INFO: Epoch 97 training completed
[2025-06-15 16:33:53,948] INFO: Test Loss: 0.7506 | Test Acc: 76.76%
[2025-06-15 16:33:54,874] INFO: Epoch 98 | Step 1/196 | Loss: 0.3516 | Acc: 89.06%
[2025-06-15 16:34:57,347] INFO: Epoch 98 | Step 101/196 | Loss: 0.3734 | Acc: 87.52%
[2025-06-15 16:35:56,287] INFO: Epoch 98 training completed
[2025-06-15 16:35:59,256] INFO: Test Loss: 0.6143 | Test Acc: 80.22%
[2025-06-15 16:36:00,206] INFO: Epoch 99 | Step 1/196 | Loss: 0.3080 | Acc: 90.23%
[2025-06-15 16:37:02,678] INFO: Epoch 99 | Step 101/196 | Loss: 0.3753 | Acc: 87.38%
[2025-06-15 16:38:01,614] INFO: Epoch 99 training completed
[2025-06-15 16:38:04,592] INFO: Test Loss: 0.9527 | Test Acc: 68.38%
[2025-06-15 16:38:05,638] INFO: Epoch 100 | Step 1/196 | Loss: 0.3587 | Acc: 88.28%
[2025-06-15 16:39:08,086] INFO: Epoch 100 | Step 101/196 | Loss: 0.3785 | Acc: 87.32%
[2025-06-15 16:40:07,000] INFO: Epoch 100 training completed
[2025-06-15 16:40:09,981] INFO: Test Loss: 0.8870 | Test Acc: 70.98%
[2025-06-15 16:40:10,902] INFO: Epoch 101 | Step 1/196 | Loss: 0.2604 | Acc: 92.19%
[2025-06-15 16:41:13,357] INFO: Epoch 101 | Step 101/196 | Loss: 0.3717 | Acc: 87.53%
[2025-06-15 16:42:12,276] INFO: Epoch 101 training completed
[2025-06-15 16:42:15,253] INFO: Test Loss: 0.6980 | Test Acc: 77.19%
[2025-06-15 16:42:16,177] INFO: Epoch 102 | Step 1/196 | Loss: 0.2793 | Acc: 92.58%
[2025-06-15 16:43:18,654] INFO: Epoch 102 | Step 101/196 | Loss: 0.3710 | Acc: 87.64%
[2025-06-15 16:44:17,600] INFO: Epoch 102 training completed
[2025-06-15 16:44:20,579] INFO: Test Loss: 0.7656 | Test Acc: 74.85%
[2025-06-15 16:44:21,521] INFO: Epoch 103 | Step 1/196 | Loss: 0.2714 | Acc: 91.80%
[2025-06-15 16:45:23,978] INFO: Epoch 103 | Step 101/196 | Loss: 0.3607 | Acc: 88.04%
[2025-06-15 16:46:22,896] INFO: Epoch 103 training completed
[2025-06-15 16:46:25,868] INFO: Test Loss: 0.5436 | Test Acc: 83.01%
[2025-06-15 16:46:26,006] INFO: New best accuracy: 83.01%, model saved to ensemble_ghostnetv3_cifar10.pth
[2025-06-15 16:46:27,058] INFO: Epoch 104 | Step 1/196 | Loss: 0.3025 | Acc: 90.23%
[2025-06-15 16:47:29,507] INFO: Epoch 104 | Step 101/196 | Loss: 0.3635 | Acc: 87.75%
[2025-06-15 16:48:28,431] INFO: Epoch 104 training completed
[2025-06-15 16:48:31,405] INFO: Test Loss: 0.7069 | Test Acc: 77.15%
[2025-06-15 16:48:32,348] INFO: Epoch 105 | Step 1/196 | Loss: 0.3010 | Acc: 90.23%
[2025-06-15 16:49:34,828] INFO: Epoch 105 | Step 101/196 | Loss: 0.3596 | Acc: 87.83%
[2025-06-15 16:50:33,781] INFO: Epoch 105 training completed
[2025-06-15 16:50:36,753] INFO: Test Loss: 0.5654 | Test Acc: 81.75%
[2025-06-15 16:50:37,693] INFO: Epoch 106 | Step 1/196 | Loss: 0.3288 | Acc: 87.11%
[2025-06-15 16:51:40,170] INFO: Epoch 106 | Step 101/196 | Loss: 0.3598 | Acc: 87.81%
[2025-06-15 16:52:39,122] INFO: Epoch 106 training completed
[2025-06-15 16:52:42,109] INFO: Test Loss: 0.5773 | Test Acc: 81.49%
[2025-06-15 16:52:43,051] INFO: Epoch 107 | Step 1/196 | Loss: 0.3051 | Acc: 89.06%
[2025-06-15 16:53:45,506] INFO: Epoch 107 | Step 101/196 | Loss: 0.3579 | Acc: 87.98%
[2025-06-15 16:54:44,431] INFO: Epoch 107 training completed
[2025-06-15 16:54:47,401] INFO: Test Loss: 0.5762 | Test Acc: 81.32%
[2025-06-15 16:54:48,337] INFO: Epoch 108 | Step 1/196 | Loss: 0.2913 | Acc: 90.62%
[2025-06-15 16:55:50,784] INFO: Epoch 108 | Step 101/196 | Loss: 0.3557 | Acc: 87.99%
[2025-06-15 16:56:49,709] INFO: Epoch 108 training completed
[2025-06-15 16:56:52,681] INFO: Test Loss: 0.6792 | Test Acc: 77.88%
[2025-06-15 16:56:53,609] INFO: Epoch 109 | Step 1/196 | Loss: 0.2918 | Acc: 92.19%
[2025-06-15 16:57:56,061] INFO: Epoch 109 | Step 101/196 | Loss: 0.3524 | Acc: 88.41%
[2025-06-15 16:58:54,995] INFO: Epoch 109 training completed
[2025-06-15 16:58:57,967] INFO: Test Loss: 0.7638 | Test Acc: 75.17%
[2025-06-15 16:58:58,901] INFO: Epoch 110 | Step 1/196 | Loss: 0.3399 | Acc: 87.50%
[2025-06-15 17:00:01,366] INFO: Epoch 110 | Step 101/196 | Loss: 0.3573 | Acc: 87.96%
[2025-06-15 17:01:00,299] INFO: Epoch 110 training completed
[2025-06-15 17:01:03,267] INFO: Test Loss: 0.5326 | Test Acc: 83.07%
[2025-06-15 17:01:03,412] INFO: New best accuracy: 83.07%, model saved to ensemble_ghostnetv3_cifar10.pth
[2025-06-15 17:01:04,349] INFO: Epoch 111 | Step 1/196 | Loss: 0.2650 | Acc: 93.36%
[2025-06-15 17:02:06,806] INFO: Epoch 111 | Step 101/196 | Loss: 0.3479 | Acc: 88.50%
[2025-06-15 17:03:05,735] INFO: Epoch 111 training completed
[2025-06-15 17:03:08,710] INFO: Test Loss: 0.6448 | Test Acc: 79.08%
[2025-06-15 17:03:09,635] INFO: Epoch 112 | Step 1/196 | Loss: 0.2536 | Acc: 93.36%
[2025-06-15 17:04:12,115] INFO: Epoch 112 | Step 101/196 | Loss: 0.3448 | Acc: 88.44%
[2025-06-15 17:05:11,064] INFO: Epoch 112 training completed
[2025-06-15 17:05:14,041] INFO: Test Loss: 0.6709 | Test Acc: 78.37%
[2025-06-15 17:05:14,978] INFO: Epoch 113 | Step 1/196 | Loss: 0.2868 | Acc: 91.02%
[2025-06-15 17:06:17,463] INFO: Epoch 113 | Step 101/196 | Loss: 0.3465 | Acc: 88.41%
[2025-06-15 17:07:16,414] INFO: Epoch 113 training completed
[2025-06-15 17:07:19,383] INFO: Test Loss: 0.6159 | Test Acc: 80.54%
[2025-06-15 17:07:20,306] INFO: Epoch 114 | Step 1/196 | Loss: 0.2353 | Acc: 92.97%
[2025-06-15 17:08:22,751] INFO: Epoch 114 | Step 101/196 | Loss: 0.3431 | Acc: 88.48%
[2025-06-15 17:09:21,679] INFO: Epoch 114 training completed
[2025-06-15 17:09:24,653] INFO: Test Loss: 0.7343 | Test Acc: 76.44%
[2025-06-15 17:09:25,560] INFO: Epoch 115 | Step 1/196 | Loss: 0.2865 | Acc: 90.62%
[2025-06-15 17:10:28,017] INFO: Epoch 115 | Step 101/196 | Loss: 0.3387 | Acc: 88.54%
[2025-06-15 17:11:26,933] INFO: Epoch 115 training completed
[2025-06-15 17:11:29,902] INFO: Test Loss: 0.9043 | Test Acc: 71.27%
[2025-06-15 17:11:30,821] INFO: Epoch 116 | Step 1/196 | Loss: 0.2385 | Acc: 94.14%
[2025-06-15 17:12:33,295] INFO: Epoch 116 | Step 101/196 | Loss: 0.3348 | Acc: 88.94%
[2025-06-15 17:13:32,233] INFO: Epoch 116 training completed
[2025-06-15 17:13:35,209] INFO: Test Loss: 0.6561 | Test Acc: 79.10%
[2025-06-15 17:13:36,145] INFO: Epoch 117 | Step 1/196 | Loss: 0.2758 | Acc: 90.23%
[2025-06-15 17:14:38,594] INFO: Epoch 117 | Step 101/196 | Loss: 0.3389 | Acc: 88.73%
[2025-06-15 17:15:37,515] INFO: Epoch 117 training completed
[2025-06-15 17:15:40,493] INFO: Test Loss: 0.6369 | Test Acc: 78.95%
[2025-06-15 17:15:41,420] INFO: Epoch 118 | Step 1/196 | Loss: 0.3040 | Acc: 89.84%
[2025-06-15 17:16:43,866] INFO: Epoch 118 | Step 101/196 | Loss: 0.3307 | Acc: 88.90%
[2025-06-15 17:17:42,781] INFO: Epoch 118 training completed
[2025-06-15 17:17:45,759] INFO: Test Loss: 0.6386 | Test Acc: 79.12%
[2025-06-15 17:17:46,696] INFO: Epoch 119 | Step 1/196 | Loss: 0.2626 | Acc: 91.80%
[2025-06-15 17:18:49,127] INFO: Epoch 119 | Step 101/196 | Loss: 0.3277 | Acc: 88.96%
[2025-06-15 17:19:48,041] INFO: Epoch 119 training completed
[2025-06-15 17:19:51,013] INFO: Test Loss: 0.6029 | Test Acc: 80.89%
[2025-06-15 17:19:51,939] INFO: Epoch 120 | Step 1/196 | Loss: 0.2538 | Acc: 89.84%
[2025-06-15 17:20:54,370] INFO: Epoch 120 | Step 101/196 | Loss: 0.3188 | Acc: 89.33%
[2025-06-15 17:21:53,279] INFO: Epoch 120 training completed
[2025-06-15 17:21:56,252] INFO: Test Loss: 0.7390 | Test Acc: 75.85%
[2025-06-15 17:21:57,201] INFO: Epoch 121 | Step 1/196 | Loss: 0.2997 | Acc: 88.28%
[2025-06-15 17:22:59,645] INFO: Epoch 121 | Step 101/196 | Loss: 0.3231 | Acc: 89.09%
[2025-06-15 17:23:58,563] INFO: Epoch 121 training completed
[2025-06-15 17:24:01,541] INFO: Test Loss: 0.7564 | Test Acc: 76.02%
[2025-06-15 17:24:02,466] INFO: Epoch 122 | Step 1/196 | Loss: 0.2563 | Acc: 90.62%
[2025-06-15 17:25:04,941] INFO: Epoch 122 | Step 101/196 | Loss: 0.3187 | Acc: 89.47%
[2025-06-15 17:26:03,887] INFO: Epoch 122 training completed
[2025-06-15 17:26:06,871] INFO: Test Loss: 0.6780 | Test Acc: 78.88%
[2025-06-15 17:26:07,805] INFO: Epoch 123 | Step 1/196 | Loss: 0.2221 | Acc: 92.19%
[2025-06-15 17:27:10,277] INFO: Epoch 123 | Step 101/196 | Loss: 0.3199 | Acc: 89.22%
[2025-06-15 17:28:09,227] INFO: Epoch 123 training completed
[2025-06-15 17:28:12,203] INFO: Test Loss: 0.5737 | Test Acc: 81.97%
[2025-06-15 17:28:13,145] INFO: Epoch 124 | Step 1/196 | Loss: 0.2443 | Acc: 91.80%
[2025-06-15 17:29:15,584] INFO: Epoch 124 | Step 101/196 | Loss: 0.3102 | Acc: 89.60%
[2025-06-15 17:30:14,481] INFO: Epoch 124 training completed
[2025-06-15 17:30:17,459] INFO: Test Loss: 0.6039 | Test Acc: 80.79%
[2025-06-15 17:30:18,402] INFO: Epoch 125 | Step 1/196 | Loss: 0.2292 | Acc: 92.58%
[2025-06-15 17:31:20,835] INFO: Epoch 125 | Step 101/196 | Loss: 0.3189 | Acc: 89.43%
[2025-06-15 17:32:19,739] INFO: Epoch 125 training completed
[2025-06-15 17:32:22,716] INFO: Test Loss: 0.6233 | Test Acc: 80.52%
[2025-06-15 17:32:23,654] INFO: Epoch 126 | Step 1/196 | Loss: 0.2645 | Acc: 91.02%
[2025-06-15 17:33:26,081] INFO: Epoch 126 | Step 101/196 | Loss: 0.3013 | Acc: 89.92%
[2025-06-15 17:34:24,972] INFO: Epoch 126 training completed
[2025-06-15 17:34:27,947] INFO: Test Loss: 0.5967 | Test Acc: 81.08%
[2025-06-15 17:34:28,844] INFO: Epoch 127 | Step 1/196 | Loss: 0.2805 | Acc: 91.41%
[2025-06-15 17:35:31,262] INFO: Epoch 127 | Step 101/196 | Loss: 0.3107 | Acc: 89.44%
[2025-06-15 17:36:30,157] INFO: Epoch 127 training completed
[2025-06-15 17:36:33,140] INFO: Test Loss: 0.5711 | Test Acc: 81.86%
[2025-06-15 17:36:34,174] INFO: Epoch 128 | Step 1/196 | Loss: 0.2272 | Acc: 92.58%
[2025-06-15 17:37:36,586] INFO: Epoch 128 | Step 101/196 | Loss: 0.2973 | Acc: 90.11%
[2025-06-15 17:38:35,465] INFO: Epoch 128 training completed
[2025-06-15 17:38:38,437] INFO: Test Loss: 0.6349 | Test Acc: 79.41%
[2025-06-15 17:38:39,385] INFO: Epoch 129 | Step 1/196 | Loss: 0.2388 | Acc: 92.58%
[2025-06-15 17:39:41,824] INFO: Epoch 129 | Step 101/196 | Loss: 0.2973 | Acc: 90.28%
[2025-06-15 17:40:40,724] INFO: Epoch 129 training completed
[2025-06-15 17:40:43,716] INFO: Test Loss: 0.5690 | Test Acc: 82.67%
[2025-06-15 17:40:44,636] INFO: Epoch 130 | Step 1/196 | Loss: 0.2496 | Acc: 91.80%
[2025-06-15 17:41:47,068] INFO: Epoch 130 | Step 101/196 | Loss: 0.2899 | Acc: 90.46%
[2025-06-15 17:42:45,958] INFO: Epoch 130 training completed
[2025-06-15 17:42:48,933] INFO: Test Loss: 0.5567 | Test Acc: 82.13%
[2025-06-15 17:42:49,870] INFO: Epoch 131 | Step 1/196 | Loss: 0.2154 | Acc: 94.53%
[2025-06-15 17:43:52,241] INFO: Epoch 131 | Step 101/196 | Loss: 0.2938 | Acc: 90.43%
[2025-06-15 17:44:51,096] INFO: Epoch 131 training completed
[2025-06-15 17:44:54,061] INFO: Test Loss: 0.4358 | Test Acc: 85.85%
[2025-06-15 17:44:54,206] INFO: New best accuracy: 85.85%, model saved to ensemble_ghostnetv3_cifar10.pth
[2025-06-15 17:44:55,137] INFO: Epoch 132 | Step 1/196 | Loss: 0.2258 | Acc: 93.36%
[2025-06-15 17:45:57,544] INFO: Epoch 132 | Step 101/196 | Loss: 0.2866 | Acc: 90.58%
[2025-06-15 17:46:56,430] INFO: Epoch 132 training completed
[2025-06-15 17:46:59,399] INFO: Test Loss: 0.4742 | Test Acc: 85.39%
[2025-06-15 17:47:00,341] INFO: Epoch 133 | Step 1/196 | Loss: 0.2283 | Acc: 92.58%
[2025-06-15 17:48:02,701] INFO: Epoch 133 | Step 101/196 | Loss: 0.2848 | Acc: 90.43%
[2025-06-15 17:49:01,544] INFO: Epoch 133 training completed
[2025-06-15 17:49:04,526] INFO: Test Loss: 0.4987 | Test Acc: 84.19%
[2025-06-15 17:49:05,450] INFO: Epoch 134 | Step 1/196 | Loss: 0.1605 | Acc: 96.09%
[2025-06-15 17:50:07,869] INFO: Epoch 134 | Step 101/196 | Loss: 0.2769 | Acc: 90.82%
[2025-06-15 17:51:06,762] INFO: Epoch 134 training completed
[2025-06-15 17:51:09,739] INFO: Test Loss: 0.5250 | Test Acc: 83.32%
[2025-06-15 17:51:10,676] INFO: Epoch 135 | Step 1/196 | Loss: 0.1957 | Acc: 93.36%
[2025-06-15 17:52:13,101] INFO: Epoch 135 | Step 101/196 | Loss: 0.2768 | Acc: 90.80%
[2025-06-15 17:53:12,016] INFO: Epoch 135 training completed
[2025-06-15 17:53:14,993] INFO: Test Loss: 0.4226 | Test Acc: 86.42%
[2025-06-15 17:53:15,148] INFO: New best accuracy: 86.42%, model saved to ensemble_ghostnetv3_cifar10.pth
[2025-06-15 17:53:16,193] INFO: Epoch 136 | Step 1/196 | Loss: 0.2456 | Acc: 91.41%
[2025-06-15 17:54:18,615] INFO: Epoch 136 | Step 101/196 | Loss: 0.2725 | Acc: 91.15%
[2025-06-15 17:55:17,511] INFO: Epoch 136 training completed
[2025-06-15 17:55:20,486] INFO: Test Loss: 0.5045 | Test Acc: 84.12%
[2025-06-15 17:55:21,409] INFO: Epoch 137 | Step 1/196 | Loss: 0.1577 | Acc: 95.31%
[2025-06-15 17:56:23,826] INFO: Epoch 137 | Step 101/196 | Loss: 0.2652 | Acc: 91.24%
[2025-06-15 17:57:22,715] INFO: Epoch 137 training completed
[2025-06-15 17:57:25,696] INFO: Test Loss: 0.5232 | Test Acc: 83.27%
[2025-06-15 17:57:26,632] INFO: Epoch 138 | Step 1/196 | Loss: 0.2662 | Acc: 91.41%
[2025-06-15 17:58:29,026] INFO: Epoch 138 | Step 101/196 | Loss: 0.2683 | Acc: 91.19%
[2025-06-15 17:59:27,903] INFO: Epoch 138 training completed
[2025-06-15 17:59:30,879] INFO: Test Loss: 0.4521 | Test Acc: 85.56%
[2025-06-15 17:59:31,806] INFO: Epoch 139 | Step 1/196 | Loss: 0.2215 | Acc: 92.97%
[2025-06-15 18:00:34,224] INFO: Epoch 139 | Step 101/196 | Loss: 0.2617 | Acc: 91.31%
[2025-06-15 18:01:33,117] INFO: Epoch 139 training completed
[2025-06-15 18:01:36,104] INFO: Test Loss: 0.4675 | Test Acc: 85.24%
[2025-06-15 18:01:37,020] INFO: Epoch 140 | Step 1/196 | Loss: 0.2074 | Acc: 93.36%
[2025-06-15 18:02:39,425] INFO: Epoch 140 | Step 101/196 | Loss: 0.2511 | Acc: 91.83%
[2025-06-15 18:03:38,313] INFO: Epoch 140 training completed
[2025-06-15 18:03:41,302] INFO: Test Loss: 0.4427 | Test Acc: 85.60%
[2025-06-15 18:03:42,230] INFO: Epoch 141 | Step 1/196 | Loss: 0.1932 | Acc: 94.14%
[2025-06-15 18:04:44,618] INFO: Epoch 141 | Step 101/196 | Loss: 0.2556 | Acc: 91.42%
[2025-06-15 18:05:43,487] INFO: Epoch 141 training completed
[2025-06-15 18:05:46,464] INFO: Test Loss: 0.4305 | Test Acc: 86.71%
[2025-06-15 18:05:46,601] INFO: New best accuracy: 86.71%, model saved to ensemble_ghostnetv3_cifar10.pth
[2025-06-15 18:05:47,525] INFO: Epoch 142 | Step 1/196 | Loss: 0.2528 | Acc: 92.58%
[2025-06-15 18:06:49,941] INFO: Epoch 142 | Step 101/196 | Loss: 0.2483 | Acc: 91.80%
[2025-06-15 18:07:48,822] INFO: Epoch 142 training completed
[2025-06-15 18:07:51,796] INFO: Test Loss: 0.4628 | Test Acc: 85.25%
[2025-06-15 18:07:52,712] INFO: Epoch 143 | Step 1/196 | Loss: 0.2178 | Acc: 92.58%
[2025-06-15 18:08:55,072] INFO: Epoch 143 | Step 101/196 | Loss: 0.2444 | Acc: 92.02%
[2025-06-15 18:09:53,917] INFO: Epoch 143 training completed
[2025-06-15 18:09:56,891] INFO: Test Loss: 0.3751 | Test Acc: 88.18%
[2025-06-15 18:09:57,033] INFO: New best accuracy: 88.18%, model saved to ensemble_ghostnetv3_cifar10.pth
[2025-06-15 18:09:58,078] INFO: Epoch 144 | Step 1/196 | Loss: 0.1825 | Acc: 95.31%
[2025-06-15 18:11:00,431] INFO: Epoch 144 | Step 101/196 | Loss: 0.2412 | Acc: 92.22%
[2025-06-15 18:11:59,258] INFO: Epoch 144 training completed
[2025-06-15 18:12:02,231] INFO: Test Loss: 0.3868 | Test Acc: 87.95%
[2025-06-15 18:12:03,151] INFO: Epoch 145 | Step 1/196 | Loss: 0.1777 | Acc: 95.70%
[2025-06-15 18:13:05,549] INFO: Epoch 145 | Step 101/196 | Loss: 0.2326 | Acc: 92.43%
[2025-06-15 18:14:04,420] INFO: Epoch 145 training completed
[2025-06-15 18:14:07,397] INFO: Test Loss: 0.4582 | Test Acc: 85.78%
[2025-06-15 18:14:08,325] INFO: Epoch 146 | Step 1/196 | Loss: 0.1683 | Acc: 94.14%
[2025-06-15 18:15:10,680] INFO: Epoch 146 | Step 101/196 | Loss: 0.2322 | Acc: 92.53%
[2025-06-15 18:16:09,506] INFO: Epoch 146 training completed
[2025-06-15 18:16:12,485] INFO: Test Loss: 0.4745 | Test Acc: 84.71%
[2025-06-15 18:16:13,405] INFO: Epoch 147 | Step 1/196 | Loss: 0.1791 | Acc: 93.75%
[2025-06-15 18:17:15,793] INFO: Epoch 147 | Step 101/196 | Loss: 0.2302 | Acc: 92.57%
[2025-06-15 18:18:14,658] INFO: Epoch 147 training completed
[2025-06-15 18:18:17,635] INFO: Test Loss: 0.3729 | Test Acc: 88.35%
[2025-06-15 18:18:17,786] INFO: New best accuracy: 88.35%, model saved to ensemble_ghostnetv3_cifar10.pth
[2025-06-15 18:18:18,829] INFO: Epoch 148 | Step 1/196 | Loss: 0.1493 | Acc: 96.09%
[2025-06-15 18:19:21,170] INFO: Epoch 148 | Step 101/196 | Loss: 0.2199 | Acc: 92.83%
[2025-06-15 18:20:19,991] INFO: Epoch 148 training completed
[2025-06-15 18:20:22,980] INFO: Test Loss: 0.4756 | Test Acc: 84.62%
[2025-06-15 18:20:23,902] INFO: Epoch 149 | Step 1/196 | Loss: 0.1928 | Acc: 92.58%
[2025-06-15 18:21:26,259] INFO: Epoch 149 | Step 101/196 | Loss: 0.2229 | Acc: 92.76%
[2025-06-15 18:22:25,087] INFO: Epoch 149 training completed
[2025-06-15 18:22:28,063] INFO: Test Loss: 0.4149 | Test Acc: 87.05%
[2025-06-15 18:22:29,000] INFO: Epoch 150 | Step 1/196 | Loss: 0.1577 | Acc: 94.53%
[2025-06-15 18:23:31,339] INFO: Epoch 150 | Step 101/196 | Loss: 0.2146 | Acc: 92.98%
[2025-06-15 18:24:30,160] INFO: Epoch 150 training completed
[2025-06-15 18:24:33,128] INFO: Test Loss: 0.3808 | Test Acc: 88.18%
[2025-06-15 18:24:34,064] INFO: Epoch 151 | Step 1/196 | Loss: 0.1817 | Acc: 94.53%
[2025-06-15 18:25:36,407] INFO: Epoch 151 | Step 101/196 | Loss: 0.2114 | Acc: 93.07%
[2025-06-15 18:26:35,233] INFO: Epoch 151 training completed
[2025-06-15 18:26:38,197] INFO: Test Loss: 0.4304 | Test Acc: 86.88%
[2025-06-15 18:26:39,242] INFO: Epoch 152 | Step 1/196 | Loss: 0.1495 | Acc: 95.31%
[2025-06-15 18:27:41,579] INFO: Epoch 152 | Step 101/196 | Loss: 0.2043 | Acc: 93.49%
[2025-06-15 18:28:40,399] INFO: Epoch 152 training completed
[2025-06-15 18:28:43,381] INFO: Test Loss: 0.3543 | Test Acc: 88.68%
[2025-06-15 18:28:43,517] INFO: New best accuracy: 88.68%, model saved to ensemble_ghostnetv3_cifar10.pth
[2025-06-15 18:28:44,454] INFO: Epoch 153 | Step 1/196 | Loss: 0.1829 | Acc: 96.09%
[2025-06-15 18:29:46,780] INFO: Epoch 153 | Step 101/196 | Loss: 0.2010 | Acc: 93.66%
[2025-06-15 18:30:45,583] INFO: Epoch 153 training completed
[2025-06-15 18:30:48,556] INFO: Test Loss: 0.4362 | Test Acc: 86.67%
[2025-06-15 18:30:49,487] INFO: Epoch 154 | Step 1/196 | Loss: 0.1823 | Acc: 92.58%
[2025-06-15 18:31:51,817] INFO: Epoch 154 | Step 101/196 | Loss: 0.2008 | Acc: 93.55%
[2025-06-15 18:32:50,636] INFO: Epoch 154 training completed
[2025-06-15 18:32:53,603] INFO: Test Loss: 0.3320 | Test Acc: 89.51%
[2025-06-15 18:32:53,748] INFO: New best accuracy: 89.51%, model saved to ensemble_ghostnetv3_cifar10.pth
[2025-06-15 18:32:54,670] INFO: Epoch 155 | Step 1/196 | Loss: 0.1399 | Acc: 95.70%
[2025-06-15 18:33:56,992] INFO: Epoch 155 | Step 101/196 | Loss: 0.1932 | Acc: 93.89%
[2025-06-15 18:34:55,798] INFO: Epoch 155 training completed
[2025-06-15 18:34:58,774] INFO: Test Loss: 0.4347 | Test Acc: 86.99%
[2025-06-15 18:34:59,709] INFO: Epoch 156 | Step 1/196 | Loss: 0.1573 | Acc: 94.53%
[2025-06-15 18:36:02,033] INFO: Epoch 156 | Step 101/196 | Loss: 0.1904 | Acc: 93.94%
[2025-06-15 18:37:00,833] INFO: Epoch 156 training completed
[2025-06-15 18:37:03,798] INFO: Test Loss: 0.4060 | Test Acc: 87.59%
[2025-06-15 18:37:04,713] INFO: Epoch 157 | Step 1/196 | Loss: 0.1322 | Acc: 96.88%
[2025-06-15 18:38:07,035] INFO: Epoch 157 | Step 101/196 | Loss: 0.1778 | Acc: 94.51%
[2025-06-15 18:39:05,831] INFO: Epoch 157 training completed
[2025-06-15 18:39:08,809] INFO: Test Loss: 0.3856 | Test Acc: 88.25%
[2025-06-15 18:39:09,773] INFO: Epoch 158 | Step 1/196 | Loss: 0.1331 | Acc: 96.48%
[2025-06-15 18:40:12,086] INFO: Epoch 158 | Step 101/196 | Loss: 0.1759 | Acc: 94.43%
[2025-06-15 18:41:10,873] INFO: Epoch 158 training completed
[2025-06-15 18:41:13,840] INFO: Test Loss: 0.4817 | Test Acc: 86.05%
[2025-06-15 18:41:14,755] INFO: Epoch 159 | Step 1/196 | Loss: 0.1116 | Acc: 96.09%
[2025-06-15 18:42:17,069] INFO: Epoch 159 | Step 101/196 | Loss: 0.1724 | Acc: 94.50%
[2025-06-15 18:43:15,860] INFO: Epoch 159 training completed
[2025-06-15 18:43:18,825] INFO: Test Loss: 0.3652 | Test Acc: 88.66%
[2025-06-15 18:43:19,754] INFO: Epoch 160 | Step 1/196 | Loss: 0.1040 | Acc: 97.27%
[2025-06-15 18:44:22,062] INFO: Epoch 160 | Step 101/196 | Loss: 0.1666 | Acc: 94.93%
[2025-06-15 18:45:20,839] INFO: Epoch 160 training completed
[2025-06-15 18:45:23,816] INFO: Test Loss: 0.3672 | Test Acc: 88.46%
[2025-06-15 18:45:24,738] INFO: Epoch 161 | Step 1/196 | Loss: 0.1178 | Acc: 97.27%
[2025-06-15 18:46:27,056] INFO: Epoch 161 | Step 101/196 | Loss: 0.1583 | Acc: 95.13%
[2025-06-15 18:47:25,842] INFO: Epoch 161 training completed
[2025-06-15 18:47:28,818] INFO: Test Loss: 0.3787 | Test Acc: 88.50%
[2025-06-15 18:47:29,747] INFO: Epoch 162 | Step 1/196 | Loss: 0.1260 | Acc: 96.09%
[2025-06-15 18:48:32,039] INFO: Epoch 162 | Step 101/196 | Loss: 0.1610 | Acc: 94.95%
[2025-06-15 18:49:30,813] INFO: Epoch 162 training completed
[2025-06-15 18:49:33,780] INFO: Test Loss: 0.3454 | Test Acc: 89.61%
[2025-06-15 18:49:33,926] INFO: New best accuracy: 89.61%, model saved to ensemble_ghostnetv3_cifar10.pth
[2025-06-15 18:49:34,859] INFO: Epoch 163 | Step 1/196 | Loss: 0.0971 | Acc: 97.66%
[2025-06-15 18:50:37,168] INFO: Epoch 163 | Step 101/196 | Loss: 0.1543 | Acc: 95.38%
[2025-06-15 18:51:35,944] INFO: Epoch 163 training completed
[2025-06-15 18:51:38,915] INFO: Test Loss: 0.3326 | Test Acc: 90.03%
[2025-06-15 18:51:39,048] INFO: New best accuracy: 90.03%, model saved to ensemble_ghostnetv3_cifar10.pth
[2025-06-15 18:51:39,984] INFO: Epoch 164 | Step 1/196 | Loss: 0.1117 | Acc: 97.27%
[2025-06-15 18:52:42,275] INFO: Epoch 164 | Step 101/196 | Loss: 0.1531 | Acc: 95.32%
[2025-06-15 18:53:41,055] INFO: Epoch 164 training completed
[2025-06-15 18:53:44,024] INFO: Test Loss: 0.3169 | Test Acc: 90.31%
[2025-06-15 18:53:44,169] INFO: New best accuracy: 90.31%, model saved to ensemble_ghostnetv3_cifar10.pth
[2025-06-15 18:53:45,107] INFO: Epoch 165 | Step 1/196 | Loss: 0.1091 | Acc: 97.27%
[2025-06-15 18:54:47,403] INFO: Epoch 165 | Step 101/196 | Loss: 0.1408 | Acc: 95.88%
[2025-06-15 18:55:46,178] INFO: Epoch 165 training completed
[2025-06-15 18:55:49,159] INFO: Test Loss: 0.3524 | Test Acc: 89.44%
[2025-06-15 18:55:50,095] INFO: Epoch 166 | Step 1/196 | Loss: 0.1204 | Acc: 96.88%
[2025-06-15 18:56:52,381] INFO: Epoch 166 | Step 101/196 | Loss: 0.1388 | Acc: 95.83%
[2025-06-15 18:57:51,139] INFO: Epoch 166 training completed
[2025-06-15 18:57:54,110] INFO: Test Loss: 0.3445 | Test Acc: 89.62%
[2025-06-15 18:57:55,153] INFO: Epoch 167 | Step 1/196 | Loss: 0.1044 | Acc: 96.48%
[2025-06-15 18:58:57,445] INFO: Epoch 167 | Step 101/196 | Loss: 0.1310 | Acc: 96.15%
[2025-06-15 18:59:56,206] INFO: Epoch 167 training completed
[2025-06-15 18:59:59,172] INFO: Test Loss: 0.3504 | Test Acc: 89.64%
[2025-06-15 19:00:00,137] INFO: Epoch 168 | Step 1/196 | Loss: 0.1366 | Acc: 96.09%
[2025-06-15 19:01:02,426] INFO: Epoch 168 | Step 101/196 | Loss: 0.1303 | Acc: 96.19%
[2025-06-15 19:02:01,185] INFO: Epoch 168 training completed
[2025-06-15 19:02:04,160] INFO: Test Loss: 0.3346 | Test Acc: 90.13%
[2025-06-15 19:02:05,096] INFO: Epoch 169 | Step 1/196 | Loss: 0.0725 | Acc: 98.83%
[2025-06-15 19:03:07,377] INFO: Epoch 169 | Step 101/196 | Loss: 0.1232 | Acc: 96.35%
[2025-06-15 19:04:06,149] INFO: Epoch 169 training completed
[2025-06-15 19:04:09,123] INFO: Test Loss: 0.3219 | Test Acc: 90.35%
[2025-06-15 19:04:09,275] INFO: New best accuracy: 90.35%, model saved to ensemble_ghostnetv3_cifar10.pth
[2025-06-15 19:04:10,200] INFO: Epoch 170 | Step 1/196 | Loss: 0.0894 | Acc: 97.66%
[2025-06-15 19:05:12,487] INFO: Epoch 170 | Step 101/196 | Loss: 0.1163 | Acc: 96.70%
[2025-06-15 19:06:11,257] INFO: Epoch 170 training completed
[2025-06-15 19:06:14,233] INFO: Test Loss: 0.2963 | Test Acc: 91.47%
[2025-06-15 19:06:14,477] INFO: New best accuracy: 91.47%, model saved to ensemble_ghostnetv3_cifar10.pth
[2025-06-15 19:06:15,417] INFO: Epoch 171 | Step 1/196 | Loss: 0.1062 | Acc: 97.27%
[2025-06-15 19:07:17,714] INFO: Epoch 171 | Step 101/196 | Loss: 0.1078 | Acc: 97.03%
[2025-06-15 19:08:16,532] INFO: Epoch 171 training completed
[2025-06-15 19:08:19,512] INFO: Test Loss: 0.3175 | Test Acc: 90.63%
[2025-06-15 19:08:20,451] INFO: Epoch 172 | Step 1/196 | Loss: 0.0922 | Acc: 97.66%
[2025-06-15 19:09:22,780] INFO: Epoch 172 | Step 101/196 | Loss: 0.1028 | Acc: 97.23%
[2025-06-15 19:10:21,587] INFO: Epoch 172 training completed
[2025-06-15 19:10:24,581] INFO: Test Loss: 0.3225 | Test Acc: 90.67%
[2025-06-15 19:10:25,554] INFO: Epoch 173 | Step 1/196 | Loss: 0.0988 | Acc: 96.88%
[2025-06-15 19:11:27,887] INFO: Epoch 173 | Step 101/196 | Loss: 0.1016 | Acc: 97.20%
[2025-06-15 19:12:26,691] INFO: Epoch 173 training completed
[2025-06-15 19:12:29,684] INFO: Test Loss: 0.3117 | Test Acc: 90.81%
[2025-06-15 19:12:30,648] INFO: Epoch 174 | Step 1/196 | Loss: 0.0721 | Acc: 98.83%
[2025-06-15 19:13:32,991] INFO: Epoch 174 | Step 101/196 | Loss: 0.0927 | Acc: 97.54%
[2025-06-15 19:14:31,815] INFO: Epoch 174 training completed
[2025-06-15 19:14:34,797] INFO: Test Loss: 0.3211 | Test Acc: 90.70%
[2025-06-15 19:14:35,846] INFO: Epoch 175 | Step 1/196 | Loss: 0.0633 | Acc: 99.22%
[2025-06-15 19:15:38,163] INFO: Epoch 175 | Step 101/196 | Loss: 0.0898 | Acc: 97.66%
[2025-06-15 19:16:36,948] INFO: Epoch 175 training completed
[2025-06-15 19:16:39,937] INFO: Test Loss: 0.2953 | Test Acc: 91.38%
[2025-06-15 19:16:40,871] INFO: Epoch 176 | Step 1/196 | Loss: 0.0630 | Acc: 98.83%
[2025-06-15 19:17:43,181] INFO: Epoch 176 | Step 101/196 | Loss: 0.0817 | Acc: 97.95%
[2025-06-15 19:18:41,963] INFO: Epoch 176 training completed
[2025-06-15 19:18:44,941] INFO: Test Loss: 0.3223 | Test Acc: 90.65%
[2025-06-15 19:18:45,884] INFO: Epoch 177 | Step 1/196 | Loss: 0.0896 | Acc: 96.88%
[2025-06-15 19:19:48,179] INFO: Epoch 177 | Step 101/196 | Loss: 0.0777 | Acc: 98.09%
[2025-06-15 19:20:46,957] INFO: Epoch 177 training completed
[2025-06-15 19:20:49,927] INFO: Test Loss: 0.2963 | Test Acc: 91.76%
[2025-06-15 19:20:50,079] INFO: New best accuracy: 91.76%, model saved to ensemble_ghostnetv3_cifar10.pth
[2025-06-15 19:20:51,007] INFO: Epoch 178 | Step 1/196 | Loss: 0.0588 | Acc: 98.83%
[2025-06-15 19:21:53,298] INFO: Epoch 178 | Step 101/196 | Loss: 0.0704 | Acc: 98.43%
[2025-06-15 19:22:52,065] INFO: Epoch 178 training completed
[2025-06-15 19:22:55,035] INFO: Test Loss: 0.2791 | Test Acc: 92.23%
[2025-06-15 19:22:55,173] INFO: New best accuracy: 92.23%, model saved to ensemble_ghostnetv3_cifar10.pth
[2025-06-15 19:22:56,104] INFO: Epoch 179 | Step 1/196 | Loss: 0.0665 | Acc: 99.22%
[2025-06-15 19:23:58,382] INFO: Epoch 179 | Step 101/196 | Loss: 0.0687 | Acc: 98.48%
[2025-06-15 19:24:57,143] INFO: Epoch 179 training completed
[2025-06-15 19:25:00,118] INFO: Test Loss: 0.2916 | Test Acc: 91.93%
[2025-06-15 19:25:01,059] INFO: Epoch 180 | Step 1/196 | Loss: 0.0557 | Acc: 99.61%
[2025-06-15 19:26:03,331] INFO: Epoch 180 | Step 101/196 | Loss: 0.0635 | Acc: 98.65%
[2025-06-15 19:27:02,079] INFO: Epoch 180 training completed
[2025-06-15 19:27:05,040] INFO: Test Loss: 0.2734 | Test Acc: 92.33%
[2025-06-15 19:27:05,181] INFO: New best accuracy: 92.33%, model saved to ensemble_ghostnetv3_cifar10.pth
[2025-06-15 19:27:06,109] INFO: Epoch 181 | Step 1/196 | Loss: 0.0532 | Acc: 99.22%
[2025-06-15 19:28:08,381] INFO: Epoch 181 | Step 101/196 | Loss: 0.0597 | Acc: 98.85%
[2025-06-15 19:29:07,136] INFO: Epoch 181 training completed
[2025-06-15 19:29:10,095] INFO: Test Loss: 0.2885 | Test Acc: 92.27%
[2025-06-15 19:29:11,140] INFO: Epoch 182 | Step 1/196 | Loss: 0.0472 | Acc: 99.61%
[2025-06-15 19:30:13,414] INFO: Epoch 182 | Step 101/196 | Loss: 0.0553 | Acc: 98.96%
[2025-06-15 19:31:12,171] INFO: Epoch 182 training completed
[2025-06-15 19:31:15,141] INFO: Test Loss: 0.2686 | Test Acc: 92.40%
[2025-06-15 19:31:15,305] INFO: New best accuracy: 92.40%, model saved to ensemble_ghostnetv3_cifar10.pth
[2025-06-15 19:31:16,230] INFO: Epoch 183 | Step 1/196 | Loss: 0.0377 | Acc: 99.61%
[2025-06-15 19:32:18,516] INFO: Epoch 183 | Step 101/196 | Loss: 0.0515 | Acc: 99.05%
[2025-06-15 19:33:17,273] INFO: Epoch 183 training completed
[2025-06-15 19:33:20,248] INFO: Test Loss: 0.2714 | Test Acc: 92.32%
[2025-06-15 19:33:21,170] INFO: Epoch 184 | Step 1/196 | Loss: 0.0405 | Acc: 99.61%
[2025-06-15 19:34:23,443] INFO: Epoch 184 | Step 101/196 | Loss: 0.0478 | Acc: 99.27%
[2025-06-15 19:35:22,190] INFO: Epoch 184 training completed
[2025-06-15 19:35:25,171] INFO: Test Loss: 0.2743 | Test Acc: 92.36%
[2025-06-15 19:35:26,104] INFO: Epoch 185 | Step 1/196 | Loss: 0.0465 | Acc: 98.83%
[2025-06-15 19:36:28,383] INFO: Epoch 185 | Step 101/196 | Loss: 0.0450 | Acc: 99.41%
[2025-06-15 19:37:27,143] INFO: Epoch 185 training completed
[2025-06-15 19:37:30,110] INFO: Test Loss: 0.2757 | Test Acc: 92.59%
[2025-06-15 19:37:30,260] INFO: New best accuracy: 92.59%, model saved to ensemble_ghostnetv3_cifar10.pth
[2025-06-15 19:37:31,296] INFO: Epoch 186 | Step 1/196 | Loss: 0.0567 | Acc: 98.83%
[2025-06-15 19:38:33,579] INFO: Epoch 186 | Step 101/196 | Loss: 0.0431 | Acc: 99.37%
[2025-06-15 19:39:32,335] INFO: Epoch 186 training completed
[2025-06-15 19:39:35,312] INFO: Test Loss: 0.2660 | Test Acc: 92.86%
[2025-06-15 19:39:35,455] INFO: New best accuracy: 92.86%, model saved to ensemble_ghostnetv3_cifar10.pth
[2025-06-15 19:39:36,396] INFO: Epoch 187 | Step 1/196 | Loss: 0.0322 | Acc: 100.00%
[2025-06-15 19:40:38,683] INFO: Epoch 187 | Step 101/196 | Loss: 0.0406 | Acc: 99.52%
[2025-06-15 19:41:37,436] INFO: Epoch 187 training completed
[2025-06-15 19:41:40,406] INFO: Test Loss: 0.2662 | Test Acc: 92.85%
[2025-06-15 19:41:41,339] INFO: Epoch 188 | Step 1/196 | Loss: 0.0404 | Acc: 99.22%
[2025-06-15 19:42:43,608] INFO: Epoch 188 | Step 101/196 | Loss: 0.0397 | Acc: 99.56%
[2025-06-15 19:43:42,360] INFO: Epoch 188 training completed
[2025-06-15 19:43:45,330] INFO: Test Loss: 0.2660 | Test Acc: 92.87%
[2025-06-15 19:43:45,463] INFO: New best accuracy: 92.87%, model saved to ensemble_ghostnetv3_cifar10.pth
[2025-06-15 19:43:46,410] INFO: Epoch 189 | Step 1/196 | Loss: 0.0338 | Acc: 99.61%
[2025-06-15 19:44:48,685] INFO: Epoch 189 | Step 101/196 | Loss: 0.0363 | Acc: 99.67%
[2025-06-15 19:45:47,426] INFO: Epoch 189 training completed
[2025-06-15 19:45:50,397] INFO: Test Loss: 0.2631 | Test Acc: 93.09%
[2025-06-15 19:45:50,534] INFO: New best accuracy: 93.09%, model saved to ensemble_ghostnetv3_cifar10.pth
[2025-06-15 19:45:51,452] INFO: Epoch 190 | Step 1/196 | Loss: 0.0283 | Acc: 100.00%
[2025-06-15 19:46:53,730] INFO: Epoch 190 | Step 101/196 | Loss: 0.0357 | Acc: 99.71%
[2025-06-15 19:47:52,477] INFO: Epoch 190 training completed
[2025-06-15 19:47:55,446] INFO: Test Loss: 0.2646 | Test Acc: 93.07%
[2025-06-15 19:47:56,371] INFO: Epoch 191 | Step 1/196 | Loss: 0.0285 | Acc: 100.00%
[2025-06-15 19:48:58,634] INFO: Epoch 191 | Step 101/196 | Loss: 0.0353 | Acc: 99.70%
[2025-06-15 19:49:57,378] INFO: Epoch 191 training completed
[2025-06-15 19:50:00,364] INFO: Test Loss: 0.2608 | Test Acc: 93.19%
[2025-06-15 19:50:00,495] INFO: New best accuracy: 93.19%, model saved to ensemble_ghostnetv3_cifar10.pth
[2025-06-15 19:50:01,419] INFO: Epoch 192 | Step 1/196 | Loss: 0.0303 | Acc: 100.00%
[2025-06-15 19:51:03,684] INFO: Epoch 192 | Step 101/196 | Loss: 0.0350 | Acc: 99.70%
[2025-06-15 19:52:02,428] INFO: Epoch 192 training completed
[2025-06-15 19:52:05,411] INFO: Test Loss: 0.2599 | Test Acc: 93.28%
[2025-06-15 19:52:05,663] INFO: New best accuracy: 93.28%, model saved to ensemble_ghostnetv3_cifar10.pth
[2025-06-15 19:52:06,583] INFO: Epoch 193 | Step 1/196 | Loss: 0.0287 | Acc: 100.00%
[2025-06-15 19:53:08,855] INFO: Epoch 193 | Step 101/196 | Loss: 0.0325 | Acc: 99.80%
[2025-06-15 19:54:07,617] INFO: Epoch 193 training completed
[2025-06-15 19:54:10,612] INFO: Test Loss: 0.2593 | Test Acc: 93.17%
[2025-06-15 19:54:11,558] INFO: Epoch 194 | Step 1/196 | Loss: 0.0283 | Acc: 100.00%
[2025-06-15 19:55:13,827] INFO: Epoch 194 | Step 101/196 | Loss: 0.0332 | Acc: 99.76%
[2025-06-15 19:56:12,577] INFO: Epoch 194 training completed
[2025-06-15 19:56:15,545] INFO: Test Loss: 0.2590 | Test Acc: 93.16%
[2025-06-15 19:56:16,469] INFO: Epoch 195 | Step 1/196 | Loss: 0.0291 | Acc: 100.00%
[2025-06-15 19:57:18,743] INFO: Epoch 195 | Step 101/196 | Loss: 0.0329 | Acc: 99.75%
[2025-06-15 19:58:17,497] INFO: Epoch 195 training completed
[2025-06-15 19:58:20,480] INFO: Test Loss: 0.2576 | Test Acc: 93.18%
[2025-06-15 19:58:21,429] INFO: Epoch 196 | Step 1/196 | Loss: 0.0279 | Acc: 100.00%
[2025-06-15 19:59:23,697] INFO: Epoch 196 | Step 101/196 | Loss: 0.0322 | Acc: 99.77%
[2025-06-15 20:00:22,441] INFO: Epoch 196 training completed
[2025-06-15 20:00:25,412] INFO: Test Loss: 0.2574 | Test Acc: 93.19%
[2025-06-15 20:00:26,356] INFO: Epoch 197 | Step 1/196 | Loss: 0.0300 | Acc: 100.00%
[2025-06-15 20:01:28,593] INFO: Epoch 197 | Step 101/196 | Loss: 0.0320 | Acc: 99.80%
[2025-06-15 20:02:27,307] INFO: Epoch 197 training completed
[2025-06-15 20:02:30,280] INFO: Test Loss: 0.2576 | Test Acc: 93.08%
[2025-06-15 20:02:31,197] INFO: Epoch 198 | Step 1/196 | Loss: 0.0281 | Acc: 100.00%
[2025-06-15 20:03:33,428] INFO: Epoch 198 | Step 101/196 | Loss: 0.0327 | Acc: 99.78%
[2025-06-15 20:04:32,141] INFO: Epoch 198 training completed
[2025-06-15 20:04:35,107] INFO: Test Loss: 0.2570 | Test Acc: 93.09%
[2025-06-15 20:04:36,049] INFO: Epoch 199 | Step 1/196 | Loss: 0.0259 | Acc: 100.00%
[2025-06-15 20:05:38,273] INFO: Epoch 199 | Step 101/196 | Loss: 0.0320 | Acc: 99.78%
[2025-06-15 20:06:36,985] INFO: Epoch 199 training completed
[2025-06-15 20:06:39,957] INFO: Test Loss: 0.2571 | Test Acc: 93.09%
[2025-06-15 20:06:40,887] INFO: Epoch 200 | Step 1/196 | Loss: 0.0263 | Acc: 100.00%
[2025-06-15 20:07:43,146] INFO: Epoch 200 | Step 101/196 | Loss: 0.0322 | Acc: 99.77%
[2025-06-15 20:08:41,897] INFO: Epoch 200 training completed
[2025-06-15 20:08:44,869] INFO: Test Loss: 0.2572 | Test Acc: 93.11%
[2025-06-15 20:08:45,067] INFO: Training complete. Best Test Accuracy: 93.28%
