[2025-05-28 16:55:30,964] INFO: Using device: cuda
[2025-05-28 16:55:32,085] INFO: Using GhostNetV3 with width 1.3
[2025-05-28 16:55:57,282] INFO: Epoch 1 | Step 1/196 | Loss: 4.1100 | Acc: 7.81%
[2025-05-28 16:56:09,607] INFO: Epoch 1 | Step 101/196 | Loss: 2.8893 | Acc: 11.67%
[2025-05-28 16:56:21,335] INFO: Epoch 1 training completed
[2025-05-28 16:56:44,799] INFO: Test Loss: 2.2330 | Test Acc: 17.33%
[2025-05-28 16:56:44,903] INFO: New best accuracy: 17.33%, model saved.
[2025-05-28 16:56:45,258] INFO: Epoch 2 | Step 1/196 | Loss: 2.3181 | Acc: 14.45%
[2025-05-28 16:56:57,586] INFO: Epoch 2 | Step 101/196 | Loss: 2.2064 | Acc: 18.72%
[2025-05-28 16:57:09,243] INFO: Epoch 2 training completed
[2025-05-28 16:57:10,710] INFO: Test Loss: 2.0358 | Test Acc: 23.91%
[2025-05-28 16:57:10,810] INFO: New best accuracy: 23.91%, model saved.
[2025-05-28 16:57:11,158] INFO: Epoch 3 | Step 1/196 | Loss: 2.0196 | Acc: 29.30%
[2025-05-28 16:57:23,499] INFO: Epoch 3 | Step 101/196 | Loss: 2.0061 | Acc: 25.20%
[2025-05-28 16:57:35,164] INFO: Epoch 3 training completed
[2025-05-28 16:57:36,629] INFO: Test Loss: 1.9367 | Test Acc: 27.67%
[2025-05-28 16:57:36,730] INFO: New best accuracy: 27.67%, model saved.
[2025-05-28 16:57:37,076] INFO: Epoch 4 | Step 1/196 | Loss: 1.8939 | Acc: 26.56%
[2025-05-28 16:57:49,456] INFO: Epoch 4 | Step 101/196 | Loss: 1.8968 | Acc: 28.51%
[2025-05-28 16:58:01,161] INFO: Epoch 4 training completed
[2025-05-28 16:58:02,632] INFO: Test Loss: 1.7938 | Test Acc: 31.91%
[2025-05-28 16:58:02,733] INFO: New best accuracy: 31.91%, model saved.
[2025-05-28 16:58:03,108] INFO: Epoch 5 | Step 1/196 | Loss: 1.7944 | Acc: 33.59%
[2025-05-28 16:58:15,502] INFO: Epoch 5 | Step 101/196 | Loss: 1.7687 | Acc: 33.13%
[2025-05-28 16:58:27,218] INFO: Epoch 5 training completed
[2025-05-28 16:58:28,706] INFO: Test Loss: 1.6847 | Test Acc: 37.19%
[2025-05-28 16:58:28,817] INFO: New best accuracy: 37.19%, model saved.
[2025-05-28 16:58:29,167] INFO: Epoch 6 | Step 1/196 | Loss: 1.7122 | Acc: 40.62%
[2025-05-28 16:58:41,549] INFO: Epoch 6 | Step 101/196 | Loss: 1.6926 | Acc: 36.97%
[2025-05-28 16:58:53,259] INFO: Epoch 6 training completed
[2025-05-28 16:58:54,750] INFO: Test Loss: 1.6321 | Test Acc: 39.06%
[2025-05-28 16:58:54,852] INFO: New best accuracy: 39.06%, model saved.
[2025-05-28 16:58:55,203] INFO: Epoch 7 | Step 1/196 | Loss: 1.5811 | Acc: 40.62%
[2025-05-28 16:59:07,589] INFO: Epoch 7 | Step 101/196 | Loss: 1.6144 | Acc: 39.97%
[2025-05-28 16:59:19,323] INFO: Epoch 7 training completed
[2025-05-28 16:59:20,800] INFO: Test Loss: 1.5376 | Test Acc: 43.50%
[2025-05-28 16:59:20,902] INFO: New best accuracy: 43.50%, model saved.
[2025-05-28 16:59:21,246] INFO: Epoch 8 | Step 1/196 | Loss: 1.6619 | Acc: 38.28%
[2025-05-28 16:59:33,630] INFO: Epoch 8 | Step 101/196 | Loss: 1.5420 | Acc: 43.24%
[2025-05-28 16:59:45,343] INFO: Epoch 8 training completed
[2025-05-28 16:59:46,826] INFO: Test Loss: 1.4676 | Test Acc: 45.64%
[2025-05-28 16:59:46,928] INFO: New best accuracy: 45.64%, model saved.
[2025-05-28 16:59:47,268] INFO: Epoch 9 | Step 1/196 | Loss: 1.4877 | Acc: 42.97%
[2025-05-28 16:59:59,663] INFO: Epoch 9 | Step 101/196 | Loss: 1.4544 | Acc: 46.77%
[2025-05-28 17:00:11,378] INFO: Epoch 9 training completed
[2025-05-28 17:00:12,865] INFO: Test Loss: 1.3902 | Test Acc: 49.27%
[2025-05-28 17:00:12,968] INFO: New best accuracy: 49.27%, model saved.
[2025-05-28 17:00:13,323] INFO: Epoch 10 | Step 1/196 | Loss: 1.4057 | Acc: 47.66%
[2025-05-28 17:00:25,736] INFO: Epoch 10 | Step 101/196 | Loss: 1.3884 | Acc: 49.49%
[2025-05-28 17:00:37,500] INFO: Epoch 10 training completed
[2025-05-28 17:00:38,988] INFO: Test Loss: 1.3654 | Test Acc: 50.34%
[2025-05-28 17:00:39,091] INFO: New best accuracy: 50.34%, model saved.
[2025-05-28 17:00:39,442] INFO: Epoch 11 | Step 1/196 | Loss: 1.2612 | Acc: 52.34%
[2025-05-28 17:00:51,854] INFO: Epoch 11 | Step 101/196 | Loss: 1.3210 | Acc: 51.64%
[2025-05-28 17:01:03,598] INFO: Epoch 11 training completed
[2025-05-28 17:01:05,086] INFO: Test Loss: 1.2777 | Test Acc: 54.50%
[2025-05-28 17:01:05,188] INFO: New best accuracy: 54.50%, model saved.
[2025-05-28 17:01:05,544] INFO: Epoch 12 | Step 1/196 | Loss: 1.4283 | Acc: 49.22%
[2025-05-28 17:01:17,948] INFO: Epoch 12 | Step 101/196 | Loss: 1.2663 | Acc: 54.49%
[2025-05-28 17:01:29,683] INFO: Epoch 12 training completed
[2025-05-28 17:01:31,169] INFO: Test Loss: 1.2014 | Test Acc: 56.99%
[2025-05-28 17:01:31,273] INFO: New best accuracy: 56.99%, model saved.
[2025-05-28 17:01:31,622] INFO: Epoch 13 | Step 1/196 | Loss: 1.2833 | Acc: 54.69%
[2025-05-28 17:01:44,031] INFO: Epoch 13 | Step 101/196 | Loss: 1.1928 | Acc: 57.04%
[2025-05-28 17:01:55,767] INFO: Epoch 13 training completed
[2025-05-28 17:01:57,257] INFO: Test Loss: 1.1713 | Test Acc: 57.73%
[2025-05-28 17:01:57,455] INFO: New best accuracy: 57.73%, model saved.
[2025-05-28 17:01:57,806] INFO: Epoch 14 | Step 1/196 | Loss: 1.0898 | Acc: 63.28%
[2025-05-28 17:02:10,228] INFO: Epoch 14 | Step 101/196 | Loss: 1.1401 | Acc: 59.12%
[2025-05-28 17:02:21,966] INFO: Epoch 14 training completed
[2025-05-28 17:02:23,446] INFO: Test Loss: 1.1204 | Test Acc: 59.82%
[2025-05-28 17:02:23,551] INFO: New best accuracy: 59.82%, model saved.
[2025-05-28 17:02:23,909] INFO: Epoch 15 | Step 1/196 | Loss: 1.1417 | Acc: 60.55%
[2025-05-28 17:02:36,323] INFO: Epoch 15 | Step 101/196 | Loss: 1.0857 | Acc: 61.18%
[2025-05-28 17:02:48,056] INFO: Epoch 15 training completed
[2025-05-28 17:02:49,546] INFO: Test Loss: 1.0974 | Test Acc: 60.23%
[2025-05-28 17:02:49,649] INFO: New best accuracy: 60.23%, model saved.
[2025-05-28 17:02:50,006] INFO: Epoch 16 | Step 1/196 | Loss: 1.0988 | Acc: 60.16%
[2025-05-28 17:03:02,421] INFO: Epoch 16 | Step 101/196 | Loss: 1.0264 | Acc: 63.40%
[2025-05-28 17:03:14,161] INFO: Epoch 16 training completed
[2025-05-28 17:03:15,649] INFO: Test Loss: 1.0140 | Test Acc: 64.61%
[2025-05-28 17:03:15,751] INFO: New best accuracy: 64.61%, model saved.
[2025-05-28 17:03:16,201] INFO: Epoch 17 | Step 1/196 | Loss: 0.9245 | Acc: 66.80%
[2025-05-28 17:03:28,604] INFO: Epoch 17 | Step 101/196 | Loss: 0.9690 | Acc: 65.42%
[2025-05-28 17:03:40,342] INFO: Epoch 17 training completed
[2025-05-28 17:03:41,818] INFO: Test Loss: 0.9339 | Test Acc: 66.60%
[2025-05-28 17:03:41,922] INFO: New best accuracy: 66.60%, model saved.
[2025-05-28 17:03:42,281] INFO: Epoch 18 | Step 1/196 | Loss: 0.9709 | Acc: 62.11%
[2025-05-28 17:03:54,693] INFO: Epoch 18 | Step 101/196 | Loss: 0.9085 | Acc: 67.21%
[2025-05-28 17:04:06,436] INFO: Epoch 18 training completed
[2025-05-28 17:04:07,921] INFO: Test Loss: 0.8953 | Test Acc: 67.94%
[2025-05-28 17:04:08,023] INFO: New best accuracy: 67.94%, model saved.
[2025-05-28 17:04:08,374] INFO: Epoch 19 | Step 1/196 | Loss: 0.8202 | Acc: 73.44%
[2025-05-28 17:04:20,788] INFO: Epoch 19 | Step 101/196 | Loss: 0.8694 | Acc: 69.28%
[2025-05-28 17:04:32,525] INFO: Epoch 19 training completed
[2025-05-28 17:04:34,005] INFO: Test Loss: 0.8985 | Test Acc: 67.51%
[2025-05-28 17:04:34,379] INFO: Epoch 20 | Step 1/196 | Loss: 0.8640 | Acc: 70.70%
[2025-05-28 17:04:46,789] INFO: Epoch 20 | Step 101/196 | Loss: 0.8279 | Acc: 70.85%
[2025-05-28 17:04:58,565] INFO: Epoch 20 training completed
[2025-05-28 17:05:00,052] INFO: Test Loss: 0.8353 | Test Acc: 70.18%
[2025-05-28 17:05:00,155] INFO: New best accuracy: 70.18%, model saved.
[2025-05-28 17:05:00,518] INFO: Epoch 21 | Step 1/196 | Loss: 0.6960 | Acc: 78.52%
[2025-05-28 17:05:12,932] INFO: Epoch 21 | Step 101/196 | Loss: 0.7787 | Acc: 72.34%
[2025-05-28 17:05:24,664] INFO: Epoch 21 training completed
[2025-05-28 17:05:26,149] INFO: Test Loss: 0.7991 | Test Acc: 71.97%
[2025-05-28 17:05:26,254] INFO: New best accuracy: 71.97%, model saved.
[2025-05-28 17:05:26,602] INFO: Epoch 22 | Step 1/196 | Loss: 0.7232 | Acc: 76.56%
[2025-05-28 17:05:39,051] INFO: Epoch 22 | Step 101/196 | Loss: 0.7434 | Acc: 73.72%
[2025-05-28 17:05:50,788] INFO: Epoch 22 training completed
[2025-05-28 17:05:52,284] INFO: Test Loss: 0.8404 | Test Acc: 69.85%
[2025-05-28 17:05:52,663] INFO: Epoch 23 | Step 1/196 | Loss: 0.7333 | Acc: 75.39%
[2025-05-28 17:06:05,078] INFO: Epoch 23 | Step 101/196 | Loss: 0.7054 | Acc: 75.38%
[2025-05-28 17:06:16,818] INFO: Epoch 23 training completed
[2025-05-28 17:06:18,312] INFO: Test Loss: 0.7912 | Test Acc: 72.35%
[2025-05-28 17:06:18,415] INFO: New best accuracy: 72.35%, model saved.
[2025-05-28 17:06:18,848] INFO: Epoch 24 | Step 1/196 | Loss: 0.7369 | Acc: 77.34%
[2025-05-28 17:06:31,264] INFO: Epoch 24 | Step 101/196 | Loss: 0.6832 | Acc: 76.30%
[2025-05-28 17:06:42,992] INFO: Epoch 24 training completed
[2025-05-28 17:06:44,482] INFO: Test Loss: 0.7355 | Test Acc: 74.92%
[2025-05-28 17:06:44,587] INFO: New best accuracy: 74.92%, model saved.
[2025-05-28 17:06:44,936] INFO: Epoch 25 | Step 1/196 | Loss: 0.5980 | Acc: 79.69%
[2025-05-28 17:06:57,349] INFO: Epoch 25 | Step 101/196 | Loss: 0.6451 | Acc: 77.96%
[2025-05-28 17:07:09,085] INFO: Epoch 25 training completed
[2025-05-28 17:07:10,581] INFO: Test Loss: 0.8053 | Test Acc: 72.17%
[2025-05-28 17:07:10,933] INFO: Epoch 26 | Step 1/196 | Loss: 0.5902 | Acc: 77.34%
[2025-05-28 17:07:23,342] INFO: Epoch 26 | Step 101/196 | Loss: 0.6302 | Acc: 78.38%
[2025-05-28 17:07:35,078] INFO: Epoch 26 training completed
[2025-05-28 17:07:36,557] INFO: Test Loss: 0.7208 | Test Acc: 75.23%
[2025-05-28 17:07:36,661] INFO: New best accuracy: 75.23%, model saved.
[2025-05-28 17:07:37,013] INFO: Epoch 27 | Step 1/196 | Loss: 0.5938 | Acc: 76.95%
[2025-05-28 17:07:49,423] INFO: Epoch 27 | Step 101/196 | Loss: 0.6066 | Acc: 79.10%
[2025-05-28 17:08:01,177] INFO: Epoch 27 training completed
[2025-05-28 17:08:02,665] INFO: Test Loss: 0.7017 | Test Acc: 76.42%
[2025-05-28 17:08:02,769] INFO: New best accuracy: 76.42%, model saved.
[2025-05-28 17:08:03,131] INFO: Epoch 28 | Step 1/196 | Loss: 0.6030 | Acc: 77.34%
[2025-05-28 17:08:15,543] INFO: Epoch 28 | Step 101/196 | Loss: 0.5956 | Acc: 79.68%
[2025-05-28 17:08:27,277] INFO: Epoch 28 training completed
[2025-05-28 17:08:28,763] INFO: Test Loss: 0.6590 | Test Acc: 77.96%
[2025-05-28 17:08:28,868] INFO: New best accuracy: 77.96%, model saved.
[2025-05-28 17:08:29,228] INFO: Epoch 29 | Step 1/196 | Loss: 0.6242 | Acc: 78.52%
[2025-05-28 17:08:41,637] INFO: Epoch 29 | Step 101/196 | Loss: 0.5877 | Acc: 80.21%
[2025-05-28 17:08:53,372] INFO: Epoch 29 training completed
[2025-05-28 17:08:54,864] INFO: Test Loss: 0.6472 | Test Acc: 78.11%
[2025-05-28 17:08:54,969] INFO: New best accuracy: 78.11%, model saved.
[2025-05-28 17:08:55,323] INFO: Epoch 30 | Step 1/196 | Loss: 0.5820 | Acc: 80.08%
[2025-05-28 17:09:07,740] INFO: Epoch 30 | Step 101/196 | Loss: 0.5725 | Acc: 80.71%
[2025-05-28 17:09:19,478] INFO: Epoch 30 training completed
[2025-05-28 17:09:20,970] INFO: Test Loss: 0.7794 | Test Acc: 72.66%
[2025-05-28 17:09:21,426] INFO: Epoch 31 | Step 1/196 | Loss: 0.5449 | Acc: 80.86%
[2025-05-28 17:09:33,836] INFO: Epoch 31 | Step 101/196 | Loss: 0.5617 | Acc: 81.01%
[2025-05-28 17:09:45,574] INFO: Epoch 31 training completed
[2025-05-28 17:09:47,060] INFO: Test Loss: 0.6697 | Test Acc: 77.33%
[2025-05-28 17:09:47,417] INFO: Epoch 32 | Step 1/196 | Loss: 0.6380 | Acc: 78.12%
[2025-05-28 17:09:59,822] INFO: Epoch 32 | Step 101/196 | Loss: 0.5607 | Acc: 81.30%
[2025-05-28 17:10:11,560] INFO: Epoch 32 training completed
[2025-05-28 17:10:13,049] INFO: Test Loss: 0.9644 | Test Acc: 67.81%
[2025-05-28 17:10:13,405] INFO: Epoch 33 | Step 1/196 | Loss: 0.5400 | Acc: 80.08%
[2025-05-28 17:10:25,817] INFO: Epoch 33 | Step 101/196 | Loss: 0.5471 | Acc: 81.66%
[2025-05-28 17:10:37,552] INFO: Epoch 33 training completed
[2025-05-28 17:10:39,034] INFO: Test Loss: 0.7879 | Test Acc: 72.56%
[2025-05-28 17:10:39,392] INFO: Epoch 34 | Step 1/196 | Loss: 0.5762 | Acc: 83.20%
[2025-05-28 17:10:51,805] INFO: Epoch 34 | Step 101/196 | Loss: 0.5522 | Acc: 81.43%
[2025-05-28 17:11:03,544] INFO: Epoch 34 training completed
[2025-05-28 17:11:05,034] INFO: Test Loss: 0.7749 | Test Acc: 74.22%
[2025-05-28 17:11:05,485] INFO: Epoch 35 | Step 1/196 | Loss: 0.5322 | Acc: 83.20%
[2025-05-28 17:11:17,896] INFO: Epoch 35 | Step 101/196 | Loss: 0.5409 | Acc: 82.07%
[2025-05-28 17:11:29,635] INFO: Epoch 35 training completed
[2025-05-28 17:11:31,124] INFO: Test Loss: 0.7609 | Test Acc: 74.27%
[2025-05-28 17:11:31,489] INFO: Epoch 36 | Step 1/196 | Loss: 0.5707 | Acc: 80.86%
[2025-05-28 17:11:43,899] INFO: Epoch 36 | Step 101/196 | Loss: 0.5493 | Acc: 81.88%
[2025-05-28 17:11:55,642] INFO: Epoch 36 training completed
[2025-05-28 17:11:57,135] INFO: Test Loss: 0.6621 | Test Acc: 77.37%
[2025-05-28 17:11:57,509] INFO: Epoch 37 | Step 1/196 | Loss: 0.5590 | Acc: 83.59%
[2025-05-28 17:12:09,922] INFO: Epoch 37 | Step 101/196 | Loss: 0.5308 | Acc: 82.71%
[2025-05-28 17:12:21,655] INFO: Epoch 37 training completed
[2025-05-28 17:12:23,138] INFO: Test Loss: 0.8232 | Test Acc: 71.94%
[2025-05-28 17:12:23,489] INFO: Epoch 38 | Step 1/196 | Loss: 0.5762 | Acc: 83.59%
[2025-05-28 17:12:35,906] INFO: Epoch 38 | Step 101/196 | Loss: 0.5312 | Acc: 82.66%
[2025-05-28 17:12:47,652] INFO: Epoch 38 training completed
[2025-05-28 17:12:49,132] INFO: Test Loss: 0.8083 | Test Acc: 73.34%
[2025-05-28 17:12:49,506] INFO: Epoch 39 | Step 1/196 | Loss: 0.5325 | Acc: 82.81%
[2025-05-28 17:13:02,085] INFO: Epoch 39 | Step 101/196 | Loss: 0.5395 | Acc: 82.19%
[2025-05-28 17:13:13,898] INFO: Epoch 39 training completed
[2025-05-28 17:13:15,397] INFO: Test Loss: 0.9582 | Test Acc: 65.80%
[2025-05-28 17:13:15,786] INFO: Epoch 40 | Step 1/196 | Loss: 0.6093 | Acc: 78.91%
[2025-05-28 17:13:28,187] INFO: Epoch 40 | Step 101/196 | Loss: 0.5359 | Acc: 82.22%
[2025-05-28 17:13:39,882] INFO: Epoch 40 training completed
[2025-05-28 17:13:41,366] INFO: Test Loss: 0.8590 | Test Acc: 72.37%
[2025-05-28 17:13:41,756] INFO: Epoch 41 | Step 1/196 | Loss: 0.5702 | Acc: 80.86%
[2025-05-28 17:13:54,187] INFO: Epoch 41 | Step 101/196 | Loss: 0.5330 | Acc: 82.53%
[2025-05-28 17:14:05,988] INFO: Epoch 41 training completed
[2025-05-28 17:14:07,486] INFO: Test Loss: 1.0995 | Test Acc: 64.36%
[2025-05-28 17:14:07,863] INFO: Epoch 42 | Step 1/196 | Loss: 0.4752 | Acc: 85.55%
[2025-05-28 17:14:20,383] INFO: Epoch 42 | Step 101/196 | Loss: 0.5407 | Acc: 82.36%
[2025-05-28 17:14:32,132] INFO: Epoch 42 training completed
[2025-05-28 17:14:33,602] INFO: Test Loss: 1.0528 | Test Acc: 64.96%
[2025-05-28 17:14:34,082] INFO: Epoch 43 | Step 1/196 | Loss: 0.6133 | Acc: 80.86%
[2025-05-28 17:14:46,536] INFO: Epoch 43 | Step 101/196 | Loss: 0.5397 | Acc: 82.17%
[2025-05-28 17:14:58,318] INFO: Epoch 43 training completed
[2025-05-28 17:14:59,795] INFO: Test Loss: 1.1461 | Test Acc: 59.90%
[2025-05-28 17:15:00,196] INFO: Epoch 44 | Step 1/196 | Loss: 0.5661 | Acc: 82.42%
[2025-05-28 17:15:12,661] INFO: Epoch 44 | Step 101/196 | Loss: 0.5347 | Acc: 82.71%
[2025-05-28 17:15:24,460] INFO: Epoch 44 training completed
[2025-05-28 17:15:25,954] INFO: Test Loss: 1.0508 | Test Acc: 66.65%
[2025-05-28 17:15:26,339] INFO: Epoch 45 | Step 1/196 | Loss: 0.5816 | Acc: 79.69%
[2025-05-28 17:15:38,751] INFO: Epoch 45 | Step 101/196 | Loss: 0.5379 | Acc: 82.10%
[2025-05-28 17:15:50,567] INFO: Epoch 45 training completed
[2025-05-28 17:15:52,064] INFO: Test Loss: 0.8811 | Test Acc: 70.78%
[2025-05-28 17:15:52,449] INFO: Epoch 46 | Step 1/196 | Loss: 0.4807 | Acc: 85.16%
[2025-05-28 17:16:04,883] INFO: Epoch 46 | Step 101/196 | Loss: 0.5435 | Acc: 82.25%
[2025-05-28 17:16:16,588] INFO: Epoch 46 training completed
[2025-05-28 17:16:18,075] INFO: Test Loss: 0.7198 | Test Acc: 76.17%
[2025-05-28 17:16:18,550] INFO: Epoch 47 | Step 1/196 | Loss: 0.5536 | Acc: 79.69%
[2025-05-28 17:16:30,967] INFO: Epoch 47 | Step 101/196 | Loss: 0.5490 | Acc: 81.98%
[2025-05-28 17:16:42,724] INFO: Epoch 47 training completed
[2025-05-28 17:16:44,202] INFO: Test Loss: 0.8718 | Test Acc: 72.29%
[2025-05-28 17:16:44,599] INFO: Epoch 48 | Step 1/196 | Loss: 0.5457 | Acc: 80.47%
[2025-05-28 17:16:57,064] INFO: Epoch 48 | Step 101/196 | Loss: 0.5445 | Acc: 82.34%
[2025-05-28 17:17:08,889] INFO: Epoch 48 training completed
[2025-05-28 17:17:10,374] INFO: Test Loss: 0.7819 | Test Acc: 73.76%
[2025-05-28 17:17:10,766] INFO: Epoch 49 | Step 1/196 | Loss: 0.5184 | Acc: 83.98%
[2025-05-28 17:17:23,295] INFO: Epoch 49 | Step 101/196 | Loss: 0.5442 | Acc: 82.25%
[2025-05-28 17:17:35,083] INFO: Epoch 49 training completed
[2025-05-28 17:17:36,573] INFO: Test Loss: 0.8189 | Test Acc: 72.41%
[2025-05-28 17:17:36,967] INFO: Epoch 50 | Step 1/196 | Loss: 0.5448 | Acc: 81.64%
[2025-05-28 17:17:49,361] INFO: Epoch 50 | Step 101/196 | Loss: 0.5301 | Acc: 83.03%
[2025-05-28 17:18:01,130] INFO: Epoch 50 training completed
[2025-05-28 17:18:02,624] INFO: Test Loss: 0.8213 | Test Acc: 72.33%
[2025-05-28 17:18:03,102] INFO: Epoch 51 | Step 1/196 | Loss: 0.4653 | Acc: 85.55%
[2025-05-28 17:18:15,576] INFO: Epoch 51 | Step 101/196 | Loss: 0.5300 | Acc: 82.76%
[2025-05-28 17:18:27,324] INFO: Epoch 51 training completed
[2025-05-28 17:18:28,805] INFO: Test Loss: 0.8606 | Test Acc: 69.93%
[2025-05-28 17:18:29,200] INFO: Epoch 52 | Step 1/196 | Loss: 0.5851 | Acc: 78.52%
[2025-05-28 17:18:41,702] INFO: Epoch 52 | Step 101/196 | Loss: 0.5409 | Acc: 82.53%
[2025-05-28 17:18:53,458] INFO: Epoch 52 training completed
[2025-05-28 17:18:54,940] INFO: Test Loss: 1.0370 | Test Acc: 67.39%
[2025-05-28 17:18:55,329] INFO: Epoch 53 | Step 1/196 | Loss: 0.5278 | Acc: 83.20%
[2025-05-28 17:19:07,821] INFO: Epoch 53 | Step 101/196 | Loss: 0.5349 | Acc: 82.47%
[2025-05-28 17:19:19,594] INFO: Epoch 53 training completed
[2025-05-28 17:19:21,073] INFO: Test Loss: 1.0545 | Test Acc: 66.57%
[2025-05-28 17:19:21,464] INFO: Epoch 54 | Step 1/196 | Loss: 0.6571 | Acc: 78.91%
[2025-05-28 17:19:33,946] INFO: Epoch 54 | Step 101/196 | Loss: 0.5380 | Acc: 82.51%
[2025-05-28 17:19:45,677] INFO: Epoch 54 training completed
[2025-05-28 17:19:47,171] INFO: Test Loss: 0.9403 | Test Acc: 70.32%
[2025-05-28 17:19:47,641] INFO: Epoch 55 | Step 1/196 | Loss: 0.4937 | Acc: 83.59%
[2025-05-28 17:20:00,040] INFO: Epoch 55 | Step 101/196 | Loss: 0.5287 | Acc: 82.64%
[2025-05-28 17:20:11,865] INFO: Epoch 55 training completed
[2025-05-28 17:20:13,348] INFO: Test Loss: 0.7661 | Test Acc: 74.85%
[2025-05-28 17:20:13,733] INFO: Epoch 56 | Step 1/196 | Loss: 0.5993 | Acc: 80.86%
[2025-05-28 17:20:26,154] INFO: Epoch 56 | Step 101/196 | Loss: 0.5346 | Acc: 82.52%
[2025-05-28 17:20:37,941] INFO: Epoch 56 training completed
[2025-05-28 17:20:39,477] INFO: Test Loss: 0.8108 | Test Acc: 72.83%
[2025-05-28 17:20:39,891] INFO: Epoch 57 | Step 1/196 | Loss: 0.5721 | Acc: 78.52%
[2025-05-28 17:20:52,327] INFO: Epoch 57 | Step 101/196 | Loss: 0.5304 | Acc: 82.45%
[2025-05-28 17:21:04,128] INFO: Epoch 57 training completed
[2025-05-28 17:21:05,596] INFO: Test Loss: 1.1450 | Test Acc: 62.99%
[2025-05-28 17:21:05,979] INFO: Epoch 58 | Step 1/196 | Loss: 0.7526 | Acc: 74.22%
[2025-05-28 17:21:18,376] INFO: Epoch 58 | Step 101/196 | Loss: 0.5364 | Acc: 82.50%
[2025-05-28 17:21:30,116] INFO: Epoch 58 training completed
[2025-05-28 17:21:31,610] INFO: Test Loss: 0.9711 | Test Acc: 67.90%
[2025-05-28 17:21:32,001] INFO: Epoch 59 | Step 1/196 | Loss: 0.5578 | Acc: 82.42%
[2025-05-28 17:21:44,503] INFO: Epoch 59 | Step 101/196 | Loss: 0.5341 | Acc: 82.67%
[2025-05-28 17:21:56,203] INFO: Epoch 59 training completed
[2025-05-28 17:21:57,687] INFO: Test Loss: 0.9412 | Test Acc: 69.62%
[2025-05-28 17:21:58,071] INFO: Epoch 60 | Step 1/196 | Loss: 0.5962 | Acc: 79.30%
[2025-05-28 17:22:10,464] INFO: Epoch 60 | Step 101/196 | Loss: 0.5484 | Acc: 82.29%
[2025-05-28 17:22:22,299] INFO: Epoch 60 training completed
[2025-05-28 17:22:23,788] INFO: Test Loss: 0.7728 | Test Acc: 74.08%
[2025-05-28 17:22:24,165] INFO: Epoch 61 | Step 1/196 | Loss: 0.5808 | Acc: 80.47%
[2025-05-28 17:22:36,648] INFO: Epoch 61 | Step 101/196 | Loss: 0.5418 | Acc: 82.61%
[2025-05-28 17:22:48,447] INFO: Epoch 61 training completed
[2025-05-28 17:22:49,925] INFO: Test Loss: 0.9121 | Test Acc: 69.96%
[2025-05-28 17:22:50,316] INFO: Epoch 62 | Step 1/196 | Loss: 0.6348 | Acc: 80.86%
[2025-05-28 17:23:02,849] INFO: Epoch 62 | Step 101/196 | Loss: 0.5312 | Acc: 82.71%
[2025-05-28 17:23:14,631] INFO: Epoch 62 training completed
[2025-05-28 17:23:16,119] INFO: Test Loss: 1.0019 | Test Acc: 66.86%
[2025-05-28 17:23:16,499] INFO: Epoch 63 | Step 1/196 | Loss: 0.5126 | Acc: 81.64%
[2025-05-28 17:23:28,882] INFO: Epoch 63 | Step 101/196 | Loss: 0.5302 | Acc: 82.65%
[2025-05-28 17:23:40,655] INFO: Epoch 63 training completed
[2025-05-28 17:23:42,133] INFO: Test Loss: 1.3873 | Test Acc: 57.30%
[2025-05-28 17:23:42,513] INFO: Epoch 64 | Step 1/196 | Loss: 0.5423 | Acc: 83.98%
[2025-05-28 17:23:54,975] INFO: Epoch 64 | Step 101/196 | Loss: 0.5373 | Acc: 82.63%
[2025-05-28 17:24:06,725] INFO: Epoch 64 training completed
[2025-05-28 17:24:08,210] INFO: Test Loss: 0.8928 | Test Acc: 70.31%
[2025-05-28 17:24:08,602] INFO: Epoch 65 | Step 1/196 | Loss: 0.5304 | Acc: 83.98%
[2025-05-28 17:24:21,090] INFO: Epoch 65 | Step 101/196 | Loss: 0.5420 | Acc: 82.19%
[2025-05-28 17:24:32,805] INFO: Epoch 65 training completed
[2025-05-28 17:24:34,280] INFO: Test Loss: 0.7319 | Test Acc: 75.16%
[2025-05-28 17:24:34,682] INFO: Epoch 66 | Step 1/196 | Loss: 0.4837 | Acc: 85.16%
[2025-05-28 17:24:47,131] INFO: Epoch 66 | Step 101/196 | Loss: 0.5247 | Acc: 82.95%
[2025-05-28 17:24:58,912] INFO: Epoch 66 training completed
[2025-05-28 17:25:00,409] INFO: Test Loss: 0.9479 | Test Acc: 68.81%
[2025-05-28 17:25:00,798] INFO: Epoch 67 | Step 1/196 | Loss: 0.5952 | Acc: 81.25%
[2025-05-28 17:25:13,324] INFO: Epoch 67 | Step 101/196 | Loss: 0.5356 | Acc: 82.55%
[2025-05-28 17:25:25,162] INFO: Epoch 67 training completed
[2025-05-28 17:25:26,644] INFO: Test Loss: 0.7310 | Test Acc: 75.19%
[2025-05-28 17:25:27,028] INFO: Epoch 68 | Step 1/196 | Loss: 0.5371 | Acc: 82.42%
[2025-05-28 17:25:39,550] INFO: Epoch 68 | Step 101/196 | Loss: 0.5256 | Acc: 82.82%
[2025-05-28 17:25:51,346] INFO: Epoch 68 training completed
[2025-05-28 17:25:52,835] INFO: Test Loss: 1.1208 | Test Acc: 63.53%
[2025-05-28 17:25:53,223] INFO: Epoch 69 | Step 1/196 | Loss: 0.6218 | Acc: 80.08%
[2025-05-28 17:26:05,637] INFO: Epoch 69 | Step 101/196 | Loss: 0.5263 | Acc: 82.98%
[2025-05-28 17:26:17,358] INFO: Epoch 69 training completed
[2025-05-28 17:26:18,860] INFO: Test Loss: 0.9926 | Test Acc: 66.74%
[2025-05-28 17:26:19,262] INFO: Epoch 70 | Step 1/196 | Loss: 0.5047 | Acc: 83.20%
[2025-05-28 17:26:31,733] INFO: Epoch 70 | Step 101/196 | Loss: 0.5135 | Acc: 83.25%
[2025-05-28 17:26:43,481] INFO: Epoch 70 training completed
[2025-05-28 17:26:47,939] INFO: Test Loss: 0.9706 | Test Acc: 68.42%
[2025-05-28 17:26:48,320] INFO: Epoch 71 | Step 1/196 | Loss: 0.4879 | Acc: 83.98%
[2025-05-28 17:27:00,809] INFO: Epoch 71 | Step 101/196 | Loss: 0.5057 | Acc: 83.58%
[2025-05-28 17:27:12,503] INFO: Epoch 71 training completed
[2025-05-28 17:27:13,994] INFO: Test Loss: 0.7921 | Test Acc: 73.77%
[2025-05-28 17:27:14,380] INFO: Epoch 72 | Step 1/196 | Loss: 0.5317 | Acc: 80.86%
[2025-05-28 17:27:26,838] INFO: Epoch 72 | Step 101/196 | Loss: 0.5152 | Acc: 83.32%
[2025-05-28 17:27:38,604] INFO: Epoch 72 training completed
[2025-05-28 17:27:40,088] INFO: Test Loss: 0.9161 | Test Acc: 68.82%
[2025-05-28 17:27:40,487] INFO: Epoch 73 | Step 1/196 | Loss: 0.5038 | Acc: 84.77%
[2025-05-28 17:27:52,939] INFO: Epoch 73 | Step 101/196 | Loss: 0.5174 | Acc: 83.21%
[2025-05-28 17:28:04,730] INFO: Epoch 73 training completed
[2025-05-28 17:28:06,216] INFO: Test Loss: 0.9516 | Test Acc: 69.20%
[2025-05-28 17:28:06,690] INFO: Epoch 74 | Step 1/196 | Loss: 0.4057 | Acc: 86.72%
[2025-05-28 17:28:19,119] INFO: Epoch 74 | Step 101/196 | Loss: 0.5134 | Acc: 83.47%
[2025-05-28 17:28:30,882] INFO: Epoch 74 training completed
[2025-05-28 17:28:32,371] INFO: Test Loss: 0.7968 | Test Acc: 72.49%
[2025-05-28 17:28:32,751] INFO: Epoch 75 | Step 1/196 | Loss: 0.5421 | Acc: 81.64%
[2025-05-28 17:28:45,235] INFO: Epoch 75 | Step 101/196 | Loss: 0.5202 | Acc: 83.07%
[2025-05-28 17:28:56,979] INFO: Epoch 75 training completed
[2025-05-28 17:28:58,457] INFO: Test Loss: 0.6746 | Test Acc: 78.08%
[2025-05-28 17:28:58,846] INFO: Epoch 76 | Step 1/196 | Loss: 0.5070 | Acc: 83.98%
[2025-05-28 17:29:11,332] INFO: Epoch 76 | Step 101/196 | Loss: 0.5078 | Acc: 83.47%
[2025-05-28 17:29:23,067] INFO: Epoch 76 training completed
[2025-05-28 17:29:24,566] INFO: Test Loss: 0.7737 | Test Acc: 74.49%
[2025-05-28 17:29:24,961] INFO: Epoch 77 | Step 1/196 | Loss: 0.5307 | Acc: 82.81%
[2025-05-28 17:29:37,378] INFO: Epoch 77 | Step 101/196 | Loss: 0.5092 | Acc: 83.38%
[2025-05-28 17:29:49,096] INFO: Epoch 77 training completed
[2025-05-28 17:29:50,567] INFO: Test Loss: 0.8288 | Test Acc: 73.15%
[2025-05-28 17:29:51,020] INFO: Epoch 78 | Step 1/196 | Loss: 0.5171 | Acc: 82.42%
[2025-05-28 17:30:03,528] INFO: Epoch 78 | Step 101/196 | Loss: 0.5103 | Acc: 83.30%
[2025-05-28 17:30:15,314] INFO: Epoch 78 training completed
[2025-05-28 17:30:16,801] INFO: Test Loss: 0.7504 | Test Acc: 73.86%
[2025-05-28 17:30:17,175] INFO: Epoch 79 | Step 1/196 | Loss: 0.5205 | Acc: 82.42%
[2025-05-28 17:30:29,661] INFO: Epoch 79 | Step 101/196 | Loss: 0.5079 | Acc: 83.56%
[2025-05-28 17:30:41,396] INFO: Epoch 79 training completed
[2025-05-28 17:30:42,884] INFO: Test Loss: 1.0221 | Test Acc: 66.43%
[2025-05-28 17:30:43,283] INFO: Epoch 80 | Step 1/196 | Loss: 0.4591 | Acc: 87.11%
[2025-05-28 17:30:55,686] INFO: Epoch 80 | Step 101/196 | Loss: 0.5000 | Acc: 83.97%
[2025-05-28 17:31:07,390] INFO: Epoch 80 training completed
[2025-05-28 17:31:08,872] INFO: Test Loss: 0.6995 | Test Acc: 77.02%
[2025-05-28 17:31:09,259] INFO: Epoch 81 | Step 1/196 | Loss: 0.4661 | Acc: 83.20%
[2025-05-28 17:31:21,650] INFO: Epoch 81 | Step 101/196 | Loss: 0.5031 | Acc: 83.65%
[2025-05-28 17:31:33,443] INFO: Epoch 81 training completed
[2025-05-28 17:31:34,921] INFO: Test Loss: 0.9648 | Test Acc: 68.79%
[2025-05-28 17:31:35,398] INFO: Epoch 82 | Step 1/196 | Loss: 0.4917 | Acc: 83.98%
[2025-05-28 17:31:47,867] INFO: Epoch 82 | Step 101/196 | Loss: 0.5039 | Acc: 83.48%
[2025-05-28 17:31:59,591] INFO: Epoch 82 training completed
[2025-05-28 17:32:01,082] INFO: Test Loss: 0.8239 | Test Acc: 72.28%
[2025-05-28 17:32:01,455] INFO: Epoch 83 | Step 1/196 | Loss: 0.5171 | Acc: 85.16%
[2025-05-28 17:32:13,874] INFO: Epoch 83 | Step 101/196 | Loss: 0.5107 | Acc: 83.35%
[2025-05-28 17:32:25,625] INFO: Epoch 83 training completed
[2025-05-28 17:32:27,110] INFO: Test Loss: 1.0489 | Test Acc: 66.23%
[2025-05-28 17:32:27,510] INFO: Epoch 84 | Step 1/196 | Loss: 0.4960 | Acc: 82.42%
[2025-05-28 17:32:39,962] INFO: Epoch 84 | Step 101/196 | Loss: 0.5002 | Acc: 83.90%
[2025-05-28 17:32:51,678] INFO: Epoch 84 training completed
[2025-05-28 17:32:53,174] INFO: Test Loss: 0.6887 | Test Acc: 77.15%
[2025-05-28 17:32:53,555] INFO: Epoch 85 | Step 1/196 | Loss: 0.5883 | Acc: 81.64%
[2025-05-28 17:33:06,474] INFO: Epoch 85 | Step 101/196 | Loss: 0.5004 | Acc: 83.88%
[2025-05-28 17:33:18,297] INFO: Epoch 85 training completed
[2025-05-28 17:33:19,784] INFO: Test Loss: 0.9062 | Test Acc: 70.67%
[2025-05-28 17:33:20,227] INFO: Epoch 86 | Step 1/196 | Loss: 0.5295 | Acc: 82.81%
[2025-05-28 17:33:32,701] INFO: Epoch 86 | Step 101/196 | Loss: 0.4942 | Acc: 83.89%
[2025-05-28 17:33:44,764] INFO: Epoch 86 training completed
[2025-05-28 17:33:46,267] INFO: Test Loss: 0.8299 | Test Acc: 73.00%
[2025-05-28 17:33:46,640] INFO: Epoch 87 | Step 1/196 | Loss: 0.5294 | Acc: 82.81%
[2025-05-28 17:33:59,048] INFO: Epoch 87 | Step 101/196 | Loss: 0.5014 | Acc: 83.74%
[2025-05-28 17:34:10,783] INFO: Epoch 87 training completed
[2025-05-28 17:34:12,260] INFO: Test Loss: 0.6094 | Test Acc: 80.05%
[2025-05-28 17:34:12,364] INFO: New best accuracy: 80.05%, model saved.
[2025-05-28 17:34:12,711] INFO: Epoch 88 | Step 1/196 | Loss: 0.5126 | Acc: 85.16%
[2025-05-28 17:34:25,122] INFO: Epoch 88 | Step 101/196 | Loss: 0.4940 | Acc: 83.80%
[2025-05-28 17:34:36,847] INFO: Epoch 88 training completed
[2025-05-28 17:34:38,333] INFO: Test Loss: 1.0666 | Test Acc: 66.58%
[2025-05-28 17:34:38,700] INFO: Epoch 89 | Step 1/196 | Loss: 0.5778 | Acc: 79.69%
[2025-05-28 17:34:51,106] INFO: Epoch 89 | Step 101/196 | Loss: 0.4943 | Acc: 84.12%
[2025-05-28 17:35:02,833] INFO: Epoch 89 training completed
[2025-05-28 17:35:04,308] INFO: Test Loss: 1.4610 | Test Acc: 58.88%
[2025-05-28 17:35:04,752] INFO: Epoch 90 | Step 1/196 | Loss: 0.4799 | Acc: 83.20%
[2025-05-28 17:35:17,154] INFO: Epoch 90 | Step 101/196 | Loss: 0.4834 | Acc: 84.36%
[2025-05-28 17:35:28,882] INFO: Epoch 90 training completed
[2025-05-28 17:35:30,357] INFO: Test Loss: 0.9875 | Test Acc: 66.64%
[2025-05-28 17:35:30,714] INFO: Epoch 91 | Step 1/196 | Loss: 0.4753 | Acc: 83.20%
[2025-05-28 17:35:43,119] INFO: Epoch 91 | Step 101/196 | Loss: 0.4911 | Acc: 84.04%
[2025-05-28 17:35:54,847] INFO: Epoch 91 training completed
[2025-05-28 17:35:56,313] INFO: Test Loss: 1.3156 | Test Acc: 59.74%
[2025-05-28 17:35:56,677] INFO: Epoch 92 | Step 1/196 | Loss: 0.5156 | Acc: 83.20%
[2025-05-28 17:36:09,083] INFO: Epoch 92 | Step 101/196 | Loss: 0.4934 | Acc: 83.98%
[2025-05-28 17:36:20,834] INFO: Epoch 92 training completed
[2025-05-28 17:36:22,308] INFO: Test Loss: 0.7839 | Test Acc: 74.49%
[2025-05-28 17:36:22,660] INFO: Epoch 93 | Step 1/196 | Loss: 0.5056 | Acc: 83.59%
[2025-05-28 17:36:35,066] INFO: Epoch 93 | Step 101/196 | Loss: 0.4719 | Acc: 84.89%
[2025-05-28 17:36:46,822] INFO: Epoch 93 training completed
[2025-05-28 17:36:48,287] INFO: Test Loss: 0.8022 | Test Acc: 73.41%
[2025-05-28 17:36:48,649] INFO: Epoch 94 | Step 1/196 | Loss: 0.5054 | Acc: 83.59%
[2025-05-28 17:37:01,054] INFO: Epoch 94 | Step 101/196 | Loss: 0.4795 | Acc: 84.49%
[2025-05-28 17:37:12,780] INFO: Epoch 94 training completed
[2025-05-28 17:37:14,254] INFO: Test Loss: 0.8437 | Test Acc: 72.45%
[2025-05-28 17:37:14,634] INFO: Epoch 95 | Step 1/196 | Loss: 0.4938 | Acc: 84.38%
[2025-05-28 17:37:27,036] INFO: Epoch 95 | Step 101/196 | Loss: 0.4796 | Acc: 84.49%
[2025-05-28 17:37:38,764] INFO: Epoch 95 training completed
[2025-05-28 17:37:40,239] INFO: Test Loss: 0.6310 | Test Acc: 78.65%
[2025-05-28 17:37:40,592] INFO: Epoch 96 | Step 1/196 | Loss: 0.4232 | Acc: 86.33%
[2025-05-28 17:37:53,051] INFO: Epoch 96 | Step 101/196 | Loss: 0.4780 | Acc: 84.52%
[2025-05-28 17:38:04,790] INFO: Epoch 96 training completed
[2025-05-28 17:38:06,260] INFO: Test Loss: 0.7835 | Test Acc: 73.95%
[2025-05-28 17:38:06,608] INFO: Epoch 97 | Step 1/196 | Loss: 0.5104 | Acc: 83.59%
[2025-05-28 17:38:19,050] INFO: Epoch 97 | Step 101/196 | Loss: 0.4849 | Acc: 84.49%
[2025-05-28 17:38:30,775] INFO: Epoch 97 training completed
[2025-05-28 17:38:32,251] INFO: Test Loss: 0.7208 | Test Acc: 76.18%
[2025-05-28 17:38:32,620] INFO: Epoch 98 | Step 1/196 | Loss: 0.5156 | Acc: 81.64%
[2025-05-28 17:38:45,026] INFO: Epoch 98 | Step 101/196 | Loss: 0.4724 | Acc: 84.90%
[2025-05-28 17:38:56,765] INFO: Epoch 98 training completed
[2025-05-28 17:38:58,232] INFO: Test Loss: 0.7882 | Test Acc: 74.09%
[2025-05-28 17:38:58,587] INFO: Epoch 99 | Step 1/196 | Loss: 0.4848 | Acc: 84.77%
[2025-05-28 17:39:10,997] INFO: Epoch 99 | Step 101/196 | Loss: 0.4776 | Acc: 84.69%
[2025-05-28 17:39:22,745] INFO: Epoch 99 training completed
[2025-05-28 17:39:24,213] INFO: Test Loss: 0.7630 | Test Acc: 75.66%
[2025-05-28 17:39:24,572] INFO: Epoch 100 | Step 1/196 | Loss: 0.5507 | Acc: 80.86%
[2025-05-28 17:39:36,977] INFO: Epoch 100 | Step 101/196 | Loss: 0.4713 | Acc: 84.87%
[2025-05-28 17:39:48,705] INFO: Epoch 100 training completed
[2025-05-28 17:39:50,172] INFO: Test Loss: 0.8846 | Test Acc: 70.88%
[2025-05-28 17:39:50,618] INFO: Epoch 101 | Step 1/196 | Loss: 0.4018 | Acc: 87.11%
[2025-05-28 17:40:03,030] INFO: Epoch 101 | Step 101/196 | Loss: 0.4699 | Acc: 84.84%
[2025-05-28 17:40:14,759] INFO: Epoch 101 training completed
[2025-05-28 17:40:16,224] INFO: Test Loss: 0.7126 | Test Acc: 76.97%
[2025-05-28 17:40:16,589] INFO: Epoch 102 | Step 1/196 | Loss: 0.4854 | Acc: 81.25%
[2025-05-28 17:40:28,993] INFO: Epoch 102 | Step 101/196 | Loss: 0.4601 | Acc: 84.99%
[2025-05-28 17:40:40,722] INFO: Epoch 102 training completed
[2025-05-28 17:40:42,198] INFO: Test Loss: 0.7232 | Test Acc: 76.74%
[2025-05-28 17:40:42,552] INFO: Epoch 103 | Step 1/196 | Loss: 0.4639 | Acc: 85.55%
[2025-05-28 17:40:54,956] INFO: Epoch 103 | Step 101/196 | Loss: 0.4629 | Acc: 85.19%
[2025-05-28 17:41:06,696] INFO: Epoch 103 training completed
[2025-05-28 17:41:08,165] INFO: Test Loss: 0.7233 | Test Acc: 77.14%
[2025-05-28 17:41:08,519] INFO: Epoch 104 | Step 1/196 | Loss: 0.3865 | Acc: 87.89%
[2025-05-28 17:41:20,929] INFO: Epoch 104 | Step 101/196 | Loss: 0.4618 | Acc: 85.12%
[2025-05-28 17:41:32,655] INFO: Epoch 104 training completed
[2025-05-28 17:41:34,128] INFO: Test Loss: 0.6786 | Test Acc: 77.11%
[2025-05-28 17:41:34,574] INFO: Epoch 105 | Step 1/196 | Loss: 0.4166 | Acc: 85.55%
[2025-05-28 17:41:46,975] INFO: Epoch 105 | Step 101/196 | Loss: 0.4574 | Acc: 85.33%
[2025-05-28 17:41:58,701] INFO: Epoch 105 training completed
[2025-05-28 17:42:00,167] INFO: Test Loss: 0.8377 | Test Acc: 71.85%
[2025-05-28 17:42:00,534] INFO: Epoch 106 | Step 1/196 | Loss: 0.4013 | Acc: 87.11%
[2025-05-28 17:42:12,937] INFO: Epoch 106 | Step 101/196 | Loss: 0.4530 | Acc: 85.58%
[2025-05-28 17:42:24,671] INFO: Epoch 106 training completed
[2025-05-28 17:42:26,160] INFO: Test Loss: 0.6418 | Test Acc: 78.99%
[2025-05-28 17:42:26,506] INFO: Epoch 107 | Step 1/196 | Loss: 0.4122 | Acc: 88.67%
[2025-05-28 17:42:38,908] INFO: Epoch 107 | Step 101/196 | Loss: 0.4581 | Acc: 85.52%
[2025-05-28 17:42:50,634] INFO: Epoch 107 training completed
[2025-05-28 17:42:52,110] INFO: Test Loss: 0.7754 | Test Acc: 74.61%
[2025-05-28 17:42:52,462] INFO: Epoch 108 | Step 1/196 | Loss: 0.5575 | Acc: 79.30%
[2025-05-28 17:43:04,870] INFO: Epoch 108 | Step 101/196 | Loss: 0.4522 | Acc: 85.39%
[2025-05-28 17:43:16,596] INFO: Epoch 108 training completed
[2025-05-28 17:43:18,063] INFO: Test Loss: 1.0747 | Test Acc: 68.09%
[2025-05-28 17:43:18,514] INFO: Epoch 109 | Step 1/196 | Loss: 0.5269 | Acc: 84.77%
[2025-05-28 17:43:30,918] INFO: Epoch 109 | Step 101/196 | Loss: 0.4510 | Acc: 85.52%
[2025-05-28 17:43:42,652] INFO: Epoch 109 training completed
[2025-05-28 17:43:44,138] INFO: Test Loss: 0.6224 | Test Acc: 79.38%
[2025-05-28 17:43:44,501] INFO: Epoch 110 | Step 1/196 | Loss: 0.3571 | Acc: 87.50%
[2025-05-28 17:43:56,906] INFO: Epoch 110 | Step 101/196 | Loss: 0.4503 | Acc: 85.30%
[2025-05-28 17:44:08,634] INFO: Epoch 110 training completed
[2025-05-28 17:44:10,106] INFO: Test Loss: 0.8509 | Test Acc: 73.08%
[2025-05-28 17:44:10,459] INFO: Epoch 111 | Step 1/196 | Loss: 0.4470 | Acc: 85.55%
[2025-05-28 17:44:22,873] INFO: Epoch 111 | Step 101/196 | Loss: 0.4490 | Acc: 85.66%
[2025-05-28 17:44:34,604] INFO: Epoch 111 training completed
[2025-05-28 17:44:36,076] INFO: Test Loss: 0.7843 | Test Acc: 74.43%
[2025-05-28 17:44:36,442] INFO: Epoch 112 | Step 1/196 | Loss: 0.4167 | Acc: 87.89%
[2025-05-28 17:44:48,845] INFO: Epoch 112 | Step 101/196 | Loss: 0.4477 | Acc: 85.60%
[2025-05-28 17:45:00,609] INFO: Epoch 112 training completed
[2025-05-28 17:45:02,088] INFO: Test Loss: 0.7286 | Test Acc: 77.13%
[2025-05-28 17:45:02,439] INFO: Epoch 113 | Step 1/196 | Loss: 0.4876 | Acc: 85.16%
[2025-05-28 17:45:14,851] INFO: Epoch 113 | Step 101/196 | Loss: 0.4370 | Acc: 86.27%
[2025-05-28 17:45:26,599] INFO: Epoch 113 training completed
[2025-05-28 17:45:28,072] INFO: Test Loss: 0.7246 | Test Acc: 76.36%
[2025-05-28 17:45:28,442] INFO: Epoch 114 | Step 1/196 | Loss: 0.4887 | Acc: 85.55%
[2025-05-28 17:45:40,851] INFO: Epoch 114 | Step 101/196 | Loss: 0.4410 | Acc: 85.88%
[2025-05-28 17:45:52,576] INFO: Epoch 114 training completed
[2025-05-28 17:45:54,046] INFO: Test Loss: 0.6989 | Test Acc: 77.55%
[2025-05-28 17:45:54,403] INFO: Epoch 115 | Step 1/196 | Loss: 0.4009 | Acc: 87.11%
[2025-05-28 17:46:06,817] INFO: Epoch 115 | Step 101/196 | Loss: 0.4394 | Acc: 85.80%
[2025-05-28 17:46:18,548] INFO: Epoch 115 training completed
[2025-05-28 17:46:20,015] INFO: Test Loss: 0.5854 | Test Acc: 80.90%
[2025-05-28 17:46:20,121] INFO: New best accuracy: 80.90%, model saved.
[2025-05-28 17:46:20,485] INFO: Epoch 116 | Step 1/196 | Loss: 0.4120 | Acc: 89.06%
[2025-05-28 17:46:32,920] INFO: Epoch 116 | Step 101/196 | Loss: 0.4275 | Acc: 86.22%
[2025-05-28 17:46:44,652] INFO: Epoch 116 training completed
[2025-05-28 17:46:46,128] INFO: Test Loss: 0.7561 | Test Acc: 76.43%
[2025-05-28 17:46:46,489] INFO: Epoch 117 | Step 1/196 | Loss: 0.3980 | Acc: 87.11%
[2025-05-28 17:46:58,894] INFO: Epoch 117 | Step 101/196 | Loss: 0.4376 | Acc: 86.01%
[2025-05-28 17:47:10,638] INFO: Epoch 117 training completed
[2025-05-28 17:47:12,119] INFO: Test Loss: 0.8025 | Test Acc: 73.37%
[2025-05-28 17:47:12,479] INFO: Epoch 118 | Step 1/196 | Loss: 0.3661 | Acc: 88.67%
[2025-05-28 17:47:24,885] INFO: Epoch 118 | Step 101/196 | Loss: 0.4310 | Acc: 86.22%
[2025-05-28 17:47:36,616] INFO: Epoch 118 training completed
[2025-05-28 17:47:38,086] INFO: Test Loss: 0.5998 | Test Acc: 80.45%
[2025-05-28 17:47:38,448] INFO: Epoch 119 | Step 1/196 | Loss: 0.3737 | Acc: 88.67%
[2025-05-28 17:47:50,857] INFO: Epoch 119 | Step 101/196 | Loss: 0.4235 | Acc: 86.58%
[2025-05-28 17:48:02,592] INFO: Epoch 119 training completed
[2025-05-28 17:48:04,073] INFO: Test Loss: 0.7870 | Test Acc: 73.78%
[2025-05-28 17:48:04,430] INFO: Epoch 120 | Step 1/196 | Loss: 0.3508 | Acc: 90.23%
[2025-05-28 17:48:16,869] INFO: Epoch 120 | Step 101/196 | Loss: 0.4223 | Acc: 86.63%
[2025-05-28 17:48:28,613] INFO: Epoch 120 training completed
[2025-05-28 17:48:30,084] INFO: Test Loss: 0.6085 | Test Acc: 79.89%
[2025-05-28 17:48:30,443] INFO: Epoch 121 | Step 1/196 | Loss: 0.4390 | Acc: 85.94%
[2025-05-28 17:48:42,854] INFO: Epoch 121 | Step 101/196 | Loss: 0.4184 | Acc: 86.67%
[2025-05-28 17:48:54,586] INFO: Epoch 121 training completed
[2025-05-28 17:48:56,056] INFO: Test Loss: 0.8228 | Test Acc: 75.09%
[2025-05-28 17:48:56,421] INFO: Epoch 122 | Step 1/196 | Loss: 0.4294 | Acc: 85.94%
[2025-05-28 17:49:08,826] INFO: Epoch 122 | Step 101/196 | Loss: 0.4079 | Acc: 87.16%
[2025-05-28 17:49:20,562] INFO: Epoch 122 training completed
[2025-05-28 17:49:22,039] INFO: Test Loss: 0.9236 | Test Acc: 71.52%
[2025-05-28 17:49:22,401] INFO: Epoch 123 | Step 1/196 | Loss: 0.3638 | Acc: 90.23%
[2025-05-28 17:49:34,808] INFO: Epoch 123 | Step 101/196 | Loss: 0.4205 | Acc: 86.48%
[2025-05-28 17:49:46,541] INFO: Epoch 123 training completed
[2025-05-28 17:49:48,013] INFO: Test Loss: 0.8203 | Test Acc: 73.40%
[2025-05-28 17:49:48,455] INFO: Epoch 124 | Step 1/196 | Loss: 0.5524 | Acc: 82.81%
[2025-05-28 17:50:00,860] INFO: Epoch 124 | Step 101/196 | Loss: 0.4140 | Acc: 86.81%
[2025-05-28 17:50:12,592] INFO: Epoch 124 training completed
[2025-05-28 17:50:14,072] INFO: Test Loss: 0.7472 | Test Acc: 76.35%
[2025-05-28 17:50:14,429] INFO: Epoch 125 | Step 1/196 | Loss: 0.4139 | Acc: 89.45%
[2025-05-28 17:50:26,841] INFO: Epoch 125 | Step 101/196 | Loss: 0.4059 | Acc: 87.05%
[2025-05-28 17:50:38,574] INFO: Epoch 125 training completed
[2025-05-28 17:50:40,041] INFO: Test Loss: 0.8139 | Test Acc: 74.28%
[2025-05-28 17:50:40,410] INFO: Epoch 126 | Step 1/196 | Loss: 0.3908 | Acc: 87.89%
[2025-05-28 17:50:52,816] INFO: Epoch 126 | Step 101/196 | Loss: 0.4069 | Acc: 86.94%
[2025-05-28 17:51:04,550] INFO: Epoch 126 training completed
[2025-05-28 17:51:06,029] INFO: Test Loss: 0.5943 | Test Acc: 80.73%
[2025-05-28 17:51:06,382] INFO: Epoch 127 | Step 1/196 | Loss: 0.4148 | Acc: 86.72%
[2025-05-28 17:51:18,790] INFO: Epoch 127 | Step 101/196 | Loss: 0.4005 | Acc: 87.44%
[2025-05-28 17:51:30,541] INFO: Epoch 127 training completed
[2025-05-28 17:51:32,010] INFO: Test Loss: 0.5231 | Test Acc: 83.21%
[2025-05-28 17:51:32,206] INFO: New best accuracy: 83.21%, model saved.
[2025-05-28 17:51:32,555] INFO: Epoch 128 | Step 1/196 | Loss: 0.3799 | Acc: 88.28%
[2025-05-28 17:51:44,968] INFO: Epoch 128 | Step 101/196 | Loss: 0.3980 | Acc: 87.36%
[2025-05-28 17:51:56,703] INFO: Epoch 128 training completed
[2025-05-28 17:51:58,169] INFO: Test Loss: 0.7941 | Test Acc: 74.44%
[2025-05-28 17:51:58,539] INFO: Epoch 129 | Step 1/196 | Loss: 0.3680 | Acc: 87.89%
[2025-05-28 17:52:10,949] INFO: Epoch 129 | Step 101/196 | Loss: 0.3919 | Acc: 87.48%
[2025-05-28 17:52:22,681] INFO: Epoch 129 training completed
[2025-05-28 17:52:24,158] INFO: Test Loss: 0.6421 | Test Acc: 80.16%
[2025-05-28 17:52:24,511] INFO: Epoch 130 | Step 1/196 | Loss: 0.4720 | Acc: 85.94%
[2025-05-28 17:52:36,916] INFO: Epoch 130 | Step 101/196 | Loss: 0.3917 | Acc: 87.58%
[2025-05-28 17:52:48,645] INFO: Epoch 130 training completed
[2025-05-28 17:52:50,128] INFO: Test Loss: 0.5629 | Test Acc: 81.56%
[2025-05-28 17:52:50,492] INFO: Epoch 131 | Step 1/196 | Loss: 0.3971 | Acc: 87.89%
[2025-05-28 17:53:02,900] INFO: Epoch 131 | Step 101/196 | Loss: 0.3856 | Acc: 87.48%
[2025-05-28 17:53:14,658] INFO: Epoch 131 training completed
[2025-05-28 17:53:16,134] INFO: Test Loss: 0.6588 | Test Acc: 77.95%
[2025-05-28 17:53:16,486] INFO: Epoch 132 | Step 1/196 | Loss: 0.3562 | Acc: 89.84%
[2025-05-28 17:53:28,898] INFO: Epoch 132 | Step 101/196 | Loss: 0.3844 | Acc: 87.89%
[2025-05-28 17:53:40,626] INFO: Epoch 132 training completed
[2025-05-28 17:53:42,099] INFO: Test Loss: 0.6360 | Test Acc: 79.47%
[2025-05-28 17:53:42,461] INFO: Epoch 133 | Step 1/196 | Loss: 0.3927 | Acc: 85.16%
[2025-05-28 17:53:54,885] INFO: Epoch 133 | Step 101/196 | Loss: 0.3879 | Acc: 87.62%
[2025-05-28 17:54:06,614] INFO: Epoch 133 training completed
[2025-05-28 17:54:08,092] INFO: Test Loss: 0.6797 | Test Acc: 77.62%
[2025-05-28 17:54:08,449] INFO: Epoch 134 | Step 1/196 | Loss: 0.4205 | Acc: 87.11%
[2025-05-28 17:54:20,858] INFO: Epoch 134 | Step 101/196 | Loss: 0.3786 | Acc: 87.94%
[2025-05-28 17:54:32,607] INFO: Epoch 134 training completed
[2025-05-28 17:54:34,082] INFO: Test Loss: 0.6923 | Test Acc: 77.55%
[2025-05-28 17:54:34,445] INFO: Epoch 135 | Step 1/196 | Loss: 0.3485 | Acc: 86.72%
[2025-05-28 17:54:46,848] INFO: Epoch 135 | Step 101/196 | Loss: 0.3807 | Acc: 87.84%
[2025-05-28 17:54:58,609] INFO: Epoch 135 training completed
[2025-05-28 17:55:00,086] INFO: Test Loss: 0.5380 | Test Acc: 82.33%
[2025-05-28 17:55:00,456] INFO: Epoch 136 | Step 1/196 | Loss: 0.4147 | Acc: 87.89%
[2025-05-28 17:55:12,862] INFO: Epoch 136 | Step 101/196 | Loss: 0.3776 | Acc: 87.97%
[2025-05-28 17:55:24,596] INFO: Epoch 136 training completed
[2025-05-28 17:55:26,068] INFO: Test Loss: 0.5725 | Test Acc: 81.29%
[2025-05-28 17:55:26,421] INFO: Epoch 137 | Step 1/196 | Loss: 0.3679 | Acc: 87.50%
[2025-05-28 17:55:38,845] INFO: Epoch 137 | Step 101/196 | Loss: 0.3797 | Acc: 87.91%
[2025-05-28 17:55:50,572] INFO: Epoch 137 training completed
[2025-05-28 17:55:52,038] INFO: Test Loss: 0.5753 | Test Acc: 80.36%
[2025-05-28 17:55:52,389] INFO: Epoch 138 | Step 1/196 | Loss: 0.3941 | Acc: 88.28%
[2025-05-28 17:56:04,806] INFO: Epoch 138 | Step 101/196 | Loss: 0.3638 | Acc: 88.44%
[2025-05-28 17:56:16,537] INFO: Epoch 138 training completed
[2025-05-28 17:56:18,008] INFO: Test Loss: 0.5985 | Test Acc: 80.28%
[2025-05-28 17:56:18,370] INFO: Epoch 139 | Step 1/196 | Loss: 0.4826 | Acc: 86.72%
[2025-05-28 17:56:30,810] INFO: Epoch 139 | Step 101/196 | Loss: 0.3654 | Acc: 88.74%
[2025-05-28 17:56:42,540] INFO: Epoch 139 training completed
[2025-05-28 17:56:44,015] INFO: Test Loss: 0.5103 | Test Acc: 83.18%
[2025-05-28 17:56:44,364] INFO: Epoch 140 | Step 1/196 | Loss: 0.3720 | Acc: 88.67%
[2025-05-28 17:56:56,776] INFO: Epoch 140 | Step 101/196 | Loss: 0.3645 | Acc: 88.39%
[2025-05-28 17:57:08,503] INFO: Epoch 140 training completed
[2025-05-28 17:57:09,972] INFO: Test Loss: 0.5998 | Test Acc: 80.53%
[2025-05-28 17:57:10,326] INFO: Epoch 141 | Step 1/196 | Loss: 0.3771 | Acc: 89.06%
[2025-05-28 17:57:22,739] INFO: Epoch 141 | Step 101/196 | Loss: 0.3552 | Acc: 88.89%
[2025-05-28 17:57:34,484] INFO: Epoch 141 training completed
[2025-05-28 17:57:35,962] INFO: Test Loss: 0.6260 | Test Acc: 79.33%
[2025-05-28 17:57:36,309] INFO: Epoch 142 | Step 1/196 | Loss: 0.3712 | Acc: 87.89%
[2025-05-28 17:57:48,722] INFO: Epoch 142 | Step 101/196 | Loss: 0.3536 | Acc: 88.87%
[2025-05-28 17:58:00,455] INFO: Epoch 142 training completed
[2025-05-28 17:58:01,933] INFO: Test Loss: 0.4732 | Test Acc: 84.40%
[2025-05-28 17:58:02,129] INFO: New best accuracy: 84.40%, model saved.
[2025-05-28 17:58:02,487] INFO: Epoch 143 | Step 1/196 | Loss: 0.3567 | Acc: 88.28%
[2025-05-28 17:58:14,894] INFO: Epoch 143 | Step 101/196 | Loss: 0.3484 | Acc: 88.93%
[2025-05-28 17:58:26,623] INFO: Epoch 143 training completed
[2025-05-28 17:58:28,093] INFO: Test Loss: 0.4757 | Test Acc: 84.49%
[2025-05-28 17:58:28,197] INFO: New best accuracy: 84.49%, model saved.
[2025-05-28 17:58:28,543] INFO: Epoch 144 | Step 1/196 | Loss: 0.3110 | Acc: 90.23%
[2025-05-28 17:58:40,951] INFO: Epoch 144 | Step 101/196 | Loss: 0.3476 | Acc: 89.01%
[2025-05-28 17:58:52,679] INFO: Epoch 144 training completed
[2025-05-28 17:58:54,159] INFO: Test Loss: 0.5389 | Test Acc: 81.93%
[2025-05-28 17:58:54,511] INFO: Epoch 145 | Step 1/196 | Loss: 0.2877 | Acc: 91.02%
[2025-05-28 17:59:06,919] INFO: Epoch 145 | Step 101/196 | Loss: 0.3483 | Acc: 89.09%
[2025-05-28 17:59:18,652] INFO: Epoch 145 training completed
[2025-05-28 17:59:20,128] INFO: Test Loss: 0.6234 | Test Acc: 79.76%
[2025-05-28 17:59:20,507] INFO: Epoch 146 | Step 1/196 | Loss: 0.3577 | Acc: 86.33%
[2025-05-28 17:59:32,940] INFO: Epoch 146 | Step 101/196 | Loss: 0.3278 | Acc: 89.94%
[2025-05-28 17:59:44,670] INFO: Epoch 146 training completed
[2025-05-28 17:59:46,143] INFO: Test Loss: 0.5044 | Test Acc: 84.01%
[2025-05-28 17:59:46,496] INFO: Epoch 147 | Step 1/196 | Loss: 0.3195 | Acc: 90.23%
[2025-05-28 17:59:58,907] INFO: Epoch 147 | Step 101/196 | Loss: 0.3331 | Acc: 89.57%
[2025-05-28 18:00:10,637] INFO: Epoch 147 training completed
[2025-05-28 18:00:12,107] INFO: Test Loss: 0.5658 | Test Acc: 81.87%
[2025-05-28 18:00:12,463] INFO: Epoch 148 | Step 1/196 | Loss: 0.3175 | Acc: 91.41%
[2025-05-28 18:00:24,881] INFO: Epoch 148 | Step 101/196 | Loss: 0.3272 | Acc: 89.81%
[2025-05-28 18:00:36,623] INFO: Epoch 148 training completed
[2025-05-28 18:00:38,100] INFO: Test Loss: 0.6114 | Test Acc: 80.59%
[2025-05-28 18:00:38,456] INFO: Epoch 149 | Step 1/196 | Loss: 0.3026 | Acc: 90.62%
[2025-05-28 18:00:50,876] INFO: Epoch 149 | Step 101/196 | Loss: 0.3291 | Acc: 89.77%
[2025-05-28 18:01:02,609] INFO: Epoch 149 training completed
[2025-05-28 18:01:04,080] INFO: Test Loss: 0.4642 | Test Acc: 84.74%
[2025-05-28 18:01:04,183] INFO: New best accuracy: 84.74%, model saved.
[2025-05-28 18:01:04,544] INFO: Epoch 150 | Step 1/196 | Loss: 0.3094 | Acc: 90.23%
[2025-05-28 18:01:16,977] INFO: Epoch 150 | Step 101/196 | Loss: 0.3150 | Acc: 90.41%
[2025-05-28 18:01:28,710] INFO: Epoch 150 training completed
[2025-05-28 18:01:30,180] INFO: Test Loss: 0.6553 | Test Acc: 78.98%
[2025-05-28 18:01:30,533] INFO: Epoch 151 | Step 1/196 | Loss: 0.3030 | Acc: 90.62%
[2025-05-28 18:01:42,938] INFO: Epoch 151 | Step 101/196 | Loss: 0.3192 | Acc: 90.15%
[2025-05-28 18:01:54,670] INFO: Epoch 151 training completed
[2025-05-28 18:01:56,138] INFO: Test Loss: 0.5079 | Test Acc: 84.41%
[2025-05-28 18:01:56,492] INFO: Epoch 152 | Step 1/196 | Loss: 0.2522 | Acc: 92.19%
[2025-05-28 18:02:08,896] INFO: Epoch 152 | Step 101/196 | Loss: 0.3121 | Acc: 90.29%
[2025-05-28 18:02:20,624] INFO: Epoch 152 training completed
[2025-05-28 18:02:22,096] INFO: Test Loss: 0.5064 | Test Acc: 83.15%
[2025-05-28 18:02:22,475] INFO: Epoch 153 | Step 1/196 | Loss: 0.3183 | Acc: 89.45%
[2025-05-28 18:02:34,888] INFO: Epoch 153 | Step 101/196 | Loss: 0.3144 | Acc: 90.18%
[2025-05-28 18:02:46,633] INFO: Epoch 153 training completed
[2025-05-28 18:02:48,104] INFO: Test Loss: 0.4497 | Test Acc: 85.50%
[2025-05-28 18:02:48,207] INFO: New best accuracy: 85.50%, model saved.
[2025-05-28 18:02:48,551] INFO: Epoch 154 | Step 1/196 | Loss: 0.2098 | Acc: 94.92%
[2025-05-28 18:03:00,992] INFO: Epoch 154 | Step 101/196 | Loss: 0.3004 | Acc: 90.73%
[2025-05-28 18:03:12,725] INFO: Epoch 154 training completed
[2025-05-28 18:03:14,204] INFO: Test Loss: 0.4276 | Test Acc: 86.00%
[2025-05-28 18:03:14,307] INFO: New best accuracy: 86.00%, model saved.
[2025-05-28 18:03:14,660] INFO: Epoch 155 | Step 1/196 | Loss: 0.3808 | Acc: 89.06%
[2025-05-28 18:03:27,073] INFO: Epoch 155 | Step 101/196 | Loss: 0.3102 | Acc: 90.43%
[2025-05-28 18:03:38,813] INFO: Epoch 155 training completed
[2025-05-28 18:03:40,290] INFO: Test Loss: 0.4341 | Test Acc: 85.43%
[2025-05-28 18:03:40,646] INFO: Epoch 156 | Step 1/196 | Loss: 0.2775 | Acc: 90.62%
[2025-05-28 18:03:53,055] INFO: Epoch 156 | Step 101/196 | Loss: 0.2956 | Acc: 90.81%
[2025-05-28 18:04:04,792] INFO: Epoch 156 training completed
[2025-05-28 18:04:06,265] INFO: Test Loss: 0.4694 | Test Acc: 84.32%
[2025-05-28 18:04:06,626] INFO: Epoch 157 | Step 1/196 | Loss: 0.2723 | Acc: 92.58%
[2025-05-28 18:04:19,033] INFO: Epoch 157 | Step 101/196 | Loss: 0.2949 | Acc: 90.86%
[2025-05-28 18:04:30,789] INFO: Epoch 157 training completed
[2025-05-28 18:04:32,266] INFO: Test Loss: 0.3895 | Test Acc: 87.80%
[2025-05-28 18:04:32,369] INFO: New best accuracy: 87.80%, model saved.
[2025-05-28 18:04:32,727] INFO: Epoch 158 | Step 1/196 | Loss: 0.2371 | Acc: 93.75%
[2025-05-28 18:04:45,135] INFO: Epoch 158 | Step 101/196 | Loss: 0.2886 | Acc: 91.03%
[2025-05-28 18:04:56,869] INFO: Epoch 158 training completed
[2025-05-28 18:04:58,344] INFO: Test Loss: 0.3791 | Test Acc: 87.83%
[2025-05-28 18:04:58,447] INFO: New best accuracy: 87.83%, model saved.
[2025-05-28 18:04:58,808] INFO: Epoch 159 | Step 1/196 | Loss: 0.2426 | Acc: 92.19%
[2025-05-28 18:05:11,222] INFO: Epoch 159 | Step 101/196 | Loss: 0.2852 | Acc: 91.14%
[2025-05-28 18:05:22,950] INFO: Epoch 159 training completed
[2025-05-28 18:05:24,425] INFO: Test Loss: 0.4238 | Test Acc: 86.39%
[2025-05-28 18:05:24,775] INFO: Epoch 160 | Step 1/196 | Loss: 0.4066 | Acc: 85.55%
[2025-05-28 18:05:37,179] INFO: Epoch 160 | Step 101/196 | Loss: 0.2924 | Acc: 91.12%
[2025-05-28 18:05:48,914] INFO: Epoch 160 training completed
[2025-05-28 18:05:50,391] INFO: Test Loss: 0.4125 | Test Acc: 87.08%
[2025-05-28 18:05:50,835] INFO: Epoch 161 | Step 1/196 | Loss: 0.2283 | Acc: 93.75%
[2025-05-28 18:06:03,244] INFO: Epoch 161 | Step 101/196 | Loss: 0.2825 | Acc: 91.56%
[2025-05-28 18:06:14,976] INFO: Epoch 161 training completed
[2025-05-28 18:06:16,449] INFO: Test Loss: 0.3995 | Test Acc: 87.15%
[2025-05-28 18:06:16,801] INFO: Epoch 162 | Step 1/196 | Loss: 0.2238 | Acc: 92.58%
[2025-05-28 18:06:29,223] INFO: Epoch 162 | Step 101/196 | Loss: 0.2678 | Acc: 91.80%
[2025-05-28 18:06:40,954] INFO: Epoch 162 training completed
[2025-05-28 18:06:42,447] INFO: Test Loss: 0.4587 | Test Acc: 85.70%
[2025-05-28 18:06:42,814] INFO: Epoch 163 | Step 1/196 | Loss: 0.2396 | Acc: 92.97%
[2025-05-28 18:06:55,217] INFO: Epoch 163 | Step 101/196 | Loss: 0.2627 | Acc: 91.91%
[2025-05-28 18:07:06,954] INFO: Epoch 163 training completed
[2025-05-28 18:07:08,429] INFO: Test Loss: 0.4024 | Test Acc: 87.61%
[2025-05-28 18:07:08,787] INFO: Epoch 164 | Step 1/196 | Loss: 0.2539 | Acc: 92.58%
[2025-05-28 18:07:21,193] INFO: Epoch 164 | Step 101/196 | Loss: 0.2612 | Acc: 91.94%
[2025-05-28 18:07:32,922] INFO: Epoch 164 training completed
[2025-05-28 18:07:34,401] INFO: Test Loss: 0.4106 | Test Acc: 87.09%
[2025-05-28 18:07:34,760] INFO: Epoch 165 | Step 1/196 | Loss: 0.2302 | Acc: 92.58%
[2025-05-28 18:07:47,194] INFO: Epoch 165 | Step 101/196 | Loss: 0.2488 | Acc: 92.46%
[2025-05-28 18:07:58,926] INFO: Epoch 165 training completed
[2025-05-28 18:08:00,402] INFO: Test Loss: 0.3900 | Test Acc: 87.54%
[2025-05-28 18:08:00,761] INFO: Epoch 166 | Step 1/196 | Loss: 0.2101 | Acc: 93.75%
[2025-05-28 18:08:13,166] INFO: Epoch 166 | Step 101/196 | Loss: 0.2417 | Acc: 92.73%
[2025-05-28 18:08:24,892] INFO: Epoch 166 training completed
[2025-05-28 18:08:26,363] INFO: Test Loss: 0.3725 | Test Acc: 87.81%
[2025-05-28 18:08:26,741] INFO: Epoch 167 | Step 1/196 | Loss: 0.1861 | Acc: 94.92%
[2025-05-28 18:08:39,151] INFO: Epoch 167 | Step 101/196 | Loss: 0.2365 | Acc: 92.86%
[2025-05-28 18:08:50,875] INFO: Epoch 167 training completed
[2025-05-28 18:08:52,360] INFO: Test Loss: 0.3849 | Test Acc: 87.55%
[2025-05-28 18:08:52,724] INFO: Epoch 168 | Step 1/196 | Loss: 0.2489 | Acc: 92.97%
[2025-05-28 18:09:05,153] INFO: Epoch 168 | Step 101/196 | Loss: 0.2376 | Acc: 93.00%
[2025-05-28 18:09:16,878] INFO: Epoch 168 training completed
[2025-05-28 18:09:18,356] INFO: Test Loss: 0.4157 | Test Acc: 86.31%
[2025-05-28 18:09:18,800] INFO: Epoch 169 | Step 1/196 | Loss: 0.2050 | Acc: 94.14%
[2025-05-28 18:09:31,220] INFO: Epoch 169 | Step 101/196 | Loss: 0.2337 | Acc: 93.10%
[2025-05-28 18:09:42,953] INFO: Epoch 169 training completed
[2025-05-28 18:09:44,425] INFO: Test Loss: 0.3870 | Test Acc: 88.07%
[2025-05-28 18:09:44,528] INFO: New best accuracy: 88.07%, model saved.
[2025-05-28 18:09:44,870] INFO: Epoch 170 | Step 1/196 | Loss: 0.2647 | Acc: 91.80%
[2025-05-28 18:09:57,274] INFO: Epoch 170 | Step 101/196 | Loss: 0.2215 | Acc: 93.37%
[2025-05-28 18:10:09,001] INFO: Epoch 170 training completed
[2025-05-28 18:10:10,474] INFO: Test Loss: 0.3394 | Test Acc: 89.52%
[2025-05-28 18:10:10,578] INFO: New best accuracy: 89.52%, model saved.
[2025-05-28 18:10:10,927] INFO: Epoch 171 | Step 1/196 | Loss: 0.2091 | Acc: 93.75%
[2025-05-28 18:10:23,340] INFO: Epoch 171 | Step 101/196 | Loss: 0.2139 | Acc: 93.68%
[2025-05-28 18:10:35,071] INFO: Epoch 171 training completed
[2025-05-28 18:10:36,544] INFO: Test Loss: 0.3438 | Test Acc: 89.30%
[2025-05-28 18:10:36,902] INFO: Epoch 172 | Step 1/196 | Loss: 0.2311 | Acc: 92.97%
[2025-05-28 18:10:49,311] INFO: Epoch 172 | Step 101/196 | Loss: 0.2161 | Acc: 93.63%
[2025-05-28 18:11:01,038] INFO: Epoch 172 training completed
[2025-05-28 18:11:02,507] INFO: Test Loss: 0.4085 | Test Acc: 87.41%
[2025-05-28 18:11:02,950] INFO: Epoch 173 | Step 1/196 | Loss: 0.1795 | Acc: 94.14%
[2025-05-28 18:11:15,351] INFO: Epoch 173 | Step 101/196 | Loss: 0.2088 | Acc: 93.83%
[2025-05-28 18:11:27,093] INFO: Epoch 173 training completed
[2025-05-28 18:11:28,563] INFO: Test Loss: 0.3365 | Test Acc: 89.71%
[2025-05-28 18:11:28,665] INFO: New best accuracy: 89.71%, model saved.
[2025-05-28 18:11:29,018] INFO: Epoch 174 | Step 1/196 | Loss: 0.1767 | Acc: 94.92%
[2025-05-28 18:11:41,428] INFO: Epoch 174 | Step 101/196 | Loss: 0.1984 | Acc: 94.14%
[2025-05-28 18:11:53,157] INFO: Epoch 174 training completed
[2025-05-28 18:11:54,632] INFO: Test Loss: 0.3364 | Test Acc: 89.92%
[2025-05-28 18:11:54,734] INFO: New best accuracy: 89.92%, model saved.
[2025-05-28 18:11:55,081] INFO: Epoch 175 | Step 1/196 | Loss: 0.1818 | Acc: 95.31%
[2025-05-28 18:12:07,488] INFO: Epoch 175 | Step 101/196 | Loss: 0.1938 | Acc: 94.38%
[2025-05-28 18:12:19,220] INFO: Epoch 175 training completed
[2025-05-28 18:12:20,692] INFO: Test Loss: 0.3555 | Test Acc: 89.03%
[2025-05-28 18:12:21,054] INFO: Epoch 176 | Step 1/196 | Loss: 0.1693 | Acc: 96.88%
[2025-05-28 18:12:33,521] INFO: Epoch 176 | Step 101/196 | Loss: 0.1883 | Acc: 94.73%
[2025-05-28 18:12:45,248] INFO: Epoch 176 training completed
[2025-05-28 18:12:46,727] INFO: Test Loss: 0.3088 | Test Acc: 90.72%
[2025-05-28 18:12:46,830] INFO: New best accuracy: 90.72%, model saved.
[2025-05-28 18:12:47,184] INFO: Epoch 177 | Step 1/196 | Loss: 0.1667 | Acc: 95.70%
[2025-05-28 18:12:59,591] INFO: Epoch 177 | Step 101/196 | Loss: 0.1826 | Acc: 94.73%
[2025-05-28 18:13:11,323] INFO: Epoch 177 training completed
[2025-05-28 18:13:12,807] INFO: Test Loss: 0.3273 | Test Acc: 89.80%
[2025-05-28 18:13:13,164] INFO: Epoch 178 | Step 1/196 | Loss: 0.1646 | Acc: 96.48%
[2025-05-28 18:13:25,571] INFO: Epoch 178 | Step 101/196 | Loss: 0.1838 | Acc: 94.76%
[2025-05-28 18:13:37,328] INFO: Epoch 178 training completed
[2025-05-28 18:13:38,809] INFO: Test Loss: 0.3308 | Test Acc: 89.54%
[2025-05-28 18:13:39,157] INFO: Epoch 179 | Step 1/196 | Loss: 0.1959 | Acc: 94.53%
[2025-05-28 18:13:51,565] INFO: Epoch 179 | Step 101/196 | Loss: 0.1738 | Acc: 95.13%
[2025-05-28 18:14:03,326] INFO: Epoch 179 training completed
[2025-05-28 18:14:04,804] INFO: Test Loss: 0.3203 | Test Acc: 90.40%
[2025-05-28 18:14:05,167] INFO: Epoch 180 | Step 1/196 | Loss: 0.2006 | Acc: 93.75%
[2025-05-28 18:14:17,571] INFO: Epoch 180 | Step 101/196 | Loss: 0.1650 | Acc: 95.43%
[2025-05-28 18:14:29,310] INFO: Epoch 180 training completed
[2025-05-28 18:14:30,778] INFO: Test Loss: 0.3231 | Test Acc: 90.29%
[2025-05-28 18:14:31,144] INFO: Epoch 181 | Step 1/196 | Loss: 0.1455 | Acc: 96.09%
[2025-05-28 18:14:43,551] INFO: Epoch 181 | Step 101/196 | Loss: 0.1627 | Acc: 95.51%
[2025-05-28 18:14:55,291] INFO: Epoch 181 training completed
[2025-05-28 18:14:56,762] INFO: Test Loss: 0.2975 | Test Acc: 91.15%
[2025-05-28 18:14:56,865] INFO: New best accuracy: 91.15%, model saved.
[2025-05-28 18:14:57,226] INFO: Epoch 182 | Step 1/196 | Loss: 0.1232 | Acc: 97.27%
[2025-05-28 18:15:09,628] INFO: Epoch 182 | Step 101/196 | Loss: 0.1589 | Acc: 95.54%
[2025-05-28 18:15:21,359] INFO: Epoch 182 training completed
[2025-05-28 18:15:22,829] INFO: Test Loss: 0.2886 | Test Acc: 91.17%
[2025-05-28 18:15:22,943] INFO: New best accuracy: 91.17%, model saved.
[2025-05-28 18:15:23,306] INFO: Epoch 183 | Step 1/196 | Loss: 0.1275 | Acc: 96.88%
[2025-05-28 18:15:35,758] INFO: Epoch 183 | Step 101/196 | Loss: 0.1487 | Acc: 96.01%
[2025-05-28 18:15:47,499] INFO: Epoch 183 training completed
[2025-05-28 18:15:48,974] INFO: Test Loss: 0.3098 | Test Acc: 90.72%
[2025-05-28 18:15:49,333] INFO: Epoch 184 | Step 1/196 | Loss: 0.1515 | Acc: 96.48%
[2025-05-28 18:16:01,749] INFO: Epoch 184 | Step 101/196 | Loss: 0.1435 | Acc: 96.17%
[2025-05-28 18:16:13,479] INFO: Epoch 184 training completed
[2025-05-28 18:16:14,948] INFO: Test Loss: 0.2795 | Test Acc: 91.75%
[2025-05-28 18:16:15,068] INFO: New best accuracy: 91.75%, model saved.
[2025-05-28 18:16:15,420] INFO: Epoch 185 | Step 1/196 | Loss: 0.1465 | Acc: 95.31%
[2025-05-28 18:16:27,827] INFO: Epoch 185 | Step 101/196 | Loss: 0.1403 | Acc: 96.33%
[2025-05-28 18:16:39,554] INFO: Epoch 185 training completed
[2025-05-28 18:16:41,021] INFO: Test Loss: 0.2974 | Test Acc: 90.81%
[2025-05-28 18:16:41,375] INFO: Epoch 186 | Step 1/196 | Loss: 0.1636 | Acc: 96.48%
[2025-05-28 18:16:53,782] INFO: Epoch 186 | Step 101/196 | Loss: 0.1297 | Acc: 96.73%
[2025-05-28 18:17:05,534] INFO: Epoch 186 training completed
[2025-05-28 18:17:07,012] INFO: Test Loss: 0.2799 | Test Acc: 91.34%
[2025-05-28 18:17:07,365] INFO: Epoch 187 | Step 1/196 | Loss: 0.1973 | Acc: 94.53%
[2025-05-28 18:17:19,776] INFO: Epoch 187 | Step 101/196 | Loss: 0.1308 | Acc: 96.69%
[2025-05-28 18:17:31,503] INFO: Epoch 187 training completed
[2025-05-28 18:17:32,969] INFO: Test Loss: 0.2706 | Test Acc: 91.76%
[2025-05-28 18:17:33,073] INFO: New best accuracy: 91.76%, model saved.
[2025-05-28 18:17:33,427] INFO: Epoch 188 | Step 1/196 | Loss: 0.0933 | Acc: 98.44%
[2025-05-28 18:17:45,825] INFO: Epoch 188 | Step 101/196 | Loss: 0.1234 | Acc: 96.86%
[2025-05-28 18:17:57,549] INFO: Epoch 188 training completed
[2025-05-28 18:17:59,030] INFO: Test Loss: 0.2666 | Test Acc: 92.08%
[2025-05-28 18:17:59,133] INFO: New best accuracy: 92.08%, model saved.
[2025-05-28 18:17:59,509] INFO: Epoch 189 | Step 1/196 | Loss: 0.1553 | Acc: 95.70%
[2025-05-28 18:18:11,917] INFO: Epoch 189 | Step 101/196 | Loss: 0.1239 | Acc: 96.92%
[2025-05-28 18:18:23,645] INFO: Epoch 189 training completed
[2025-05-28 18:18:25,123] INFO: Test Loss: 0.2748 | Test Acc: 91.99%
[2025-05-28 18:18:25,540] INFO: Epoch 190 | Step 1/196 | Loss: 0.0945 | Acc: 97.27%
[2025-05-28 18:18:37,957] INFO: Epoch 190 | Step 101/196 | Loss: 0.1186 | Acc: 97.06%
[2025-05-28 18:18:49,695] INFO: Epoch 190 training completed
[2025-05-28 18:18:51,172] INFO: Test Loss: 0.2629 | Test Acc: 92.03%
[2025-05-28 18:18:51,538] INFO: Epoch 191 | Step 1/196 | Loss: 0.1010 | Acc: 96.88%
[2025-05-28 18:19:03,943] INFO: Epoch 191 | Step 101/196 | Loss: 0.1096 | Acc: 97.44%
[2025-05-28 18:19:15,668] INFO: Epoch 191 training completed
[2025-05-28 18:19:17,141] INFO: Test Loss: 0.2635 | Test Acc: 92.17%
[2025-05-28 18:19:17,243] INFO: New best accuracy: 92.17%, model saved.
[2025-05-28 18:19:17,591] INFO: Epoch 192 | Step 1/196 | Loss: 0.1101 | Acc: 96.88%
[2025-05-28 18:19:30,003] INFO: Epoch 192 | Step 101/196 | Loss: 0.1104 | Acc: 97.45%
[2025-05-28 18:19:41,736] INFO: Epoch 192 training completed
[2025-05-28 18:19:43,202] INFO: Test Loss: 0.2664 | Test Acc: 92.15%
[2025-05-28 18:19:43,567] INFO: Epoch 193 | Step 1/196 | Loss: 0.0919 | Acc: 97.66%
[2025-05-28 18:19:55,968] INFO: Epoch 193 | Step 101/196 | Loss: 0.1070 | Acc: 97.56%
[2025-05-28 18:20:07,707] INFO: Epoch 193 training completed
[2025-05-28 18:20:09,180] INFO: Test Loss: 0.2673 | Test Acc: 92.35%
[2025-05-28 18:20:09,284] INFO: New best accuracy: 92.35%, model saved.
[2025-05-28 18:20:09,735] INFO: Epoch 194 | Step 1/196 | Loss: 0.0939 | Acc: 99.22%
[2025-05-28 18:20:22,141] INFO: Epoch 194 | Step 101/196 | Loss: 0.1045 | Acc: 97.56%
[2025-05-28 18:20:33,872] INFO: Epoch 194 training completed
[2025-05-28 18:20:35,346] INFO: Test Loss: 0.2685 | Test Acc: 92.17%
[2025-05-28 18:20:35,709] INFO: Epoch 195 | Step 1/196 | Loss: 0.1216 | Acc: 96.48%
[2025-05-28 18:20:48,115] INFO: Epoch 195 | Step 101/196 | Loss: 0.1030 | Acc: 97.71%
[2025-05-28 18:20:59,842] INFO: Epoch 195 training completed
[2025-05-28 18:21:01,318] INFO: Test Loss: 0.2691 | Test Acc: 92.29%
[2025-05-28 18:21:01,663] INFO: Epoch 196 | Step 1/196 | Loss: 0.0976 | Acc: 98.44%
[2025-05-28 18:21:14,065] INFO: Epoch 196 | Step 101/196 | Loss: 0.1009 | Acc: 97.75%
[2025-05-28 18:21:25,794] INFO: Epoch 196 training completed
[2025-05-28 18:21:27,271] INFO: Test Loss: 0.2676 | Test Acc: 92.22%
[2025-05-28 18:21:27,625] INFO: Epoch 197 | Step 1/196 | Loss: 0.1406 | Acc: 95.31%
[2025-05-28 18:21:40,050] INFO: Epoch 197 | Step 101/196 | Loss: 0.0982 | Acc: 97.90%
[2025-05-28 18:21:51,811] INFO: Epoch 197 training completed
[2025-05-28 18:21:53,281] INFO: Test Loss: 0.2658 | Test Acc: 92.28%
[2025-05-28 18:21:53,628] INFO: Epoch 198 | Step 1/196 | Loss: 0.1305 | Acc: 95.70%
[2025-05-28 18:22:06,051] INFO: Epoch 198 | Step 101/196 | Loss: 0.0998 | Acc: 97.70%
[2025-05-28 18:22:17,777] INFO: Epoch 198 training completed
[2025-05-28 18:22:19,251] INFO: Test Loss: 0.2676 | Test Acc: 92.22%
[2025-05-28 18:22:19,626] INFO: Epoch 199 | Step 1/196 | Loss: 0.0795 | Acc: 98.83%
[2025-05-28 18:22:32,033] INFO: Epoch 199 | Step 101/196 | Loss: 0.1034 | Acc: 97.71%
[2025-05-28 18:22:43,758] INFO: Epoch 199 training completed
[2025-05-28 18:22:45,240] INFO: Test Loss: 0.2676 | Test Acc: 92.13%
[2025-05-28 18:22:45,590] INFO: Epoch 200 | Step 1/196 | Loss: 0.0943 | Acc: 98.44%
[2025-05-28 18:22:57,998] INFO: Epoch 200 | Step 101/196 | Loss: 0.0997 | Acc: 97.78%
[2025-05-28 18:23:09,736] INFO: Epoch 200 training completed
[2025-05-28 18:23:11,204] INFO: Test Loss: 0.2676 | Test Acc: 92.25%
[2025-05-28 18:23:11,361] INFO: Training complete. Best Test Accuracy: 92.35%
