[2025-05-30 08:48:38,962] INFO: Using device: cuda
[2025-05-30 08:48:40,231] INFO: Using GhostNetV3 with width 3.4
[2025-05-30 08:48:51,524] INFO: Using device: cuda
[2025-05-30 08:48:52,667] INFO: Using GhostNetV3 with width 3.4
[2025-05-30 08:49:23,322] INFO: Epoch 1 | Step 1/196 | Loss: 5.8247 | Acc: 12.50%
[2025-05-30 08:49:52,769] INFO: Epoch 1 | Step 101/196 | Loss: 3.4437 | Acc: 12.97%
[2025-05-30 08:50:20,709] INFO: Epoch 1 training completed
[2025-05-30 08:50:46,137] INFO: Test Loss: 2.3556 | Test Acc: 21.84%
[2025-05-30 08:50:46,251] INFO: New best accuracy: 21.84%, model saved.
[2025-05-30 08:50:46,786] INFO: Epoch 2 | Step 1/196 | Loss: 2.1620 | Acc: 19.53%
[2025-05-30 08:51:16,253] INFO: Epoch 2 | Step 101/196 | Loss: 2.1334 | Acc: 23.21%
[2025-05-30 08:51:44,126] INFO: Epoch 2 training completed
[2025-05-30 08:51:47,717] INFO: Test Loss: 2.0419 | Test Acc: 25.61%
[2025-05-30 08:51:47,831] INFO: New best accuracy: 25.61%, model saved.
[2025-05-30 08:51:48,367] INFO: Epoch 3 | Step 1/196 | Loss: 2.0132 | Acc: 21.48%
[2025-05-30 08:52:17,920] INFO: Epoch 3 | Step 101/196 | Loss: 1.9474 | Acc: 28.12%
[2025-05-30 08:52:45,802] INFO: Epoch 3 training completed
[2025-05-30 08:52:49,398] INFO: Test Loss: 1.7953 | Test Acc: 33.92%
[2025-05-30 08:52:49,513] INFO: New best accuracy: 33.92%, model saved.
[2025-05-30 08:52:50,059] INFO: Epoch 4 | Step 1/196 | Loss: 1.7531 | Acc: 36.72%
[2025-05-30 08:53:19,684] INFO: Epoch 4 | Step 101/196 | Loss: 1.7861 | Acc: 33.83%
[2025-05-30 08:53:47,634] INFO: Epoch 4 training completed
[2025-05-30 08:53:51,230] INFO: Test Loss: 1.6874 | Test Acc: 37.73%
[2025-05-30 08:53:51,343] INFO: New best accuracy: 37.73%, model saved.
[2025-05-30 08:53:51,884] INFO: Epoch 5 | Step 1/196 | Loss: 1.9136 | Acc: 33.98%
[2025-05-30 08:54:21,551] INFO: Epoch 5 | Step 101/196 | Loss: 1.6727 | Acc: 37.97%
[2025-05-30 08:54:49,535] INFO: Epoch 5 training completed
[2025-05-30 08:54:53,157] INFO: Test Loss: 1.6519 | Test Acc: 40.03%
[2025-05-30 08:54:53,278] INFO: New best accuracy: 40.03%, model saved.
[2025-05-30 08:54:53,827] INFO: Epoch 6 | Step 1/196 | Loss: 1.5111 | Acc: 41.41%
[2025-05-30 08:55:23,621] INFO: Epoch 6 | Step 101/196 | Loss: 1.5686 | Acc: 43.01%
[2025-05-30 08:55:51,598] INFO: Epoch 6 training completed
[2025-05-30 08:55:55,204] INFO: Test Loss: 1.6351 | Test Acc: 44.05%
[2025-05-30 08:55:55,318] INFO: New best accuracy: 44.05%, model saved.
[2025-05-30 08:55:55,863] INFO: Epoch 7 | Step 1/196 | Loss: 1.5756 | Acc: 45.31%
[2025-05-30 08:56:25,568] INFO: Epoch 7 | Step 101/196 | Loss: 1.4831 | Acc: 46.32%
[2025-05-30 08:56:53,608] INFO: Epoch 7 training completed
[2025-05-30 08:56:57,226] INFO: Test Loss: 1.4194 | Test Acc: 49.72%
[2025-05-30 08:56:57,347] INFO: New best accuracy: 49.72%, model saved.
[2025-05-30 08:56:57,915] INFO: Epoch 8 | Step 1/196 | Loss: 1.3785 | Acc: 50.39%
[2025-05-30 08:57:27,647] INFO: Epoch 8 | Step 101/196 | Loss: 1.3712 | Acc: 51.36%
[2025-05-30 08:57:55,681] INFO: Epoch 8 training completed
[2025-05-30 08:57:59,299] INFO: Test Loss: 1.3532 | Test Acc: 52.80%
[2025-05-30 08:57:59,417] INFO: New best accuracy: 52.80%, model saved.
[2025-05-30 08:57:59,967] INFO: Epoch 9 | Step 1/196 | Loss: 1.4431 | Acc: 48.83%
[2025-05-30 08:58:29,680] INFO: Epoch 9 | Step 101/196 | Loss: 1.2802 | Acc: 54.39%
[2025-05-30 08:58:57,688] INFO: Epoch 9 training completed
[2025-05-30 08:59:01,306] INFO: Test Loss: 1.2090 | Test Acc: 56.53%
[2025-05-30 08:59:01,426] INFO: New best accuracy: 56.53%, model saved.
[2025-05-30 08:59:01,969] INFO: Epoch 10 | Step 1/196 | Loss: 1.1839 | Acc: 58.59%
[2025-05-30 08:59:32,463] INFO: Epoch 10 | Step 101/196 | Loss: 1.1897 | Acc: 57.51%
[2025-05-30 09:00:00,474] INFO: Epoch 10 training completed
[2025-05-30 09:00:04,077] INFO: Test Loss: 1.1876 | Test Acc: 58.28%
[2025-05-30 09:00:04,193] INFO: New best accuracy: 58.28%, model saved.
[2025-05-30 09:00:04,742] INFO: Epoch 11 | Step 1/196 | Loss: 1.2074 | Acc: 57.03%
[2025-05-30 09:00:34,440] INFO: Epoch 11 | Step 101/196 | Loss: 1.0975 | Acc: 61.08%
[2025-05-30 09:01:02,469] INFO: Epoch 11 training completed
[2025-05-30 09:01:06,092] INFO: Test Loss: 1.0380 | Test Acc: 63.41%
[2025-05-30 09:01:06,208] INFO: New best accuracy: 63.41%, model saved.
[2025-05-30 09:01:06,757] INFO: Epoch 12 | Step 1/196 | Loss: 1.0173 | Acc: 64.84%
[2025-05-30 09:01:36,466] INFO: Epoch 12 | Step 101/196 | Loss: 1.0177 | Acc: 63.80%
[2025-05-30 09:02:04,506] INFO: Epoch 12 training completed
[2025-05-30 09:02:08,121] INFO: Test Loss: 1.0042 | Test Acc: 64.61%
[2025-05-30 09:02:08,238] INFO: New best accuracy: 64.61%, model saved.
[2025-05-30 09:02:08,795] INFO: Epoch 13 | Step 1/196 | Loss: 1.0964 | Acc: 58.59%
[2025-05-30 09:02:38,487] INFO: Epoch 13 | Step 101/196 | Loss: 0.9276 | Acc: 66.92%
[2025-05-30 09:03:06,503] INFO: Epoch 13 training completed
[2025-05-30 09:03:10,104] INFO: Test Loss: 0.9379 | Test Acc: 67.02%
[2025-05-30 09:03:10,317] INFO: New best accuracy: 67.02%, model saved.
[2025-05-30 09:03:10,868] INFO: Epoch 14 | Step 1/196 | Loss: 1.0208 | Acc: 65.23%
[2025-05-30 09:03:40,538] INFO: Epoch 14 | Step 101/196 | Loss: 0.8666 | Acc: 69.21%
[2025-05-30 09:04:08,527] INFO: Epoch 14 training completed
[2025-05-30 09:04:12,133] INFO: Test Loss: 0.9374 | Test Acc: 67.83%
[2025-05-30 09:04:12,248] INFO: New best accuracy: 67.83%, model saved.
[2025-05-30 09:04:12,790] INFO: Epoch 15 | Step 1/196 | Loss: 0.8502 | Acc: 69.92%
[2025-05-30 09:04:42,473] INFO: Epoch 15 | Step 101/196 | Loss: 0.8132 | Acc: 71.13%
[2025-05-30 09:05:10,546] INFO: Epoch 15 training completed
[2025-05-30 09:05:14,155] INFO: Test Loss: 0.8886 | Test Acc: 68.76%
[2025-05-30 09:05:14,269] INFO: New best accuracy: 68.76%, model saved.
[2025-05-30 09:05:14,818] INFO: Epoch 16 | Step 1/196 | Loss: 0.7807 | Acc: 71.09%
[2025-05-30 09:05:44,507] INFO: Epoch 16 | Step 101/196 | Loss: 0.7584 | Acc: 73.24%
[2025-05-30 09:06:12,550] INFO: Epoch 16 training completed
[2025-05-30 09:06:16,179] INFO: Test Loss: 0.8052 | Test Acc: 72.25%
[2025-05-30 09:06:16,294] INFO: New best accuracy: 72.25%, model saved.
[2025-05-30 09:06:16,930] INFO: Epoch 17 | Step 1/196 | Loss: 0.7639 | Acc: 71.09%
[2025-05-30 09:06:46,673] INFO: Epoch 17 | Step 101/196 | Loss: 0.7091 | Acc: 75.09%
[2025-05-30 09:07:14,720] INFO: Epoch 17 training completed
[2025-05-30 09:07:18,330] INFO: Test Loss: 0.7869 | Test Acc: 72.23%
[2025-05-30 09:07:18,872] INFO: Epoch 18 | Step 1/196 | Loss: 0.6507 | Acc: 76.17%
[2025-05-30 09:07:48,573] INFO: Epoch 18 | Step 101/196 | Loss: 0.6598 | Acc: 76.87%
[2025-05-30 09:08:16,611] INFO: Epoch 18 training completed
[2025-05-30 09:08:20,218] INFO: Test Loss: 0.7372 | Test Acc: 74.89%
[2025-05-30 09:08:20,335] INFO: New best accuracy: 74.89%, model saved.
[2025-05-30 09:08:20,880] INFO: Epoch 19 | Step 1/196 | Loss: 0.6416 | Acc: 76.56%
[2025-05-30 09:08:50,578] INFO: Epoch 19 | Step 101/196 | Loss: 0.6237 | Acc: 78.42%
[2025-05-30 09:09:18,580] INFO: Epoch 19 training completed
[2025-05-30 09:09:22,185] INFO: Test Loss: 0.6835 | Test Acc: 76.14%
[2025-05-30 09:09:22,300] INFO: New best accuracy: 76.14%, model saved.
[2025-05-30 09:09:22,849] INFO: Epoch 20 | Step 1/196 | Loss: 0.5669 | Acc: 81.64%
[2025-05-30 09:09:52,523] INFO: Epoch 20 | Step 101/196 | Loss: 0.5838 | Acc: 79.92%
[2025-05-30 09:10:20,518] INFO: Epoch 20 training completed
[2025-05-30 09:10:24,124] INFO: Test Loss: 0.7334 | Test Acc: 74.89%
[2025-05-30 09:10:24,668] INFO: Epoch 21 | Step 1/196 | Loss: 0.5208 | Acc: 83.59%
[2025-05-30 09:10:54,339] INFO: Epoch 21 | Step 101/196 | Loss: 0.5571 | Acc: 80.77%
[2025-05-30 09:11:22,328] INFO: Epoch 21 training completed
[2025-05-30 09:11:25,939] INFO: Test Loss: 0.6361 | Test Acc: 77.50%
[2025-05-30 09:11:26,053] INFO: New best accuracy: 77.50%, model saved.
[2025-05-30 09:11:26,594] INFO: Epoch 22 | Step 1/196 | Loss: 0.4684 | Acc: 83.98%
[2025-05-30 09:11:56,257] INFO: Epoch 22 | Step 101/196 | Loss: 0.5243 | Acc: 81.90%
[2025-05-30 09:12:24,253] INFO: Epoch 22 training completed
[2025-05-30 09:12:27,865] INFO: Test Loss: 0.6345 | Test Acc: 78.28%
[2025-05-30 09:12:27,980] INFO: New best accuracy: 78.28%, model saved.
[2025-05-30 09:12:28,520] INFO: Epoch 23 | Step 1/196 | Loss: 0.4554 | Acc: 83.20%
[2025-05-30 09:12:58,182] INFO: Epoch 23 | Step 101/196 | Loss: 0.5024 | Acc: 82.65%
[2025-05-30 09:13:26,173] INFO: Epoch 23 training completed
[2025-05-30 09:13:29,775] INFO: Test Loss: 0.6141 | Test Acc: 78.65%
[2025-05-30 09:13:29,982] INFO: New best accuracy: 78.65%, model saved.
[2025-05-30 09:13:30,528] INFO: Epoch 24 | Step 1/196 | Loss: 0.4727 | Acc: 82.42%
[2025-05-30 09:14:00,197] INFO: Epoch 24 | Step 101/196 | Loss: 0.4844 | Acc: 83.23%
[2025-05-30 09:14:28,183] INFO: Epoch 24 training completed
[2025-05-30 09:14:31,795] INFO: Test Loss: 0.5775 | Test Acc: 80.25%
[2025-05-30 09:14:31,909] INFO: New best accuracy: 80.25%, model saved.
[2025-05-30 09:14:32,444] INFO: Epoch 25 | Step 1/196 | Loss: 0.4902 | Acc: 80.86%
[2025-05-30 09:15:02,136] INFO: Epoch 25 | Step 101/196 | Loss: 0.4628 | Acc: 84.23%
[2025-05-30 09:15:30,132] INFO: Epoch 25 training completed
[2025-05-30 09:15:33,736] INFO: Test Loss: 0.5840 | Test Acc: 79.63%
[2025-05-30 09:15:34,272] INFO: Epoch 26 | Step 1/196 | Loss: 0.4691 | Acc: 86.33%
[2025-05-30 09:16:03,948] INFO: Epoch 26 | Step 101/196 | Loss: 0.4491 | Acc: 84.61%
[2025-05-30 09:16:31,938] INFO: Epoch 26 training completed
[2025-05-30 09:16:35,553] INFO: Test Loss: 0.5498 | Test Acc: 81.08%
[2025-05-30 09:16:35,667] INFO: New best accuracy: 81.08%, model saved.
[2025-05-30 09:16:36,208] INFO: Epoch 27 | Step 1/196 | Loss: 0.3843 | Acc: 86.33%
[2025-05-30 09:17:05,875] INFO: Epoch 27 | Step 101/196 | Loss: 0.4430 | Acc: 84.96%
[2025-05-30 09:17:33,869] INFO: Epoch 27 training completed
[2025-05-30 09:17:37,473] INFO: Test Loss: 0.6631 | Test Acc: 77.83%
[2025-05-30 09:17:38,023] INFO: Epoch 28 | Step 1/196 | Loss: 0.3947 | Acc: 87.50%
[2025-05-30 09:18:07,699] INFO: Epoch 28 | Step 101/196 | Loss: 0.4300 | Acc: 85.49%
[2025-05-30 09:18:35,692] INFO: Epoch 28 training completed
[2025-05-30 09:18:39,302] INFO: Test Loss: 0.6054 | Test Acc: 79.43%
[2025-05-30 09:18:39,848] INFO: Epoch 29 | Step 1/196 | Loss: 0.4022 | Acc: 87.50%
[2025-05-30 09:19:09,517] INFO: Epoch 29 | Step 101/196 | Loss: 0.4087 | Acc: 86.36%
[2025-05-30 09:19:37,513] INFO: Epoch 29 training completed
[2025-05-30 09:19:41,118] INFO: Test Loss: 0.6201 | Test Acc: 79.08%
[2025-05-30 09:19:41,673] INFO: Epoch 30 | Step 1/196 | Loss: 0.3570 | Acc: 89.06%
[2025-05-30 09:20:11,346] INFO: Epoch 30 | Step 101/196 | Loss: 0.4190 | Acc: 85.95%
[2025-05-30 09:20:39,335] INFO: Epoch 30 training completed
[2025-05-30 09:20:42,944] INFO: Test Loss: 0.5574 | Test Acc: 80.90%
[2025-05-30 09:20:43,576] INFO: Epoch 31 | Step 1/196 | Loss: 0.4687 | Acc: 85.16%
[2025-05-30 09:21:13,248] INFO: Epoch 31 | Step 101/196 | Loss: 0.4047 | Acc: 86.71%
[2025-05-30 09:21:41,240] INFO: Epoch 31 training completed
[2025-05-30 09:21:44,853] INFO: Test Loss: 0.5728 | Test Acc: 80.41%
[2025-05-30 09:21:45,401] INFO: Epoch 32 | Step 1/196 | Loss: 0.4339 | Acc: 84.38%
[2025-05-30 09:22:15,075] INFO: Epoch 32 | Step 101/196 | Loss: 0.4036 | Acc: 86.66%
[2025-05-30 09:22:43,067] INFO: Epoch 32 training completed
[2025-05-30 09:22:46,671] INFO: Test Loss: 0.6437 | Test Acc: 78.23%
[2025-05-30 09:22:47,224] INFO: Epoch 33 | Step 1/196 | Loss: 0.4626 | Acc: 84.77%
[2025-05-30 09:23:16,895] INFO: Epoch 33 | Step 101/196 | Loss: 0.4033 | Acc: 86.57%
[2025-05-30 09:23:44,887] INFO: Epoch 33 training completed
[2025-05-30 09:23:48,491] INFO: Test Loss: 0.5395 | Test Acc: 82.05%
[2025-05-30 09:23:48,606] INFO: New best accuracy: 82.05%, model saved.
[2025-05-30 09:23:49,145] INFO: Epoch 34 | Step 1/196 | Loss: 0.4612 | Acc: 86.33%
[2025-05-30 09:24:18,823] INFO: Epoch 34 | Step 101/196 | Loss: 0.3996 | Acc: 87.00%
[2025-05-30 09:24:46,839] INFO: Epoch 34 training completed
[2025-05-30 09:24:50,450] INFO: Test Loss: 0.5036 | Test Acc: 82.76%
[2025-05-30 09:24:50,659] INFO: New best accuracy: 82.76%, model saved.
[2025-05-30 09:24:51,195] INFO: Epoch 35 | Step 1/196 | Loss: 0.4608 | Acc: 84.38%
[2025-05-30 09:25:20,877] INFO: Epoch 35 | Step 101/196 | Loss: 0.4029 | Acc: 86.83%
[2025-05-30 09:25:48,875] INFO: Epoch 35 training completed
[2025-05-30 09:25:52,486] INFO: Test Loss: 0.6279 | Test Acc: 78.59%
[2025-05-30 09:25:53,029] INFO: Epoch 36 | Step 1/196 | Loss: 0.3758 | Acc: 87.89%
[2025-05-30 09:26:22,716] INFO: Epoch 36 | Step 101/196 | Loss: 0.4004 | Acc: 86.95%
[2025-05-30 09:26:50,708] INFO: Epoch 36 training completed
[2025-05-30 09:26:54,315] INFO: Test Loss: 0.5830 | Test Acc: 80.65%
[2025-05-30 09:26:54,863] INFO: Epoch 37 | Step 1/196 | Loss: 0.3110 | Acc: 92.58%
[2025-05-30 09:27:24,548] INFO: Epoch 37 | Step 101/196 | Loss: 0.4110 | Acc: 86.42%
[2025-05-30 09:27:52,541] INFO: Epoch 37 training completed
[2025-05-30 09:27:56,140] INFO: Test Loss: 0.5436 | Test Acc: 81.56%
[2025-05-30 09:27:56,686] INFO: Epoch 38 | Step 1/196 | Loss: 0.4399 | Acc: 85.16%
[2025-05-30 09:28:26,354] INFO: Epoch 38 | Step 101/196 | Loss: 0.4106 | Acc: 86.66%
[2025-05-30 09:28:54,344] INFO: Epoch 38 training completed
[2025-05-30 09:28:57,957] INFO: Test Loss: 0.6374 | Test Acc: 78.53%
[2025-05-30 09:28:58,505] INFO: Epoch 39 | Step 1/196 | Loss: 0.3663 | Acc: 86.72%
[2025-05-30 09:29:28,183] INFO: Epoch 39 | Step 101/196 | Loss: 0.4040 | Acc: 86.94%
[2025-05-30 09:29:56,175] INFO: Epoch 39 training completed
[2025-05-30 09:29:59,789] INFO: Test Loss: 0.5895 | Test Acc: 80.68%
[2025-05-30 09:30:00,340] INFO: Epoch 40 | Step 1/196 | Loss: 0.5547 | Acc: 81.25%
[2025-05-30 09:30:30,023] INFO: Epoch 40 | Step 101/196 | Loss: 0.4135 | Acc: 86.78%
[2025-05-30 09:30:58,012] INFO: Epoch 40 training completed
[2025-05-30 09:31:01,642] INFO: Test Loss: 0.7144 | Test Acc: 76.41%
[2025-05-30 09:31:02,191] INFO: Epoch 41 | Step 1/196 | Loss: 0.4847 | Acc: 83.59%
[2025-05-30 09:31:31,866] INFO: Epoch 41 | Step 101/196 | Loss: 0.4082 | Acc: 86.90%
[2025-05-30 09:31:59,858] INFO: Epoch 41 training completed
[2025-05-30 09:32:03,467] INFO: Test Loss: 0.5405 | Test Acc: 82.24%
[2025-05-30 09:32:04,008] INFO: Epoch 42 | Step 1/196 | Loss: 0.4359 | Acc: 85.55%
[2025-05-30 09:32:33,684] INFO: Epoch 42 | Step 101/196 | Loss: 0.4279 | Acc: 86.19%
[2025-05-30 09:33:01,685] INFO: Epoch 42 training completed
[2025-05-30 09:33:05,286] INFO: Test Loss: 0.7352 | Test Acc: 76.14%
[2025-05-30 09:33:05,826] INFO: Epoch 43 | Step 1/196 | Loss: 0.4038 | Acc: 88.28%
[2025-05-30 09:33:35,506] INFO: Epoch 43 | Step 101/196 | Loss: 0.4270 | Acc: 86.23%
[2025-05-30 09:34:03,502] INFO: Epoch 43 training completed
[2025-05-30 09:34:07,106] INFO: Test Loss: 0.6109 | Test Acc: 78.38%
[2025-05-30 09:34:07,646] INFO: Epoch 44 | Step 1/196 | Loss: 0.4520 | Acc: 85.16%
[2025-05-30 09:34:37,324] INFO: Epoch 44 | Step 101/196 | Loss: 0.4277 | Acc: 86.03%
[2025-05-30 09:35:05,319] INFO: Epoch 44 training completed
[2025-05-30 09:35:08,932] INFO: Test Loss: 0.7025 | Test Acc: 77.27%
[2025-05-30 09:35:09,473] INFO: Epoch 45 | Step 1/196 | Loss: 0.4395 | Acc: 87.11%
[2025-05-30 09:35:39,145] INFO: Epoch 45 | Step 101/196 | Loss: 0.4276 | Acc: 86.47%
[2025-05-30 09:36:07,134] INFO: Epoch 45 training completed
[2025-05-30 09:36:10,746] INFO: Test Loss: 0.7583 | Test Acc: 74.76%
[2025-05-30 09:36:11,386] INFO: Epoch 46 | Step 1/196 | Loss: 0.5041 | Acc: 83.20%
[2025-05-30 09:36:41,064] INFO: Epoch 46 | Step 101/196 | Loss: 0.4361 | Acc: 86.04%
[2025-05-30 09:37:09,046] INFO: Epoch 46 training completed
[2025-05-30 09:37:12,648] INFO: Test Loss: 0.6242 | Test Acc: 79.68%
[2025-05-30 09:37:13,189] INFO: Epoch 47 | Step 1/196 | Loss: 0.4004 | Acc: 87.50%
[2025-05-30 09:37:42,860] INFO: Epoch 47 | Step 101/196 | Loss: 0.4212 | Acc: 86.56%
[2025-05-30 09:38:10,847] INFO: Epoch 47 training completed
[2025-05-30 09:38:14,444] INFO: Test Loss: 0.7863 | Test Acc: 74.61%
[2025-05-30 09:38:14,994] INFO: Epoch 48 | Step 1/196 | Loss: 0.3827 | Acc: 87.89%
[2025-05-30 09:38:44,660] INFO: Epoch 48 | Step 101/196 | Loss: 0.4294 | Acc: 86.31%
[2025-05-30 09:39:12,644] INFO: Epoch 48 training completed
[2025-05-30 09:39:16,247] INFO: Test Loss: 0.5985 | Test Acc: 80.52%
[2025-05-30 09:39:16,784] INFO: Epoch 49 | Step 1/196 | Loss: 0.4651 | Acc: 85.55%
[2025-05-30 09:39:46,457] INFO: Epoch 49 | Step 101/196 | Loss: 0.4342 | Acc: 86.24%
[2025-05-30 09:40:14,442] INFO: Epoch 49 training completed
[2025-05-30 09:40:18,041] INFO: Test Loss: 0.8317 | Test Acc: 73.23%
[2025-05-30 09:40:18,585] INFO: Epoch 50 | Step 1/196 | Loss: 0.3905 | Acc: 85.16%
[2025-05-30 09:40:48,247] INFO: Epoch 50 | Step 101/196 | Loss: 0.4380 | Acc: 86.15%
[2025-05-30 09:41:16,228] INFO: Epoch 50 training completed
[2025-05-30 09:41:19,838] INFO: Test Loss: 0.6921 | Test Acc: 77.87%
[2025-05-30 09:41:20,380] INFO: Epoch 51 | Step 1/196 | Loss: 0.3256 | Acc: 90.62%
[2025-05-30 09:41:50,046] INFO: Epoch 51 | Step 101/196 | Loss: 0.4311 | Acc: 86.10%
[2025-05-30 09:42:18,031] INFO: Epoch 51 training completed
[2025-05-30 09:42:21,643] INFO: Test Loss: 0.7244 | Test Acc: 76.06%
[2025-05-30 09:42:22,186] INFO: Epoch 52 | Step 1/196 | Loss: 0.4615 | Acc: 84.77%
[2025-05-30 09:42:51,853] INFO: Epoch 52 | Step 101/196 | Loss: 0.4330 | Acc: 86.37%
[2025-05-30 09:43:19,839] INFO: Epoch 52 training completed
[2025-05-30 09:43:23,448] INFO: Test Loss: 0.9200 | Test Acc: 71.12%
[2025-05-30 09:43:23,991] INFO: Epoch 53 | Step 1/196 | Loss: 0.4782 | Acc: 84.77%
[2025-05-30 09:43:53,649] INFO: Epoch 53 | Step 101/196 | Loss: 0.4279 | Acc: 86.34%
[2025-05-30 09:44:21,630] INFO: Epoch 53 training completed
[2025-05-30 09:44:25,236] INFO: Test Loss: 0.8130 | Test Acc: 73.95%
[2025-05-30 09:44:25,794] INFO: Epoch 54 | Step 1/196 | Loss: 0.4641 | Acc: 86.72%
[2025-05-30 09:44:55,453] INFO: Epoch 54 | Step 101/196 | Loss: 0.4453 | Acc: 85.81%
[2025-05-30 09:45:23,465] INFO: Epoch 54 training completed
[2025-05-30 09:45:27,068] INFO: Test Loss: 0.9813 | Test Acc: 70.17%
[2025-05-30 09:45:27,610] INFO: Epoch 55 | Step 1/196 | Loss: 0.4615 | Acc: 85.94%
[2025-05-30 09:45:57,286] INFO: Epoch 55 | Step 101/196 | Loss: 0.4469 | Acc: 85.62%
[2025-05-30 09:46:25,272] INFO: Epoch 55 training completed
[2025-05-30 09:46:28,879] INFO: Test Loss: 0.7618 | Test Acc: 74.80%
[2025-05-30 09:46:29,419] INFO: Epoch 56 | Step 1/196 | Loss: 0.4838 | Acc: 82.03%
[2025-05-30 09:46:59,073] INFO: Epoch 56 | Step 101/196 | Loss: 0.4358 | Acc: 86.05%
[2025-05-30 09:47:27,057] INFO: Epoch 56 training completed
[2025-05-30 09:47:30,661] INFO: Test Loss: 0.6672 | Test Acc: 77.75%
[2025-05-30 09:47:31,199] INFO: Epoch 57 | Step 1/196 | Loss: 0.4646 | Acc: 84.77%
[2025-05-30 09:48:00,865] INFO: Epoch 57 | Step 101/196 | Loss: 0.4394 | Acc: 85.88%
[2025-05-30 09:48:28,843] INFO: Epoch 57 training completed
[2025-05-30 09:48:32,447] INFO: Test Loss: 0.7746 | Test Acc: 75.74%
[2025-05-30 09:48:32,988] INFO: Epoch 58 | Step 1/196 | Loss: 0.4002 | Acc: 86.72%
[2025-05-30 09:49:02,652] INFO: Epoch 58 | Step 101/196 | Loss: 0.4394 | Acc: 85.94%
[2025-05-30 09:49:30,628] INFO: Epoch 58 training completed
[2025-05-30 09:49:34,231] INFO: Test Loss: 0.7835 | Test Acc: 74.77%
[2025-05-30 09:49:34,779] INFO: Epoch 59 | Step 1/196 | Loss: 0.4442 | Acc: 86.33%
[2025-05-30 09:50:04,446] INFO: Epoch 59 | Step 101/196 | Loss: 0.4345 | Acc: 86.05%
[2025-05-30 09:50:32,419] INFO: Epoch 59 training completed
[2025-05-30 09:50:36,019] INFO: Test Loss: 0.8060 | Test Acc: 74.43%
[2025-05-30 09:50:36,567] INFO: Epoch 60 | Step 1/196 | Loss: 0.4503 | Acc: 86.72%
[2025-05-30 09:51:06,227] INFO: Epoch 60 | Step 101/196 | Loss: 0.4321 | Acc: 86.27%
[2025-05-30 09:51:34,204] INFO: Epoch 60 training completed
[2025-05-30 09:51:37,812] INFO: Test Loss: 0.7097 | Test Acc: 76.12%
[2025-05-30 09:51:38,449] INFO: Epoch 61 | Step 1/196 | Loss: 0.4513 | Acc: 86.33%
[2025-05-30 09:52:08,109] INFO: Epoch 61 | Step 101/196 | Loss: 0.4462 | Acc: 85.79%
[2025-05-30 09:52:36,090] INFO: Epoch 61 training completed
[2025-05-30 09:52:39,703] INFO: Test Loss: 0.6638 | Test Acc: 77.95%
[2025-05-30 09:52:40,249] INFO: Epoch 62 | Step 1/196 | Loss: 0.4630 | Acc: 86.72%
[2025-05-30 09:53:09,910] INFO: Epoch 62 | Step 101/196 | Loss: 0.4365 | Acc: 86.00%
[2025-05-30 09:53:37,875] INFO: Epoch 62 training completed
[2025-05-30 09:53:41,481] INFO: Test Loss: 0.8118 | Test Acc: 73.05%
[2025-05-30 09:53:42,023] INFO: Epoch 63 | Step 1/196 | Loss: 0.4253 | Acc: 86.33%
[2025-05-30 09:54:11,694] INFO: Epoch 63 | Step 101/196 | Loss: 0.4401 | Acc: 86.05%
[2025-05-30 09:54:39,682] INFO: Epoch 63 training completed
[2025-05-30 09:54:43,283] INFO: Test Loss: 0.8170 | Test Acc: 72.24%
[2025-05-30 09:54:43,825] INFO: Epoch 64 | Step 1/196 | Loss: 0.3743 | Acc: 91.02%
[2025-05-30 09:55:13,486] INFO: Epoch 64 | Step 101/196 | Loss: 0.4375 | Acc: 86.13%
[2025-05-30 09:55:41,458] INFO: Epoch 64 training completed
[2025-05-30 09:55:45,068] INFO: Test Loss: 1.4758 | Test Acc: 57.19%
[2025-05-30 09:55:45,710] INFO: Epoch 65 | Step 1/196 | Loss: 0.5150 | Acc: 84.38%
[2025-05-30 09:56:15,364] INFO: Epoch 65 | Step 101/196 | Loss: 0.4420 | Acc: 85.59%
[2025-05-30 09:56:43,343] INFO: Epoch 65 training completed
[2025-05-30 09:56:46,950] INFO: Test Loss: 0.6244 | Test Acc: 79.58%
[2025-05-30 09:56:47,492] INFO: Epoch 66 | Step 1/196 | Loss: 0.4916 | Acc: 84.38%
[2025-05-30 09:57:17,144] INFO: Epoch 66 | Step 101/196 | Loss: 0.4314 | Acc: 86.35%
[2025-05-30 09:57:45,120] INFO: Epoch 66 training completed
[2025-05-30 09:57:48,721] INFO: Test Loss: 0.8185 | Test Acc: 73.29%
[2025-05-30 09:57:49,266] INFO: Epoch 67 | Step 1/196 | Loss: 0.5038 | Acc: 81.25%
[2025-05-30 09:58:18,925] INFO: Epoch 67 | Step 101/196 | Loss: 0.4330 | Acc: 86.08%
[2025-05-30 09:58:46,894] INFO: Epoch 67 training completed
[2025-05-30 09:58:50,496] INFO: Test Loss: 0.8339 | Test Acc: 71.79%
[2025-05-30 09:58:51,043] INFO: Epoch 68 | Step 1/196 | Loss: 0.4609 | Acc: 82.42%
[2025-05-30 09:59:20,708] INFO: Epoch 68 | Step 101/196 | Loss: 0.4369 | Acc: 86.10%
[2025-05-30 09:59:48,682] INFO: Epoch 68 training completed
[2025-05-30 09:59:52,285] INFO: Test Loss: 0.7146 | Test Acc: 76.39%
[2025-05-30 09:59:52,827] INFO: Epoch 69 | Step 1/196 | Loss: 0.6069 | Acc: 80.86%
[2025-05-30 10:00:22,484] INFO: Epoch 69 | Step 101/196 | Loss: 0.4270 | Acc: 86.59%
[2025-05-30 10:00:50,461] INFO: Epoch 69 training completed
[2025-05-30 10:00:54,062] INFO: Test Loss: 0.6604 | Test Acc: 78.03%
[2025-05-30 10:00:54,621] INFO: Epoch 70 | Step 1/196 | Loss: 0.5231 | Acc: 84.77%
[2025-05-30 10:01:24,276] INFO: Epoch 70 | Step 101/196 | Loss: 0.4419 | Acc: 85.82%
[2025-05-30 10:01:52,245] INFO: Epoch 70 training completed
[2025-05-30 10:01:55,846] INFO: Test Loss: 0.7040 | Test Acc: 77.22%
[2025-05-30 10:01:56,389] INFO: Epoch 71 | Step 1/196 | Loss: 0.4538 | Acc: 85.16%
[2025-05-30 10:02:26,043] INFO: Epoch 71 | Step 101/196 | Loss: 0.4397 | Acc: 85.78%
[2025-05-30 10:02:54,016] INFO: Epoch 71 training completed
[2025-05-30 10:02:57,619] INFO: Test Loss: 0.7193 | Test Acc: 76.18%
[2025-05-30 10:02:58,160] INFO: Epoch 72 | Step 1/196 | Loss: 0.4614 | Acc: 84.38%
[2025-05-30 10:03:27,817] INFO: Epoch 72 | Step 101/196 | Loss: 0.4283 | Acc: 86.33%
[2025-05-30 10:03:55,791] INFO: Epoch 72 training completed
[2025-05-30 10:03:59,390] INFO: Test Loss: 0.9158 | Test Acc: 70.54%
[2025-05-30 10:03:59,930] INFO: Epoch 73 | Step 1/196 | Loss: 0.4976 | Acc: 83.59%
[2025-05-30 10:04:29,582] INFO: Epoch 73 | Step 101/196 | Loss: 0.4320 | Acc: 86.34%
[2025-05-30 10:04:57,559] INFO: Epoch 73 training completed
[2025-05-30 10:05:01,170] INFO: Test Loss: 1.0735 | Test Acc: 65.81%
[2025-05-30 10:05:01,708] INFO: Epoch 74 | Step 1/196 | Loss: 0.4255 | Acc: 85.55%
[2025-05-30 10:05:31,360] INFO: Epoch 74 | Step 101/196 | Loss: 0.4300 | Acc: 86.46%
[2025-05-30 10:05:59,334] INFO: Epoch 74 training completed
[2025-05-30 10:06:02,951] INFO: Test Loss: 0.9965 | Test Acc: 69.38%
[2025-05-30 10:06:03,498] INFO: Epoch 75 | Step 1/196 | Loss: 0.3128 | Acc: 90.23%
[2025-05-30 10:06:33,150] INFO: Epoch 75 | Step 101/196 | Loss: 0.4249 | Acc: 86.75%
[2025-05-30 10:07:01,129] INFO: Epoch 75 training completed
[2025-05-30 10:07:04,737] INFO: Test Loss: 0.9097 | Test Acc: 70.39%
[2025-05-30 10:07:05,279] INFO: Epoch 76 | Step 1/196 | Loss: 0.3818 | Acc: 90.62%
[2025-05-30 10:07:34,927] INFO: Epoch 76 | Step 101/196 | Loss: 0.4255 | Acc: 86.49%
[2025-05-30 10:08:02,902] INFO: Epoch 76 training completed
[2025-05-30 10:08:06,509] INFO: Test Loss: 0.9082 | Test Acc: 71.49%
[2025-05-30 10:08:07,054] INFO: Epoch 77 | Step 1/196 | Loss: 0.4613 | Acc: 85.55%
[2025-05-30 10:08:36,703] INFO: Epoch 77 | Step 101/196 | Loss: 0.4196 | Acc: 86.59%
[2025-05-30 10:09:04,682] INFO: Epoch 77 training completed
[2025-05-30 10:09:08,293] INFO: Test Loss: 0.6287 | Test Acc: 79.64%
[2025-05-30 10:09:08,835] INFO: Epoch 78 | Step 1/196 | Loss: 0.3921 | Acc: 87.50%
[2025-05-30 10:09:38,484] INFO: Epoch 78 | Step 101/196 | Loss: 0.4227 | Acc: 86.65%
[2025-05-30 10:10:06,469] INFO: Epoch 78 training completed
[2025-05-30 10:10:10,077] INFO: Test Loss: 0.6479 | Test Acc: 79.04%
[2025-05-30 10:10:10,637] INFO: Epoch 79 | Step 1/196 | Loss: 0.4177 | Acc: 87.50%
[2025-05-30 10:10:40,285] INFO: Epoch 79 | Step 101/196 | Loss: 0.4222 | Acc: 86.58%
[2025-05-30 10:11:08,259] INFO: Epoch 79 training completed
[2025-05-30 10:11:11,862] INFO: Test Loss: 0.7255 | Test Acc: 76.88%
[2025-05-30 10:11:12,492] INFO: Epoch 80 | Step 1/196 | Loss: 0.3730 | Acc: 88.67%
[2025-05-30 10:11:42,141] INFO: Epoch 80 | Step 101/196 | Loss: 0.4236 | Acc: 86.28%
[2025-05-30 10:12:10,110] INFO: Epoch 80 training completed
[2025-05-30 10:12:13,709] INFO: Test Loss: 0.6550 | Test Acc: 79.15%
[2025-05-30 10:12:14,248] INFO: Epoch 81 | Step 1/196 | Loss: 0.4346 | Acc: 86.33%
[2025-05-30 10:12:44,095] INFO: Epoch 81 | Step 101/196 | Loss: 0.4147 | Acc: 86.72%
[2025-05-30 10:13:12,172] INFO: Epoch 81 training completed
[2025-05-30 10:13:15,767] INFO: Test Loss: 0.9239 | Test Acc: 69.95%
[2025-05-30 10:13:16,324] INFO: Epoch 82 | Step 1/196 | Loss: 0.4159 | Acc: 86.33%
[2025-05-30 10:13:45,999] INFO: Epoch 82 | Step 101/196 | Loss: 0.4117 | Acc: 86.97%
[2025-05-30 10:14:14,136] INFO: Epoch 82 training completed
[2025-05-30 10:14:17,757] INFO: Test Loss: 0.6685 | Test Acc: 78.30%
[2025-05-30 10:14:18,307] INFO: Epoch 83 | Step 1/196 | Loss: 0.5142 | Acc: 82.03%
[2025-05-30 10:14:47,825] INFO: Epoch 83 | Step 101/196 | Loss: 0.4199 | Acc: 86.63%
[2025-05-30 10:15:15,923] INFO: Epoch 83 training completed
[2025-05-30 10:15:19,593] INFO: Test Loss: 0.6490 | Test Acc: 79.31%
[2025-05-30 10:15:20,264] INFO: Epoch 84 | Step 1/196 | Loss: 0.4837 | Acc: 84.77%
[2025-05-30 10:15:49,910] INFO: Epoch 84 | Step 101/196 | Loss: 0.4171 | Acc: 86.66%
[2025-05-30 10:16:17,788] INFO: Epoch 84 training completed
[2025-05-30 10:16:21,389] INFO: Test Loss: 0.6140 | Test Acc: 79.96%
[2025-05-30 10:16:21,938] INFO: Epoch 85 | Step 1/196 | Loss: 0.3941 | Acc: 89.06%
[2025-05-30 10:16:51,875] INFO: Epoch 85 | Step 101/196 | Loss: 0.4190 | Acc: 86.77%
[2025-05-30 10:17:19,792] INFO: Epoch 85 training completed
[2025-05-30 10:17:23,413] INFO: Test Loss: 0.7079 | Test Acc: 76.72%
[2025-05-30 10:17:23,977] INFO: Epoch 86 | Step 1/196 | Loss: 0.4995 | Acc: 84.77%
[2025-05-30 10:17:53,779] INFO: Epoch 86 | Step 101/196 | Loss: 0.4169 | Acc: 86.94%
[2025-05-30 10:18:21,640] INFO: Epoch 86 training completed
[2025-05-30 10:18:25,277] INFO: Test Loss: 0.6774 | Test Acc: 76.91%
[2025-05-30 10:18:25,847] INFO: Epoch 87 | Step 1/196 | Loss: 0.4686 | Acc: 84.38%
[2025-05-30 10:18:55,833] INFO: Epoch 87 | Step 101/196 | Loss: 0.4135 | Acc: 86.80%
[2025-05-30 10:19:23,850] INFO: Epoch 87 training completed
[2025-05-30 10:19:27,459] INFO: Test Loss: 0.7454 | Test Acc: 76.25%
[2025-05-30 10:19:28,214] INFO: Epoch 88 | Step 1/196 | Loss: 0.4052 | Acc: 85.55%
[2025-05-30 10:19:58,062] INFO: Epoch 88 | Step 101/196 | Loss: 0.4067 | Acc: 86.83%
[2025-05-30 10:20:26,244] INFO: Epoch 88 training completed
[2025-05-30 10:20:29,852] INFO: Test Loss: 0.8708 | Test Acc: 73.20%
[2025-05-30 10:20:30,467] INFO: Epoch 89 | Step 1/196 | Loss: 0.4030 | Acc: 87.50%
[2025-05-30 10:21:00,310] INFO: Epoch 89 | Step 101/196 | Loss: 0.4111 | Acc: 86.99%
[2025-05-30 10:21:28,472] INFO: Epoch 89 training completed
[2025-05-30 10:21:32,110] INFO: Test Loss: 0.8228 | Test Acc: 73.82%
[2025-05-30 10:21:32,738] INFO: Epoch 90 | Step 1/196 | Loss: 0.4018 | Acc: 87.11%
[2025-05-30 10:22:02,643] INFO: Epoch 90 | Step 101/196 | Loss: 0.3982 | Acc: 87.43%
[2025-05-30 10:22:30,625] INFO: Epoch 90 training completed
[2025-05-30 10:22:34,219] INFO: Test Loss: 0.8697 | Test Acc: 72.30%
[2025-05-30 10:22:34,786] INFO: Epoch 91 | Step 1/196 | Loss: 0.4177 | Acc: 87.50%
[2025-05-30 10:23:04,338] INFO: Epoch 91 | Step 101/196 | Loss: 0.4123 | Acc: 86.80%
[2025-05-30 10:23:32,191] INFO: Epoch 91 training completed
[2025-05-30 10:23:35,780] INFO: Test Loss: 0.7316 | Test Acc: 75.75%
[2025-05-30 10:23:36,344] INFO: Epoch 92 | Step 1/196 | Loss: 0.3623 | Acc: 87.89%
[2025-05-30 10:24:05,861] INFO: Epoch 92 | Step 101/196 | Loss: 0.4074 | Acc: 87.08%
[2025-05-30 10:24:33,734] INFO: Epoch 92 training completed
[2025-05-30 10:24:37,323] INFO: Test Loss: 0.8033 | Test Acc: 74.30%
[2025-05-30 10:24:37,884] INFO: Epoch 93 | Step 1/196 | Loss: 0.3773 | Acc: 89.06%
[2025-05-30 10:25:07,419] INFO: Epoch 93 | Step 101/196 | Loss: 0.4055 | Acc: 87.02%
[2025-05-30 10:25:35,294] INFO: Epoch 93 training completed
[2025-05-30 10:25:38,890] INFO: Test Loss: 0.8356 | Test Acc: 73.50%
[2025-05-30 10:25:39,457] INFO: Epoch 94 | Step 1/196 | Loss: 0.4417 | Acc: 85.16%
[2025-05-30 10:26:08,992] INFO: Epoch 94 | Step 101/196 | Loss: 0.4005 | Acc: 87.22%
[2025-05-30 10:26:36,847] INFO: Epoch 94 training completed
[2025-05-30 10:26:40,435] INFO: Test Loss: 0.6952 | Test Acc: 77.53%
[2025-05-30 10:26:41,008] INFO: Epoch 95 | Step 1/196 | Loss: 0.3976 | Acc: 86.72%
[2025-05-30 10:27:10,531] INFO: Epoch 95 | Step 101/196 | Loss: 0.4005 | Acc: 87.33%
[2025-05-30 10:27:38,387] INFO: Epoch 95 training completed
[2025-05-30 10:27:41,984] INFO: Test Loss: 0.6825 | Test Acc: 77.33%
[2025-05-30 10:27:42,645] INFO: Epoch 96 | Step 1/196 | Loss: 0.4567 | Acc: 84.77%
[2025-05-30 10:28:12,176] INFO: Epoch 96 | Step 101/196 | Loss: 0.3933 | Acc: 87.69%
[2025-05-30 10:28:40,036] INFO: Epoch 96 training completed
[2025-05-30 10:28:43,627] INFO: Test Loss: 0.7523 | Test Acc: 75.50%
[2025-05-30 10:28:44,196] INFO: Epoch 97 | Step 1/196 | Loss: 0.3967 | Acc: 87.89%
[2025-05-30 10:29:13,725] INFO: Epoch 97 | Step 101/196 | Loss: 0.3928 | Acc: 87.70%
[2025-05-30 10:29:41,586] INFO: Epoch 97 training completed
[2025-05-30 10:29:45,176] INFO: Test Loss: 0.7049 | Test Acc: 77.24%
[2025-05-30 10:29:45,740] INFO: Epoch 98 | Step 1/196 | Loss: 0.3986 | Acc: 89.84%
[2025-05-30 10:30:15,271] INFO: Epoch 98 | Step 101/196 | Loss: 0.3999 | Acc: 87.35%
[2025-05-30 10:30:43,130] INFO: Epoch 98 training completed
[2025-05-30 10:30:46,733] INFO: Test Loss: 0.5530 | Test Acc: 81.44%
[2025-05-30 10:30:47,294] INFO: Epoch 99 | Step 1/196 | Loss: 0.4109 | Acc: 86.33%
[2025-05-30 10:31:16,832] INFO: Epoch 99 | Step 101/196 | Loss: 0.3876 | Acc: 87.76%
[2025-05-30 10:31:44,687] INFO: Epoch 99 training completed
[2025-05-30 10:31:48,282] INFO: Test Loss: 0.7851 | Test Acc: 74.61%
[2025-05-30 10:31:48,840] INFO: Epoch 100 | Step 1/196 | Loss: 0.4227 | Acc: 89.06%
[2025-05-30 10:32:18,364] INFO: Epoch 100 | Step 101/196 | Loss: 0.3974 | Acc: 87.25%
[2025-05-30 10:32:46,224] INFO: Epoch 100 training completed
[2025-05-30 10:32:49,812] INFO: Test Loss: 0.6290 | Test Acc: 79.41%
[2025-05-30 10:32:50,385] INFO: Epoch 101 | Step 1/196 | Loss: 0.3425 | Acc: 88.67%
[2025-05-30 10:33:19,916] INFO: Epoch 101 | Step 101/196 | Loss: 0.3938 | Acc: 87.47%
[2025-05-30 10:33:47,774] INFO: Epoch 101 training completed
[2025-05-30 10:33:51,364] INFO: Test Loss: 0.6998 | Test Acc: 77.10%
[2025-05-30 10:33:51,937] INFO: Epoch 102 | Step 1/196 | Loss: 0.4867 | Acc: 83.98%
[2025-05-30 10:34:21,474] INFO: Epoch 102 | Step 101/196 | Loss: 0.3915 | Acc: 87.54%
[2025-05-30 10:34:49,337] INFO: Epoch 102 training completed
[2025-05-30 10:34:52,928] INFO: Test Loss: 0.6554 | Test Acc: 78.43%
[2025-05-30 10:34:53,503] INFO: Epoch 103 | Step 1/196 | Loss: 0.3850 | Acc: 89.06%
[2025-05-30 10:35:23,032] INFO: Epoch 103 | Step 101/196 | Loss: 0.3804 | Acc: 88.12%
[2025-05-30 10:35:50,896] INFO: Epoch 103 training completed
[2025-05-30 10:35:54,486] INFO: Test Loss: 0.5273 | Test Acc: 82.90%
[2025-05-30 10:35:54,606] INFO: New best accuracy: 82.90%, model saved.
[2025-05-30 10:35:55,169] INFO: Epoch 104 | Step 1/196 | Loss: 0.3716 | Acc: 87.50%
[2025-05-30 10:36:24,700] INFO: Epoch 104 | Step 101/196 | Loss: 0.3813 | Acc: 87.79%
[2025-05-30 10:36:52,560] INFO: Epoch 104 training completed
[2025-05-30 10:36:56,155] INFO: Test Loss: 0.6663 | Test Acc: 78.40%
[2025-05-30 10:36:56,743] INFO: Epoch 105 | Step 1/196 | Loss: 0.3565 | Acc: 90.62%
[2025-05-30 10:37:26,281] INFO: Epoch 105 | Step 101/196 | Loss: 0.3730 | Acc: 88.33%
[2025-05-30 10:37:54,148] INFO: Epoch 105 training completed
[2025-05-30 10:37:57,741] INFO: Test Loss: 0.8470 | Test Acc: 72.06%
[2025-05-30 10:37:58,308] INFO: Epoch 106 | Step 1/196 | Loss: 0.3796 | Acc: 89.06%
[2025-05-30 10:38:27,843] INFO: Epoch 106 | Step 101/196 | Loss: 0.3764 | Acc: 87.92%
[2025-05-30 10:38:55,711] INFO: Epoch 106 training completed
[2025-05-30 10:38:59,299] INFO: Test Loss: 0.7867 | Test Acc: 73.77%
[2025-05-30 10:38:59,957] INFO: Epoch 107 | Step 1/196 | Loss: 0.3724 | Acc: 87.11%
[2025-05-30 10:39:29,497] INFO: Epoch 107 | Step 101/196 | Loss: 0.3819 | Acc: 87.78%
[2025-05-30 10:39:57,379] INFO: Epoch 107 training completed
[2025-05-30 10:40:00,979] INFO: Test Loss: 0.5575 | Test Acc: 82.64%
[2025-05-30 10:40:01,552] INFO: Epoch 108 | Step 1/196 | Loss: 0.3598 | Acc: 88.67%
[2025-05-30 10:40:31,094] INFO: Epoch 108 | Step 101/196 | Loss: 0.3719 | Acc: 88.23%
[2025-05-30 10:40:58,969] INFO: Epoch 108 training completed
[2025-05-30 10:41:02,563] INFO: Test Loss: 0.6856 | Test Acc: 77.93%
[2025-05-30 10:41:03,134] INFO: Epoch 109 | Step 1/196 | Loss: 0.3759 | Acc: 88.28%
[2025-05-30 10:41:32,677] INFO: Epoch 109 | Step 101/196 | Loss: 0.3714 | Acc: 88.36%
[2025-05-30 10:42:00,556] INFO: Epoch 109 training completed
[2025-05-30 10:42:04,147] INFO: Test Loss: 0.6170 | Test Acc: 79.77%
[2025-05-30 10:42:04,716] INFO: Epoch 110 | Step 1/196 | Loss: 0.4400 | Acc: 86.72%
[2025-05-30 10:42:34,270] INFO: Epoch 110 | Step 101/196 | Loss: 0.3671 | Acc: 88.68%
[2025-05-30 10:43:02,150] INFO: Epoch 110 training completed
[2025-05-30 10:43:05,744] INFO: Test Loss: 0.6430 | Test Acc: 78.80%
[2025-05-30 10:43:06,389] INFO: Epoch 111 | Step 1/196 | Loss: 0.4205 | Acc: 86.72%
[2025-05-30 10:43:35,935] INFO: Epoch 111 | Step 101/196 | Loss: 0.3784 | Acc: 88.05%
[2025-05-30 10:44:03,829] INFO: Epoch 111 training completed
[2025-05-30 10:44:07,429] INFO: Test Loss: 0.7366 | Test Acc: 75.67%
[2025-05-30 10:44:07,996] INFO: Epoch 112 | Step 1/196 | Loss: 0.3213 | Acc: 89.84%
[2025-05-30 10:44:37,624] INFO: Epoch 112 | Step 101/196 | Loss: 0.3704 | Acc: 88.37%
[2025-05-30 10:45:05,572] INFO: Epoch 112 training completed
[2025-05-30 10:45:09,177] INFO: Test Loss: 0.5482 | Test Acc: 82.32%
[2025-05-30 10:45:09,771] INFO: Epoch 113 | Step 1/196 | Loss: 0.3795 | Acc: 88.28%
[2025-05-30 10:45:39,396] INFO: Epoch 113 | Step 101/196 | Loss: 0.3671 | Acc: 88.45%
[2025-05-30 10:46:07,362] INFO: Epoch 113 training completed
[2025-05-30 10:46:10,969] INFO: Test Loss: 0.6721 | Test Acc: 78.90%
[2025-05-30 10:46:11,567] INFO: Epoch 114 | Step 1/196 | Loss: 0.3013 | Acc: 91.02%
[2025-05-30 10:46:41,131] INFO: Epoch 114 | Step 101/196 | Loss: 0.3663 | Acc: 88.71%
[2025-05-30 10:47:09,029] INFO: Epoch 114 training completed
[2025-05-30 10:47:12,630] INFO: Test Loss: 0.6895 | Test Acc: 77.91%
[2025-05-30 10:47:13,207] INFO: Epoch 115 | Step 1/196 | Loss: 0.3808 | Acc: 89.84%
[2025-05-30 10:47:42,792] INFO: Epoch 115 | Step 101/196 | Loss: 0.3611 | Acc: 88.56%
[2025-05-30 10:48:10,708] INFO: Epoch 115 training completed
[2025-05-30 10:48:14,311] INFO: Test Loss: 0.6612 | Test Acc: 78.82%
[2025-05-30 10:48:14,881] INFO: Epoch 116 | Step 1/196 | Loss: 0.3854 | Acc: 88.67%
[2025-05-30 10:48:44,462] INFO: Epoch 116 | Step 101/196 | Loss: 0.3596 | Acc: 88.71%
[2025-05-30 10:49:12,382] INFO: Epoch 116 training completed
[2025-05-30 10:49:15,984] INFO: Test Loss: 0.5922 | Test Acc: 80.61%
[2025-05-30 10:49:16,556] INFO: Epoch 117 | Step 1/196 | Loss: 0.3273 | Acc: 89.45%
[2025-05-30 10:49:46,134] INFO: Epoch 117 | Step 101/196 | Loss: 0.3568 | Acc: 88.76%
[2025-05-30 10:50:14,049] INFO: Epoch 117 training completed
[2025-05-30 10:50:17,652] INFO: Test Loss: 0.5164 | Test Acc: 83.25%
[2025-05-30 10:50:17,773] INFO: New best accuracy: 83.25%, model saved.
[2025-05-30 10:50:18,420] INFO: Epoch 118 | Step 1/196 | Loss: 0.3093 | Acc: 90.23%
[2025-05-30 10:50:47,998] INFO: Epoch 118 | Step 101/196 | Loss: 0.3549 | Acc: 88.79%
[2025-05-30 10:51:15,912] INFO: Epoch 118 training completed
[2025-05-30 10:51:19,507] INFO: Test Loss: 0.6908 | Test Acc: 77.98%
[2025-05-30 10:51:20,070] INFO: Epoch 119 | Step 1/196 | Loss: 0.4161 | Acc: 86.33%
[2025-05-30 10:51:49,649] INFO: Epoch 119 | Step 101/196 | Loss: 0.3548 | Acc: 88.73%
[2025-05-30 10:52:17,557] INFO: Epoch 119 training completed
[2025-05-30 10:52:21,154] INFO: Test Loss: 0.6409 | Test Acc: 79.22%
[2025-05-30 10:52:21,723] INFO: Epoch 120 | Step 1/196 | Loss: 0.2649 | Acc: 91.02%
[2025-05-30 10:52:51,304] INFO: Epoch 120 | Step 101/196 | Loss: 0.3438 | Acc: 89.21%
[2025-05-30 10:53:19,213] INFO: Epoch 120 training completed
[2025-05-30 10:53:22,815] INFO: Test Loss: 0.5109 | Test Acc: 83.88%
[2025-05-30 10:53:22,943] INFO: New best accuracy: 83.88%, model saved.
[2025-05-30 10:53:23,500] INFO: Epoch 121 | Step 1/196 | Loss: 0.2793 | Acc: 92.97%
[2025-05-30 10:53:53,083] INFO: Epoch 121 | Step 101/196 | Loss: 0.3363 | Acc: 89.61%
[2025-05-30 10:54:20,996] INFO: Epoch 121 training completed
[2025-05-30 10:54:24,599] INFO: Test Loss: 0.5501 | Test Acc: 82.39%
[2025-05-30 10:54:25,154] INFO: Epoch 122 | Step 1/196 | Loss: 0.3078 | Acc: 91.41%
[2025-05-30 10:54:54,739] INFO: Epoch 122 | Step 101/196 | Loss: 0.3353 | Acc: 89.46%
[2025-05-30 10:55:22,654] INFO: Epoch 122 training completed
[2025-05-30 10:55:26,258] INFO: Test Loss: 0.5260 | Test Acc: 83.13%
[2025-05-30 10:55:26,820] INFO: Epoch 123 | Step 1/196 | Loss: 0.4563 | Acc: 86.33%
[2025-05-30 10:55:56,396] INFO: Epoch 123 | Step 101/196 | Loss: 0.3486 | Acc: 89.01%
[2025-05-30 10:56:24,303] INFO: Epoch 123 training completed
[2025-05-30 10:56:27,899] INFO: Test Loss: 0.6087 | Test Acc: 80.06%
[2025-05-30 10:56:28,472] INFO: Epoch 124 | Step 1/196 | Loss: 0.3256 | Acc: 89.84%
[2025-05-30 10:56:58,051] INFO: Epoch 124 | Step 101/196 | Loss: 0.3350 | Acc: 89.49%
[2025-05-30 10:57:25,954] INFO: Epoch 124 training completed
[2025-05-30 10:57:29,545] INFO: Test Loss: 0.5258 | Test Acc: 82.99%
[2025-05-30 10:57:30,121] INFO: Epoch 125 | Step 1/196 | Loss: 0.3379 | Acc: 88.28%
[2025-05-30 10:57:59,691] INFO: Epoch 125 | Step 101/196 | Loss: 0.3362 | Acc: 89.40%
[2025-05-30 10:58:27,600] INFO: Epoch 125 training completed
[2025-05-30 10:58:31,190] INFO: Test Loss: 0.6429 | Test Acc: 79.40%
[2025-05-30 10:58:31,759] INFO: Epoch 126 | Step 1/196 | Loss: 0.2245 | Acc: 92.97%
[2025-05-30 10:59:01,326] INFO: Epoch 126 | Step 101/196 | Loss: 0.3310 | Acc: 89.65%
[2025-05-30 10:59:29,232] INFO: Epoch 126 training completed
[2025-05-30 10:59:32,829] INFO: Test Loss: 0.5435 | Test Acc: 82.27%
[2025-05-30 10:59:33,395] INFO: Epoch 127 | Step 1/196 | Loss: 0.2700 | Acc: 91.41%
[2025-05-30 11:00:02,974] INFO: Epoch 127 | Step 101/196 | Loss: 0.3263 | Acc: 89.87%
[2025-05-30 11:00:30,880] INFO: Epoch 127 training completed
[2025-05-30 11:00:34,481] INFO: Test Loss: 0.5400 | Test Acc: 82.68%
[2025-05-30 11:00:35,050] INFO: Epoch 128 | Step 1/196 | Loss: 0.4006 | Acc: 87.89%
[2025-05-30 11:01:04,625] INFO: Epoch 128 | Step 101/196 | Loss: 0.3338 | Acc: 89.60%
[2025-05-30 11:01:32,525] INFO: Epoch 128 training completed
[2025-05-30 11:01:36,126] INFO: Test Loss: 0.9727 | Test Acc: 70.04%
[2025-05-30 11:01:36,685] INFO: Epoch 129 | Step 1/196 | Loss: 0.2815 | Acc: 91.41%
[2025-05-30 11:02:06,256] INFO: Epoch 129 | Step 101/196 | Loss: 0.3207 | Acc: 90.09%
[2025-05-30 11:02:34,162] INFO: Epoch 129 training completed
[2025-05-30 11:02:37,756] INFO: Test Loss: 0.5485 | Test Acc: 81.94%
[2025-05-30 11:02:38,318] INFO: Epoch 130 | Step 1/196 | Loss: 0.3069 | Acc: 90.23%
[2025-05-30 11:03:07,895] INFO: Epoch 130 | Step 101/196 | Loss: 0.3160 | Acc: 90.08%
[2025-05-30 11:03:35,797] INFO: Epoch 130 training completed
[2025-05-30 11:03:39,399] INFO: Test Loss: 0.4987 | Test Acc: 84.20%
[2025-05-30 11:03:39,524] INFO: New best accuracy: 84.20%, model saved.
[2025-05-30 11:03:40,090] INFO: Epoch 131 | Step 1/196 | Loss: 0.2519 | Acc: 92.58%
[2025-05-30 11:04:09,673] INFO: Epoch 131 | Step 101/196 | Loss: 0.3013 | Acc: 90.57%
[2025-05-30 11:04:37,573] INFO: Epoch 131 training completed
[2025-05-30 11:04:41,167] INFO: Test Loss: 0.5808 | Test Acc: 81.78%
[2025-05-30 11:04:41,737] INFO: Epoch 132 | Step 1/196 | Loss: 0.3037 | Acc: 89.45%
[2025-05-30 11:05:11,312] INFO: Epoch 132 | Step 101/196 | Loss: 0.3158 | Acc: 90.25%
[2025-05-30 11:05:39,212] INFO: Epoch 132 training completed
[2025-05-30 11:05:42,807] INFO: Test Loss: 0.5985 | Test Acc: 81.43%
[2025-05-30 11:05:43,383] INFO: Epoch 133 | Step 1/196 | Loss: 0.2727 | Acc: 91.80%
[2025-05-30 11:06:12,956] INFO: Epoch 133 | Step 101/196 | Loss: 0.3000 | Acc: 90.72%
[2025-05-30 11:06:40,858] INFO: Epoch 133 training completed
[2025-05-30 11:06:44,451] INFO: Test Loss: 0.5926 | Test Acc: 81.30%
[2025-05-30 11:06:45,014] INFO: Epoch 134 | Step 1/196 | Loss: 0.3172 | Acc: 90.23%
[2025-05-30 11:07:14,584] INFO: Epoch 134 | Step 101/196 | Loss: 0.2987 | Acc: 90.68%
[2025-05-30 11:07:42,496] INFO: Epoch 134 training completed
[2025-05-30 11:07:46,099] INFO: Test Loss: 0.6523 | Test Acc: 79.14%
[2025-05-30 11:07:46,668] INFO: Epoch 135 | Step 1/196 | Loss: 0.2808 | Acc: 91.41%
[2025-05-30 11:08:16,238] INFO: Epoch 135 | Step 101/196 | Loss: 0.3021 | Acc: 90.50%
[2025-05-30 11:08:44,139] INFO: Epoch 135 training completed
[2025-05-30 11:08:47,741] INFO: Test Loss: 0.5146 | Test Acc: 83.82%
[2025-05-30 11:08:48,310] INFO: Epoch 136 | Step 1/196 | Loss: 0.2315 | Acc: 93.75%
[2025-05-30 11:09:17,881] INFO: Epoch 136 | Step 101/196 | Loss: 0.2999 | Acc: 90.92%
[2025-05-30 11:09:45,780] INFO: Epoch 136 training completed
[2025-05-30 11:09:49,375] INFO: Test Loss: 0.6555 | Test Acc: 78.66%
[2025-05-30 11:09:49,942] INFO: Epoch 137 | Step 1/196 | Loss: 0.2665 | Acc: 92.97%
[2025-05-30 11:10:19,525] INFO: Epoch 137 | Step 101/196 | Loss: 0.2874 | Acc: 91.28%
[2025-05-30 11:10:47,426] INFO: Epoch 137 training completed
[2025-05-30 11:10:51,027] INFO: Test Loss: 0.5560 | Test Acc: 81.51%
[2025-05-30 11:10:51,595] INFO: Epoch 138 | Step 1/196 | Loss: 0.2406 | Acc: 92.97%
[2025-05-30 11:11:21,165] INFO: Epoch 138 | Step 101/196 | Loss: 0.2915 | Acc: 91.03%
[2025-05-30 11:11:49,065] INFO: Epoch 138 training completed
[2025-05-30 11:11:52,658] INFO: Test Loss: 0.5069 | Test Acc: 83.93%
[2025-05-30 11:11:53,220] INFO: Epoch 139 | Step 1/196 | Loss: 0.2857 | Acc: 89.84%
[2025-05-30 11:12:22,792] INFO: Epoch 139 | Step 101/196 | Loss: 0.2816 | Acc: 91.29%
[2025-05-30 11:12:50,702] INFO: Epoch 139 training completed
[2025-05-30 11:12:54,297] INFO: Test Loss: 0.5188 | Test Acc: 83.08%
[2025-05-30 11:12:54,866] INFO: Epoch 140 | Step 1/196 | Loss: 0.3011 | Acc: 89.45%
[2025-05-30 11:13:24,435] INFO: Epoch 140 | Step 101/196 | Loss: 0.2862 | Acc: 91.24%
[2025-05-30 11:13:52,333] INFO: Epoch 140 training completed
[2025-05-30 11:13:55,947] INFO: Test Loss: 0.4947 | Test Acc: 83.71%
[2025-05-30 11:13:56,518] INFO: Epoch 141 | Step 1/196 | Loss: 0.2672 | Acc: 93.75%
[2025-05-30 11:14:26,089] INFO: Epoch 141 | Step 101/196 | Loss: 0.2782 | Acc: 91.38%
[2025-05-30 11:14:53,985] INFO: Epoch 141 training completed
[2025-05-30 11:14:57,579] INFO: Test Loss: 0.3805 | Test Acc: 88.04%
[2025-05-30 11:14:57,704] INFO: New best accuracy: 88.04%, model saved.
[2025-05-30 11:14:58,265] INFO: Epoch 142 | Step 1/196 | Loss: 0.2509 | Acc: 93.36%
[2025-05-30 11:15:27,832] INFO: Epoch 142 | Step 101/196 | Loss: 0.2799 | Acc: 91.39%
[2025-05-30 11:15:55,722] INFO: Epoch 142 training completed
[2025-05-30 11:15:59,322] INFO: Test Loss: 0.4105 | Test Acc: 86.99%
[2025-05-30 11:15:59,889] INFO: Epoch 143 | Step 1/196 | Loss: 0.2294 | Acc: 94.14%
[2025-05-30 11:16:29,453] INFO: Epoch 143 | Step 101/196 | Loss: 0.2632 | Acc: 92.22%
[2025-05-30 11:16:57,350] INFO: Epoch 143 training completed
[2025-05-30 11:17:00,953] INFO: Test Loss: 0.5126 | Test Acc: 83.60%
[2025-05-30 11:17:01,601] INFO: Epoch 144 | Step 1/196 | Loss: 0.3059 | Acc: 90.23%
[2025-05-30 11:17:31,168] INFO: Epoch 144 | Step 101/196 | Loss: 0.2685 | Acc: 91.82%
[2025-05-30 11:17:59,067] INFO: Epoch 144 training completed
[2025-05-30 11:18:02,664] INFO: Test Loss: 0.4721 | Test Acc: 84.77%
[2025-05-30 11:18:03,235] INFO: Epoch 145 | Step 1/196 | Loss: 0.2889 | Acc: 91.41%
[2025-05-30 11:18:32,800] INFO: Epoch 145 | Step 101/196 | Loss: 0.2664 | Acc: 92.01%
[2025-05-30 11:19:00,692] INFO: Epoch 145 training completed
[2025-05-30 11:19:04,294] INFO: Test Loss: 0.4079 | Test Acc: 87.14%
[2025-05-30 11:19:04,861] INFO: Epoch 146 | Step 1/196 | Loss: 0.2960 | Acc: 91.02%
[2025-05-30 11:19:34,423] INFO: Epoch 146 | Step 101/196 | Loss: 0.2679 | Acc: 91.91%
[2025-05-30 11:20:02,319] INFO: Epoch 146 training completed
[2025-05-30 11:20:05,922] INFO: Test Loss: 0.6267 | Test Acc: 81.05%
[2025-05-30 11:20:06,495] INFO: Epoch 147 | Step 1/196 | Loss: 0.2021 | Acc: 94.53%
[2025-05-30 11:20:36,064] INFO: Epoch 147 | Step 101/196 | Loss: 0.2616 | Acc: 92.18%
[2025-05-30 11:21:03,953] INFO: Epoch 147 training completed
[2025-05-30 11:21:07,562] INFO: Test Loss: 0.4073 | Test Acc: 87.03%
[2025-05-30 11:21:08,121] INFO: Epoch 148 | Step 1/196 | Loss: 0.2467 | Acc: 93.36%
[2025-05-30 11:21:37,684] INFO: Epoch 148 | Step 101/196 | Loss: 0.2528 | Acc: 92.35%
[2025-05-30 11:22:05,573] INFO: Epoch 148 training completed
[2025-05-30 11:22:09,175] INFO: Test Loss: 0.4362 | Test Acc: 86.23%
[2025-05-30 11:22:09,751] INFO: Epoch 149 | Step 1/196 | Loss: 0.2163 | Acc: 93.36%
[2025-05-30 11:22:39,309] INFO: Epoch 149 | Step 101/196 | Loss: 0.2405 | Acc: 92.70%
[2025-05-30 11:23:07,202] INFO: Epoch 149 training completed
[2025-05-30 11:23:10,796] INFO: Test Loss: 0.5149 | Test Acc: 84.03%
[2025-05-30 11:23:11,377] INFO: Epoch 150 | Step 1/196 | Loss: 0.2331 | Acc: 92.58%
[2025-05-30 11:23:40,941] INFO: Epoch 150 | Step 101/196 | Loss: 0.2416 | Acc: 92.73%
[2025-05-30 11:24:08,833] INFO: Epoch 150 training completed
[2025-05-30 11:24:12,428] INFO: Test Loss: 0.5814 | Test Acc: 81.59%
[2025-05-30 11:24:12,997] INFO: Epoch 151 | Step 1/196 | Loss: 0.2330 | Acc: 94.14%
[2025-05-30 11:24:42,560] INFO: Epoch 151 | Step 101/196 | Loss: 0.2457 | Acc: 92.71%
[2025-05-30 11:25:10,457] INFO: Epoch 151 training completed
[2025-05-30 11:25:14,060] INFO: Test Loss: 0.3652 | Test Acc: 88.83%
[2025-05-30 11:25:14,183] INFO: New best accuracy: 88.83%, model saved.
[2025-05-30 11:25:14,745] INFO: Epoch 152 | Step 1/196 | Loss: 0.1991 | Acc: 92.19%
[2025-05-30 11:25:44,302] INFO: Epoch 152 | Step 101/196 | Loss: 0.2317 | Acc: 93.00%
[2025-05-30 11:26:12,193] INFO: Epoch 152 training completed
[2025-05-30 11:26:15,790] INFO: Test Loss: 0.4990 | Test Acc: 84.18%
[2025-05-30 11:26:16,360] INFO: Epoch 153 | Step 1/196 | Loss: 0.2418 | Acc: 92.58%
[2025-05-30 11:26:45,925] INFO: Epoch 153 | Step 101/196 | Loss: 0.2300 | Acc: 93.16%
[2025-05-30 11:27:13,820] INFO: Epoch 153 training completed
[2025-05-30 11:27:17,419] INFO: Test Loss: 0.3401 | Test Acc: 88.82%
[2025-05-30 11:27:17,984] INFO: Epoch 154 | Step 1/196 | Loss: 0.3595 | Acc: 88.28%
[2025-05-30 11:27:47,543] INFO: Epoch 154 | Step 101/196 | Loss: 0.2323 | Acc: 93.02%
[2025-05-30 11:28:15,432] INFO: Epoch 154 training completed
[2025-05-30 11:28:19,036] INFO: Test Loss: 0.3433 | Test Acc: 89.22%
[2025-05-30 11:28:19,161] INFO: New best accuracy: 89.22%, model saved.
[2025-05-30 11:28:19,722] INFO: Epoch 155 | Step 1/196 | Loss: 0.2154 | Acc: 94.53%
[2025-05-30 11:28:49,280] INFO: Epoch 155 | Step 101/196 | Loss: 0.2222 | Acc: 93.28%
[2025-05-30 11:29:17,171] INFO: Epoch 155 training completed
[2025-05-30 11:29:20,759] INFO: Test Loss: 0.3694 | Test Acc: 88.46%
[2025-05-30 11:29:21,335] INFO: Epoch 156 | Step 1/196 | Loss: 0.2144 | Acc: 93.75%
[2025-05-30 11:29:50,893] INFO: Epoch 156 | Step 101/196 | Loss: 0.2106 | Acc: 93.81%
[2025-05-30 11:30:18,791] INFO: Epoch 156 training completed
[2025-05-30 11:30:22,378] INFO: Test Loss: 0.3639 | Test Acc: 88.53%
[2025-05-30 11:30:22,943] INFO: Epoch 157 | Step 1/196 | Loss: 0.2220 | Acc: 92.97%
[2025-05-30 11:30:52,507] INFO: Epoch 157 | Step 101/196 | Loss: 0.1994 | Acc: 94.09%
[2025-05-30 11:31:20,396] INFO: Epoch 157 training completed
[2025-05-30 11:31:23,994] INFO: Test Loss: 0.4629 | Test Acc: 85.74%
[2025-05-30 11:31:24,552] INFO: Epoch 158 | Step 1/196 | Loss: 0.2333 | Acc: 92.97%
[2025-05-30 11:31:54,109] INFO: Epoch 158 | Step 101/196 | Loss: 0.1994 | Acc: 94.21%
[2025-05-30 11:32:22,005] INFO: Epoch 158 training completed
[2025-05-30 11:32:25,603] INFO: Test Loss: 0.3366 | Test Acc: 89.84%
[2025-05-30 11:32:25,724] INFO: New best accuracy: 89.84%, model saved.
[2025-05-30 11:32:26,298] INFO: Epoch 159 | Step 1/196 | Loss: 0.2033 | Acc: 94.53%
[2025-05-30 11:32:55,858] INFO: Epoch 159 | Step 101/196 | Loss: 0.1995 | Acc: 94.09%
[2025-05-30 11:33:23,756] INFO: Epoch 159 training completed
[2025-05-30 11:33:27,356] INFO: Test Loss: 0.3097 | Test Acc: 90.58%
[2025-05-30 11:33:27,477] INFO: New best accuracy: 90.58%, model saved.
[2025-05-30 11:33:28,041] INFO: Epoch 160 | Step 1/196 | Loss: 0.2191 | Acc: 93.75%
[2025-05-30 11:33:57,596] INFO: Epoch 160 | Step 101/196 | Loss: 0.1944 | Acc: 94.34%
[2025-05-30 11:34:25,488] INFO: Epoch 160 training completed
[2025-05-30 11:34:29,087] INFO: Test Loss: 0.3999 | Test Acc: 87.80%
[2025-05-30 11:34:29,642] INFO: Epoch 161 | Step 1/196 | Loss: 0.2028 | Acc: 93.75%
[2025-05-30 11:34:59,195] INFO: Epoch 161 | Step 101/196 | Loss: 0.1947 | Acc: 94.35%
[2025-05-30 11:35:27,081] INFO: Epoch 161 training completed
[2025-05-30 11:35:30,673] INFO: Test Loss: 0.3250 | Test Acc: 90.28%
[2025-05-30 11:35:31,234] INFO: Epoch 162 | Step 1/196 | Loss: 0.2286 | Acc: 91.02%
[2025-05-30 11:36:00,787] INFO: Epoch 162 | Step 101/196 | Loss: 0.1844 | Acc: 94.67%
[2025-05-30 11:36:28,672] INFO: Epoch 162 training completed
[2025-05-30 11:36:32,264] INFO: Test Loss: 0.3500 | Test Acc: 89.17%
[2025-05-30 11:36:32,840] INFO: Epoch 163 | Step 1/196 | Loss: 0.1651 | Acc: 94.92%
[2025-05-30 11:37:02,400] INFO: Epoch 163 | Step 101/196 | Loss: 0.1766 | Acc: 95.09%
[2025-05-30 11:37:30,290] INFO: Epoch 163 training completed
[2025-05-30 11:37:33,892] INFO: Test Loss: 0.3013 | Test Acc: 90.84%
[2025-05-30 11:37:34,016] INFO: New best accuracy: 90.84%, model saved.
[2025-05-30 11:37:34,573] INFO: Epoch 164 | Step 1/196 | Loss: 0.2059 | Acc: 93.75%
[2025-05-30 11:38:04,132] INFO: Epoch 164 | Step 101/196 | Loss: 0.1654 | Acc: 95.41%
[2025-05-30 11:38:32,023] INFO: Epoch 164 training completed
[2025-05-30 11:38:35,624] INFO: Test Loss: 0.2987 | Test Acc: 90.88%
[2025-05-30 11:38:35,751] INFO: New best accuracy: 90.88%, model saved.
[2025-05-30 11:38:36,297] INFO: Epoch 165 | Step 1/196 | Loss: 0.1340 | Acc: 96.48%
[2025-05-30 11:39:05,855] INFO: Epoch 165 | Step 101/196 | Loss: 0.1664 | Acc: 95.32%
[2025-05-30 11:39:33,739] INFO: Epoch 165 training completed
[2025-05-30 11:39:37,331] INFO: Test Loss: 0.3244 | Test Acc: 90.06%
[2025-05-30 11:39:37,893] INFO: Epoch 166 | Step 1/196 | Loss: 0.1873 | Acc: 94.92%
[2025-05-30 11:40:07,452] INFO: Epoch 166 | Step 101/196 | Loss: 0.1511 | Acc: 95.85%
[2025-05-30 11:40:35,338] INFO: Epoch 166 training completed
[2025-05-30 11:40:38,938] INFO: Test Loss: 0.4084 | Test Acc: 87.46%
[2025-05-30 11:40:39,509] INFO: Epoch 167 | Step 1/196 | Loss: 0.1260 | Acc: 95.70%
[2025-05-30 11:41:09,063] INFO: Epoch 167 | Step 101/196 | Loss: 0.1531 | Acc: 95.72%
[2025-05-30 11:41:36,949] INFO: Epoch 167 training completed
[2025-05-30 11:41:40,549] INFO: Test Loss: 0.3574 | Test Acc: 89.22%
[2025-05-30 11:41:41,115] INFO: Epoch 168 | Step 1/196 | Loss: 0.1868 | Acc: 95.31%
[2025-05-30 11:42:10,676] INFO: Epoch 168 | Step 101/196 | Loss: 0.1553 | Acc: 95.85%
[2025-05-30 11:42:38,556] INFO: Epoch 168 training completed
[2025-05-30 11:42:42,147] INFO: Test Loss: 0.3668 | Test Acc: 89.09%
[2025-05-30 11:42:42,706] INFO: Epoch 169 | Step 1/196 | Loss: 0.1792 | Acc: 94.53%
[2025-05-30 11:43:12,259] INFO: Epoch 169 | Step 101/196 | Loss: 0.1523 | Acc: 95.92%
[2025-05-30 11:43:40,138] INFO: Epoch 169 training completed
[2025-05-30 11:43:43,737] INFO: Test Loss: 0.3353 | Test Acc: 89.73%
[2025-05-30 11:43:44,398] INFO: Epoch 170 | Step 1/196 | Loss: 0.1105 | Acc: 97.27%
[2025-05-30 11:44:13,955] INFO: Epoch 170 | Step 101/196 | Loss: 0.1450 | Acc: 96.06%
[2025-05-30 11:44:41,839] INFO: Epoch 170 training completed
[2025-05-30 11:44:45,440] INFO: Test Loss: 0.3606 | Test Acc: 89.05%
[2025-05-30 11:44:46,016] INFO: Epoch 171 | Step 1/196 | Loss: 0.1195 | Acc: 96.09%
[2025-05-30 11:45:15,575] INFO: Epoch 171 | Step 101/196 | Loss: 0.1372 | Acc: 96.37%
[2025-05-30 11:45:43,462] INFO: Epoch 171 training completed
[2025-05-30 11:45:47,057] INFO: Test Loss: 0.3133 | Test Acc: 90.64%
[2025-05-30 11:45:47,614] INFO: Epoch 172 | Step 1/196 | Loss: 0.1317 | Acc: 96.48%
[2025-05-30 11:46:17,176] INFO: Epoch 172 | Step 101/196 | Loss: 0.1266 | Acc: 96.78%
[2025-05-30 11:46:45,063] INFO: Epoch 172 training completed
[2025-05-30 11:46:48,663] INFO: Test Loss: 0.3276 | Test Acc: 89.86%
[2025-05-30 11:46:49,238] INFO: Epoch 173 | Step 1/196 | Loss: 0.1305 | Acc: 96.48%
[2025-05-30 11:47:18,795] INFO: Epoch 173 | Step 101/196 | Loss: 0.1246 | Acc: 96.71%
[2025-05-30 11:47:46,676] INFO: Epoch 173 training completed
[2025-05-30 11:47:50,279] INFO: Test Loss: 0.3298 | Test Acc: 90.16%
[2025-05-30 11:47:50,849] INFO: Epoch 174 | Step 1/196 | Loss: 0.1325 | Acc: 96.88%
[2025-05-30 11:48:20,405] INFO: Epoch 174 | Step 101/196 | Loss: 0.1193 | Acc: 96.99%
[2025-05-30 11:48:48,282] INFO: Epoch 174 training completed
[2025-05-30 11:48:51,870] INFO: Test Loss: 0.2903 | Test Acc: 91.63%
[2025-05-30 11:48:51,992] INFO: New best accuracy: 91.63%, model saved.
[2025-05-30 11:48:52,569] INFO: Epoch 175 | Step 1/196 | Loss: 0.1160 | Acc: 97.27%
[2025-05-30 11:49:22,119] INFO: Epoch 175 | Step 101/196 | Loss: 0.1109 | Acc: 97.25%
[2025-05-30 11:49:49,998] INFO: Epoch 175 training completed
[2025-05-30 11:49:53,592] INFO: Test Loss: 0.2835 | Test Acc: 92.04%
[2025-05-30 11:49:53,711] INFO: New best accuracy: 92.04%, model saved.
[2025-05-30 11:49:54,272] INFO: Epoch 176 | Step 1/196 | Loss: 0.1330 | Acc: 96.88%
[2025-05-30 11:50:23,827] INFO: Epoch 176 | Step 101/196 | Loss: 0.1056 | Acc: 97.46%
[2025-05-30 11:50:51,700] INFO: Epoch 176 training completed
[2025-05-30 11:50:55,291] INFO: Test Loss: 0.2740 | Test Acc: 92.08%
[2025-05-30 11:50:55,414] INFO: New best accuracy: 92.08%, model saved.
[2025-05-30 11:50:55,965] INFO: Epoch 177 | Step 1/196 | Loss: 0.1052 | Acc: 96.88%
[2025-05-30 11:51:25,519] INFO: Epoch 177 | Step 101/196 | Loss: 0.1027 | Acc: 97.49%
[2025-05-30 11:51:53,402] INFO: Epoch 177 training completed
[2025-05-30 11:51:57,006] INFO: Test Loss: 0.2809 | Test Acc: 92.09%
[2025-05-30 11:51:57,129] INFO: New best accuracy: 92.09%, model saved.
[2025-05-30 11:51:57,689] INFO: Epoch 178 | Step 1/196 | Loss: 0.0827 | Acc: 98.83%
[2025-05-30 11:52:27,246] INFO: Epoch 178 | Step 101/196 | Loss: 0.0941 | Acc: 97.78%
[2025-05-30 11:52:55,141] INFO: Epoch 178 training completed
[2025-05-30 11:52:58,743] INFO: Test Loss: 0.2770 | Test Acc: 92.20%
[2025-05-30 11:52:58,866] INFO: New best accuracy: 92.20%, model saved.
[2025-05-30 11:52:59,433] INFO: Epoch 179 | Step 1/196 | Loss: 0.0725 | Acc: 98.44%
[2025-05-30 11:53:28,987] INFO: Epoch 179 | Step 101/196 | Loss: 0.0893 | Acc: 98.02%
[2025-05-30 11:53:56,869] INFO: Epoch 179 training completed
[2025-05-30 11:54:00,466] INFO: Test Loss: 0.2872 | Test Acc: 92.04%
[2025-05-30 11:54:01,030] INFO: Epoch 180 | Step 1/196 | Loss: 0.0587 | Acc: 99.22%
[2025-05-30 11:54:30,581] INFO: Epoch 180 | Step 101/196 | Loss: 0.0820 | Acc: 98.24%
[2025-05-30 11:54:58,459] INFO: Epoch 180 training completed
[2025-05-30 11:55:02,057] INFO: Test Loss: 0.2656 | Test Acc: 92.64%
[2025-05-30 11:55:02,180] INFO: New best accuracy: 92.64%, model saved.
[2025-05-30 11:55:02,746] INFO: Epoch 181 | Step 1/196 | Loss: 0.0681 | Acc: 98.44%
[2025-05-30 11:55:32,300] INFO: Epoch 181 | Step 101/196 | Loss: 0.0703 | Acc: 98.64%
[2025-05-30 11:56:00,186] INFO: Epoch 181 training completed
[2025-05-30 11:56:03,776] INFO: Test Loss: 0.2543 | Test Acc: 92.82%
[2025-05-30 11:56:03,897] INFO: New best accuracy: 92.82%, model saved.
[2025-05-30 11:56:04,466] INFO: Epoch 182 | Step 1/196 | Loss: 0.0516 | Acc: 99.61%
[2025-05-30 11:56:34,021] INFO: Epoch 182 | Step 101/196 | Loss: 0.0721 | Acc: 98.58%
[2025-05-30 11:57:01,906] INFO: Epoch 182 training completed
[2025-05-30 11:57:05,504] INFO: Test Loss: 0.2595 | Test Acc: 92.65%
[2025-05-30 11:57:06,074] INFO: Epoch 183 | Step 1/196 | Loss: 0.0544 | Acc: 99.61%
[2025-05-30 11:57:35,633] INFO: Epoch 183 | Step 101/196 | Loss: 0.0676 | Acc: 98.69%
[2025-05-30 11:58:03,515] INFO: Epoch 183 training completed
[2025-05-30 11:58:07,113] INFO: Test Loss: 0.2529 | Test Acc: 92.94%
[2025-05-30 11:58:07,235] INFO: New best accuracy: 92.94%, model saved.
[2025-05-30 11:58:07,800] INFO: Epoch 184 | Step 1/196 | Loss: 0.0563 | Acc: 99.22%
[2025-05-30 11:58:37,354] INFO: Epoch 184 | Step 101/196 | Loss: 0.0651 | Acc: 98.89%
[2025-05-30 11:59:05,235] INFO: Epoch 184 training completed
[2025-05-30 11:59:08,841] INFO: Test Loss: 0.2621 | Test Acc: 92.96%
[2025-05-30 11:59:08,963] INFO: New best accuracy: 92.96%, model saved.
[2025-05-30 11:59:09,528] INFO: Epoch 185 | Step 1/196 | Loss: 0.0604 | Acc: 98.83%
[2025-05-30 11:59:39,084] INFO: Epoch 185 | Step 101/196 | Loss: 0.0598 | Acc: 99.02%
[2025-05-30 12:00:06,967] INFO: Epoch 185 training completed
[2025-05-30 12:00:10,564] INFO: Test Loss: 0.2555 | Test Acc: 93.04%
[2025-05-30 12:00:10,686] INFO: New best accuracy: 93.04%, model saved.
[2025-05-30 12:00:11,251] INFO: Epoch 186 | Step 1/196 | Loss: 0.0485 | Acc: 100.00%
[2025-05-30 12:00:40,802] INFO: Epoch 186 | Step 101/196 | Loss: 0.0585 | Acc: 99.04%
[2025-05-30 12:01:08,686] INFO: Epoch 186 training completed
[2025-05-30 12:01:12,291] INFO: Test Loss: 0.2510 | Test Acc: 93.20%
[2025-05-30 12:01:12,411] INFO: New best accuracy: 93.20%, model saved.
[2025-05-30 12:01:12,988] INFO: Epoch 187 | Step 1/196 | Loss: 0.0493 | Acc: 99.22%
[2025-05-30 12:01:42,541] INFO: Epoch 187 | Step 101/196 | Loss: 0.0567 | Acc: 99.18%
[2025-05-30 12:02:10,422] INFO: Epoch 187 training completed
[2025-05-30 12:02:14,026] INFO: Test Loss: 0.2451 | Test Acc: 93.55%
[2025-05-30 12:02:14,156] INFO: New best accuracy: 93.55%, model saved.
[2025-05-30 12:02:14,705] INFO: Epoch 188 | Step 1/196 | Loss: 0.0573 | Acc: 99.61%
[2025-05-30 12:02:44,256] INFO: Epoch 188 | Step 101/196 | Loss: 0.0515 | Acc: 99.32%
[2025-05-30 12:03:12,144] INFO: Epoch 188 training completed
[2025-05-30 12:03:15,742] INFO: Test Loss: 0.2501 | Test Acc: 93.33%
[2025-05-30 12:03:16,304] INFO: Epoch 189 | Step 1/196 | Loss: 0.0349 | Acc: 100.00%
[2025-05-30 12:03:45,853] INFO: Epoch 189 | Step 101/196 | Loss: 0.0483 | Acc: 99.44%
[2025-05-30 12:04:13,738] INFO: Epoch 189 training completed
[2025-05-30 12:04:17,332] INFO: Test Loss: 0.2508 | Test Acc: 93.30%
[2025-05-30 12:04:17,897] INFO: Epoch 190 | Step 1/196 | Loss: 0.0464 | Acc: 99.22%
[2025-05-30 12:04:47,447] INFO: Epoch 190 | Step 101/196 | Loss: 0.0465 | Acc: 99.48%
[2025-05-30 12:05:15,331] INFO: Epoch 190 training completed
[2025-05-30 12:05:18,928] INFO: Test Loss: 0.2494 | Test Acc: 93.41%
[2025-05-30 12:05:19,592] INFO: Epoch 191 | Step 1/196 | Loss: 0.0353 | Acc: 100.00%
[2025-05-30 12:05:49,142] INFO: Epoch 191 | Step 101/196 | Loss: 0.0461 | Acc: 99.44%
[2025-05-30 12:06:17,024] INFO: Epoch 191 training completed
[2025-05-30 12:06:20,620] INFO: Test Loss: 0.2509 | Test Acc: 93.14%
[2025-05-30 12:06:21,175] INFO: Epoch 192 | Step 1/196 | Loss: 0.0613 | Acc: 98.44%
[2025-05-30 12:06:50,723] INFO: Epoch 192 | Step 101/196 | Loss: 0.0438 | Acc: 99.54%
[2025-05-30 12:07:18,604] INFO: Epoch 192 training completed
[2025-05-30 12:07:22,204] INFO: Test Loss: 0.2465 | Test Acc: 93.38%
[2025-05-30 12:07:22,770] INFO: Epoch 193 | Step 1/196 | Loss: 0.0456 | Acc: 99.61%
[2025-05-30 12:07:52,317] INFO: Epoch 193 | Step 101/196 | Loss: 0.0428 | Acc: 99.61%
[2025-05-30 12:08:20,200] INFO: Epoch 193 training completed
[2025-05-30 12:08:23,800] INFO: Test Loss: 0.2439 | Test Acc: 93.49%
[2025-05-30 12:08:24,370] INFO: Epoch 194 | Step 1/196 | Loss: 0.0441 | Acc: 99.61%
[2025-05-30 12:08:53,921] INFO: Epoch 194 | Step 101/196 | Loss: 0.0425 | Acc: 99.56%
[2025-05-30 12:09:21,804] INFO: Epoch 194 training completed
[2025-05-30 12:09:25,406] INFO: Test Loss: 0.2453 | Test Acc: 93.47%
[2025-05-30 12:09:26,064] INFO: Epoch 195 | Step 1/196 | Loss: 0.0360 | Acc: 100.00%
[2025-05-30 12:09:55,619] INFO: Epoch 195 | Step 101/196 | Loss: 0.0426 | Acc: 99.59%
[2025-05-30 12:10:23,511] INFO: Epoch 195 training completed
[2025-05-30 12:10:27,101] INFO: Test Loss: 0.2458 | Test Acc: 93.55%
[2025-05-30 12:10:27,659] INFO: Epoch 196 | Step 1/196 | Loss: 0.0375 | Acc: 100.00%
[2025-05-30 12:10:57,206] INFO: Epoch 196 | Step 101/196 | Loss: 0.0405 | Acc: 99.70%
[2025-05-30 12:11:25,084] INFO: Epoch 196 training completed
[2025-05-30 12:11:28,686] INFO: Test Loss: 0.2436 | Test Acc: 93.61%
[2025-05-30 12:11:28,808] INFO: New best accuracy: 93.61%, model saved.
[2025-05-30 12:11:29,368] INFO: Epoch 197 | Step 1/196 | Loss: 0.0309 | Acc: 100.00%
[2025-05-30 12:11:58,921] INFO: Epoch 197 | Step 101/196 | Loss: 0.0394 | Acc: 99.71%
[2025-05-30 12:12:26,810] INFO: Epoch 197 training completed
[2025-05-30 12:12:30,410] INFO: Test Loss: 0.2427 | Test Acc: 93.61%
[2025-05-30 12:12:30,985] INFO: Epoch 198 | Step 1/196 | Loss: 0.0337 | Acc: 100.00%
[2025-05-30 12:13:00,548] INFO: Epoch 198 | Step 101/196 | Loss: 0.0400 | Acc: 99.66%
[2025-05-30 12:13:28,431] INFO: Epoch 198 training completed
[2025-05-30 12:13:32,034] INFO: Test Loss: 0.2442 | Test Acc: 93.53%
[2025-05-30 12:13:32,690] INFO: Epoch 199 | Step 1/196 | Loss: 0.0383 | Acc: 99.22%
[2025-05-30 12:14:02,244] INFO: Epoch 199 | Step 101/196 | Loss: 0.0406 | Acc: 99.67%
[2025-05-30 12:14:30,133] INFO: Epoch 199 training completed
[2025-05-30 12:14:33,725] INFO: Test Loss: 0.2484 | Test Acc: 93.48%
[2025-05-30 12:14:34,303] INFO: Epoch 200 | Step 1/196 | Loss: 0.0363 | Acc: 100.00%
[2025-05-30 12:15:03,855] INFO: Epoch 200 | Step 101/196 | Loss: 0.0392 | Acc: 99.69%
[2025-05-30 12:15:31,736] INFO: Epoch 200 training completed
[2025-05-30 12:15:35,329] INFO: Test Loss: 0.2430 | Test Acc: 93.49%
[2025-05-30 12:15:35,519] INFO: Training complete. Best Test Accuracy: 93.61%
