[2025-06-01 14:13:48,634] INFO: Using device: cuda
[2025-06-01 14:13:49,800] INFO: Using GhostNetV3 with student width=1.0 & teacher width=2.8
[2025-06-01 14:16:54,355] INFO: Using device: cuda
[2025-06-01 14:22:32,880] INFO: Using device: cuda
[2025-06-01 14:22:33,987] INFO: Using GhostNetV3 with student width=1.0 & teacher width=2.8
[2025-06-01 14:23:00,006] INFO: Epoch 1 | Step 1/196 | Loss: 4.1685 | Acc: 12.11%
[2025-06-01 14:23:17,418] INFO: Epoch 1 | Step 101/196 | Loss: 2.7027 | Acc: 13.00%
[2025-06-01 14:23:34,061] INFO: Epoch 1 training completed
[2025-06-01 14:23:57,354] INFO: Test Loss: 2.2158 | Test Acc: 15.72%
[2025-06-01 14:23:57,455] INFO: New best accuracy: 15.72%, model saved.
[2025-06-01 14:23:57,847] INFO: Epoch 2 | Step 1/196 | Loss: 2.2104 | Acc: 15.62%
[2025-06-01 14:24:15,283] INFO: Epoch 2 | Step 101/196 | Loss: 2.1071 | Acc: 17.31%
[2025-06-01 14:24:31,691] INFO: Epoch 2 training completed
[2025-06-01 14:24:32,968] INFO: Test Loss: 2.0146 | Test Acc: 22.73%
[2025-06-01 14:24:33,077] INFO: New best accuracy: 22.73%, model saved.
[2025-06-01 14:24:33,500] INFO: Epoch 3 | Step 1/196 | Loss: 1.9544 | Acc: 24.22%
[2025-06-01 14:24:50,865] INFO: Epoch 3 | Step 101/196 | Loss: 1.9319 | Acc: 23.52%
[2025-06-01 14:25:07,265] INFO: Epoch 3 training completed
[2025-06-01 14:25:08,572] INFO: Test Loss: 1.8638 | Test Acc: 29.72%
[2025-06-01 14:25:08,682] INFO: New best accuracy: 29.72%, model saved.
[2025-06-01 14:25:09,103] INFO: Epoch 4 | Step 1/196 | Loss: 1.8840 | Acc: 26.17%
[2025-06-01 14:25:26,507] INFO: Epoch 4 | Step 101/196 | Loss: 1.7990 | Acc: 29.31%
[2025-06-01 14:25:42,933] INFO: Epoch 4 training completed
[2025-06-01 14:25:44,236] INFO: Test Loss: 1.7758 | Test Acc: 32.88%
[2025-06-01 14:25:44,344] INFO: New best accuracy: 32.88%, model saved.
[2025-06-01 14:25:44,765] INFO: Epoch 5 | Step 1/196 | Loss: 1.6005 | Acc: 37.89%
[2025-06-01 14:26:02,138] INFO: Epoch 5 | Step 101/196 | Loss: 1.7090 | Acc: 32.38%
[2025-06-01 14:26:18,570] INFO: Epoch 5 training completed
[2025-06-01 14:26:19,863] INFO: Test Loss: 1.7025 | Test Acc: 35.80%
[2025-06-01 14:26:19,973] INFO: New best accuracy: 35.80%, model saved.
[2025-06-01 14:26:20,391] INFO: Epoch 6 | Step 1/196 | Loss: 1.6618 | Acc: 35.16%
[2025-06-01 14:26:37,766] INFO: Epoch 6 | Step 101/196 | Loss: 1.6460 | Acc: 35.66%
[2025-06-01 14:26:54,189] INFO: Epoch 6 training completed
[2025-06-01 14:26:55,551] INFO: Test Loss: 1.6376 | Test Acc: 39.36%
[2025-06-01 14:26:55,661] INFO: New best accuracy: 39.36%, model saved.
[2025-06-01 14:26:56,074] INFO: Epoch 7 | Step 1/196 | Loss: 1.5617 | Acc: 40.62%
[2025-06-01 14:27:13,482] INFO: Epoch 7 | Step 101/196 | Loss: 1.5845 | Acc: 38.46%
[2025-06-01 14:27:29,908] INFO: Epoch 7 training completed
[2025-06-01 14:27:31,234] INFO: Test Loss: 1.5898 | Test Acc: 40.00%
[2025-06-01 14:27:31,341] INFO: New best accuracy: 40.00%, model saved.
[2025-06-01 14:27:31,755] INFO: Epoch 8 | Step 1/196 | Loss: 1.4599 | Acc: 39.45%
[2025-06-01 14:27:49,126] INFO: Epoch 8 | Step 101/196 | Loss: 1.5148 | Acc: 41.44%
[2025-06-01 14:28:05,556] INFO: Epoch 8 training completed
[2025-06-01 14:28:06,883] INFO: Test Loss: 1.4769 | Test Acc: 45.39%
[2025-06-01 14:28:06,991] INFO: New best accuracy: 45.39%, model saved.
[2025-06-01 14:28:07,409] INFO: Epoch 9 | Step 1/196 | Loss: 1.4029 | Acc: 42.97%
[2025-06-01 14:28:24,781] INFO: Epoch 9 | Step 101/196 | Loss: 1.4531 | Acc: 43.94%
[2025-06-01 14:28:41,212] INFO: Epoch 9 training completed
[2025-06-01 14:28:42,528] INFO: Test Loss: 1.4565 | Test Acc: 46.83%
[2025-06-01 14:28:42,636] INFO: New best accuracy: 46.83%, model saved.
[2025-06-01 14:28:43,059] INFO: Epoch 10 | Step 1/196 | Loss: 1.4500 | Acc: 45.31%
[2025-06-01 14:29:00,431] INFO: Epoch 10 | Step 101/196 | Loss: 1.3833 | Acc: 46.77%
[2025-06-01 14:29:16,899] INFO: Epoch 10 training completed
[2025-06-01 14:29:18,233] INFO: Test Loss: 1.4204 | Test Acc: 48.86%
[2025-06-01 14:29:18,340] INFO: New best accuracy: 48.86%, model saved.
[2025-06-01 14:29:18,756] INFO: Epoch 11 | Step 1/196 | Loss: 1.2161 | Acc: 53.12%
[2025-06-01 14:29:36,141] INFO: Epoch 11 | Step 101/196 | Loss: 1.3366 | Acc: 49.24%
[2025-06-01 14:29:52,569] INFO: Epoch 11 training completed
[2025-06-01 14:29:53,906] INFO: Test Loss: 1.3151 | Test Acc: 52.25%
[2025-06-01 14:29:54,016] INFO: New best accuracy: 52.25%, model saved.
[2025-06-01 14:29:54,436] INFO: Epoch 12 | Step 1/196 | Loss: 1.2673 | Acc: 50.00%
[2025-06-01 14:30:11,815] INFO: Epoch 12 | Step 101/196 | Loss: 1.2698 | Acc: 51.65%
[2025-06-01 14:30:28,245] INFO: Epoch 12 training completed
[2025-06-01 14:30:29,543] INFO: Test Loss: 1.5162 | Test Acc: 46.89%
[2025-06-01 14:30:29,962] INFO: Epoch 13 | Step 1/196 | Loss: 1.3069 | Acc: 51.17%
[2025-06-01 14:30:47,342] INFO: Epoch 13 | Step 101/196 | Loss: 1.2143 | Acc: 53.84%
[2025-06-01 14:31:03,774] INFO: Epoch 13 training completed
[2025-06-01 14:31:05,117] INFO: Test Loss: 1.2600 | Test Acc: 54.28%
[2025-06-01 14:31:05,225] INFO: New best accuracy: 54.28%, model saved.
[2025-06-01 14:31:05,729] INFO: Epoch 14 | Step 1/196 | Loss: 1.1777 | Acc: 56.64%
[2025-06-01 14:31:23,102] INFO: Epoch 14 | Step 101/196 | Loss: 1.1588 | Acc: 56.23%
[2025-06-01 14:31:39,540] INFO: Epoch 14 training completed
[2025-06-01 14:31:40,829] INFO: Test Loss: 1.2407 | Test Acc: 55.92%
[2025-06-01 14:31:40,940] INFO: New best accuracy: 55.92%, model saved.
[2025-06-01 14:31:41,352] INFO: Epoch 15 | Step 1/196 | Loss: 1.0421 | Acc: 60.55%
[2025-06-01 14:31:58,730] INFO: Epoch 15 | Step 101/196 | Loss: 1.1087 | Acc: 57.81%
[2025-06-01 14:32:15,173] INFO: Epoch 15 training completed
[2025-06-01 14:32:16,474] INFO: Test Loss: 1.1937 | Test Acc: 57.46%
[2025-06-01 14:32:16,585] INFO: New best accuracy: 57.46%, model saved.
[2025-06-01 14:32:17,008] INFO: Epoch 16 | Step 1/196 | Loss: 1.0718 | Acc: 58.98%
[2025-06-01 14:32:34,385] INFO: Epoch 16 | Step 101/196 | Loss: 1.0607 | Acc: 60.00%
[2025-06-01 14:32:50,817] INFO: Epoch 16 training completed
[2025-06-01 14:32:52,116] INFO: Test Loss: 1.2787 | Test Acc: 54.87%
[2025-06-01 14:32:52,532] INFO: Epoch 17 | Step 1/196 | Loss: 0.9734 | Acc: 59.77%
[2025-06-01 14:33:09,912] INFO: Epoch 17 | Step 101/196 | Loss: 1.0142 | Acc: 62.03%
[2025-06-01 14:33:26,384] INFO: Epoch 17 training completed
[2025-06-01 14:33:27,687] INFO: Test Loss: 1.0786 | Test Acc: 61.23%
[2025-06-01 14:33:27,797] INFO: New best accuracy: 61.23%, model saved.
[2025-06-01 14:33:28,226] INFO: Epoch 18 | Step 1/196 | Loss: 1.0445 | Acc: 59.77%
[2025-06-01 14:33:45,601] INFO: Epoch 18 | Step 101/196 | Loss: 0.9754 | Acc: 63.60%
[2025-06-01 14:34:02,030] INFO: Epoch 18 training completed
[2025-06-01 14:34:03,349] INFO: Test Loss: 1.1145 | Test Acc: 60.73%
[2025-06-01 14:34:03,781] INFO: Epoch 19 | Step 1/196 | Loss: 0.8685 | Acc: 68.75%
[2025-06-01 14:34:21,158] INFO: Epoch 19 | Step 101/196 | Loss: 0.9388 | Acc: 64.84%
[2025-06-01 14:34:37,589] INFO: Epoch 19 training completed
[2025-06-01 14:34:38,878] INFO: Test Loss: 0.9671 | Test Acc: 65.69%
[2025-06-01 14:34:38,983] INFO: New best accuracy: 65.69%, model saved.
[2025-06-01 14:34:39,398] INFO: Epoch 20 | Step 1/196 | Loss: 0.9463 | Acc: 67.19%
[2025-06-01 14:34:56,773] INFO: Epoch 20 | Step 101/196 | Loss: 0.9061 | Acc: 66.19%
[2025-06-01 14:35:13,205] INFO: Epoch 20 training completed
[2025-06-01 14:35:14,503] INFO: Test Loss: 0.9385 | Test Acc: 66.81%
[2025-06-01 14:35:14,625] INFO: New best accuracy: 66.81%, model saved.
[2025-06-01 14:35:15,132] INFO: Epoch 21 | Step 1/196 | Loss: 0.8413 | Acc: 69.14%
[2025-06-01 14:35:32,503] INFO: Epoch 21 | Step 101/196 | Loss: 0.8604 | Acc: 67.83%
[2025-06-01 14:35:48,936] INFO: Epoch 21 training completed
[2025-06-01 14:35:50,264] INFO: Test Loss: 1.0203 | Test Acc: 63.18%
[2025-06-01 14:35:50,688] INFO: Epoch 22 | Step 1/196 | Loss: 0.8410 | Acc: 67.97%
[2025-06-01 14:36:08,066] INFO: Epoch 22 | Step 101/196 | Loss: 0.8332 | Acc: 69.33%
[2025-06-01 14:36:24,501] INFO: Epoch 22 training completed
[2025-06-01 14:36:25,812] INFO: Test Loss: 0.9736 | Test Acc: 65.27%
[2025-06-01 14:36:26,224] INFO: Epoch 23 | Step 1/196 | Loss: 0.6578 | Acc: 75.00%
[2025-06-01 14:36:43,604] INFO: Epoch 23 | Step 101/196 | Loss: 0.8009 | Acc: 70.48%
[2025-06-01 14:37:00,036] INFO: Epoch 23 training completed
[2025-06-01 14:37:01,396] INFO: Test Loss: 0.9008 | Test Acc: 67.98%
[2025-06-01 14:37:01,504] INFO: New best accuracy: 67.98%, model saved.
[2025-06-01 14:37:01,912] INFO: Epoch 24 | Step 1/196 | Loss: 0.7170 | Acc: 73.44%
[2025-06-01 14:37:19,292] INFO: Epoch 24 | Step 101/196 | Loss: 0.7690 | Acc: 71.64%
[2025-06-01 14:37:35,719] INFO: Epoch 24 training completed
[2025-06-01 14:37:37,047] INFO: Test Loss: 0.8320 | Test Acc: 70.47%
[2025-06-01 14:37:37,249] INFO: New best accuracy: 70.47%, model saved.
[2025-06-01 14:37:37,672] INFO: Epoch 25 | Step 1/196 | Loss: 0.8048 | Acc: 74.22%
[2025-06-01 14:37:55,048] INFO: Epoch 25 | Step 101/196 | Loss: 0.7484 | Acc: 72.93%
[2025-06-01 14:38:11,480] INFO: Epoch 25 training completed
[2025-06-01 14:38:12,801] INFO: Test Loss: 0.9369 | Test Acc: 67.49%
[2025-06-01 14:38:13,220] INFO: Epoch 26 | Step 1/196 | Loss: 0.8144 | Acc: 71.09%
[2025-06-01 14:38:30,590] INFO: Epoch 26 | Step 101/196 | Loss: 0.7167 | Acc: 73.82%
[2025-06-01 14:38:47,022] INFO: Epoch 26 training completed
[2025-06-01 14:38:48,303] INFO: Test Loss: 0.8300 | Test Acc: 71.33%
[2025-06-01 14:38:48,415] INFO: New best accuracy: 71.33%, model saved.
[2025-06-01 14:38:48,831] INFO: Epoch 27 | Step 1/196 | Loss: 0.7053 | Acc: 71.88%
[2025-06-01 14:39:06,209] INFO: Epoch 27 | Step 101/196 | Loss: 0.6827 | Acc: 75.20%
[2025-06-01 14:39:22,636] INFO: Epoch 27 training completed
[2025-06-01 14:39:23,928] INFO: Test Loss: 0.8522 | Test Acc: 70.21%
[2025-06-01 14:39:24,350] INFO: Epoch 28 | Step 1/196 | Loss: 0.7271 | Acc: 73.44%
[2025-06-01 14:39:41,764] INFO: Epoch 28 | Step 101/196 | Loss: 0.6583 | Acc: 76.17%
[2025-06-01 14:39:58,214] INFO: Epoch 28 training completed
[2025-06-01 14:39:59,552] INFO: Test Loss: 0.8196 | Test Acc: 71.70%
[2025-06-01 14:39:59,672] INFO: New best accuracy: 71.70%, model saved.
[2025-06-01 14:40:00,087] INFO: Epoch 29 | Step 1/196 | Loss: 0.6118 | Acc: 76.95%
[2025-06-01 14:40:17,468] INFO: Epoch 29 | Step 101/196 | Loss: 0.6451 | Acc: 76.90%
[2025-06-01 14:40:33,901] INFO: Epoch 29 training completed
[2025-06-01 14:40:35,186] INFO: Test Loss: 0.7697 | Test Acc: 72.99%
[2025-06-01 14:40:35,297] INFO: New best accuracy: 72.99%, model saved.
[2025-06-01 14:40:35,710] INFO: Epoch 30 | Step 1/196 | Loss: 0.6369 | Acc: 76.17%
[2025-06-01 14:40:53,079] INFO: Epoch 30 | Step 101/196 | Loss: 0.6193 | Acc: 77.74%
[2025-06-01 14:41:09,518] INFO: Epoch 30 training completed
[2025-06-01 14:41:10,857] INFO: Test Loss: 0.8439 | Test Acc: 70.78%
[2025-06-01 14:41:11,278] INFO: Epoch 31 | Step 1/196 | Loss: 0.6569 | Acc: 77.34%
[2025-06-01 14:41:28,654] INFO: Epoch 31 | Step 101/196 | Loss: 0.6077 | Acc: 78.26%
[2025-06-01 14:41:45,098] INFO: Epoch 31 training completed
[2025-06-01 14:41:46,400] INFO: Test Loss: 0.8102 | Test Acc: 72.51%
[2025-06-01 14:41:46,911] INFO: Epoch 32 | Step 1/196 | Loss: 0.6049 | Acc: 78.91%
[2025-06-01 14:42:04,290] INFO: Epoch 32 | Step 101/196 | Loss: 0.5816 | Acc: 79.40%
[2025-06-01 14:42:20,721] INFO: Epoch 32 training completed
[2025-06-01 14:42:22,068] INFO: Test Loss: 0.7397 | Test Acc: 75.16%
[2025-06-01 14:42:22,174] INFO: New best accuracy: 75.16%, model saved.
[2025-06-01 14:42:22,603] INFO: Epoch 33 | Step 1/196 | Loss: 0.5594 | Acc: 79.30%
[2025-06-01 14:42:39,978] INFO: Epoch 33 | Step 101/196 | Loss: 0.5743 | Acc: 79.45%
[2025-06-01 14:42:56,410] INFO: Epoch 33 training completed
[2025-06-01 14:42:57,712] INFO: Test Loss: 0.7568 | Test Acc: 74.18%
[2025-06-01 14:42:58,130] INFO: Epoch 34 | Step 1/196 | Loss: 0.5715 | Acc: 82.81%
[2025-06-01 14:43:15,507] INFO: Epoch 34 | Step 101/196 | Loss: 0.5687 | Acc: 79.78%
[2025-06-01 14:43:31,941] INFO: Epoch 34 training completed
[2025-06-01 14:43:33,272] INFO: Test Loss: 1.0161 | Test Acc: 65.44%
[2025-06-01 14:43:33,693] INFO: Epoch 35 | Step 1/196 | Loss: 0.6564 | Acc: 78.12%
[2025-06-01 14:43:51,070] INFO: Epoch 35 | Step 101/196 | Loss: 0.5658 | Acc: 79.79%
[2025-06-01 14:44:07,506] INFO: Epoch 35 training completed
[2025-06-01 14:44:08,844] INFO: Test Loss: 0.7656 | Test Acc: 74.11%
[2025-06-01 14:44:09,358] INFO: Epoch 36 | Step 1/196 | Loss: 0.4770 | Acc: 82.81%
[2025-06-01 14:44:26,748] INFO: Epoch 36 | Step 101/196 | Loss: 0.5594 | Acc: 80.12%
[2025-06-01 14:44:43,187] INFO: Epoch 36 training completed
[2025-06-01 14:44:44,520] INFO: Test Loss: 0.7224 | Test Acc: 75.18%
[2025-06-01 14:44:44,635] INFO: New best accuracy: 75.18%, model saved.
[2025-06-01 14:44:45,054] INFO: Epoch 37 | Step 1/196 | Loss: 0.6251 | Acc: 77.34%
[2025-06-01 14:45:02,433] INFO: Epoch 37 | Step 101/196 | Loss: 0.5567 | Acc: 80.22%
[2025-06-01 14:45:18,875] INFO: Epoch 37 training completed
[2025-06-01 14:45:20,163] INFO: Test Loss: 0.9244 | Test Acc: 68.94%
[2025-06-01 14:45:20,580] INFO: Epoch 38 | Step 1/196 | Loss: 0.4231 | Acc: 84.77%
[2025-06-01 14:45:37,958] INFO: Epoch 38 | Step 101/196 | Loss: 0.5584 | Acc: 79.97%
[2025-06-01 14:45:54,391] INFO: Epoch 38 training completed
[2025-06-01 14:45:55,730] INFO: Test Loss: 0.8265 | Test Acc: 71.74%
[2025-06-01 14:45:56,161] INFO: Epoch 39 | Step 1/196 | Loss: 0.5390 | Acc: 80.08%
[2025-06-01 14:46:13,538] INFO: Epoch 39 | Step 101/196 | Loss: 0.5486 | Acc: 80.99%
[2025-06-01 14:46:29,978] INFO: Epoch 39 training completed
[2025-06-01 14:46:31,288] INFO: Test Loss: 0.8715 | Test Acc: 70.63%
[2025-06-01 14:46:31,704] INFO: Epoch 40 | Step 1/196 | Loss: 0.4990 | Acc: 85.16%
[2025-06-01 14:46:49,120] INFO: Epoch 40 | Step 101/196 | Loss: 0.5533 | Acc: 80.58%
[2025-06-01 14:47:05,549] INFO: Epoch 40 training completed
[2025-06-01 14:47:06,832] INFO: Test Loss: 0.8169 | Test Acc: 72.31%
[2025-06-01 14:47:07,251] INFO: Epoch 41 | Step 1/196 | Loss: 0.5763 | Acc: 80.47%
[2025-06-01 14:47:24,624] INFO: Epoch 41 | Step 101/196 | Loss: 0.5630 | Acc: 80.23%
[2025-06-01 14:47:41,060] INFO: Epoch 41 training completed
[2025-06-01 14:47:42,418] INFO: Test Loss: 0.8428 | Test Acc: 72.22%
[2025-06-01 14:47:42,846] INFO: Epoch 42 | Step 1/196 | Loss: 0.5417 | Acc: 80.47%
[2025-06-01 14:48:00,226] INFO: Epoch 42 | Step 101/196 | Loss: 0.5602 | Acc: 79.94%
[2025-06-01 14:48:16,659] INFO: Epoch 42 training completed
[2025-06-01 14:48:17,961] INFO: Test Loss: 1.1219 | Test Acc: 63.30%
[2025-06-01 14:48:18,372] INFO: Epoch 43 | Step 1/196 | Loss: 0.5054 | Acc: 82.03%
[2025-06-01 14:48:35,752] INFO: Epoch 43 | Step 101/196 | Loss: 0.5628 | Acc: 80.20%
[2025-06-01 14:48:52,188] INFO: Epoch 43 training completed
[2025-06-01 14:48:53,503] INFO: Test Loss: 0.8544 | Test Acc: 70.93%
[2025-06-01 14:48:54,008] INFO: Epoch 44 | Step 1/196 | Loss: 0.5255 | Acc: 81.25%
[2025-06-01 14:49:11,389] INFO: Epoch 44 | Step 101/196 | Loss: 0.5635 | Acc: 79.97%
[2025-06-01 14:49:27,826] INFO: Epoch 44 training completed
[2025-06-01 14:49:29,148] INFO: Test Loss: 0.8218 | Test Acc: 72.51%
[2025-06-01 14:49:29,566] INFO: Epoch 45 | Step 1/196 | Loss: 0.5192 | Acc: 83.20%
[2025-06-01 14:49:46,945] INFO: Epoch 45 | Step 101/196 | Loss: 0.5547 | Acc: 80.58%
[2025-06-01 14:50:03,376] INFO: Epoch 45 training completed
[2025-06-01 14:50:04,680] INFO: Test Loss: 0.9683 | Test Acc: 67.57%
[2025-06-01 14:50:05,109] INFO: Epoch 46 | Step 1/196 | Loss: 0.7127 | Acc: 72.66%
[2025-06-01 14:50:22,490] INFO: Epoch 46 | Step 101/196 | Loss: 0.5579 | Acc: 80.32%
[2025-06-01 14:50:38,925] INFO: Epoch 46 training completed
[2025-06-01 14:50:40,194] INFO: Test Loss: 0.8923 | Test Acc: 69.49%
[2025-06-01 14:50:40,615] INFO: Epoch 47 | Step 1/196 | Loss: 0.6008 | Acc: 76.95%
[2025-06-01 14:50:57,996] INFO: Epoch 47 | Step 101/196 | Loss: 0.5680 | Acc: 80.02%
[2025-06-01 14:51:14,429] INFO: Epoch 47 training completed
[2025-06-01 14:51:15,734] INFO: Test Loss: 0.7882 | Test Acc: 73.28%
[2025-06-01 14:51:16,244] INFO: Epoch 48 | Step 1/196 | Loss: 0.5519 | Acc: 79.69%
[2025-06-01 14:51:33,620] INFO: Epoch 48 | Step 101/196 | Loss: 0.5490 | Acc: 80.70%
[2025-06-01 14:51:50,058] INFO: Epoch 48 training completed
[2025-06-01 14:51:51,359] INFO: Test Loss: 0.7589 | Test Acc: 74.05%
[2025-06-01 14:51:51,772] INFO: Epoch 49 | Step 1/196 | Loss: 0.6110 | Acc: 77.73%
[2025-06-01 14:52:09,152] INFO: Epoch 49 | Step 101/196 | Loss: 0.5620 | Acc: 80.39%
[2025-06-01 14:52:25,584] INFO: Epoch 49 training completed
[2025-06-01 14:52:26,911] INFO: Test Loss: 0.9182 | Test Acc: 68.22%
[2025-06-01 14:52:27,318] INFO: Epoch 50 | Step 1/196 | Loss: 0.5633 | Acc: 80.86%
[2025-06-01 14:52:44,700] INFO: Epoch 50 | Step 101/196 | Loss: 0.5458 | Acc: 80.85%
[2025-06-01 14:53:01,132] INFO: Epoch 50 training completed
[2025-06-01 14:53:02,450] INFO: Test Loss: 0.7516 | Test Acc: 75.61%
[2025-06-01 14:53:02,560] INFO: New best accuracy: 75.61%, model saved.
[2025-06-01 14:53:02,967] INFO: Epoch 51 | Step 1/196 | Loss: 0.4829 | Acc: 83.98%
[2025-06-01 14:53:20,345] INFO: Epoch 51 | Step 101/196 | Loss: 0.5422 | Acc: 80.93%
[2025-06-01 14:53:36,779] INFO: Epoch 51 training completed
[2025-06-01 14:53:38,093] INFO: Test Loss: 0.9024 | Test Acc: 69.41%
[2025-06-01 14:53:38,609] INFO: Epoch 52 | Step 1/196 | Loss: 0.5472 | Acc: 78.52%
[2025-06-01 14:53:55,986] INFO: Epoch 52 | Step 101/196 | Loss: 0.5431 | Acc: 81.02%
[2025-06-01 14:54:12,418] INFO: Epoch 52 training completed
[2025-06-01 14:54:13,755] INFO: Test Loss: 0.9840 | Test Acc: 67.14%
[2025-06-01 14:54:14,180] INFO: Epoch 53 | Step 1/196 | Loss: 0.6303 | Acc: 78.91%
[2025-06-01 14:54:31,563] INFO: Epoch 53 | Step 101/196 | Loss: 0.5524 | Acc: 80.59%
[2025-06-01 14:54:47,995] INFO: Epoch 53 training completed
[2025-06-01 14:54:49,336] INFO: Test Loss: 0.9245 | Test Acc: 70.58%
[2025-06-01 14:54:49,768] INFO: Epoch 54 | Step 1/196 | Loss: 0.4755 | Acc: 83.20%
[2025-06-01 14:55:07,161] INFO: Epoch 54 | Step 101/196 | Loss: 0.5407 | Acc: 81.13%
[2025-06-01 14:55:23,601] INFO: Epoch 54 training completed
[2025-06-01 14:55:24,928] INFO: Test Loss: 0.7865 | Test Acc: 73.50%
[2025-06-01 14:55:25,348] INFO: Epoch 55 | Step 1/196 | Loss: 0.5090 | Acc: 81.25%
[2025-06-01 14:55:42,728] INFO: Epoch 55 | Step 101/196 | Loss: 0.5458 | Acc: 81.04%
[2025-06-01 14:55:59,164] INFO: Epoch 55 training completed
[2025-06-01 14:56:00,479] INFO: Test Loss: 1.3255 | Test Acc: 58.78%
[2025-06-01 14:56:00,902] INFO: Epoch 56 | Step 1/196 | Loss: 0.6274 | Acc: 78.91%
[2025-06-01 14:56:18,323] INFO: Epoch 56 | Step 101/196 | Loss: 0.5588 | Acc: 80.44%
[2025-06-01 14:56:34,762] INFO: Epoch 56 training completed
[2025-06-01 14:56:36,093] INFO: Test Loss: 1.0375 | Test Acc: 66.45%
[2025-06-01 14:56:36,515] INFO: Epoch 57 | Step 1/196 | Loss: 0.5115 | Acc: 83.20%
[2025-06-01 14:56:53,895] INFO: Epoch 57 | Step 101/196 | Loss: 0.5474 | Acc: 80.86%
[2025-06-01 14:57:10,330] INFO: Epoch 57 training completed
[2025-06-01 14:57:11,677] INFO: Test Loss: 0.8799 | Test Acc: 71.37%
[2025-06-01 14:57:12,104] INFO: Epoch 58 | Step 1/196 | Loss: 0.5251 | Acc: 81.64%
[2025-06-01 14:57:29,483] INFO: Epoch 58 | Step 101/196 | Loss: 0.5344 | Acc: 81.34%
[2025-06-01 14:57:45,925] INFO: Epoch 58 training completed
[2025-06-01 14:57:47,287] INFO: Test Loss: 1.0399 | Test Acc: 67.14%
[2025-06-01 14:57:47,715] INFO: Epoch 59 | Step 1/196 | Loss: 0.4721 | Acc: 86.33%
[2025-06-01 14:58:05,096] INFO: Epoch 59 | Step 101/196 | Loss: 0.5488 | Acc: 80.80%
[2025-06-01 14:58:21,537] INFO: Epoch 59 training completed
[2025-06-01 14:58:22,873] INFO: Test Loss: 1.4182 | Test Acc: 57.78%
[2025-06-01 14:58:23,384] INFO: Epoch 60 | Step 1/196 | Loss: 0.6522 | Acc: 76.95%
[2025-06-01 14:58:40,765] INFO: Epoch 60 | Step 101/196 | Loss: 0.5481 | Acc: 81.10%
[2025-06-01 14:58:57,201] INFO: Epoch 60 training completed
[2025-06-01 14:58:58,488] INFO: Test Loss: 0.9185 | Test Acc: 70.27%
[2025-06-01 14:58:58,906] INFO: Epoch 61 | Step 1/196 | Loss: 0.5915 | Acc: 79.30%
[2025-06-01 14:59:16,288] INFO: Epoch 61 | Step 101/196 | Loss: 0.5365 | Acc: 81.48%
[2025-06-01 14:59:32,722] INFO: Epoch 61 training completed
[2025-06-01 14:59:34,047] INFO: Test Loss: 0.9629 | Test Acc: 66.59%
[2025-06-01 14:59:34,473] INFO: Epoch 62 | Step 1/196 | Loss: 0.6177 | Acc: 76.56%
[2025-06-01 14:59:51,850] INFO: Epoch 62 | Step 101/196 | Loss: 0.5482 | Acc: 80.77%
[2025-06-01 15:00:08,287] INFO: Epoch 62 training completed
[2025-06-01 15:00:09,614] INFO: Test Loss: 1.0258 | Test Acc: 67.04%
[2025-06-01 15:00:10,039] INFO: Epoch 63 | Step 1/196 | Loss: 0.5035 | Acc: 82.03%
[2025-06-01 15:00:27,421] INFO: Epoch 63 | Step 101/196 | Loss: 0.5411 | Acc: 81.03%
[2025-06-01 15:00:43,868] INFO: Epoch 63 training completed
[2025-06-01 15:00:45,193] INFO: Test Loss: 1.1714 | Test Acc: 60.85%
[2025-06-01 15:00:45,614] INFO: Epoch 64 | Step 1/196 | Loss: 0.6591 | Acc: 76.95%
[2025-06-01 15:01:03,028] INFO: Epoch 64 | Step 101/196 | Loss: 0.5460 | Acc: 80.98%
[2025-06-01 15:01:19,459] INFO: Epoch 64 training completed
[2025-06-01 15:01:20,780] INFO: Test Loss: 1.0474 | Test Acc: 65.06%
[2025-06-01 15:01:21,201] INFO: Epoch 65 | Step 1/196 | Loss: 0.5380 | Acc: 82.81%
[2025-06-01 15:01:38,585] INFO: Epoch 65 | Step 101/196 | Loss: 0.5350 | Acc: 81.35%
[2025-06-01 15:01:55,036] INFO: Epoch 65 training completed
[2025-06-01 15:01:56,357] INFO: Test Loss: 0.8402 | Test Acc: 72.44%
[2025-06-01 15:01:56,782] INFO: Epoch 66 | Step 1/196 | Loss: 0.5206 | Acc: 81.64%
[2025-06-01 15:02:14,157] INFO: Epoch 66 | Step 101/196 | Loss: 0.5326 | Acc: 81.27%
[2025-06-01 15:02:30,584] INFO: Epoch 66 training completed
[2025-06-01 15:02:31,876] INFO: Test Loss: 0.9283 | Test Acc: 67.86%
[2025-06-01 15:02:32,300] INFO: Epoch 67 | Step 1/196 | Loss: 0.5616 | Acc: 79.69%
[2025-06-01 15:02:49,685] INFO: Epoch 67 | Step 101/196 | Loss: 0.5359 | Acc: 81.28%
[2025-06-01 15:03:06,120] INFO: Epoch 67 training completed
[2025-06-01 15:03:07,431] INFO: Test Loss: 0.8635 | Test Acc: 72.08%
[2025-06-01 15:03:07,867] INFO: Epoch 68 | Step 1/196 | Loss: 0.5865 | Acc: 77.34%
[2025-06-01 15:03:25,280] INFO: Epoch 68 | Step 101/196 | Loss: 0.5292 | Acc: 81.26%
[2025-06-01 15:03:41,716] INFO: Epoch 68 training completed
[2025-06-01 15:03:43,017] INFO: Test Loss: 0.9087 | Test Acc: 70.11%
[2025-06-01 15:03:43,441] INFO: Epoch 69 | Step 1/196 | Loss: 0.5187 | Acc: 83.98%
[2025-06-01 15:04:00,813] INFO: Epoch 69 | Step 101/196 | Loss: 0.5258 | Acc: 81.76%
[2025-06-01 15:04:17,250] INFO: Epoch 69 training completed
[2025-06-01 15:04:18,556] INFO: Test Loss: 0.8778 | Test Acc: 70.37%
[2025-06-01 15:04:18,986] INFO: Epoch 70 | Step 1/196 | Loss: 0.4935 | Acc: 83.98%
[2025-06-01 15:04:36,364] INFO: Epoch 70 | Step 101/196 | Loss: 0.5222 | Acc: 81.88%
[2025-06-01 15:04:52,796] INFO: Epoch 70 training completed
[2025-06-01 15:04:54,118] INFO: Test Loss: 0.8043 | Test Acc: 73.76%
[2025-06-01 15:04:54,530] INFO: Epoch 71 | Step 1/196 | Loss: 0.4173 | Acc: 84.38%
[2025-06-01 15:05:11,904] INFO: Epoch 71 | Step 101/196 | Loss: 0.5253 | Acc: 81.95%
[2025-06-01 15:05:28,334] INFO: Epoch 71 training completed
[2025-06-01 15:05:29,675] INFO: Test Loss: 0.9224 | Test Acc: 68.35%
[2025-06-01 15:05:30,179] INFO: Epoch 72 | Step 1/196 | Loss: 0.5407 | Acc: 81.25%
[2025-06-01 15:05:47,558] INFO: Epoch 72 | Step 101/196 | Loss: 0.5336 | Acc: 81.55%
[2025-06-01 15:06:03,990] INFO: Epoch 72 training completed
[2025-06-01 15:06:05,335] INFO: Test Loss: 0.8797 | Test Acc: 70.56%
[2025-06-01 15:06:05,760] INFO: Epoch 73 | Step 1/196 | Loss: 0.4726 | Acc: 83.98%
[2025-06-01 15:06:23,146] INFO: Epoch 73 | Step 101/196 | Loss: 0.5256 | Acc: 81.50%
[2025-06-01 15:06:39,583] INFO: Epoch 73 training completed
[2025-06-01 15:06:40,912] INFO: Test Loss: 0.9059 | Test Acc: 69.90%
[2025-06-01 15:06:41,332] INFO: Epoch 74 | Step 1/196 | Loss: 0.5751 | Acc: 79.30%
[2025-06-01 15:06:58,713] INFO: Epoch 74 | Step 101/196 | Loss: 0.5193 | Acc: 81.69%
[2025-06-01 15:07:15,151] INFO: Epoch 74 training completed
[2025-06-01 15:07:16,496] INFO: Test Loss: 0.8077 | Test Acc: 73.66%
[2025-06-01 15:07:16,916] INFO: Epoch 75 | Step 1/196 | Loss: 0.5193 | Acc: 82.03%
[2025-06-01 15:07:34,290] INFO: Epoch 75 | Step 101/196 | Loss: 0.5200 | Acc: 81.87%
[2025-06-01 15:07:50,725] INFO: Epoch 75 training completed
[2025-06-01 15:07:51,992] INFO: Test Loss: 1.8425 | Test Acc: 49.79%
[2025-06-01 15:07:52,412] INFO: Epoch 76 | Step 1/196 | Loss: 0.5265 | Acc: 83.59%
[2025-06-01 15:08:09,825] INFO: Epoch 76 | Step 101/196 | Loss: 0.5108 | Acc: 82.33%
[2025-06-01 15:08:26,260] INFO: Epoch 76 training completed
[2025-06-01 15:08:27,569] INFO: Test Loss: 0.8656 | Test Acc: 69.96%
[2025-06-01 15:08:28,002] INFO: Epoch 77 | Step 1/196 | Loss: 0.4789 | Acc: 84.38%
[2025-06-01 15:08:45,379] INFO: Epoch 77 | Step 101/196 | Loss: 0.5068 | Acc: 82.31%
[2025-06-01 15:09:01,816] INFO: Epoch 77 training completed
[2025-06-01 15:09:03,133] INFO: Test Loss: 1.0002 | Test Acc: 67.14%
[2025-06-01 15:09:03,549] INFO: Epoch 78 | Step 1/196 | Loss: 0.4940 | Acc: 84.77%
[2025-06-01 15:09:20,925] INFO: Epoch 78 | Step 101/196 | Loss: 0.5135 | Acc: 82.02%
[2025-06-01 15:09:37,361] INFO: Epoch 78 training completed
[2025-06-01 15:09:38,645] INFO: Test Loss: 0.8121 | Test Acc: 72.94%
[2025-06-01 15:09:39,079] INFO: Epoch 79 | Step 1/196 | Loss: 0.5679 | Acc: 81.25%
[2025-06-01 15:09:56,481] INFO: Epoch 79 | Step 101/196 | Loss: 0.5079 | Acc: 82.18%
[2025-06-01 15:10:12,919] INFO: Epoch 79 training completed
[2025-06-01 15:10:14,282] INFO: Test Loss: 0.8038 | Test Acc: 73.35%
[2025-06-01 15:10:14,791] INFO: Epoch 80 | Step 1/196 | Loss: 0.5317 | Acc: 82.03%
[2025-06-01 15:10:32,168] INFO: Epoch 80 | Step 101/196 | Loss: 0.5063 | Acc: 82.30%
[2025-06-01 15:10:48,606] INFO: Epoch 80 training completed
[2025-06-01 15:10:49,928] INFO: Test Loss: 0.7987 | Test Acc: 73.59%
[2025-06-01 15:10:50,349] INFO: Epoch 81 | Step 1/196 | Loss: 0.5852 | Acc: 80.47%
[2025-06-01 15:11:07,726] INFO: Epoch 81 | Step 101/196 | Loss: 0.5025 | Acc: 82.37%
[2025-06-01 15:11:24,155] INFO: Epoch 81 training completed
[2025-06-01 15:11:25,499] INFO: Test Loss: 1.2021 | Test Acc: 61.88%
[2025-06-01 15:11:25,917] INFO: Epoch 82 | Step 1/196 | Loss: 0.5266 | Acc: 82.03%
[2025-06-01 15:11:43,290] INFO: Epoch 82 | Step 101/196 | Loss: 0.5060 | Acc: 82.38%
[2025-06-01 15:11:59,724] INFO: Epoch 82 training completed
[2025-06-01 15:12:01,045] INFO: Test Loss: 0.7241 | Test Acc: 75.74%
[2025-06-01 15:12:01,155] INFO: New best accuracy: 75.74%, model saved.
[2025-06-01 15:12:01,568] INFO: Epoch 83 | Step 1/196 | Loss: 0.5066 | Acc: 80.86%
[2025-06-01 15:12:18,944] INFO: Epoch 83 | Step 101/196 | Loss: 0.5104 | Acc: 82.46%
[2025-06-01 15:12:35,375] INFO: Epoch 83 training completed
[2025-06-01 15:12:36,685] INFO: Test Loss: 1.0509 | Test Acc: 64.78%
[2025-06-01 15:12:37,207] INFO: Epoch 84 | Step 1/196 | Loss: 0.5240 | Acc: 81.25%
[2025-06-01 15:12:54,582] INFO: Epoch 84 | Step 101/196 | Loss: 0.5051 | Acc: 82.26%
[2025-06-01 15:13:11,016] INFO: Epoch 84 training completed
[2025-06-01 15:13:12,314] INFO: Test Loss: 0.8336 | Test Acc: 72.21%
[2025-06-01 15:13:12,735] INFO: Epoch 85 | Step 1/196 | Loss: 0.5994 | Acc: 78.91%
[2025-06-01 15:13:30,118] INFO: Epoch 85 | Step 101/196 | Loss: 0.5038 | Acc: 82.52%
[2025-06-01 15:13:46,586] INFO: Epoch 85 training completed
[2025-06-01 15:13:47,920] INFO: Test Loss: 0.8167 | Test Acc: 72.76%
[2025-06-01 15:13:48,341] INFO: Epoch 86 | Step 1/196 | Loss: 0.4652 | Acc: 83.20%
[2025-06-01 15:14:05,735] INFO: Epoch 86 | Step 101/196 | Loss: 0.5126 | Acc: 82.12%
[2025-06-01 15:14:22,201] INFO: Epoch 86 training completed
[2025-06-01 15:14:23,508] INFO: Test Loss: 0.9515 | Test Acc: 69.49%
[2025-06-01 15:14:23,931] INFO: Epoch 87 | Step 1/196 | Loss: 0.5290 | Acc: 81.64%
[2025-06-01 15:14:41,336] INFO: Epoch 87 | Step 101/196 | Loss: 0.5005 | Acc: 82.76%
[2025-06-01 15:14:57,802] INFO: Epoch 87 training completed
[2025-06-01 15:14:59,140] INFO: Test Loss: 1.1094 | Test Acc: 63.63%
[2025-06-01 15:14:59,551] INFO: Epoch 88 | Step 1/196 | Loss: 0.5453 | Acc: 79.30%
[2025-06-01 15:15:16,998] INFO: Epoch 88 | Step 101/196 | Loss: 0.4991 | Acc: 82.65%
[2025-06-01 15:15:33,463] INFO: Epoch 88 training completed
[2025-06-01 15:15:34,748] INFO: Test Loss: 0.8394 | Test Acc: 72.31%
[2025-06-01 15:15:35,170] INFO: Epoch 89 | Step 1/196 | Loss: 0.5917 | Acc: 80.08%
[2025-06-01 15:15:52,573] INFO: Epoch 89 | Step 101/196 | Loss: 0.4940 | Acc: 82.74%
[2025-06-01 15:16:09,038] INFO: Epoch 89 training completed
[2025-06-01 15:16:10,342] INFO: Test Loss: 1.2320 | Test Acc: 61.43%
[2025-06-01 15:16:10,753] INFO: Epoch 90 | Step 1/196 | Loss: 0.5738 | Acc: 79.30%
[2025-06-01 15:16:28,160] INFO: Epoch 90 | Step 101/196 | Loss: 0.4890 | Acc: 82.77%
[2025-06-01 15:16:44,631] INFO: Epoch 90 training completed
[2025-06-01 15:16:45,908] INFO: Test Loss: 0.8380 | Test Acc: 72.53%
[2025-06-01 15:16:46,329] INFO: Epoch 91 | Step 1/196 | Loss: 0.4839 | Acc: 83.98%
[2025-06-01 15:17:03,734] INFO: Epoch 91 | Step 101/196 | Loss: 0.4952 | Acc: 82.85%
[2025-06-01 15:17:20,200] INFO: Epoch 91 training completed
[2025-06-01 15:17:21,526] INFO: Test Loss: 0.8076 | Test Acc: 73.08%
[2025-06-01 15:17:21,951] INFO: Epoch 92 | Step 1/196 | Loss: 0.4724 | Acc: 83.98%
[2025-06-01 15:17:39,402] INFO: Epoch 92 | Step 101/196 | Loss: 0.4834 | Acc: 83.04%
[2025-06-01 15:17:55,872] INFO: Epoch 92 training completed
[2025-06-01 15:17:57,178] INFO: Test Loss: 0.7702 | Test Acc: 73.99%
[2025-06-01 15:17:57,606] INFO: Epoch 93 | Step 1/196 | Loss: 0.4488 | Acc: 83.20%
[2025-06-01 15:18:15,014] INFO: Epoch 93 | Step 101/196 | Loss: 0.4889 | Acc: 83.24%
[2025-06-01 15:18:31,483] INFO: Epoch 93 training completed
[2025-06-01 15:18:32,811] INFO: Test Loss: 0.7771 | Test Acc: 74.46%
[2025-06-01 15:18:33,244] INFO: Epoch 94 | Step 1/196 | Loss: 0.4586 | Acc: 85.55%
[2025-06-01 15:18:50,651] INFO: Epoch 94 | Step 101/196 | Loss: 0.4901 | Acc: 83.12%
[2025-06-01 15:19:07,116] INFO: Epoch 94 training completed
[2025-06-01 15:19:08,495] INFO: Test Loss: 0.9747 | Test Acc: 68.61%
[2025-06-01 15:19:08,947] INFO: Epoch 95 | Step 1/196 | Loss: 0.4468 | Acc: 84.38%
[2025-06-01 15:19:26,394] INFO: Epoch 95 | Step 101/196 | Loss: 0.4878 | Acc: 83.03%
[2025-06-01 15:19:42,877] INFO: Epoch 95 training completed
[2025-06-01 15:19:44,195] INFO: Test Loss: 0.8944 | Test Acc: 70.36%
[2025-06-01 15:19:44,703] INFO: Epoch 96 | Step 1/196 | Loss: 0.5910 | Acc: 79.69%
[2025-06-01 15:20:02,122] INFO: Epoch 96 | Step 101/196 | Loss: 0.4829 | Acc: 82.97%
[2025-06-01 15:20:18,595] INFO: Epoch 96 training completed
[2025-06-01 15:20:19,931] INFO: Test Loss: 0.7306 | Test Acc: 76.51%
[2025-06-01 15:20:20,038] INFO: New best accuracy: 76.51%, model saved.
[2025-06-01 15:20:20,455] INFO: Epoch 97 | Step 1/196 | Loss: 0.5571 | Acc: 80.47%
[2025-06-01 15:20:37,846] INFO: Epoch 97 | Step 101/196 | Loss: 0.4853 | Acc: 83.02%
[2025-06-01 15:20:54,291] INFO: Epoch 97 training completed
[2025-06-01 15:20:55,616] INFO: Test Loss: 0.8499 | Test Acc: 71.05%
[2025-06-01 15:20:56,037] INFO: Epoch 98 | Step 1/196 | Loss: 0.6458 | Acc: 76.17%
[2025-06-01 15:21:13,423] INFO: Epoch 98 | Step 101/196 | Loss: 0.4875 | Acc: 83.32%
[2025-06-01 15:21:29,885] INFO: Epoch 98 training completed
[2025-06-01 15:21:31,185] INFO: Test Loss: 0.8276 | Test Acc: 72.77%
[2025-06-01 15:21:31,614] INFO: Epoch 99 | Step 1/196 | Loss: 0.3480 | Acc: 89.06%
[2025-06-01 15:21:49,014] INFO: Epoch 99 | Step 101/196 | Loss: 0.4752 | Acc: 83.38%
[2025-06-01 15:22:05,465] INFO: Epoch 99 training completed
[2025-06-01 15:22:06,810] INFO: Test Loss: 1.5766 | Test Acc: 51.91%
[2025-06-01 15:22:07,333] INFO: Epoch 100 | Step 1/196 | Loss: 0.4920 | Acc: 80.86%
[2025-06-01 15:22:24,723] INFO: Epoch 100 | Step 101/196 | Loss: 0.4723 | Acc: 83.41%
[2025-06-01 15:22:41,167] INFO: Epoch 100 training completed
[2025-06-01 15:22:42,458] INFO: Test Loss: 0.6686 | Test Acc: 77.66%
[2025-06-01 15:22:42,570] INFO: New best accuracy: 77.66%, model saved.
[2025-06-01 15:22:42,994] INFO: Epoch 101 | Step 1/196 | Loss: 0.4450 | Acc: 83.59%
[2025-06-01 15:23:00,464] INFO: Epoch 101 | Step 101/196 | Loss: 0.4712 | Acc: 83.52%
[2025-06-01 15:23:16,928] INFO: Epoch 101 training completed
[2025-06-01 15:23:18,267] INFO: Test Loss: 0.7786 | Test Acc: 74.20%
[2025-06-01 15:23:18,679] INFO: Epoch 102 | Step 1/196 | Loss: 0.5596 | Acc: 78.12%
[2025-06-01 15:23:36,075] INFO: Epoch 102 | Step 101/196 | Loss: 0.4732 | Acc: 83.50%
[2025-06-01 15:23:52,523] INFO: Epoch 102 training completed
[2025-06-01 15:23:53,844] INFO: Test Loss: 1.2507 | Test Acc: 59.97%
[2025-06-01 15:23:54,267] INFO: Epoch 103 | Step 1/196 | Loss: 0.5511 | Acc: 80.86%
[2025-06-01 15:24:11,654] INFO: Epoch 103 | Step 101/196 | Loss: 0.4676 | Acc: 83.76%
[2025-06-01 15:24:28,099] INFO: Epoch 103 training completed
[2025-06-01 15:24:29,424] INFO: Test Loss: 0.8334 | Test Acc: 72.76%
[2025-06-01 15:24:29,948] INFO: Epoch 104 | Step 1/196 | Loss: 0.4715 | Acc: 84.38%
[2025-06-01 15:24:47,357] INFO: Epoch 104 | Step 101/196 | Loss: 0.4644 | Acc: 83.89%
[2025-06-01 15:25:03,823] INFO: Epoch 104 training completed
[2025-06-01 15:25:05,147] INFO: Test Loss: 0.9150 | Test Acc: 71.50%
[2025-06-01 15:25:05,570] INFO: Epoch 105 | Step 1/196 | Loss: 0.4633 | Acc: 84.38%
[2025-06-01 15:25:22,963] INFO: Epoch 105 | Step 101/196 | Loss: 0.4566 | Acc: 84.20%
[2025-06-01 15:25:39,458] INFO: Epoch 105 training completed
[2025-06-01 15:25:40,795] INFO: Test Loss: 0.9762 | Test Acc: 68.65%
[2025-06-01 15:25:41,216] INFO: Epoch 106 | Step 1/196 | Loss: 0.5122 | Acc: 80.08%
[2025-06-01 15:25:58,647] INFO: Epoch 106 | Step 101/196 | Loss: 0.4817 | Acc: 83.26%
[2025-06-01 15:26:15,124] INFO: Epoch 106 training completed
[2025-06-01 15:26:16,402] INFO: Test Loss: 0.8377 | Test Acc: 73.10%
[2025-06-01 15:26:16,836] INFO: Epoch 107 | Step 1/196 | Loss: 0.5023 | Acc: 82.81%
[2025-06-01 15:26:34,251] INFO: Epoch 107 | Step 101/196 | Loss: 0.4602 | Acc: 84.00%
[2025-06-01 15:26:50,710] INFO: Epoch 107 training completed
[2025-06-01 15:26:52,035] INFO: Test Loss: 0.7292 | Test Acc: 75.63%
[2025-06-01 15:26:52,556] INFO: Epoch 108 | Step 1/196 | Loss: 0.3985 | Acc: 86.33%
[2025-06-01 15:27:09,946] INFO: Epoch 108 | Step 101/196 | Loss: 0.4540 | Acc: 84.48%
[2025-06-01 15:27:26,400] INFO: Epoch 108 training completed
[2025-06-01 15:27:27,649] INFO: Test Loss: 0.7176 | Test Acc: 76.04%
[2025-06-01 15:27:28,062] INFO: Epoch 109 | Step 1/196 | Loss: 0.5011 | Acc: 83.20%
[2025-06-01 15:27:45,462] INFO: Epoch 109 | Step 101/196 | Loss: 0.4640 | Acc: 83.69%
[2025-06-01 15:28:01,964] INFO: Epoch 109 training completed
[2025-06-01 15:28:03,296] INFO: Test Loss: 0.8479 | Test Acc: 71.16%
[2025-06-01 15:28:03,727] INFO: Epoch 110 | Step 1/196 | Loss: 0.4156 | Acc: 83.98%
[2025-06-01 15:28:21,125] INFO: Epoch 110 | Step 101/196 | Loss: 0.4520 | Acc: 84.23%
[2025-06-01 15:28:37,576] INFO: Epoch 110 training completed
[2025-06-01 15:28:38,918] INFO: Test Loss: 1.2897 | Test Acc: 61.92%
[2025-06-01 15:28:39,352] INFO: Epoch 111 | Step 1/196 | Loss: 0.3749 | Acc: 86.72%
[2025-06-01 15:28:56,746] INFO: Epoch 111 | Step 101/196 | Loss: 0.4505 | Acc: 84.37%
[2025-06-01 15:29:13,196] INFO: Epoch 111 training completed
[2025-06-01 15:29:14,586] INFO: Test Loss: 0.8180 | Test Acc: 73.04%
[2025-06-01 15:29:15,105] INFO: Epoch 112 | Step 1/196 | Loss: 0.4611 | Acc: 82.81%
[2025-06-01 15:29:32,502] INFO: Epoch 112 | Step 101/196 | Loss: 0.4606 | Acc: 83.96%
[2025-06-01 15:29:48,975] INFO: Epoch 112 training completed
[2025-06-01 15:29:50,331] INFO: Test Loss: 0.9897 | Test Acc: 67.73%
[2025-06-01 15:29:50,771] INFO: Epoch 113 | Step 1/196 | Loss: 0.4301 | Acc: 86.33%
[2025-06-01 15:30:08,199] INFO: Epoch 113 | Step 101/196 | Loss: 0.4517 | Acc: 84.40%
[2025-06-01 15:30:24,657] INFO: Epoch 113 training completed
[2025-06-01 15:30:26,006] INFO: Test Loss: 0.6867 | Test Acc: 77.69%
[2025-06-01 15:30:26,119] INFO: New best accuracy: 77.69%, model saved.
[2025-06-01 15:30:26,545] INFO: Epoch 114 | Step 1/196 | Loss: 0.4212 | Acc: 85.55%
[2025-06-01 15:30:43,960] INFO: Epoch 114 | Step 101/196 | Loss: 0.4453 | Acc: 84.69%
[2025-06-01 15:31:00,467] INFO: Epoch 114 training completed
[2025-06-01 15:31:01,829] INFO: Test Loss: 0.7212 | Test Acc: 76.72%
[2025-06-01 15:31:02,275] INFO: Epoch 115 | Step 1/196 | Loss: 0.4658 | Acc: 82.42%
[2025-06-01 15:31:19,688] INFO: Epoch 115 | Step 101/196 | Loss: 0.4462 | Acc: 84.73%
[2025-06-01 15:31:36,194] INFO: Epoch 115 training completed
[2025-06-01 15:31:37,499] INFO: Test Loss: 0.8009 | Test Acc: 73.08%
[2025-06-01 15:31:37,926] INFO: Epoch 116 | Step 1/196 | Loss: 0.4191 | Acc: 83.98%
[2025-06-01 15:31:55,332] INFO: Epoch 116 | Step 101/196 | Loss: 0.4352 | Acc: 84.72%
[2025-06-01 15:32:11,784] INFO: Epoch 116 training completed
[2025-06-01 15:32:13,100] INFO: Test Loss: 0.6708 | Test Acc: 77.64%
[2025-06-01 15:32:13,531] INFO: Epoch 117 | Step 1/196 | Loss: 0.3920 | Acc: 88.28%
[2025-06-01 15:32:30,929] INFO: Epoch 117 | Step 101/196 | Loss: 0.4311 | Acc: 85.22%
[2025-06-01 15:32:47,387] INFO: Epoch 117 training completed
[2025-06-01 15:32:48,714] INFO: Test Loss: 0.6226 | Test Acc: 79.21%
[2025-06-01 15:32:48,825] INFO: New best accuracy: 79.21%, model saved.
[2025-06-01 15:32:49,248] INFO: Epoch 118 | Step 1/196 | Loss: 0.5404 | Acc: 82.03%
[2025-06-01 15:33:06,639] INFO: Epoch 118 | Step 101/196 | Loss: 0.4428 | Acc: 84.53%
[2025-06-01 15:33:23,087] INFO: Epoch 118 training completed
[2025-06-01 15:33:24,420] INFO: Test Loss: 0.7527 | Test Acc: 75.08%
[2025-06-01 15:33:24,839] INFO: Epoch 119 | Step 1/196 | Loss: 0.4925 | Acc: 82.42%
[2025-06-01 15:33:42,269] INFO: Epoch 119 | Step 101/196 | Loss: 0.4290 | Acc: 85.11%
[2025-06-01 15:33:58,727] INFO: Epoch 119 training completed
[2025-06-01 15:34:00,037] INFO: Test Loss: 0.9042 | Test Acc: 70.34%
[2025-06-01 15:34:00,457] INFO: Epoch 120 | Step 1/196 | Loss: 0.4651 | Acc: 83.59%
[2025-06-01 15:34:17,854] INFO: Epoch 120 | Step 101/196 | Loss: 0.4305 | Acc: 85.08%
[2025-06-01 15:34:34,306] INFO: Epoch 120 training completed
[2025-06-01 15:34:35,614] INFO: Test Loss: 0.8472 | Test Acc: 73.48%
[2025-06-01 15:34:36,050] INFO: Epoch 121 | Step 1/196 | Loss: 0.3540 | Acc: 87.50%
[2025-06-01 15:34:53,452] INFO: Epoch 121 | Step 101/196 | Loss: 0.4274 | Acc: 85.03%
[2025-06-01 15:35:09,904] INFO: Epoch 121 training completed
[2025-06-01 15:35:11,284] INFO: Test Loss: 0.6274 | Test Acc: 78.79%
[2025-06-01 15:35:11,711] INFO: Epoch 122 | Step 1/196 | Loss: 0.4212 | Acc: 85.55%
[2025-06-01 15:35:29,104] INFO: Epoch 122 | Step 101/196 | Loss: 0.4293 | Acc: 85.10%
[2025-06-01 15:35:45,551] INFO: Epoch 122 training completed
[2025-06-01 15:35:46,871] INFO: Test Loss: 0.9312 | Test Acc: 71.09%
[2025-06-01 15:35:47,336] INFO: Epoch 123 | Step 1/196 | Loss: 0.5037 | Acc: 80.08%
[2025-06-01 15:36:04,730] INFO: Epoch 123 | Step 101/196 | Loss: 0.4164 | Acc: 85.56%
[2025-06-01 15:36:21,182] INFO: Epoch 123 training completed
[2025-06-01 15:36:22,516] INFO: Test Loss: 0.6729 | Test Acc: 78.44%
[2025-06-01 15:36:22,945] INFO: Epoch 124 | Step 1/196 | Loss: 0.3841 | Acc: 85.55%
[2025-06-01 15:36:40,340] INFO: Epoch 124 | Step 101/196 | Loss: 0.4163 | Acc: 85.63%
[2025-06-01 15:36:56,792] INFO: Epoch 124 training completed
[2025-06-01 15:36:58,096] INFO: Test Loss: 0.7677 | Test Acc: 73.22%
[2025-06-01 15:36:58,513] INFO: Epoch 125 | Step 1/196 | Loss: 0.4543 | Acc: 82.81%
[2025-06-01 15:37:15,916] INFO: Epoch 125 | Step 101/196 | Loss: 0.4216 | Acc: 85.49%
[2025-06-01 15:37:32,371] INFO: Epoch 125 training completed
[2025-06-01 15:37:33,682] INFO: Test Loss: 0.7700 | Test Acc: 74.27%
[2025-06-01 15:37:34,110] INFO: Epoch 126 | Step 1/196 | Loss: 0.4449 | Acc: 83.59%
[2025-06-01 15:37:51,503] INFO: Epoch 126 | Step 101/196 | Loss: 0.4166 | Acc: 85.55%
[2025-06-01 15:38:07,990] INFO: Epoch 126 training completed
[2025-06-01 15:38:09,380] INFO: Test Loss: 0.6295 | Test Acc: 79.67%
[2025-06-01 15:38:09,489] INFO: New best accuracy: 79.67%, model saved.
[2025-06-01 15:38:09,971] INFO: Epoch 127 | Step 1/196 | Loss: 0.5111 | Acc: 83.59%
[2025-06-01 15:38:27,370] INFO: Epoch 127 | Step 101/196 | Loss: 0.4117 | Acc: 85.82%
[2025-06-01 15:38:43,823] INFO: Epoch 127 training completed
[2025-06-01 15:38:45,134] INFO: Test Loss: 0.6773 | Test Acc: 77.84%
[2025-06-01 15:38:45,546] INFO: Epoch 128 | Step 1/196 | Loss: 0.4549 | Acc: 83.59%
[2025-06-01 15:39:02,984] INFO: Epoch 128 | Step 101/196 | Loss: 0.4048 | Acc: 86.10%
[2025-06-01 15:39:19,442] INFO: Epoch 128 training completed
[2025-06-01 15:39:20,768] INFO: Test Loss: 0.5704 | Test Acc: 81.53%
[2025-06-01 15:39:20,876] INFO: New best accuracy: 81.53%, model saved.
[2025-06-01 15:39:21,295] INFO: Epoch 129 | Step 1/196 | Loss: 0.3216 | Acc: 88.67%
[2025-06-01 15:39:38,688] INFO: Epoch 129 | Step 101/196 | Loss: 0.3976 | Acc: 86.13%
[2025-06-01 15:39:55,136] INFO: Epoch 129 training completed
[2025-06-01 15:39:56,481] INFO: Test Loss: 0.6052 | Test Acc: 80.55%
[2025-06-01 15:39:56,945] INFO: Epoch 130 | Step 1/196 | Loss: 0.3022 | Acc: 89.84%
[2025-06-01 15:40:14,381] INFO: Epoch 130 | Step 101/196 | Loss: 0.4044 | Acc: 86.07%
[2025-06-01 15:40:30,838] INFO: Epoch 130 training completed
[2025-06-01 15:40:32,172] INFO: Test Loss: 0.8619 | Test Acc: 72.20%
[2025-06-01 15:40:32,692] INFO: Epoch 131 | Step 1/196 | Loss: 0.4779 | Acc: 83.59%
[2025-06-01 15:40:50,088] INFO: Epoch 131 | Step 101/196 | Loss: 0.3971 | Acc: 86.51%
[2025-06-01 15:41:06,598] INFO: Epoch 131 training completed
[2025-06-01 15:41:07,925] INFO: Test Loss: 0.9140 | Test Acc: 70.77%
[2025-06-01 15:41:08,342] INFO: Epoch 132 | Step 1/196 | Loss: 0.4229 | Acc: 86.33%
[2025-06-01 15:41:25,741] INFO: Epoch 132 | Step 101/196 | Loss: 0.3998 | Acc: 86.41%
[2025-06-01 15:41:42,197] INFO: Epoch 132 training completed
[2025-06-01 15:41:43,521] INFO: Test Loss: 0.5611 | Test Acc: 81.54%
[2025-06-01 15:41:43,631] INFO: New best accuracy: 81.54%, model saved.
[2025-06-01 15:41:44,039] INFO: Epoch 133 | Step 1/196 | Loss: 0.4134 | Acc: 87.50%
[2025-06-01 15:42:01,437] INFO: Epoch 133 | Step 101/196 | Loss: 0.4053 | Acc: 86.00%
[2025-06-01 15:42:17,886] INFO: Epoch 133 training completed
[2025-06-01 15:42:19,212] INFO: Test Loss: 0.6142 | Test Acc: 80.10%
[2025-06-01 15:42:19,646] INFO: Epoch 134 | Step 1/196 | Loss: 0.3264 | Acc: 89.84%
[2025-06-01 15:42:37,039] INFO: Epoch 134 | Step 101/196 | Loss: 0.3897 | Acc: 86.54%
[2025-06-01 15:42:53,530] INFO: Epoch 134 training completed
[2025-06-01 15:42:54,882] INFO: Test Loss: 0.6142 | Test Acc: 80.08%
[2025-06-01 15:42:55,307] INFO: Epoch 135 | Step 1/196 | Loss: 0.4476 | Acc: 82.42%
[2025-06-01 15:43:12,731] INFO: Epoch 135 | Step 101/196 | Loss: 0.3878 | Acc: 86.81%
[2025-06-01 15:43:29,195] INFO: Epoch 135 training completed
[2025-06-01 15:43:30,496] INFO: Test Loss: 0.6816 | Test Acc: 78.17%
[2025-06-01 15:43:30,923] INFO: Epoch 136 | Step 1/196 | Loss: 0.3801 | Acc: 85.94%
[2025-06-01 15:43:48,316] INFO: Epoch 136 | Step 101/196 | Loss: 0.3847 | Acc: 86.69%
[2025-06-01 15:44:04,850] INFO: Epoch 136 training completed
[2025-06-01 15:44:06,294] INFO: Test Loss: 0.6252 | Test Acc: 79.85%
[2025-06-01 15:44:06,770] INFO: Epoch 137 | Step 1/196 | Loss: 0.3618 | Acc: 89.84%
[2025-06-01 15:44:24,218] INFO: Epoch 137 | Step 101/196 | Loss: 0.3908 | Acc: 86.71%
[2025-06-01 15:44:40,740] INFO: Epoch 137 training completed
[2025-06-01 15:44:42,151] INFO: Test Loss: 0.7495 | Test Acc: 76.26%
[2025-06-01 15:44:42,585] INFO: Epoch 138 | Step 1/196 | Loss: 0.3431 | Acc: 86.72%
[2025-06-01 15:45:00,068] INFO: Epoch 138 | Step 101/196 | Loss: 0.3711 | Acc: 87.24%
[2025-06-01 15:45:16,595] INFO: Epoch 138 training completed
[2025-06-01 15:45:17,984] INFO: Test Loss: 0.7446 | Test Acc: 76.03%
[2025-06-01 15:45:18,452] INFO: Epoch 139 | Step 1/196 | Loss: 0.3898 | Acc: 87.11%
[2025-06-01 15:45:35,898] INFO: Epoch 139 | Step 101/196 | Loss: 0.3846 | Acc: 86.73%
[2025-06-01 15:45:52,404] INFO: Epoch 139 training completed
[2025-06-01 15:45:53,837] INFO: Test Loss: 0.5925 | Test Acc: 80.25%
[2025-06-01 15:45:54,300] INFO: Epoch 140 | Step 1/196 | Loss: 0.4092 | Acc: 86.72%
[2025-06-01 15:46:11,734] INFO: Epoch 140 | Step 101/196 | Loss: 0.3763 | Acc: 86.99%
[2025-06-01 15:46:28,270] INFO: Epoch 140 training completed
[2025-06-01 15:46:29,683] INFO: Test Loss: 0.5527 | Test Acc: 82.23%
[2025-06-01 15:46:29,793] INFO: New best accuracy: 82.23%, model saved.
[2025-06-01 15:46:30,266] INFO: Epoch 141 | Step 1/196 | Loss: 0.3489 | Acc: 87.11%
[2025-06-01 15:46:47,679] INFO: Epoch 141 | Step 101/196 | Loss: 0.3639 | Acc: 87.70%
[2025-06-01 15:47:04,121] INFO: Epoch 141 training completed
[2025-06-01 15:47:05,421] INFO: Test Loss: 0.8568 | Test Acc: 72.97%
[2025-06-01 15:47:05,940] INFO: Epoch 142 | Step 1/196 | Loss: 0.4002 | Acc: 87.50%
[2025-06-01 15:47:23,331] INFO: Epoch 142 | Step 101/196 | Loss: 0.3576 | Acc: 87.72%
[2025-06-01 15:47:39,820] INFO: Epoch 142 training completed
[2025-06-01 15:47:41,203] INFO: Test Loss: 0.5042 | Test Acc: 83.56%
[2025-06-01 15:47:41,311] INFO: New best accuracy: 83.56%, model saved.
[2025-06-01 15:47:41,729] INFO: Epoch 143 | Step 1/196 | Loss: 0.3324 | Acc: 87.89%
[2025-06-01 15:47:59,122] INFO: Epoch 143 | Step 101/196 | Loss: 0.3654 | Acc: 87.36%
[2025-06-01 15:48:15,565] INFO: Epoch 143 training completed
[2025-06-01 15:48:16,901] INFO: Test Loss: 0.7701 | Test Acc: 75.55%
[2025-06-01 15:48:17,330] INFO: Epoch 144 | Step 1/196 | Loss: 0.3422 | Acc: 89.84%
[2025-06-01 15:48:34,725] INFO: Epoch 144 | Step 101/196 | Loss: 0.3687 | Acc: 87.28%
[2025-06-01 15:48:51,169] INFO: Epoch 144 training completed
[2025-06-01 15:48:52,450] INFO: Test Loss: 0.5632 | Test Acc: 81.79%
[2025-06-01 15:48:52,870] INFO: Epoch 145 | Step 1/196 | Loss: 0.3135 | Acc: 89.84%
[2025-06-01 15:49:10,253] INFO: Epoch 145 | Step 101/196 | Loss: 0.3581 | Acc: 87.62%
[2025-06-01 15:49:26,703] INFO: Epoch 145 training completed
[2025-06-01 15:49:28,031] INFO: Test Loss: 0.8597 | Test Acc: 73.25%
[2025-06-01 15:49:28,512] INFO: Epoch 146 | Step 1/196 | Loss: 0.2784 | Acc: 89.84%
[2025-06-01 15:49:45,911] INFO: Epoch 146 | Step 101/196 | Loss: 0.3480 | Acc: 88.14%
[2025-06-01 15:50:02,356] INFO: Epoch 146 training completed
[2025-06-01 15:50:03,659] INFO: Test Loss: 0.6248 | Test Acc: 80.39%
[2025-06-01 15:50:04,078] INFO: Epoch 147 | Step 1/196 | Loss: 0.3224 | Acc: 89.84%
[2025-06-01 15:50:21,470] INFO: Epoch 147 | Step 101/196 | Loss: 0.3532 | Acc: 87.96%
[2025-06-01 15:50:37,917] INFO: Epoch 147 training completed
[2025-06-01 15:50:39,221] INFO: Test Loss: 0.6154 | Test Acc: 80.00%
[2025-06-01 15:50:39,656] INFO: Epoch 148 | Step 1/196 | Loss: 0.3563 | Acc: 87.50%
[2025-06-01 15:50:57,051] INFO: Epoch 148 | Step 101/196 | Loss: 0.3405 | Acc: 88.30%
[2025-06-01 15:51:13,504] INFO: Epoch 148 training completed
[2025-06-01 15:51:14,825] INFO: Test Loss: 0.6287 | Test Acc: 79.18%
[2025-06-01 15:51:15,254] INFO: Epoch 149 | Step 1/196 | Loss: 0.3083 | Acc: 90.62%
[2025-06-01 15:51:32,646] INFO: Epoch 149 | Step 101/196 | Loss: 0.3448 | Acc: 88.10%
[2025-06-01 15:51:49,102] INFO: Epoch 149 training completed
[2025-06-01 15:51:50,446] INFO: Test Loss: 0.5007 | Test Acc: 83.45%
[2025-06-01 15:51:50,960] INFO: Epoch 150 | Step 1/196 | Loss: 0.3313 | Acc: 88.28%
[2025-06-01 15:52:08,390] INFO: Epoch 150 | Step 101/196 | Loss: 0.3353 | Acc: 88.49%
[2025-06-01 15:52:24,843] INFO: Epoch 150 training completed
[2025-06-01 15:52:26,193] INFO: Test Loss: 0.4886 | Test Acc: 83.88%
[2025-06-01 15:52:26,305] INFO: New best accuracy: 83.88%, model saved.
[2025-06-01 15:52:26,726] INFO: Epoch 151 | Step 1/196 | Loss: 0.3268 | Acc: 89.06%
[2025-06-01 15:52:44,118] INFO: Epoch 151 | Step 101/196 | Loss: 0.3314 | Acc: 88.68%
[2025-06-01 15:53:00,563] INFO: Epoch 151 training completed
[2025-06-01 15:53:01,903] INFO: Test Loss: 0.6188 | Test Acc: 79.42%
[2025-06-01 15:53:02,327] INFO: Epoch 152 | Step 1/196 | Loss: 0.3548 | Acc: 87.11%
[2025-06-01 15:53:19,723] INFO: Epoch 152 | Step 101/196 | Loss: 0.3326 | Acc: 88.58%
[2025-06-01 15:53:36,168] INFO: Epoch 152 training completed
[2025-06-01 15:53:37,504] INFO: Test Loss: 0.4910 | Test Acc: 84.21%
[2025-06-01 15:53:37,614] INFO: New best accuracy: 84.21%, model saved.
[2025-06-01 15:53:38,031] INFO: Epoch 153 | Step 1/196 | Loss: 0.3267 | Acc: 87.89%
[2025-06-01 15:53:55,421] INFO: Epoch 153 | Step 101/196 | Loss: 0.3223 | Acc: 89.01%
[2025-06-01 15:54:11,902] INFO: Epoch 153 training completed
[2025-06-01 15:54:13,217] INFO: Test Loss: 0.5768 | Test Acc: 81.69%
[2025-06-01 15:54:13,645] INFO: Epoch 154 | Step 1/196 | Loss: 0.2648 | Acc: 91.80%
[2025-06-01 15:54:31,034] INFO: Epoch 154 | Step 101/196 | Loss: 0.3175 | Acc: 89.35%
[2025-06-01 15:54:47,485] INFO: Epoch 154 training completed
[2025-06-01 15:54:48,773] INFO: Test Loss: 0.5355 | Test Acc: 82.78%
[2025-06-01 15:54:49,205] INFO: Epoch 155 | Step 1/196 | Loss: 0.2179 | Acc: 92.97%
[2025-06-01 15:55:06,616] INFO: Epoch 155 | Step 101/196 | Loss: 0.3217 | Acc: 88.93%
[2025-06-01 15:55:23,067] INFO: Epoch 155 training completed
[2025-06-01 15:55:24,379] INFO: Test Loss: 0.5722 | Test Acc: 81.18%
[2025-06-01 15:55:24,804] INFO: Epoch 156 | Step 1/196 | Loss: 0.3155 | Acc: 89.45%
[2025-06-01 15:55:42,202] INFO: Epoch 156 | Step 101/196 | Loss: 0.3124 | Acc: 89.51%
[2025-06-01 15:55:58,686] INFO: Epoch 156 training completed
[2025-06-01 15:56:00,016] INFO: Test Loss: 0.5083 | Test Acc: 83.89%
[2025-06-01 15:56:00,441] INFO: Epoch 157 | Step 1/196 | Loss: 0.3342 | Acc: 89.84%
[2025-06-01 15:56:17,837] INFO: Epoch 157 | Step 101/196 | Loss: 0.3109 | Acc: 89.45%
[2025-06-01 15:56:34,366] INFO: Epoch 157 training completed
[2025-06-01 15:56:35,819] INFO: Test Loss: 0.4377 | Test Acc: 85.97%
[2025-06-01 15:56:35,933] INFO: New best accuracy: 85.97%, model saved.
[2025-06-01 15:56:36,342] INFO: Epoch 158 | Step 1/196 | Loss: 0.3826 | Acc: 87.11%
[2025-06-01 15:56:53,729] INFO: Epoch 158 | Step 101/196 | Loss: 0.3010 | Acc: 90.01%
[2025-06-01 15:57:10,174] INFO: Epoch 158 training completed
[2025-06-01 15:57:11,490] INFO: Test Loss: 0.4881 | Test Acc: 84.45%
[2025-06-01 15:57:11,915] INFO: Epoch 159 | Step 1/196 | Loss: 0.2549 | Acc: 91.80%
[2025-06-01 15:57:29,315] INFO: Epoch 159 | Step 101/196 | Loss: 0.2995 | Acc: 89.72%
[2025-06-01 15:57:45,772] INFO: Epoch 159 training completed
[2025-06-01 15:57:47,115] INFO: Test Loss: 0.4488 | Test Acc: 85.75%
[2025-06-01 15:57:47,540] INFO: Epoch 160 | Step 1/196 | Loss: 0.3441 | Acc: 89.84%
[2025-06-01 15:58:04,931] INFO: Epoch 160 | Step 101/196 | Loss: 0.3050 | Acc: 89.56%
[2025-06-01 15:58:21,378] INFO: Epoch 160 training completed
[2025-06-01 15:58:22,665] INFO: Test Loss: 0.4516 | Test Acc: 85.99%
[2025-06-01 15:58:22,772] INFO: New best accuracy: 85.99%, model saved.
[2025-06-01 15:58:23,187] INFO: Epoch 161 | Step 1/196 | Loss: 0.2631 | Acc: 92.19%
[2025-06-01 15:58:40,612] INFO: Epoch 161 | Step 101/196 | Loss: 0.2941 | Acc: 89.97%
[2025-06-01 15:58:57,065] INFO: Epoch 161 training completed
[2025-06-01 15:58:58,404] INFO: Test Loss: 0.4445 | Test Acc: 85.81%
[2025-06-01 15:58:58,826] INFO: Epoch 162 | Step 1/196 | Loss: 0.3398 | Acc: 87.11%
[2025-06-01 15:59:16,222] INFO: Epoch 162 | Step 101/196 | Loss: 0.2872 | Acc: 90.23%
[2025-06-01 15:59:32,671] INFO: Epoch 162 training completed
[2025-06-01 15:59:33,980] INFO: Test Loss: 0.4549 | Test Acc: 85.31%
[2025-06-01 15:59:34,395] INFO: Epoch 163 | Step 1/196 | Loss: 0.2991 | Acc: 91.02%
[2025-06-01 15:59:51,793] INFO: Epoch 163 | Step 101/196 | Loss: 0.2794 | Acc: 90.56%
[2025-06-01 16:00:08,268] INFO: Epoch 163 training completed
[2025-06-01 16:00:09,694] INFO: Test Loss: 0.4626 | Test Acc: 85.05%
[2025-06-01 16:00:10,129] INFO: Epoch 164 | Step 1/196 | Loss: 0.2736 | Acc: 92.19%
[2025-06-01 16:00:27,536] INFO: Epoch 164 | Step 101/196 | Loss: 0.2747 | Acc: 90.87%
[2025-06-01 16:00:43,987] INFO: Epoch 164 training completed
[2025-06-01 16:00:45,315] INFO: Test Loss: 0.4254 | Test Acc: 86.65%
[2025-06-01 16:00:45,424] INFO: New best accuracy: 86.65%, model saved.
[2025-06-01 16:00:45,932] INFO: Epoch 165 | Step 1/196 | Loss: 0.2345 | Acc: 91.80%
[2025-06-01 16:01:03,322] INFO: Epoch 165 | Step 101/196 | Loss: 0.2775 | Acc: 90.55%
[2025-06-01 16:01:19,910] INFO: Epoch 165 training completed
[2025-06-01 16:01:21,325] INFO: Test Loss: 0.3996 | Test Acc: 86.98%
[2025-06-01 16:01:21,442] INFO: New best accuracy: 86.98%, model saved.
[2025-06-01 16:01:21,916] INFO: Epoch 166 | Step 1/196 | Loss: 0.2650 | Acc: 92.19%
[2025-06-01 16:01:39,365] INFO: Epoch 166 | Step 101/196 | Loss: 0.2699 | Acc: 90.87%
[2025-06-01 16:01:55,907] INFO: Epoch 166 training completed
[2025-06-01 16:01:57,345] INFO: Test Loss: 0.4301 | Test Acc: 86.53%
[2025-06-01 16:01:57,797] INFO: Epoch 167 | Step 1/196 | Loss: 0.3059 | Acc: 87.89%
[2025-06-01 16:02:15,242] INFO: Epoch 167 | Step 101/196 | Loss: 0.2628 | Acc: 91.21%
[2025-06-01 16:02:31,773] INFO: Epoch 167 training completed
[2025-06-01 16:02:33,165] INFO: Test Loss: 0.3832 | Test Acc: 87.86%
[2025-06-01 16:02:33,295] INFO: New best accuracy: 87.86%, model saved.
[2025-06-01 16:02:33,771] INFO: Epoch 168 | Step 1/196 | Loss: 0.2772 | Acc: 91.02%
[2025-06-01 16:02:51,209] INFO: Epoch 168 | Step 101/196 | Loss: 0.2616 | Acc: 91.19%
[2025-06-01 16:03:07,796] INFO: Epoch 168 training completed
[2025-06-01 16:03:09,219] INFO: Test Loss: 0.4801 | Test Acc: 84.89%
[2025-06-01 16:03:09,660] INFO: Epoch 169 | Step 1/196 | Loss: 0.2903 | Acc: 88.67%
[2025-06-01 16:03:27,112] INFO: Epoch 169 | Step 101/196 | Loss: 0.2571 | Acc: 91.32%
[2025-06-01 16:03:43,640] INFO: Epoch 169 training completed
[2025-06-01 16:03:45,025] INFO: Test Loss: 0.3922 | Test Acc: 87.25%
[2025-06-01 16:03:45,468] INFO: Epoch 170 | Step 1/196 | Loss: 0.2225 | Acc: 92.19%
[2025-06-01 16:04:02,897] INFO: Epoch 170 | Step 101/196 | Loss: 0.2475 | Acc: 91.80%
[2025-06-01 16:04:19,346] INFO: Epoch 170 training completed
[2025-06-01 16:04:20,660] INFO: Test Loss: 0.4636 | Test Acc: 85.25%
[2025-06-01 16:04:21,093] INFO: Epoch 171 | Step 1/196 | Loss: 0.2580 | Acc: 91.02%
[2025-06-01 16:04:38,484] INFO: Epoch 171 | Step 101/196 | Loss: 0.2420 | Acc: 92.08%
[2025-06-01 16:04:54,965] INFO: Epoch 171 training completed
[2025-06-01 16:04:56,402] INFO: Test Loss: 0.4077 | Test Acc: 86.95%
[2025-06-01 16:04:56,880] INFO: Epoch 172 | Step 1/196 | Loss: 0.2396 | Acc: 93.36%
[2025-06-01 16:05:14,305] INFO: Epoch 172 | Step 101/196 | Loss: 0.2339 | Acc: 92.26%
[2025-06-01 16:05:30,752] INFO: Epoch 172 training completed
[2025-06-01 16:05:32,059] INFO: Test Loss: 0.4296 | Test Acc: 86.86%
[2025-06-01 16:05:32,485] INFO: Epoch 173 | Step 1/196 | Loss: 0.2721 | Acc: 89.84%
[2025-06-01 16:05:49,877] INFO: Epoch 173 | Step 101/196 | Loss: 0.2306 | Acc: 92.45%
[2025-06-01 16:06:06,333] INFO: Epoch 173 training completed
[2025-06-01 16:06:07,645] INFO: Test Loss: 0.3487 | Test Acc: 89.02%
[2025-06-01 16:06:07,757] INFO: New best accuracy: 89.02%, model saved.
[2025-06-01 16:06:08,174] INFO: Epoch 174 | Step 1/196 | Loss: 0.2237 | Acc: 93.75%
[2025-06-01 16:06:25,567] INFO: Epoch 174 | Step 101/196 | Loss: 0.2242 | Acc: 92.49%
[2025-06-01 16:06:42,026] INFO: Epoch 174 training completed
[2025-06-01 16:06:43,350] INFO: Test Loss: 0.3666 | Test Acc: 88.69%
[2025-06-01 16:06:43,763] INFO: Epoch 175 | Step 1/196 | Loss: 0.1926 | Acc: 93.75%
[2025-06-01 16:07:01,160] INFO: Epoch 175 | Step 101/196 | Loss: 0.2199 | Acc: 92.71%
[2025-06-01 16:07:17,636] INFO: Epoch 175 training completed
[2025-06-01 16:07:19,051] INFO: Test Loss: 0.3580 | Test Acc: 88.58%
[2025-06-01 16:07:19,640] INFO: Epoch 176 | Step 1/196 | Loss: 0.2458 | Acc: 91.80%
[2025-06-01 16:07:37,050] INFO: Epoch 176 | Step 101/196 | Loss: 0.2173 | Acc: 92.74%
[2025-06-01 16:07:53,500] INFO: Epoch 176 training completed
[2025-06-01 16:07:54,812] INFO: Test Loss: 0.3621 | Test Acc: 88.67%
[2025-06-01 16:07:55,235] INFO: Epoch 177 | Step 1/196 | Loss: 0.1914 | Acc: 94.53%
[2025-06-01 16:08:12,625] INFO: Epoch 177 | Step 101/196 | Loss: 0.2100 | Acc: 93.06%
[2025-06-01 16:08:29,218] INFO: Epoch 177 training completed
[2025-06-01 16:08:30,646] INFO: Test Loss: 0.3464 | Test Acc: 89.34%
[2025-06-01 16:08:30,761] INFO: New best accuracy: 89.34%, model saved.
[2025-06-01 16:08:31,236] INFO: Epoch 178 | Step 1/196 | Loss: 0.2394 | Acc: 92.58%
[2025-06-01 16:08:48,693] INFO: Epoch 178 | Step 101/196 | Loss: 0.2042 | Acc: 93.28%
[2025-06-01 16:09:05,209] INFO: Epoch 178 training completed
[2025-06-01 16:09:06,646] INFO: Test Loss: 0.3462 | Test Acc: 89.40%
[2025-06-01 16:09:06,762] INFO: New best accuracy: 89.40%, model saved.
[2025-06-01 16:09:07,185] INFO: Epoch 179 | Step 1/196 | Loss: 0.1522 | Acc: 95.70%
[2025-06-01 16:09:24,630] INFO: Epoch 179 | Step 101/196 | Loss: 0.1973 | Acc: 93.61%
[2025-06-01 16:09:41,193] INFO: Epoch 179 training completed
[2025-06-01 16:09:42,596] INFO: Test Loss: 0.3589 | Test Acc: 89.13%
[2025-06-01 16:09:43,040] INFO: Epoch 180 | Step 1/196 | Loss: 0.1722 | Acc: 95.70%
[2025-06-01 16:10:00,493] INFO: Epoch 180 | Step 101/196 | Loss: 0.1970 | Acc: 93.51%
[2025-06-01 16:10:17,051] INFO: Epoch 180 training completed
[2025-06-01 16:10:18,455] INFO: Test Loss: 0.3265 | Test Acc: 90.04%
[2025-06-01 16:10:18,592] INFO: New best accuracy: 90.04%, model saved.
[2025-06-01 16:10:19,043] INFO: Epoch 181 | Step 1/196 | Loss: 0.1146 | Acc: 97.27%
[2025-06-01 16:10:36,494] INFO: Epoch 181 | Step 101/196 | Loss: 0.1852 | Acc: 93.99%
[2025-06-01 16:10:53,042] INFO: Epoch 181 training completed
[2025-06-01 16:10:54,514] INFO: Test Loss: 0.3396 | Test Acc: 89.48%
[2025-06-01 16:10:54,959] INFO: Epoch 182 | Step 1/196 | Loss: 0.2288 | Acc: 93.36%
[2025-06-01 16:11:12,420] INFO: Epoch 182 | Step 101/196 | Loss: 0.1857 | Acc: 94.13%
[2025-06-01 16:11:28,938] INFO: Epoch 182 training completed
[2025-06-01 16:11:30,360] INFO: Test Loss: 0.3261 | Test Acc: 89.81%
[2025-06-01 16:11:30,932] INFO: Epoch 183 | Step 1/196 | Loss: 0.1317 | Acc: 96.09%
[2025-06-01 16:11:48,329] INFO: Epoch 183 | Step 101/196 | Loss: 0.1768 | Acc: 94.36%
[2025-06-01 16:12:04,771] INFO: Epoch 183 training completed
[2025-06-01 16:12:06,099] INFO: Test Loss: 0.3211 | Test Acc: 90.23%
[2025-06-01 16:12:06,208] INFO: New best accuracy: 90.23%, model saved.
[2025-06-01 16:12:06,618] INFO: Epoch 184 | Step 1/196 | Loss: 0.1747 | Acc: 95.31%
[2025-06-01 16:12:24,010] INFO: Epoch 184 | Step 101/196 | Loss: 0.1754 | Acc: 94.52%
[2025-06-01 16:12:40,460] INFO: Epoch 184 training completed
[2025-06-01 16:12:41,765] INFO: Test Loss: 0.3245 | Test Acc: 90.25%
[2025-06-01 16:12:41,873] INFO: New best accuracy: 90.25%, model saved.
[2025-06-01 16:12:42,293] INFO: Epoch 185 | Step 1/196 | Loss: 0.1898 | Acc: 93.75%
[2025-06-01 16:12:59,690] INFO: Epoch 185 | Step 101/196 | Loss: 0.1716 | Acc: 94.64%
[2025-06-01 16:13:16,143] INFO: Epoch 185 training completed
[2025-06-01 16:13:17,442] INFO: Test Loss: 0.3237 | Test Acc: 89.99%
[2025-06-01 16:13:17,864] INFO: Epoch 186 | Step 1/196 | Loss: 0.1299 | Acc: 95.70%
[2025-06-01 16:13:35,291] INFO: Epoch 186 | Step 101/196 | Loss: 0.1623 | Acc: 94.86%
[2025-06-01 16:13:51,781] INFO: Epoch 186 training completed
[2025-06-01 16:13:53,084] INFO: Test Loss: 0.3173 | Test Acc: 90.30%
[2025-06-01 16:13:53,194] INFO: New best accuracy: 90.30%, model saved.
[2025-06-01 16:13:53,616] INFO: Epoch 187 | Step 1/196 | Loss: 0.1692 | Acc: 95.31%
[2025-06-01 16:14:11,007] INFO: Epoch 187 | Step 101/196 | Loss: 0.1595 | Acc: 95.04%
[2025-06-01 16:14:27,566] INFO: Epoch 187 training completed
[2025-06-01 16:14:29,002] INFO: Test Loss: 0.3140 | Test Acc: 90.60%
[2025-06-01 16:14:29,130] INFO: New best accuracy: 90.60%, model saved.
[2025-06-01 16:14:29,598] INFO: Epoch 188 | Step 1/196 | Loss: 0.1568 | Acc: 95.31%
[2025-06-01 16:14:47,052] INFO: Epoch 188 | Step 101/196 | Loss: 0.1574 | Acc: 95.24%
[2025-06-01 16:15:03,583] INFO: Epoch 188 training completed
[2025-06-01 16:15:04,998] INFO: Test Loss: 0.3118 | Test Acc: 90.76%
[2025-06-01 16:15:05,135] INFO: New best accuracy: 90.76%, model saved.
[2025-06-01 16:15:05,561] INFO: Epoch 189 | Step 1/196 | Loss: 0.1479 | Acc: 95.31%
[2025-06-01 16:15:23,024] INFO: Epoch 189 | Step 101/196 | Loss: 0.1536 | Acc: 95.34%
[2025-06-01 16:15:39,537] INFO: Epoch 189 training completed
[2025-06-01 16:15:40,998] INFO: Test Loss: 0.3044 | Test Acc: 90.55%
[2025-06-01 16:15:41,570] INFO: Epoch 190 | Step 1/196 | Loss: 0.1750 | Acc: 94.53%
[2025-06-01 16:15:58,985] INFO: Epoch 190 | Step 101/196 | Loss: 0.1503 | Acc: 95.43%
[2025-06-01 16:16:15,433] INFO: Epoch 190 training completed
[2025-06-01 16:16:16,787] INFO: Test Loss: 0.3119 | Test Acc: 90.54%
[2025-06-01 16:16:17,215] INFO: Epoch 191 | Step 1/196 | Loss: 0.1100 | Acc: 97.27%
[2025-06-01 16:16:34,606] INFO: Epoch 191 | Step 101/196 | Loss: 0.1466 | Acc: 95.68%
[2025-06-01 16:16:51,103] INFO: Epoch 191 training completed
[2025-06-01 16:16:52,433] INFO: Test Loss: 0.3017 | Test Acc: 90.83%
[2025-06-01 16:16:52,541] INFO: New best accuracy: 90.83%, model saved.
[2025-06-01 16:16:52,972] INFO: Epoch 192 | Step 1/196 | Loss: 0.1459 | Acc: 96.48%
[2025-06-01 16:17:10,366] INFO: Epoch 192 | Step 101/196 | Loss: 0.1443 | Acc: 95.82%
[2025-06-01 16:17:26,817] INFO: Epoch 192 training completed
[2025-06-01 16:17:28,123] INFO: Test Loss: 0.3042 | Test Acc: 90.65%
[2025-06-01 16:17:28,549] INFO: Epoch 193 | Step 1/196 | Loss: 0.0991 | Acc: 98.05%
[2025-06-01 16:17:45,944] INFO: Epoch 193 | Step 101/196 | Loss: 0.1431 | Acc: 95.77%
[2025-06-01 16:18:02,392] INFO: Epoch 193 training completed
[2025-06-01 16:18:03,751] INFO: Test Loss: 0.3040 | Test Acc: 90.68%
[2025-06-01 16:18:04,257] INFO: Epoch 194 | Step 1/196 | Loss: 0.1622 | Acc: 95.70%
[2025-06-01 16:18:21,647] INFO: Epoch 194 | Step 101/196 | Loss: 0.1372 | Acc: 95.99%
[2025-06-01 16:18:38,105] INFO: Epoch 194 training completed
[2025-06-01 16:18:39,388] INFO: Test Loss: 0.3017 | Test Acc: 90.65%
[2025-06-01 16:18:39,817] INFO: Epoch 195 | Step 1/196 | Loss: 0.1100 | Acc: 95.70%
[2025-06-01 16:18:57,206] INFO: Epoch 195 | Step 101/196 | Loss: 0.1370 | Acc: 96.08%
[2025-06-01 16:19:13,659] INFO: Epoch 195 training completed
[2025-06-01 16:19:14,941] INFO: Test Loss: 0.3021 | Test Acc: 90.86%
[2025-06-01 16:19:15,056] INFO: New best accuracy: 90.86%, model saved.
[2025-06-01 16:19:15,480] INFO: Epoch 196 | Step 1/196 | Loss: 0.1113 | Acc: 96.88%
[2025-06-01 16:19:32,878] INFO: Epoch 196 | Step 101/196 | Loss: 0.1407 | Acc: 95.79%
[2025-06-01 16:19:49,358] INFO: Epoch 196 training completed
[2025-06-01 16:19:50,747] INFO: Test Loss: 0.3028 | Test Acc: 90.61%
[2025-06-01 16:19:51,219] INFO: Epoch 197 | Step 1/196 | Loss: 0.0843 | Acc: 98.83%
[2025-06-01 16:20:08,630] INFO: Epoch 197 | Step 101/196 | Loss: 0.1346 | Acc: 96.14%
[2025-06-01 16:20:25,078] INFO: Epoch 197 training completed
[2025-06-01 16:20:26,419] INFO: Test Loss: 0.3014 | Test Acc: 90.63%
[2025-06-01 16:20:26,851] INFO: Epoch 198 | Step 1/196 | Loss: 0.1359 | Acc: 96.09%
[2025-06-01 16:20:44,282] INFO: Epoch 198 | Step 101/196 | Loss: 0.1310 | Acc: 96.34%
[2025-06-01 16:21:00,833] INFO: Epoch 198 training completed
[2025-06-01 16:21:02,321] INFO: Test Loss: 0.3033 | Test Acc: 90.78%
[2025-06-01 16:21:02,761] INFO: Epoch 199 | Step 1/196 | Loss: 0.1102 | Acc: 96.88%
[2025-06-01 16:21:20,207] INFO: Epoch 199 | Step 101/196 | Loss: 0.1375 | Acc: 96.03%
[2025-06-01 16:21:36,754] INFO: Epoch 199 training completed
[2025-06-01 16:21:38,158] INFO: Test Loss: 0.3027 | Test Acc: 90.67%
[2025-06-01 16:21:38,632] INFO: Epoch 200 | Step 1/196 | Loss: 0.1248 | Acc: 96.09%
[2025-06-01 16:21:56,095] INFO: Epoch 200 | Step 101/196 | Loss: 0.1315 | Acc: 96.19%
[2025-06-01 16:22:12,632] INFO: Epoch 200 training completed
[2025-06-01 16:22:14,089] INFO: Test Loss: 0.3016 | Test Acc: 90.90%
[2025-06-01 16:22:14,208] INFO: New best accuracy: 90.90%, model saved.
[2025-06-01 16:22:14,416] INFO: Training complete. Best Test Accuracy: 90.90%
