[2025-05-28 18:40:46,024] INFO: Using device: cuda
[2025-05-28 18:40:47,139] INFO: Using GhostNetV3 with width 1.6
[2025-05-28 18:41:12,623] INFO: Epoch 1 | Step 1/196 | Loss: 3.4804 | Acc: 8.98%
[2025-05-28 18:41:27,196] INFO: Epoch 1 | Step 101/196 | Loss: 2.6579 | Acc: 12.42%
[2025-05-28 18:41:41,072] INFO: Epoch 1 training completed
[2025-05-28 18:42:04,748] INFO: Test Loss: 2.2884 | Test Acc: 14.77%
[2025-05-28 18:42:04,853] INFO: New best accuracy: 14.77%, model saved.
[2025-05-28 18:42:05,222] INFO: Epoch 2 | Step 1/196 | Loss: 2.2661 | Acc: 15.62%
[2025-05-28 18:42:19,825] INFO: Epoch 2 | Step 101/196 | Loss: 2.2338 | Acc: 17.23%
[2025-05-28 18:42:33,630] INFO: Epoch 2 training completed
[2025-05-28 18:42:35,386] INFO: Test Loss: 2.0539 | Test Acc: 22.89%
[2025-05-28 18:42:35,488] INFO: New best accuracy: 22.89%, model saved.
[2025-05-28 18:42:35,867] INFO: Epoch 3 | Step 1/196 | Loss: 1.9978 | Acc: 23.05%
[2025-05-28 18:42:50,512] INFO: Epoch 3 | Step 101/196 | Loss: 2.0065 | Acc: 24.13%
[2025-05-28 18:43:04,342] INFO: Epoch 3 training completed
[2025-05-28 18:43:06,103] INFO: Test Loss: 1.8845 | Test Acc: 28.27%
[2025-05-28 18:43:06,206] INFO: New best accuracy: 28.27%, model saved.
[2025-05-28 18:43:06,578] INFO: Epoch 4 | Step 1/196 | Loss: 1.8471 | Acc: 32.42%
[2025-05-28 18:43:21,225] INFO: Epoch 4 | Step 101/196 | Loss: 1.8671 | Acc: 28.58%
[2025-05-28 18:43:35,070] INFO: Epoch 4 training completed
[2025-05-28 18:43:36,824] INFO: Test Loss: 1.7649 | Test Acc: 32.52%
[2025-05-28 18:43:36,927] INFO: New best accuracy: 32.52%, model saved.
[2025-05-28 18:43:37,308] INFO: Epoch 5 | Step 1/196 | Loss: 1.7648 | Acc: 30.47%
[2025-05-28 18:43:51,956] INFO: Epoch 5 | Step 101/196 | Loss: 1.7539 | Acc: 33.33%
[2025-05-28 18:44:05,802] INFO: Epoch 5 training completed
[2025-05-28 18:44:07,568] INFO: Test Loss: 1.6603 | Test Acc: 38.29%
[2025-05-28 18:44:07,671] INFO: New best accuracy: 38.29%, model saved.
[2025-05-28 18:44:08,045] INFO: Epoch 6 | Step 1/196 | Loss: 1.7047 | Acc: 37.50%
[2025-05-28 18:44:22,697] INFO: Epoch 6 | Step 101/196 | Loss: 1.6676 | Acc: 37.63%
[2025-05-28 18:44:36,544] INFO: Epoch 6 training completed
[2025-05-28 18:44:38,306] INFO: Test Loss: 1.5753 | Test Acc: 41.68%
[2025-05-28 18:44:38,409] INFO: New best accuracy: 41.68%, model saved.
[2025-05-28 18:44:38,798] INFO: Epoch 7 | Step 1/196 | Loss: 1.6666 | Acc: 40.23%
[2025-05-28 18:44:53,450] INFO: Epoch 7 | Step 101/196 | Loss: 1.5692 | Acc: 41.48%
[2025-05-28 18:45:07,366] INFO: Epoch 7 training completed
[2025-05-28 18:45:09,135] INFO: Test Loss: 1.4486 | Test Acc: 46.58%
[2025-05-28 18:45:09,238] INFO: New best accuracy: 46.58%, model saved.
[2025-05-28 18:45:09,621] INFO: Epoch 8 | Step 1/196 | Loss: 1.3355 | Acc: 48.83%
[2025-05-28 18:45:24,276] INFO: Epoch 8 | Step 101/196 | Loss: 1.4634 | Acc: 45.57%
[2025-05-28 18:45:38,126] INFO: Epoch 8 training completed
[2025-05-28 18:45:39,884] INFO: Test Loss: 1.3906 | Test Acc: 49.60%
[2025-05-28 18:45:39,988] INFO: New best accuracy: 49.60%, model saved.
[2025-05-28 18:45:40,360] INFO: Epoch 9 | Step 1/196 | Loss: 1.3581 | Acc: 51.95%
[2025-05-28 18:45:55,032] INFO: Epoch 9 | Step 101/196 | Loss: 1.3642 | Acc: 50.11%
[2025-05-28 18:46:08,886] INFO: Epoch 9 training completed
[2025-05-28 18:46:10,637] INFO: Test Loss: 1.3091 | Test Acc: 53.09%
[2025-05-28 18:46:10,742] INFO: New best accuracy: 53.09%, model saved.
[2025-05-28 18:46:11,122] INFO: Epoch 10 | Step 1/196 | Loss: 1.3856 | Acc: 53.12%
[2025-05-28 18:46:25,792] INFO: Epoch 10 | Step 101/196 | Loss: 1.3066 | Acc: 52.44%
[2025-05-28 18:46:39,705] INFO: Epoch 10 training completed
[2025-05-28 18:46:41,481] INFO: Test Loss: 1.2654 | Test Acc: 54.55%
[2025-05-28 18:46:41,587] INFO: New best accuracy: 54.55%, model saved.
[2025-05-28 18:46:41,965] INFO: Epoch 11 | Step 1/196 | Loss: 1.2375 | Acc: 54.30%
[2025-05-28 18:46:56,704] INFO: Epoch 11 | Step 101/196 | Loss: 1.2270 | Acc: 55.90%
[2025-05-28 18:47:10,637] INFO: Epoch 11 training completed
[2025-05-28 18:47:12,413] INFO: Test Loss: 1.1668 | Test Acc: 58.17%
[2025-05-28 18:47:12,535] INFO: New best accuracy: 58.17%, model saved.
[2025-05-28 18:47:12,915] INFO: Epoch 12 | Step 1/196 | Loss: 1.0850 | Acc: 61.33%
[2025-05-28 18:47:28,431] INFO: Epoch 12 | Step 101/196 | Loss: 1.1483 | Acc: 58.93%
[2025-05-28 18:47:42,317] INFO: Epoch 12 training completed
[2025-05-28 18:47:44,088] INFO: Test Loss: 1.1503 | Test Acc: 59.34%
[2025-05-28 18:47:44,196] INFO: New best accuracy: 59.34%, model saved.
[2025-05-28 18:47:44,573] INFO: Epoch 13 | Step 1/196 | Loss: 1.1027 | Acc: 60.55%
[2025-05-28 18:47:59,269] INFO: Epoch 13 | Step 101/196 | Loss: 1.0868 | Acc: 61.28%
[2025-05-28 18:48:13,151] INFO: Epoch 13 training completed
[2025-05-28 18:48:14,907] INFO: Test Loss: 1.1161 | Test Acc: 60.34%
[2025-05-28 18:48:15,122] INFO: New best accuracy: 60.34%, model saved.
[2025-05-28 18:48:15,499] INFO: Epoch 14 | Step 1/196 | Loss: 0.9653 | Acc: 66.02%
[2025-05-28 18:48:30,179] INFO: Epoch 14 | Step 101/196 | Loss: 1.0263 | Acc: 63.27%
[2025-05-28 18:48:44,060] INFO: Epoch 14 training completed
[2025-05-28 18:48:45,825] INFO: Test Loss: 1.0540 | Test Acc: 62.80%
[2025-05-28 18:48:45,929] INFO: New best accuracy: 62.80%, model saved.
[2025-05-28 18:48:46,297] INFO: Epoch 15 | Step 1/196 | Loss: 0.9124 | Acc: 69.14%
[2025-05-28 18:49:00,989] INFO: Epoch 15 | Step 101/196 | Loss: 0.9621 | Acc: 66.03%
[2025-05-28 18:49:14,870] INFO: Epoch 15 training completed
[2025-05-28 18:49:16,633] INFO: Test Loss: 0.9560 | Test Acc: 65.81%
[2025-05-28 18:49:16,738] INFO: New best accuracy: 65.81%, model saved.
[2025-05-28 18:49:17,134] INFO: Epoch 16 | Step 1/196 | Loss: 0.9874 | Acc: 62.89%
[2025-05-28 18:49:31,822] INFO: Epoch 16 | Step 101/196 | Loss: 0.9186 | Acc: 67.37%
[2025-05-28 18:49:45,706] INFO: Epoch 16 training completed
[2025-05-28 18:49:47,462] INFO: Test Loss: 1.0009 | Test Acc: 64.80%
[2025-05-28 18:49:47,843] INFO: Epoch 17 | Step 1/196 | Loss: 0.9523 | Acc: 66.41%
[2025-05-28 18:50:02,538] INFO: Epoch 17 | Step 101/196 | Loss: 0.8645 | Acc: 69.66%
[2025-05-28 18:50:16,426] INFO: Epoch 17 training completed
[2025-05-28 18:50:18,188] INFO: Test Loss: 0.8634 | Test Acc: 69.13%
[2025-05-28 18:50:18,292] INFO: New best accuracy: 69.13%, model saved.
[2025-05-28 18:50:18,670] INFO: Epoch 18 | Step 1/196 | Loss: 0.8578 | Acc: 66.41%
[2025-05-28 18:50:33,357] INFO: Epoch 18 | Step 101/196 | Loss: 0.8147 | Acc: 71.31%
[2025-05-28 18:50:47,241] INFO: Epoch 18 training completed
[2025-05-28 18:50:49,001] INFO: Test Loss: 0.8527 | Test Acc: 70.22%
[2025-05-28 18:50:49,106] INFO: New best accuracy: 70.22%, model saved.
[2025-05-28 18:50:49,490] INFO: Epoch 19 | Step 1/196 | Loss: 0.7249 | Acc: 75.39%
[2025-05-28 18:51:04,176] INFO: Epoch 19 | Step 101/196 | Loss: 0.7737 | Acc: 72.84%
[2025-05-28 18:51:18,053] INFO: Epoch 19 training completed
[2025-05-28 18:51:19,812] INFO: Test Loss: 0.7886 | Test Acc: 71.94%
[2025-05-28 18:51:19,917] INFO: New best accuracy: 71.94%, model saved.
[2025-05-28 18:51:20,291] INFO: Epoch 20 | Step 1/196 | Loss: 0.7279 | Acc: 74.61%
[2025-05-28 18:51:34,970] INFO: Epoch 20 | Step 101/196 | Loss: 0.7320 | Acc: 74.44%
[2025-05-28 18:51:48,862] INFO: Epoch 20 training completed
[2025-05-28 18:51:50,639] INFO: Test Loss: 0.7687 | Test Acc: 73.03%
[2025-05-28 18:51:50,844] INFO: New best accuracy: 73.03%, model saved.
[2025-05-28 18:51:51,229] INFO: Epoch 21 | Step 1/196 | Loss: 0.6187 | Acc: 78.12%
[2025-05-28 18:52:05,927] INFO: Epoch 21 | Step 101/196 | Loss: 0.7010 | Acc: 75.39%
[2025-05-28 18:52:19,802] INFO: Epoch 21 training completed
[2025-05-28 18:52:21,564] INFO: Test Loss: 0.7677 | Test Acc: 73.21%
[2025-05-28 18:52:21,669] INFO: New best accuracy: 73.21%, model saved.
[2025-05-28 18:52:22,044] INFO: Epoch 22 | Step 1/196 | Loss: 0.6607 | Acc: 78.12%
[2025-05-28 18:52:36,730] INFO: Epoch 22 | Step 101/196 | Loss: 0.6710 | Acc: 76.67%
[2025-05-28 18:52:50,612] INFO: Epoch 22 training completed
[2025-05-28 18:52:52,370] INFO: Test Loss: 0.7318 | Test Acc: 74.67%
[2025-05-28 18:52:52,475] INFO: New best accuracy: 74.67%, model saved.
[2025-05-28 18:52:52,849] INFO: Epoch 23 | Step 1/196 | Loss: 0.5277 | Acc: 81.64%
[2025-05-28 18:53:07,530] INFO: Epoch 23 | Step 101/196 | Loss: 0.6451 | Acc: 77.49%
[2025-05-28 18:53:21,402] INFO: Epoch 23 training completed
[2025-05-28 18:53:23,161] INFO: Test Loss: 0.7067 | Test Acc: 74.95%
[2025-05-28 18:53:23,265] INFO: New best accuracy: 74.95%, model saved.
[2025-05-28 18:53:23,641] INFO: Epoch 24 | Step 1/196 | Loss: 0.7231 | Acc: 76.17%
[2025-05-28 18:53:38,331] INFO: Epoch 24 | Step 101/196 | Loss: 0.6148 | Acc: 78.81%
[2025-05-28 18:53:52,203] INFO: Epoch 24 training completed
[2025-05-28 18:53:53,967] INFO: Test Loss: 0.6796 | Test Acc: 76.76%
[2025-05-28 18:53:54,070] INFO: New best accuracy: 76.76%, model saved.
[2025-05-28 18:53:54,446] INFO: Epoch 25 | Step 1/196 | Loss: 0.6620 | Acc: 78.12%
[2025-05-28 18:54:09,172] INFO: Epoch 25 | Step 101/196 | Loss: 0.5946 | Acc: 79.39%
[2025-05-28 18:54:23,062] INFO: Epoch 25 training completed
[2025-05-28 18:54:24,825] INFO: Test Loss: 0.7200 | Test Acc: 74.77%
[2025-05-28 18:54:25,215] INFO: Epoch 26 | Step 1/196 | Loss: 0.5035 | Acc: 82.42%
[2025-05-28 18:54:39,909] INFO: Epoch 26 | Step 101/196 | Loss: 0.5826 | Acc: 80.07%
[2025-05-28 18:54:53,805] INFO: Epoch 26 training completed
[2025-05-28 18:54:55,568] INFO: Test Loss: 0.6359 | Test Acc: 78.18%
[2025-05-28 18:54:55,675] INFO: New best accuracy: 78.18%, model saved.
[2025-05-28 18:54:56,073] INFO: Epoch 27 | Step 1/196 | Loss: 0.6118 | Acc: 78.91%
[2025-05-28 18:55:10,765] INFO: Epoch 27 | Step 101/196 | Loss: 0.5637 | Acc: 80.79%
[2025-05-28 18:55:24,650] INFO: Epoch 27 training completed
[2025-05-28 18:55:26,414] INFO: Test Loss: 0.6642 | Test Acc: 77.05%
[2025-05-28 18:55:26,885] INFO: Epoch 28 | Step 1/196 | Loss: 0.4874 | Acc: 82.81%
[2025-05-28 18:55:41,570] INFO: Epoch 28 | Step 101/196 | Loss: 0.5579 | Acc: 80.97%
[2025-05-28 18:55:55,446] INFO: Epoch 28 training completed
[2025-05-28 18:55:57,205] INFO: Test Loss: 0.6795 | Test Acc: 76.63%
[2025-05-28 18:55:57,576] INFO: Epoch 29 | Step 1/196 | Loss: 0.4982 | Acc: 81.25%
[2025-05-28 18:56:12,260] INFO: Epoch 29 | Step 101/196 | Loss: 0.5368 | Acc: 81.83%
[2025-05-28 18:56:26,135] INFO: Epoch 29 training completed
[2025-05-28 18:56:27,904] INFO: Test Loss: 0.7175 | Test Acc: 75.11%
[2025-05-28 18:56:28,283] INFO: Epoch 30 | Step 1/196 | Loss: 0.5343 | Acc: 82.03%
[2025-05-28 18:56:42,967] INFO: Epoch 30 | Step 101/196 | Loss: 0.5278 | Acc: 82.43%
[2025-05-28 18:56:56,843] INFO: Epoch 30 training completed
[2025-05-28 18:56:58,609] INFO: Test Loss: 0.6235 | Test Acc: 79.42%
[2025-05-28 18:56:58,715] INFO: New best accuracy: 79.42%, model saved.
[2025-05-28 18:56:59,092] INFO: Epoch 31 | Step 1/196 | Loss: 0.4363 | Acc: 85.16%
[2025-05-28 18:57:13,785] INFO: Epoch 31 | Step 101/196 | Loss: 0.5332 | Acc: 82.02%
[2025-05-28 18:57:27,662] INFO: Epoch 31 training completed
[2025-05-28 18:57:29,444] INFO: Test Loss: 0.7762 | Test Acc: 73.33%
[2025-05-28 18:57:29,823] INFO: Epoch 32 | Step 1/196 | Loss: 0.4922 | Acc: 82.42%
[2025-05-28 18:57:44,504] INFO: Epoch 32 | Step 101/196 | Loss: 0.5231 | Acc: 82.58%
[2025-05-28 18:57:58,391] INFO: Epoch 32 training completed
[2025-05-28 18:58:00,160] INFO: Test Loss: 0.8535 | Test Acc: 70.80%
[2025-05-28 18:58:00,541] INFO: Epoch 33 | Step 1/196 | Loss: 0.5049 | Acc: 85.55%
[2025-05-28 18:58:15,224] INFO: Epoch 33 | Step 101/196 | Loss: 0.5115 | Acc: 82.80%
[2025-05-28 18:58:29,099] INFO: Epoch 33 training completed
[2025-05-28 18:58:30,886] INFO: Test Loss: 0.6339 | Test Acc: 78.62%
[2025-05-28 18:58:31,264] INFO: Epoch 34 | Step 1/196 | Loss: 0.4484 | Acc: 86.33%
[2025-05-28 18:58:45,949] INFO: Epoch 34 | Step 101/196 | Loss: 0.5229 | Acc: 82.47%
[2025-05-28 18:58:59,825] INFO: Epoch 34 training completed
[2025-05-28 18:59:01,594] INFO: Test Loss: 0.6412 | Test Acc: 78.11%
[2025-05-28 18:59:01,977] INFO: Epoch 35 | Step 1/196 | Loss: 0.4823 | Acc: 83.98%
[2025-05-28 18:59:16,659] INFO: Epoch 35 | Step 101/196 | Loss: 0.5083 | Acc: 83.24%
[2025-05-28 18:59:30,534] INFO: Epoch 35 training completed
[2025-05-28 18:59:32,296] INFO: Test Loss: 0.6847 | Test Acc: 76.75%
[2025-05-28 18:59:32,669] INFO: Epoch 36 | Step 1/196 | Loss: 0.5207 | Acc: 83.59%
[2025-05-28 18:59:47,353] INFO: Epoch 36 | Step 101/196 | Loss: 0.5099 | Acc: 83.36%
[2025-05-28 19:00:01,230] INFO: Epoch 36 training completed
[2025-05-28 19:00:02,995] INFO: Test Loss: 0.8042 | Test Acc: 72.91%
[2025-05-28 19:00:03,368] INFO: Epoch 37 | Step 1/196 | Loss: 0.5485 | Acc: 80.86%
[2025-05-28 19:00:18,055] INFO: Epoch 37 | Step 101/196 | Loss: 0.5129 | Acc: 83.12%
[2025-05-28 19:00:31,930] INFO: Epoch 37 training completed
[2025-05-28 19:00:33,694] INFO: Test Loss: 0.8818 | Test Acc: 70.98%
[2025-05-28 19:00:34,075] INFO: Epoch 38 | Step 1/196 | Loss: 0.5389 | Acc: 82.03%
[2025-05-28 19:00:48,759] INFO: Epoch 38 | Step 101/196 | Loss: 0.5096 | Acc: 83.16%
[2025-05-28 19:01:02,649] INFO: Epoch 38 training completed
[2025-05-28 19:01:04,408] INFO: Test Loss: 0.6698 | Test Acc: 77.17%
[2025-05-28 19:01:04,878] INFO: Epoch 39 | Step 1/196 | Loss: 0.4554 | Acc: 85.55%
[2025-05-28 19:01:19,557] INFO: Epoch 39 | Step 101/196 | Loss: 0.5107 | Acc: 83.21%
[2025-05-28 19:01:33,427] INFO: Epoch 39 training completed
[2025-05-28 19:01:35,193] INFO: Test Loss: 0.6408 | Test Acc: 78.94%
[2025-05-28 19:01:35,570] INFO: Epoch 40 | Step 1/196 | Loss: 0.5053 | Acc: 84.38%
[2025-05-28 19:01:50,253] INFO: Epoch 40 | Step 101/196 | Loss: 0.5158 | Acc: 83.15%
[2025-05-28 19:02:04,130] INFO: Epoch 40 training completed
[2025-05-28 19:02:05,893] INFO: Test Loss: 0.7157 | Test Acc: 76.14%
[2025-05-28 19:02:06,264] INFO: Epoch 41 | Step 1/196 | Loss: 0.5708 | Acc: 81.25%
[2025-05-28 19:02:20,945] INFO: Epoch 41 | Step 101/196 | Loss: 0.5130 | Acc: 83.27%
[2025-05-28 19:02:34,821] INFO: Epoch 41 training completed
[2025-05-28 19:02:36,585] INFO: Test Loss: 0.6983 | Test Acc: 76.50%
[2025-05-28 19:02:36,965] INFO: Epoch 42 | Step 1/196 | Loss: 0.5533 | Acc: 82.03%
[2025-05-28 19:02:51,642] INFO: Epoch 42 | Step 101/196 | Loss: 0.5083 | Acc: 83.63%
[2025-05-28 19:03:05,517] INFO: Epoch 42 training completed
[2025-05-28 19:03:07,275] INFO: Test Loss: 0.8713 | Test Acc: 72.35%
[2025-05-28 19:03:07,750] INFO: Epoch 43 | Step 1/196 | Loss: 0.5652 | Acc: 79.30%
[2025-05-28 19:03:22,430] INFO: Epoch 43 | Step 101/196 | Loss: 0.5272 | Acc: 82.89%
[2025-05-28 19:03:36,311] INFO: Epoch 43 training completed
[2025-05-28 19:03:38,080] INFO: Test Loss: 0.6125 | Test Acc: 80.12%
[2025-05-28 19:03:38,185] INFO: New best accuracy: 80.12%, model saved.
[2025-05-28 19:03:38,557] INFO: Epoch 44 | Step 1/196 | Loss: 0.4434 | Acc: 85.55%
[2025-05-28 19:03:53,244] INFO: Epoch 44 | Step 101/196 | Loss: 0.5126 | Acc: 83.61%
[2025-05-28 19:04:07,150] INFO: Epoch 44 training completed
[2025-05-28 19:04:08,892] INFO: Test Loss: 1.0078 | Test Acc: 66.70%
[2025-05-28 19:04:09,303] INFO: Epoch 45 | Step 1/196 | Loss: 0.5737 | Acc: 80.08%
[2025-05-28 19:04:23,868] INFO: Epoch 45 | Step 101/196 | Loss: 0.5135 | Acc: 83.23%
[2025-05-28 19:04:37,620] INFO: Epoch 45 training completed
[2025-05-28 19:04:39,368] INFO: Test Loss: 0.7408 | Test Acc: 75.28%
[2025-05-28 19:04:39,783] INFO: Epoch 46 | Step 1/196 | Loss: 0.5060 | Acc: 83.20%
[2025-05-28 19:04:54,333] INFO: Epoch 46 | Step 101/196 | Loss: 0.5312 | Acc: 82.80%
[2025-05-28 19:05:08,071] INFO: Epoch 46 training completed
[2025-05-28 19:05:09,814] INFO: Test Loss: 1.1303 | Test Acc: 62.93%
[2025-05-28 19:05:10,301] INFO: Epoch 47 | Step 1/196 | Loss: 0.5580 | Acc: 80.86%
[2025-05-28 19:05:24,858] INFO: Epoch 47 | Step 101/196 | Loss: 0.5207 | Acc: 83.09%
[2025-05-28 19:05:38,633] INFO: Epoch 47 training completed
[2025-05-28 19:05:40,370] INFO: Test Loss: 0.7247 | Test Acc: 75.94%
[2025-05-28 19:05:40,760] INFO: Epoch 48 | Step 1/196 | Loss: 0.5258 | Acc: 83.59%
[2025-05-28 19:05:55,335] INFO: Epoch 48 | Step 101/196 | Loss: 0.5224 | Acc: 83.18%
[2025-05-28 19:06:09,075] INFO: Epoch 48 training completed
[2025-05-28 19:06:10,817] INFO: Test Loss: 1.0564 | Test Acc: 66.31%
[2025-05-28 19:06:11,219] INFO: Epoch 49 | Step 1/196 | Loss: 0.5347 | Acc: 83.59%
[2025-05-28 19:06:25,761] INFO: Epoch 49 | Step 101/196 | Loss: 0.5110 | Acc: 83.32%
[2025-05-28 19:06:39,541] INFO: Epoch 49 training completed
[2025-05-28 19:06:41,284] INFO: Test Loss: 0.9575 | Test Acc: 68.31%
[2025-05-28 19:06:41,687] INFO: Epoch 50 | Step 1/196 | Loss: 0.5250 | Acc: 81.25%
[2025-05-28 19:06:56,226] INFO: Epoch 50 | Step 101/196 | Loss: 0.5119 | Acc: 83.17%
[2025-05-28 19:07:10,016] INFO: Epoch 50 training completed
[2025-05-28 19:07:11,765] INFO: Test Loss: 0.6535 | Test Acc: 77.62%
[2025-05-28 19:07:12,183] INFO: Epoch 51 | Step 1/196 | Loss: 0.5252 | Acc: 80.86%
[2025-05-28 19:07:26,737] INFO: Epoch 51 | Step 101/196 | Loss: 0.5212 | Acc: 83.13%
[2025-05-28 19:07:40,507] INFO: Epoch 51 training completed
[2025-05-28 19:07:42,256] INFO: Test Loss: 0.7814 | Test Acc: 73.83%
[2025-05-28 19:07:42,670] INFO: Epoch 52 | Step 1/196 | Loss: 0.4918 | Acc: 84.77%
[2025-05-28 19:07:57,218] INFO: Epoch 52 | Step 101/196 | Loss: 0.5121 | Acc: 83.45%
[2025-05-28 19:08:10,963] INFO: Epoch 52 training completed
[2025-05-28 19:08:12,716] INFO: Test Loss: 0.8790 | Test Acc: 70.44%
[2025-05-28 19:08:13,121] INFO: Epoch 53 | Step 1/196 | Loss: 0.5836 | Acc: 82.03%
[2025-05-28 19:08:27,672] INFO: Epoch 53 | Step 101/196 | Loss: 0.5237 | Acc: 83.03%
[2025-05-28 19:08:41,405] INFO: Epoch 53 training completed
[2025-05-28 19:08:43,152] INFO: Test Loss: 1.0199 | Test Acc: 66.91%
[2025-05-28 19:08:43,552] INFO: Epoch 54 | Step 1/196 | Loss: 0.4750 | Acc: 86.33%
[2025-05-28 19:08:58,114] INFO: Epoch 54 | Step 101/196 | Loss: 0.5193 | Acc: 82.96%
[2025-05-28 19:09:11,903] INFO: Epoch 54 training completed
[2025-05-28 19:09:13,655] INFO: Test Loss: 0.9490 | Test Acc: 68.45%
[2025-05-28 19:09:14,059] INFO: Epoch 55 | Step 1/196 | Loss: 0.5470 | Acc: 80.86%
[2025-05-28 19:09:28,613] INFO: Epoch 55 | Step 101/196 | Loss: 0.5101 | Acc: 83.16%
[2025-05-28 19:09:42,390] INFO: Epoch 55 training completed
[2025-05-28 19:09:44,142] INFO: Test Loss: 0.7273 | Test Acc: 76.86%
[2025-05-28 19:09:44,550] INFO: Epoch 56 | Step 1/196 | Loss: 0.5447 | Acc: 82.81%
[2025-05-28 19:09:59,111] INFO: Epoch 56 | Step 101/196 | Loss: 0.5055 | Acc: 83.42%
[2025-05-28 19:10:12,868] INFO: Epoch 56 training completed
[2025-05-28 19:10:14,615] INFO: Test Loss: 1.0080 | Test Acc: 67.37%
[2025-05-28 19:10:15,020] INFO: Epoch 57 | Step 1/196 | Loss: 0.5708 | Acc: 80.08%
[2025-05-28 19:10:29,574] INFO: Epoch 57 | Step 101/196 | Loss: 0.5172 | Acc: 83.33%
[2025-05-28 19:10:43,322] INFO: Epoch 57 training completed
[2025-05-28 19:10:45,070] INFO: Test Loss: 0.8495 | Test Acc: 72.09%
[2025-05-28 19:10:45,550] INFO: Epoch 58 | Step 1/196 | Loss: 0.5314 | Acc: 82.81%
[2025-05-28 19:11:00,098] INFO: Epoch 58 | Step 101/196 | Loss: 0.5142 | Acc: 83.32%
[2025-05-28 19:11:13,866] INFO: Epoch 58 training completed
[2025-05-28 19:11:15,609] INFO: Test Loss: 1.1421 | Test Acc: 63.92%
[2025-05-28 19:11:16,011] INFO: Epoch 59 | Step 1/196 | Loss: 0.5177 | Acc: 82.03%
[2025-05-28 19:11:30,587] INFO: Epoch 59 | Step 101/196 | Loss: 0.5039 | Acc: 83.62%
[2025-05-28 19:11:44,351] INFO: Epoch 59 training completed
[2025-05-28 19:11:46,097] INFO: Test Loss: 0.8167 | Test Acc: 74.49%
[2025-05-28 19:11:46,494] INFO: Epoch 60 | Step 1/196 | Loss: 0.4851 | Acc: 85.16%
[2025-05-28 19:12:01,040] INFO: Epoch 60 | Step 101/196 | Loss: 0.5121 | Acc: 83.38%
[2025-05-28 19:12:14,783] INFO: Epoch 60 training completed
[2025-05-28 19:12:16,519] INFO: Test Loss: 0.7535 | Test Acc: 74.94%
[2025-05-28 19:12:16,921] INFO: Epoch 61 | Step 1/196 | Loss: 0.5893 | Acc: 79.30%
[2025-05-28 19:12:31,448] INFO: Epoch 61 | Step 101/196 | Loss: 0.5067 | Acc: 83.56%
[2025-05-28 19:12:45,195] INFO: Epoch 61 training completed
[2025-05-28 19:12:46,941] INFO: Test Loss: 0.7314 | Test Acc: 75.64%
[2025-05-28 19:12:47,345] INFO: Epoch 62 | Step 1/196 | Loss: 0.5309 | Acc: 82.03%
[2025-05-28 19:13:01,929] INFO: Epoch 62 | Step 101/196 | Loss: 0.5010 | Acc: 83.91%
[2025-05-28 19:13:15,688] INFO: Epoch 62 training completed
[2025-05-28 19:13:17,430] INFO: Test Loss: 0.8135 | Test Acc: 73.29%
[2025-05-28 19:13:17,820] INFO: Epoch 63 | Step 1/196 | Loss: 0.5555 | Acc: 80.47%
[2025-05-28 19:13:32,379] INFO: Epoch 63 | Step 101/196 | Loss: 0.5100 | Acc: 83.44%
[2025-05-28 19:13:46,146] INFO: Epoch 63 training completed
[2025-05-28 19:13:47,884] INFO: Test Loss: 1.0585 | Test Acc: 67.09%
[2025-05-28 19:13:48,284] INFO: Epoch 64 | Step 1/196 | Loss: 0.5767 | Acc: 79.30%
[2025-05-28 19:14:02,839] INFO: Epoch 64 | Step 101/196 | Loss: 0.4990 | Acc: 83.87%
[2025-05-28 19:14:16,588] INFO: Epoch 64 training completed
[2025-05-28 19:14:18,337] INFO: Test Loss: 1.3326 | Test Acc: 59.61%
[2025-05-28 19:14:18,752] INFO: Epoch 65 | Step 1/196 | Loss: 0.5558 | Acc: 82.03%
[2025-05-28 19:14:33,299] INFO: Epoch 65 | Step 101/196 | Loss: 0.5102 | Acc: 83.47%
[2025-05-28 19:14:47,059] INFO: Epoch 65 training completed
[2025-05-28 19:14:48,799] INFO: Test Loss: 0.8808 | Test Acc: 70.99%
[2025-05-28 19:14:49,211] INFO: Epoch 66 | Step 1/196 | Loss: 0.4984 | Acc: 84.77%
[2025-05-28 19:15:03,767] INFO: Epoch 66 | Step 101/196 | Loss: 0.4955 | Acc: 83.91%
[2025-05-28 19:15:17,510] INFO: Epoch 66 training completed
[2025-05-28 19:15:19,270] INFO: Test Loss: 0.9384 | Test Acc: 69.60%
[2025-05-28 19:15:19,684] INFO: Epoch 67 | Step 1/196 | Loss: 0.3753 | Acc: 89.06%
[2025-05-28 19:15:34,231] INFO: Epoch 67 | Step 101/196 | Loss: 0.4951 | Acc: 83.95%
[2025-05-28 19:15:47,981] INFO: Epoch 67 training completed
[2025-05-28 19:15:49,725] INFO: Test Loss: 0.8657 | Test Acc: 70.94%
[2025-05-28 19:15:50,131] INFO: Epoch 68 | Step 1/196 | Loss: 0.4171 | Acc: 86.33%
[2025-05-28 19:16:04,686] INFO: Epoch 68 | Step 101/196 | Loss: 0.4998 | Acc: 83.88%
[2025-05-28 19:16:18,444] INFO: Epoch 68 training completed
[2025-05-28 19:16:20,184] INFO: Test Loss: 0.8284 | Test Acc: 72.49%
[2025-05-28 19:16:20,598] INFO: Epoch 69 | Step 1/196 | Loss: 0.5780 | Acc: 80.08%
[2025-05-28 19:16:35,153] INFO: Epoch 69 | Step 101/196 | Loss: 0.5040 | Acc: 83.65%
[2025-05-28 19:16:48,911] INFO: Epoch 69 training completed
[2025-05-28 19:16:50,678] INFO: Test Loss: 0.8395 | Test Acc: 72.14%
[2025-05-28 19:16:51,169] INFO: Epoch 70 | Step 1/196 | Loss: 0.5073 | Acc: 83.20%
[2025-05-28 19:17:05,727] INFO: Epoch 70 | Step 101/196 | Loss: 0.5015 | Acc: 83.74%
[2025-05-28 19:17:19,476] INFO: Epoch 70 training completed
[2025-05-28 19:17:21,218] INFO: Test Loss: 0.9938 | Test Acc: 68.27%
[2025-05-28 19:17:21,615] INFO: Epoch 71 | Step 1/196 | Loss: 0.4765 | Acc: 83.98%
[2025-05-28 19:17:36,172] INFO: Epoch 71 | Step 101/196 | Loss: 0.5028 | Acc: 83.73%
[2025-05-28 19:17:49,915] INFO: Epoch 71 training completed
[2025-05-28 19:17:51,653] INFO: Test Loss: 0.8554 | Test Acc: 72.15%
[2025-05-28 19:17:52,058] INFO: Epoch 72 | Step 1/196 | Loss: 0.5098 | Acc: 83.59%
[2025-05-28 19:18:06,608] INFO: Epoch 72 | Step 101/196 | Loss: 0.4851 | Acc: 84.20%
[2025-05-28 19:18:20,363] INFO: Epoch 72 training completed
[2025-05-28 19:18:22,114] INFO: Test Loss: 0.8309 | Test Acc: 72.13%
[2025-05-28 19:18:22,523] INFO: Epoch 73 | Step 1/196 | Loss: 0.4953 | Acc: 84.38%
[2025-05-28 19:18:37,096] INFO: Epoch 73 | Step 101/196 | Loss: 0.4945 | Acc: 83.94%
[2025-05-28 19:18:50,883] INFO: Epoch 73 training completed
[2025-05-28 19:18:52,626] INFO: Test Loss: 1.0698 | Test Acc: 64.75%
[2025-05-28 19:18:53,028] INFO: Epoch 74 | Step 1/196 | Loss: 0.5061 | Acc: 84.77%
[2025-05-28 19:19:07,572] INFO: Epoch 74 | Step 101/196 | Loss: 0.4922 | Acc: 83.80%
[2025-05-28 19:19:21,321] INFO: Epoch 74 training completed
[2025-05-28 19:19:23,065] INFO: Test Loss: 0.8113 | Test Acc: 72.80%
[2025-05-28 19:19:23,462] INFO: Epoch 75 | Step 1/196 | Loss: 0.5200 | Acc: 83.59%
[2025-05-28 19:19:38,014] INFO: Epoch 75 | Step 101/196 | Loss: 0.4946 | Acc: 83.88%
[2025-05-28 19:19:51,778] INFO: Epoch 75 training completed
[2025-05-28 19:19:53,520] INFO: Test Loss: 0.8137 | Test Acc: 73.27%
[2025-05-28 19:19:53,921] INFO: Epoch 76 | Step 1/196 | Loss: 0.5180 | Acc: 82.03%
[2025-05-28 19:20:08,457] INFO: Epoch 76 | Step 101/196 | Loss: 0.4865 | Acc: 84.24%
[2025-05-28 19:20:22,205] INFO: Epoch 76 training completed
[2025-05-28 19:20:23,954] INFO: Test Loss: 1.3825 | Test Acc: 59.89%
[2025-05-28 19:20:24,351] INFO: Epoch 77 | Step 1/196 | Loss: 0.4824 | Acc: 83.98%
[2025-05-28 19:20:38,933] INFO: Epoch 77 | Step 101/196 | Loss: 0.4859 | Acc: 84.25%
[2025-05-28 19:20:52,686] INFO: Epoch 77 training completed
[2025-05-28 19:20:54,430] INFO: Test Loss: 0.7757 | Test Acc: 74.47%
[2025-05-28 19:20:54,819] INFO: Epoch 78 | Step 1/196 | Loss: 0.5777 | Acc: 78.91%
[2025-05-28 19:21:09,382] INFO: Epoch 78 | Step 101/196 | Loss: 0.4728 | Acc: 84.75%
[2025-05-28 19:21:23,139] INFO: Epoch 78 training completed
[2025-05-28 19:21:24,888] INFO: Test Loss: 0.8784 | Test Acc: 71.24%
[2025-05-28 19:21:25,292] INFO: Epoch 79 | Step 1/196 | Loss: 0.4041 | Acc: 87.89%
[2025-05-28 19:21:39,830] INFO: Epoch 79 | Step 101/196 | Loss: 0.4849 | Acc: 84.40%
[2025-05-28 19:21:53,580] INFO: Epoch 79 training completed
[2025-05-28 19:21:55,330] INFO: Test Loss: 0.6771 | Test Acc: 77.50%
[2025-05-28 19:21:55,743] INFO: Epoch 80 | Step 1/196 | Loss: 0.5430 | Acc: 82.42%
[2025-05-28 19:22:10,285] INFO: Epoch 80 | Step 101/196 | Loss: 0.4767 | Acc: 84.65%
[2025-05-28 19:22:24,022] INFO: Epoch 80 training completed
[2025-05-28 19:22:25,766] INFO: Test Loss: 0.7042 | Test Acc: 76.59%
[2025-05-28 19:22:26,175] INFO: Epoch 81 | Step 1/196 | Loss: 0.4822 | Acc: 84.77%
[2025-05-28 19:22:40,782] INFO: Epoch 81 | Step 101/196 | Loss: 0.4739 | Acc: 84.95%
[2025-05-28 19:22:54,533] INFO: Epoch 81 training completed
[2025-05-28 19:22:56,272] INFO: Test Loss: 0.8976 | Test Acc: 70.15%
[2025-05-28 19:22:56,669] INFO: Epoch 82 | Step 1/196 | Loss: 0.5194 | Acc: 83.98%
[2025-05-28 19:23:11,224] INFO: Epoch 82 | Step 101/196 | Loss: 0.4756 | Acc: 84.72%
[2025-05-28 19:23:24,972] INFO: Epoch 82 training completed
[2025-05-28 19:23:26,717] INFO: Test Loss: 0.7190 | Test Acc: 75.97%
[2025-05-28 19:23:27,119] INFO: Epoch 83 | Step 1/196 | Loss: 0.5165 | Acc: 84.77%
[2025-05-28 19:23:41,653] INFO: Epoch 83 | Step 101/196 | Loss: 0.4706 | Acc: 84.92%
[2025-05-28 19:23:55,391] INFO: Epoch 83 training completed
[2025-05-28 19:23:57,133] INFO: Test Loss: 0.9414 | Test Acc: 69.42%
[2025-05-28 19:23:57,545] INFO: Epoch 84 | Step 1/196 | Loss: 0.4623 | Acc: 86.72%
[2025-05-28 19:24:12,115] INFO: Epoch 84 | Step 101/196 | Loss: 0.4748 | Acc: 84.68%
[2025-05-28 19:24:25,867] INFO: Epoch 84 training completed
[2025-05-28 19:24:27,617] INFO: Test Loss: 0.8505 | Test Acc: 71.64%
[2025-05-28 19:24:28,133] INFO: Epoch 85 | Step 1/196 | Loss: 0.4856 | Acc: 84.38%
[2025-05-28 19:24:42,682] INFO: Epoch 85 | Step 101/196 | Loss: 0.4708 | Acc: 84.93%
[2025-05-28 19:24:56,426] INFO: Epoch 85 training completed
[2025-05-28 19:24:58,166] INFO: Test Loss: 0.9016 | Test Acc: 70.06%
[2025-05-28 19:24:58,560] INFO: Epoch 86 | Step 1/196 | Loss: 0.4508 | Acc: 85.94%
[2025-05-28 19:25:13,125] INFO: Epoch 86 | Step 101/196 | Loss: 0.4689 | Acc: 84.84%
[2025-05-28 19:25:26,877] INFO: Epoch 86 training completed
[2025-05-28 19:25:28,625] INFO: Test Loss: 0.6106 | Test Acc: 79.74%
[2025-05-28 19:25:29,025] INFO: Epoch 87 | Step 1/196 | Loss: 0.4243 | Acc: 86.33%
[2025-05-28 19:25:43,571] INFO: Epoch 87 | Step 101/196 | Loss: 0.4714 | Acc: 84.75%
[2025-05-28 19:25:57,320] INFO: Epoch 87 training completed
[2025-05-28 19:25:59,084] INFO: Test Loss: 1.4091 | Test Acc: 58.08%
[2025-05-28 19:25:59,473] INFO: Epoch 88 | Step 1/196 | Loss: 0.5381 | Acc: 81.64%
[2025-05-28 19:26:14,001] INFO: Epoch 88 | Step 101/196 | Loss: 0.4722 | Acc: 84.90%
[2025-05-28 19:26:27,772] INFO: Epoch 88 training completed
[2025-05-28 19:26:29,524] INFO: Test Loss: 0.7914 | Test Acc: 74.62%
[2025-05-28 19:26:30,012] INFO: Epoch 89 | Step 1/196 | Loss: 0.5413 | Acc: 83.20%
[2025-05-28 19:26:44,579] INFO: Epoch 89 | Step 101/196 | Loss: 0.4780 | Acc: 84.56%
[2025-05-28 19:26:58,317] INFO: Epoch 89 training completed
[2025-05-28 19:27:00,059] INFO: Test Loss: 0.8935 | Test Acc: 71.28%
[2025-05-28 19:27:00,461] INFO: Epoch 90 | Step 1/196 | Loss: 0.4963 | Acc: 82.81%
[2025-05-28 19:27:15,015] INFO: Epoch 90 | Step 101/196 | Loss: 0.4706 | Acc: 84.83%
[2025-05-28 19:27:28,770] INFO: Epoch 90 training completed
[2025-05-28 19:27:30,517] INFO: Test Loss: 0.6657 | Test Acc: 78.03%
[2025-05-28 19:27:30,917] INFO: Epoch 91 | Step 1/196 | Loss: 0.5273 | Acc: 81.64%
[2025-05-28 19:27:45,450] INFO: Epoch 91 | Step 101/196 | Loss: 0.4611 | Acc: 85.26%
[2025-05-28 19:27:59,212] INFO: Epoch 91 training completed
[2025-05-28 19:28:00,959] INFO: Test Loss: 0.7671 | Test Acc: 75.08%
[2025-05-28 19:28:01,371] INFO: Epoch 92 | Step 1/196 | Loss: 0.5003 | Acc: 82.42%
[2025-05-28 19:28:15,921] INFO: Epoch 92 | Step 101/196 | Loss: 0.4570 | Acc: 85.42%
[2025-05-28 19:28:29,667] INFO: Epoch 92 training completed
[2025-05-28 19:28:31,414] INFO: Test Loss: 1.0255 | Test Acc: 67.74%
[2025-05-28 19:28:31,903] INFO: Epoch 93 | Step 1/196 | Loss: 0.4543 | Acc: 85.94%
[2025-05-28 19:28:46,479] INFO: Epoch 93 | Step 101/196 | Loss: 0.4630 | Acc: 84.94%
[2025-05-28 19:29:00,228] INFO: Epoch 93 training completed
[2025-05-28 19:29:01,969] INFO: Test Loss: 0.8919 | Test Acc: 70.06%
[2025-05-28 19:29:02,378] INFO: Epoch 94 | Step 1/196 | Loss: 0.4936 | Acc: 83.20%
[2025-05-28 19:29:16,916] INFO: Epoch 94 | Step 101/196 | Loss: 0.4686 | Acc: 85.01%
[2025-05-28 19:29:30,670] INFO: Epoch 94 training completed
[2025-05-28 19:29:32,410] INFO: Test Loss: 1.0315 | Test Acc: 66.91%
[2025-05-28 19:29:32,823] INFO: Epoch 95 | Step 1/196 | Loss: 0.3855 | Acc: 88.67%
[2025-05-28 19:29:47,369] INFO: Epoch 95 | Step 101/196 | Loss: 0.4570 | Acc: 85.25%
[2025-05-28 19:30:01,149] INFO: Epoch 95 training completed
[2025-05-28 19:30:02,894] INFO: Test Loss: 0.8962 | Test Acc: 70.22%
[2025-05-28 19:30:03,294] INFO: Epoch 96 | Step 1/196 | Loss: 0.5027 | Acc: 82.03%
[2025-05-28 19:30:17,861] INFO: Epoch 96 | Step 101/196 | Loss: 0.4587 | Acc: 85.28%
[2025-05-28 19:30:31,623] INFO: Epoch 96 training completed
[2025-05-28 19:30:33,371] INFO: Test Loss: 0.8013 | Test Acc: 75.14%
[2025-05-28 19:30:33,759] INFO: Epoch 97 | Step 1/196 | Loss: 0.4450 | Acc: 85.94%
[2025-05-28 19:30:48,350] INFO: Epoch 97 | Step 101/196 | Loss: 0.4555 | Acc: 85.27%
[2025-05-28 19:31:02,138] INFO: Epoch 97 training completed
[2025-05-28 19:31:03,892] INFO: Test Loss: 0.5999 | Test Acc: 79.29%
[2025-05-28 19:31:04,299] INFO: Epoch 98 | Step 1/196 | Loss: 0.4574 | Acc: 85.55%
[2025-05-28 19:31:18,837] INFO: Epoch 98 | Step 101/196 | Loss: 0.4466 | Acc: 85.71%
[2025-05-28 19:31:32,608] INFO: Epoch 98 training completed
[2025-05-28 19:31:34,349] INFO: Test Loss: 1.0518 | Test Acc: 67.78%
[2025-05-28 19:31:34,747] INFO: Epoch 99 | Step 1/196 | Loss: 0.5143 | Acc: 82.42%
[2025-05-28 19:31:49,298] INFO: Epoch 99 | Step 101/196 | Loss: 0.4471 | Acc: 85.68%
[2025-05-28 19:32:03,049] INFO: Epoch 99 training completed
[2025-05-28 19:32:04,792] INFO: Test Loss: 0.9551 | Test Acc: 69.50%
[2025-05-28 19:32:05,194] INFO: Epoch 100 | Step 1/196 | Loss: 0.4398 | Acc: 86.72%
[2025-05-28 19:32:19,740] INFO: Epoch 100 | Step 101/196 | Loss: 0.4482 | Acc: 85.38%
[2025-05-28 19:32:33,491] INFO: Epoch 100 training completed
[2025-05-28 19:32:35,237] INFO: Test Loss: 0.6770 | Test Acc: 76.96%
[2025-05-28 19:32:35,729] INFO: Epoch 101 | Step 1/196 | Loss: 0.4610 | Acc: 83.59%
[2025-05-28 19:32:50,301] INFO: Epoch 101 | Step 101/196 | Loss: 0.4542 | Acc: 85.33%
[2025-05-28 19:33:04,065] INFO: Epoch 101 training completed
[2025-05-28 19:33:05,817] INFO: Test Loss: 0.7796 | Test Acc: 73.61%
[2025-05-28 19:33:06,230] INFO: Epoch 102 | Step 1/196 | Loss: 0.4240 | Acc: 85.94%
[2025-05-28 19:33:20,780] INFO: Epoch 102 | Step 101/196 | Loss: 0.4474 | Acc: 85.68%
[2025-05-28 19:33:34,523] INFO: Epoch 102 training completed
[2025-05-28 19:33:36,277] INFO: Test Loss: 0.9254 | Test Acc: 69.70%
[2025-05-28 19:33:36,678] INFO: Epoch 103 | Step 1/196 | Loss: 0.5369 | Acc: 81.64%
[2025-05-28 19:33:51,236] INFO: Epoch 103 | Step 101/196 | Loss: 0.4525 | Acc: 85.79%
[2025-05-28 19:34:04,994] INFO: Epoch 103 training completed
[2025-05-28 19:34:06,741] INFO: Test Loss: 0.6030 | Test Acc: 79.67%
[2025-05-28 19:34:07,141] INFO: Epoch 104 | Step 1/196 | Loss: 0.3776 | Acc: 87.89%
[2025-05-28 19:34:21,692] INFO: Epoch 104 | Step 101/196 | Loss: 0.4289 | Acc: 86.18%
[2025-05-28 19:34:35,464] INFO: Epoch 104 training completed
[2025-05-28 19:34:37,203] INFO: Test Loss: 0.9116 | Test Acc: 71.83%
[2025-05-28 19:34:37,704] INFO: Epoch 105 | Step 1/196 | Loss: 0.4755 | Acc: 84.77%
[2025-05-28 19:34:52,255] INFO: Epoch 105 | Step 101/196 | Loss: 0.4358 | Acc: 86.06%
[2025-05-28 19:35:06,019] INFO: Epoch 105 training completed
[2025-05-28 19:35:07,789] INFO: Test Loss: 0.5787 | Test Acc: 80.18%
[2025-05-28 19:35:07,901] INFO: New best accuracy: 80.18%, model saved.
[2025-05-28 19:35:08,301] INFO: Epoch 106 | Step 1/196 | Loss: 0.5399 | Acc: 80.08%
[2025-05-28 19:35:22,837] INFO: Epoch 106 | Step 101/196 | Loss: 0.4431 | Acc: 85.78%
[2025-05-28 19:35:36,589] INFO: Epoch 106 training completed
[2025-05-28 19:35:38,337] INFO: Test Loss: 0.6455 | Test Acc: 78.42%
[2025-05-28 19:35:38,744] INFO: Epoch 107 | Step 1/196 | Loss: 0.4375 | Acc: 86.72%
[2025-05-28 19:35:53,297] INFO: Epoch 107 | Step 101/196 | Loss: 0.4410 | Acc: 85.84%
[2025-05-28 19:36:07,055] INFO: Epoch 107 training completed
[2025-05-28 19:36:08,800] INFO: Test Loss: 0.7972 | Test Acc: 73.97%
[2025-05-28 19:36:09,198] INFO: Epoch 108 | Step 1/196 | Loss: 0.4950 | Acc: 82.81%
[2025-05-28 19:36:23,743] INFO: Epoch 108 | Step 101/196 | Loss: 0.4284 | Acc: 86.42%
[2025-05-28 19:36:37,497] INFO: Epoch 108 training completed
[2025-05-28 19:36:39,256] INFO: Test Loss: 0.6461 | Test Acc: 78.79%
[2025-05-28 19:36:39,698] INFO: Epoch 109 | Step 1/196 | Loss: 0.4361 | Acc: 88.28%
[2025-05-28 19:36:54,256] INFO: Epoch 109 | Step 101/196 | Loss: 0.4330 | Acc: 86.29%
[2025-05-28 19:37:08,014] INFO: Epoch 109 training completed
[2025-05-28 19:37:09,755] INFO: Test Loss: 0.7794 | Test Acc: 76.06%
[2025-05-28 19:37:10,162] INFO: Epoch 110 | Step 1/196 | Loss: 0.3729 | Acc: 88.67%
[2025-05-28 19:37:24,712] INFO: Epoch 110 | Step 101/196 | Loss: 0.4250 | Acc: 86.32%
[2025-05-28 19:37:38,468] INFO: Epoch 110 training completed
[2025-05-28 19:37:40,211] INFO: Test Loss: 0.9591 | Test Acc: 71.17%
[2025-05-28 19:37:40,611] INFO: Epoch 111 | Step 1/196 | Loss: 0.4549 | Acc: 86.33%
[2025-05-28 19:37:55,191] INFO: Epoch 111 | Step 101/196 | Loss: 0.4260 | Acc: 86.46%
[2025-05-28 19:38:08,955] INFO: Epoch 111 training completed
[2025-05-28 19:38:10,695] INFO: Test Loss: 0.5983 | Test Acc: 80.16%
[2025-05-28 19:38:11,093] INFO: Epoch 112 | Step 1/196 | Loss: 0.3651 | Acc: 87.50%
[2025-05-28 19:38:25,651] INFO: Epoch 112 | Step 101/196 | Loss: 0.4220 | Acc: 86.61%
[2025-05-28 19:38:39,421] INFO: Epoch 112 training completed
[2025-05-28 19:38:41,173] INFO: Test Loss: 0.6402 | Test Acc: 78.47%
[2025-05-28 19:38:41,562] INFO: Epoch 113 | Step 1/196 | Loss: 0.4543 | Acc: 83.20%
[2025-05-28 19:38:56,146] INFO: Epoch 113 | Step 101/196 | Loss: 0.4217 | Acc: 86.62%
[2025-05-28 19:39:09,896] INFO: Epoch 113 training completed
[2025-05-28 19:39:11,653] INFO: Test Loss: 0.7349 | Test Acc: 75.46%
[2025-05-28 19:39:12,094] INFO: Epoch 114 | Step 1/196 | Loss: 0.4540 | Acc: 85.55%
[2025-05-28 19:39:26,692] INFO: Epoch 114 | Step 101/196 | Loss: 0.4221 | Acc: 86.43%
[2025-05-28 19:39:40,460] INFO: Epoch 114 training completed
[2025-05-28 19:39:42,214] INFO: Test Loss: 0.5445 | Test Acc: 81.84%
[2025-05-28 19:39:42,324] INFO: New best accuracy: 81.84%, model saved.
[2025-05-28 19:39:42,713] INFO: Epoch 115 | Step 1/196 | Loss: 0.5167 | Acc: 82.42%
[2025-05-28 19:39:57,269] INFO: Epoch 115 | Step 101/196 | Loss: 0.4151 | Acc: 86.83%
[2025-05-28 19:40:11,008] INFO: Epoch 115 training completed
[2025-05-28 19:40:12,760] INFO: Test Loss: 0.5741 | Test Acc: 81.17%
[2025-05-28 19:40:13,163] INFO: Epoch 116 | Step 1/196 | Loss: 0.3874 | Acc: 88.28%
[2025-05-28 19:40:27,730] INFO: Epoch 116 | Step 101/196 | Loss: 0.4109 | Acc: 86.89%
[2025-05-28 19:40:41,511] INFO: Epoch 116 training completed
[2025-05-28 19:40:43,253] INFO: Test Loss: 0.5737 | Test Acc: 81.54%
[2025-05-28 19:40:43,660] INFO: Epoch 117 | Step 1/196 | Loss: 0.5262 | Acc: 84.38%
[2025-05-28 19:40:58,209] INFO: Epoch 117 | Step 101/196 | Loss: 0.4146 | Acc: 87.03%
[2025-05-28 19:41:11,970] INFO: Epoch 117 training completed
[2025-05-28 19:41:13,717] INFO: Test Loss: 0.5691 | Test Acc: 80.17%
[2025-05-28 19:41:14,126] INFO: Epoch 118 | Step 1/196 | Loss: 0.3467 | Acc: 89.45%
[2025-05-28 19:41:28,668] INFO: Epoch 118 | Step 101/196 | Loss: 0.4058 | Acc: 87.07%
[2025-05-28 19:41:42,432] INFO: Epoch 118 training completed
[2025-05-28 19:41:44,172] INFO: Test Loss: 0.5884 | Test Acc: 80.91%
[2025-05-28 19:41:44,576] INFO: Epoch 119 | Step 1/196 | Loss: 0.4433 | Acc: 84.77%
[2025-05-28 19:41:59,145] INFO: Epoch 119 | Step 101/196 | Loss: 0.4035 | Acc: 87.09%
[2025-05-28 19:42:12,901] INFO: Epoch 119 training completed
[2025-05-28 19:42:14,641] INFO: Test Loss: 0.8150 | Test Acc: 73.56%
[2025-05-28 19:42:15,044] INFO: Epoch 120 | Step 1/196 | Loss: 0.3283 | Acc: 90.62%
[2025-05-28 19:42:29,632] INFO: Epoch 120 | Step 101/196 | Loss: 0.3971 | Acc: 87.37%
[2025-05-28 19:42:43,381] INFO: Epoch 120 training completed
[2025-05-28 19:42:45,129] INFO: Test Loss: 0.6093 | Test Acc: 81.11%
[2025-05-28 19:42:45,528] INFO: Epoch 121 | Step 1/196 | Loss: 0.3082 | Acc: 92.97%
[2025-05-28 19:43:00,090] INFO: Epoch 121 | Step 101/196 | Loss: 0.3928 | Acc: 87.55%
[2025-05-28 19:43:13,849] INFO: Epoch 121 training completed
[2025-05-28 19:43:15,585] INFO: Test Loss: 0.5713 | Test Acc: 81.27%
[2025-05-28 19:43:15,983] INFO: Epoch 122 | Step 1/196 | Loss: 0.3915 | Acc: 88.28%
[2025-05-28 19:43:30,537] INFO: Epoch 122 | Step 101/196 | Loss: 0.3927 | Acc: 87.46%
[2025-05-28 19:43:44,292] INFO: Epoch 122 training completed
[2025-05-28 19:43:46,037] INFO: Test Loss: 0.7432 | Test Acc: 75.49%
[2025-05-28 19:43:46,437] INFO: Epoch 123 | Step 1/196 | Loss: 0.3950 | Acc: 87.11%
[2025-05-28 19:44:01,000] INFO: Epoch 123 | Step 101/196 | Loss: 0.3888 | Acc: 87.88%
[2025-05-28 19:44:14,752] INFO: Epoch 123 training completed
[2025-05-28 19:44:16,491] INFO: Test Loss: 0.6914 | Test Acc: 78.03%
[2025-05-28 19:44:16,978] INFO: Epoch 124 | Step 1/196 | Loss: 0.3972 | Acc: 87.50%
[2025-05-28 19:44:31,520] INFO: Epoch 124 | Step 101/196 | Loss: 0.3892 | Acc: 87.58%
[2025-05-28 19:44:45,267] INFO: Epoch 124 training completed
[2025-05-28 19:44:47,012] INFO: Test Loss: 0.7461 | Test Acc: 76.82%
[2025-05-28 19:44:47,414] INFO: Epoch 125 | Step 1/196 | Loss: 0.3733 | Acc: 87.11%
[2025-05-28 19:45:01,960] INFO: Epoch 125 | Step 101/196 | Loss: 0.3939 | Acc: 87.56%
[2025-05-28 19:45:15,718] INFO: Epoch 125 training completed
[2025-05-28 19:45:17,466] INFO: Test Loss: 0.9443 | Test Acc: 70.35%
[2025-05-28 19:45:17,873] INFO: Epoch 126 | Step 1/196 | Loss: 0.3888 | Acc: 87.50%
[2025-05-28 19:45:32,429] INFO: Epoch 126 | Step 101/196 | Loss: 0.3778 | Acc: 88.01%
[2025-05-28 19:45:46,190] INFO: Epoch 126 training completed
[2025-05-28 19:45:47,942] INFO: Test Loss: 0.7577 | Test Acc: 75.31%
[2025-05-28 19:45:48,336] INFO: Epoch 127 | Step 1/196 | Loss: 0.4617 | Acc: 85.55%
[2025-05-28 19:46:02,893] INFO: Epoch 127 | Step 101/196 | Loss: 0.3739 | Acc: 88.45%
[2025-05-28 19:46:16,688] INFO: Epoch 127 training completed
[2025-05-28 19:46:18,427] INFO: Test Loss: 0.7110 | Test Acc: 77.63%
[2025-05-28 19:46:18,836] INFO: Epoch 128 | Step 1/196 | Loss: 0.3365 | Acc: 89.45%
[2025-05-28 19:46:33,425] INFO: Epoch 128 | Step 101/196 | Loss: 0.3712 | Acc: 88.29%
[2025-05-28 19:46:47,189] INFO: Epoch 128 training completed
[2025-05-28 19:46:48,932] INFO: Test Loss: 0.9302 | Test Acc: 70.62%
[2025-05-28 19:46:49,335] INFO: Epoch 129 | Step 1/196 | Loss: 0.4083 | Acc: 84.38%
[2025-05-28 19:47:03,883] INFO: Epoch 129 | Step 101/196 | Loss: 0.3738 | Acc: 88.30%
[2025-05-28 19:47:17,648] INFO: Epoch 129 training completed
[2025-05-28 19:47:19,396] INFO: Test Loss: 0.6588 | Test Acc: 79.05%
[2025-05-28 19:47:19,797] INFO: Epoch 130 | Step 1/196 | Loss: 0.3424 | Acc: 89.06%
[2025-05-28 19:47:34,351] INFO: Epoch 130 | Step 101/196 | Loss: 0.3706 | Acc: 88.29%
[2025-05-28 19:47:48,131] INFO: Epoch 130 training completed
[2025-05-28 19:47:49,868] INFO: Test Loss: 0.5698 | Test Acc: 81.25%
[2025-05-28 19:47:50,258] INFO: Epoch 131 | Step 1/196 | Loss: 0.4095 | Acc: 86.72%
[2025-05-28 19:48:04,815] INFO: Epoch 131 | Step 101/196 | Loss: 0.3644 | Acc: 88.53%
[2025-05-28 19:48:18,562] INFO: Epoch 131 training completed
[2025-05-28 19:48:20,301] INFO: Test Loss: 0.4355 | Test Acc: 85.97%
[2025-05-28 19:48:20,409] INFO: New best accuracy: 85.97%, model saved.
[2025-05-28 19:48:20,803] INFO: Epoch 132 | Step 1/196 | Loss: 0.4115 | Acc: 87.89%
[2025-05-28 19:48:35,376] INFO: Epoch 132 | Step 101/196 | Loss: 0.3664 | Acc: 88.41%
[2025-05-28 19:48:49,121] INFO: Epoch 132 training completed
[2025-05-28 19:48:50,858] INFO: Test Loss: 0.5606 | Test Acc: 81.63%
[2025-05-28 19:48:51,277] INFO: Epoch 133 | Step 1/196 | Loss: 0.2675 | Acc: 93.36%
[2025-05-28 19:49:05,827] INFO: Epoch 133 | Step 101/196 | Loss: 0.3570 | Acc: 88.73%
[2025-05-28 19:49:19,619] INFO: Epoch 133 training completed
[2025-05-28 19:49:21,358] INFO: Test Loss: 1.4140 | Test Acc: 59.99%
[2025-05-28 19:49:21,757] INFO: Epoch 134 | Step 1/196 | Loss: 0.3663 | Acc: 87.11%
[2025-05-28 19:49:36,311] INFO: Epoch 134 | Step 101/196 | Loss: 0.3592 | Acc: 88.63%
[2025-05-28 19:49:50,066] INFO: Epoch 134 training completed
[2025-05-28 19:49:51,804] INFO: Test Loss: 0.7938 | Test Acc: 74.98%
[2025-05-28 19:49:52,300] INFO: Epoch 135 | Step 1/196 | Loss: 0.3812 | Acc: 88.67%
[2025-05-28 19:50:06,862] INFO: Epoch 135 | Step 101/196 | Loss: 0.3490 | Acc: 89.07%
[2025-05-28 19:50:20,639] INFO: Epoch 135 training completed
[2025-05-28 19:50:22,380] INFO: Test Loss: 0.5242 | Test Acc: 82.35%
[2025-05-28 19:50:22,783] INFO: Epoch 136 | Step 1/196 | Loss: 0.3024 | Acc: 90.62%
[2025-05-28 19:50:37,351] INFO: Epoch 136 | Step 101/196 | Loss: 0.3413 | Acc: 89.24%
[2025-05-28 19:50:51,108] INFO: Epoch 136 training completed
[2025-05-28 19:50:52,844] INFO: Test Loss: 1.0039 | Test Acc: 70.34%
[2025-05-28 19:50:53,249] INFO: Epoch 137 | Step 1/196 | Loss: 0.4166 | Acc: 85.94%
[2025-05-28 19:51:07,793] INFO: Epoch 137 | Step 101/196 | Loss: 0.3415 | Acc: 89.26%
[2025-05-28 19:51:21,551] INFO: Epoch 137 training completed
[2025-05-28 19:51:23,297] INFO: Test Loss: 0.5214 | Test Acc: 82.40%
[2025-05-28 19:51:23,698] INFO: Epoch 138 | Step 1/196 | Loss: 0.3173 | Acc: 90.62%
[2025-05-28 19:51:38,248] INFO: Epoch 138 | Step 101/196 | Loss: 0.3476 | Acc: 88.95%
[2025-05-28 19:51:52,017] INFO: Epoch 138 training completed
[2025-05-28 19:51:53,771] INFO: Test Loss: 0.4872 | Test Acc: 84.13%
[2025-05-28 19:51:54,264] INFO: Epoch 139 | Step 1/196 | Loss: 0.4133 | Acc: 89.45%
[2025-05-28 19:52:08,807] INFO: Epoch 139 | Step 101/196 | Loss: 0.3393 | Acc: 89.55%
[2025-05-28 19:52:22,568] INFO: Epoch 139 training completed
[2025-05-28 19:52:24,313] INFO: Test Loss: 0.4300 | Test Acc: 86.25%
[2025-05-28 19:52:24,424] INFO: New best accuracy: 86.25%, model saved.
[2025-05-28 19:52:24,818] INFO: Epoch 140 | Step 1/196 | Loss: 0.2626 | Acc: 92.58%
[2025-05-28 19:52:39,370] INFO: Epoch 140 | Step 101/196 | Loss: 0.3285 | Acc: 89.78%
[2025-05-28 19:52:53,125] INFO: Epoch 140 training completed
[2025-05-28 19:52:54,866] INFO: Test Loss: 0.4999 | Test Acc: 83.63%
[2025-05-28 19:52:55,267] INFO: Epoch 141 | Step 1/196 | Loss: 0.3871 | Acc: 87.89%
[2025-05-28 19:53:09,805] INFO: Epoch 141 | Step 101/196 | Loss: 0.3401 | Acc: 89.32%
[2025-05-28 19:53:23,571] INFO: Epoch 141 training completed
[2025-05-28 19:53:25,310] INFO: Test Loss: 0.4648 | Test Acc: 84.61%
[2025-05-28 19:53:25,726] INFO: Epoch 142 | Step 1/196 | Loss: 0.3700 | Acc: 89.84%
[2025-05-28 19:53:40,286] INFO: Epoch 142 | Step 101/196 | Loss: 0.3290 | Acc: 89.73%
[2025-05-28 19:53:54,031] INFO: Epoch 142 training completed
[2025-05-28 19:53:55,773] INFO: Test Loss: 0.4558 | Test Acc: 85.29%
[2025-05-28 19:53:56,266] INFO: Epoch 143 | Step 1/196 | Loss: 0.3261 | Acc: 89.84%
[2025-05-28 19:54:10,820] INFO: Epoch 143 | Step 101/196 | Loss: 0.3226 | Acc: 90.04%
[2025-05-28 19:54:24,617] INFO: Epoch 143 training completed
[2025-05-28 19:54:26,355] INFO: Test Loss: 0.4267 | Test Acc: 86.22%
[2025-05-28 19:54:26,764] INFO: Epoch 144 | Step 1/196 | Loss: 0.4056 | Acc: 87.89%
[2025-05-28 19:54:41,297] INFO: Epoch 144 | Step 101/196 | Loss: 0.3101 | Acc: 90.42%
[2025-05-28 19:54:55,070] INFO: Epoch 144 training completed
[2025-05-28 19:54:56,829] INFO: Test Loss: 0.5059 | Test Acc: 84.09%
[2025-05-28 19:54:57,234] INFO: Epoch 145 | Step 1/196 | Loss: 0.4103 | Acc: 85.55%
[2025-05-28 19:55:11,783] INFO: Epoch 145 | Step 101/196 | Loss: 0.3101 | Acc: 90.27%
[2025-05-28 19:55:25,560] INFO: Epoch 145 training completed
[2025-05-28 19:55:27,305] INFO: Test Loss: 0.4429 | Test Acc: 86.02%
[2025-05-28 19:55:27,710] INFO: Epoch 146 | Step 1/196 | Loss: 0.2883 | Acc: 89.45%
[2025-05-28 19:55:42,265] INFO: Epoch 146 | Step 101/196 | Loss: 0.3102 | Acc: 90.24%
[2025-05-28 19:55:56,029] INFO: Epoch 146 training completed
[2025-05-28 19:55:57,762] INFO: Test Loss: 0.4986 | Test Acc: 83.85%
[2025-05-28 19:55:58,255] INFO: Epoch 147 | Step 1/196 | Loss: 0.2496 | Acc: 92.58%
[2025-05-28 19:56:12,809] INFO: Epoch 147 | Step 101/196 | Loss: 0.3083 | Acc: 90.33%
[2025-05-28 19:56:26,570] INFO: Epoch 147 training completed
[2025-05-28 19:56:28,318] INFO: Test Loss: 0.5562 | Test Acc: 82.06%
[2025-05-28 19:56:28,732] INFO: Epoch 148 | Step 1/196 | Loss: 0.2744 | Acc: 91.02%
[2025-05-28 19:56:43,268] INFO: Epoch 148 | Step 101/196 | Loss: 0.3109 | Acc: 90.36%
[2025-05-28 19:56:57,008] INFO: Epoch 148 training completed
[2025-05-28 19:56:58,739] INFO: Test Loss: 0.4933 | Test Acc: 83.84%
[2025-05-28 19:56:59,138] INFO: Epoch 149 | Step 1/196 | Loss: 0.2734 | Acc: 92.97%
[2025-05-28 19:57:13,679] INFO: Epoch 149 | Step 101/196 | Loss: 0.2967 | Acc: 90.77%
[2025-05-28 19:57:27,427] INFO: Epoch 149 training completed
[2025-05-28 19:57:29,171] INFO: Test Loss: 0.4444 | Test Acc: 85.41%
[2025-05-28 19:57:29,580] INFO: Epoch 150 | Step 1/196 | Loss: 0.3113 | Acc: 91.02%
[2025-05-28 19:57:44,147] INFO: Epoch 150 | Step 101/196 | Loss: 0.2879 | Acc: 91.10%
[2025-05-28 19:57:57,916] INFO: Epoch 150 training completed
[2025-05-28 19:57:59,663] INFO: Test Loss: 0.4293 | Test Acc: 86.13%
[2025-05-28 19:58:00,059] INFO: Epoch 151 | Step 1/196 | Loss: 0.3188 | Acc: 90.23%
[2025-05-28 19:58:14,633] INFO: Epoch 151 | Step 101/196 | Loss: 0.2876 | Acc: 91.18%
[2025-05-28 19:58:28,386] INFO: Epoch 151 training completed
[2025-05-28 19:58:30,133] INFO: Test Loss: 0.4248 | Test Acc: 86.49%
[2025-05-28 19:58:30,245] INFO: New best accuracy: 86.49%, model saved.
[2025-05-28 19:58:30,649] INFO: Epoch 152 | Step 1/196 | Loss: 0.3681 | Acc: 87.50%
[2025-05-28 19:58:45,200] INFO: Epoch 152 | Step 101/196 | Loss: 0.2890 | Acc: 91.02%
[2025-05-28 19:58:58,953] INFO: Epoch 152 training completed
[2025-05-28 19:59:00,698] INFO: Test Loss: 0.4680 | Test Acc: 84.94%
[2025-05-28 19:59:01,102] INFO: Epoch 153 | Step 1/196 | Loss: 0.2709 | Acc: 91.41%
[2025-05-28 19:59:15,652] INFO: Epoch 153 | Step 101/196 | Loss: 0.2851 | Acc: 91.14%
[2025-05-28 19:59:29,416] INFO: Epoch 153 training completed
[2025-05-28 19:59:31,160] INFO: Test Loss: 0.4099 | Test Acc: 86.88%
[2025-05-28 19:59:31,273] INFO: New best accuracy: 86.88%, model saved.
[2025-05-28 19:59:31,667] INFO: Epoch 154 | Step 1/196 | Loss: 0.3162 | Acc: 89.06%
[2025-05-28 19:59:46,228] INFO: Epoch 154 | Step 101/196 | Loss: 0.2742 | Acc: 91.70%
[2025-05-28 19:59:59,999] INFO: Epoch 154 training completed
[2025-05-28 20:00:01,739] INFO: Test Loss: 0.4265 | Test Acc: 86.15%
[2025-05-28 20:00:02,133] INFO: Epoch 155 | Step 1/196 | Loss: 0.2779 | Acc: 89.84%
[2025-05-28 20:00:16,705] INFO: Epoch 155 | Step 101/196 | Loss: 0.2675 | Acc: 91.87%
[2025-05-28 20:00:30,473] INFO: Epoch 155 training completed
[2025-05-28 20:00:32,216] INFO: Test Loss: 0.4132 | Test Acc: 86.75%
[2025-05-28 20:00:32,605] INFO: Epoch 156 | Step 1/196 | Loss: 0.2788 | Acc: 89.84%
[2025-05-28 20:00:47,155] INFO: Epoch 156 | Step 101/196 | Loss: 0.2664 | Acc: 91.91%
[2025-05-28 20:01:00,916] INFO: Epoch 156 training completed
[2025-05-28 20:01:02,679] INFO: Test Loss: 0.4457 | Test Acc: 85.79%
[2025-05-28 20:01:03,089] INFO: Epoch 157 | Step 1/196 | Loss: 0.2524 | Acc: 92.97%
[2025-05-28 20:01:17,648] INFO: Epoch 157 | Step 101/196 | Loss: 0.2660 | Acc: 91.99%
[2025-05-28 20:01:31,408] INFO: Epoch 157 training completed
[2025-05-28 20:01:33,140] INFO: Test Loss: 0.4322 | Test Acc: 85.95%
[2025-05-28 20:01:33,547] INFO: Epoch 158 | Step 1/196 | Loss: 0.2949 | Acc: 91.02%
[2025-05-28 20:01:48,096] INFO: Epoch 158 | Step 101/196 | Loss: 0.2592 | Acc: 92.08%
[2025-05-28 20:02:01,852] INFO: Epoch 158 training completed
[2025-05-28 20:02:03,592] INFO: Test Loss: 0.4468 | Test Acc: 85.54%
[2025-05-28 20:02:03,987] INFO: Epoch 159 | Step 1/196 | Loss: 0.2552 | Acc: 94.14%
[2025-05-28 20:02:18,558] INFO: Epoch 159 | Step 101/196 | Loss: 0.2543 | Acc: 92.29%
[2025-05-28 20:02:32,299] INFO: Epoch 159 training completed
[2025-05-28 20:02:34,044] INFO: Test Loss: 0.3908 | Test Acc: 87.50%
[2025-05-28 20:02:34,155] INFO: New best accuracy: 87.50%, model saved.
[2025-05-28 20:02:34,553] INFO: Epoch 160 | Step 1/196 | Loss: 0.2704 | Acc: 93.75%
[2025-05-28 20:02:49,112] INFO: Epoch 160 | Step 101/196 | Loss: 0.2494 | Acc: 92.40%
[2025-05-28 20:03:02,910] INFO: Epoch 160 training completed
[2025-05-28 20:03:04,647] INFO: Test Loss: 0.3814 | Test Acc: 88.05%
[2025-05-28 20:03:04,759] INFO: New best accuracy: 88.05%, model saved.
[2025-05-28 20:03:05,149] INFO: Epoch 161 | Step 1/196 | Loss: 0.2285 | Acc: 92.58%
[2025-05-28 20:03:19,704] INFO: Epoch 161 | Step 101/196 | Loss: 0.2402 | Acc: 92.63%
[2025-05-28 20:03:33,495] INFO: Epoch 161 training completed
[2025-05-28 20:03:35,234] INFO: Test Loss: 0.3878 | Test Acc: 87.40%
[2025-05-28 20:03:35,634] INFO: Epoch 162 | Step 1/196 | Loss: 0.2108 | Acc: 94.92%
[2025-05-28 20:03:50,206] INFO: Epoch 162 | Step 101/196 | Loss: 0.2433 | Acc: 92.61%
[2025-05-28 20:04:04,009] INFO: Epoch 162 training completed
[2025-05-28 20:04:05,749] INFO: Test Loss: 0.3154 | Test Acc: 90.13%
[2025-05-28 20:04:05,858] INFO: New best accuracy: 90.13%, model saved.
[2025-05-28 20:04:06,256] INFO: Epoch 163 | Step 1/196 | Loss: 0.2188 | Acc: 94.53%
[2025-05-28 20:04:20,859] INFO: Epoch 163 | Step 101/196 | Loss: 0.2304 | Acc: 93.10%
[2025-05-28 20:04:34,654] INFO: Epoch 163 training completed
[2025-05-28 20:04:36,399] INFO: Test Loss: 0.3999 | Test Acc: 87.15%
[2025-05-28 20:04:36,803] INFO: Epoch 164 | Step 1/196 | Loss: 0.2233 | Acc: 94.92%
[2025-05-28 20:04:51,360] INFO: Epoch 164 | Step 101/196 | Loss: 0.2288 | Acc: 93.17%
[2025-05-28 20:05:05,110] INFO: Epoch 164 training completed
[2025-05-28 20:05:06,849] INFO: Test Loss: 0.3462 | Test Acc: 89.38%
[2025-05-28 20:05:07,250] INFO: Epoch 165 | Step 1/196 | Loss: 0.2815 | Acc: 91.80%
[2025-05-28 20:05:21,857] INFO: Epoch 165 | Step 101/196 | Loss: 0.2241 | Acc: 93.33%
[2025-05-28 20:05:35,614] INFO: Epoch 165 training completed
[2025-05-28 20:05:37,353] INFO: Test Loss: 0.3682 | Test Acc: 88.70%
[2025-05-28 20:05:37,762] INFO: Epoch 166 | Step 1/196 | Loss: 0.2312 | Acc: 93.75%
[2025-05-28 20:05:52,330] INFO: Epoch 166 | Step 101/196 | Loss: 0.2124 | Acc: 93.82%
[2025-05-28 20:06:06,103] INFO: Epoch 166 training completed
[2025-05-28 20:06:07,843] INFO: Test Loss: 0.3791 | Test Acc: 88.12%
[2025-05-28 20:06:08,257] INFO: Epoch 167 | Step 1/196 | Loss: 0.1445 | Acc: 95.31%
[2025-05-28 20:06:22,845] INFO: Epoch 167 | Step 101/196 | Loss: 0.2143 | Acc: 93.62%
[2025-05-28 20:06:36,608] INFO: Epoch 167 training completed
[2025-05-28 20:06:38,350] INFO: Test Loss: 0.3576 | Test Acc: 88.69%
[2025-05-28 20:06:38,742] INFO: Epoch 168 | Step 1/196 | Loss: 0.1674 | Acc: 96.09%
[2025-05-28 20:06:53,311] INFO: Epoch 168 | Step 101/196 | Loss: 0.2044 | Acc: 94.06%
[2025-05-28 20:07:07,070] INFO: Epoch 168 training completed
[2025-05-28 20:07:08,820] INFO: Test Loss: 0.3092 | Test Acc: 90.50%
[2025-05-28 20:07:08,930] INFO: New best accuracy: 90.50%, model saved.
[2025-05-28 20:07:09,407] INFO: Epoch 169 | Step 1/196 | Loss: 0.1815 | Acc: 94.53%
[2025-05-28 20:07:23,994] INFO: Epoch 169 | Step 101/196 | Loss: 0.2016 | Acc: 94.17%
[2025-05-28 20:07:37,764] INFO: Epoch 169 training completed
[2025-05-28 20:07:39,509] INFO: Test Loss: 0.3355 | Test Acc: 89.51%
[2025-05-28 20:07:39,896] INFO: Epoch 170 | Step 1/196 | Loss: 0.1774 | Acc: 94.92%
[2025-05-28 20:07:54,457] INFO: Epoch 170 | Step 101/196 | Loss: 0.1991 | Acc: 94.28%
[2025-05-28 20:08:08,241] INFO: Epoch 170 training completed
[2025-05-28 20:08:09,992] INFO: Test Loss: 0.3687 | Test Acc: 88.58%
[2025-05-28 20:08:10,408] INFO: Epoch 171 | Step 1/196 | Loss: 0.2330 | Acc: 92.97%
[2025-05-28 20:08:24,966] INFO: Epoch 171 | Step 101/196 | Loss: 0.1836 | Acc: 94.75%
[2025-05-28 20:08:38,724] INFO: Epoch 171 training completed
[2025-05-28 20:08:40,472] INFO: Test Loss: 0.3209 | Test Acc: 90.23%
[2025-05-28 20:08:40,883] INFO: Epoch 172 | Step 1/196 | Loss: 0.2379 | Acc: 94.53%
[2025-05-28 20:08:55,436] INFO: Epoch 172 | Step 101/196 | Loss: 0.1728 | Acc: 95.12%
[2025-05-28 20:09:09,226] INFO: Epoch 172 training completed
[2025-05-28 20:09:10,975] INFO: Test Loss: 0.3203 | Test Acc: 90.42%
[2025-05-28 20:09:11,383] INFO: Epoch 173 | Step 1/196 | Loss: 0.1591 | Acc: 94.92%
[2025-05-28 20:09:26,020] INFO: Epoch 173 | Step 101/196 | Loss: 0.1788 | Acc: 94.88%
[2025-05-28 20:09:39,803] INFO: Epoch 173 training completed
[2025-05-28 20:09:41,548] INFO: Test Loss: 0.3267 | Test Acc: 89.93%
[2025-05-28 20:09:41,954] INFO: Epoch 174 | Step 1/196 | Loss: 0.1497 | Acc: 95.31%
[2025-05-28 20:09:56,527] INFO: Epoch 174 | Step 101/196 | Loss: 0.1750 | Acc: 95.03%
[2025-05-28 20:10:10,292] INFO: Epoch 174 training completed
[2025-05-28 20:10:12,059] INFO: Test Loss: 0.3381 | Test Acc: 89.43%
[2025-05-28 20:10:12,454] INFO: Epoch 175 | Step 1/196 | Loss: 0.1504 | Acc: 95.70%
[2025-05-28 20:10:27,006] INFO: Epoch 175 | Step 101/196 | Loss: 0.1657 | Acc: 95.33%
[2025-05-28 20:10:40,795] INFO: Epoch 175 training completed
[2025-05-28 20:10:42,537] INFO: Test Loss: 0.3132 | Test Acc: 90.16%
[2025-05-28 20:10:42,935] INFO: Epoch 176 | Step 1/196 | Loss: 0.1676 | Acc: 94.14%
[2025-05-28 20:10:57,488] INFO: Epoch 176 | Step 101/196 | Loss: 0.1547 | Acc: 95.70%
[2025-05-28 20:11:11,275] INFO: Epoch 176 training completed
[2025-05-28 20:11:13,017] INFO: Test Loss: 0.3180 | Test Acc: 90.15%
[2025-05-28 20:11:13,464] INFO: Epoch 177 | Step 1/196 | Loss: 0.1155 | Acc: 97.27%
[2025-05-28 20:11:28,035] INFO: Epoch 177 | Step 101/196 | Loss: 0.1511 | Acc: 95.77%
[2025-05-28 20:11:41,801] INFO: Epoch 177 training completed
[2025-05-28 20:11:43,541] INFO: Test Loss: 0.3081 | Test Acc: 90.36%
[2025-05-28 20:11:43,940] INFO: Epoch 178 | Step 1/196 | Loss: 0.1625 | Acc: 95.31%
[2025-05-28 20:11:58,518] INFO: Epoch 178 | Step 101/196 | Loss: 0.1489 | Acc: 95.94%
[2025-05-28 20:12:12,296] INFO: Epoch 178 training completed
[2025-05-28 20:12:14,039] INFO: Test Loss: 0.3017 | Test Acc: 91.04%
[2025-05-28 20:12:14,147] INFO: New best accuracy: 91.04%, model saved.
[2025-05-28 20:12:14,553] INFO: Epoch 179 | Step 1/196 | Loss: 0.1317 | Acc: 96.09%
[2025-05-28 20:12:29,107] INFO: Epoch 179 | Step 101/196 | Loss: 0.1456 | Acc: 95.88%
[2025-05-28 20:12:42,871] INFO: Epoch 179 training completed
[2025-05-28 20:12:44,611] INFO: Test Loss: 0.2949 | Test Acc: 91.08%
[2025-05-28 20:12:44,721] INFO: New best accuracy: 91.08%, model saved.
[2025-05-28 20:12:45,125] INFO: Epoch 180 | Step 1/196 | Loss: 0.1025 | Acc: 98.05%
[2025-05-28 20:12:59,691] INFO: Epoch 180 | Step 101/196 | Loss: 0.1325 | Acc: 96.58%
[2025-05-28 20:13:13,496] INFO: Epoch 180 training completed
[2025-05-28 20:13:15,237] INFO: Test Loss: 0.3002 | Test Acc: 90.99%
[2025-05-28 20:13:15,631] INFO: Epoch 181 | Step 1/196 | Loss: 0.1328 | Acc: 96.48%
[2025-05-28 20:13:30,188] INFO: Epoch 181 | Step 101/196 | Loss: 0.1296 | Acc: 96.67%
[2025-05-28 20:13:43,943] INFO: Epoch 181 training completed
[2025-05-28 20:13:45,692] INFO: Test Loss: 0.2956 | Test Acc: 91.24%
[2025-05-28 20:13:45,802] INFO: New best accuracy: 91.24%, model saved.
[2025-05-28 20:13:46,204] INFO: Epoch 182 | Step 1/196 | Loss: 0.1430 | Acc: 96.09%
[2025-05-28 20:14:00,785] INFO: Epoch 182 | Step 101/196 | Loss: 0.1238 | Acc: 96.75%
[2025-05-28 20:14:14,557] INFO: Epoch 182 training completed
[2025-05-28 20:14:16,298] INFO: Test Loss: 0.2911 | Test Acc: 91.45%
[2025-05-28 20:14:16,409] INFO: New best accuracy: 91.45%, model saved.
[2025-05-28 20:14:16,797] INFO: Epoch 183 | Step 1/196 | Loss: 0.1109 | Acc: 96.48%
[2025-05-28 20:14:31,357] INFO: Epoch 183 | Step 101/196 | Loss: 0.1162 | Acc: 97.17%
[2025-05-28 20:14:45,100] INFO: Epoch 183 training completed
[2025-05-28 20:14:46,848] INFO: Test Loss: 0.2679 | Test Acc: 92.40%
[2025-05-28 20:14:46,956] INFO: New best accuracy: 92.40%, model saved.
[2025-05-28 20:14:47,434] INFO: Epoch 184 | Step 1/196 | Loss: 0.0567 | Acc: 99.22%
[2025-05-28 20:15:01,988] INFO: Epoch 184 | Step 101/196 | Loss: 0.1133 | Acc: 97.32%
[2025-05-28 20:15:15,757] INFO: Epoch 184 training completed
[2025-05-28 20:15:17,502] INFO: Test Loss: 0.2769 | Test Acc: 91.90%
[2025-05-28 20:15:17,893] INFO: Epoch 185 | Step 1/196 | Loss: 0.0839 | Acc: 99.22%
[2025-05-28 20:15:32,474] INFO: Epoch 185 | Step 101/196 | Loss: 0.1036 | Acc: 97.59%
[2025-05-28 20:15:46,246] INFO: Epoch 185 training completed
[2025-05-28 20:15:47,987] INFO: Test Loss: 0.2779 | Test Acc: 91.68%
[2025-05-28 20:15:48,396] INFO: Epoch 186 | Step 1/196 | Loss: 0.0776 | Acc: 98.44%
[2025-05-28 20:16:02,947] INFO: Epoch 186 | Step 101/196 | Loss: 0.1024 | Acc: 97.51%
[2025-05-28 20:16:16,704] INFO: Epoch 186 training completed
[2025-05-28 20:16:18,448] INFO: Test Loss: 0.2702 | Test Acc: 92.03%
[2025-05-28 20:16:18,854] INFO: Epoch 187 | Step 1/196 | Loss: 0.1233 | Acc: 96.09%
[2025-05-28 20:16:33,409] INFO: Epoch 187 | Step 101/196 | Loss: 0.0964 | Acc: 97.83%
[2025-05-28 20:16:47,181] INFO: Epoch 187 training completed
[2025-05-28 20:16:48,927] INFO: Test Loss: 0.2695 | Test Acc: 92.02%
[2025-05-28 20:16:49,327] INFO: Epoch 188 | Step 1/196 | Loss: 0.0765 | Acc: 98.05%
[2025-05-28 20:17:03,878] INFO: Epoch 188 | Step 101/196 | Loss: 0.0944 | Acc: 97.91%
[2025-05-28 20:17:17,634] INFO: Epoch 188 training completed
[2025-05-28 20:17:19,381] INFO: Test Loss: 0.2607 | Test Acc: 92.37%
[2025-05-28 20:17:19,788] INFO: Epoch 189 | Step 1/196 | Loss: 0.0547 | Acc: 98.83%
[2025-05-28 20:17:34,346] INFO: Epoch 189 | Step 101/196 | Loss: 0.0852 | Acc: 98.14%
[2025-05-28 20:17:48,122] INFO: Epoch 189 training completed
[2025-05-28 20:17:49,871] INFO: Test Loss: 0.2638 | Test Acc: 92.27%
[2025-05-28 20:17:50,285] INFO: Epoch 190 | Step 1/196 | Loss: 0.0981 | Acc: 97.66%
[2025-05-28 20:18:04,838] INFO: Epoch 190 | Step 101/196 | Loss: 0.0848 | Acc: 98.21%
[2025-05-28 20:18:18,610] INFO: Epoch 190 training completed
[2025-05-28 20:18:20,353] INFO: Test Loss: 0.2630 | Test Acc: 92.44%
[2025-05-28 20:18:20,464] INFO: New best accuracy: 92.44%, model saved.
[2025-05-28 20:18:20,870] INFO: Epoch 191 | Step 1/196 | Loss: 0.0639 | Acc: 99.61%
[2025-05-28 20:18:35,466] INFO: Epoch 191 | Step 101/196 | Loss: 0.0827 | Acc: 98.36%
[2025-05-28 20:18:49,314] INFO: Epoch 191 training completed
[2025-05-28 20:18:51,070] INFO: Test Loss: 0.2609 | Test Acc: 92.58%
[2025-05-28 20:18:51,281] INFO: New best accuracy: 92.58%, model saved.
[2025-05-28 20:18:51,699] INFO: Epoch 192 | Step 1/196 | Loss: 0.0714 | Acc: 98.83%
[2025-05-28 20:19:06,379] INFO: Epoch 192 | Step 101/196 | Loss: 0.0785 | Acc: 98.51%
[2025-05-28 20:19:20,182] INFO: Epoch 192 training completed
[2025-05-28 20:19:21,931] INFO: Test Loss: 0.2600 | Test Acc: 92.40%
[2025-05-28 20:19:22,340] INFO: Epoch 193 | Step 1/196 | Loss: 0.1104 | Acc: 96.48%
[2025-05-28 20:19:36,978] INFO: Epoch 193 | Step 101/196 | Loss: 0.0757 | Acc: 98.52%
[2025-05-28 20:19:50,784] INFO: Epoch 193 training completed
[2025-05-28 20:19:52,525] INFO: Test Loss: 0.2578 | Test Acc: 92.55%
[2025-05-28 20:19:52,921] INFO: Epoch 194 | Step 1/196 | Loss: 0.0624 | Acc: 98.05%
[2025-05-28 20:20:07,517] INFO: Epoch 194 | Step 101/196 | Loss: 0.0763 | Acc: 98.53%
[2025-05-28 20:20:21,322] INFO: Epoch 194 training completed
[2025-05-28 20:20:23,079] INFO: Test Loss: 0.2595 | Test Acc: 92.52%
[2025-05-28 20:20:23,505] INFO: Epoch 195 | Step 1/196 | Loss: 0.0736 | Acc: 98.44%
[2025-05-28 20:20:38,102] INFO: Epoch 195 | Step 101/196 | Loss: 0.0761 | Acc: 98.51%
[2025-05-28 20:20:51,888] INFO: Epoch 195 training completed
[2025-05-28 20:20:53,638] INFO: Test Loss: 0.2601 | Test Acc: 92.50%
[2025-05-28 20:20:54,049] INFO: Epoch 196 | Step 1/196 | Loss: 0.0785 | Acc: 98.83%
[2025-05-28 20:21:08,631] INFO: Epoch 196 | Step 101/196 | Loss: 0.0734 | Acc: 98.67%
[2025-05-28 20:21:22,413] INFO: Epoch 196 training completed
[2025-05-28 20:21:24,163] INFO: Test Loss: 0.2600 | Test Acc: 92.52%
[2025-05-28 20:21:24,558] INFO: Epoch 197 | Step 1/196 | Loss: 0.0952 | Acc: 97.27%
[2025-05-28 20:21:39,123] INFO: Epoch 197 | Step 101/196 | Loss: 0.0682 | Acc: 98.81%
[2025-05-28 20:21:52,887] INFO: Epoch 197 training completed
[2025-05-28 20:21:54,634] INFO: Test Loss: 0.2582 | Test Acc: 92.52%
[2025-05-28 20:21:55,039] INFO: Epoch 198 | Step 1/196 | Loss: 0.0925 | Acc: 98.44%
[2025-05-28 20:22:09,605] INFO: Epoch 198 | Step 101/196 | Loss: 0.0721 | Acc: 98.68%
[2025-05-28 20:22:23,355] INFO: Epoch 198 training completed
[2025-05-28 20:22:25,092] INFO: Test Loss: 0.2617 | Test Acc: 92.63%
[2025-05-28 20:22:25,200] INFO: New best accuracy: 92.63%, model saved.
[2025-05-28 20:22:25,602] INFO: Epoch 199 | Step 1/196 | Loss: 0.0498 | Acc: 99.61%
[2025-05-28 20:22:40,218] INFO: Epoch 199 | Step 101/196 | Loss: 0.0719 | Acc: 98.67%
[2025-05-28 20:22:53,986] INFO: Epoch 199 training completed
[2025-05-28 20:22:55,732] INFO: Test Loss: 0.2600 | Test Acc: 92.54%
[2025-05-28 20:22:56,133] INFO: Epoch 200 | Step 1/196 | Loss: 0.0751 | Acc: 98.83%
[2025-05-28 20:23:10,694] INFO: Epoch 200 | Step 101/196 | Loss: 0.0735 | Acc: 98.65%
[2025-05-28 20:23:24,465] INFO: Epoch 200 training completed
[2025-05-28 20:23:26,215] INFO: Test Loss: 0.2578 | Test Acc: 92.60%
[2025-05-28 20:23:26,379] INFO: Training complete. Best Test Accuracy: 92.63%
