[2025-05-27 15:27:18,551] INFO: Using device: cuda
[2025-05-27 15:27:21,742] INFO: Loaded checkpoint 'kd_ghostnetv3_cifar10_checkpoint.pth' (epoch 1200, best_acc 88.00%)
[2025-05-27 15:27:21,742] INFO: Training complete. Best Test Accuracy: 88.00%
[2025-05-27 15:28:32,628] INFO: Using device: cuda
[2025-05-27 15:29:00,137] INFO: Epoch 1 | Step 1/196 | Loss: 6.9786 | Acc: 10.16%
[2025-05-27 15:29:19,029] INFO: Epoch 1 | Step 101/196 | Loss: 4.6840 | Acc: 11.38%
[2025-05-27 15:29:37,079] INFO: Epoch 1 training completed
[2025-05-27 15:30:02,335] INFO: Test Loss: 2.3988 | Test Acc: 12.48%
[2025-05-27 15:30:02,531] INFO: New best accuracy: 12.48%, model saved.
[2025-05-27 15:30:03,187] INFO: Epoch 2 | Step 1/196 | Loss: 3.2053 | Acc: 15.62%
[2025-05-27 15:30:22,055] INFO: Epoch 2 | Step 101/196 | Loss: 2.8635 | Acc: 12.40%
[2025-05-27 15:30:39,950] INFO: Epoch 2 training completed
[2025-05-27 15:30:42,064] INFO: Test Loss: 2.2163 | Test Acc: 18.09%
[2025-05-27 15:30:42,252] INFO: New best accuracy: 18.09%, model saved.
[2025-05-27 15:30:42,826] INFO: Epoch 3 | Step 1/196 | Loss: 2.6264 | Acc: 19.14%
[2025-05-27 15:31:01,770] INFO: Epoch 3 | Step 101/196 | Loss: 2.5289 | Acc: 17.85%
[2025-05-27 15:31:19,713] INFO: Epoch 3 training completed
[2025-05-27 15:31:21,832] INFO: Test Loss: 1.9917 | Test Acc: 26.37%
[2025-05-27 15:31:22,129] INFO: New best accuracy: 26.37%, model saved.
[2025-05-27 15:31:22,705] INFO: Epoch 4 | Step 1/196 | Loss: 2.3239 | Acc: 21.88%
[2025-05-27 15:31:41,661] INFO: Epoch 4 | Step 101/196 | Loss: 2.2387 | Acc: 24.23%
[2025-05-27 15:31:59,562] INFO: Epoch 4 training completed
[2025-05-27 15:32:01,703] INFO: Test Loss: 1.8592 | Test Acc: 30.38%
[2025-05-27 15:32:01,895] INFO: New best accuracy: 30.38%, model saved.
[2025-05-27 15:32:02,524] INFO: Epoch 5 | Step 1/196 | Loss: 2.0869 | Acc: 29.30%
[2025-05-27 15:32:21,462] INFO: Epoch 5 | Step 101/196 | Loss: 2.0256 | Acc: 29.59%
[2025-05-27 15:32:39,422] INFO: Epoch 5 training completed
[2025-05-27 15:32:41,574] INFO: Test Loss: 1.7434 | Test Acc: 35.79%
[2025-05-27 15:32:41,765] INFO: New best accuracy: 35.79%, model saved.
[2025-05-27 15:32:42,341] INFO: Epoch 6 | Step 1/196 | Loss: 1.7874 | Acc: 33.59%
[2025-05-27 15:33:01,338] INFO: Epoch 6 | Step 101/196 | Loss: 1.8633 | Acc: 33.54%
[2025-05-27 15:33:19,397] INFO: Epoch 6 training completed
[2025-05-27 15:33:21,515] INFO: Test Loss: 1.6327 | Test Acc: 39.02%
[2025-05-27 15:33:21,711] INFO: New best accuracy: 39.02%, model saved.
[2025-05-27 15:33:22,373] INFO: Epoch 7 | Step 1/196 | Loss: 1.9012 | Acc: 35.55%
[2025-05-27 15:33:41,418] INFO: Epoch 7 | Step 101/196 | Loss: 1.7337 | Acc: 37.38%
[2025-05-27 15:33:59,446] INFO: Epoch 7 training completed
[2025-05-27 15:34:01,619] INFO: Test Loss: 1.5419 | Test Acc: 42.70%
[2025-05-27 15:34:01,818] INFO: New best accuracy: 42.70%, model saved.
[2025-05-27 15:34:02,400] INFO: Epoch 8 | Step 1/196 | Loss: 1.6757 | Acc: 41.41%
[2025-05-27 15:34:21,415] INFO: Epoch 8 | Step 101/196 | Loss: 1.6147 | Acc: 41.91%
[2025-05-27 15:34:39,472] INFO: Epoch 8 training completed
[2025-05-27 15:34:41,616] INFO: Test Loss: 1.4602 | Test Acc: 46.71%
[2025-05-27 15:34:41,810] INFO: New best accuracy: 46.71%, model saved.
[2025-05-27 15:34:42,386] INFO: Epoch 9 | Step 1/196 | Loss: 1.6317 | Acc: 42.19%
[2025-05-27 15:35:01,386] INFO: Epoch 9 | Step 101/196 | Loss: 1.5133 | Acc: 45.02%
[2025-05-27 15:35:19,419] INFO: Epoch 9 training completed
[2025-05-27 15:35:21,566] INFO: Test Loss: 1.4235 | Test Acc: 48.47%
[2025-05-27 15:35:21,862] INFO: New best accuracy: 48.47%, model saved.
[2025-05-27 15:35:22,446] INFO: Epoch 10 | Step 1/196 | Loss: 1.3888 | Acc: 54.30%
[2025-05-27 15:35:41,474] INFO: Epoch 10 | Step 101/196 | Loss: 1.4462 | Acc: 47.49%
[2025-05-27 15:35:59,474] INFO: Epoch 10 training completed
[2025-05-27 15:36:01,645] INFO: Test Loss: 1.3742 | Test Acc: 50.96%
[2025-05-27 15:36:01,843] INFO: New best accuracy: 50.96%, model saved.
[2025-05-27 15:36:02,426] INFO: Epoch 11 | Step 1/196 | Loss: 1.3925 | Acc: 53.52%
[2025-05-27 15:36:21,494] INFO: Epoch 11 | Step 101/196 | Loss: 1.3832 | Acc: 49.10%
[2025-05-27 15:36:39,536] INFO: Epoch 11 training completed
[2025-05-27 15:36:41,692] INFO: Test Loss: 1.3143 | Test Acc: 52.87%
[2025-05-27 15:36:41,889] INFO: New best accuracy: 52.87%, model saved.
[2025-05-27 15:36:42,472] INFO: Epoch 12 | Step 1/196 | Loss: 1.4142 | Acc: 50.00%
[2025-05-27 15:37:01,482] INFO: Epoch 12 | Step 101/196 | Loss: 1.3272 | Acc: 51.06%
[2025-05-27 15:37:19,627] INFO: Epoch 12 training completed
[2025-05-27 15:37:21,766] INFO: Test Loss: 1.3231 | Test Acc: 53.88%
[2025-05-27 15:37:21,967] INFO: New best accuracy: 53.88%, model saved.
[2025-05-27 15:37:22,534] INFO: Epoch 13 | Step 1/196 | Loss: 1.4053 | Acc: 51.95%
[2025-05-27 15:37:41,545] INFO: Epoch 13 | Step 101/196 | Loss: 1.2593 | Acc: 53.31%
[2025-05-27 15:37:59,552] INFO: Epoch 13 training completed
[2025-05-27 15:38:01,730] INFO: Test Loss: 1.2296 | Test Acc: 55.90%
[2025-05-27 15:38:01,924] INFO: New best accuracy: 55.90%, model saved.
[2025-05-27 15:38:02,497] INFO: Epoch 14 | Step 1/196 | Loss: 1.3214 | Acc: 53.12%
[2025-05-27 15:38:21,580] INFO: Epoch 14 | Step 101/196 | Loss: 1.1994 | Acc: 55.54%
[2025-05-27 15:38:39,615] INFO: Epoch 14 training completed
[2025-05-27 15:38:41,760] INFO: Test Loss: 1.2457 | Test Acc: 57.87%
[2025-05-27 15:38:41,953] INFO: New best accuracy: 57.87%, model saved.
[2025-05-27 15:38:42,530] INFO: Epoch 15 | Step 1/196 | Loss: 1.1572 | Acc: 56.25%
[2025-05-27 15:39:01,595] INFO: Epoch 15 | Step 101/196 | Loss: 1.1556 | Acc: 57.02%
[2025-05-27 15:39:19,609] INFO: Epoch 15 training completed
[2025-05-27 15:39:21,765] INFO: Test Loss: 1.2153 | Test Acc: 59.63%
[2025-05-27 15:39:21,961] INFO: New best accuracy: 59.63%, model saved.
[2025-05-27 15:39:22,538] INFO: Epoch 16 | Step 1/196 | Loss: 1.0555 | Acc: 62.11%
[2025-05-27 15:39:41,551] INFO: Epoch 16 | Step 101/196 | Loss: 1.0820 | Acc: 59.83%
[2025-05-27 15:39:59,539] INFO: Epoch 16 training completed
[2025-05-27 15:40:01,699] INFO: Test Loss: 1.1058 | Test Acc: 60.93%
[2025-05-27 15:40:01,894] INFO: New best accuracy: 60.93%, model saved.
[2025-05-27 15:40:02,564] INFO: Epoch 17 | Step 1/196 | Loss: 1.1235 | Acc: 62.89%
[2025-05-27 15:40:21,582] INFO: Epoch 17 | Step 101/196 | Loss: 1.0413 | Acc: 61.26%
[2025-05-27 15:40:39,616] INFO: Epoch 17 training completed
[2025-05-27 15:40:41,736] INFO: Test Loss: 1.0627 | Test Acc: 62.32%
[2025-05-27 15:40:41,934] INFO: New best accuracy: 62.32%, model saved.
[2025-05-27 15:40:42,515] INFO: Epoch 18 | Step 1/196 | Loss: 0.9621 | Acc: 64.06%
[2025-05-27 15:41:01,622] INFO: Epoch 18 | Step 101/196 | Loss: 0.9889 | Acc: 63.43%
[2025-05-27 15:41:19,613] INFO: Epoch 18 training completed
[2025-05-27 15:41:21,754] INFO: Test Loss: 1.0592 | Test Acc: 63.22%
[2025-05-27 15:41:21,952] INFO: New best accuracy: 63.22%, model saved.
[2025-05-27 15:41:22,545] INFO: Epoch 19 | Step 1/196 | Loss: 1.0091 | Acc: 62.11%
[2025-05-27 15:41:41,559] INFO: Epoch 19 | Step 101/196 | Loss: 0.9285 | Acc: 65.65%
[2025-05-27 15:41:59,594] INFO: Epoch 19 training completed
[2025-05-27 15:42:01,734] INFO: Test Loss: 0.9861 | Test Acc: 65.01%
[2025-05-27 15:42:02,018] INFO: New best accuracy: 65.01%, model saved.
[2025-05-27 15:42:02,606] INFO: Epoch 20 | Step 1/196 | Loss: 0.9489 | Acc: 64.06%
[2025-05-27 15:42:21,627] INFO: Epoch 20 | Step 101/196 | Loss: 0.8955 | Acc: 66.83%
[2025-05-27 15:42:39,631] INFO: Epoch 20 training completed
[2025-05-27 15:42:41,781] INFO: Test Loss: 0.9116 | Test Acc: 67.76%
[2025-05-27 15:42:41,974] INFO: New best accuracy: 67.76%, model saved.
[2025-05-27 15:42:42,553] INFO: Epoch 21 | Step 1/196 | Loss: 0.9214 | Acc: 64.84%
[2025-05-27 15:43:01,601] INFO: Epoch 21 | Step 101/196 | Loss: 0.8502 | Acc: 68.27%
[2025-05-27 15:43:19,659] INFO: Epoch 21 training completed
[2025-05-27 15:43:21,826] INFO: Test Loss: 0.9185 | Test Acc: 68.50%
[2025-05-27 15:43:22,019] INFO: New best accuracy: 68.50%, model saved.
[2025-05-27 15:43:22,593] INFO: Epoch 22 | Step 1/196 | Loss: 0.8725 | Acc: 70.31%
[2025-05-27 15:43:41,656] INFO: Epoch 22 | Step 101/196 | Loss: 0.8026 | Acc: 70.45%
[2025-05-27 15:43:59,678] INFO: Epoch 22 training completed
[2025-05-27 15:44:01,814] INFO: Test Loss: 0.8490 | Test Acc: 70.09%
[2025-05-27 15:44:02,007] INFO: New best accuracy: 70.09%, model saved.
[2025-05-27 15:44:02,581] INFO: Epoch 23 | Step 1/196 | Loss: 0.7119 | Acc: 74.22%
[2025-05-27 15:44:21,616] INFO: Epoch 23 | Step 101/196 | Loss: 0.7623 | Acc: 71.92%
[2025-05-27 15:44:39,643] INFO: Epoch 23 training completed
[2025-05-27 15:44:41,784] INFO: Test Loss: 0.8189 | Test Acc: 71.03%
[2025-05-27 15:44:41,976] INFO: New best accuracy: 71.03%, model saved.
[2025-05-27 15:44:42,562] INFO: Epoch 24 | Step 1/196 | Loss: 0.6295 | Acc: 79.69%
[2025-05-27 15:45:01,636] INFO: Epoch 24 | Step 101/196 | Loss: 0.7291 | Acc: 73.42%
[2025-05-27 15:45:19,652] INFO: Epoch 24 training completed
[2025-05-27 15:45:21,821] INFO: Test Loss: 0.8142 | Test Acc: 71.00%
[2025-05-27 15:45:22,419] INFO: Epoch 25 | Step 1/196 | Loss: 0.7700 | Acc: 72.27%
[2025-05-27 15:45:41,468] INFO: Epoch 25 | Step 101/196 | Loss: 0.6950 | Acc: 74.32%
[2025-05-27 15:45:59,510] INFO: Epoch 25 training completed
[2025-05-27 15:46:01,649] INFO: Test Loss: 0.8943 | Test Acc: 72.29%
[2025-05-27 15:46:01,936] INFO: New best accuracy: 72.29%, model saved.
[2025-05-27 15:46:02,517] INFO: Epoch 26 | Step 1/196 | Loss: 0.7773 | Acc: 71.48%
[2025-05-27 15:46:21,548] INFO: Epoch 26 | Step 101/196 | Loss: 0.6789 | Acc: 75.17%
[2025-05-27 15:46:39,584] INFO: Epoch 26 training completed
[2025-05-27 15:46:41,755] INFO: Test Loss: 0.7437 | Test Acc: 74.19%
[2025-05-27 15:46:41,951] INFO: New best accuracy: 74.19%, model saved.
[2025-05-27 15:46:42,623] INFO: Epoch 27 | Step 1/196 | Loss: 0.6845 | Acc: 75.78%
[2025-05-27 15:47:01,700] INFO: Epoch 27 | Step 101/196 | Loss: 0.6476 | Acc: 76.37%
[2025-05-27 15:47:19,691] INFO: Epoch 27 training completed
[2025-05-27 15:47:21,857] INFO: Test Loss: 0.9307 | Test Acc: 72.23%
[2025-05-27 15:47:22,441] INFO: Epoch 28 | Step 1/196 | Loss: 0.6310 | Acc: 78.12%
[2025-05-27 15:47:41,483] INFO: Epoch 28 | Step 101/196 | Loss: 0.6255 | Acc: 77.39%
[2025-05-27 15:47:59,555] INFO: Epoch 28 training completed
[2025-05-27 15:48:01,721] INFO: Test Loss: 0.8650 | Test Acc: 75.17%
[2025-05-27 15:48:01,914] INFO: New best accuracy: 75.17%, model saved.
[2025-05-27 15:48:02,492] INFO: Epoch 29 | Step 1/196 | Loss: 0.6017 | Acc: 78.12%
[2025-05-27 15:48:21,573] INFO: Epoch 29 | Step 101/196 | Loss: 0.6097 | Acc: 77.99%
[2025-05-27 15:48:39,586] INFO: Epoch 29 training completed
[2025-05-27 15:48:41,755] INFO: Test Loss: 0.7770 | Test Acc: 75.98%
[2025-05-27 15:48:41,953] INFO: New best accuracy: 75.98%, model saved.
[2025-05-27 15:48:42,530] INFO: Epoch 30 | Step 1/196 | Loss: 0.5877 | Acc: 78.12%
[2025-05-27 15:49:01,645] INFO: Epoch 30 | Step 101/196 | Loss: 0.5853 | Acc: 78.88%
[2025-05-27 15:49:19,688] INFO: Epoch 30 training completed
[2025-05-27 15:49:21,847] INFO: Test Loss: 0.7373 | Test Acc: 76.47%
[2025-05-27 15:49:22,043] INFO: New best accuracy: 76.47%, model saved.
[2025-05-27 15:49:22,616] INFO: Epoch 31 | Step 1/196 | Loss: 0.6249 | Acc: 76.95%
[2025-05-27 15:49:41,741] INFO: Epoch 31 | Step 101/196 | Loss: 0.5718 | Acc: 79.44%
[2025-05-27 15:49:59,774] INFO: Epoch 31 training completed
[2025-05-27 15:50:01,943] INFO: Test Loss: 0.7184 | Test Acc: 75.35%
[2025-05-27 15:50:02,527] INFO: Epoch 32 | Step 1/196 | Loss: 0.5987 | Acc: 77.73%
[2025-05-27 15:50:21,564] INFO: Epoch 32 | Step 101/196 | Loss: 0.5704 | Acc: 79.30%
[2025-05-27 15:50:39,600] INFO: Epoch 32 training completed
[2025-05-27 15:50:41,745] INFO: Test Loss: 0.7049 | Test Acc: 76.65%
[2025-05-27 15:50:42,034] INFO: New best accuracy: 76.65%, model saved.
[2025-05-27 15:50:42,618] INFO: Epoch 33 | Step 1/196 | Loss: 0.4565 | Acc: 84.77%
[2025-05-27 15:51:01,645] INFO: Epoch 33 | Step 101/196 | Loss: 0.5596 | Acc: 80.04%
[2025-05-27 15:51:19,719] INFO: Epoch 33 training completed
[2025-05-27 15:51:21,846] INFO: Test Loss: 0.7510 | Test Acc: 74.37%
[2025-05-27 15:51:22,423] INFO: Epoch 34 | Step 1/196 | Loss: 0.5963 | Acc: 75.39%
[2025-05-27 15:51:41,521] INFO: Epoch 34 | Step 101/196 | Loss: 0.5493 | Acc: 80.41%
[2025-05-27 15:51:59,543] INFO: Epoch 34 training completed
[2025-05-27 15:52:01,703] INFO: Test Loss: 0.7565 | Test Acc: 74.90%
[2025-05-27 15:52:02,294] INFO: Epoch 35 | Step 1/196 | Loss: 0.5007 | Acc: 82.03%
[2025-05-27 15:52:21,453] INFO: Epoch 35 | Step 101/196 | Loss: 0.5522 | Acc: 80.16%
[2025-05-27 15:52:39,471] INFO: Epoch 35 training completed
[2025-05-27 15:52:41,600] INFO: Test Loss: 0.7799 | Test Acc: 73.52%
[2025-05-27 15:52:42,280] INFO: Epoch 36 | Step 1/196 | Loss: 0.4952 | Acc: 81.64%
[2025-05-27 15:53:01,333] INFO: Epoch 36 | Step 101/196 | Loss: 0.5352 | Acc: 81.18%
[2025-05-27 15:53:19,377] INFO: Epoch 36 training completed
[2025-05-27 15:53:21,504] INFO: Test Loss: 0.7876 | Test Acc: 73.68%
[2025-05-27 15:53:22,107] INFO: Epoch 37 | Step 1/196 | Loss: 0.5079 | Acc: 81.25%
[2025-05-27 15:53:41,172] INFO: Epoch 37 | Step 101/196 | Loss: 0.5379 | Acc: 81.14%
[2025-05-27 15:53:59,249] INFO: Epoch 37 training completed
[2025-05-27 15:54:01,440] INFO: Test Loss: 0.7548 | Test Acc: 75.07%
[2025-05-27 15:54:02,083] INFO: Epoch 38 | Step 1/196 | Loss: 0.5934 | Acc: 78.91%
[2025-05-27 15:54:21,195] INFO: Epoch 38 | Step 101/196 | Loss: 0.5395 | Acc: 81.09%
[2025-05-27 15:54:39,214] INFO: Epoch 38 training completed
[2025-05-27 15:54:41,355] INFO: Test Loss: 0.6851 | Test Acc: 77.13%
[2025-05-27 15:54:41,549] INFO: New best accuracy: 77.13%, model saved.
[2025-05-27 15:54:42,226] INFO: Epoch 39 | Step 1/196 | Loss: 0.5116 | Acc: 82.81%
[2025-05-27 15:55:01,441] INFO: Epoch 39 | Step 101/196 | Loss: 0.5436 | Acc: 81.15%
[2025-05-27 15:55:19,481] INFO: Epoch 39 training completed
[2025-05-27 15:55:21,616] INFO: Test Loss: 0.7080 | Test Acc: 77.14%
[2025-05-27 15:55:21,814] INFO: New best accuracy: 77.14%, model saved.
[2025-05-27 15:55:22,411] INFO: Epoch 40 | Step 1/196 | Loss: 0.6195 | Acc: 78.91%
[2025-05-27 15:55:41,561] INFO: Epoch 40 | Step 101/196 | Loss: 0.5303 | Acc: 81.63%
[2025-05-27 15:55:59,800] INFO: Epoch 40 training completed
[2025-05-27 15:56:02,004] INFO: Test Loss: 0.7910 | Test Acc: 74.18%
[2025-05-27 15:56:02,605] INFO: Epoch 41 | Step 1/196 | Loss: 0.5123 | Acc: 83.59%
[2025-05-27 15:56:21,697] INFO: Epoch 41 | Step 101/196 | Loss: 0.5301 | Acc: 81.71%
[2025-05-27 15:56:39,775] INFO: Epoch 41 training completed
[2025-05-27 15:56:42,085] INFO: Test Loss: 0.7117 | Test Acc: 76.61%
[2025-05-27 15:56:42,756] INFO: Epoch 42 | Step 1/196 | Loss: 0.5708 | Acc: 79.30%
[2025-05-27 15:57:02,138] INFO: Epoch 42 | Step 101/196 | Loss: 0.5319 | Acc: 81.28%
[2025-05-27 15:57:20,339] INFO: Epoch 42 training completed
[2025-05-27 15:57:22,595] INFO: Test Loss: 0.9021 | Test Acc: 69.93%
[2025-05-27 15:57:23,216] INFO: Epoch 43 | Step 1/196 | Loss: 0.5497 | Acc: 79.30%
[2025-05-27 15:57:42,489] INFO: Epoch 43 | Step 101/196 | Loss: 0.5377 | Acc: 81.08%
[2025-05-27 15:58:00,727] INFO: Epoch 43 training completed
[2025-05-27 15:58:03,039] INFO: Test Loss: 0.8229 | Test Acc: 72.58%
[2025-05-27 15:58:03,671] INFO: Epoch 44 | Step 1/196 | Loss: 0.5751 | Acc: 78.91%
[2025-05-27 15:58:22,871] INFO: Epoch 44 | Step 101/196 | Loss: 0.5387 | Acc: 81.03%
[2025-05-27 15:58:41,151] INFO: Epoch 44 training completed
[2025-05-27 15:58:43,439] INFO: Test Loss: 0.8936 | Test Acc: 70.38%
[2025-05-27 15:58:44,068] INFO: Epoch 45 | Step 1/196 | Loss: 0.5557 | Acc: 82.81%
[2025-05-27 15:59:03,319] INFO: Epoch 45 | Step 101/196 | Loss: 0.5259 | Acc: 81.70%
[2025-05-27 15:59:21,511] INFO: Epoch 45 training completed
[2025-05-27 15:59:23,831] INFO: Test Loss: 0.7322 | Test Acc: 76.38%
[2025-05-27 15:59:24,459] INFO: Epoch 46 | Step 1/196 | Loss: 0.4694 | Acc: 84.38%
[2025-05-27 15:59:43,799] INFO: Epoch 46 | Step 101/196 | Loss: 0.5412 | Acc: 81.01%
[2025-05-27 16:00:01,981] INFO: Epoch 46 training completed
[2025-05-27 16:00:04,273] INFO: Test Loss: 0.7028 | Test Acc: 76.62%
[2025-05-27 16:00:04,888] INFO: Epoch 47 | Step 1/196 | Loss: 0.3912 | Acc: 87.50%
[2025-05-27 16:00:24,124] INFO: Epoch 47 | Step 101/196 | Loss: 0.5410 | Acc: 81.17%
[2025-05-27 16:00:42,176] INFO: Epoch 47 training completed
[2025-05-27 16:00:44,321] INFO: Test Loss: 0.7426 | Test Acc: 75.87%
[2025-05-27 16:00:45,013] INFO: Epoch 48 | Step 1/196 | Loss: 0.4796 | Acc: 83.59%
[2025-05-27 16:01:04,090] INFO: Epoch 48 | Step 101/196 | Loss: 0.5376 | Acc: 81.39%
[2025-05-27 16:01:22,153] INFO: Epoch 48 training completed
[2025-05-27 16:01:24,322] INFO: Test Loss: 0.8976 | Test Acc: 70.46%
[2025-05-27 16:01:24,918] INFO: Epoch 49 | Step 1/196 | Loss: 0.4720 | Acc: 83.59%
[2025-05-27 16:01:44,016] INFO: Epoch 49 | Step 101/196 | Loss: 0.5321 | Acc: 81.39%
[2025-05-27 16:02:02,379] INFO: Epoch 49 training completed
[2025-05-27 16:02:04,639] INFO: Test Loss: 0.7238 | Test Acc: 76.33%
[2025-05-27 16:02:05,271] INFO: Epoch 50 | Step 1/196 | Loss: 0.4814 | Acc: 84.38%
[2025-05-27 16:02:24,493] INFO: Epoch 50 | Step 101/196 | Loss: 0.5331 | Acc: 81.56%
[2025-05-27 16:02:42,679] INFO: Epoch 50 training completed
[2025-05-27 16:02:44,928] INFO: Test Loss: 0.6803 | Test Acc: 77.23%
[2025-05-27 16:02:45,139] INFO: New best accuracy: 77.23%, model saved.
[2025-05-27 16:02:45,906] INFO: Epoch 51 | Step 1/196 | Loss: 0.5353 | Acc: 80.86%
[2025-05-27 16:03:05,109] INFO: Epoch 51 | Step 101/196 | Loss: 0.5396 | Acc: 81.24%
[2025-05-27 16:03:23,308] INFO: Epoch 51 training completed
[2025-05-27 16:03:25,635] INFO: Test Loss: 0.7508 | Test Acc: 75.03%
[2025-05-27 16:03:26,313] INFO: Epoch 52 | Step 1/196 | Loss: 0.4033 | Acc: 87.50%
[2025-05-27 16:03:45,561] INFO: Epoch 52 | Step 101/196 | Loss: 0.5283 | Acc: 81.70%
[2025-05-27 16:04:03,827] INFO: Epoch 52 training completed
[2025-05-27 16:04:06,140] INFO: Test Loss: 0.9561 | Test Acc: 68.01%
[2025-05-27 16:04:06,764] INFO: Epoch 53 | Step 1/196 | Loss: 0.4906 | Acc: 82.81%
[2025-05-27 16:04:26,031] INFO: Epoch 53 | Step 101/196 | Loss: 0.5411 | Acc: 81.10%
[2025-05-27 16:04:44,071] INFO: Epoch 53 training completed
[2025-05-27 16:04:46,227] INFO: Test Loss: 0.8324 | Test Acc: 71.84%
[2025-05-27 16:04:46,931] INFO: Epoch 54 | Step 1/196 | Loss: 0.4250 | Acc: 85.94%
[2025-05-27 16:05:05,994] INFO: Epoch 54 | Step 101/196 | Loss: 0.5264 | Acc: 81.56%
[2025-05-27 16:05:24,097] INFO: Epoch 54 training completed
[2025-05-27 16:05:26,248] INFO: Test Loss: 0.9313 | Test Acc: 68.96%
[2025-05-27 16:05:26,828] INFO: Epoch 55 | Step 1/196 | Loss: 0.6470 | Acc: 78.12%
[2025-05-27 16:05:45,850] INFO: Epoch 55 | Step 101/196 | Loss: 0.5344 | Acc: 81.57%
[2025-05-27 16:06:04,052] INFO: Epoch 55 training completed
[2025-05-27 16:06:06,349] INFO: Test Loss: 1.2098 | Test Acc: 61.57%
[2025-05-27 16:06:07,003] INFO: Epoch 56 | Step 1/196 | Loss: 0.6459 | Acc: 75.78%
[2025-05-27 16:06:26,230] INFO: Epoch 56 | Step 101/196 | Loss: 0.5397 | Acc: 81.02%
[2025-05-27 16:06:44,542] INFO: Epoch 56 training completed
[2025-05-27 16:06:46,826] INFO: Test Loss: 0.8552 | Test Acc: 72.20%
[2025-05-27 16:06:47,510] INFO: Epoch 57 | Step 1/196 | Loss: 0.4256 | Acc: 83.59%
[2025-05-27 16:07:06,874] INFO: Epoch 57 | Step 101/196 | Loss: 0.5239 | Acc: 81.76%
[2025-05-27 16:07:25,120] INFO: Epoch 57 training completed
[2025-05-27 16:07:27,413] INFO: Test Loss: 0.7033 | Test Acc: 76.60%
[2025-05-27 16:07:28,041] INFO: Epoch 58 | Step 1/196 | Loss: 0.4600 | Acc: 81.64%
[2025-05-27 16:07:47,125] INFO: Epoch 58 | Step 101/196 | Loss: 0.5368 | Acc: 81.23%
[2025-05-27 16:08:05,186] INFO: Epoch 58 training completed
[2025-05-27 16:08:07,361] INFO: Test Loss: 0.7409 | Test Acc: 75.09%
[2025-05-27 16:08:08,042] INFO: Epoch 59 | Step 1/196 | Loss: 0.6050 | Acc: 80.86%
[2025-05-27 16:08:27,147] INFO: Epoch 59 | Step 101/196 | Loss: 0.5306 | Acc: 81.42%
[2025-05-27 16:08:45,280] INFO: Epoch 59 training completed
[2025-05-27 16:08:47,434] INFO: Test Loss: 0.8032 | Test Acc: 73.25%
[2025-05-27 16:08:48,032] INFO: Epoch 60 | Step 1/196 | Loss: 0.5031 | Acc: 83.59%
[2025-05-27 16:09:07,065] INFO: Epoch 60 | Step 101/196 | Loss: 0.5390 | Acc: 81.49%
[2025-05-27 16:09:25,464] INFO: Epoch 60 training completed
[2025-05-27 16:09:27,812] INFO: Test Loss: 0.7815 | Test Acc: 73.64%
[2025-05-27 16:09:28,439] INFO: Epoch 61 | Step 1/196 | Loss: 0.5951 | Acc: 76.95%
[2025-05-27 16:09:47,751] INFO: Epoch 61 | Step 101/196 | Loss: 0.5359 | Acc: 81.27%
[2025-05-27 16:10:05,996] INFO: Epoch 61 training completed
[2025-05-27 16:10:08,312] INFO: Test Loss: 1.0067 | Test Acc: 66.76%
[2025-05-27 16:10:08,939] INFO: Epoch 62 | Step 1/196 | Loss: 0.5750 | Acc: 82.03%
[2025-05-27 16:10:28,246] INFO: Epoch 62 | Step 101/196 | Loss: 0.5416 | Acc: 81.14%
[2025-05-27 16:10:46,490] INFO: Epoch 62 training completed
[2025-05-27 16:10:48,810] INFO: Test Loss: 0.9479 | Test Acc: 67.50%
[2025-05-27 16:10:49,440] INFO: Epoch 63 | Step 1/196 | Loss: 0.5085 | Acc: 81.25%
[2025-05-27 16:11:08,701] INFO: Epoch 63 | Step 101/196 | Loss: 0.5371 | Acc: 81.26%
[2025-05-27 16:11:26,787] INFO: Epoch 63 training completed
[2025-05-27 16:11:28,929] INFO: Test Loss: 0.7818 | Test Acc: 73.75%
[2025-05-27 16:11:29,523] INFO: Epoch 64 | Step 1/196 | Loss: 0.5178 | Acc: 83.20%
[2025-05-27 16:11:48,577] INFO: Epoch 64 | Step 101/196 | Loss: 0.5265 | Acc: 81.47%
[2025-05-27 16:12:06,731] INFO: Epoch 64 training completed
[2025-05-27 16:12:09,030] INFO: Test Loss: 0.8416 | Test Acc: 71.82%
[2025-05-27 16:12:09,745] INFO: Epoch 65 | Step 1/196 | Loss: 0.4792 | Acc: 84.38%
[2025-05-27 16:12:28,813] INFO: Epoch 65 | Step 101/196 | Loss: 0.5222 | Acc: 81.79%
[2025-05-27 16:12:46,833] INFO: Epoch 65 training completed
[2025-05-27 16:12:49,058] INFO: Test Loss: 0.7345 | Test Acc: 75.35%
[2025-05-27 16:12:49,695] INFO: Epoch 66 | Step 1/196 | Loss: 0.5158 | Acc: 83.20%
[2025-05-27 16:13:09,054] INFO: Epoch 66 | Step 101/196 | Loss: 0.5267 | Acc: 81.56%
[2025-05-27 16:13:27,333] INFO: Epoch 66 training completed
[2025-05-27 16:13:29,648] INFO: Test Loss: 1.1582 | Test Acc: 62.40%
[2025-05-27 16:13:30,316] INFO: Epoch 67 | Step 1/196 | Loss: 0.5956 | Acc: 80.47%
[2025-05-27 16:13:49,598] INFO: Epoch 67 | Step 101/196 | Loss: 0.5286 | Acc: 81.73%
[2025-05-27 16:14:07,778] INFO: Epoch 67 training completed
[2025-05-27 16:14:10,066] INFO: Test Loss: 0.9259 | Test Acc: 69.86%
[2025-05-27 16:14:10,703] INFO: Epoch 68 | Step 1/196 | Loss: 0.4996 | Acc: 80.08%
[2025-05-27 16:14:30,009] INFO: Epoch 68 | Step 101/196 | Loss: 0.5250 | Acc: 81.73%
[2025-05-27 16:14:48,314] INFO: Epoch 68 training completed
[2025-05-27 16:14:50,635] INFO: Test Loss: 1.1992 | Test Acc: 61.27%
[2025-05-27 16:14:51,252] INFO: Epoch 69 | Step 1/196 | Loss: 0.4978 | Acc: 82.42%
[2025-05-27 16:15:10,509] INFO: Epoch 69 | Step 101/196 | Loss: 0.5211 | Acc: 82.05%
[2025-05-27 16:15:28,700] INFO: Epoch 69 training completed
[2025-05-27 16:15:30,905] INFO: Test Loss: 0.9003 | Test Acc: 70.92%
[2025-05-27 16:15:31,590] INFO: Epoch 70 | Step 1/196 | Loss: 0.6263 | Acc: 79.30%
[2025-05-27 16:15:50,659] INFO: Epoch 70 | Step 101/196 | Loss: 0.5186 | Acc: 82.15%
[2025-05-27 16:16:08,749] INFO: Epoch 70 training completed
[2025-05-27 16:16:10,914] INFO: Test Loss: 1.1290 | Test Acc: 62.36%
[2025-05-27 16:16:11,489] INFO: Epoch 71 | Step 1/196 | Loss: 0.6405 | Acc: 78.52%
[2025-05-27 16:16:30,540] INFO: Epoch 71 | Step 101/196 | Loss: 0.5291 | Acc: 81.41%
[2025-05-27 16:16:48,653] INFO: Epoch 71 training completed
[2025-05-27 16:16:50,784] INFO: Test Loss: 0.9208 | Test Acc: 69.69%
[2025-05-27 16:16:51,388] INFO: Epoch 72 | Step 1/196 | Loss: 0.4794 | Acc: 85.16%
[2025-05-27 16:17:10,588] INFO: Epoch 72 | Step 101/196 | Loss: 0.5198 | Acc: 82.00%
[2025-05-27 16:17:28,612] INFO: Epoch 72 training completed
[2025-05-27 16:17:30,740] INFO: Test Loss: 0.7994 | Test Acc: 72.38%
[2025-05-27 16:17:31,330] INFO: Epoch 73 | Step 1/196 | Loss: 0.4967 | Acc: 81.64%
[2025-05-27 16:17:50,454] INFO: Epoch 73 | Step 101/196 | Loss: 0.5206 | Acc: 82.05%
[2025-05-27 16:18:08,833] INFO: Epoch 73 training completed
[2025-05-27 16:18:11,102] INFO: Test Loss: 0.8138 | Test Acc: 73.21%
[2025-05-27 16:18:11,728] INFO: Epoch 74 | Step 1/196 | Loss: 0.5553 | Acc: 81.64%
[2025-05-27 16:18:30,982] INFO: Epoch 74 | Step 101/196 | Loss: 0.5234 | Acc: 81.84%
[2025-05-27 16:18:49,257] INFO: Epoch 74 training completed
[2025-05-27 16:18:51,579] INFO: Test Loss: 0.7526 | Test Acc: 74.86%
[2025-05-27 16:18:52,375] INFO: Epoch 75 | Step 1/196 | Loss: 0.5769 | Acc: 79.69%
[2025-05-27 16:19:11,661] INFO: Epoch 75 | Step 101/196 | Loss: 0.5190 | Acc: 81.77%
[2025-05-27 16:19:29,875] INFO: Epoch 75 training completed
[2025-05-27 16:19:32,126] INFO: Test Loss: 0.7178 | Test Acc: 76.13%
[2025-05-27 16:19:32,763] INFO: Epoch 76 | Step 1/196 | Loss: 0.5411 | Acc: 82.03%
[2025-05-27 16:19:52,033] INFO: Epoch 76 | Step 101/196 | Loss: 0.5141 | Acc: 81.87%
[2025-05-27 16:20:10,287] INFO: Epoch 76 training completed
[2025-05-27 16:20:12,486] INFO: Test Loss: 0.7716 | Test Acc: 74.75%
[2025-05-27 16:20:13,070] INFO: Epoch 77 | Step 1/196 | Loss: 0.5420 | Acc: 78.91%
[2025-05-27 16:20:32,143] INFO: Epoch 77 | Step 101/196 | Loss: 0.5158 | Acc: 82.09%
[2025-05-27 16:20:50,180] INFO: Epoch 77 training completed
[2025-05-27 16:20:52,316] INFO: Test Loss: 0.8359 | Test Acc: 72.17%
[2025-05-27 16:20:52,903] INFO: Epoch 78 | Step 1/196 | Loss: 0.5281 | Acc: 81.25%
[2025-05-27 16:21:12,088] INFO: Epoch 78 | Step 101/196 | Loss: 0.5082 | Acc: 82.46%
[2025-05-27 16:21:30,125] INFO: Epoch 78 training completed
[2025-05-27 16:21:32,287] INFO: Test Loss: 0.9787 | Test Acc: 68.41%
[2025-05-27 16:21:32,872] INFO: Epoch 79 | Step 1/196 | Loss: 0.5950 | Acc: 78.12%
[2025-05-27 16:21:51,941] INFO: Epoch 79 | Step 101/196 | Loss: 0.5113 | Acc: 82.33%
[2025-05-27 16:22:09,978] INFO: Epoch 79 training completed
[2025-05-27 16:22:12,146] INFO: Test Loss: 0.9491 | Test Acc: 69.64%
[2025-05-27 16:22:12,821] INFO: Epoch 80 | Step 1/196 | Loss: 0.4952 | Acc: 85.16%
[2025-05-27 16:22:31,930] INFO: Epoch 80 | Step 101/196 | Loss: 0.5078 | Acc: 82.50%
[2025-05-27 16:22:49,976] INFO: Epoch 80 training completed
[2025-05-27 16:22:52,115] INFO: Test Loss: 0.9295 | Test Acc: 69.68%
[2025-05-27 16:22:52,711] INFO: Epoch 81 | Step 1/196 | Loss: 0.5118 | Acc: 84.38%
[2025-05-27 16:23:11,767] INFO: Epoch 81 | Step 101/196 | Loss: 0.4972 | Acc: 82.56%
[2025-05-27 16:23:29,865] INFO: Epoch 81 training completed
[2025-05-27 16:23:32,095] INFO: Test Loss: 1.1339 | Test Acc: 64.91%
[2025-05-27 16:23:32,692] INFO: Epoch 82 | Step 1/196 | Loss: 0.4829 | Acc: 80.47%
[2025-05-27 16:23:51,759] INFO: Epoch 82 | Step 101/196 | Loss: 0.5098 | Acc: 82.15%
[2025-05-27 16:24:09,937] INFO: Epoch 82 training completed
[2025-05-27 16:24:12,097] INFO: Test Loss: 0.8156 | Test Acc: 72.45%
[2025-05-27 16:24:12,687] INFO: Epoch 83 | Step 1/196 | Loss: 0.5286 | Acc: 79.30%
[2025-05-27 16:24:31,751] INFO: Epoch 83 | Step 101/196 | Loss: 0.4971 | Acc: 82.51%
[2025-05-27 16:24:49,739] INFO: Epoch 83 training completed
[2025-05-27 16:24:51,892] INFO: Test Loss: 0.7065 | Test Acc: 75.99%
[2025-05-27 16:24:52,467] INFO: Epoch 84 | Step 1/196 | Loss: 0.5902 | Acc: 78.52%
[2025-05-27 16:25:11,688] INFO: Epoch 84 | Step 101/196 | Loss: 0.5076 | Acc: 82.47%
[2025-05-27 16:25:29,774] INFO: Epoch 84 training completed
[2025-05-27 16:25:31,943] INFO: Test Loss: 0.7233 | Test Acc: 76.56%
[2025-05-27 16:25:32,544] INFO: Epoch 85 | Step 1/196 | Loss: 0.4655 | Acc: 83.20%
[2025-05-27 16:25:51,754] INFO: Epoch 85 | Step 101/196 | Loss: 0.5034 | Acc: 82.39%
[2025-05-27 16:26:09,790] INFO: Epoch 85 training completed
[2025-05-27 16:26:11,953] INFO: Test Loss: 0.8995 | Test Acc: 69.96%
[2025-05-27 16:26:12,535] INFO: Epoch 86 | Step 1/196 | Loss: 0.5283 | Acc: 82.03%
[2025-05-27 16:26:31,718] INFO: Epoch 86 | Step 101/196 | Loss: 0.4955 | Acc: 82.84%
[2025-05-27 16:26:49,806] INFO: Epoch 86 training completed
[2025-05-27 16:26:51,935] INFO: Test Loss: 0.7437 | Test Acc: 74.82%
[2025-05-27 16:26:52,508] INFO: Epoch 87 | Step 1/196 | Loss: 0.4486 | Acc: 84.77%
[2025-05-27 16:27:11,821] INFO: Epoch 87 | Step 101/196 | Loss: 0.5038 | Acc: 82.26%
[2025-05-27 16:27:30,055] INFO: Epoch 87 training completed
[2025-05-27 16:27:32,336] INFO: Test Loss: 0.7882 | Test Acc: 73.88%
[2025-05-27 16:27:33,067] INFO: Epoch 88 | Step 1/196 | Loss: 0.4961 | Acc: 82.03%
[2025-05-27 16:27:52,324] INFO: Epoch 88 | Step 101/196 | Loss: 0.5074 | Acc: 82.46%
[2025-05-27 16:28:10,518] INFO: Epoch 88 training completed
[2025-05-27 16:28:12,838] INFO: Test Loss: 0.6793 | Test Acc: 77.24%
[2025-05-27 16:28:13,058] INFO: New best accuracy: 77.24%, model saved.
[2025-05-27 16:28:13,705] INFO: Epoch 89 | Step 1/196 | Loss: 0.5176 | Acc: 81.64%
[2025-05-27 16:28:32,930] INFO: Epoch 89 | Step 101/196 | Loss: 0.4987 | Acc: 82.80%
[2025-05-27 16:28:51,096] INFO: Epoch 89 training completed
[2025-05-27 16:28:53,422] INFO: Test Loss: 0.6530 | Test Acc: 78.34%
[2025-05-27 16:28:53,754] INFO: New best accuracy: 78.34%, model saved.
[2025-05-27 16:28:54,405] INFO: Epoch 90 | Step 1/196 | Loss: 0.5118 | Acc: 82.81%
[2025-05-27 16:29:13,654] INFO: Epoch 90 | Step 101/196 | Loss: 0.5009 | Acc: 82.68%
[2025-05-27 16:29:31,780] INFO: Epoch 90 training completed
[2025-05-27 16:29:33,956] INFO: Test Loss: 1.0060 | Test Acc: 67.19%
[2025-05-27 16:29:34,542] INFO: Epoch 91 | Step 1/196 | Loss: 0.5202 | Acc: 83.59%
[2025-05-27 16:29:53,708] INFO: Epoch 91 | Step 101/196 | Loss: 0.4976 | Acc: 82.71%
[2025-05-27 16:30:11,849] INFO: Epoch 91 training completed
[2025-05-27 16:30:14,009] INFO: Test Loss: 0.7695 | Test Acc: 73.99%
[2025-05-27 16:30:14,580] INFO: Epoch 92 | Step 1/196 | Loss: 0.5784 | Acc: 79.30%
[2025-05-27 16:30:33,667] INFO: Epoch 92 | Step 101/196 | Loss: 0.4907 | Acc: 83.11%
[2025-05-27 16:30:51,722] INFO: Epoch 92 training completed
[2025-05-27 16:30:53,901] INFO: Test Loss: 0.9141 | Test Acc: 70.98%
[2025-05-27 16:30:54,582] INFO: Epoch 93 | Step 1/196 | Loss: 0.4536 | Acc: 84.38%
[2025-05-27 16:31:13,931] INFO: Epoch 93 | Step 101/196 | Loss: 0.4911 | Acc: 82.79%
[2025-05-27 16:31:32,140] INFO: Epoch 93 training completed
[2025-05-27 16:31:34,439] INFO: Test Loss: 0.7329 | Test Acc: 76.04%
[2025-05-27 16:31:35,100] INFO: Epoch 94 | Step 1/196 | Loss: 0.4861 | Acc: 84.77%
[2025-05-27 16:31:54,383] INFO: Epoch 94 | Step 101/196 | Loss: 0.4852 | Acc: 83.32%
[2025-05-27 16:32:12,585] INFO: Epoch 94 training completed
[2025-05-27 16:32:14,896] INFO: Test Loss: 0.7143 | Test Acc: 77.06%
[2025-05-27 16:32:15,546] INFO: Epoch 95 | Step 1/196 | Loss: 0.5563 | Acc: 81.25%
[2025-05-27 16:32:34,790] INFO: Epoch 95 | Step 101/196 | Loss: 0.4867 | Acc: 83.25%
[2025-05-27 16:32:53,088] INFO: Epoch 95 training completed
[2025-05-27 16:32:55,302] INFO: Test Loss: 0.9154 | Test Acc: 69.94%
[2025-05-27 16:32:55,942] INFO: Epoch 96 | Step 1/196 | Loss: 0.4622 | Acc: 85.16%
[2025-05-27 16:33:15,027] INFO: Epoch 96 | Step 101/196 | Loss: 0.4767 | Acc: 83.48%
[2025-05-27 16:33:33,048] INFO: Epoch 96 training completed
[2025-05-27 16:33:35,197] INFO: Test Loss: 0.6512 | Test Acc: 78.43%
[2025-05-27 16:33:35,395] INFO: New best accuracy: 78.43%, model saved.
[2025-05-27 16:33:35,980] INFO: Epoch 97 | Step 1/196 | Loss: 0.4708 | Acc: 85.16%
[2025-05-27 16:33:55,129] INFO: Epoch 97 | Step 101/196 | Loss: 0.4809 | Acc: 83.39%
[2025-05-27 16:34:13,194] INFO: Epoch 97 training completed
[2025-05-27 16:34:15,480] INFO: Test Loss: 0.6889 | Test Acc: 77.35%
[2025-05-27 16:34:16,205] INFO: Epoch 98 | Step 1/196 | Loss: 0.5178 | Acc: 83.59%
[2025-05-27 16:34:35,377] INFO: Epoch 98 | Step 101/196 | Loss: 0.4861 | Acc: 82.80%
[2025-05-27 16:34:53,423] INFO: Epoch 98 training completed
[2025-05-27 16:34:55,578] INFO: Test Loss: 0.7108 | Test Acc: 76.45%
[2025-05-27 16:34:56,174] INFO: Epoch 99 | Step 1/196 | Loss: 0.4607 | Acc: 82.42%
[2025-05-27 16:35:15,516] INFO: Epoch 99 | Step 101/196 | Loss: 0.4911 | Acc: 82.77%
[2025-05-27 16:35:33,824] INFO: Epoch 99 training completed
[2025-05-27 16:35:36,040] INFO: Test Loss: 0.6662 | Test Acc: 77.73%
[2025-05-27 16:35:36,636] INFO: Epoch 100 | Step 1/196 | Loss: 0.4255 | Acc: 86.72%
[2025-05-27 16:35:55,911] INFO: Epoch 100 | Step 101/196 | Loss: 0.4844 | Acc: 83.15%
[2025-05-27 16:36:14,159] INFO: Epoch 100 training completed
[2025-05-27 16:36:16,446] INFO: Test Loss: 0.6475 | Test Acc: 79.04%
[2025-05-27 16:36:16,658] INFO: New best accuracy: 79.04%, model saved.
[2025-05-27 16:36:17,419] INFO: Epoch 101 | Step 1/196 | Loss: 0.4706 | Acc: 83.20%
[2025-05-27 16:36:36,732] INFO: Epoch 101 | Step 101/196 | Loss: 0.4808 | Acc: 83.32%
[2025-05-27 16:36:54,994] INFO: Epoch 101 training completed
[2025-05-27 16:36:57,280] INFO: Test Loss: 0.5478 | Test Acc: 81.76%
[2025-05-27 16:36:57,536] INFO: New best accuracy: 81.76%, model saved.
[2025-05-27 16:36:58,180] INFO: Epoch 102 | Step 1/196 | Loss: 0.4078 | Acc: 87.11%
[2025-05-27 16:37:17,333] INFO: Epoch 102 | Step 101/196 | Loss: 0.4745 | Acc: 83.32%
[2025-05-27 16:37:35,455] INFO: Epoch 102 training completed
[2025-05-27 16:37:37,634] INFO: Test Loss: 0.7277 | Test Acc: 75.82%
[2025-05-27 16:37:38,226] INFO: Epoch 103 | Step 1/196 | Loss: 0.4034 | Acc: 87.89%
[2025-05-27 16:37:57,325] INFO: Epoch 103 | Step 101/196 | Loss: 0.4726 | Acc: 83.73%
[2025-05-27 16:38:15,463] INFO: Epoch 103 training completed
[2025-05-27 16:38:17,628] INFO: Test Loss: 0.6591 | Test Acc: 78.42%
[2025-05-27 16:38:18,221] INFO: Epoch 104 | Step 1/196 | Loss: 0.5030 | Acc: 83.59%
[2025-05-27 16:38:37,309] INFO: Epoch 104 | Step 101/196 | Loss: 0.4667 | Acc: 83.76%
[2025-05-27 16:38:55,708] INFO: Epoch 104 training completed
[2025-05-27 16:38:57,965] INFO: Test Loss: 0.7650 | Test Acc: 74.91%
[2025-05-27 16:38:58,606] INFO: Epoch 105 | Step 1/196 | Loss: 0.4525 | Acc: 82.81%
[2025-05-27 16:39:17,887] INFO: Epoch 105 | Step 101/196 | Loss: 0.4724 | Acc: 83.41%
[2025-05-27 16:39:36,176] INFO: Epoch 105 training completed
[2025-05-27 16:39:38,467] INFO: Test Loss: 1.7121 | Test Acc: 51.59%
[2025-05-27 16:39:39,067] INFO: Epoch 106 | Step 1/196 | Loss: 0.4096 | Acc: 84.38%
[2025-05-27 16:39:58,322] INFO: Epoch 106 | Step 101/196 | Loss: 0.4822 | Acc: 83.23%
[2025-05-27 16:40:16,640] INFO: Epoch 106 training completed
[2025-05-27 16:40:18,974] INFO: Test Loss: 0.6350 | Test Acc: 78.75%
[2025-05-27 16:40:19,584] INFO: Epoch 107 | Step 1/196 | Loss: 0.4181 | Acc: 85.94%
[2025-05-27 16:40:38,917] INFO: Epoch 107 | Step 101/196 | Loss: 0.4728 | Acc: 83.75%
[2025-05-27 16:40:57,207] INFO: Epoch 107 training completed
[2025-05-27 16:40:59,528] INFO: Test Loss: 0.7656 | Test Acc: 74.85%
[2025-05-27 16:41:00,142] INFO: Epoch 108 | Step 1/196 | Loss: 0.4235 | Acc: 83.98%
[2025-05-27 16:41:19,498] INFO: Epoch 108 | Step 101/196 | Loss: 0.4625 | Acc: 83.95%
[2025-05-27 16:41:37,690] INFO: Epoch 108 training completed
[2025-05-27 16:41:39,847] INFO: Test Loss: 0.7421 | Test Acc: 75.87%
[2025-05-27 16:41:40,454] INFO: Epoch 109 | Step 1/196 | Loss: 0.3752 | Acc: 87.11%
[2025-05-27 16:41:59,502] INFO: Epoch 109 | Step 101/196 | Loss: 0.4616 | Acc: 83.96%
[2025-05-27 16:42:17,579] INFO: Epoch 109 training completed
[2025-05-27 16:42:19,773] INFO: Test Loss: 0.5648 | Test Acc: 81.24%
[2025-05-27 16:42:20,485] INFO: Epoch 110 | Step 1/196 | Loss: 0.4173 | Acc: 85.16%
[2025-05-27 16:42:39,562] INFO: Epoch 110 | Step 101/196 | Loss: 0.4550 | Acc: 84.33%
[2025-05-27 16:42:57,594] INFO: Epoch 110 training completed
[2025-05-27 16:42:59,750] INFO: Test Loss: 0.6903 | Test Acc: 76.76%
[2025-05-27 16:43:00,366] INFO: Epoch 111 | Step 1/196 | Loss: 0.5050 | Acc: 82.42%
[2025-05-27 16:43:19,717] INFO: Epoch 111 | Step 101/196 | Loss: 0.4601 | Acc: 84.10%
[2025-05-27 16:43:37,999] INFO: Epoch 111 training completed
[2025-05-27 16:43:40,230] INFO: Test Loss: 0.5886 | Test Acc: 80.82%
[2025-05-27 16:43:40,867] INFO: Epoch 112 | Step 1/196 | Loss: 0.3802 | Acc: 85.55%
[2025-05-27 16:44:00,145] INFO: Epoch 112 | Step 101/196 | Loss: 0.4590 | Acc: 83.98%
[2025-05-27 16:44:18,337] INFO: Epoch 112 training completed
[2025-05-27 16:44:20,613] INFO: Test Loss: 0.6304 | Test Acc: 79.38%
[2025-05-27 16:44:21,368] INFO: Epoch 113 | Step 1/196 | Loss: 0.4811 | Acc: 84.77%
[2025-05-27 16:44:40,543] INFO: Epoch 113 | Step 101/196 | Loss: 0.4512 | Acc: 84.40%
[2025-05-27 16:44:58,626] INFO: Epoch 113 training completed
[2025-05-27 16:45:00,824] INFO: Test Loss: 0.7110 | Test Acc: 76.30%
[2025-05-27 16:45:01,409] INFO: Epoch 114 | Step 1/196 | Loss: 0.4474 | Acc: 85.55%
[2025-05-27 16:45:20,575] INFO: Epoch 114 | Step 101/196 | Loss: 0.4573 | Acc: 84.15%
[2025-05-27 16:45:38,672] INFO: Epoch 114 training completed
[2025-05-27 16:45:40,859] INFO: Test Loss: 0.6618 | Test Acc: 78.09%
[2025-05-27 16:45:41,442] INFO: Epoch 115 | Step 1/196 | Loss: 0.4407 | Acc: 83.98%
[2025-05-27 16:46:00,510] INFO: Epoch 115 | Step 101/196 | Loss: 0.4471 | Acc: 84.52%
[2025-05-27 16:46:19,002] INFO: Epoch 115 training completed
[2025-05-27 16:46:21,339] INFO: Test Loss: 0.6828 | Test Acc: 77.41%
[2025-05-27 16:46:21,964] INFO: Epoch 116 | Step 1/196 | Loss: 0.3401 | Acc: 89.45%
[2025-05-27 16:46:41,268] INFO: Epoch 116 | Step 101/196 | Loss: 0.4517 | Acc: 84.28%
[2025-05-27 16:46:59,505] INFO: Epoch 116 training completed
[2025-05-27 16:47:01,772] INFO: Test Loss: 0.8540 | Test Acc: 71.15%
[2025-05-27 16:47:02,398] INFO: Epoch 117 | Step 1/196 | Loss: 0.4673 | Acc: 82.03%
[2025-05-27 16:47:21,641] INFO: Epoch 117 | Step 101/196 | Loss: 0.4415 | Acc: 84.49%
[2025-05-27 16:47:39,862] INFO: Epoch 117 training completed
[2025-05-27 16:47:42,123] INFO: Test Loss: 0.6136 | Test Acc: 80.25%
[2025-05-27 16:47:42,867] INFO: Epoch 118 | Step 1/196 | Loss: 0.5019 | Acc: 80.86%
[2025-05-27 16:48:02,098] INFO: Epoch 118 | Step 101/196 | Loss: 0.4411 | Acc: 84.61%
[2025-05-27 16:48:20,358] INFO: Epoch 118 training completed
[2025-05-27 16:48:22,639] INFO: Test Loss: 0.6521 | Test Acc: 78.44%
[2025-05-27 16:48:23,271] INFO: Epoch 119 | Step 1/196 | Loss: 0.3853 | Acc: 85.16%
[2025-05-27 16:48:42,406] INFO: Epoch 119 | Step 101/196 | Loss: 0.4385 | Acc: 84.65%
[2025-05-27 16:49:00,592] INFO: Epoch 119 training completed
[2025-05-27 16:49:02,769] INFO: Test Loss: 0.5851 | Test Acc: 80.58%
[2025-05-27 16:49:03,358] INFO: Epoch 120 | Step 1/196 | Loss: 0.3987 | Acc: 87.50%
[2025-05-27 16:49:22,415] INFO: Epoch 120 | Step 101/196 | Loss: 0.4312 | Acc: 85.12%
[2025-05-27 16:49:40,643] INFO: Epoch 120 training completed
[2025-05-27 16:49:42,937] INFO: Test Loss: 0.6855 | Test Acc: 77.94%
[2025-05-27 16:49:43,594] INFO: Epoch 121 | Step 1/196 | Loss: 0.4010 | Acc: 86.72%
[2025-05-27 16:50:02,923] INFO: Epoch 121 | Step 101/196 | Loss: 0.4312 | Acc: 85.09%
[2025-05-27 16:50:21,135] INFO: Epoch 121 training completed
[2025-05-27 16:50:23,432] INFO: Test Loss: 0.8950 | Test Acc: 71.13%
[2025-05-27 16:50:24,074] INFO: Epoch 122 | Step 1/196 | Loss: 0.4718 | Acc: 85.16%
[2025-05-27 16:50:43,291] INFO: Epoch 122 | Step 101/196 | Loss: 0.4330 | Acc: 85.15%
[2025-05-27 16:51:01,623] INFO: Epoch 122 training completed
[2025-05-27 16:51:03,866] INFO: Test Loss: 0.7906 | Test Acc: 74.28%
[2025-05-27 16:51:04,550] INFO: Epoch 123 | Step 1/196 | Loss: 0.4930 | Acc: 82.81%
[2025-05-27 16:51:23,695] INFO: Epoch 123 | Step 101/196 | Loss: 0.4332 | Acc: 84.89%
[2025-05-27 16:51:41,746] INFO: Epoch 123 training completed
[2025-05-27 16:51:43,894] INFO: Test Loss: 0.5794 | Test Acc: 80.94%
[2025-05-27 16:51:44,495] INFO: Epoch 124 | Step 1/196 | Loss: 0.5171 | Acc: 82.42%
[2025-05-27 16:52:03,591] INFO: Epoch 124 | Step 101/196 | Loss: 0.4276 | Acc: 85.47%
[2025-05-27 16:52:21,608] INFO: Epoch 124 training completed
[2025-05-27 16:52:23,764] INFO: Test Loss: 0.5761 | Test Acc: 80.82%
[2025-05-27 16:52:24,343] INFO: Epoch 125 | Step 1/196 | Loss: 0.3824 | Acc: 87.11%
[2025-05-27 16:52:43,494] INFO: Epoch 125 | Step 101/196 | Loss: 0.4207 | Acc: 85.45%
[2025-05-27 16:53:01,524] INFO: Epoch 125 training completed
[2025-05-27 16:53:03,700] INFO: Test Loss: 0.6464 | Test Acc: 79.02%
[2025-05-27 16:53:04,398] INFO: Epoch 126 | Step 1/196 | Loss: 0.4551 | Acc: 83.20%
[2025-05-27 16:53:23,532] INFO: Epoch 126 | Step 101/196 | Loss: 0.4245 | Acc: 85.42%
[2025-05-27 16:53:41,585] INFO: Epoch 126 training completed
[2025-05-27 16:53:43,760] INFO: Test Loss: 0.6575 | Test Acc: 78.58%
[2025-05-27 16:53:44,355] INFO: Epoch 127 | Step 1/196 | Loss: 0.4822 | Acc: 82.42%
[2025-05-27 16:54:03,397] INFO: Epoch 127 | Step 101/196 | Loss: 0.4161 | Acc: 85.45%
[2025-05-27 16:54:21,767] INFO: Epoch 127 training completed
[2025-05-27 16:54:24,040] INFO: Test Loss: 0.7733 | Test Acc: 74.81%
[2025-05-27 16:54:24,641] INFO: Epoch 128 | Step 1/196 | Loss: 0.3595 | Acc: 89.06%
[2025-05-27 16:54:43,876] INFO: Epoch 128 | Step 101/196 | Loss: 0.4145 | Acc: 85.74%
[2025-05-27 16:55:02,172] INFO: Epoch 128 training completed
[2025-05-27 16:55:04,431] INFO: Test Loss: 0.6962 | Test Acc: 77.60%
[2025-05-27 16:55:05,027] INFO: Epoch 129 | Step 1/196 | Loss: 0.4215 | Acc: 83.59%
[2025-05-27 16:55:24,113] INFO: Epoch 129 | Step 101/196 | Loss: 0.4068 | Acc: 85.84%
[2025-05-27 16:55:42,204] INFO: Epoch 129 training completed
[2025-05-27 16:55:44,379] INFO: Test Loss: 0.5371 | Test Acc: 82.52%
[2025-05-27 16:55:44,579] INFO: New best accuracy: 82.52%, model saved.
[2025-05-27 16:55:45,168] INFO: Epoch 130 | Step 1/196 | Loss: 0.3124 | Acc: 89.84%
[2025-05-27 16:56:04,272] INFO: Epoch 130 | Step 101/196 | Loss: 0.4059 | Acc: 86.07%
[2025-05-27 16:56:22,327] INFO: Epoch 130 training completed
[2025-05-27 16:56:24,514] INFO: Test Loss: 0.6555 | Test Acc: 78.63%
[2025-05-27 16:56:25,100] INFO: Epoch 131 | Step 1/196 | Loss: 0.4504 | Acc: 83.20%
[2025-05-27 16:56:44,166] INFO: Epoch 131 | Step 101/196 | Loss: 0.4090 | Acc: 86.03%
[2025-05-27 16:57:02,280] INFO: Epoch 131 training completed
[2025-05-27 16:57:04,448] INFO: Test Loss: 0.5778 | Test Acc: 81.37%
[2025-05-27 16:57:05,036] INFO: Epoch 132 | Step 1/196 | Loss: 0.3337 | Acc: 88.67%
[2025-05-27 16:57:24,184] INFO: Epoch 132 | Step 101/196 | Loss: 0.4069 | Acc: 85.99%
[2025-05-27 16:57:42,219] INFO: Epoch 132 training completed
[2025-05-27 16:57:44,389] INFO: Test Loss: 0.6106 | Test Acc: 79.66%
[2025-05-27 16:57:45,086] INFO: Epoch 133 | Step 1/196 | Loss: 0.3595 | Acc: 85.55%
[2025-05-27 16:58:04,178] INFO: Epoch 133 | Step 101/196 | Loss: 0.4002 | Acc: 86.07%
[2025-05-27 16:58:22,214] INFO: Epoch 133 training completed
[2025-05-27 16:58:24,391] INFO: Test Loss: 0.6041 | Test Acc: 80.48%
[2025-05-27 16:58:25,003] INFO: Epoch 134 | Step 1/196 | Loss: 0.3486 | Acc: 87.89%
[2025-05-27 16:58:44,016] INFO: Epoch 134 | Step 101/196 | Loss: 0.3902 | Acc: 86.46%
[2025-05-27 16:59:02,176] INFO: Epoch 134 training completed
[2025-05-27 16:59:04,340] INFO: Test Loss: 0.5812 | Test Acc: 80.84%
[2025-05-27 16:59:04,929] INFO: Epoch 135 | Step 1/196 | Loss: 0.3924 | Acc: 84.38%
[2025-05-27 16:59:24,017] INFO: Epoch 135 | Step 101/196 | Loss: 0.3892 | Acc: 86.67%
[2025-05-27 16:59:42,064] INFO: Epoch 135 training completed
[2025-05-27 16:59:44,237] INFO: Test Loss: 0.5139 | Test Acc: 83.86%
[2025-05-27 16:59:44,434] INFO: New best accuracy: 83.86%, model saved.
[2025-05-27 16:59:45,021] INFO: Epoch 136 | Step 1/196 | Loss: 0.3033 | Acc: 88.67%
[2025-05-27 17:00:04,374] INFO: Epoch 136 | Step 101/196 | Loss: 0.3891 | Acc: 86.51%
[2025-05-27 17:00:22,716] INFO: Epoch 136 training completed
[2025-05-27 17:00:25,062] INFO: Test Loss: 0.5586 | Test Acc: 82.05%
[2025-05-27 17:00:25,697] INFO: Epoch 137 | Step 1/196 | Loss: 0.3737 | Acc: 84.77%
[2025-05-27 17:00:44,952] INFO: Epoch 137 | Step 101/196 | Loss: 0.3805 | Acc: 87.06%
[2025-05-27 17:01:03,168] INFO: Epoch 137 training completed
[2025-05-27 17:01:05,477] INFO: Test Loss: 0.6364 | Test Acc: 79.36%
[2025-05-27 17:01:06,123] INFO: Epoch 138 | Step 1/196 | Loss: 0.3929 | Acc: 87.50%
[2025-05-27 17:01:25,470] INFO: Epoch 138 | Step 101/196 | Loss: 0.3864 | Acc: 86.65%
[2025-05-27 17:01:43,786] INFO: Epoch 138 training completed
[2025-05-27 17:01:46,043] INFO: Test Loss: 0.5176 | Test Acc: 82.99%
[2025-05-27 17:01:46,720] INFO: Epoch 139 | Step 1/196 | Loss: 0.3879 | Acc: 85.94%
[2025-05-27 17:02:05,828] INFO: Epoch 139 | Step 101/196 | Loss: 0.3758 | Acc: 86.93%
[2025-05-27 17:02:23,902] INFO: Epoch 139 training completed
[2025-05-27 17:02:26,095] INFO: Test Loss: 0.5830 | Test Acc: 80.89%
[2025-05-27 17:02:26,656] INFO: Epoch 140 | Step 1/196 | Loss: 0.3286 | Acc: 87.50%
[2025-05-27 17:02:45,826] INFO: Epoch 140 | Step 101/196 | Loss: 0.3814 | Acc: 86.90%
[2025-05-27 17:03:03,857] INFO: Epoch 140 training completed
[2025-05-27 17:03:06,026] INFO: Test Loss: 0.5969 | Test Acc: 79.93%
[2025-05-27 17:03:06,616] INFO: Epoch 141 | Step 1/196 | Loss: 0.3448 | Acc: 89.06%
[2025-05-27 17:03:25,714] INFO: Epoch 141 | Step 101/196 | Loss: 0.3705 | Acc: 87.20%
[2025-05-27 17:03:43,787] INFO: Epoch 141 training completed
[2025-05-27 17:03:45,926] INFO: Test Loss: 0.4696 | Test Acc: 84.67%
[2025-05-27 17:03:46,120] INFO: New best accuracy: 84.67%, model saved.
[2025-05-27 17:03:46,698] INFO: Epoch 142 | Step 1/196 | Loss: 0.3162 | Acc: 89.45%
[2025-05-27 17:04:05,827] INFO: Epoch 142 | Step 101/196 | Loss: 0.3711 | Acc: 87.15%
[2025-05-27 17:04:23,893] INFO: Epoch 142 training completed
[2025-05-27 17:04:26,093] INFO: Test Loss: 0.4874 | Test Acc: 84.45%
[2025-05-27 17:04:26,679] INFO: Epoch 143 | Step 1/196 | Loss: 0.3353 | Acc: 87.89%
[2025-05-27 17:04:45,739] INFO: Epoch 143 | Step 101/196 | Loss: 0.3710 | Acc: 87.17%
[2025-05-27 17:05:03,842] INFO: Epoch 143 training completed
[2025-05-27 17:05:06,007] INFO: Test Loss: 0.5561 | Test Acc: 82.23%
[2025-05-27 17:05:06,595] INFO: Epoch 144 | Step 1/196 | Loss: 0.4224 | Acc: 85.94%
[2025-05-27 17:05:25,647] INFO: Epoch 144 | Step 101/196 | Loss: 0.3595 | Acc: 87.54%
[2025-05-27 17:05:43,760] INFO: Epoch 144 training completed
[2025-05-27 17:05:45,899] INFO: Test Loss: 0.5018 | Test Acc: 83.96%
[2025-05-27 17:05:46,488] INFO: Epoch 145 | Step 1/196 | Loss: 0.3205 | Acc: 88.67%
[2025-05-27 17:06:05,591] INFO: Epoch 145 | Step 101/196 | Loss: 0.3592 | Acc: 87.67%
[2025-05-27 17:06:23,771] INFO: Epoch 145 training completed
[2025-05-27 17:06:25,925] INFO: Test Loss: 0.4766 | Test Acc: 84.53%
[2025-05-27 17:06:26,511] INFO: Epoch 146 | Step 1/196 | Loss: 0.3306 | Acc: 89.45%
[2025-05-27 17:06:45,584] INFO: Epoch 146 | Step 101/196 | Loss: 0.3525 | Acc: 87.86%
[2025-05-27 17:07:03,930] INFO: Epoch 146 training completed
[2025-05-27 17:07:06,235] INFO: Test Loss: 0.4882 | Test Acc: 84.53%
[2025-05-27 17:07:06,946] INFO: Epoch 147 | Step 1/196 | Loss: 0.3700 | Acc: 87.50%
[2025-05-27 17:07:26,220] INFO: Epoch 147 | Step 101/196 | Loss: 0.3503 | Acc: 88.04%
[2025-05-27 17:07:44,483] INFO: Epoch 147 training completed
[2025-05-27 17:07:46,755] INFO: Test Loss: 0.5152 | Test Acc: 83.58%
[2025-05-27 17:07:47,412] INFO: Epoch 148 | Step 1/196 | Loss: 0.3392 | Acc: 88.28%
[2025-05-27 17:08:06,750] INFO: Epoch 148 | Step 101/196 | Loss: 0.3466 | Acc: 88.39%
[2025-05-27 17:08:24,999] INFO: Epoch 148 training completed
[2025-05-27 17:08:27,290] INFO: Test Loss: 0.4624 | Test Acc: 85.26%
[2025-05-27 17:08:27,507] INFO: New best accuracy: 85.26%, model saved.
[2025-05-27 17:08:28,129] INFO: Epoch 149 | Step 1/196 | Loss: 0.4335 | Acc: 84.77%
[2025-05-27 17:08:47,314] INFO: Epoch 149 | Step 101/196 | Loss: 0.3410 | Acc: 88.44%
[2025-05-27 17:09:05,551] INFO: Epoch 149 training completed
[2025-05-27 17:09:07,823] INFO: Test Loss: 0.4674 | Test Acc: 84.59%
[2025-05-27 17:09:08,465] INFO: Epoch 150 | Step 1/196 | Loss: 0.3034 | Acc: 89.45%
[2025-05-27 17:09:27,568] INFO: Epoch 150 | Step 101/196 | Loss: 0.3368 | Acc: 88.55%
[2025-05-27 17:09:45,659] INFO: Epoch 150 training completed
[2025-05-27 17:09:47,829] INFO: Test Loss: 0.4726 | Test Acc: 85.01%
[2025-05-27 17:09:48,420] INFO: Epoch 151 | Step 1/196 | Loss: 0.2755 | Acc: 91.80%
[2025-05-27 17:10:07,565] INFO: Epoch 151 | Step 101/196 | Loss: 0.3323 | Acc: 88.66%
[2025-05-27 17:10:25,654] INFO: Epoch 151 training completed
[2025-05-27 17:10:27,824] INFO: Test Loss: 0.4896 | Test Acc: 84.17%
[2025-05-27 17:10:28,404] INFO: Epoch 152 | Step 1/196 | Loss: 0.3482 | Acc: 89.06%
[2025-05-27 17:10:47,511] INFO: Epoch 152 | Step 101/196 | Loss: 0.3243 | Acc: 88.91%
[2025-05-27 17:11:05,898] INFO: Epoch 152 training completed
[2025-05-27 17:11:08,216] INFO: Test Loss: 0.4708 | Test Acc: 84.64%
[2025-05-27 17:11:08,870] INFO: Epoch 153 | Step 1/196 | Loss: 0.2954 | Acc: 88.67%
[2025-05-27 17:11:28,180] INFO: Epoch 153 | Step 101/196 | Loss: 0.3206 | Acc: 89.06%
[2025-05-27 17:11:46,428] INFO: Epoch 153 training completed
[2025-05-27 17:11:48,707] INFO: Test Loss: 0.4886 | Test Acc: 84.30%
[2025-05-27 17:11:49,307] INFO: Epoch 154 | Step 1/196 | Loss: 0.2569 | Acc: 90.23%
[2025-05-27 17:12:08,548] INFO: Epoch 154 | Step 101/196 | Loss: 0.3192 | Acc: 88.91%
[2025-05-27 17:12:26,818] INFO: Epoch 154 training completed
[2025-05-27 17:12:29,105] INFO: Test Loss: 0.4678 | Test Acc: 84.85%
[2025-05-27 17:12:29,750] INFO: Epoch 155 | Step 1/196 | Loss: 0.3578 | Acc: 89.06%
[2025-05-27 17:12:48,980] INFO: Epoch 155 | Step 101/196 | Loss: 0.3127 | Acc: 89.21%
[2025-05-27 17:13:07,067] INFO: Epoch 155 training completed
[2025-05-27 17:13:09,229] INFO: Test Loss: 0.4666 | Test Acc: 85.16%
[2025-05-27 17:13:09,819] INFO: Epoch 156 | Step 1/196 | Loss: 0.2726 | Acc: 91.02%
[2025-05-27 17:13:28,950] INFO: Epoch 156 | Step 101/196 | Loss: 0.3093 | Acc: 89.51%
[2025-05-27 17:13:47,109] INFO: Epoch 156 training completed
[2025-05-27 17:13:49,246] INFO: Test Loss: 0.4453 | Test Acc: 85.76%
[2025-05-27 17:13:49,442] INFO: New best accuracy: 85.76%, model saved.
[2025-05-27 17:13:50,043] INFO: Epoch 157 | Step 1/196 | Loss: 0.2724 | Acc: 91.02%
[2025-05-27 17:14:09,075] INFO: Epoch 157 | Step 101/196 | Loss: 0.3041 | Acc: 89.61%
[2025-05-27 17:14:27,063] INFO: Epoch 157 training completed
[2025-05-27 17:14:29,223] INFO: Test Loss: 0.4286 | Test Acc: 86.69%
[2025-05-27 17:14:29,417] INFO: New best accuracy: 86.69%, model saved.
[2025-05-27 17:14:30,087] INFO: Epoch 158 | Step 1/196 | Loss: 0.2486 | Acc: 91.41%
[2025-05-27 17:14:49,139] INFO: Epoch 158 | Step 101/196 | Loss: 0.3015 | Acc: 89.58%
[2025-05-27 17:15:07,205] INFO: Epoch 158 training completed
[2025-05-27 17:15:09,346] INFO: Test Loss: 0.4338 | Test Acc: 86.03%
[2025-05-27 17:15:09,939] INFO: Epoch 159 | Step 1/196 | Loss: 0.2772 | Acc: 91.02%
[2025-05-27 17:15:29,065] INFO: Epoch 159 | Step 101/196 | Loss: 0.2937 | Acc: 90.06%
[2025-05-27 17:15:47,164] INFO: Epoch 159 training completed
[2025-05-27 17:15:49,371] INFO: Test Loss: 0.4322 | Test Acc: 86.77%
[2025-05-27 17:15:49,567] INFO: New best accuracy: 86.77%, model saved.
[2025-05-27 17:15:50,157] INFO: Epoch 160 | Step 1/196 | Loss: 0.3245 | Acc: 90.23%
[2025-05-27 17:16:09,203] INFO: Epoch 160 | Step 101/196 | Loss: 0.2893 | Acc: 90.40%
[2025-05-27 17:16:27,246] INFO: Epoch 160 training completed
[2025-05-27 17:16:29,407] INFO: Test Loss: 0.4084 | Test Acc: 87.08%
[2025-05-27 17:16:29,602] INFO: New best accuracy: 87.08%, model saved.
[2025-05-27 17:16:30,179] INFO: Epoch 161 | Step 1/196 | Loss: 0.2717 | Acc: 89.84%
[2025-05-27 17:16:49,293] INFO: Epoch 161 | Step 101/196 | Loss: 0.2804 | Acc: 90.53%
[2025-05-27 17:17:07,366] INFO: Epoch 161 training completed
[2025-05-27 17:17:09,535] INFO: Test Loss: 0.4504 | Test Acc: 85.76%
[2025-05-27 17:17:10,130] INFO: Epoch 162 | Step 1/196 | Loss: 0.4024 | Acc: 87.11%
[2025-05-27 17:17:29,215] INFO: Epoch 162 | Step 101/196 | Loss: 0.2793 | Acc: 90.37%
[2025-05-27 17:17:47,561] INFO: Epoch 162 training completed
[2025-05-27 17:17:49,864] INFO: Test Loss: 0.4434 | Test Acc: 86.18%
[2025-05-27 17:17:50,497] INFO: Epoch 163 | Step 1/196 | Loss: 0.2513 | Acc: 90.62%
[2025-05-27 17:18:09,753] INFO: Epoch 163 | Step 101/196 | Loss: 0.2833 | Acc: 90.33%
[2025-05-27 17:18:27,979] INFO: Epoch 163 training completed
[2025-05-27 17:18:30,283] INFO: Test Loss: 0.4077 | Test Acc: 87.49%
[2025-05-27 17:18:30,612] INFO: New best accuracy: 87.49%, model saved.
[2025-05-27 17:18:31,288] INFO: Epoch 164 | Step 1/196 | Loss: 0.2554 | Acc: 91.80%
[2025-05-27 17:18:50,598] INFO: Epoch 164 | Step 101/196 | Loss: 0.2674 | Acc: 91.11%
[2025-05-27 17:19:08,769] INFO: Epoch 164 training completed
[2025-05-27 17:19:10,931] INFO: Test Loss: 0.4062 | Test Acc: 87.02%
[2025-05-27 17:19:11,524] INFO: Epoch 165 | Step 1/196 | Loss: 0.2639 | Acc: 90.23%
[2025-05-27 17:19:30,677] INFO: Epoch 165 | Step 101/196 | Loss: 0.2765 | Acc: 90.78%
[2025-05-27 17:19:48,776] INFO: Epoch 165 training completed
[2025-05-27 17:19:50,920] INFO: Test Loss: 0.3991 | Test Acc: 87.41%
[2025-05-27 17:19:51,515] INFO: Epoch 166 | Step 1/196 | Loss: 0.2402 | Acc: 91.80%
[2025-05-27 17:20:10,562] INFO: Epoch 166 | Step 101/196 | Loss: 0.2632 | Acc: 91.05%
[2025-05-27 17:20:28,569] INFO: Epoch 166 training completed
[2025-05-27 17:20:30,722] INFO: Test Loss: 0.4174 | Test Acc: 86.59%
[2025-05-27 17:20:31,403] INFO: Epoch 167 | Step 1/196 | Loss: 0.2034 | Acc: 92.19%
[2025-05-27 17:20:50,754] INFO: Epoch 167 | Step 101/196 | Loss: 0.2561 | Acc: 91.39%
[2025-05-27 17:21:09,015] INFO: Epoch 167 training completed
[2025-05-27 17:21:11,272] INFO: Test Loss: 0.4062 | Test Acc: 87.16%
[2025-05-27 17:21:11,936] INFO: Epoch 168 | Step 1/196 | Loss: 0.2190 | Acc: 92.19%
[2025-05-27 17:21:31,223] INFO: Epoch 168 | Step 101/196 | Loss: 0.2524 | Acc: 91.51%
[2025-05-27 17:21:49,503] INFO: Epoch 168 training completed
[2025-05-27 17:21:51,779] INFO: Test Loss: 0.3976 | Test Acc: 87.67%
[2025-05-27 17:21:51,986] INFO: New best accuracy: 87.67%, model saved.
[2025-05-27 17:21:52,608] INFO: Epoch 169 | Step 1/196 | Loss: 0.2725 | Acc: 91.41%
[2025-05-27 17:22:11,849] INFO: Epoch 169 | Step 101/196 | Loss: 0.2401 | Acc: 91.97%
[2025-05-27 17:22:30,088] INFO: Epoch 169 training completed
[2025-05-27 17:22:32,397] INFO: Test Loss: 0.4073 | Test Acc: 87.27%
[2025-05-27 17:22:33,014] INFO: Epoch 170 | Step 1/196 | Loss: 0.2459 | Acc: 92.97%
[2025-05-27 17:22:52,353] INFO: Epoch 170 | Step 101/196 | Loss: 0.2432 | Acc: 91.91%
[2025-05-27 17:23:10,561] INFO: Epoch 170 training completed
[2025-05-27 17:23:12,838] INFO: Test Loss: 0.3557 | Test Acc: 88.81%
[2025-05-27 17:23:13,070] INFO: New best accuracy: 88.81%, model saved.
[2025-05-27 17:23:13,703] INFO: Epoch 171 | Step 1/196 | Loss: 0.1663 | Acc: 94.53%
[2025-05-27 17:23:32,999] INFO: Epoch 171 | Step 101/196 | Loss: 0.2333 | Acc: 92.20%
[2025-05-27 17:23:51,040] INFO: Epoch 171 training completed
[2025-05-27 17:23:53,198] INFO: Test Loss: 0.4149 | Test Acc: 87.29%
[2025-05-27 17:23:53,836] INFO: Epoch 172 | Step 1/196 | Loss: 0.2232 | Acc: 93.36%
[2025-05-27 17:24:12,892] INFO: Epoch 172 | Step 101/196 | Loss: 0.2338 | Acc: 92.43%
[2025-05-27 17:24:31,010] INFO: Epoch 172 training completed
[2025-05-27 17:24:33,196] INFO: Test Loss: 0.3723 | Test Acc: 88.89%
[2025-05-27 17:24:33,397] INFO: New best accuracy: 88.89%, model saved.
[2025-05-27 17:24:33,977] INFO: Epoch 173 | Step 1/196 | Loss: 0.2246 | Acc: 92.58%
[2025-05-27 17:24:53,056] INFO: Epoch 173 | Step 101/196 | Loss: 0.2257 | Acc: 92.45%
[2025-05-27 17:25:11,161] INFO: Epoch 173 training completed
[2025-05-27 17:25:13,476] INFO: Test Loss: 0.3768 | Test Acc: 88.64%
[2025-05-27 17:25:14,244] INFO: Epoch 174 | Step 1/196 | Loss: 0.1893 | Acc: 93.75%
[2025-05-27 17:25:33,477] INFO: Epoch 174 | Step 101/196 | Loss: 0.2144 | Acc: 93.02%
[2025-05-27 17:25:51,693] INFO: Epoch 174 training completed
[2025-05-27 17:25:54,039] INFO: Test Loss: 0.3662 | Test Acc: 88.60%
[2025-05-27 17:25:54,647] INFO: Epoch 175 | Step 1/196 | Loss: 0.1746 | Acc: 95.31%
[2025-05-27 17:26:13,877] INFO: Epoch 175 | Step 101/196 | Loss: 0.2087 | Acc: 93.05%
[2025-05-27 17:26:32,155] INFO: Epoch 175 training completed
[2025-05-27 17:26:34,429] INFO: Test Loss: 0.3522 | Test Acc: 89.24%
[2025-05-27 17:26:34,635] INFO: New best accuracy: 89.24%, model saved.
[2025-05-27 17:26:35,235] INFO: Epoch 176 | Step 1/196 | Loss: 0.2017 | Acc: 93.36%
[2025-05-27 17:26:54,552] INFO: Epoch 176 | Step 101/196 | Loss: 0.2032 | Acc: 93.53%
[2025-05-27 17:27:12,612] INFO: Epoch 176 training completed
[2025-05-27 17:27:14,778] INFO: Test Loss: 0.3604 | Test Acc: 89.01%
[2025-05-27 17:27:15,377] INFO: Epoch 177 | Step 1/196 | Loss: 0.2953 | Acc: 91.02%
[2025-05-27 17:27:34,563] INFO: Epoch 177 | Step 101/196 | Loss: 0.1991 | Acc: 93.52%
[2025-05-27 17:27:52,595] INFO: Epoch 177 training completed
[2025-05-27 17:27:54,745] INFO: Test Loss: 0.3628 | Test Acc: 88.95%
[2025-05-27 17:27:55,337] INFO: Epoch 178 | Step 1/196 | Loss: 0.1669 | Acc: 94.92%
[2025-05-27 17:28:14,594] INFO: Epoch 178 | Step 101/196 | Loss: 0.1962 | Acc: 93.63%
[2025-05-27 17:28:32,941] INFO: Epoch 178 training completed
[2025-05-27 17:28:35,212] INFO: Test Loss: 0.3591 | Test Acc: 89.18%
[2025-05-27 17:28:35,912] INFO: Epoch 179 | Step 1/196 | Loss: 0.1627 | Acc: 94.14%
[2025-05-27 17:28:55,114] INFO: Epoch 179 | Step 101/196 | Loss: 0.1858 | Acc: 94.11%
[2025-05-27 17:29:13,325] INFO: Epoch 179 training completed
[2025-05-27 17:29:15,598] INFO: Test Loss: 0.3499 | Test Acc: 89.60%
[2025-05-27 17:29:15,812] INFO: New best accuracy: 89.60%, model saved.
[2025-05-27 17:29:16,487] INFO: Epoch 180 | Step 1/196 | Loss: 0.1854 | Acc: 94.92%
[2025-05-27 17:29:35,786] INFO: Epoch 180 | Step 101/196 | Loss: 0.1821 | Acc: 94.13%
[2025-05-27 17:29:54,027] INFO: Epoch 180 training completed
[2025-05-27 17:29:56,296] INFO: Test Loss: 0.3339 | Test Acc: 90.10%
[2025-05-27 17:29:56,511] INFO: New best accuracy: 90.10%, model saved.
[2025-05-27 17:29:57,190] INFO: Epoch 181 | Step 1/196 | Loss: 0.1923 | Acc: 93.36%
[2025-05-27 17:30:16,505] INFO: Epoch 181 | Step 101/196 | Loss: 0.1708 | Acc: 94.54%
[2025-05-27 17:30:34,729] INFO: Epoch 181 training completed
[2025-05-27 17:30:36,994] INFO: Test Loss: 0.3296 | Test Acc: 90.26%
[2025-05-27 17:30:37,201] INFO: New best accuracy: 90.26%, model saved.
[2025-05-27 17:30:37,817] INFO: Epoch 182 | Step 1/196 | Loss: 0.1176 | Acc: 96.48%
[2025-05-27 17:30:57,148] INFO: Epoch 182 | Step 101/196 | Loss: 0.1700 | Acc: 94.59%
[2025-05-27 17:31:15,453] INFO: Epoch 182 training completed
[2025-05-27 17:31:17,753] INFO: Test Loss: 0.3342 | Test Acc: 90.03%
[2025-05-27 17:31:18,414] INFO: Epoch 183 | Step 1/196 | Loss: 0.1641 | Acc: 94.92%
[2025-05-27 17:31:37,693] INFO: Epoch 183 | Step 101/196 | Loss: 0.1646 | Acc: 94.72%
[2025-05-27 17:31:55,977] INFO: Epoch 183 training completed
[2025-05-27 17:31:58,287] INFO: Test Loss: 0.3156 | Test Acc: 90.44%
[2025-05-27 17:31:58,507] INFO: New best accuracy: 90.44%, model saved.
[2025-05-27 17:31:59,143] INFO: Epoch 184 | Step 1/196 | Loss: 0.1604 | Acc: 95.70%
[2025-05-27 17:32:18,227] INFO: Epoch 184 | Step 101/196 | Loss: 0.1570 | Acc: 95.04%
[2025-05-27 17:32:36,248] INFO: Epoch 184 training completed
[2025-05-27 17:32:38,371] INFO: Test Loss: 0.3270 | Test Acc: 90.11%
[2025-05-27 17:32:39,383] INFO: Epoch 185 | Step 1/196 | Loss: 0.2127 | Acc: 92.19%
[2025-05-27 17:32:58,520] INFO: Epoch 185 | Step 101/196 | Loss: 0.1560 | Acc: 95.14%
[2025-05-27 17:33:16,584] INFO: Epoch 185 training completed
[2025-05-27 17:33:18,722] INFO: Test Loss: 0.3334 | Test Acc: 90.59%
[2025-05-27 17:33:18,920] INFO: New best accuracy: 90.59%, model saved.
[2025-05-27 17:33:19,487] INFO: Epoch 186 | Step 1/196 | Loss: 0.1087 | Acc: 96.48%
[2025-05-27 17:33:38,575] INFO: Epoch 186 | Step 101/196 | Loss: 0.1480 | Acc: 95.44%
[2025-05-27 17:33:56,928] INFO: Epoch 186 training completed
[2025-05-27 17:33:59,244] INFO: Test Loss: 0.3207 | Test Acc: 90.70%
[2025-05-27 17:33:59,473] INFO: New best accuracy: 90.70%, model saved.
[2025-05-27 17:34:00,190] INFO: Epoch 187 | Step 1/196 | Loss: 0.1263 | Acc: 96.09%
[2025-05-27 17:34:19,448] INFO: Epoch 187 | Step 101/196 | Loss: 0.1444 | Acc: 95.47%
[2025-05-27 17:34:37,681] INFO: Epoch 187 training completed
[2025-05-27 17:34:39,978] INFO: Test Loss: 0.3262 | Test Acc: 90.46%
[2025-05-27 17:34:40,613] INFO: Epoch 188 | Step 1/196 | Loss: 0.1515 | Acc: 96.48%
[2025-05-27 17:34:59,973] INFO: Epoch 188 | Step 101/196 | Loss: 0.1388 | Acc: 95.71%
[2025-05-27 17:35:18,215] INFO: Epoch 188 training completed
[2025-05-27 17:35:20,553] INFO: Test Loss: 0.3241 | Test Acc: 90.46%
[2025-05-27 17:35:21,201] INFO: Epoch 189 | Step 1/196 | Loss: 0.1397 | Acc: 96.48%
[2025-05-27 17:35:40,439] INFO: Epoch 189 | Step 101/196 | Loss: 0.1330 | Acc: 96.02%
[2025-05-27 17:35:58,790] INFO: Epoch 189 training completed
[2025-05-27 17:36:01,059] INFO: Test Loss: 0.3235 | Test Acc: 90.82%
[2025-05-27 17:36:01,372] INFO: New best accuracy: 90.82%, model saved.
[2025-05-27 17:36:02,020] INFO: Epoch 190 | Step 1/196 | Loss: 0.1498 | Acc: 95.31%
[2025-05-27 17:36:21,218] INFO: Epoch 190 | Step 101/196 | Loss: 0.1313 | Acc: 96.14%
[2025-05-27 17:36:39,355] INFO: Epoch 190 training completed
[2025-05-27 17:36:41,508] INFO: Test Loss: 0.3183 | Test Acc: 90.80%
[2025-05-27 17:36:42,098] INFO: Epoch 191 | Step 1/196 | Loss: 0.1383 | Acc: 96.09%
[2025-05-27 17:37:01,186] INFO: Epoch 191 | Step 101/196 | Loss: 0.1211 | Acc: 96.41%
[2025-05-27 17:37:19,280] INFO: Epoch 191 training completed
[2025-05-27 17:37:21,428] INFO: Test Loss: 0.3178 | Test Acc: 90.95%
[2025-05-27 17:37:21,629] INFO: New best accuracy: 90.95%, model saved.
[2025-05-27 17:37:22,205] INFO: Epoch 192 | Step 1/196 | Loss: 0.1108 | Acc: 96.09%
[2025-05-27 17:37:41,332] INFO: Epoch 192 | Step 101/196 | Loss: 0.1217 | Acc: 96.53%
[2025-05-27 17:37:59,401] INFO: Epoch 192 training completed
[2025-05-27 17:38:01,556] INFO: Test Loss: 0.3178 | Test Acc: 90.81%
[2025-05-27 17:38:02,141] INFO: Epoch 193 | Step 1/196 | Loss: 0.1121 | Acc: 96.48%
[2025-05-27 17:38:21,507] INFO: Epoch 193 | Step 101/196 | Loss: 0.1241 | Acc: 96.37%
[2025-05-27 17:38:39,780] INFO: Epoch 193 training completed
[2025-05-27 17:38:42,029] INFO: Test Loss: 0.3164 | Test Acc: 91.10%
[2025-05-27 17:38:42,232] INFO: New best accuracy: 91.10%, model saved.
[2025-05-27 17:38:42,957] INFO: Epoch 194 | Step 1/196 | Loss: 0.1147 | Acc: 96.88%
[2025-05-27 17:39:02,230] INFO: Epoch 194 | Step 101/196 | Loss: 0.1172 | Acc: 96.76%
[2025-05-27 17:39:20,270] INFO: Epoch 194 training completed
[2025-05-27 17:39:22,415] INFO: Test Loss: 0.3190 | Test Acc: 90.97%
[2025-05-27 17:39:23,000] INFO: Epoch 195 | Step 1/196 | Loss: 0.1244 | Acc: 95.70%
[2025-05-27 17:39:42,062] INFO: Epoch 195 | Step 101/196 | Loss: 0.1164 | Acc: 96.65%
[2025-05-27 17:40:00,123] INFO: Epoch 195 training completed
[2025-05-27 17:40:02,293] INFO: Test Loss: 0.3199 | Test Acc: 90.96%
[2025-05-27 17:40:02,881] INFO: Epoch 196 | Step 1/196 | Loss: 0.1376 | Acc: 96.88%
[2025-05-27 17:40:21,925] INFO: Epoch 196 | Step 101/196 | Loss: 0.1144 | Acc: 96.75%
[2025-05-27 17:40:39,944] INFO: Epoch 196 training completed
[2025-05-27 17:40:42,089] INFO: Test Loss: 0.3201 | Test Acc: 91.04%
[2025-05-27 17:40:42,780] INFO: Epoch 197 | Step 1/196 | Loss: 0.1442 | Acc: 94.53%
[2025-05-27 17:41:01,974] INFO: Epoch 197 | Step 101/196 | Loss: 0.1162 | Acc: 96.75%
[2025-05-27 17:41:20,009] INFO: Epoch 197 training completed
[2025-05-27 17:41:22,170] INFO: Test Loss: 0.3188 | Test Acc: 91.07%
[2025-05-27 17:41:22,770] INFO: Epoch 198 | Step 1/196 | Loss: 0.0769 | Acc: 98.05%
[2025-05-27 17:41:41,888] INFO: Epoch 198 | Step 101/196 | Loss: 0.1143 | Acc: 96.77%
[2025-05-27 17:42:00,290] INFO: Epoch 198 training completed
[2025-05-27 17:42:02,579] INFO: Test Loss: 0.3204 | Test Acc: 90.95%
[2025-05-27 17:42:03,207] INFO: Epoch 199 | Step 1/196 | Loss: 0.1277 | Acc: 96.48%
[2025-05-27 17:42:22,448] INFO: Epoch 199 | Step 101/196 | Loss: 0.1151 | Acc: 96.74%
[2025-05-27 17:42:40,729] INFO: Epoch 199 training completed
[2025-05-27 17:42:42,969] INFO: Test Loss: 0.3197 | Test Acc: 91.04%
[2025-05-27 17:42:43,590] INFO: Epoch 200 | Step 1/196 | Loss: 0.1104 | Acc: 96.09%
[2025-05-27 17:43:02,965] INFO: Epoch 200 | Step 101/196 | Loss: 0.1128 | Acc: 96.90%
[2025-05-27 17:43:21,141] INFO: Epoch 200 training completed
[2025-05-27 17:43:23,295] INFO: Test Loss: 0.3183 | Test Acc: 91.10%
[2025-05-27 17:43:23,594] INFO: Training complete. Best Test Accuracy: 91.10%
