[2025-06-11 10:50:27,184] INFO: Using device: cuda
[2025-06-11 10:50:28,329] INFO: Using GhostNetV3 with width 1.0
[2025-06-11 10:50:57,624] INFO: Epoch 1 | Step 1/196 | Loss: 3.7507 | Acc: 12.89%
[2025-06-11 10:51:08,930] INFO: Epoch 1 | Step 101/196 | Loss: 2.6800 | Acc: 12.85%
[2025-06-11 10:51:19,786] INFO: Epoch 1 training completed
[2025-06-11 10:51:43,111] INFO: Test Loss: 2.2389 | Test Acc: 16.50%
[2025-06-11 10:51:43,272] INFO: New best accuracy: 16.50%, model saved.
[2025-06-11 10:51:43,624] INFO: Epoch 2 | Step 1/196 | Loss: 2.0769 | Acc: 14.45%
[2025-06-11 10:51:54,862] INFO: Epoch 2 | Step 101/196 | Loss: 2.0887 | Acc: 17.24%
[2025-06-11 10:52:05,475] INFO: Epoch 2 training completed
[2025-06-11 10:52:06,671] INFO: Test Loss: 2.0306 | Test Acc: 24.20%
[2025-06-11 10:52:06,774] INFO: New best accuracy: 24.20%, model saved.
[2025-06-11 10:52:07,116] INFO: Epoch 3 | Step 1/196 | Loss: 1.9195 | Acc: 23.83%
[2025-06-11 10:52:18,340] INFO: Epoch 3 | Step 101/196 | Loss: 1.9141 | Acc: 24.02%
[2025-06-11 10:52:28,969] INFO: Epoch 3 training completed
[2025-06-11 10:52:30,159] INFO: Test Loss: 1.8971 | Test Acc: 28.15%
[2025-06-11 10:52:30,262] INFO: New best accuracy: 28.15%, model saved.
[2025-06-11 10:52:30,619] INFO: Epoch 4 | Step 1/196 | Loss: 1.7725 | Acc: 29.30%
[2025-06-11 10:52:41,918] INFO: Epoch 4 | Step 101/196 | Loss: 1.7912 | Acc: 28.38%
[2025-06-11 10:52:52,559] INFO: Epoch 4 training completed
[2025-06-11 10:52:53,746] INFO: Test Loss: 1.7854 | Test Acc: 32.60%
[2025-06-11 10:52:53,853] INFO: New best accuracy: 32.60%, model saved.
[2025-06-11 10:52:54,199] INFO: Epoch 5 | Step 1/196 | Loss: 1.7384 | Acc: 29.30%
[2025-06-11 10:53:05,450] INFO: Epoch 5 | Step 101/196 | Loss: 1.7195 | Acc: 31.56%
[2025-06-11 10:53:16,098] INFO: Epoch 5 training completed
[2025-06-11 10:53:17,290] INFO: Test Loss: 1.7436 | Test Acc: 34.54%
[2025-06-11 10:53:17,391] INFO: New best accuracy: 34.54%, model saved.
[2025-06-11 10:53:17,731] INFO: Epoch 6 | Step 1/196 | Loss: 1.7078 | Acc: 32.03%
[2025-06-11 10:53:28,995] INFO: Epoch 6 | Step 101/196 | Loss: 1.6595 | Acc: 34.29%
[2025-06-11 10:53:39,658] INFO: Epoch 6 training completed
[2025-06-11 10:53:40,856] INFO: Test Loss: 1.6415 | Test Acc: 39.03%
[2025-06-11 10:53:40,958] INFO: New best accuracy: 39.03%, model saved.
[2025-06-11 10:53:41,299] INFO: Epoch 7 | Step 1/196 | Loss: 1.6198 | Acc: 35.16%
[2025-06-11 10:53:52,565] INFO: Epoch 7 | Step 101/196 | Loss: 1.5848 | Acc: 37.82%
[2025-06-11 10:54:03,270] INFO: Epoch 7 training completed
[2025-06-11 10:54:04,460] INFO: Test Loss: 1.5863 | Test Acc: 41.59%
[2025-06-11 10:54:04,565] INFO: New best accuracy: 41.59%, model saved.
[2025-06-11 10:54:04,909] INFO: Epoch 8 | Step 1/196 | Loss: 1.4886 | Acc: 42.97%
[2025-06-11 10:54:16,170] INFO: Epoch 8 | Step 101/196 | Loss: 1.5075 | Acc: 41.45%
[2025-06-11 10:54:26,838] INFO: Epoch 8 training completed
[2025-06-11 10:54:28,041] INFO: Test Loss: 1.4944 | Test Acc: 45.12%
[2025-06-11 10:54:28,144] INFO: New best accuracy: 45.12%, model saved.
[2025-06-11 10:54:28,499] INFO: Epoch 9 | Step 1/196 | Loss: 1.4308 | Acc: 41.80%
[2025-06-11 10:54:39,762] INFO: Epoch 9 | Step 101/196 | Loss: 1.4338 | Acc: 44.52%
[2025-06-11 10:54:50,419] INFO: Epoch 9 training completed
[2025-06-11 10:54:51,620] INFO: Test Loss: 1.4414 | Test Acc: 47.31%
[2025-06-11 10:54:51,725] INFO: New best accuracy: 47.31%, model saved.
[2025-06-11 10:54:52,061] INFO: Epoch 10 | Step 1/196 | Loss: 1.3660 | Acc: 48.44%
[2025-06-11 10:55:03,355] INFO: Epoch 10 | Step 101/196 | Loss: 1.3786 | Acc: 47.07%
[2025-06-11 10:55:14,190] INFO: Epoch 10 training completed
[2025-06-11 10:55:15,470] INFO: Test Loss: 1.3771 | Test Acc: 49.56%
[2025-06-11 10:55:15,698] INFO: New best accuracy: 49.56%, model saved.
[2025-06-11 10:55:16,126] INFO: Epoch 11 | Step 1/196 | Loss: 1.3671 | Acc: 51.17%
[2025-06-11 10:55:27,480] INFO: Epoch 11 | Step 101/196 | Loss: 1.3192 | Acc: 49.30%
[2025-06-11 10:55:38,200] INFO: Epoch 11 training completed
[2025-06-11 10:55:39,424] INFO: Test Loss: 1.3347 | Test Acc: 51.53%
[2025-06-11 10:55:39,530] INFO: New best accuracy: 51.53%, model saved.
[2025-06-11 10:55:39,892] INFO: Epoch 12 | Step 1/196 | Loss: 1.2921 | Acc: 50.39%
[2025-06-11 10:55:51,202] INFO: Epoch 12 | Step 101/196 | Loss: 1.2658 | Acc: 51.87%
[2025-06-11 10:56:01,908] INFO: Epoch 12 training completed
[2025-06-11 10:56:03,134] INFO: Test Loss: 1.2816 | Test Acc: 53.66%
[2025-06-11 10:56:03,241] INFO: New best accuracy: 53.66%, model saved.
[2025-06-11 10:56:03,617] INFO: Epoch 13 | Step 1/196 | Loss: 1.1966 | Acc: 56.64%
[2025-06-11 10:56:14,953] INFO: Epoch 13 | Step 101/196 | Loss: 1.2047 | Acc: 54.29%
[2025-06-11 10:56:25,671] INFO: Epoch 13 training completed
[2025-06-11 10:56:26,893] INFO: Test Loss: 1.2176 | Test Acc: 56.09%
[2025-06-11 10:56:27,106] INFO: New best accuracy: 56.09%, model saved.
[2025-06-11 10:56:27,468] INFO: Epoch 14 | Step 1/196 | Loss: 1.1370 | Acc: 57.81%
[2025-06-11 10:56:39,146] INFO: Epoch 14 | Step 101/196 | Loss: 1.1466 | Acc: 56.66%
[2025-06-11 10:56:50,679] INFO: Epoch 14 training completed
[2025-06-11 10:56:52,119] INFO: Test Loss: 1.1810 | Test Acc: 57.88%
[2025-06-11 10:56:52,251] INFO: New best accuracy: 57.88%, model saved.
[2025-06-11 10:56:52,685] INFO: Epoch 15 | Step 1/196 | Loss: 1.1405 | Acc: 60.16%
[2025-06-11 10:57:04,755] INFO: Epoch 15 | Step 101/196 | Loss: 1.0959 | Acc: 58.75%
[2025-06-11 10:57:16,296] INFO: Epoch 15 training completed
[2025-06-11 10:57:17,671] INFO: Test Loss: 1.1581 | Test Acc: 58.83%
[2025-06-11 10:57:17,787] INFO: New best accuracy: 58.83%, model saved.
[2025-06-11 10:57:18,190] INFO: Epoch 16 | Step 1/196 | Loss: 1.0387 | Acc: 60.94%
[2025-06-11 10:57:29,555] INFO: Epoch 16 | Step 101/196 | Loss: 1.0406 | Acc: 60.84%
[2025-06-11 10:57:40,256] INFO: Epoch 16 training completed
[2025-06-11 10:57:41,491] INFO: Test Loss: 1.1094 | Test Acc: 60.54%
[2025-06-11 10:57:41,607] INFO: New best accuracy: 60.54%, model saved.
[2025-06-11 10:57:41,988] INFO: Epoch 17 | Step 1/196 | Loss: 0.9762 | Acc: 68.36%
[2025-06-11 10:57:53,437] INFO: Epoch 17 | Step 101/196 | Loss: 1.0001 | Acc: 62.39%
[2025-06-11 10:58:04,289] INFO: Epoch 17 training completed
[2025-06-11 10:58:05,506] INFO: Test Loss: 1.0307 | Test Acc: 63.07%
[2025-06-11 10:58:05,616] INFO: New best accuracy: 63.07%, model saved.
[2025-06-11 10:58:05,987] INFO: Epoch 18 | Step 1/196 | Loss: 0.9326 | Acc: 65.23%
[2025-06-11 10:58:17,390] INFO: Epoch 18 | Step 101/196 | Loss: 0.9530 | Acc: 63.85%
[2025-06-11 10:58:28,190] INFO: Epoch 18 training completed
[2025-06-11 10:58:29,424] INFO: Test Loss: 0.9821 | Test Acc: 65.02%
[2025-06-11 10:58:29,530] INFO: New best accuracy: 65.02%, model saved.
[2025-06-11 10:58:29,896] INFO: Epoch 19 | Step 1/196 | Loss: 0.9024 | Acc: 67.58%
[2025-06-11 10:58:41,275] INFO: Epoch 19 | Step 101/196 | Loss: 0.9169 | Acc: 65.52%
[2025-06-11 10:58:52,058] INFO: Epoch 19 training completed
[2025-06-11 10:58:53,298] INFO: Test Loss: 1.0501 | Test Acc: 62.65%
[2025-06-11 10:58:53,670] INFO: Epoch 20 | Step 1/196 | Loss: 0.8155 | Acc: 70.70%
[2025-06-11 10:59:05,172] INFO: Epoch 20 | Step 101/196 | Loss: 0.8794 | Acc: 67.17%
[2025-06-11 10:59:16,242] INFO: Epoch 20 training completed
[2025-06-11 10:59:17,567] INFO: Test Loss: 1.0050 | Test Acc: 64.83%
[2025-06-11 10:59:17,937] INFO: Epoch 21 | Step 1/196 | Loss: 0.8515 | Acc: 70.70%
[2025-06-11 10:59:29,643] INFO: Epoch 21 | Step 101/196 | Loss: 0.8514 | Acc: 68.40%
[2025-06-11 10:59:40,578] INFO: Epoch 21 training completed
[2025-06-11 10:59:41,890] INFO: Test Loss: 0.9226 | Test Acc: 67.68%
[2025-06-11 10:59:41,997] INFO: New best accuracy: 67.68%, model saved.
[2025-06-11 10:59:42,369] INFO: Epoch 22 | Step 1/196 | Loss: 0.7839 | Acc: 71.48%
[2025-06-11 10:59:53,907] INFO: Epoch 22 | Step 101/196 | Loss: 0.8184 | Acc: 69.34%
[2025-06-11 11:00:04,850] INFO: Epoch 22 training completed
[2025-06-11 11:00:06,169] INFO: Test Loss: 1.0273 | Test Acc: 63.88%
[2025-06-11 11:00:06,546] INFO: Epoch 23 | Step 1/196 | Loss: 0.7556 | Acc: 73.83%
[2025-06-11 11:00:18,205] INFO: Epoch 23 | Step 101/196 | Loss: 0.7911 | Acc: 70.64%
[2025-06-11 11:00:29,101] INFO: Epoch 23 training completed
[2025-06-11 11:00:30,425] INFO: Test Loss: 0.9054 | Test Acc: 68.06%
[2025-06-11 11:00:30,531] INFO: New best accuracy: 68.06%, model saved.
[2025-06-11 11:00:31,000] INFO: Epoch 24 | Step 1/196 | Loss: 0.7319 | Acc: 75.39%
[2025-06-11 11:00:42,570] INFO: Epoch 24 | Step 101/196 | Loss: 0.7614 | Acc: 72.09%
[2025-06-11 11:00:53,453] INFO: Epoch 24 training completed
[2025-06-11 11:00:54,746] INFO: Test Loss: 0.9241 | Test Acc: 68.64%
[2025-06-11 11:00:54,853] INFO: New best accuracy: 68.64%, model saved.
[2025-06-11 11:00:55,230] INFO: Epoch 25 | Step 1/196 | Loss: 0.6985 | Acc: 75.00%
[2025-06-11 11:01:06,925] INFO: Epoch 25 | Step 101/196 | Loss: 0.7288 | Acc: 73.09%
[2025-06-11 11:01:18,020] INFO: Epoch 25 training completed
[2025-06-11 11:01:19,346] INFO: Test Loss: 0.8623 | Test Acc: 70.67%
[2025-06-11 11:01:19,453] INFO: New best accuracy: 70.67%, model saved.
[2025-06-11 11:01:19,824] INFO: Epoch 26 | Step 1/196 | Loss: 0.7355 | Acc: 72.27%
[2025-06-11 11:01:31,482] INFO: Epoch 26 | Step 101/196 | Loss: 0.6987 | Acc: 74.70%
[2025-06-11 11:01:42,411] INFO: Epoch 26 training completed
[2025-06-11 11:01:43,719] INFO: Test Loss: 0.8684 | Test Acc: 70.16%
[2025-06-11 11:01:44,080] INFO: Epoch 27 | Step 1/196 | Loss: 0.6506 | Acc: 77.34%
[2025-06-11 11:01:55,618] INFO: Epoch 27 | Step 101/196 | Loss: 0.6707 | Acc: 75.55%
[2025-06-11 11:02:06,655] INFO: Epoch 27 training completed
[2025-06-11 11:02:07,942] INFO: Test Loss: 0.8330 | Test Acc: 71.25%
[2025-06-11 11:02:08,050] INFO: New best accuracy: 71.25%, model saved.
[2025-06-11 11:02:08,416] INFO: Epoch 28 | Step 1/196 | Loss: 0.6076 | Acc: 78.52%
[2025-06-11 11:02:19,944] INFO: Epoch 28 | Step 101/196 | Loss: 0.6502 | Acc: 76.13%
[2025-06-11 11:02:30,889] INFO: Epoch 28 training completed
[2025-06-11 11:02:32,169] INFO: Test Loss: 0.8513 | Test Acc: 70.71%
[2025-06-11 11:02:32,542] INFO: Epoch 29 | Step 1/196 | Loss: 0.6906 | Acc: 74.22%
[2025-06-11 11:02:44,092] INFO: Epoch 29 | Step 101/196 | Loss: 0.6357 | Acc: 76.87%
[2025-06-11 11:02:55,060] INFO: Epoch 29 training completed
[2025-06-11 11:02:56,378] INFO: Test Loss: 0.7992 | Test Acc: 72.54%
[2025-06-11 11:02:56,488] INFO: New best accuracy: 72.54%, model saved.
[2025-06-11 11:02:56,845] INFO: Epoch 30 | Step 1/196 | Loss: 0.6013 | Acc: 80.08%
[2025-06-11 11:03:08,520] INFO: Epoch 30 | Step 101/196 | Loss: 0.6177 | Acc: 77.56%
[2025-06-11 11:03:19,367] INFO: Epoch 30 training completed
[2025-06-11 11:03:20,707] INFO: Test Loss: 0.7818 | Test Acc: 73.45%
[2025-06-11 11:03:20,816] INFO: New best accuracy: 73.45%, model saved.
[2025-06-11 11:03:21,183] INFO: Epoch 31 | Step 1/196 | Loss: 0.5925 | Acc: 81.64%
[2025-06-11 11:03:32,796] INFO: Epoch 31 | Step 101/196 | Loss: 0.5994 | Acc: 78.31%
[2025-06-11 11:03:43,702] INFO: Epoch 31 training completed
[2025-06-11 11:03:45,069] INFO: Test Loss: 0.8460 | Test Acc: 70.98%
[2025-06-11 11:03:45,425] INFO: Epoch 32 | Step 1/196 | Loss: 0.5125 | Acc: 80.86%
[2025-06-11 11:03:56,997] INFO: Epoch 32 | Step 101/196 | Loss: 0.5853 | Acc: 78.79%
[2025-06-11 11:04:07,874] INFO: Epoch 32 training completed
[2025-06-11 11:04:09,145] INFO: Test Loss: 0.7298 | Test Acc: 74.91%
[2025-06-11 11:04:09,253] INFO: New best accuracy: 74.91%, model saved.
[2025-06-11 11:04:09,627] INFO: Epoch 33 | Step 1/196 | Loss: 0.5620 | Acc: 80.47%
[2025-06-11 11:04:21,173] INFO: Epoch 33 | Step 101/196 | Loss: 0.5768 | Acc: 79.17%
[2025-06-11 11:04:32,042] INFO: Epoch 33 training completed
[2025-06-11 11:04:33,306] INFO: Test Loss: 0.9926 | Test Acc: 65.56%
[2025-06-11 11:04:33,675] INFO: Epoch 34 | Step 1/196 | Loss: 0.5424 | Acc: 80.47%
[2025-06-11 11:04:45,239] INFO: Epoch 34 | Step 101/196 | Loss: 0.5671 | Acc: 79.68%
[2025-06-11 11:04:56,187] INFO: Epoch 34 training completed
[2025-06-11 11:04:57,492] INFO: Test Loss: 0.7201 | Test Acc: 75.50%
[2025-06-11 11:04:57,605] INFO: New best accuracy: 75.50%, model saved.
[2025-06-11 11:04:57,970] INFO: Epoch 35 | Step 1/196 | Loss: 0.5145 | Acc: 82.81%
[2025-06-11 11:05:09,682] INFO: Epoch 35 | Step 101/196 | Loss: 0.5645 | Acc: 79.60%
[2025-06-11 11:05:20,676] INFO: Epoch 35 training completed
[2025-06-11 11:05:21,996] INFO: Test Loss: 0.7393 | Test Acc: 75.43%
[2025-06-11 11:05:22,359] INFO: Epoch 36 | Step 1/196 | Loss: 0.5172 | Acc: 82.81%
[2025-06-11 11:05:33,912] INFO: Epoch 36 | Step 101/196 | Loss: 0.5607 | Acc: 80.12%
[2025-06-11 11:05:44,818] INFO: Epoch 36 training completed
[2025-06-11 11:05:46,114] INFO: Test Loss: 0.7982 | Test Acc: 73.15%
[2025-06-11 11:05:46,486] INFO: Epoch 37 | Step 1/196 | Loss: 0.5193 | Acc: 81.25%
[2025-06-11 11:05:58,140] INFO: Epoch 37 | Step 101/196 | Loss: 0.5576 | Acc: 80.19%
[2025-06-11 11:06:09,004] INFO: Epoch 37 training completed
[2025-06-11 11:06:11,109] INFO: Test Loss: 0.8544 | Test Acc: 70.74%
[2025-06-11 11:06:11,478] INFO: Epoch 38 | Step 1/196 | Loss: 0.5231 | Acc: 82.81%
[2025-06-11 11:06:23,246] INFO: Epoch 38 | Step 101/196 | Loss: 0.5538 | Acc: 80.32%
[2025-06-11 11:06:34,298] INFO: Epoch 38 training completed
[2025-06-11 11:06:35,658] INFO: Test Loss: 0.8253 | Test Acc: 72.50%
[2025-06-11 11:06:36,014] INFO: Epoch 39 | Step 1/196 | Loss: 0.5207 | Acc: 80.86%
[2025-06-11 11:06:47,768] INFO: Epoch 39 | Step 101/196 | Loss: 0.5530 | Acc: 80.39%
[2025-06-11 11:06:58,789] INFO: Epoch 39 training completed
[2025-06-11 11:07:00,115] INFO: Test Loss: 0.8080 | Test Acc: 74.19%
[2025-06-11 11:07:00,487] INFO: Epoch 40 | Step 1/196 | Loss: 0.4887 | Acc: 82.03%
[2025-06-11 11:07:12,208] INFO: Epoch 40 | Step 101/196 | Loss: 0.5561 | Acc: 80.48%
[2025-06-11 11:07:23,178] INFO: Epoch 40 training completed
[2025-06-11 11:07:24,493] INFO: Test Loss: 0.7919 | Test Acc: 74.05%
[2025-06-11 11:07:24,897] INFO: Epoch 41 | Step 1/196 | Loss: 0.5373 | Acc: 81.64%
[2025-06-11 11:07:36,654] INFO: Epoch 41 | Step 101/196 | Loss: 0.5569 | Acc: 80.49%
[2025-06-11 11:07:47,734] INFO: Epoch 41 training completed
[2025-06-11 11:07:49,019] INFO: Test Loss: 0.8387 | Test Acc: 72.26%
[2025-06-11 11:07:49,385] INFO: Epoch 42 | Step 1/196 | Loss: 0.5030 | Acc: 83.20%
[2025-06-11 11:08:01,059] INFO: Epoch 42 | Step 101/196 | Loss: 0.5579 | Acc: 80.27%
[2025-06-11 11:08:12,033] INFO: Epoch 42 training completed
[2025-06-11 11:08:13,364] INFO: Test Loss: 0.9133 | Test Acc: 68.97%
[2025-06-11 11:08:13,735] INFO: Epoch 43 | Step 1/196 | Loss: 0.4822 | Acc: 83.59%
[2025-06-11 11:08:25,384] INFO: Epoch 43 | Step 101/196 | Loss: 0.5589 | Acc: 80.30%
[2025-06-11 11:08:36,445] INFO: Epoch 43 training completed
[2025-06-11 11:08:37,780] INFO: Test Loss: 0.9977 | Test Acc: 66.49%
[2025-06-11 11:08:38,152] INFO: Epoch 44 | Step 1/196 | Loss: 0.4852 | Acc: 83.59%
[2025-06-11 11:08:49,729] INFO: Epoch 44 | Step 101/196 | Loss: 0.5579 | Acc: 80.36%
[2025-06-11 11:09:00,635] INFO: Epoch 44 training completed
[2025-06-11 11:09:01,957] INFO: Test Loss: 0.7819 | Test Acc: 74.53%
[2025-06-11 11:09:02,319] INFO: Epoch 45 | Step 1/196 | Loss: 0.4932 | Acc: 83.20%
[2025-06-11 11:09:13,929] INFO: Epoch 45 | Step 101/196 | Loss: 0.5617 | Acc: 80.15%
[2025-06-11 11:09:24,885] INFO: Epoch 45 training completed
[2025-06-11 11:09:26,179] INFO: Test Loss: 0.9398 | Test Acc: 68.14%
[2025-06-11 11:09:26,542] INFO: Epoch 46 | Step 1/196 | Loss: 0.5486 | Acc: 81.25%
[2025-06-11 11:09:38,122] INFO: Epoch 46 | Step 101/196 | Loss: 0.5602 | Acc: 80.25%
[2025-06-11 11:09:49,043] INFO: Epoch 46 training completed
[2025-06-11 11:09:50,351] INFO: Test Loss: 0.9070 | Test Acc: 69.54%
[2025-06-11 11:09:50,752] INFO: Epoch 47 | Step 1/196 | Loss: 0.4618 | Acc: 85.55%
[2025-06-11 11:10:02,335] INFO: Epoch 47 | Step 101/196 | Loss: 0.5541 | Acc: 80.36%
[2025-06-11 11:10:13,222] INFO: Epoch 47 training completed
[2025-06-11 11:10:14,545] INFO: Test Loss: 1.1672 | Test Acc: 63.10%
[2025-06-11 11:10:14,914] INFO: Epoch 48 | Step 1/196 | Loss: 0.4997 | Acc: 84.38%
[2025-06-11 11:10:26,556] INFO: Epoch 48 | Step 101/196 | Loss: 0.5561 | Acc: 80.37%
[2025-06-11 11:10:37,493] INFO: Epoch 48 training completed
[2025-06-11 11:10:38,827] INFO: Test Loss: 0.9371 | Test Acc: 69.23%
[2025-06-11 11:10:39,191] INFO: Epoch 49 | Step 1/196 | Loss: 0.4815 | Acc: 83.98%
[2025-06-11 11:10:50,762] INFO: Epoch 49 | Step 101/196 | Loss: 0.5489 | Acc: 80.53%
[2025-06-11 11:11:01,632] INFO: Epoch 49 training completed
[2025-06-11 11:11:02,925] INFO: Test Loss: 1.1343 | Test Acc: 63.48%
[2025-06-11 11:11:03,316] INFO: Epoch 50 | Step 1/196 | Loss: 0.5068 | Acc: 82.03%
[2025-06-11 11:11:15,074] INFO: Epoch 50 | Step 101/196 | Loss: 0.5570 | Acc: 80.27%
[2025-06-11 11:11:25,996] INFO: Epoch 50 training completed
[2025-06-11 11:11:27,289] INFO: Test Loss: 0.9442 | Test Acc: 67.91%
[2025-06-11 11:11:27,658] INFO: Epoch 51 | Step 1/196 | Loss: 0.5018 | Acc: 82.42%
[2025-06-11 11:11:39,209] INFO: Epoch 51 | Step 101/196 | Loss: 0.5463 | Acc: 80.56%
[2025-06-11 11:11:50,169] INFO: Epoch 51 training completed
[2025-06-11 11:11:51,479] INFO: Test Loss: 1.0473 | Test Acc: 64.75%
[2025-06-11 11:11:51,857] INFO: Epoch 52 | Step 1/196 | Loss: 0.4799 | Acc: 85.16%
[2025-06-11 11:12:03,399] INFO: Epoch 52 | Step 101/196 | Loss: 0.5467 | Acc: 80.65%
[2025-06-11 11:12:14,317] INFO: Epoch 52 training completed
[2025-06-11 11:12:15,605] INFO: Test Loss: 1.2295 | Test Acc: 61.00%
[2025-06-11 11:12:16,080] INFO: Epoch 53 | Step 1/196 | Loss: 0.4794 | Acc: 84.38%
[2025-06-11 11:12:27,729] INFO: Epoch 53 | Step 101/196 | Loss: 0.5496 | Acc: 80.57%
[2025-06-11 11:12:38,770] INFO: Epoch 53 training completed
[2025-06-11 11:12:40,063] INFO: Test Loss: 0.8584 | Test Acc: 71.50%
[2025-06-11 11:12:40,439] INFO: Epoch 54 | Step 1/196 | Loss: 0.5357 | Acc: 81.64%
[2025-06-11 11:12:52,008] INFO: Epoch 54 | Step 101/196 | Loss: 0.5471 | Acc: 80.87%
[2025-06-11 11:13:02,952] INFO: Epoch 54 training completed
[2025-06-11 11:13:04,281] INFO: Test Loss: 1.0105 | Test Acc: 66.99%
[2025-06-11 11:13:04,654] INFO: Epoch 55 | Step 1/196 | Loss: 0.5214 | Acc: 82.81%
[2025-06-11 11:13:16,241] INFO: Epoch 55 | Step 101/196 | Loss: 0.5501 | Acc: 80.67%
[2025-06-11 11:13:27,169] INFO: Epoch 55 training completed
[2025-06-11 11:13:28,460] INFO: Test Loss: 1.0473 | Test Acc: 65.92%
[2025-06-11 11:13:28,842] INFO: Epoch 56 | Step 1/196 | Loss: 0.5246 | Acc: 80.47%
[2025-06-11 11:13:40,448] INFO: Epoch 56 | Step 101/196 | Loss: 0.5465 | Acc: 80.75%
[2025-06-11 11:13:51,353] INFO: Epoch 56 training completed
[2025-06-11 11:13:52,652] INFO: Test Loss: 0.8739 | Test Acc: 71.13%
[2025-06-11 11:13:53,089] INFO: Epoch 57 | Step 1/196 | Loss: 0.4382 | Acc: 84.77%
[2025-06-11 11:14:04,685] INFO: Epoch 57 | Step 101/196 | Loss: 0.5422 | Acc: 81.01%
[2025-06-11 11:14:15,706] INFO: Epoch 57 training completed
[2025-06-11 11:14:17,275] INFO: Test Loss: 0.9181 | Test Acc: 68.23%
[2025-06-11 11:14:17,726] INFO: Epoch 58 | Step 1/196 | Loss: 0.4628 | Acc: 84.38%
[2025-06-11 11:14:29,716] INFO: Epoch 58 | Step 101/196 | Loss: 0.5492 | Acc: 80.66%
[2025-06-11 11:14:40,694] INFO: Epoch 58 training completed
[2025-06-11 11:14:42,021] INFO: Test Loss: 1.2967 | Test Acc: 58.32%
[2025-06-11 11:14:42,385] INFO: Epoch 59 | Step 1/196 | Loss: 0.5600 | Acc: 78.91%
[2025-06-11 11:14:54,044] INFO: Epoch 59 | Step 101/196 | Loss: 0.5478 | Acc: 80.65%
[2025-06-11 11:15:04,995] INFO: Epoch 59 training completed
[2025-06-11 11:15:06,295] INFO: Test Loss: 0.9771 | Test Acc: 67.50%
[2025-06-11 11:15:06,668] INFO: Epoch 60 | Step 1/196 | Loss: 0.4991 | Acc: 82.42%
[2025-06-11 11:15:18,299] INFO: Epoch 60 | Step 101/196 | Loss: 0.5455 | Acc: 80.77%
[2025-06-11 11:15:29,234] INFO: Epoch 60 training completed
[2025-06-11 11:15:30,553] INFO: Test Loss: 0.8101 | Test Acc: 72.84%
[2025-06-11 11:15:31,017] INFO: Epoch 61 | Step 1/196 | Loss: 0.4726 | Acc: 85.16%
[2025-06-11 11:15:42,624] INFO: Epoch 61 | Step 101/196 | Loss: 0.5431 | Acc: 80.86%
[2025-06-11 11:15:53,511] INFO: Epoch 61 training completed
[2025-06-11 11:15:54,822] INFO: Test Loss: 0.7288 | Test Acc: 76.34%
[2025-06-11 11:15:54,933] INFO: New best accuracy: 76.34%, model saved.
[2025-06-11 11:15:55,312] INFO: Epoch 62 | Step 1/196 | Loss: 0.4217 | Acc: 87.50%
[2025-06-11 11:16:06,888] INFO: Epoch 62 | Step 101/196 | Loss: 0.5328 | Acc: 81.28%
[2025-06-11 11:16:17,779] INFO: Epoch 62 training completed
[2025-06-11 11:16:19,080] INFO: Test Loss: 0.9282 | Test Acc: 70.10%
[2025-06-11 11:16:19,460] INFO: Epoch 63 | Step 1/196 | Loss: 0.4461 | Acc: 85.55%
[2025-06-11 11:16:31,049] INFO: Epoch 63 | Step 101/196 | Loss: 0.5352 | Acc: 81.14%
[2025-06-11 11:16:42,022] INFO: Epoch 63 training completed
[2025-06-11 11:16:43,359] INFO: Test Loss: 0.9590 | Test Acc: 68.21%
[2025-06-11 11:16:43,731] INFO: Epoch 64 | Step 1/196 | Loss: 0.4310 | Acc: 86.72%
[2025-06-11 11:16:55,288] INFO: Epoch 64 | Step 101/196 | Loss: 0.5330 | Acc: 81.53%
[2025-06-11 11:17:06,188] INFO: Epoch 64 training completed
[2025-06-11 11:17:07,497] INFO: Test Loss: 0.7437 | Test Acc: 76.19%
[2025-06-11 11:17:07,974] INFO: Epoch 65 | Step 1/196 | Loss: 0.4018 | Acc: 88.67%
[2025-06-11 11:17:19,564] INFO: Epoch 65 | Step 101/196 | Loss: 0.5301 | Acc: 81.59%
[2025-06-11 11:17:30,438] INFO: Epoch 65 training completed
[2025-06-11 11:17:31,720] INFO: Test Loss: 0.8490 | Test Acc: 71.63%
[2025-06-11 11:17:32,096] INFO: Epoch 66 | Step 1/196 | Loss: 0.4674 | Acc: 87.50%
[2025-06-11 11:17:43,697] INFO: Epoch 66 | Step 101/196 | Loss: 0.5290 | Acc: 81.49%
[2025-06-11 11:17:54,629] INFO: Epoch 66 training completed
[2025-06-11 11:17:55,926] INFO: Test Loss: 1.0466 | Test Acc: 66.20%
[2025-06-11 11:17:56,292] INFO: Epoch 67 | Step 1/196 | Loss: 0.5094 | Acc: 83.20%
[2025-06-11 11:18:07,876] INFO: Epoch 67 | Step 101/196 | Loss: 0.5254 | Acc: 81.45%
[2025-06-11 11:18:18,785] INFO: Epoch 67 training completed
[2025-06-11 11:18:20,061] INFO: Test Loss: 1.0023 | Test Acc: 67.17%
[2025-06-11 11:18:20,421] INFO: Epoch 68 | Step 1/196 | Loss: 0.4406 | Acc: 84.77%
[2025-06-11 11:18:32,026] INFO: Epoch 68 | Step 101/196 | Loss: 0.5279 | Acc: 81.44%
[2025-06-11 11:18:42,903] INFO: Epoch 68 training completed
[2025-06-11 11:18:44,191] INFO: Test Loss: 0.9277 | Test Acc: 69.57%
[2025-06-11 11:18:44,665] INFO: Epoch 69 | Step 1/196 | Loss: 0.4981 | Acc: 82.81%
[2025-06-11 11:18:56,302] INFO: Epoch 69 | Step 101/196 | Loss: 0.5278 | Acc: 81.72%
[2025-06-11 11:19:07,197] INFO: Epoch 69 training completed
[2025-06-11 11:19:08,482] INFO: Test Loss: 1.1492 | Test Acc: 63.89%
[2025-06-11 11:19:08,849] INFO: Epoch 70 | Step 1/196 | Loss: 0.4384 | Acc: 86.33%
[2025-06-11 11:19:20,413] INFO: Epoch 70 | Step 101/196 | Loss: 0.5198 | Acc: 81.76%
[2025-06-11 11:19:31,354] INFO: Epoch 70 training completed
[2025-06-11 11:19:32,690] INFO: Test Loss: 0.7571 | Test Acc: 75.13%
[2025-06-11 11:19:33,062] INFO: Epoch 71 | Step 1/196 | Loss: 0.4473 | Acc: 85.16%
[2025-06-11 11:19:44,637] INFO: Epoch 71 | Step 101/196 | Loss: 0.5191 | Acc: 81.94%
[2025-06-11 11:19:55,544] INFO: Epoch 71 training completed
[2025-06-11 11:19:56,854] INFO: Test Loss: 1.1111 | Test Acc: 65.70%
[2025-06-11 11:19:57,235] INFO: Epoch 72 | Step 1/196 | Loss: 0.4795 | Acc: 82.81%
[2025-06-11 11:20:08,846] INFO: Epoch 72 | Step 101/196 | Loss: 0.5155 | Acc: 81.80%
[2025-06-11 11:20:19,770] INFO: Epoch 72 training completed
[2025-06-11 11:20:21,081] INFO: Test Loss: 0.9356 | Test Acc: 69.07%
[2025-06-11 11:20:21,553] INFO: Epoch 73 | Step 1/196 | Loss: 0.4068 | Acc: 87.11%
[2025-06-11 11:20:33,149] INFO: Epoch 73 | Step 101/196 | Loss: 0.5156 | Acc: 81.71%
[2025-06-11 11:20:44,071] INFO: Epoch 73 training completed
[2025-06-11 11:20:45,402] INFO: Test Loss: 0.9871 | Test Acc: 67.61%
[2025-06-11 11:20:45,779] INFO: Epoch 74 | Step 1/196 | Loss: 0.5048 | Acc: 83.98%
[2025-06-11 11:20:57,320] INFO: Epoch 74 | Step 101/196 | Loss: 0.5145 | Acc: 81.95%
[2025-06-11 11:21:08,257] INFO: Epoch 74 training completed
[2025-06-11 11:21:09,588] INFO: Test Loss: 1.0776 | Test Acc: 66.06%
[2025-06-11 11:21:09,958] INFO: Epoch 75 | Step 1/196 | Loss: 0.4057 | Acc: 86.72%
[2025-06-11 11:21:21,595] INFO: Epoch 75 | Step 101/196 | Loss: 0.5102 | Acc: 82.24%
[2025-06-11 11:21:32,558] INFO: Epoch 75 training completed
[2025-06-11 11:21:33,887] INFO: Test Loss: 1.1129 | Test Acc: 63.69%
[2025-06-11 11:21:34,269] INFO: Epoch 76 | Step 1/196 | Loss: 0.4597 | Acc: 86.72%
[2025-06-11 11:21:45,830] INFO: Epoch 76 | Step 101/196 | Loss: 0.5181 | Acc: 81.94%
[2025-06-11 11:21:56,752] INFO: Epoch 76 training completed
[2025-06-11 11:21:58,044] INFO: Test Loss: 0.9567 | Test Acc: 69.27%
[2025-06-11 11:21:58,498] INFO: Epoch 77 | Step 1/196 | Loss: 0.5044 | Acc: 79.69%
[2025-06-11 11:22:10,098] INFO: Epoch 77 | Step 101/196 | Loss: 0.5163 | Acc: 81.98%
[2025-06-11 11:22:20,989] INFO: Epoch 77 training completed
[2025-06-11 11:22:22,276] INFO: Test Loss: 1.0002 | Test Acc: 69.80%
[2025-06-11 11:22:22,668] INFO: Epoch 78 | Step 1/196 | Loss: 0.4057 | Acc: 87.89%
[2025-06-11 11:22:34,264] INFO: Epoch 78 | Step 101/196 | Loss: 0.4993 | Acc: 82.65%
[2025-06-11 11:22:45,218] INFO: Epoch 78 training completed
[2025-06-11 11:22:46,499] INFO: Test Loss: 0.8989 | Test Acc: 71.05%
[2025-06-11 11:22:46,874] INFO: Epoch 79 | Step 1/196 | Loss: 0.4655 | Acc: 85.55%
[2025-06-11 11:22:58,519] INFO: Epoch 79 | Step 101/196 | Loss: 0.5107 | Acc: 82.25%
[2025-06-11 11:23:09,469] INFO: Epoch 79 training completed
[2025-06-11 11:23:10,810] INFO: Test Loss: 0.7349 | Test Acc: 75.54%
[2025-06-11 11:23:11,197] INFO: Epoch 80 | Step 1/196 | Loss: 0.4064 | Acc: 87.50%
[2025-06-11 11:23:22,701] INFO: Epoch 80 | Step 101/196 | Loss: 0.5047 | Acc: 82.43%
[2025-06-11 11:23:33,634] INFO: Epoch 80 training completed
[2025-06-11 11:23:34,933] INFO: Test Loss: 0.7756 | Test Acc: 74.11%
[2025-06-11 11:23:35,312] INFO: Epoch 81 | Step 1/196 | Loss: 0.4292 | Acc: 85.55%
[2025-06-11 11:23:46,897] INFO: Epoch 81 | Step 101/196 | Loss: 0.5056 | Acc: 82.69%
[2025-06-11 11:23:57,854] INFO: Epoch 81 training completed
[2025-06-11 11:23:59,168] INFO: Test Loss: 0.9729 | Test Acc: 68.40%
[2025-06-11 11:23:59,546] INFO: Epoch 82 | Step 1/196 | Loss: 0.4282 | Acc: 86.33%
[2025-06-11 11:24:11,106] INFO: Epoch 82 | Step 101/196 | Loss: 0.5066 | Acc: 82.31%
[2025-06-11 11:24:22,015] INFO: Epoch 82 training completed
[2025-06-11 11:24:23,318] INFO: Test Loss: 0.8604 | Test Acc: 72.17%
[2025-06-11 11:24:23,688] INFO: Epoch 83 | Step 1/196 | Loss: 0.4597 | Acc: 84.38%
[2025-06-11 11:24:35,276] INFO: Epoch 83 | Step 101/196 | Loss: 0.4952 | Acc: 82.81%
[2025-06-11 11:24:46,141] INFO: Epoch 83 training completed
[2025-06-11 11:24:47,426] INFO: Test Loss: 0.9157 | Test Acc: 70.33%
[2025-06-11 11:24:47,821] INFO: Epoch 84 | Step 1/196 | Loss: 0.4166 | Acc: 86.72%
[2025-06-11 11:24:59,363] INFO: Epoch 84 | Step 101/196 | Loss: 0.4984 | Acc: 82.66%
[2025-06-11 11:25:10,339] INFO: Epoch 84 training completed
[2025-06-11 11:25:11,667] INFO: Test Loss: 0.9126 | Test Acc: 69.98%
[2025-06-11 11:25:12,046] INFO: Epoch 85 | Step 1/196 | Loss: 0.3673 | Acc: 87.50%
[2025-06-11 11:25:23,600] INFO: Epoch 85 | Step 101/196 | Loss: 0.5009 | Acc: 82.68%
[2025-06-11 11:25:34,520] INFO: Epoch 85 training completed
[2025-06-11 11:25:35,816] INFO: Test Loss: 0.7855 | Test Acc: 73.39%
[2025-06-11 11:25:36,190] INFO: Epoch 86 | Step 1/196 | Loss: 0.4091 | Acc: 87.50%
[2025-06-11 11:25:47,758] INFO: Epoch 86 | Step 101/196 | Loss: 0.4913 | Acc: 82.96%
[2025-06-11 11:25:58,713] INFO: Epoch 86 training completed
[2025-06-11 11:25:59,991] INFO: Test Loss: 0.6493 | Test Acc: 78.73%
[2025-06-11 11:26:00,101] INFO: New best accuracy: 78.73%, model saved.
[2025-06-11 11:26:00,476] INFO: Epoch 87 | Step 1/196 | Loss: 0.4714 | Acc: 82.42%
[2025-06-11 11:26:12,068] INFO: Epoch 87 | Step 101/196 | Loss: 0.5052 | Acc: 82.26%
[2025-06-11 11:26:23,157] INFO: Epoch 87 training completed
[2025-06-11 11:26:24,447] INFO: Test Loss: 0.7788 | Test Acc: 75.23%
[2025-06-11 11:26:24,815] INFO: Epoch 88 | Step 1/196 | Loss: 0.3979 | Acc: 86.72%
[2025-06-11 11:26:36,412] INFO: Epoch 88 | Step 101/196 | Loss: 0.4961 | Acc: 82.69%
[2025-06-11 11:26:47,373] INFO: Epoch 88 training completed
[2025-06-11 11:26:48,667] INFO: Test Loss: 0.8507 | Test Acc: 72.38%
[2025-06-11 11:26:49,034] INFO: Epoch 89 | Step 1/196 | Loss: 0.3966 | Acc: 87.89%
[2025-06-11 11:27:00,597] INFO: Epoch 89 | Step 101/196 | Loss: 0.4898 | Acc: 83.05%
[2025-06-11 11:27:11,518] INFO: Epoch 89 training completed
[2025-06-11 11:27:12,824] INFO: Test Loss: 0.8497 | Test Acc: 73.06%
[2025-06-11 11:27:13,205] INFO: Epoch 90 | Step 1/196 | Loss: 0.4446 | Acc: 86.72%
[2025-06-11 11:27:24,838] INFO: Epoch 90 | Step 101/196 | Loss: 0.4894 | Acc: 82.93%
[2025-06-11 11:27:35,806] INFO: Epoch 90 training completed
[2025-06-11 11:27:37,129] INFO: Test Loss: 0.9838 | Test Acc: 68.95%
[2025-06-11 11:27:37,502] INFO: Epoch 91 | Step 1/196 | Loss: 0.3907 | Acc: 86.72%
[2025-06-11 11:27:49,099] INFO: Epoch 91 | Step 101/196 | Loss: 0.4871 | Acc: 83.06%
[2025-06-11 11:28:00,031] INFO: Epoch 91 training completed
[2025-06-11 11:28:01,311] INFO: Test Loss: 0.7783 | Test Acc: 75.16%
[2025-06-11 11:28:01,686] INFO: Epoch 92 | Step 1/196 | Loss: 0.4306 | Acc: 83.98%
[2025-06-11 11:28:13,309] INFO: Epoch 92 | Step 101/196 | Loss: 0.4886 | Acc: 82.82%
[2025-06-11 11:28:24,185] INFO: Epoch 92 training completed
[2025-06-11 11:28:25,486] INFO: Test Loss: 0.8792 | Test Acc: 71.98%
[2025-06-11 11:28:25,871] INFO: Epoch 93 | Step 1/196 | Loss: 0.3699 | Acc: 87.89%
[2025-06-11 11:28:37,479] INFO: Epoch 93 | Step 101/196 | Loss: 0.4876 | Acc: 83.18%
[2025-06-11 11:28:48,420] INFO: Epoch 93 training completed
[2025-06-11 11:28:49,700] INFO: Test Loss: 0.9233 | Test Acc: 70.43%
[2025-06-11 11:28:50,065] INFO: Epoch 94 | Step 1/196 | Loss: 0.3713 | Acc: 88.67%
[2025-06-11 11:29:01,615] INFO: Epoch 94 | Step 101/196 | Loss: 0.4817 | Acc: 83.43%
[2025-06-11 11:29:12,569] INFO: Epoch 94 training completed
[2025-06-11 11:29:13,878] INFO: Test Loss: 0.7253 | Test Acc: 75.70%
[2025-06-11 11:29:14,246] INFO: Epoch 95 | Step 1/196 | Loss: 0.3566 | Acc: 87.50%
[2025-06-11 11:29:25,874] INFO: Epoch 95 | Step 101/196 | Loss: 0.4766 | Acc: 83.42%
[2025-06-11 11:29:36,821] INFO: Epoch 95 training completed
[2025-06-11 11:29:38,127] INFO: Test Loss: 0.7636 | Test Acc: 74.81%
[2025-06-11 11:29:38,582] INFO: Epoch 96 | Step 1/196 | Loss: 0.4320 | Acc: 86.33%
[2025-06-11 11:29:50,160] INFO: Epoch 96 | Step 101/196 | Loss: 0.4791 | Acc: 83.47%
[2025-06-11 11:30:01,077] INFO: Epoch 96 training completed
[2025-06-11 11:30:02,374] INFO: Test Loss: 0.9909 | Test Acc: 67.73%
[2025-06-11 11:30:02,749] INFO: Epoch 97 | Step 1/196 | Loss: 0.3655 | Acc: 86.72%
[2025-06-11 11:30:14,312] INFO: Epoch 97 | Step 101/196 | Loss: 0.4776 | Acc: 83.55%
[2025-06-11 11:30:25,290] INFO: Epoch 97 training completed
[2025-06-11 11:30:26,600] INFO: Test Loss: 0.7119 | Test Acc: 76.85%
[2025-06-11 11:30:26,958] INFO: Epoch 98 | Step 1/196 | Loss: 0.4078 | Acc: 86.72%
[2025-06-11 11:30:38,571] INFO: Epoch 98 | Step 101/196 | Loss: 0.4790 | Acc: 83.27%
[2025-06-11 11:30:49,537] INFO: Epoch 98 training completed
[2025-06-11 11:30:50,841] INFO: Test Loss: 0.6546 | Test Acc: 78.46%
[2025-06-11 11:30:51,208] INFO: Epoch 99 | Step 1/196 | Loss: 0.4152 | Acc: 87.11%
[2025-06-11 11:31:02,912] INFO: Epoch 99 | Step 101/196 | Loss: 0.4699 | Acc: 83.64%
[2025-06-11 11:31:13,811] INFO: Epoch 99 training completed
[2025-06-11 11:31:15,114] INFO: Test Loss: 0.7709 | Test Acc: 74.55%
[2025-06-11 11:31:15,478] INFO: Epoch 100 | Step 1/196 | Loss: 0.3713 | Acc: 86.33%
[2025-06-11 11:31:27,112] INFO: Epoch 100 | Step 101/196 | Loss: 0.4721 | Acc: 83.31%
[2025-06-11 11:31:38,095] INFO: Epoch 100 training completed
[2025-06-11 11:31:39,385] INFO: Test Loss: 0.8014 | Test Acc: 72.90%
[2025-06-11 11:31:39,764] INFO: Epoch 101 | Step 1/196 | Loss: 0.4338 | Acc: 84.38%
[2025-06-11 11:31:51,345] INFO: Epoch 101 | Step 101/196 | Loss: 0.4696 | Acc: 83.75%
[2025-06-11 11:32:02,267] INFO: Epoch 101 training completed
[2025-06-11 11:32:03,583] INFO: Test Loss: 0.6698 | Test Acc: 77.88%
[2025-06-11 11:32:03,957] INFO: Epoch 102 | Step 1/196 | Loss: 0.3682 | Acc: 88.28%
[2025-06-11 11:32:15,561] INFO: Epoch 102 | Step 101/196 | Loss: 0.4648 | Acc: 83.67%
[2025-06-11 11:32:26,490] INFO: Epoch 102 training completed
[2025-06-11 11:32:27,782] INFO: Test Loss: 0.8236 | Test Acc: 74.17%
[2025-06-11 11:32:28,164] INFO: Epoch 103 | Step 1/196 | Loss: 0.3643 | Acc: 88.28%
[2025-06-11 11:32:39,706] INFO: Epoch 103 | Step 101/196 | Loss: 0.4602 | Acc: 84.04%
[2025-06-11 11:32:50,677] INFO: Epoch 103 training completed
[2025-06-11 11:32:51,976] INFO: Test Loss: 0.7145 | Test Acc: 76.36%
[2025-06-11 11:32:52,444] INFO: Epoch 104 | Step 1/196 | Loss: 0.3936 | Acc: 86.72%
[2025-06-11 11:33:04,004] INFO: Epoch 104 | Step 101/196 | Loss: 0.4616 | Acc: 84.05%
[2025-06-11 11:33:14,929] INFO: Epoch 104 training completed
[2025-06-11 11:33:16,240] INFO: Test Loss: 0.7143 | Test Acc: 76.70%
[2025-06-11 11:33:16,619] INFO: Epoch 105 | Step 1/196 | Loss: 0.3663 | Acc: 88.67%
[2025-06-11 11:33:28,192] INFO: Epoch 105 | Step 101/196 | Loss: 0.4587 | Acc: 83.99%
[2025-06-11 11:33:39,155] INFO: Epoch 105 training completed
[2025-06-11 11:33:40,465] INFO: Test Loss: 0.7510 | Test Acc: 75.49%
[2025-06-11 11:33:40,844] INFO: Epoch 106 | Step 1/196 | Loss: 0.4082 | Acc: 87.50%
[2025-06-11 11:33:52,529] INFO: Epoch 106 | Step 101/196 | Loss: 0.4583 | Acc: 83.98%
[2025-06-11 11:34:03,496] INFO: Epoch 106 training completed
[2025-06-11 11:34:04,811] INFO: Test Loss: 0.7112 | Test Acc: 76.57%
[2025-06-11 11:34:05,186] INFO: Epoch 107 | Step 1/196 | Loss: 0.3416 | Acc: 90.23%
[2025-06-11 11:34:16,789] INFO: Epoch 107 | Step 101/196 | Loss: 0.4635 | Acc: 83.95%
[2025-06-11 11:34:27,708] INFO: Epoch 107 training completed
[2025-06-11 11:34:29,005] INFO: Test Loss: 0.7788 | Test Acc: 74.44%
[2025-06-11 11:34:29,482] INFO: Epoch 108 | Step 1/196 | Loss: 0.3418 | Acc: 90.23%
[2025-06-11 11:34:41,082] INFO: Epoch 108 | Step 101/196 | Loss: 0.4565 | Acc: 84.22%
[2025-06-11 11:34:51,997] INFO: Epoch 108 training completed
[2025-06-11 11:34:53,296] INFO: Test Loss: 0.8163 | Test Acc: 72.36%
[2025-06-11 11:34:53,678] INFO: Epoch 109 | Step 1/196 | Loss: 0.3707 | Acc: 88.28%
[2025-06-11 11:35:05,249] INFO: Epoch 109 | Step 101/196 | Loss: 0.4620 | Acc: 83.90%
[2025-06-11 11:35:16,171] INFO: Epoch 109 training completed
[2025-06-11 11:35:17,495] INFO: Test Loss: 0.6448 | Test Acc: 79.09%
[2025-06-11 11:35:17,604] INFO: New best accuracy: 79.09%, model saved.
[2025-06-11 11:35:17,978] INFO: Epoch 110 | Step 1/196 | Loss: 0.3151 | Acc: 91.41%
[2025-06-11 11:35:29,549] INFO: Epoch 110 | Step 101/196 | Loss: 0.4441 | Acc: 84.88%
[2025-06-11 11:35:40,506] INFO: Epoch 110 training completed
[2025-06-11 11:35:41,793] INFO: Test Loss: 0.8112 | Test Acc: 72.96%
[2025-06-11 11:35:42,168] INFO: Epoch 111 | Step 1/196 | Loss: 0.3889 | Acc: 86.33%
[2025-06-11 11:35:53,706] INFO: Epoch 111 | Step 101/196 | Loss: 0.4445 | Acc: 84.73%
[2025-06-11 11:36:04,679] INFO: Epoch 111 training completed
[2025-06-11 11:36:05,976] INFO: Test Loss: 0.8271 | Test Acc: 72.30%
[2025-06-11 11:36:06,452] INFO: Epoch 112 | Step 1/196 | Loss: 0.3252 | Acc: 91.80%
[2025-06-11 11:36:18,032] INFO: Epoch 112 | Step 101/196 | Loss: 0.4469 | Acc: 84.38%
[2025-06-11 11:36:28,982] INFO: Epoch 112 training completed
[2025-06-11 11:36:30,293] INFO: Test Loss: 0.8104 | Test Acc: 72.30%
[2025-06-11 11:36:30,668] INFO: Epoch 113 | Step 1/196 | Loss: 0.3371 | Acc: 88.67%
[2025-06-11 11:36:42,205] INFO: Epoch 113 | Step 101/196 | Loss: 0.4455 | Acc: 84.58%
[2025-06-11 11:36:53,137] INFO: Epoch 113 training completed
[2025-06-11 11:36:54,460] INFO: Test Loss: 0.9374 | Test Acc: 68.86%
[2025-06-11 11:36:54,828] INFO: Epoch 114 | Step 1/196 | Loss: 0.3644 | Acc: 87.11%
[2025-06-11 11:37:06,373] INFO: Epoch 114 | Step 101/196 | Loss: 0.4413 | Acc: 84.36%
[2025-06-11 11:37:17,296] INFO: Epoch 114 training completed
[2025-06-11 11:37:18,591] INFO: Test Loss: 0.6716 | Test Acc: 78.56%
[2025-06-11 11:37:18,950] INFO: Epoch 115 | Step 1/196 | Loss: 0.3403 | Acc: 90.23%
[2025-06-11 11:37:30,527] INFO: Epoch 115 | Step 101/196 | Loss: 0.4409 | Acc: 84.67%
[2025-06-11 11:37:41,506] INFO: Epoch 115 training completed
[2025-06-11 11:37:42,807] INFO: Test Loss: 0.6839 | Test Acc: 77.60%
[2025-06-11 11:37:43,171] INFO: Epoch 116 | Step 1/196 | Loss: 0.3048 | Acc: 90.62%
[2025-06-11 11:37:54,810] INFO: Epoch 116 | Step 101/196 | Loss: 0.4288 | Acc: 85.13%
[2025-06-11 11:38:05,777] INFO: Epoch 116 training completed
[2025-06-11 11:38:07,065] INFO: Test Loss: 0.8185 | Test Acc: 72.28%
[2025-06-11 11:38:07,445] INFO: Epoch 117 | Step 1/196 | Loss: 0.3782 | Acc: 87.89%
[2025-06-11 11:38:19,041] INFO: Epoch 117 | Step 101/196 | Loss: 0.4340 | Acc: 84.73%
[2025-06-11 11:38:30,016] INFO: Epoch 117 training completed
[2025-06-11 11:38:31,298] INFO: Test Loss: 0.6996 | Test Acc: 77.63%
[2025-06-11 11:38:31,661] INFO: Epoch 118 | Step 1/196 | Loss: 0.3502 | Acc: 89.84%
[2025-06-11 11:38:43,267] INFO: Epoch 118 | Step 101/196 | Loss: 0.4270 | Acc: 85.01%
[2025-06-11 11:38:54,242] INFO: Epoch 118 training completed
[2025-06-11 11:38:55,568] INFO: Test Loss: 0.7121 | Test Acc: 76.89%
[2025-06-11 11:38:55,952] INFO: Epoch 119 | Step 1/196 | Loss: 0.3193 | Acc: 90.62%
[2025-06-11 11:39:07,611] INFO: Epoch 119 | Step 101/196 | Loss: 0.4337 | Acc: 85.01%
[2025-06-11 11:39:18,587] INFO: Epoch 119 training completed
[2025-06-11 11:39:19,898] INFO: Test Loss: 0.7690 | Test Acc: 73.79%
[2025-06-11 11:39:20,287] INFO: Epoch 120 | Step 1/196 | Loss: 0.3719 | Acc: 88.67%
[2025-06-11 11:39:31,828] INFO: Epoch 120 | Step 101/196 | Loss: 0.4286 | Acc: 85.15%
[2025-06-11 11:39:42,744] INFO: Epoch 120 training completed
[2025-06-11 11:39:44,040] INFO: Test Loss: 0.8702 | Test Acc: 72.72%
[2025-06-11 11:39:44,421] INFO: Epoch 121 | Step 1/196 | Loss: 0.3204 | Acc: 89.45%
[2025-06-11 11:39:55,979] INFO: Epoch 121 | Step 101/196 | Loss: 0.4222 | Acc: 85.47%
[2025-06-11 11:40:06,992] INFO: Epoch 121 training completed
[2025-06-11 11:40:08,284] INFO: Test Loss: 0.7803 | Test Acc: 74.40%
[2025-06-11 11:40:08,676] INFO: Epoch 122 | Step 1/196 | Loss: 0.2925 | Acc: 90.23%
[2025-06-11 11:40:20,219] INFO: Epoch 122 | Step 101/196 | Loss: 0.4199 | Acc: 85.69%
[2025-06-11 11:40:31,180] INFO: Epoch 122 training completed
[2025-06-11 11:40:32,455] INFO: Test Loss: 0.6815 | Test Acc: 78.26%
[2025-06-11 11:40:32,843] INFO: Epoch 123 | Step 1/196 | Loss: 0.3004 | Acc: 92.58%
[2025-06-11 11:40:44,503] INFO: Epoch 123 | Step 101/196 | Loss: 0.4196 | Acc: 85.49%
[2025-06-11 11:40:55,423] INFO: Epoch 123 training completed
[2025-06-11 11:40:56,741] INFO: Test Loss: 0.7675 | Test Acc: 75.71%
[2025-06-11 11:40:57,120] INFO: Epoch 124 | Step 1/196 | Loss: 0.3417 | Acc: 89.84%
[2025-06-11 11:41:08,657] INFO: Epoch 124 | Step 101/196 | Loss: 0.4195 | Acc: 85.33%
[2025-06-11 11:41:19,624] INFO: Epoch 124 training completed
[2025-06-11 11:41:21,003] INFO: Test Loss: 0.5610 | Test Acc: 81.80%
[2025-06-11 11:41:21,131] INFO: New best accuracy: 81.80%, model saved.
[2025-06-11 11:41:21,520] INFO: Epoch 125 | Step 1/196 | Loss: 0.3506 | Acc: 87.11%
[2025-06-11 11:41:33,147] INFO: Epoch 125 | Step 101/196 | Loss: 0.4144 | Acc: 85.62%
[2025-06-11 11:41:44,095] INFO: Epoch 125 training completed
[2025-06-11 11:41:45,389] INFO: Test Loss: 0.7454 | Test Acc: 75.61%
[2025-06-11 11:41:45,765] INFO: Epoch 126 | Step 1/196 | Loss: 0.3407 | Acc: 89.84%
[2025-06-11 11:41:57,370] INFO: Epoch 126 | Step 101/196 | Loss: 0.4063 | Acc: 85.98%
[2025-06-11 11:42:08,366] INFO: Epoch 126 training completed
[2025-06-11 11:42:09,665] INFO: Test Loss: 0.7677 | Test Acc: 75.53%
[2025-06-11 11:42:10,032] INFO: Epoch 127 | Step 1/196 | Loss: 0.3745 | Acc: 86.33%
[2025-06-11 11:42:21,629] INFO: Epoch 127 | Step 101/196 | Loss: 0.4068 | Acc: 86.05%
[2025-06-11 11:42:32,522] INFO: Epoch 127 training completed
[2025-06-11 11:42:33,830] INFO: Test Loss: 0.7292 | Test Acc: 75.65%
[2025-06-11 11:42:34,214] INFO: Epoch 128 | Step 1/196 | Loss: 0.2804 | Acc: 91.02%
[2025-06-11 11:42:45,836] INFO: Epoch 128 | Step 101/196 | Loss: 0.3988 | Acc: 86.30%
[2025-06-11 11:42:56,760] INFO: Epoch 128 training completed
[2025-06-11 11:42:58,064] INFO: Test Loss: 0.6045 | Test Acc: 80.44%
[2025-06-11 11:42:58,434] INFO: Epoch 129 | Step 1/196 | Loss: 0.3384 | Acc: 89.06%
[2025-06-11 11:43:10,030] INFO: Epoch 129 | Step 101/196 | Loss: 0.4076 | Acc: 86.08%
[2025-06-11 11:43:20,993] INFO: Epoch 129 training completed
[2025-06-11 11:43:22,303] INFO: Test Loss: 0.6466 | Test Acc: 79.53%
[2025-06-11 11:43:22,677] INFO: Epoch 130 | Step 1/196 | Loss: 0.3481 | Acc: 88.67%
[2025-06-11 11:43:34,288] INFO: Epoch 130 | Step 101/196 | Loss: 0.3992 | Acc: 86.19%
[2025-06-11 11:43:45,275] INFO: Epoch 130 training completed
[2025-06-11 11:43:46,603] INFO: Test Loss: 0.6794 | Test Acc: 78.61%
[2025-06-11 11:43:46,971] INFO: Epoch 131 | Step 1/196 | Loss: 0.3671 | Acc: 88.28%
[2025-06-11 11:43:58,524] INFO: Epoch 131 | Step 101/196 | Loss: 0.4004 | Acc: 86.01%
[2025-06-11 11:44:09,558] INFO: Epoch 131 training completed
[2025-06-11 11:44:10,866] INFO: Test Loss: 0.6835 | Test Acc: 78.04%
[2025-06-11 11:44:11,233] INFO: Epoch 132 | Step 1/196 | Loss: 0.2916 | Acc: 91.41%
[2025-06-11 11:44:22,801] INFO: Epoch 132 | Step 101/196 | Loss: 0.3962 | Acc: 86.31%
[2025-06-11 11:44:33,778] INFO: Epoch 132 training completed
[2025-06-11 11:44:35,074] INFO: Test Loss: 0.5905 | Test Acc: 80.83%
[2025-06-11 11:44:35,436] INFO: Epoch 133 | Step 1/196 | Loss: 0.2742 | Acc: 93.75%
[2025-06-11 11:44:47,018] INFO: Epoch 133 | Step 101/196 | Loss: 0.3909 | Acc: 86.43%
[2025-06-11 11:44:58,015] INFO: Epoch 133 training completed
[2025-06-11 11:44:59,345] INFO: Test Loss: 0.6630 | Test Acc: 78.36%
[2025-06-11 11:44:59,714] INFO: Epoch 134 | Step 1/196 | Loss: 0.3347 | Acc: 87.89%
[2025-06-11 11:45:11,376] INFO: Epoch 134 | Step 101/196 | Loss: 0.3867 | Acc: 86.46%
[2025-06-11 11:45:22,432] INFO: Epoch 134 training completed
[2025-06-11 11:45:23,765] INFO: Test Loss: 0.5641 | Test Acc: 81.88%
[2025-06-11 11:45:23,873] INFO: New best accuracy: 81.88%, model saved.
[2025-06-11 11:45:24,241] INFO: Epoch 135 | Step 1/196 | Loss: 0.2678 | Acc: 91.80%
[2025-06-11 11:45:35,818] INFO: Epoch 135 | Step 101/196 | Loss: 0.3832 | Acc: 86.84%
[2025-06-11 11:45:46,752] INFO: Epoch 135 training completed
[2025-06-11 11:45:48,134] INFO: Test Loss: 0.6954 | Test Acc: 77.78%
[2025-06-11 11:45:48,520] INFO: Epoch 136 | Step 1/196 | Loss: 0.2963 | Acc: 89.45%
[2025-06-11 11:46:00,196] INFO: Epoch 136 | Step 101/196 | Loss: 0.3799 | Acc: 86.99%
[2025-06-11 11:46:11,119] INFO: Epoch 136 training completed
[2025-06-11 11:46:12,435] INFO: Test Loss: 0.5477 | Test Acc: 82.31%
[2025-06-11 11:46:12,544] INFO: New best accuracy: 82.31%, model saved.
[2025-06-11 11:46:12,925] INFO: Epoch 137 | Step 1/196 | Loss: 0.2456 | Acc: 94.14%
[2025-06-11 11:46:24,492] INFO: Epoch 137 | Step 101/196 | Loss: 0.3741 | Acc: 87.03%
[2025-06-11 11:46:35,461] INFO: Epoch 137 training completed
[2025-06-11 11:46:36,760] INFO: Test Loss: 0.5398 | Test Acc: 82.30%
[2025-06-11 11:46:37,141] INFO: Epoch 138 | Step 1/196 | Loss: 0.2269 | Acc: 93.75%
[2025-06-11 11:46:48,724] INFO: Epoch 138 | Step 101/196 | Loss: 0.3778 | Acc: 87.02%
[2025-06-11 11:46:59,639] INFO: Epoch 138 training completed
[2025-06-11 11:47:00,949] INFO: Test Loss: 0.6397 | Test Acc: 78.96%
[2025-06-11 11:47:01,326] INFO: Epoch 139 | Step 1/196 | Loss: 0.2952 | Acc: 89.06%
[2025-06-11 11:47:12,905] INFO: Epoch 139 | Step 101/196 | Loss: 0.3748 | Acc: 87.14%
[2025-06-11 11:47:23,797] INFO: Epoch 139 training completed
[2025-06-11 11:47:25,081] INFO: Test Loss: 0.5922 | Test Acc: 80.80%
[2025-06-11 11:47:25,451] INFO: Epoch 140 | Step 1/196 | Loss: 0.2908 | Acc: 91.80%
[2025-06-11 11:47:36,997] INFO: Epoch 140 | Step 101/196 | Loss: 0.3665 | Acc: 87.45%
[2025-06-11 11:47:47,894] INFO: Epoch 140 training completed
[2025-06-11 11:47:49,209] INFO: Test Loss: 0.6221 | Test Acc: 80.00%
[2025-06-11 11:47:49,588] INFO: Epoch 141 | Step 1/196 | Loss: 0.2756 | Acc: 91.80%
[2025-06-11 11:48:01,292] INFO: Epoch 141 | Step 101/196 | Loss: 0.3677 | Acc: 87.33%
[2025-06-11 11:48:12,256] INFO: Epoch 141 training completed
[2025-06-11 11:48:13,536] INFO: Test Loss: 0.5221 | Test Acc: 83.42%
[2025-06-11 11:48:13,645] INFO: New best accuracy: 83.42%, model saved.
[2025-06-11 11:48:14,008] INFO: Epoch 142 | Step 1/196 | Loss: 0.2883 | Acc: 89.84%
[2025-06-11 11:48:25,753] INFO: Epoch 142 | Step 101/196 | Loss: 0.3575 | Acc: 87.66%
[2025-06-11 11:48:36,573] INFO: Epoch 142 training completed
[2025-06-11 11:48:37,884] INFO: Test Loss: 0.5296 | Test Acc: 82.06%
[2025-06-11 11:48:38,268] INFO: Epoch 143 | Step 1/196 | Loss: 0.2569 | Acc: 92.58%
[2025-06-11 11:48:50,381] INFO: Epoch 143 | Step 101/196 | Loss: 0.3590 | Acc: 87.75%
[2025-06-11 11:49:01,331] INFO: Epoch 143 training completed
[2025-06-11 11:49:02,660] INFO: Test Loss: 0.5402 | Test Acc: 82.77%
[2025-06-11 11:49:03,032] INFO: Epoch 144 | Step 1/196 | Loss: 0.2684 | Acc: 92.97%
[2025-06-11 11:49:14,749] INFO: Epoch 144 | Step 101/196 | Loss: 0.3513 | Acc: 87.90%
[2025-06-11 11:49:25,694] INFO: Epoch 144 training completed
[2025-06-11 11:49:27,006] INFO: Test Loss: 0.5364 | Test Acc: 82.34%
[2025-06-11 11:49:27,480] INFO: Epoch 145 | Step 1/196 | Loss: 0.2608 | Acc: 91.80%
[2025-06-11 11:49:39,116] INFO: Epoch 145 | Step 101/196 | Loss: 0.3505 | Acc: 88.00%
[2025-06-11 11:49:50,036] INFO: Epoch 145 training completed
[2025-06-11 11:49:51,323] INFO: Test Loss: 0.6237 | Test Acc: 79.82%
[2025-06-11 11:49:51,693] INFO: Epoch 146 | Step 1/196 | Loss: 0.2760 | Acc: 90.23%
[2025-06-11 11:50:03,237] INFO: Epoch 146 | Step 101/196 | Loss: 0.3505 | Acc: 87.91%
[2025-06-11 11:50:14,161] INFO: Epoch 146 training completed
[2025-06-11 11:50:15,442] INFO: Test Loss: 0.5355 | Test Acc: 82.92%
[2025-06-11 11:50:15,812] INFO: Epoch 147 | Step 1/196 | Loss: 0.3058 | Acc: 89.84%
[2025-06-11 11:50:27,438] INFO: Epoch 147 | Step 101/196 | Loss: 0.3425 | Acc: 88.31%
[2025-06-11 11:50:38,401] INFO: Epoch 147 training completed
[2025-06-11 11:50:39,714] INFO: Test Loss: 0.5113 | Test Acc: 83.78%
[2025-06-11 11:50:39,822] INFO: New best accuracy: 83.78%, model saved.
[2025-06-11 11:50:40,187] INFO: Epoch 148 | Step 1/196 | Loss: 0.2641 | Acc: 90.23%
[2025-06-11 11:50:51,772] INFO: Epoch 148 | Step 101/196 | Loss: 0.3427 | Acc: 88.32%
[2025-06-11 11:51:02,616] INFO: Epoch 148 training completed
[2025-06-11 11:51:03,928] INFO: Test Loss: 0.5212 | Test Acc: 83.42%
[2025-06-11 11:51:04,291] INFO: Epoch 149 | Step 1/196 | Loss: 0.2426 | Acc: 91.02%
[2025-06-11 11:51:15,924] INFO: Epoch 149 | Step 101/196 | Loss: 0.3353 | Acc: 88.62%
[2025-06-11 11:51:26,871] INFO: Epoch 149 training completed
[2025-06-11 11:51:28,184] INFO: Test Loss: 0.4611 | Test Acc: 85.74%
[2025-06-11 11:51:28,292] INFO: New best accuracy: 85.74%, model saved.
[2025-06-11 11:51:28,653] INFO: Epoch 150 | Step 1/196 | Loss: 0.2382 | Acc: 92.58%
[2025-06-11 11:51:40,200] INFO: Epoch 150 | Step 101/196 | Loss: 0.3280 | Acc: 88.91%
[2025-06-11 11:51:51,134] INFO: Epoch 150 training completed
[2025-06-11 11:51:52,417] INFO: Test Loss: 0.5173 | Test Acc: 83.56%
[2025-06-11 11:51:52,781] INFO: Epoch 151 | Step 1/196 | Loss: 0.2393 | Acc: 93.75%
[2025-06-11 11:52:04,335] INFO: Epoch 151 | Step 101/196 | Loss: 0.3317 | Acc: 88.61%
[2025-06-11 11:52:15,280] INFO: Epoch 151 training completed
[2025-06-11 11:52:16,576] INFO: Test Loss: 0.4961 | Test Acc: 84.28%
[2025-06-11 11:52:16,948] INFO: Epoch 152 | Step 1/196 | Loss: 0.2481 | Acc: 92.97%
[2025-06-11 11:52:28,573] INFO: Epoch 152 | Step 101/196 | Loss: 0.3245 | Acc: 89.02%
[2025-06-11 11:52:39,459] INFO: Epoch 152 training completed
[2025-06-11 11:52:40,747] INFO: Test Loss: 0.5080 | Test Acc: 83.61%
[2025-06-11 11:52:41,130] INFO: Epoch 153 | Step 1/196 | Loss: 0.2245 | Acc: 94.14%
[2025-06-11 11:52:52,742] INFO: Epoch 153 | Step 101/196 | Loss: 0.3233 | Acc: 89.05%
[2025-06-11 11:53:03,731] INFO: Epoch 153 training completed
[2025-06-11 11:53:04,994] INFO: Test Loss: 0.5531 | Test Acc: 82.70%
[2025-06-11 11:53:05,369] INFO: Epoch 154 | Step 1/196 | Loss: 0.2146 | Acc: 94.53%
[2025-06-11 11:53:17,030] INFO: Epoch 154 | Step 101/196 | Loss: 0.3180 | Acc: 89.21%
[2025-06-11 11:53:27,997] INFO: Epoch 154 training completed
[2025-06-11 11:53:29,295] INFO: Test Loss: 0.4510 | Test Acc: 85.55%
[2025-06-11 11:53:29,687] INFO: Epoch 155 | Step 1/196 | Loss: 0.2649 | Acc: 92.58%
[2025-06-11 11:53:41,209] INFO: Epoch 155 | Step 101/196 | Loss: 0.3106 | Acc: 89.60%
[2025-06-11 11:53:52,220] INFO: Epoch 155 training completed
[2025-06-11 11:53:53,533] INFO: Test Loss: 0.4978 | Test Acc: 83.96%
[2025-06-11 11:53:54,004] INFO: Epoch 156 | Step 1/196 | Loss: 0.1882 | Acc: 94.14%
[2025-06-11 11:54:05,621] INFO: Epoch 156 | Step 101/196 | Loss: 0.3088 | Acc: 89.46%
[2025-06-11 11:54:16,519] INFO: Epoch 156 training completed
[2025-06-11 11:54:17,829] INFO: Test Loss: 0.4632 | Test Acc: 85.52%
[2025-06-11 11:54:18,215] INFO: Epoch 157 | Step 1/196 | Loss: 0.2294 | Acc: 91.80%
[2025-06-11 11:54:29,780] INFO: Epoch 157 | Step 101/196 | Loss: 0.3060 | Acc: 89.74%
[2025-06-11 11:54:40,680] INFO: Epoch 157 training completed
[2025-06-11 11:54:41,967] INFO: Test Loss: 0.4853 | Test Acc: 84.16%
[2025-06-11 11:54:42,355] INFO: Epoch 158 | Step 1/196 | Loss: 0.2301 | Acc: 92.97%
[2025-06-11 11:54:53,915] INFO: Epoch 158 | Step 101/196 | Loss: 0.3018 | Acc: 89.71%
[2025-06-11 11:55:04,884] INFO: Epoch 158 training completed
[2025-06-11 11:55:06,190] INFO: Test Loss: 0.4432 | Test Acc: 85.50%
[2025-06-11 11:55:06,580] INFO: Epoch 159 | Step 1/196 | Loss: 0.2067 | Acc: 94.14%
[2025-06-11 11:55:18,189] INFO: Epoch 159 | Step 101/196 | Loss: 0.2995 | Acc: 89.84%
[2025-06-11 11:55:29,148] INFO: Epoch 159 training completed
[2025-06-11 11:55:30,445] INFO: Test Loss: 0.5497 | Test Acc: 82.45%
[2025-06-11 11:55:30,891] INFO: Epoch 160 | Step 1/196 | Loss: 0.2217 | Acc: 93.36%
[2025-06-11 11:55:42,488] INFO: Epoch 160 | Step 101/196 | Loss: 0.2930 | Acc: 90.31%
[2025-06-11 11:55:53,425] INFO: Epoch 160 training completed
[2025-06-11 11:55:54,728] INFO: Test Loss: 0.4340 | Test Acc: 85.88%
[2025-06-11 11:55:54,836] INFO: New best accuracy: 85.88%, model saved.
[2025-06-11 11:55:55,191] INFO: Epoch 161 | Step 1/196 | Loss: 0.2309 | Acc: 92.19%
[2025-06-11 11:56:06,774] INFO: Epoch 161 | Step 101/196 | Loss: 0.2887 | Acc: 90.32%
[2025-06-11 11:56:17,699] INFO: Epoch 161 training completed
[2025-06-11 11:56:19,009] INFO: Test Loss: 0.4445 | Test Acc: 85.85%
[2025-06-11 11:56:19,372] INFO: Epoch 162 | Step 1/196 | Loss: 0.2262 | Acc: 92.19%
[2025-06-11 11:56:31,117] INFO: Epoch 162 | Step 101/196 | Loss: 0.2798 | Acc: 90.60%
[2025-06-11 11:56:42,063] INFO: Epoch 162 training completed
[2025-06-11 11:56:43,343] INFO: Test Loss: 0.4696 | Test Acc: 84.76%
[2025-06-11 11:56:43,729] INFO: Epoch 163 | Step 1/196 | Loss: 0.2202 | Acc: 92.97%
[2025-06-11 11:56:55,253] INFO: Epoch 163 | Step 101/196 | Loss: 0.2764 | Acc: 90.73%
[2025-06-11 11:57:06,151] INFO: Epoch 163 training completed
[2025-06-11 11:57:07,449] INFO: Test Loss: 0.4082 | Test Acc: 86.80%
[2025-06-11 11:57:07,651] INFO: New best accuracy: 86.80%, model saved.
[2025-06-11 11:57:08,009] INFO: Epoch 164 | Step 1/196 | Loss: 0.1915 | Acc: 94.53%
[2025-06-11 11:57:19,536] INFO: Epoch 164 | Step 101/196 | Loss: 0.2711 | Acc: 90.92%
[2025-06-11 11:57:30,483] INFO: Epoch 164 training completed
[2025-06-11 11:57:31,833] INFO: Test Loss: 0.3997 | Test Acc: 87.30%
[2025-06-11 11:57:31,942] INFO: New best accuracy: 87.30%, model saved.
[2025-06-11 11:57:32,320] INFO: Epoch 165 | Step 1/196 | Loss: 0.2123 | Acc: 93.36%
[2025-06-11 11:57:43,905] INFO: Epoch 165 | Step 101/196 | Loss: 0.2717 | Acc: 90.96%
[2025-06-11 11:57:54,880] INFO: Epoch 165 training completed
[2025-06-11 11:57:56,181] INFO: Test Loss: 0.4814 | Test Acc: 85.04%
[2025-06-11 11:57:56,556] INFO: Epoch 166 | Step 1/196 | Loss: 0.1778 | Acc: 95.31%
[2025-06-11 11:58:08,247] INFO: Epoch 166 | Step 101/196 | Loss: 0.2662 | Acc: 90.99%
[2025-06-11 11:58:19,236] INFO: Epoch 166 training completed
[2025-06-11 11:58:20,619] INFO: Test Loss: 0.4410 | Test Acc: 86.15%
[2025-06-11 11:58:21,046] INFO: Epoch 167 | Step 1/196 | Loss: 0.2291 | Acc: 92.97%
[2025-06-11 11:58:32,799] INFO: Epoch 167 | Step 101/196 | Loss: 0.2608 | Acc: 91.38%
[2025-06-11 11:58:43,794] INFO: Epoch 167 training completed
[2025-06-11 11:58:45,099] INFO: Test Loss: 0.3956 | Test Acc: 87.54%
[2025-06-11 11:58:45,206] INFO: New best accuracy: 87.54%, model saved.
[2025-06-11 11:58:45,565] INFO: Epoch 168 | Step 1/196 | Loss: 0.1820 | Acc: 94.53%
[2025-06-11 11:58:57,185] INFO: Epoch 168 | Step 101/196 | Loss: 0.2551 | Acc: 91.67%
[2025-06-11 11:59:08,092] INFO: Epoch 168 training completed
[2025-06-11 11:59:09,382] INFO: Test Loss: 0.3778 | Test Acc: 87.95%
[2025-06-11 11:59:09,490] INFO: New best accuracy: 87.95%, model saved.
[2025-06-11 11:59:09,869] INFO: Epoch 169 | Step 1/196 | Loss: 0.1776 | Acc: 95.31%
[2025-06-11 11:59:21,542] INFO: Epoch 169 | Step 101/196 | Loss: 0.2488 | Acc: 91.75%
[2025-06-11 11:59:32,489] INFO: Epoch 169 training completed
[2025-06-11 11:59:33,835] INFO: Test Loss: 0.3751 | Test Acc: 88.09%
[2025-06-11 11:59:33,945] INFO: New best accuracy: 88.09%, model saved.
[2025-06-11 11:59:34,315] INFO: Epoch 170 | Step 1/196 | Loss: 0.1762 | Acc: 95.31%
[2025-06-11 11:59:45,954] INFO: Epoch 170 | Step 101/196 | Loss: 0.2460 | Acc: 91.91%
[2025-06-11 11:59:56,876] INFO: Epoch 170 training completed
[2025-06-11 11:59:58,198] INFO: Test Loss: 0.3838 | Test Acc: 88.06%
[2025-06-11 11:59:58,564] INFO: Epoch 171 | Step 1/196 | Loss: 0.1809 | Acc: 94.14%
[2025-06-11 12:00:10,178] INFO: Epoch 171 | Step 101/196 | Loss: 0.2360 | Acc: 92.32%
[2025-06-11 12:00:21,137] INFO: Epoch 171 training completed
[2025-06-11 12:00:22,466] INFO: Test Loss: 0.3677 | Test Acc: 88.48%
[2025-06-11 12:00:22,574] INFO: New best accuracy: 88.48%, model saved.
[2025-06-11 12:00:22,944] INFO: Epoch 172 | Step 1/196 | Loss: 0.1927 | Acc: 94.53%
[2025-06-11 12:00:34,558] INFO: Epoch 172 | Step 101/196 | Loss: 0.2335 | Acc: 92.30%
[2025-06-11 12:00:45,489] INFO: Epoch 172 training completed
[2025-06-11 12:00:46,815] INFO: Test Loss: 0.3910 | Test Acc: 87.97%
[2025-06-11 12:00:47,204] INFO: Epoch 173 | Step 1/196 | Loss: 0.1915 | Acc: 92.97%
[2025-06-11 12:00:58,709] INFO: Epoch 173 | Step 101/196 | Loss: 0.2282 | Acc: 92.60%
[2025-06-11 12:01:09,642] INFO: Epoch 173 training completed
[2025-06-11 12:01:10,918] INFO: Test Loss: 0.3857 | Test Acc: 87.98%
[2025-06-11 12:01:11,294] INFO: Epoch 174 | Step 1/196 | Loss: 0.1755 | Acc: 95.70%
[2025-06-11 12:01:22,975] INFO: Epoch 174 | Step 101/196 | Loss: 0.2237 | Acc: 92.67%
[2025-06-11 12:01:33,904] INFO: Epoch 174 training completed
[2025-06-11 12:01:35,239] INFO: Test Loss: 0.3483 | Test Acc: 89.43%
[2025-06-11 12:01:35,349] INFO: New best accuracy: 89.43%, model saved.
[2025-06-11 12:01:35,715] INFO: Epoch 175 | Step 1/196 | Loss: 0.1528 | Acc: 96.09%
[2025-06-11 12:01:47,406] INFO: Epoch 175 | Step 101/196 | Loss: 0.2192 | Acc: 92.93%
[2025-06-11 12:01:58,346] INFO: Epoch 175 training completed
[2025-06-11 12:01:59,647] INFO: Test Loss: 0.3725 | Test Acc: 88.66%
[2025-06-11 12:02:00,030] INFO: Epoch 176 | Step 1/196 | Loss: 0.1460 | Acc: 96.09%
[2025-06-11 12:02:11,670] INFO: Epoch 176 | Step 101/196 | Loss: 0.2146 | Acc: 93.10%
[2025-06-11 12:02:22,665] INFO: Epoch 176 training completed
[2025-06-11 12:02:24,016] INFO: Test Loss: 0.3706 | Test Acc: 88.18%
[2025-06-11 12:02:24,394] INFO: Epoch 177 | Step 1/196 | Loss: 0.1943 | Acc: 94.14%
[2025-06-11 12:02:36,044] INFO: Epoch 177 | Step 101/196 | Loss: 0.2067 | Acc: 93.29%
[2025-06-11 12:02:46,990] INFO: Epoch 177 training completed
[2025-06-11 12:02:48,266] INFO: Test Loss: 0.3490 | Test Acc: 89.40%
[2025-06-11 12:02:48,660] INFO: Epoch 178 | Step 1/196 | Loss: 0.1404 | Acc: 96.88%
[2025-06-11 12:03:00,332] INFO: Epoch 178 | Step 101/196 | Loss: 0.2017 | Acc: 93.71%
[2025-06-11 12:03:11,258] INFO: Epoch 178 training completed
[2025-06-11 12:03:12,559] INFO: Test Loss: 0.3495 | Test Acc: 89.04%
[2025-06-11 12:03:12,932] INFO: Epoch 179 | Step 1/196 | Loss: 0.1295 | Acc: 96.09%
[2025-06-11 12:03:24,524] INFO: Epoch 179 | Step 101/196 | Loss: 0.1967 | Acc: 93.77%
[2025-06-11 12:03:35,444] INFO: Epoch 179 training completed
[2025-06-11 12:03:36,747] INFO: Test Loss: 0.3619 | Test Acc: 89.03%
[2025-06-11 12:03:37,116] INFO: Epoch 180 | Step 1/196 | Loss: 0.1324 | Acc: 96.09%
[2025-06-11 12:03:48,750] INFO: Epoch 180 | Step 101/196 | Loss: 0.1940 | Acc: 93.87%
[2025-06-11 12:03:59,650] INFO: Epoch 180 training completed
[2025-06-11 12:04:00,976] INFO: Test Loss: 0.3370 | Test Acc: 89.65%
[2025-06-11 12:04:01,088] INFO: New best accuracy: 89.65%, model saved.
[2025-06-11 12:04:01,543] INFO: Epoch 181 | Step 1/196 | Loss: 0.1351 | Acc: 95.31%
[2025-06-11 12:04:13,168] INFO: Epoch 181 | Step 101/196 | Loss: 0.1878 | Acc: 94.01%
[2025-06-11 12:04:24,099] INFO: Epoch 181 training completed
[2025-06-11 12:04:25,472] INFO: Test Loss: 0.3431 | Test Acc: 89.49%
[2025-06-11 12:04:25,843] INFO: Epoch 182 | Step 1/196 | Loss: 0.1357 | Acc: 96.88%
[2025-06-11 12:04:37,422] INFO: Epoch 182 | Step 101/196 | Loss: 0.1826 | Acc: 94.26%
[2025-06-11 12:04:48,359] INFO: Epoch 182 training completed
[2025-06-11 12:04:49,663] INFO: Test Loss: 0.3461 | Test Acc: 89.31%
[2025-06-11 12:04:50,042] INFO: Epoch 183 | Step 1/196 | Loss: 0.1390 | Acc: 95.70%
[2025-06-11 12:05:01,650] INFO: Epoch 183 | Step 101/196 | Loss: 0.1749 | Acc: 94.61%
[2025-06-11 12:05:12,620] INFO: Epoch 183 training completed
[2025-06-11 12:05:13,929] INFO: Test Loss: 0.3423 | Test Acc: 89.56%
[2025-06-11 12:05:14,309] INFO: Epoch 184 | Step 1/196 | Loss: 0.1250 | Acc: 96.09%
[2025-06-11 12:05:26,004] INFO: Epoch 184 | Step 101/196 | Loss: 0.1701 | Acc: 94.89%
[2025-06-11 12:05:36,955] INFO: Epoch 184 training completed
[2025-06-11 12:05:38,264] INFO: Test Loss: 0.3346 | Test Acc: 90.04%
[2025-06-11 12:05:38,375] INFO: New best accuracy: 90.04%, model saved.
[2025-06-11 12:05:38,831] INFO: Epoch 185 | Step 1/196 | Loss: 0.1322 | Acc: 96.88%
[2025-06-11 12:05:50,459] INFO: Epoch 185 | Step 101/196 | Loss: 0.1667 | Acc: 94.91%
[2025-06-11 12:06:01,433] INFO: Epoch 185 training completed
[2025-06-11 12:06:02,731] INFO: Test Loss: 0.3252 | Test Acc: 89.90%
[2025-06-11 12:06:03,109] INFO: Epoch 186 | Step 1/196 | Loss: 0.1127 | Acc: 96.88%
[2025-06-11 12:06:14,679] INFO: Epoch 186 | Step 101/196 | Loss: 0.1626 | Acc: 95.18%
[2025-06-11 12:06:25,610] INFO: Epoch 186 training completed
[2025-06-11 12:06:26,931] INFO: Test Loss: 0.3257 | Test Acc: 90.07%
[2025-06-11 12:06:27,039] INFO: New best accuracy: 90.07%, model saved.
[2025-06-11 12:06:27,422] INFO: Epoch 187 | Step 1/196 | Loss: 0.1274 | Acc: 96.48%
[2025-06-11 12:06:39,088] INFO: Epoch 187 | Step 101/196 | Loss: 0.1563 | Acc: 95.40%
[2025-06-11 12:06:50,079] INFO: Epoch 187 training completed
[2025-06-11 12:06:51,393] INFO: Test Loss: 0.3232 | Test Acc: 90.29%
[2025-06-11 12:06:51,501] INFO: New best accuracy: 90.29%, model saved.
[2025-06-11 12:06:51,866] INFO: Epoch 188 | Step 1/196 | Loss: 0.1234 | Acc: 95.70%
[2025-06-11 12:07:03,544] INFO: Epoch 188 | Step 101/196 | Loss: 0.1521 | Acc: 95.53%
[2025-06-11 12:07:14,405] INFO: Epoch 188 training completed
[2025-06-11 12:07:15,716] INFO: Test Loss: 0.3170 | Test Acc: 90.14%
[2025-06-11 12:07:16,086] INFO: Epoch 189 | Step 1/196 | Loss: 0.1255 | Acc: 96.09%
[2025-06-11 12:07:27,726] INFO: Epoch 189 | Step 101/196 | Loss: 0.1475 | Acc: 95.72%
[2025-06-11 12:07:38,601] INFO: Epoch 189 training completed
[2025-06-11 12:07:39,934] INFO: Test Loss: 0.3171 | Test Acc: 90.05%
[2025-06-11 12:07:40,320] INFO: Epoch 190 | Step 1/196 | Loss: 0.0924 | Acc: 98.05%
[2025-06-11 12:07:52,001] INFO: Epoch 190 | Step 101/196 | Loss: 0.1473 | Acc: 95.78%
[2025-06-11 12:08:02,951] INFO: Epoch 190 training completed
[2025-06-11 12:08:04,256] INFO: Test Loss: 0.3120 | Test Acc: 90.29%
[2025-06-11 12:08:04,635] INFO: Epoch 191 | Step 1/196 | Loss: 0.1200 | Acc: 97.27%
[2025-06-11 12:08:16,280] INFO: Epoch 191 | Step 101/196 | Loss: 0.1429 | Acc: 95.86%
[2025-06-11 12:08:27,206] INFO: Epoch 191 training completed
[2025-06-11 12:08:28,527] INFO: Test Loss: 0.3071 | Test Acc: 90.35%
[2025-06-11 12:08:28,633] INFO: New best accuracy: 90.35%, model saved.
[2025-06-11 12:08:28,990] INFO: Epoch 192 | Step 1/196 | Loss: 0.1119 | Acc: 96.88%
[2025-06-11 12:08:40,740] INFO: Epoch 192 | Step 101/196 | Loss: 0.1383 | Acc: 96.11%
[2025-06-11 12:08:51,591] INFO: Epoch 192 training completed
[2025-06-11 12:08:52,912] INFO: Test Loss: 0.3122 | Test Acc: 90.29%
[2025-06-11 12:08:53,304] INFO: Epoch 193 | Step 1/196 | Loss: 0.0883 | Acc: 98.05%
[2025-06-11 12:09:04,957] INFO: Epoch 193 | Step 101/196 | Loss: 0.1360 | Acc: 96.12%
[2025-06-11 12:09:15,858] INFO: Epoch 193 training completed
[2025-06-11 12:09:17,185] INFO: Test Loss: 0.3128 | Test Acc: 90.14%
[2025-06-11 12:09:17,562] INFO: Epoch 194 | Step 1/196 | Loss: 0.1101 | Acc: 97.27%
[2025-06-11 12:09:29,314] INFO: Epoch 194 | Step 101/196 | Loss: 0.1337 | Acc: 96.29%
[2025-06-11 12:09:40,198] INFO: Epoch 194 training completed
[2025-06-11 12:09:41,523] INFO: Test Loss: 0.3098 | Test Acc: 90.39%
[2025-06-11 12:09:41,631] INFO: New best accuracy: 90.39%, model saved.
[2025-06-11 12:09:42,002] INFO: Epoch 195 | Step 1/196 | Loss: 0.0930 | Acc: 98.44%
[2025-06-11 12:09:53,677] INFO: Epoch 195 | Step 101/196 | Loss: 0.1306 | Acc: 96.31%
[2025-06-11 12:10:04,690] INFO: Epoch 195 training completed
[2025-06-11 12:10:06,008] INFO: Test Loss: 0.3086 | Test Acc: 90.44%
[2025-06-11 12:10:06,119] INFO: New best accuracy: 90.44%, model saved.
[2025-06-11 12:10:06,508] INFO: Epoch 196 | Step 1/196 | Loss: 0.0931 | Acc: 98.05%
[2025-06-11 12:10:18,134] INFO: Epoch 196 | Step 101/196 | Loss: 0.1331 | Acc: 96.35%
[2025-06-11 12:10:29,028] INFO: Epoch 196 training completed
[2025-06-11 12:10:30,307] INFO: Test Loss: 0.3079 | Test Acc: 90.42%
[2025-06-11 12:10:30,678] INFO: Epoch 197 | Step 1/196 | Loss: 0.1015 | Acc: 97.66%
[2025-06-11 12:10:42,363] INFO: Epoch 197 | Step 101/196 | Loss: 0.1306 | Acc: 96.36%
[2025-06-11 12:10:53,261] INFO: Epoch 197 training completed
[2025-06-11 12:10:54,554] INFO: Test Loss: 0.3076 | Test Acc: 90.42%
[2025-06-11 12:10:54,927] INFO: Epoch 198 | Step 1/196 | Loss: 0.0971 | Acc: 98.05%
[2025-06-11 12:11:06,451] INFO: Epoch 198 | Step 101/196 | Loss: 0.1296 | Acc: 96.41%
[2025-06-11 12:11:17,436] INFO: Epoch 198 training completed
[2025-06-11 12:11:18,750] INFO: Test Loss: 0.3071 | Test Acc: 90.51%
[2025-06-11 12:11:18,859] INFO: New best accuracy: 90.51%, model saved.
[2025-06-11 12:11:19,320] INFO: Epoch 199 | Step 1/196 | Loss: 0.0816 | Acc: 98.83%
[2025-06-11 12:11:31,103] INFO: Epoch 199 | Step 101/196 | Loss: 0.1284 | Acc: 96.40%
[2025-06-11 12:11:42,062] INFO: Epoch 199 training completed
[2025-06-11 12:11:43,349] INFO: Test Loss: 0.3071 | Test Acc: 90.56%
[2025-06-11 12:11:43,458] INFO: New best accuracy: 90.56%, model saved.
[2025-06-11 12:11:43,845] INFO: Epoch 200 | Step 1/196 | Loss: 0.1195 | Acc: 95.70%
[2025-06-11 12:11:55,417] INFO: Epoch 200 | Step 101/196 | Loss: 0.1293 | Acc: 96.51%
[2025-06-11 12:12:06,334] INFO: Epoch 200 training completed
[2025-06-11 12:12:07,665] INFO: Test Loss: 0.3071 | Test Acc: 90.60%
[2025-06-11 12:12:07,775] INFO: New best accuracy: 90.60%, model saved.
[2025-06-11 12:12:07,932] INFO: Training complete. Best Test Accuracy: 90.60%
