[2025-06-12 17:26:10,044] INFO: Using device: cuda
[2025-06-12 17:26:11,485] INFO: Using GhostNetV3 with width 1.0
[2025-06-12 17:26:27,645] INFO: Using device: cuda
[2025-06-12 17:26:28,820] INFO: Using GhostNetV3 with width 1.0
[2025-06-12 17:27:03,433] INFO: Epoch 1 | Step 1/196 | Loss: 3.6955 | Acc: 14.45%
[2025-06-12 17:27:51,188] INFO: Epoch 1 | Step 101/196 | Loss: 2.7056 | Acc: 13.05%
[2025-06-12 17:28:36,796] INFO: Epoch 1 training completed
[2025-06-12 17:29:00,671] INFO: Test Loss: 2.2265 | Test Acc: 16.06%
[2025-06-12 17:29:00,847] INFO: New best accuracy: 16.06%, model saved to ensemble_ghostnetv3_cifar10.pth
[2025-06-12 17:29:01,550] INFO: Epoch 2 | Step 1/196 | Loss: 2.1305 | Acc: 14.45%
[2025-06-12 17:29:49,557] INFO: Epoch 2 | Step 101/196 | Loss: 2.1004 | Acc: 18.03%
[2025-06-12 17:30:35,015] INFO: Epoch 2 training completed
[2025-06-12 17:30:36,425] INFO: Test Loss: 2.0071 | Test Acc: 23.26%
[2025-06-12 17:30:36,570] INFO: New best accuracy: 23.26%, model saved to ensemble_ghostnetv3_cifar10.pth
[2025-06-12 17:30:37,368] INFO: Epoch 3 | Step 1/196 | Loss: 1.9535 | Acc: 27.73%
[2025-06-12 17:31:25,420] INFO: Epoch 3 | Step 101/196 | Loss: 1.9255 | Acc: 24.29%
[2025-06-12 17:32:10,772] INFO: Epoch 3 training completed
[2025-06-12 17:32:12,096] INFO: Test Loss: 1.8667 | Test Acc: 28.81%
[2025-06-12 17:32:12,207] INFO: New best accuracy: 28.81%, model saved to ensemble_ghostnetv3_cifar10.pth
[2025-06-12 17:32:13,036] INFO: Epoch 4 | Step 1/196 | Loss: 1.7537 | Acc: 31.64%
[2025-06-12 17:33:01,394] INFO: Epoch 4 | Step 101/196 | Loss: 1.8028 | Acc: 29.25%
[2025-06-12 17:33:46,822] INFO: Epoch 4 training completed
[2025-06-12 17:33:48,143] INFO: Test Loss: 1.7670 | Test Acc: 33.19%
[2025-06-12 17:33:48,253] INFO: New best accuracy: 33.19%, model saved to ensemble_ghostnetv3_cifar10.pth
[2025-06-12 17:33:48,977] INFO: Epoch 5 | Step 1/196 | Loss: 1.6793 | Acc: 38.28%
[2025-06-12 17:34:37,145] INFO: Epoch 5 | Step 101/196 | Loss: 1.7251 | Acc: 32.19%
[2025-06-12 17:35:22,612] INFO: Epoch 5 training completed
[2025-06-12 17:35:23,900] INFO: Test Loss: 1.7019 | Test Acc: 36.48%
[2025-06-12 17:35:24,011] INFO: New best accuracy: 36.48%, model saved to ensemble_ghostnetv3_cifar10.pth
[2025-06-12 17:35:24,734] INFO: Epoch 6 | Step 1/196 | Loss: 1.6869 | Acc: 38.67%
[2025-06-12 17:36:12,878] INFO: Epoch 6 | Step 101/196 | Loss: 1.6579 | Acc: 35.39%
[2025-06-12 17:36:58,323] INFO: Epoch 6 training completed
[2025-06-12 17:36:59,589] INFO: Test Loss: 1.6430 | Test Acc: 39.11%
[2025-06-12 17:36:59,699] INFO: New best accuracy: 39.11%, model saved to ensemble_ghostnetv3_cifar10.pth
[2025-06-12 17:37:00,427] INFO: Epoch 7 | Step 1/196 | Loss: 1.5826 | Acc: 39.45%
[2025-06-12 17:37:48,561] INFO: Epoch 7 | Step 101/196 | Loss: 1.5983 | Acc: 37.91%
[2025-06-12 17:38:34,056] INFO: Epoch 7 training completed
[2025-06-12 17:38:35,343] INFO: Test Loss: 1.5989 | Test Acc: 40.88%
[2025-06-12 17:38:35,453] INFO: New best accuracy: 40.88%, model saved to ensemble_ghostnetv3_cifar10.pth
[2025-06-12 17:38:36,186] INFO: Epoch 8 | Step 1/196 | Loss: 1.4878 | Acc: 41.41%
[2025-06-12 17:39:24,329] INFO: Epoch 8 | Step 101/196 | Loss: 1.5353 | Acc: 40.74%
[2025-06-12 17:40:09,768] INFO: Epoch 8 training completed
[2025-06-12 17:40:11,101] INFO: Test Loss: 1.5179 | Test Acc: 44.24%
[2025-06-12 17:40:11,212] INFO: New best accuracy: 44.24%, model saved to ensemble_ghostnetv3_cifar10.pth
[2025-06-12 17:40:11,945] INFO: Epoch 9 | Step 1/196 | Loss: 1.4015 | Acc: 46.88%
[2025-06-12 17:41:00,106] INFO: Epoch 9 | Step 101/196 | Loss: 1.4529 | Acc: 44.36%
[2025-06-12 17:41:45,563] INFO: Epoch 9 training completed
[2025-06-12 17:41:46,825] INFO: Test Loss: 1.4203 | Test Acc: 47.59%
[2025-06-12 17:41:46,935] INFO: New best accuracy: 47.59%, model saved to ensemble_ghostnetv3_cifar10.pth
[2025-06-12 17:41:47,669] INFO: Epoch 10 | Step 1/196 | Loss: 1.3529 | Acc: 50.39%
[2025-06-12 17:42:35,896] INFO: Epoch 10 | Step 101/196 | Loss: 1.3854 | Acc: 47.15%
[2025-06-12 17:43:21,402] INFO: Epoch 10 training completed
[2025-06-12 17:43:22,688] INFO: Test Loss: 1.3761 | Test Acc: 50.31%
[2025-06-12 17:43:22,895] INFO: New best accuracy: 50.31%, model saved to ensemble_ghostnetv3_cifar10.pth
[2025-06-12 17:43:23,622] INFO: Epoch 11 | Step 1/196 | Loss: 1.3415 | Acc: 48.05%
[2025-06-12 17:44:11,836] INFO: Epoch 11 | Step 101/196 | Loss: 1.3233 | Acc: 50.05%
[2025-06-12 17:44:57,346] INFO: Epoch 11 training completed
[2025-06-12 17:44:58,645] INFO: Test Loss: 1.3416 | Test Acc: 51.13%
[2025-06-12 17:44:58,754] INFO: New best accuracy: 51.13%, model saved to ensemble_ghostnetv3_cifar10.pth
[2025-06-12 17:44:59,465] INFO: Epoch 12 | Step 1/196 | Loss: 1.2613 | Acc: 54.30%
[2025-06-12 17:45:47,656] INFO: Epoch 12 | Step 101/196 | Loss: 1.2567 | Acc: 52.16%
[2025-06-12 17:46:33,152] INFO: Epoch 12 training completed
[2025-06-12 17:46:34,498] INFO: Test Loss: 1.2680 | Test Acc: 53.61%
[2025-06-12 17:46:34,608] INFO: New best accuracy: 53.61%, model saved to ensemble_ghostnetv3_cifar10.pth
[2025-06-12 17:46:35,343] INFO: Epoch 13 | Step 1/196 | Loss: 1.2668 | Acc: 55.47%
[2025-06-12 17:47:23,522] INFO: Epoch 13 | Step 101/196 | Loss: 1.2083 | Acc: 54.51%
[2025-06-12 17:48:08,987] INFO: Epoch 13 training completed
[2025-06-12 17:48:10,296] INFO: Test Loss: 1.2282 | Test Acc: 55.88%
[2025-06-12 17:48:10,407] INFO: New best accuracy: 55.88%, model saved to ensemble_ghostnetv3_cifar10.pth
[2025-06-12 17:48:11,231] INFO: Epoch 14 | Step 1/196 | Loss: 1.1462 | Acc: 59.38%
[2025-06-12 17:49:00,904] INFO: Epoch 14 | Step 101/196 | Loss: 1.1545 | Acc: 56.54%
[2025-06-12 17:49:46,427] INFO: Epoch 14 training completed
[2025-06-12 17:49:47,753] INFO: Test Loss: 1.2195 | Test Acc: 56.98%
[2025-06-12 17:49:47,863] INFO: New best accuracy: 56.98%, model saved to ensemble_ghostnetv3_cifar10.pth
[2025-06-12 17:49:48,594] INFO: Epoch 15 | Step 1/196 | Loss: 1.1553 | Acc: 59.38%
[2025-06-12 17:50:36,824] INFO: Epoch 15 | Step 101/196 | Loss: 1.1048 | Acc: 58.52%
[2025-06-12 17:51:22,349] INFO: Epoch 15 training completed
[2025-06-12 17:51:23,654] INFO: Test Loss: 1.1612 | Test Acc: 58.83%
[2025-06-12 17:51:23,767] INFO: New best accuracy: 58.83%, model saved to ensemble_ghostnetv3_cifar10.pth
[2025-06-12 17:51:24,500] INFO: Epoch 16 | Step 1/196 | Loss: 0.9908 | Acc: 69.14%
[2025-06-12 17:52:12,728] INFO: Epoch 16 | Step 101/196 | Loss: 1.0561 | Acc: 60.69%
[2025-06-12 17:52:58,251] INFO: Epoch 16 training completed
[2025-06-12 17:52:59,578] INFO: Test Loss: 1.1065 | Test Acc: 60.75%
[2025-06-12 17:52:59,688] INFO: New best accuracy: 60.75%, model saved to ensemble_ghostnetv3_cifar10.pth
[2025-06-12 17:53:00,414] INFO: Epoch 17 | Step 1/196 | Loss: 0.9891 | Acc: 63.67%
[2025-06-12 17:53:48,656] INFO: Epoch 17 | Step 101/196 | Loss: 1.0106 | Acc: 62.43%
[2025-06-12 17:54:34,181] INFO: Epoch 17 training completed
[2025-06-12 17:54:35,466] INFO: Test Loss: 1.0863 | Test Acc: 60.96%
[2025-06-12 17:54:35,575] INFO: New best accuracy: 60.96%, model saved to ensemble_ghostnetv3_cifar10.pth
[2025-06-12 17:54:36,397] INFO: Epoch 18 | Step 1/196 | Loss: 0.9440 | Acc: 69.53%
[2025-06-12 17:55:24,661] INFO: Epoch 18 | Step 101/196 | Loss: 0.9664 | Acc: 64.20%
[2025-06-12 17:56:10,215] INFO: Epoch 18 training completed
[2025-06-12 17:56:11,544] INFO: Test Loss: 1.0741 | Test Acc: 61.97%
[2025-06-12 17:56:11,660] INFO: New best accuracy: 61.97%, model saved to ensemble_ghostnetv3_cifar10.pth
[2025-06-12 17:56:12,388] INFO: Epoch 19 | Step 1/196 | Loss: 0.9056 | Acc: 67.19%
[2025-06-12 17:57:00,653] INFO: Epoch 19 | Step 101/196 | Loss: 0.9278 | Acc: 65.69%
[2025-06-12 17:57:46,206] INFO: Epoch 19 training completed
[2025-06-12 17:57:47,492] INFO: Test Loss: 1.0116 | Test Acc: 64.52%
[2025-06-12 17:57:47,603] INFO: New best accuracy: 64.52%, model saved to ensemble_ghostnetv3_cifar10.pth
[2025-06-12 17:57:48,326] INFO: Epoch 20 | Step 1/196 | Loss: 0.8270 | Acc: 73.83%
[2025-06-12 17:58:36,593] INFO: Epoch 20 | Step 101/196 | Loss: 0.8884 | Acc: 67.08%
[2025-06-12 17:59:22,148] INFO: Epoch 20 training completed
[2025-06-12 17:59:23,436] INFO: Test Loss: 1.0115 | Test Acc: 64.01%
[2025-06-12 17:59:24,172] INFO: Epoch 21 | Step 1/196 | Loss: 0.7779 | Acc: 76.56%
[2025-06-12 18:00:12,437] INFO: Epoch 21 | Step 101/196 | Loss: 0.8577 | Acc: 68.23%
[2025-06-12 18:00:57,989] INFO: Epoch 21 training completed
[2025-06-12 18:00:59,327] INFO: Test Loss: 1.0445 | Test Acc: 63.20%
[2025-06-12 18:01:00,158] INFO: Epoch 22 | Step 1/196 | Loss: 0.8221 | Acc: 70.70%
[2025-06-12 18:01:48,400] INFO: Epoch 22 | Step 101/196 | Loss: 0.8267 | Acc: 69.49%
[2025-06-12 18:02:33,930] INFO: Epoch 22 training completed
[2025-06-12 18:02:35,231] INFO: Test Loss: 1.0135 | Test Acc: 64.10%
[2025-06-12 18:02:35,965] INFO: Epoch 23 | Step 1/196 | Loss: 0.7429 | Acc: 75.78%
[2025-06-12 18:03:24,209] INFO: Epoch 23 | Step 101/196 | Loss: 0.7983 | Acc: 70.70%
[2025-06-12 18:04:09,736] INFO: Epoch 23 training completed
[2025-06-12 18:04:11,034] INFO: Test Loss: 1.0116 | Test Acc: 65.36%
[2025-06-12 18:04:11,143] INFO: New best accuracy: 65.36%, model saved to ensemble_ghostnetv3_cifar10.pth
[2025-06-12 18:04:11,872] INFO: Epoch 24 | Step 1/196 | Loss: 0.7069 | Acc: 75.39%
[2025-06-12 18:05:00,108] INFO: Epoch 24 | Step 101/196 | Loss: 0.7620 | Acc: 71.86%
[2025-06-12 18:05:45,628] INFO: Epoch 24 training completed
[2025-06-12 18:05:46,914] INFO: Test Loss: 1.1811 | Test Acc: 60.16%
[2025-06-12 18:05:47,643] INFO: Epoch 25 | Step 1/196 | Loss: 0.7370 | Acc: 73.83%
[2025-06-12 18:06:35,867] INFO: Epoch 25 | Step 101/196 | Loss: 0.7408 | Acc: 72.98%
[2025-06-12 18:07:21,390] INFO: Epoch 25 training completed
[2025-06-12 18:07:22,724] INFO: Test Loss: 1.0077 | Test Acc: 64.03%
[2025-06-12 18:07:23,558] INFO: Epoch 26 | Step 1/196 | Loss: 0.6591 | Acc: 76.17%
[2025-06-12 18:08:11,784] INFO: Epoch 26 | Step 101/196 | Loss: 0.7127 | Acc: 74.33%
[2025-06-12 18:08:57,308] INFO: Epoch 26 training completed
[2025-06-12 18:08:58,607] INFO: Test Loss: 0.8680 | Test Acc: 69.08%
[2025-06-12 18:08:58,719] INFO: New best accuracy: 69.08%, model saved to ensemble_ghostnetv3_cifar10.pth
[2025-06-12 18:08:59,450] INFO: Epoch 27 | Step 1/196 | Loss: 0.6078 | Acc: 78.91%
[2025-06-12 18:09:47,663] INFO: Epoch 27 | Step 101/196 | Loss: 0.6944 | Acc: 75.06%
[2025-06-12 18:10:33,171] INFO: Epoch 27 training completed
[2025-06-12 18:10:34,470] INFO: Test Loss: 1.0115 | Test Acc: 66.35%
[2025-06-12 18:10:35,209] INFO: Epoch 28 | Step 1/196 | Loss: 0.6034 | Acc: 80.86%
[2025-06-12 18:11:23,429] INFO: Epoch 28 | Step 101/196 | Loss: 0.6700 | Acc: 75.61%
[2025-06-12 18:12:08,941] INFO: Epoch 28 training completed
[2025-06-12 18:12:10,208] INFO: Test Loss: 0.8783 | Test Acc: 70.41%
[2025-06-12 18:12:10,320] INFO: New best accuracy: 70.41%, model saved to ensemble_ghostnetv3_cifar10.pth
[2025-06-12 18:12:11,051] INFO: Epoch 29 | Step 1/196 | Loss: 0.6218 | Acc: 81.64%
[2025-06-12 18:12:59,271] INFO: Epoch 29 | Step 101/196 | Loss: 0.6527 | Acc: 76.37%
[2025-06-12 18:13:44,823] INFO: Epoch 29 training completed
[2025-06-12 18:13:46,104] INFO: Test Loss: 0.8800 | Test Acc: 68.73%
[2025-06-12 18:13:46,824] INFO: Epoch 30 | Step 1/196 | Loss: 0.5821 | Acc: 82.03%
[2025-06-12 18:14:35,045] INFO: Epoch 30 | Step 101/196 | Loss: 0.6333 | Acc: 77.33%
[2025-06-12 18:15:20,549] INFO: Epoch 30 training completed
[2025-06-12 18:15:21,876] INFO: Test Loss: 0.9446 | Test Acc: 67.08%
[2025-06-12 18:15:22,617] INFO: Epoch 31 | Step 1/196 | Loss: 0.6140 | Acc: 78.52%
[2025-06-12 18:16:10,839] INFO: Epoch 31 | Step 101/196 | Loss: 0.6209 | Acc: 77.90%
[2025-06-12 18:16:56,350] INFO: Epoch 31 training completed
[2025-06-12 18:16:57,678] INFO: Test Loss: 0.7538 | Test Acc: 73.77%
[2025-06-12 18:16:57,788] INFO: New best accuracy: 73.77%, model saved to ensemble_ghostnetv3_cifar10.pth
[2025-06-12 18:16:58,516] INFO: Epoch 32 | Step 1/196 | Loss: 0.6089 | Acc: 78.91%
[2025-06-12 18:17:46,743] INFO: Epoch 32 | Step 101/196 | Loss: 0.6006 | Acc: 78.68%
[2025-06-12 18:18:32,273] INFO: Epoch 32 training completed
[2025-06-12 18:18:33,590] INFO: Test Loss: 0.8739 | Test Acc: 69.30%
[2025-06-12 18:18:34,324] INFO: Epoch 33 | Step 1/196 | Loss: 0.5258 | Acc: 83.59%
[2025-06-12 18:19:22,551] INFO: Epoch 33 | Step 101/196 | Loss: 0.5896 | Acc: 79.08%
[2025-06-12 18:20:08,117] INFO: Epoch 33 training completed
[2025-06-12 18:20:09,409] INFO: Test Loss: 1.0011 | Test Acc: 66.02%
[2025-06-12 18:20:10,143] INFO: Epoch 34 | Step 1/196 | Loss: 0.4716 | Acc: 85.94%
[2025-06-12 18:20:58,379] INFO: Epoch 34 | Step 101/196 | Loss: 0.5915 | Acc: 78.83%
[2025-06-12 18:21:43,907] INFO: Epoch 34 training completed
[2025-06-12 18:21:45,175] INFO: Test Loss: 0.7237 | Test Acc: 75.88%
[2025-06-12 18:21:45,285] INFO: New best accuracy: 75.88%, model saved to ensemble_ghostnetv3_cifar10.pth
[2025-06-12 18:21:46,022] INFO: Epoch 35 | Step 1/196 | Loss: 0.5388 | Acc: 80.47%
[2025-06-12 18:22:34,300] INFO: Epoch 35 | Step 101/196 | Loss: 0.5806 | Acc: 79.57%
[2025-06-12 18:23:19,863] INFO: Epoch 35 training completed
[2025-06-12 18:23:21,214] INFO: Test Loss: 0.7934 | Test Acc: 73.25%
[2025-06-12 18:23:21,977] INFO: Epoch 36 | Step 1/196 | Loss: 0.4967 | Acc: 83.20%
[2025-06-12 18:24:10,255] INFO: Epoch 36 | Step 101/196 | Loss: 0.5764 | Acc: 79.68%
[2025-06-12 18:24:55,829] INFO: Epoch 36 training completed
[2025-06-12 18:24:57,114] INFO: Test Loss: 0.7745 | Test Acc: 73.45%
[2025-06-12 18:24:57,840] INFO: Epoch 37 | Step 1/196 | Loss: 0.5155 | Acc: 84.38%
[2025-06-12 18:25:46,146] INFO: Epoch 37 | Step 101/196 | Loss: 0.5712 | Acc: 80.07%
[2025-06-12 18:26:31,712] INFO: Epoch 37 training completed
[2025-06-12 18:26:33,029] INFO: Test Loss: 0.8761 | Test Acc: 71.07%
[2025-06-12 18:26:33,772] INFO: Epoch 38 | Step 1/196 | Loss: 0.4743 | Acc: 84.38%
[2025-06-12 18:27:22,051] INFO: Epoch 38 | Step 101/196 | Loss: 0.5713 | Acc: 80.01%
[2025-06-12 18:28:07,611] INFO: Epoch 38 training completed
[2025-06-12 18:28:08,935] INFO: Test Loss: 0.7528 | Test Acc: 74.92%
[2025-06-12 18:28:09,670] INFO: Epoch 39 | Step 1/196 | Loss: 0.5108 | Acc: 84.38%
[2025-06-12 18:28:57,953] INFO: Epoch 39 | Step 101/196 | Loss: 0.5777 | Acc: 79.66%
[2025-06-12 18:29:43,518] INFO: Epoch 39 training completed
[2025-06-12 18:29:44,792] INFO: Test Loss: 0.7583 | Test Acc: 74.76%
[2025-06-12 18:29:45,519] INFO: Epoch 40 | Step 1/196 | Loss: 0.4859 | Acc: 83.98%
[2025-06-12 18:30:33,804] INFO: Epoch 40 | Step 101/196 | Loss: 0.5737 | Acc: 79.98%
[2025-06-12 18:31:19,372] INFO: Epoch 40 training completed
[2025-06-12 18:31:20,671] INFO: Test Loss: 0.8029 | Test Acc: 73.11%
[2025-06-12 18:31:21,510] INFO: Epoch 41 | Step 1/196 | Loss: 0.5194 | Acc: 80.86%
[2025-06-12 18:32:09,794] INFO: Epoch 41 | Step 101/196 | Loss: 0.5749 | Acc: 79.85%
[2025-06-12 18:32:55,357] INFO: Epoch 41 training completed
[2025-06-12 18:32:56,642] INFO: Test Loss: 0.8002 | Test Acc: 72.66%
[2025-06-12 18:32:57,360] INFO: Epoch 42 | Step 1/196 | Loss: 0.4168 | Acc: 88.67%
[2025-06-12 18:33:45,645] INFO: Epoch 42 | Step 101/196 | Loss: 0.5667 | Acc: 80.43%
[2025-06-12 18:34:31,219] INFO: Epoch 42 training completed
[2025-06-12 18:34:32,499] INFO: Test Loss: 0.8055 | Test Acc: 73.14%
[2025-06-12 18:34:33,235] INFO: Epoch 43 | Step 1/196 | Loss: 0.4803 | Acc: 82.81%
[2025-06-12 18:35:21,523] INFO: Epoch 43 | Step 101/196 | Loss: 0.5653 | Acc: 80.28%
[2025-06-12 18:36:07,099] INFO: Epoch 43 training completed
[2025-06-12 18:36:08,403] INFO: Test Loss: 0.7842 | Test Acc: 74.69%
[2025-06-12 18:36:09,125] INFO: Epoch 44 | Step 1/196 | Loss: 0.4556 | Acc: 85.94%
[2025-06-12 18:36:57,404] INFO: Epoch 44 | Step 101/196 | Loss: 0.5614 | Acc: 80.39%
[2025-06-12 18:37:42,969] INFO: Epoch 44 training completed
[2025-06-12 18:37:44,249] INFO: Test Loss: 0.9834 | Test Acc: 67.22%
[2025-06-12 18:37:45,081] INFO: Epoch 45 | Step 1/196 | Loss: 0.5491 | Acc: 82.03%
[2025-06-12 18:38:33,369] INFO: Epoch 45 | Step 101/196 | Loss: 0.5685 | Acc: 80.18%
[2025-06-12 18:39:18,931] INFO: Epoch 45 training completed
[2025-06-12 18:39:20,228] INFO: Test Loss: 0.8340 | Test Acc: 71.60%
[2025-06-12 18:39:20,962] INFO: Epoch 46 | Step 1/196 | Loss: 0.4780 | Acc: 84.38%
[2025-06-12 18:40:09,249] INFO: Epoch 46 | Step 101/196 | Loss: 0.5620 | Acc: 80.62%
[2025-06-12 18:40:54,856] INFO: Epoch 46 training completed
[2025-06-12 18:40:56,249] INFO: Test Loss: 0.8347 | Test Acc: 72.87%
[2025-06-12 18:40:56,967] INFO: Epoch 47 | Step 1/196 | Loss: 0.5355 | Acc: 81.25%
[2025-06-12 18:41:45,265] INFO: Epoch 47 | Step 101/196 | Loss: 0.5645 | Acc: 80.34%
[2025-06-12 18:42:30,846] INFO: Epoch 47 training completed
[2025-06-12 18:42:32,158] INFO: Test Loss: 0.8915 | Test Acc: 70.28%
[2025-06-12 18:42:32,901] INFO: Epoch 48 | Step 1/196 | Loss: 0.5063 | Acc: 83.98%
[2025-06-12 18:43:21,193] INFO: Epoch 48 | Step 101/196 | Loss: 0.5516 | Acc: 80.81%
[2025-06-12 18:44:06,790] INFO: Epoch 48 training completed
[2025-06-12 18:44:08,095] INFO: Test Loss: 0.7818 | Test Acc: 74.57%
[2025-06-12 18:44:08,834] INFO: Epoch 49 | Step 1/196 | Loss: 0.4631 | Acc: 84.77%
[2025-06-12 18:44:57,167] INFO: Epoch 49 | Step 101/196 | Loss: 0.5674 | Acc: 80.21%
[2025-06-12 18:45:42,756] INFO: Epoch 49 training completed
[2025-06-12 18:45:44,093] INFO: Test Loss: 0.9717 | Test Acc: 67.15%
[2025-06-12 18:45:44,826] INFO: Epoch 50 | Step 1/196 | Loss: 0.5304 | Acc: 82.81%
[2025-06-12 18:46:33,125] INFO: Epoch 50 | Step 101/196 | Loss: 0.5570 | Acc: 80.67%
[2025-06-12 18:47:18,712] INFO: Epoch 50 training completed
[2025-06-12 18:47:20,044] INFO: Test Loss: 1.3358 | Test Acc: 54.11%
[2025-06-12 18:47:20,772] INFO: Epoch 51 | Step 1/196 | Loss: 0.4684 | Acc: 83.20%
[2025-06-12 18:48:09,070] INFO: Epoch 51 | Step 101/196 | Loss: 0.5495 | Acc: 81.14%
[2025-06-12 18:48:54,643] INFO: Epoch 51 training completed
[2025-06-12 18:48:55,927] INFO: Test Loss: 0.9706 | Test Acc: 67.32%
[2025-06-12 18:48:56,657] INFO: Epoch 52 | Step 1/196 | Loss: 0.4497 | Acc: 85.94%
[2025-06-12 18:49:44,952] INFO: Epoch 52 | Step 101/196 | Loss: 0.5535 | Acc: 80.67%
[2025-06-12 18:50:30,538] INFO: Epoch 52 training completed
[2025-06-12 18:50:31,839] INFO: Test Loss: 1.0382 | Test Acc: 66.76%
[2025-06-12 18:50:32,616] INFO: Epoch 53 | Step 1/196 | Loss: 0.5612 | Acc: 82.81%
[2025-06-12 18:51:20,911] INFO: Epoch 53 | Step 101/196 | Loss: 0.5518 | Acc: 80.77%
[2025-06-12 18:52:06,491] INFO: Epoch 53 training completed
[2025-06-12 18:52:07,790] INFO: Test Loss: 0.8904 | Test Acc: 69.33%
[2025-06-12 18:52:08,529] INFO: Epoch 54 | Step 1/196 | Loss: 0.4956 | Acc: 82.42%
[2025-06-12 18:52:56,816] INFO: Epoch 54 | Step 101/196 | Loss: 0.5504 | Acc: 80.82%
[2025-06-12 18:53:42,397] INFO: Epoch 54 training completed
[2025-06-12 18:53:43,680] INFO: Test Loss: 0.8463 | Test Acc: 71.94%
[2025-06-12 18:53:44,417] INFO: Epoch 55 | Step 1/196 | Loss: 0.5531 | Acc: 81.25%
[2025-06-12 18:54:32,712] INFO: Epoch 55 | Step 101/196 | Loss: 0.5496 | Acc: 81.09%
[2025-06-12 18:55:18,281] INFO: Epoch 55 training completed
[2025-06-12 18:55:19,578] INFO: Test Loss: 0.8160 | Test Acc: 73.28%
[2025-06-12 18:55:20,310] INFO: Epoch 56 | Step 1/196 | Loss: 0.4879 | Acc: 86.33%
[2025-06-12 18:56:08,608] INFO: Epoch 56 | Step 101/196 | Loss: 0.5471 | Acc: 80.95%
[2025-06-12 18:56:54,191] INFO: Epoch 56 training completed
[2025-06-12 18:56:55,455] INFO: Test Loss: 0.8589 | Test Acc: 71.72%
[2025-06-12 18:56:56,288] INFO: Epoch 57 | Step 1/196 | Loss: 0.5289 | Acc: 83.98%
[2025-06-12 18:57:44,592] INFO: Epoch 57 | Step 101/196 | Loss: 0.5581 | Acc: 80.86%
[2025-06-12 18:58:30,176] INFO: Epoch 57 training completed
[2025-06-12 18:58:31,483] INFO: Test Loss: 0.8359 | Test Acc: 71.18%
[2025-06-12 18:58:32,231] INFO: Epoch 58 | Step 1/196 | Loss: 0.5134 | Acc: 82.42%
[2025-06-12 18:59:20,530] INFO: Epoch 58 | Step 101/196 | Loss: 0.5493 | Acc: 80.93%
[2025-06-12 19:00:06,120] INFO: Epoch 58 training completed
[2025-06-12 19:00:07,409] INFO: Test Loss: 0.9327 | Test Acc: 69.78%
[2025-06-12 19:00:08,136] INFO: Epoch 59 | Step 1/196 | Loss: 0.4559 | Acc: 83.98%
[2025-06-12 19:00:56,438] INFO: Epoch 59 | Step 101/196 | Loss: 0.5435 | Acc: 81.32%
[2025-06-12 19:01:42,017] INFO: Epoch 59 training completed
[2025-06-12 19:01:43,281] INFO: Test Loss: 0.9690 | Test Acc: 66.82%
[2025-06-12 19:01:44,019] INFO: Epoch 60 | Step 1/196 | Loss: 0.5175 | Acc: 83.20%
[2025-06-12 19:02:32,321] INFO: Epoch 60 | Step 101/196 | Loss: 0.5496 | Acc: 81.05%
[2025-06-12 19:03:17,910] INFO: Epoch 60 training completed
[2025-06-12 19:03:19,205] INFO: Test Loss: 0.9772 | Test Acc: 68.35%
[2025-06-12 19:03:19,935] INFO: Epoch 61 | Step 1/196 | Loss: 0.5413 | Acc: 79.69%
[2025-06-12 19:04:08,264] INFO: Epoch 61 | Step 101/196 | Loss: 0.5479 | Acc: 80.99%
[2025-06-12 19:04:53,838] INFO: Epoch 61 training completed
[2025-06-12 19:04:55,134] INFO: Test Loss: 0.9705 | Test Acc: 67.53%
[2025-06-12 19:04:55,868] INFO: Epoch 62 | Step 1/196 | Loss: 0.5087 | Acc: 83.59%
[2025-06-12 19:05:44,175] INFO: Epoch 62 | Step 101/196 | Loss: 0.5421 | Acc: 81.32%
[2025-06-12 19:06:29,761] INFO: Epoch 62 training completed
[2025-06-12 19:06:31,044] INFO: Test Loss: 0.9447 | Test Acc: 68.62%
[2025-06-12 19:06:31,780] INFO: Epoch 63 | Step 1/196 | Loss: 0.4989 | Acc: 83.98%
[2025-06-12 19:07:20,083] INFO: Epoch 63 | Step 101/196 | Loss: 0.5464 | Acc: 81.06%
[2025-06-12 19:08:05,671] INFO: Epoch 63 training completed
[2025-06-12 19:08:06,944] INFO: Test Loss: 1.2386 | Test Acc: 59.82%
[2025-06-12 19:08:07,685] INFO: Epoch 64 | Step 1/196 | Loss: 0.5750 | Acc: 80.86%
[2025-06-12 19:08:56,002] INFO: Epoch 64 | Step 101/196 | Loss: 0.5414 | Acc: 81.26%
[2025-06-12 19:09:41,584] INFO: Epoch 64 training completed
[2025-06-12 19:09:42,872] INFO: Test Loss: 0.9550 | Test Acc: 68.72%
[2025-06-12 19:09:43,602] INFO: Epoch 65 | Step 1/196 | Loss: 0.5190 | Acc: 83.59%
[2025-06-12 19:10:31,941] INFO: Epoch 65 | Step 101/196 | Loss: 0.5365 | Acc: 81.44%
[2025-06-12 19:11:17,526] INFO: Epoch 65 training completed
[2025-06-12 19:11:18,811] INFO: Test Loss: 0.9941 | Test Acc: 67.97%
[2025-06-12 19:11:19,544] INFO: Epoch 66 | Step 1/196 | Loss: 0.5133 | Acc: 82.81%
[2025-06-12 19:12:07,848] INFO: Epoch 66 | Step 101/196 | Loss: 0.5386 | Acc: 81.31%
[2025-06-12 19:12:53,442] INFO: Epoch 66 training completed
[2025-06-12 19:12:54,721] INFO: Test Loss: 0.8433 | Test Acc: 71.13%
[2025-06-12 19:12:55,444] INFO: Epoch 67 | Step 1/196 | Loss: 0.4485 | Acc: 85.55%
[2025-06-12 19:13:43,749] INFO: Epoch 67 | Step 101/196 | Loss: 0.5386 | Acc: 81.27%
[2025-06-12 19:14:29,340] INFO: Epoch 67 training completed
[2025-06-12 19:14:30,660] INFO: Test Loss: 0.7925 | Test Acc: 73.75%
[2025-06-12 19:14:31,375] INFO: Epoch 68 | Step 1/196 | Loss: 0.4736 | Acc: 84.38%
[2025-06-12 19:15:19,678] INFO: Epoch 68 | Step 101/196 | Loss: 0.5273 | Acc: 81.96%
[2025-06-12 19:16:05,252] INFO: Epoch 68 training completed
[2025-06-12 19:16:06,559] INFO: Test Loss: 1.2498 | Test Acc: 61.07%
[2025-06-12 19:16:07,370] INFO: Epoch 69 | Step 1/196 | Loss: 0.4906 | Acc: 83.59%
[2025-06-12 19:16:55,650] INFO: Epoch 69 | Step 101/196 | Loss: 0.5368 | Acc: 81.45%
[2025-06-12 19:17:41,210] INFO: Epoch 69 training completed
[2025-06-12 19:17:42,502] INFO: Test Loss: 1.1260 | Test Acc: 64.16%
[2025-06-12 19:17:43,242] INFO: Epoch 70 | Step 1/196 | Loss: 0.5020 | Acc: 82.81%
[2025-06-12 19:18:31,514] INFO: Epoch 70 | Step 101/196 | Loss: 0.5262 | Acc: 81.96%
[2025-06-12 19:19:17,072] INFO: Epoch 70 training completed
[2025-06-12 19:19:18,366] INFO: Test Loss: 0.9511 | Test Acc: 68.51%
[2025-06-12 19:19:19,086] INFO: Epoch 71 | Step 1/196 | Loss: 0.4970 | Acc: 81.64%
[2025-06-12 19:20:07,352] INFO: Epoch 71 | Step 101/196 | Loss: 0.5308 | Acc: 81.76%
[2025-06-12 19:20:52,903] INFO: Epoch 71 training completed
[2025-06-12 19:20:54,188] INFO: Test Loss: 1.6892 | Test Acc: 47.42%
[2025-06-12 19:20:54,911] INFO: Epoch 72 | Step 1/196 | Loss: 0.4881 | Acc: 82.03%
[2025-06-12 19:21:43,194] INFO: Epoch 72 | Step 101/196 | Loss: 0.5308 | Acc: 81.61%
[2025-06-12 19:22:28,763] INFO: Epoch 72 training completed
[2025-06-12 19:22:30,070] INFO: Test Loss: 0.8348 | Test Acc: 71.69%
[2025-06-12 19:22:30,904] INFO: Epoch 73 | Step 1/196 | Loss: 0.4593 | Acc: 83.98%
[2025-06-12 19:23:19,187] INFO: Epoch 73 | Step 101/196 | Loss: 0.5219 | Acc: 81.90%
[2025-06-12 19:24:04,764] INFO: Epoch 73 training completed
[2025-06-12 19:24:06,070] INFO: Test Loss: 0.7962 | Test Acc: 73.68%
[2025-06-12 19:24:06,798] INFO: Epoch 74 | Step 1/196 | Loss: 0.4242 | Acc: 87.11%
[2025-06-12 19:24:55,089] INFO: Epoch 74 | Step 101/196 | Loss: 0.5232 | Acc: 82.06%
[2025-06-12 19:25:40,667] INFO: Epoch 74 training completed
[2025-06-12 19:25:41,997] INFO: Test Loss: 0.8716 | Test Acc: 71.14%
[2025-06-12 19:25:42,733] INFO: Epoch 75 | Step 1/196 | Loss: 0.3986 | Acc: 87.11%
[2025-06-12 19:26:31,022] INFO: Epoch 75 | Step 101/196 | Loss: 0.5296 | Acc: 81.76%
[2025-06-12 19:27:16,584] INFO: Epoch 75 training completed
[2025-06-12 19:27:17,876] INFO: Test Loss: 0.9021 | Test Acc: 68.56%
[2025-06-12 19:27:18,606] INFO: Epoch 76 | Step 1/196 | Loss: 0.4628 | Acc: 85.55%
[2025-06-12 19:28:06,890] INFO: Epoch 76 | Step 101/196 | Loss: 0.5140 | Acc: 82.46%
[2025-06-12 19:28:52,456] INFO: Epoch 76 training completed
[2025-06-12 19:28:53,769] INFO: Test Loss: 0.9860 | Test Acc: 68.87%
[2025-06-12 19:28:54,605] INFO: Epoch 77 | Step 1/196 | Loss: 0.4374 | Acc: 86.33%
[2025-06-12 19:29:42,887] INFO: Epoch 77 | Step 101/196 | Loss: 0.5249 | Acc: 81.95%
[2025-06-12 19:30:28,459] INFO: Epoch 77 training completed
[2025-06-12 19:30:29,787] INFO: Test Loss: 0.7573 | Test Acc: 74.30%
[2025-06-12 19:30:30,514] INFO: Epoch 78 | Step 1/196 | Loss: 0.4963 | Acc: 81.25%
[2025-06-12 19:31:18,801] INFO: Epoch 78 | Step 101/196 | Loss: 0.5148 | Acc: 82.40%
[2025-06-12 19:32:04,368] INFO: Epoch 78 training completed
[2025-06-12 19:32:05,669] INFO: Test Loss: 1.0930 | Test Acc: 64.41%
[2025-06-12 19:32:06,404] INFO: Epoch 79 | Step 1/196 | Loss: 0.4095 | Acc: 88.28%
[2025-06-12 19:32:54,682] INFO: Epoch 79 | Step 101/196 | Loss: 0.5141 | Acc: 82.53%
[2025-06-12 19:33:40,251] INFO: Epoch 79 training completed
[2025-06-12 19:33:41,571] INFO: Test Loss: 0.8047 | Test Acc: 73.70%
[2025-06-12 19:33:42,315] INFO: Epoch 80 | Step 1/196 | Loss: 0.5027 | Acc: 84.77%
[2025-06-12 19:34:30,602] INFO: Epoch 80 | Step 101/196 | Loss: 0.5209 | Acc: 82.27%
[2025-06-12 19:35:16,168] INFO: Epoch 80 training completed
[2025-06-12 19:35:17,457] INFO: Test Loss: 1.0092 | Test Acc: 67.07%
[2025-06-12 19:35:18,192] INFO: Epoch 81 | Step 1/196 | Loss: 0.4135 | Acc: 87.50%
[2025-06-12 19:36:06,507] INFO: Epoch 81 | Step 101/196 | Loss: 0.5105 | Acc: 82.26%
[2025-06-12 19:36:52,062] INFO: Epoch 81 training completed
[2025-06-12 19:36:53,356] INFO: Test Loss: 0.9160 | Test Acc: 69.70%
[2025-06-12 19:36:54,086] INFO: Epoch 82 | Step 1/196 | Loss: 0.4934 | Acc: 85.16%
[2025-06-12 19:37:42,351] INFO: Epoch 82 | Step 101/196 | Loss: 0.5135 | Acc: 82.31%
[2025-06-12 19:38:27,898] INFO: Epoch 82 training completed
[2025-06-12 19:38:29,208] INFO: Test Loss: 0.7910 | Test Acc: 73.62%
[2025-06-12 19:38:29,942] INFO: Epoch 83 | Step 1/196 | Loss: 0.4753 | Acc: 82.42%
[2025-06-12 19:39:18,211] INFO: Epoch 83 | Step 101/196 | Loss: 0.5076 | Acc: 82.54%
[2025-06-12 19:40:03,761] INFO: Epoch 83 training completed
[2025-06-12 19:40:05,090] INFO: Test Loss: 0.9059 | Test Acc: 69.74%
[2025-06-12 19:40:05,831] INFO: Epoch 84 | Step 1/196 | Loss: 0.5068 | Acc: 83.20%
[2025-06-12 19:40:54,093] INFO: Epoch 84 | Step 101/196 | Loss: 0.5134 | Acc: 82.39%
[2025-06-12 19:41:39,641] INFO: Epoch 84 training completed
[2025-06-12 19:41:40,963] INFO: Test Loss: 0.8393 | Test Acc: 71.73%
[2025-06-12 19:41:41,795] INFO: Epoch 85 | Step 1/196 | Loss: 0.4416 | Acc: 83.59%
[2025-06-12 19:42:30,053] INFO: Epoch 85 | Step 101/196 | Loss: 0.5075 | Acc: 82.39%
[2025-06-12 19:43:15,596] INFO: Epoch 85 training completed
[2025-06-12 19:43:16,928] INFO: Test Loss: 0.8269 | Test Acc: 71.92%
[2025-06-12 19:43:17,674] INFO: Epoch 86 | Step 1/196 | Loss: 0.4832 | Acc: 83.59%
[2025-06-12 19:44:05,934] INFO: Epoch 86 | Step 101/196 | Loss: 0.5108 | Acc: 82.45%
[2025-06-12 19:44:51,477] INFO: Epoch 86 training completed
[2025-06-12 19:44:52,820] INFO: Test Loss: 0.8836 | Test Acc: 70.53%
[2025-06-12 19:44:53,568] INFO: Epoch 87 | Step 1/196 | Loss: 0.4315 | Acc: 86.72%
[2025-06-12 19:45:41,837] INFO: Epoch 87 | Step 101/196 | Loss: 0.5064 | Acc: 82.60%
[2025-06-12 19:46:27,394] INFO: Epoch 87 training completed
[2025-06-12 19:46:28,715] INFO: Test Loss: 0.8760 | Test Acc: 71.16%
[2025-06-12 19:46:29,458] INFO: Epoch 88 | Step 1/196 | Loss: 0.4883 | Acc: 83.98%
[2025-06-12 19:47:17,725] INFO: Epoch 88 | Step 101/196 | Loss: 0.5039 | Acc: 82.70%
[2025-06-12 19:48:03,281] INFO: Epoch 88 training completed
[2025-06-12 19:48:04,579] INFO: Test Loss: 0.8090 | Test Acc: 73.92%
[2025-06-12 19:48:05,312] INFO: Epoch 89 | Step 1/196 | Loss: 0.4196 | Acc: 84.77%
[2025-06-12 19:48:53,628] INFO: Epoch 89 | Step 101/196 | Loss: 0.4993 | Acc: 82.65%
[2025-06-12 19:49:39,187] INFO: Epoch 89 training completed
[2025-06-12 19:49:40,498] INFO: Test Loss: 0.7451 | Test Acc: 75.25%
[2025-06-12 19:49:41,222] INFO: Epoch 90 | Step 1/196 | Loss: 0.4326 | Acc: 83.98%
[2025-06-12 19:50:29,501] INFO: Epoch 90 | Step 101/196 | Loss: 0.5001 | Acc: 82.60%
[2025-06-12 19:51:15,058] INFO: Epoch 90 training completed
[2025-06-12 19:51:16,374] INFO: Test Loss: 0.9410 | Test Acc: 69.86%
[2025-06-12 19:51:17,102] INFO: Epoch 91 | Step 1/196 | Loss: 0.4650 | Acc: 85.16%
[2025-06-12 19:52:05,383] INFO: Epoch 91 | Step 101/196 | Loss: 0.4997 | Acc: 83.20%
[2025-06-12 19:52:50,962] INFO: Epoch 91 training completed
[2025-06-12 19:52:52,287] INFO: Test Loss: 0.9399 | Test Acc: 68.77%
[2025-06-12 19:52:53,025] INFO: Epoch 92 | Step 1/196 | Loss: 0.4240 | Acc: 85.16%
[2025-06-12 19:53:41,306] INFO: Epoch 92 | Step 101/196 | Loss: 0.5000 | Acc: 83.05%
[2025-06-12 19:54:26,860] INFO: Epoch 92 training completed
[2025-06-12 19:54:28,178] INFO: Test Loss: 1.1067 | Test Acc: 64.28%
[2025-06-12 19:54:28,904] INFO: Epoch 93 | Step 1/196 | Loss: 0.4202 | Acc: 87.11%
[2025-06-12 19:55:17,224] INFO: Epoch 93 | Step 101/196 | Loss: 0.4935 | Acc: 83.08%
[2025-06-12 19:56:02,784] INFO: Epoch 93 training completed
[2025-06-12 19:56:04,116] INFO: Test Loss: 1.0205 | Test Acc: 68.37%
[2025-06-12 19:56:04,844] INFO: Epoch 94 | Step 1/196 | Loss: 0.4373 | Acc: 85.55%
[2025-06-12 19:56:53,121] INFO: Epoch 94 | Step 101/196 | Loss: 0.4940 | Acc: 83.02%
[2025-06-12 19:57:38,681] INFO: Epoch 94 training completed
[2025-06-12 19:57:39,968] INFO: Test Loss: 0.7531 | Test Acc: 75.58%
[2025-06-12 19:57:40,720] INFO: Epoch 95 | Step 1/196 | Loss: 0.4102 | Acc: 85.94%
[2025-06-12 19:58:29,001] INFO: Epoch 95 | Step 101/196 | Loss: 0.4897 | Acc: 82.98%
[2025-06-12 19:59:14,564] INFO: Epoch 95 training completed
[2025-06-12 19:59:15,835] INFO: Test Loss: 0.8544 | Test Acc: 71.89%
[2025-06-12 19:59:16,567] INFO: Epoch 96 | Step 1/196 | Loss: 0.4213 | Acc: 86.72%
[2025-06-12 20:00:04,846] INFO: Epoch 96 | Step 101/196 | Loss: 0.4889 | Acc: 83.20%
[2025-06-12 20:00:50,410] INFO: Epoch 96 training completed
[2025-06-12 20:00:51,784] INFO: Test Loss: 0.8824 | Test Acc: 70.29%
[2025-06-12 20:00:52,618] INFO: Epoch 97 | Step 1/196 | Loss: 0.3881 | Acc: 89.06%
[2025-06-12 20:01:40,889] INFO: Epoch 97 | Step 101/196 | Loss: 0.4912 | Acc: 83.15%
[2025-06-12 20:02:26,453] INFO: Epoch 97 training completed
[2025-06-12 20:02:27,816] INFO: Test Loss: 0.8017 | Test Acc: 73.53%
[2025-06-12 20:02:28,538] INFO: Epoch 98 | Step 1/196 | Loss: 0.3862 | Acc: 88.28%
[2025-06-12 20:03:16,816] INFO: Epoch 98 | Step 101/196 | Loss: 0.4861 | Acc: 83.54%
[2025-06-12 20:04:02,373] INFO: Epoch 98 training completed
[2025-06-12 20:04:03,666] INFO: Test Loss: 0.7671 | Test Acc: 73.77%
[2025-06-12 20:04:04,423] INFO: Epoch 99 | Step 1/196 | Loss: 0.4028 | Acc: 86.33%
[2025-06-12 20:04:52,700] INFO: Epoch 99 | Step 101/196 | Loss: 0.4809 | Acc: 83.58%
[2025-06-12 20:05:38,264] INFO: Epoch 99 training completed
[2025-06-12 20:05:39,526] INFO: Test Loss: 0.9646 | Test Acc: 68.91%
[2025-06-12 20:05:40,267] INFO: Epoch 100 | Step 1/196 | Loss: 0.4099 | Acc: 85.94%
[2025-06-12 20:06:28,548] INFO: Epoch 100 | Step 101/196 | Loss: 0.4857 | Acc: 83.23%
[2025-06-12 20:07:14,111] INFO: Epoch 100 training completed
[2025-06-12 20:07:15,411] INFO: Test Loss: 1.1656 | Test Acc: 63.20%
[2025-06-12 20:07:16,137] INFO: Epoch 101 | Step 1/196 | Loss: 0.3670 | Acc: 87.11%
[2025-06-12 20:08:04,420] INFO: Epoch 101 | Step 101/196 | Loss: 0.4847 | Acc: 83.33%
[2025-06-12 20:08:50,036] INFO: Epoch 101 training completed
[2025-06-12 20:08:51,332] INFO: Test Loss: 0.8712 | Test Acc: 71.98%
[2025-06-12 20:08:52,068] INFO: Epoch 102 | Step 1/196 | Loss: 0.4318 | Acc: 85.55%
[2025-06-12 20:09:40,345] INFO: Epoch 102 | Step 101/196 | Loss: 0.4811 | Acc: 83.55%
[2025-06-12 20:10:25,917] INFO: Epoch 102 training completed
[2025-06-12 20:10:27,224] INFO: Test Loss: 0.7801 | Test Acc: 74.92%
[2025-06-12 20:10:27,961] INFO: Epoch 103 | Step 1/196 | Loss: 0.3825 | Acc: 87.50%
[2025-06-12 20:11:16,243] INFO: Epoch 103 | Step 101/196 | Loss: 0.4754 | Acc: 83.82%
[2025-06-12 20:12:01,809] INFO: Epoch 103 training completed
[2025-06-12 20:12:03,103] INFO: Test Loss: 1.1388 | Test Acc: 61.71%
[2025-06-12 20:12:03,844] INFO: Epoch 104 | Step 1/196 | Loss: 0.4241 | Acc: 85.94%
[2025-06-12 20:12:52,118] INFO: Epoch 104 | Step 101/196 | Loss: 0.4842 | Acc: 83.33%
[2025-06-12 20:13:37,676] INFO: Epoch 104 training completed
[2025-06-12 20:13:38,987] INFO: Test Loss: 0.7318 | Test Acc: 75.65%
[2025-06-12 20:13:39,716] INFO: Epoch 105 | Step 1/196 | Loss: 0.4096 | Acc: 86.33%
[2025-06-12 20:14:28,025] INFO: Epoch 105 | Step 101/196 | Loss: 0.4776 | Acc: 83.62%
[2025-06-12 20:15:13,585] INFO: Epoch 105 training completed
[2025-06-12 20:15:14,836] INFO: Test Loss: 0.8603 | Test Acc: 72.05%
[2025-06-12 20:15:15,572] INFO: Epoch 106 | Step 1/196 | Loss: 0.3857 | Acc: 85.94%
[2025-06-12 20:16:03,846] INFO: Epoch 106 | Step 101/196 | Loss: 0.4752 | Acc: 83.62%
[2025-06-12 20:16:49,405] INFO: Epoch 106 training completed
[2025-06-12 20:16:50,695] INFO: Test Loss: 0.7421 | Test Acc: 75.80%
[2025-06-12 20:16:51,435] INFO: Epoch 107 | Step 1/196 | Loss: 0.4168 | Acc: 85.55%
[2025-06-12 20:17:39,704] INFO: Epoch 107 | Step 101/196 | Loss: 0.4639 | Acc: 84.13%
[2025-06-12 20:18:25,254] INFO: Epoch 107 training completed
[2025-06-12 20:18:26,543] INFO: Test Loss: 1.0047 | Test Acc: 67.88%
[2025-06-12 20:18:27,281] INFO: Epoch 108 | Step 1/196 | Loss: 0.3808 | Acc: 89.06%
[2025-06-12 20:19:15,548] INFO: Epoch 108 | Step 101/196 | Loss: 0.4651 | Acc: 83.98%
[2025-06-12 20:20:01,095] INFO: Epoch 108 training completed
[2025-06-12 20:20:02,429] INFO: Test Loss: 0.7948 | Test Acc: 74.58%
[2025-06-12 20:20:03,162] INFO: Epoch 109 | Step 1/196 | Loss: 0.4063 | Acc: 87.89%
[2025-06-12 20:20:51,452] INFO: Epoch 109 | Step 101/196 | Loss: 0.4637 | Acc: 84.01%
[2025-06-12 20:21:36,992] INFO: Epoch 109 training completed
[2025-06-12 20:21:38,278] INFO: Test Loss: 0.8978 | Test Acc: 71.14%
[2025-06-12 20:21:39,014] INFO: Epoch 110 | Step 1/196 | Loss: 0.4310 | Acc: 86.33%
[2025-06-12 20:22:27,246] INFO: Epoch 110 | Step 101/196 | Loss: 0.4671 | Acc: 84.02%
[2025-06-12 20:23:12,772] INFO: Epoch 110 training completed
[2025-06-12 20:23:14,058] INFO: Test Loss: 0.7700 | Test Acc: 75.18%
[2025-06-12 20:23:14,790] INFO: Epoch 111 | Step 1/196 | Loss: 0.3857 | Acc: 86.33%
[2025-06-12 20:24:03,026] INFO: Epoch 111 | Step 101/196 | Loss: 0.4632 | Acc: 83.96%
[2025-06-12 20:24:48,535] INFO: Epoch 111 training completed
[2025-06-12 20:24:49,849] INFO: Test Loss: 0.7485 | Test Acc: 75.48%
[2025-06-12 20:24:50,576] INFO: Epoch 112 | Step 1/196 | Loss: 0.3640 | Acc: 87.50%
[2025-06-12 20:25:38,807] INFO: Epoch 112 | Step 101/196 | Loss: 0.4638 | Acc: 84.13%
[2025-06-12 20:26:24,331] INFO: Epoch 112 training completed
[2025-06-12 20:26:25,644] INFO: Test Loss: 0.7346 | Test Acc: 76.27%
[2025-06-12 20:26:25,757] INFO: New best accuracy: 76.27%, model saved to ensemble_ghostnetv3_cifar10.pth
[2025-06-12 20:26:26,489] INFO: Epoch 113 | Step 1/196 | Loss: 0.3626 | Acc: 88.67%
[2025-06-12 20:27:14,758] INFO: Epoch 113 | Step 101/196 | Loss: 0.4517 | Acc: 84.61%
[2025-06-12 20:28:00,263] INFO: Epoch 113 training completed
[2025-06-12 20:28:01,545] INFO: Test Loss: 0.7110 | Test Acc: 77.52%
[2025-06-12 20:28:01,662] INFO: New best accuracy: 77.52%, model saved to ensemble_ghostnetv3_cifar10.pth
[2025-06-12 20:28:02,396] INFO: Epoch 114 | Step 1/196 | Loss: 0.4088 | Acc: 86.33%
[2025-06-12 20:28:50,584] INFO: Epoch 114 | Step 101/196 | Loss: 0.4552 | Acc: 84.45%
[2025-06-12 20:29:36,070] INFO: Epoch 114 training completed
[2025-06-12 20:29:37,380] INFO: Test Loss: 0.9454 | Test Acc: 69.38%
[2025-06-12 20:29:38,121] INFO: Epoch 115 | Step 1/196 | Loss: 0.4217 | Acc: 86.72%
[2025-06-12 20:30:26,323] INFO: Epoch 115 | Step 101/196 | Loss: 0.4509 | Acc: 84.43%
[2025-06-12 20:31:11,810] INFO: Epoch 115 training completed
[2025-06-12 20:31:13,107] INFO: Test Loss: 0.6410 | Test Acc: 79.22%
[2025-06-12 20:31:13,216] INFO: New best accuracy: 79.22%, model saved to ensemble_ghostnetv3_cifar10.pth
[2025-06-12 20:31:13,951] INFO: Epoch 116 | Step 1/196 | Loss: 0.3407 | Acc: 88.28%
[2025-06-12 20:32:02,145] INFO: Epoch 116 | Step 101/196 | Loss: 0.4493 | Acc: 84.63%
[2025-06-12 20:32:47,638] INFO: Epoch 116 training completed
[2025-06-12 20:32:48,975] INFO: Test Loss: 1.0356 | Test Acc: 66.69%
[2025-06-12 20:32:49,787] INFO: Epoch 117 | Step 1/196 | Loss: 0.3690 | Acc: 87.89%
[2025-06-12 20:33:37,997] INFO: Epoch 117 | Step 101/196 | Loss: 0.4498 | Acc: 84.56%
[2025-06-12 20:34:23,509] INFO: Epoch 117 training completed
[2025-06-12 20:34:24,827] INFO: Test Loss: 0.7168 | Test Acc: 76.96%
[2025-06-12 20:34:25,563] INFO: Epoch 118 | Step 1/196 | Loss: 0.3546 | Acc: 87.89%
[2025-06-12 20:35:13,787] INFO: Epoch 118 | Step 101/196 | Loss: 0.4407 | Acc: 85.17%
[2025-06-12 20:35:59,303] INFO: Epoch 118 training completed
[2025-06-12 20:36:00,601] INFO: Test Loss: 0.7741 | Test Acc: 75.81%
[2025-06-12 20:36:01,340] INFO: Epoch 119 | Step 1/196 | Loss: 0.3214 | Acc: 92.19%
[2025-06-12 20:36:49,566] INFO: Epoch 119 | Step 101/196 | Loss: 0.4419 | Acc: 85.05%
[2025-06-12 20:37:35,078] INFO: Epoch 119 training completed
[2025-06-12 20:37:36,361] INFO: Test Loss: 0.7490 | Test Acc: 75.40%
[2025-06-12 20:37:37,090] INFO: Epoch 120 | Step 1/196 | Loss: 0.3677 | Acc: 88.28%
[2025-06-12 20:38:25,306] INFO: Epoch 120 | Step 101/196 | Loss: 0.4411 | Acc: 85.15%
[2025-06-12 20:39:10,823] INFO: Epoch 120 training completed
[2025-06-12 20:39:12,161] INFO: Test Loss: 0.9665 | Test Acc: 67.53%
[2025-06-12 20:39:12,990] INFO: Epoch 121 | Step 1/196 | Loss: 0.3765 | Acc: 87.50%
[2025-06-12 20:40:01,210] INFO: Epoch 121 | Step 101/196 | Loss: 0.4376 | Acc: 85.04%
[2025-06-12 20:40:46,719] INFO: Epoch 121 training completed
[2025-06-12 20:40:48,012] INFO: Test Loss: 0.7280 | Test Acc: 76.40%
[2025-06-12 20:40:48,750] INFO: Epoch 122 | Step 1/196 | Loss: 0.3596 | Acc: 87.50%
[2025-06-12 20:41:36,972] INFO: Epoch 122 | Step 101/196 | Loss: 0.4383 | Acc: 84.92%
[2025-06-12 20:42:22,477] INFO: Epoch 122 training completed
[2025-06-12 20:42:23,766] INFO: Test Loss: 1.1186 | Test Acc: 65.05%
[2025-06-12 20:42:24,502] INFO: Epoch 123 | Step 1/196 | Loss: 0.4094 | Acc: 85.94%
[2025-06-12 20:43:12,725] INFO: Epoch 123 | Step 101/196 | Loss: 0.4373 | Acc: 85.25%
[2025-06-12 20:43:58,229] INFO: Epoch 123 training completed
[2025-06-12 20:43:59,527] INFO: Test Loss: 0.6804 | Test Acc: 77.59%
[2025-06-12 20:44:00,250] INFO: Epoch 124 | Step 1/196 | Loss: 0.3254 | Acc: 89.84%
[2025-06-12 20:44:48,472] INFO: Epoch 124 | Step 101/196 | Loss: 0.4279 | Acc: 85.38%
[2025-06-12 20:45:33,976] INFO: Epoch 124 training completed
[2025-06-12 20:45:35,254] INFO: Test Loss: 0.7243 | Test Acc: 77.12%
[2025-06-12 20:45:36,083] INFO: Epoch 125 | Step 1/196 | Loss: 0.3448 | Acc: 87.89%
[2025-06-12 20:46:24,324] INFO: Epoch 125 | Step 101/196 | Loss: 0.4219 | Acc: 85.78%
[2025-06-12 20:47:09,837] INFO: Epoch 125 training completed
[2025-06-12 20:47:11,150] INFO: Test Loss: 0.7085 | Test Acc: 77.02%
[2025-06-12 20:47:11,888] INFO: Epoch 126 | Step 1/196 | Loss: 0.3591 | Acc: 87.50%
[2025-06-12 20:48:00,110] INFO: Epoch 126 | Step 101/196 | Loss: 0.4233 | Acc: 85.62%
[2025-06-12 20:48:45,622] INFO: Epoch 126 training completed
[2025-06-12 20:48:46,919] INFO: Test Loss: 0.5979 | Test Acc: 80.69%
[2025-06-12 20:48:47,036] INFO: New best accuracy: 80.69%, model saved to ensemble_ghostnetv3_cifar10.pth
[2025-06-12 20:48:47,768] INFO: Epoch 127 | Step 1/196 | Loss: 0.3269 | Acc: 90.62%
[2025-06-12 20:49:35,990] INFO: Epoch 127 | Step 101/196 | Loss: 0.4275 | Acc: 85.47%
[2025-06-12 20:50:21,505] INFO: Epoch 127 training completed
[2025-06-12 20:50:22,813] INFO: Test Loss: 0.8652 | Test Acc: 73.06%
[2025-06-12 20:50:23,533] INFO: Epoch 128 | Step 1/196 | Loss: 0.3082 | Acc: 91.80%
[2025-06-12 20:51:11,765] INFO: Epoch 128 | Step 101/196 | Loss: 0.4168 | Acc: 85.74%
[2025-06-12 20:51:57,289] INFO: Epoch 128 training completed
[2025-06-12 20:51:58,557] INFO: Test Loss: 0.7296 | Test Acc: 76.03%
[2025-06-12 20:51:59,333] INFO: Epoch 129 | Step 1/196 | Loss: 0.2865 | Acc: 92.58%
[2025-06-12 20:52:47,556] INFO: Epoch 129 | Step 101/196 | Loss: 0.4175 | Acc: 85.84%
[2025-06-12 20:53:33,074] INFO: Epoch 129 training completed
[2025-06-12 20:53:34,344] INFO: Test Loss: 0.7502 | Test Acc: 75.36%
[2025-06-12 20:53:35,071] INFO: Epoch 130 | Step 1/196 | Loss: 0.3033 | Acc: 90.62%
[2025-06-12 20:54:23,299] INFO: Epoch 130 | Step 101/196 | Loss: 0.4135 | Acc: 85.73%
[2025-06-12 20:55:08,804] INFO: Epoch 130 training completed
[2025-06-12 20:55:10,116] INFO: Test Loss: 0.5639 | Test Acc: 81.41%
[2025-06-12 20:55:10,227] INFO: New best accuracy: 81.41%, model saved to ensemble_ghostnetv3_cifar10.pth
[2025-06-12 20:55:10,966] INFO: Epoch 131 | Step 1/196 | Loss: 0.3211 | Acc: 90.23%
[2025-06-12 20:55:59,199] INFO: Epoch 131 | Step 101/196 | Loss: 0.4127 | Acc: 86.02%
[2025-06-12 20:56:44,711] INFO: Epoch 131 training completed
[2025-06-12 20:56:45,996] INFO: Test Loss: 0.7307 | Test Acc: 76.09%
[2025-06-12 20:56:46,723] INFO: Epoch 132 | Step 1/196 | Loss: 0.3001 | Acc: 92.19%
[2025-06-12 20:57:34,940] INFO: Epoch 132 | Step 101/196 | Loss: 0.4088 | Acc: 86.03%
[2025-06-12 20:58:20,456] INFO: Epoch 132 training completed
[2025-06-12 20:58:21,786] INFO: Test Loss: 0.6733 | Test Acc: 78.12%
[2025-06-12 20:58:22,612] INFO: Epoch 133 | Step 1/196 | Loss: 0.2882 | Acc: 91.41%
[2025-06-12 20:59:10,834] INFO: Epoch 133 | Step 101/196 | Loss: 0.4026 | Acc: 86.24%
[2025-06-12 20:59:56,347] INFO: Epoch 133 training completed
[2025-06-12 20:59:57,672] INFO: Test Loss: 0.4958 | Test Acc: 84.36%
[2025-06-12 20:59:57,783] INFO: New best accuracy: 84.36%, model saved to ensemble_ghostnetv3_cifar10.pth
[2025-06-12 20:59:58,521] INFO: Epoch 134 | Step 1/196 | Loss: 0.3067 | Acc: 89.45%
[2025-06-12 21:00:46,786] INFO: Epoch 134 | Step 101/196 | Loss: 0.3972 | Acc: 86.51%
[2025-06-12 21:01:32,340] INFO: Epoch 134 training completed
[2025-06-12 21:01:33,651] INFO: Test Loss: 0.6363 | Test Acc: 79.68%
[2025-06-12 21:01:34,373] INFO: Epoch 135 | Step 1/196 | Loss: 0.3312 | Acc: 87.50%
[2025-06-12 21:02:22,640] INFO: Epoch 135 | Step 101/196 | Loss: 0.3978 | Acc: 86.54%
[2025-06-12 21:03:08,190] INFO: Epoch 135 training completed
[2025-06-12 21:03:09,488] INFO: Test Loss: 0.6802 | Test Acc: 78.21%
[2025-06-12 21:03:10,211] INFO: Epoch 136 | Step 1/196 | Loss: 0.3401 | Acc: 87.89%
[2025-06-12 21:03:58,472] INFO: Epoch 136 | Step 101/196 | Loss: 0.3965 | Acc: 86.42%
[2025-06-12 21:04:44,015] INFO: Epoch 136 training completed
[2025-06-12 21:04:45,259] INFO: Test Loss: 0.5998 | Test Acc: 80.58%
[2025-06-12 21:04:46,088] INFO: Epoch 137 | Step 1/196 | Loss: 0.3185 | Acc: 89.06%
[2025-06-12 21:05:34,353] INFO: Epoch 137 | Step 101/196 | Loss: 0.3882 | Acc: 86.97%
[2025-06-12 21:06:19,910] INFO: Epoch 137 training completed
[2025-06-12 21:06:21,186] INFO: Test Loss: 0.6693 | Test Acc: 78.81%
[2025-06-12 21:06:21,907] INFO: Epoch 138 | Step 1/196 | Loss: 0.2683 | Acc: 91.80%
[2025-06-12 21:07:10,179] INFO: Epoch 138 | Step 101/196 | Loss: 0.3889 | Acc: 86.84%
[2025-06-12 21:07:55,727] INFO: Epoch 138 training completed
[2025-06-12 21:07:56,986] INFO: Test Loss: 0.6231 | Test Acc: 79.67%
[2025-06-12 21:07:57,721] INFO: Epoch 139 | Step 1/196 | Loss: 0.3276 | Acc: 89.06%
[2025-06-12 21:08:45,990] INFO: Epoch 139 | Step 101/196 | Loss: 0.3846 | Acc: 86.83%
[2025-06-12 21:09:31,549] INFO: Epoch 139 training completed
[2025-06-12 21:09:32,850] INFO: Test Loss: 0.6627 | Test Acc: 78.23%
[2025-06-12 21:09:33,583] INFO: Epoch 140 | Step 1/196 | Loss: 0.3292 | Acc: 87.89%
[2025-06-12 21:10:21,862] INFO: Epoch 140 | Step 101/196 | Loss: 0.3818 | Acc: 87.18%
[2025-06-12 21:11:07,418] INFO: Epoch 140 training completed
[2025-06-12 21:11:08,720] INFO: Test Loss: 0.5849 | Test Acc: 80.96%
[2025-06-12 21:11:09,459] INFO: Epoch 141 | Step 1/196 | Loss: 0.2551 | Acc: 92.97%
[2025-06-12 21:11:57,764] INFO: Epoch 141 | Step 101/196 | Loss: 0.3790 | Acc: 87.08%
[2025-06-12 21:12:43,324] INFO: Epoch 141 training completed
[2025-06-12 21:12:44,589] INFO: Test Loss: 0.6282 | Test Acc: 79.78%
[2025-06-12 21:12:45,323] INFO: Epoch 142 | Step 1/196 | Loss: 0.3234 | Acc: 89.45%
[2025-06-12 21:13:33,596] INFO: Epoch 142 | Step 101/196 | Loss: 0.3808 | Acc: 87.07%
[2025-06-12 21:14:19,155] INFO: Epoch 142 training completed
[2025-06-12 21:14:20,480] INFO: Test Loss: 0.5716 | Test Acc: 81.50%
[2025-06-12 21:14:21,217] INFO: Epoch 143 | Step 1/196 | Loss: 0.3061 | Acc: 89.45%
[2025-06-12 21:15:09,491] INFO: Epoch 143 | Step 101/196 | Loss: 0.3694 | Acc: 87.40%
[2025-06-12 21:15:55,044] INFO: Epoch 143 training completed
[2025-06-12 21:15:56,347] INFO: Test Loss: 0.5880 | Test Acc: 80.83%
[2025-06-12 21:15:57,077] INFO: Epoch 144 | Step 1/196 | Loss: 0.2584 | Acc: 90.62%
[2025-06-12 21:16:45,349] INFO: Epoch 144 | Step 101/196 | Loss: 0.3673 | Acc: 87.52%
[2025-06-12 21:17:30,909] INFO: Epoch 144 training completed
[2025-06-12 21:17:32,212] INFO: Test Loss: 0.5118 | Test Acc: 83.39%
[2025-06-12 21:17:33,047] INFO: Epoch 145 | Step 1/196 | Loss: 0.2531 | Acc: 92.58%
[2025-06-12 21:18:21,319] INFO: Epoch 145 | Step 101/196 | Loss: 0.3667 | Acc: 87.75%
[2025-06-12 21:19:06,869] INFO: Epoch 145 training completed
[2025-06-12 21:19:08,156] INFO: Test Loss: 0.5504 | Test Acc: 82.13%
[2025-06-12 21:19:08,885] INFO: Epoch 146 | Step 1/196 | Loss: 0.2935 | Acc: 90.23%
[2025-06-12 21:19:57,164] INFO: Epoch 146 | Step 101/196 | Loss: 0.3621 | Acc: 87.65%
[2025-06-12 21:20:42,718] INFO: Epoch 146 training completed
[2025-06-12 21:20:44,006] INFO: Test Loss: 0.5351 | Test Acc: 81.94%
[2025-06-12 21:20:44,738] INFO: Epoch 147 | Step 1/196 | Loss: 0.2998 | Acc: 89.45%
[2025-06-12 21:21:33,000] INFO: Epoch 147 | Step 101/196 | Loss: 0.3548 | Acc: 87.93%
[2025-06-12 21:22:18,562] INFO: Epoch 147 training completed
[2025-06-12 21:22:19,889] INFO: Test Loss: 0.5448 | Test Acc: 82.53%
[2025-06-12 21:22:20,641] INFO: Epoch 148 | Step 1/196 | Loss: 0.2381 | Acc: 92.58%
[2025-06-12 21:23:08,910] INFO: Epoch 148 | Step 101/196 | Loss: 0.3485 | Acc: 88.30%
[2025-06-12 21:23:54,471] INFO: Epoch 148 training completed
[2025-06-12 21:23:55,748] INFO: Test Loss: 0.5091 | Test Acc: 83.86%
[2025-06-12 21:23:56,469] INFO: Epoch 149 | Step 1/196 | Loss: 0.2661 | Acc: 92.97%
[2025-06-12 21:24:44,782] INFO: Epoch 149 | Step 101/196 | Loss: 0.3442 | Acc: 88.21%
[2025-06-12 21:25:30,350] INFO: Epoch 149 training completed
[2025-06-12 21:25:31,645] INFO: Test Loss: 0.4583 | Test Acc: 85.30%
[2025-06-12 21:25:31,758] INFO: New best accuracy: 85.30%, model saved to ensemble_ghostnetv3_cifar10.pth
[2025-06-12 21:25:32,473] INFO: Epoch 150 | Step 1/196 | Loss: 0.2927 | Acc: 90.62%
[2025-06-12 21:26:20,734] INFO: Epoch 150 | Step 101/196 | Loss: 0.3427 | Acc: 88.48%
[2025-06-12 21:27:06,277] INFO: Epoch 150 training completed
[2025-06-12 21:27:07,599] INFO: Test Loss: 0.5022 | Test Acc: 83.70%
[2025-06-12 21:27:08,338] INFO: Epoch 151 | Step 1/196 | Loss: 0.2469 | Acc: 92.97%
[2025-06-12 21:27:56,599] INFO: Epoch 151 | Step 101/196 | Loss: 0.3381 | Acc: 88.57%
[2025-06-12 21:28:42,144] INFO: Epoch 151 training completed
[2025-06-12 21:28:43,442] INFO: Test Loss: 0.4782 | Test Acc: 84.62%
[2025-06-12 21:28:44,176] INFO: Epoch 152 | Step 1/196 | Loss: 0.2863 | Acc: 90.23%
[2025-06-12 21:29:32,440] INFO: Epoch 152 | Step 101/196 | Loss: 0.3345 | Acc: 88.61%
[2025-06-12 21:30:17,990] INFO: Epoch 152 training completed
[2025-06-12 21:30:19,295] INFO: Test Loss: 0.4775 | Test Acc: 84.37%
[2025-06-12 21:30:20,116] INFO: Epoch 153 | Step 1/196 | Loss: 0.2618 | Acc: 92.19%
[2025-06-12 21:31:08,378] INFO: Epoch 153 | Step 101/196 | Loss: 0.3288 | Acc: 88.92%
[2025-06-12 21:31:53,928] INFO: Epoch 153 training completed
[2025-06-12 21:31:55,235] INFO: Test Loss: 0.4724 | Test Acc: 84.79%
[2025-06-12 21:31:55,979] INFO: Epoch 154 | Step 1/196 | Loss: 0.2478 | Acc: 91.80%
[2025-06-12 21:32:44,249] INFO: Epoch 154 | Step 101/196 | Loss: 0.3263 | Acc: 89.03%
[2025-06-12 21:33:29,802] INFO: Epoch 154 training completed
[2025-06-12 21:33:31,106] INFO: Test Loss: 0.5223 | Test Acc: 83.70%
[2025-06-12 21:33:31,839] INFO: Epoch 155 | Step 1/196 | Loss: 0.2545 | Acc: 92.58%
[2025-06-12 21:34:20,103] INFO: Epoch 155 | Step 101/196 | Loss: 0.3288 | Acc: 89.02%
[2025-06-12 21:35:05,651] INFO: Epoch 155 training completed
[2025-06-12 21:35:06,952] INFO: Test Loss: 0.4800 | Test Acc: 84.51%
[2025-06-12 21:35:07,681] INFO: Epoch 156 | Step 1/196 | Loss: 0.2683 | Acc: 89.45%
[2025-06-12 21:35:55,941] INFO: Epoch 156 | Step 101/196 | Loss: 0.3197 | Acc: 89.27%
[2025-06-12 21:36:41,492] INFO: Epoch 156 training completed
[2025-06-12 21:36:42,790] INFO: Test Loss: 0.4557 | Test Acc: 85.21%
[2025-06-12 21:36:43,607] INFO: Epoch 157 | Step 1/196 | Loss: 0.2360 | Acc: 93.75%
[2025-06-12 21:37:31,869] INFO: Epoch 157 | Step 101/196 | Loss: 0.3188 | Acc: 89.24%
[2025-06-12 21:38:17,432] INFO: Epoch 157 training completed
[2025-06-12 21:38:18,738] INFO: Test Loss: 0.5117 | Test Acc: 83.73%
[2025-06-12 21:38:19,463] INFO: Epoch 158 | Step 1/196 | Loss: 0.2461 | Acc: 92.58%
[2025-06-12 21:39:07,738] INFO: Epoch 158 | Step 101/196 | Loss: 0.3077 | Acc: 89.63%
[2025-06-12 21:39:53,292] INFO: Epoch 158 training completed
[2025-06-12 21:39:54,625] INFO: Test Loss: 0.4198 | Test Acc: 86.75%
[2025-06-12 21:39:54,738] INFO: New best accuracy: 86.75%, model saved to ensemble_ghostnetv3_cifar10.pth
[2025-06-12 21:39:55,472] INFO: Epoch 159 | Step 1/196 | Loss: 0.2426 | Acc: 92.19%
[2025-06-12 21:40:43,714] INFO: Epoch 159 | Step 101/196 | Loss: 0.3034 | Acc: 89.91%
[2025-06-12 21:41:29,245] INFO: Epoch 159 training completed
[2025-06-12 21:41:30,580] INFO: Test Loss: 0.4103 | Test Acc: 86.69%
[2025-06-12 21:41:31,316] INFO: Epoch 160 | Step 1/196 | Loss: 0.2443 | Acc: 92.58%
[2025-06-12 21:42:19,563] INFO: Epoch 160 | Step 101/196 | Loss: 0.2999 | Acc: 90.00%
[2025-06-12 21:43:05,095] INFO: Epoch 160 training completed
[2025-06-12 21:43:06,410] INFO: Test Loss: 0.4605 | Test Acc: 84.81%
[2025-06-12 21:43:07,238] INFO: Epoch 161 | Step 1/196 | Loss: 0.2640 | Acc: 90.62%
[2025-06-12 21:43:55,873] INFO: Epoch 161 | Step 101/196 | Loss: 0.2908 | Acc: 90.47%
[2025-06-12 21:44:41,448] INFO: Epoch 161 training completed
[2025-06-12 21:44:42,724] INFO: Test Loss: 0.4528 | Test Acc: 85.15%
[2025-06-12 21:44:43,447] INFO: Epoch 162 | Step 1/196 | Loss: 0.2000 | Acc: 94.53%
[2025-06-12 21:45:31,699] INFO: Epoch 162 | Step 101/196 | Loss: 0.2930 | Acc: 90.35%
[2025-06-12 21:46:17,240] INFO: Epoch 162 training completed
[2025-06-12 21:46:18,574] INFO: Test Loss: 0.4321 | Test Acc: 86.00%
[2025-06-12 21:46:19,294] INFO: Epoch 163 | Step 1/196 | Loss: 0.2360 | Acc: 92.58%
[2025-06-12 21:47:07,538] INFO: Epoch 163 | Step 101/196 | Loss: 0.2902 | Acc: 90.34%
[2025-06-12 21:47:53,072] INFO: Epoch 163 training completed
[2025-06-12 21:47:54,389] INFO: Test Loss: 0.4697 | Test Acc: 85.15%
[2025-06-12 21:47:55,118] INFO: Epoch 164 | Step 1/196 | Loss: 0.2344 | Acc: 91.80%
[2025-06-12 21:48:43,354] INFO: Epoch 164 | Step 101/196 | Loss: 0.2804 | Acc: 90.63%
[2025-06-12 21:49:28,878] INFO: Epoch 164 training completed
[2025-06-12 21:49:30,185] INFO: Test Loss: 0.4553 | Test Acc: 85.55%
[2025-06-12 21:49:30,997] INFO: Epoch 165 | Step 1/196 | Loss: 0.2064 | Acc: 93.36%
[2025-06-12 21:50:19,234] INFO: Epoch 165 | Step 101/196 | Loss: 0.2810 | Acc: 90.85%
[2025-06-12 21:51:04,754] INFO: Epoch 165 training completed
[2025-06-12 21:51:06,050] INFO: Test Loss: 0.4111 | Test Acc: 86.48%
[2025-06-12 21:51:06,796] INFO: Epoch 166 | Step 1/196 | Loss: 0.1921 | Acc: 93.75%
[2025-06-12 21:51:55,020] INFO: Epoch 166 | Step 101/196 | Loss: 0.2703 | Acc: 91.00%
[2025-06-12 21:52:40,532] INFO: Epoch 166 training completed
[2025-06-12 21:52:41,837] INFO: Test Loss: 0.4344 | Test Acc: 86.36%
[2025-06-12 21:52:42,580] INFO: Epoch 167 | Step 1/196 | Loss: 0.2265 | Acc: 92.58%
[2025-06-12 21:53:30,812] INFO: Epoch 167 | Step 101/196 | Loss: 0.2667 | Acc: 91.13%
[2025-06-12 21:54:16,343] INFO: Epoch 167 training completed
[2025-06-12 21:54:17,620] INFO: Test Loss: 0.4079 | Test Acc: 86.82%
[2025-06-12 21:54:17,731] INFO: New best accuracy: 86.82%, model saved to ensemble_ghostnetv3_cifar10.pth
[2025-06-12 21:54:18,464] INFO: Epoch 168 | Step 1/196 | Loss: 0.2123 | Acc: 91.80%
[2025-06-12 21:55:06,718] INFO: Epoch 168 | Step 101/196 | Loss: 0.2642 | Acc: 91.23%
[2025-06-12 21:55:52,258] INFO: Epoch 168 training completed
[2025-06-12 21:55:53,567] INFO: Test Loss: 0.3953 | Test Acc: 87.16%
[2025-06-12 21:55:53,774] INFO: New best accuracy: 87.16%, model saved to ensemble_ghostnetv3_cifar10.pth
[2025-06-12 21:55:54,496] INFO: Epoch 169 | Step 1/196 | Loss: 0.1984 | Acc: 94.14%
[2025-06-12 21:56:42,720] INFO: Epoch 169 | Step 101/196 | Loss: 0.2524 | Acc: 91.72%
[2025-06-12 21:57:28,231] INFO: Epoch 169 training completed
[2025-06-12 21:57:29,541] INFO: Test Loss: 0.4156 | Test Acc: 86.93%
[2025-06-12 21:57:30,276] INFO: Epoch 170 | Step 1/196 | Loss: 0.1820 | Acc: 94.53%
[2025-06-12 21:58:18,498] INFO: Epoch 170 | Step 101/196 | Loss: 0.2515 | Acc: 91.61%
[2025-06-12 21:59:04,048] INFO: Epoch 170 training completed
[2025-06-12 21:59:05,397] INFO: Test Loss: 0.4002 | Test Acc: 87.55%
[2025-06-12 21:59:05,523] INFO: New best accuracy: 87.55%, model saved to ensemble_ghostnetv3_cifar10.pth
[2025-06-12 21:59:06,276] INFO: Epoch 171 | Step 1/196 | Loss: 0.1735 | Acc: 95.31%
[2025-06-12 21:59:54,532] INFO: Epoch 171 | Step 101/196 | Loss: 0.2480 | Acc: 91.70%
[2025-06-12 22:00:40,050] INFO: Epoch 171 training completed
[2025-06-12 22:00:41,326] INFO: Test Loss: 0.4208 | Test Acc: 86.47%
[2025-06-12 22:00:42,053] INFO: Epoch 172 | Step 1/196 | Loss: 0.2033 | Acc: 95.70%
[2025-06-12 22:01:30,308] INFO: Epoch 172 | Step 101/196 | Loss: 0.2420 | Acc: 92.09%
[2025-06-12 22:02:15,811] INFO: Epoch 172 training completed
[2025-06-12 22:02:17,087] INFO: Test Loss: 0.3896 | Test Acc: 87.69%
[2025-06-12 22:02:17,198] INFO: New best accuracy: 87.69%, model saved to ensemble_ghostnetv3_cifar10.pth
[2025-06-12 22:02:17,913] INFO: Epoch 173 | Step 1/196 | Loss: 0.1880 | Acc: 94.53%
[2025-06-12 22:03:06,128] INFO: Epoch 173 | Step 101/196 | Loss: 0.2361 | Acc: 92.16%
[2025-06-12 22:03:51,638] INFO: Epoch 173 training completed
[2025-06-12 22:03:52,921] INFO: Test Loss: 0.3830 | Test Acc: 87.91%
[2025-06-12 22:03:53,031] INFO: New best accuracy: 87.91%, model saved to ensemble_ghostnetv3_cifar10.pth
[2025-06-12 22:03:53,758] INFO: Epoch 174 | Step 1/196 | Loss: 0.1943 | Acc: 94.53%
[2025-06-12 22:04:41,984] INFO: Epoch 174 | Step 101/196 | Loss: 0.2314 | Acc: 92.53%
[2025-06-12 22:05:27,491] INFO: Epoch 174 training completed
[2025-06-12 22:05:28,799] INFO: Test Loss: 0.3747 | Test Acc: 88.11%
[2025-06-12 22:05:28,911] INFO: New best accuracy: 88.11%, model saved to ensemble_ghostnetv3_cifar10.pth
[2025-06-12 22:05:29,634] INFO: Epoch 175 | Step 1/196 | Loss: 0.1855 | Acc: 94.92%
[2025-06-12 22:06:17,848] INFO: Epoch 175 | Step 101/196 | Loss: 0.2262 | Acc: 92.72%
[2025-06-12 22:07:03,385] INFO: Epoch 175 training completed
[2025-06-12 22:07:04,676] INFO: Test Loss: 0.3671 | Test Acc: 88.63%
[2025-06-12 22:07:04,786] INFO: New best accuracy: 88.63%, model saved to ensemble_ghostnetv3_cifar10.pth
[2025-06-12 22:07:05,508] INFO: Epoch 176 | Step 1/196 | Loss: 0.1519 | Acc: 94.53%
[2025-06-12 22:07:53,726] INFO: Epoch 176 | Step 101/196 | Loss: 0.2163 | Acc: 93.02%
[2025-06-12 22:08:39,236] INFO: Epoch 176 training completed
[2025-06-12 22:08:40,526] INFO: Test Loss: 0.3657 | Test Acc: 88.41%
[2025-06-12 22:08:41,266] INFO: Epoch 177 | Step 1/196 | Loss: 0.1763 | Acc: 95.70%
[2025-06-12 22:09:29,496] INFO: Epoch 177 | Step 101/196 | Loss: 0.2139 | Acc: 93.15%
[2025-06-12 22:10:15,117] INFO: Epoch 177 training completed
[2025-06-12 22:10:16,319] INFO: Test Loss: 0.3754 | Test Acc: 88.18%
[2025-06-12 22:10:17,037] INFO: Epoch 178 | Step 1/196 | Loss: 0.1566 | Acc: 96.09%
[2025-06-12 22:11:05,674] INFO: Epoch 178 | Step 101/196 | Loss: 0.2043 | Acc: 93.46%
[2025-06-12 22:11:51,180] INFO: Epoch 178 training completed
[2025-06-12 22:11:52,472] INFO: Test Loss: 0.3561 | Test Acc: 88.91%
[2025-06-12 22:11:52,583] INFO: New best accuracy: 88.91%, model saved to ensemble_ghostnetv3_cifar10.pth
[2025-06-12 22:11:53,406] INFO: Epoch 179 | Step 1/196 | Loss: 0.1705 | Acc: 93.75%
[2025-06-12 22:12:41,619] INFO: Epoch 179 | Step 101/196 | Loss: 0.2045 | Acc: 93.42%
[2025-06-12 22:13:27,113] INFO: Epoch 179 training completed
[2025-06-12 22:13:28,414] INFO: Test Loss: 0.3647 | Test Acc: 88.52%
[2025-06-12 22:13:29,160] INFO: Epoch 180 | Step 1/196 | Loss: 0.1496 | Acc: 95.31%
[2025-06-12 22:14:17,363] INFO: Epoch 180 | Step 101/196 | Loss: 0.1962 | Acc: 93.94%
[2025-06-12 22:15:02,846] INFO: Epoch 180 training completed
[2025-06-12 22:15:04,132] INFO: Test Loss: 0.3635 | Test Acc: 88.64%
[2025-06-12 22:15:04,869] INFO: Epoch 181 | Step 1/196 | Loss: 0.1509 | Acc: 95.31%
[2025-06-12 22:15:53,062] INFO: Epoch 181 | Step 101/196 | Loss: 0.1930 | Acc: 93.81%
[2025-06-12 22:16:38,554] INFO: Epoch 181 training completed
[2025-06-12 22:16:39,880] INFO: Test Loss: 0.3389 | Test Acc: 89.37%
[2025-06-12 22:16:39,996] INFO: New best accuracy: 89.37%, model saved to ensemble_ghostnetv3_cifar10.pth
[2025-06-12 22:16:40,728] INFO: Epoch 182 | Step 1/196 | Loss: 0.1596 | Acc: 95.31%
[2025-06-12 22:17:28,932] INFO: Epoch 182 | Step 101/196 | Loss: 0.1847 | Acc: 94.16%
[2025-06-12 22:18:14,435] INFO: Epoch 182 training completed
[2025-06-12 22:18:15,719] INFO: Test Loss: 0.3559 | Test Acc: 88.99%
[2025-06-12 22:18:16,536] INFO: Epoch 183 | Step 1/196 | Loss: 0.1222 | Acc: 98.05%
[2025-06-12 22:19:04,743] INFO: Epoch 183 | Step 101/196 | Loss: 0.1783 | Acc: 94.41%
[2025-06-12 22:19:50,246] INFO: Epoch 183 training completed
[2025-06-12 22:19:51,528] INFO: Test Loss: 0.3660 | Test Acc: 88.67%
[2025-06-12 22:19:52,257] INFO: Epoch 184 | Step 1/196 | Loss: 0.1341 | Acc: 94.92%
[2025-06-12 22:20:40,473] INFO: Epoch 184 | Step 101/196 | Loss: 0.1728 | Acc: 94.76%
[2025-06-12 22:21:25,980] INFO: Epoch 184 training completed
[2025-06-12 22:21:27,299] INFO: Test Loss: 0.3383 | Test Acc: 89.39%
[2025-06-12 22:21:27,413] INFO: New best accuracy: 89.39%, model saved to ensemble_ghostnetv3_cifar10.pth
[2025-06-12 22:21:28,153] INFO: Epoch 185 | Step 1/196 | Loss: 0.1357 | Acc: 96.88%
[2025-06-12 22:22:16,364] INFO: Epoch 185 | Step 101/196 | Loss: 0.1658 | Acc: 94.95%
[2025-06-12 22:23:01,857] INFO: Epoch 185 training completed
[2025-06-12 22:23:03,181] INFO: Test Loss: 0.3272 | Test Acc: 89.87%
[2025-06-12 22:23:03,293] INFO: New best accuracy: 89.87%, model saved to ensemble_ghostnetv3_cifar10.pth
[2025-06-12 22:23:04,023] INFO: Epoch 186 | Step 1/196 | Loss: 0.1074 | Acc: 97.66%
[2025-06-12 22:23:52,258] INFO: Epoch 186 | Step 101/196 | Loss: 0.1646 | Acc: 95.03%
[2025-06-12 22:24:37,751] INFO: Epoch 186 training completed
[2025-06-12 22:24:39,048] INFO: Test Loss: 0.3199 | Test Acc: 89.92%
[2025-06-12 22:24:39,157] INFO: New best accuracy: 89.92%, model saved to ensemble_ghostnetv3_cifar10.pth
[2025-06-12 22:24:39,886] INFO: Epoch 187 | Step 1/196 | Loss: 0.1070 | Acc: 98.05%
[2025-06-12 22:25:28,036] INFO: Epoch 187 | Step 101/196 | Loss: 0.1580 | Acc: 95.17%
[2025-06-12 22:26:13,479] INFO: Epoch 187 training completed
[2025-06-12 22:26:14,779] INFO: Test Loss: 0.3195 | Test Acc: 90.17%
[2025-06-12 22:26:14,888] INFO: New best accuracy: 90.17%, model saved to ensemble_ghostnetv3_cifar10.pth
[2025-06-12 22:26:15,608] INFO: Epoch 188 | Step 1/196 | Loss: 0.1295 | Acc: 95.70%
[2025-06-12 22:27:03,751] INFO: Epoch 188 | Step 101/196 | Loss: 0.1551 | Acc: 95.29%
[2025-06-12 22:27:49,197] INFO: Epoch 188 training completed
[2025-06-12 22:27:50,485] INFO: Test Loss: 0.3230 | Test Acc: 90.00%
[2025-06-12 22:27:51,212] INFO: Epoch 189 | Step 1/196 | Loss: 0.1368 | Acc: 97.27%
[2025-06-12 22:28:39,361] INFO: Epoch 189 | Step 101/196 | Loss: 0.1497 | Acc: 95.60%
[2025-06-12 22:29:24,807] INFO: Epoch 189 training completed
[2025-06-12 22:29:26,127] INFO: Test Loss: 0.3151 | Test Acc: 90.16%
[2025-06-12 22:29:26,954] INFO: Epoch 190 | Step 1/196 | Loss: 0.1021 | Acc: 98.05%
[2025-06-12 22:30:15,139] INFO: Epoch 190 | Step 101/196 | Loss: 0.1461 | Acc: 95.69%
[2025-06-12 22:31:00,606] INFO: Epoch 190 training completed
[2025-06-12 22:31:01,865] INFO: Test Loss: 0.3186 | Test Acc: 90.31%
[2025-06-12 22:31:01,976] INFO: New best accuracy: 90.31%, model saved to ensemble_ghostnetv3_cifar10.pth
[2025-06-12 22:31:02,702] INFO: Epoch 191 | Step 1/196 | Loss: 0.1030 | Acc: 97.27%
[2025-06-12 22:31:50,899] INFO: Epoch 191 | Step 101/196 | Loss: 0.1400 | Acc: 96.00%
[2025-06-12 22:32:36,384] INFO: Epoch 191 training completed
[2025-06-12 22:32:37,680] INFO: Test Loss: 0.3119 | Test Acc: 90.36%
[2025-06-12 22:32:37,792] INFO: New best accuracy: 90.36%, model saved to ensemble_ghostnetv3_cifar10.pth
[2025-06-12 22:32:38,511] INFO: Epoch 192 | Step 1/196 | Loss: 0.1049 | Acc: 98.44%
[2025-06-12 22:33:26,714] INFO: Epoch 192 | Step 101/196 | Loss: 0.1402 | Acc: 95.92%
[2025-06-12 22:34:12,207] INFO: Epoch 192 training completed
[2025-06-12 22:34:13,520] INFO: Test Loss: 0.3115 | Test Acc: 90.36%
[2025-06-12 22:34:14,243] INFO: Epoch 193 | Step 1/196 | Loss: 0.1104 | Acc: 98.44%
[2025-06-12 22:35:02,448] INFO: Epoch 193 | Step 101/196 | Loss: 0.1362 | Acc: 96.11%
[2025-06-12 22:35:47,936] INFO: Epoch 193 training completed
[2025-06-12 22:35:49,237] INFO: Test Loss: 0.3088 | Test Acc: 90.62%
[2025-06-12 22:35:49,350] INFO: New best accuracy: 90.62%, model saved to ensemble_ghostnetv3_cifar10.pth
[2025-06-12 22:35:50,161] INFO: Epoch 194 | Step 1/196 | Loss: 0.1176 | Acc: 96.88%
[2025-06-12 22:36:38,335] INFO: Epoch 194 | Step 101/196 | Loss: 0.1315 | Acc: 96.35%
[2025-06-12 22:37:23,802] INFO: Epoch 194 training completed
[2025-06-12 22:37:25,079] INFO: Test Loss: 0.3081 | Test Acc: 90.58%
[2025-06-12 22:37:25,821] INFO: Epoch 195 | Step 1/196 | Loss: 0.1063 | Acc: 97.66%
[2025-06-12 22:38:13,985] INFO: Epoch 195 | Step 101/196 | Loss: 0.1310 | Acc: 96.30%
[2025-06-12 22:38:59,449] INFO: Epoch 195 training completed
[2025-06-12 22:39:00,756] INFO: Test Loss: 0.3067 | Test Acc: 90.76%
[2025-06-12 22:39:00,867] INFO: New best accuracy: 90.76%, model saved to ensemble_ghostnetv3_cifar10.pth
[2025-06-12 22:39:01,600] INFO: Epoch 196 | Step 1/196 | Loss: 0.1169 | Acc: 95.70%
[2025-06-12 22:39:49,846] INFO: Epoch 196 | Step 101/196 | Loss: 0.1291 | Acc: 96.34%
[2025-06-12 22:40:35,366] INFO: Epoch 196 training completed
[2025-06-12 22:40:36,690] INFO: Test Loss: 0.3058 | Test Acc: 90.69%
[2025-06-12 22:40:37,425] INFO: Epoch 197 | Step 1/196 | Loss: 0.0891 | Acc: 98.44%
[2025-06-12 22:41:25,630] INFO: Epoch 197 | Step 101/196 | Loss: 0.1295 | Acc: 96.33%
[2025-06-12 22:42:11,115] INFO: Epoch 197 training completed
[2025-06-12 22:42:13,287] INFO: Test Loss: 0.3062 | Test Acc: 90.83%
[2025-06-12 22:42:13,398] INFO: New best accuracy: 90.83%, model saved to ensemble_ghostnetv3_cifar10.pth
[2025-06-12 22:42:14,218] INFO: Epoch 198 | Step 1/196 | Loss: 0.0860 | Acc: 97.66%
[2025-06-12 22:43:02,409] INFO: Epoch 198 | Step 101/196 | Loss: 0.1267 | Acc: 96.59%
[2025-06-12 22:43:47,896] INFO: Epoch 198 training completed
[2025-06-12 22:43:49,191] INFO: Test Loss: 0.3065 | Test Acc: 90.80%
[2025-06-12 22:43:49,921] INFO: Epoch 199 | Step 1/196 | Loss: 0.0831 | Acc: 98.83%
[2025-06-12 22:44:38,115] INFO: Epoch 199 | Step 101/196 | Loss: 0.1252 | Acc: 96.55%
[2025-06-12 22:45:23,606] INFO: Epoch 199 training completed
[2025-06-12 22:45:24,933] INFO: Test Loss: 0.3063 | Test Acc: 90.74%
[2025-06-12 22:45:25,667] INFO: Epoch 200 | Step 1/196 | Loss: 0.0891 | Acc: 97.66%
[2025-06-12 22:46:13,854] INFO: Epoch 200 | Step 101/196 | Loss: 0.1278 | Acc: 96.43%
[2025-06-12 22:46:59,333] INFO: Epoch 200 training completed
[2025-06-12 22:47:00,620] INFO: Test Loss: 0.3064 | Test Acc: 90.80%
[2025-06-12 22:47:00,785] INFO: Training complete. Best Test Accuracy: 90.83%
