[2025-06-11 12:17:34,954] INFO: Using device: cuda
[2025-06-11 12:17:36,140] INFO: Using GhostNetV3 with width 1.3
[2025-06-11 12:18:02,144] INFO: Epoch 1 | Step 1/196 | Loss: 4.1049 | Acc: 8.20%
[2025-06-11 12:18:15,450] INFO: Epoch 1 | Step 101/196 | Loss: 2.7943 | Acc: 11.54%
[2025-06-11 12:18:28,282] INFO: Epoch 1 training completed
[2025-06-11 12:18:52,561] INFO: Test Loss: 2.2363 | Test Acc: 16.60%
[2025-06-11 12:18:52,674] INFO: New best accuracy: 16.60%, model saved.
[2025-06-11 12:18:53,069] INFO: Epoch 2 | Step 1/196 | Loss: 2.0957 | Acc: 22.66%
[2025-06-11 12:19:06,298] INFO: Epoch 2 | Step 101/196 | Loss: 2.1196 | Acc: 18.17%
[2025-06-11 12:19:18,846] INFO: Epoch 2 training completed
[2025-06-11 12:19:20,327] INFO: Test Loss: 2.0758 | Test Acc: 22.88%
[2025-06-11 12:19:20,436] INFO: New best accuracy: 22.88%, model saved.
[2025-06-11 12:19:20,794] INFO: Epoch 3 | Step 1/196 | Loss: 1.9402 | Acc: 23.05%
[2025-06-11 12:19:34,076] INFO: Epoch 3 | Step 101/196 | Loss: 1.9495 | Acc: 23.71%
[2025-06-11 12:19:46,638] INFO: Epoch 3 training completed
[2025-06-11 12:19:48,119] INFO: Test Loss: 1.9087 | Test Acc: 27.91%
[2025-06-11 12:19:48,228] INFO: New best accuracy: 27.91%, model saved.
[2025-06-11 12:19:48,601] INFO: Epoch 4 | Step 1/196 | Loss: 1.8346 | Acc: 25.78%
[2025-06-11 12:20:01,964] INFO: Epoch 4 | Step 101/196 | Loss: 1.8096 | Acc: 28.18%
[2025-06-11 12:20:14,550] INFO: Epoch 4 training completed
[2025-06-11 12:20:16,027] INFO: Test Loss: 1.7625 | Test Acc: 33.04%
[2025-06-11 12:20:16,137] INFO: New best accuracy: 33.04%, model saved.
[2025-06-11 12:20:16,523] INFO: Epoch 5 | Step 1/196 | Loss: 1.6629 | Acc: 35.55%
[2025-06-11 12:20:29,865] INFO: Epoch 5 | Step 101/196 | Loss: 1.6810 | Acc: 33.44%
[2025-06-11 12:20:42,428] INFO: Epoch 5 training completed
[2025-06-11 12:20:43,916] INFO: Test Loss: 1.6636 | Test Acc: 37.42%
[2025-06-11 12:20:44,031] INFO: New best accuracy: 37.42%, model saved.
[2025-06-11 12:20:44,423] INFO: Epoch 6 | Step 1/196 | Loss: 1.6239 | Acc: 37.89%
[2025-06-11 12:20:57,758] INFO: Epoch 6 | Step 101/196 | Loss: 1.5928 | Acc: 37.08%
[2025-06-11 12:21:10,352] INFO: Epoch 6 training completed
[2025-06-11 12:21:11,837] INFO: Test Loss: 1.5716 | Test Acc: 41.10%
[2025-06-11 12:21:11,948] INFO: New best accuracy: 41.10%, model saved.
[2025-06-11 12:21:12,329] INFO: Epoch 7 | Step 1/196 | Loss: 1.4874 | Acc: 40.23%
[2025-06-11 12:21:25,647] INFO: Epoch 7 | Step 101/196 | Loss: 1.5150 | Acc: 40.54%
[2025-06-11 12:21:38,274] INFO: Epoch 7 training completed
[2025-06-11 12:21:39,772] INFO: Test Loss: 1.5068 | Test Acc: 44.01%
[2025-06-11 12:21:39,891] INFO: New best accuracy: 44.01%, model saved.
[2025-06-11 12:21:40,269] INFO: Epoch 8 | Step 1/196 | Loss: 1.4367 | Acc: 43.36%
[2025-06-11 12:21:53,602] INFO: Epoch 8 | Step 101/196 | Loss: 1.4372 | Acc: 44.45%
[2025-06-11 12:22:06,231] INFO: Epoch 8 training completed
[2025-06-11 12:22:07,712] INFO: Test Loss: 1.4339 | Test Acc: 47.40%
[2025-06-11 12:22:07,821] INFO: New best accuracy: 47.40%, model saved.
[2025-06-11 12:22:08,207] INFO: Epoch 9 | Step 1/196 | Loss: 1.3008 | Acc: 51.17%
[2025-06-11 12:22:21,560] INFO: Epoch 9 | Step 101/196 | Loss: 1.3767 | Acc: 47.03%
[2025-06-11 12:22:34,175] INFO: Epoch 9 training completed
[2025-06-11 12:22:35,680] INFO: Test Loss: 1.3541 | Test Acc: 50.52%
[2025-06-11 12:22:35,789] INFO: New best accuracy: 50.52%, model saved.
[2025-06-11 12:22:36,171] INFO: Epoch 10 | Step 1/196 | Loss: 1.2490 | Acc: 52.34%
[2025-06-11 12:22:49,520] INFO: Epoch 10 | Step 101/196 | Loss: 1.3038 | Acc: 50.04%
[2025-06-11 12:23:02,083] INFO: Epoch 10 training completed
[2025-06-11 12:23:03,561] INFO: Test Loss: 1.2969 | Test Acc: 52.81%
[2025-06-11 12:23:03,767] INFO: New best accuracy: 52.81%, model saved.
[2025-06-11 12:23:04,149] INFO: Epoch 11 | Step 1/196 | Loss: 1.2243 | Acc: 52.73%
[2025-06-11 12:23:17,505] INFO: Epoch 11 | Step 101/196 | Loss: 1.2403 | Acc: 52.63%
[2025-06-11 12:23:30,088] INFO: Epoch 11 training completed
[2025-06-11 12:23:31,586] INFO: Test Loss: 1.2537 | Test Acc: 55.21%
[2025-06-11 12:23:31,699] INFO: New best accuracy: 55.21%, model saved.
[2025-06-11 12:23:32,077] INFO: Epoch 12 | Step 1/196 | Loss: 1.1665 | Acc: 55.08%
[2025-06-11 12:23:45,402] INFO: Epoch 12 | Step 101/196 | Loss: 1.1846 | Acc: 54.75%
[2025-06-11 12:23:57,973] INFO: Epoch 12 training completed
[2025-06-11 12:23:59,447] INFO: Test Loss: 1.2292 | Test Acc: 56.14%
[2025-06-11 12:23:59,557] INFO: New best accuracy: 56.14%, model saved.
[2025-06-11 12:23:59,935] INFO: Epoch 13 | Step 1/196 | Loss: 1.0396 | Acc: 60.55%
[2025-06-11 12:24:13,258] INFO: Epoch 13 | Step 101/196 | Loss: 1.1239 | Acc: 57.61%
[2025-06-11 12:24:25,864] INFO: Epoch 13 training completed
[2025-06-11 12:24:27,356] INFO: Test Loss: 1.1496 | Test Acc: 58.78%
[2025-06-11 12:24:27,468] INFO: New best accuracy: 58.78%, model saved.
[2025-06-11 12:24:27,947] INFO: Epoch 14 | Step 1/196 | Loss: 1.0167 | Acc: 59.38%
[2025-06-11 12:24:41,261] INFO: Epoch 14 | Step 101/196 | Loss: 1.0657 | Acc: 59.79%
[2025-06-11 12:24:53,847] INFO: Epoch 14 training completed
[2025-06-11 12:24:55,343] INFO: Test Loss: 1.1127 | Test Acc: 60.52%
[2025-06-11 12:24:55,452] INFO: New best accuracy: 60.52%, model saved.
[2025-06-11 12:24:55,834] INFO: Epoch 15 | Step 1/196 | Loss: 1.0085 | Acc: 59.77%
[2025-06-11 12:25:09,152] INFO: Epoch 15 | Step 101/196 | Loss: 1.0110 | Acc: 61.98%
[2025-06-11 12:25:21,736] INFO: Epoch 15 training completed
[2025-06-11 12:25:23,230] INFO: Test Loss: 1.0666 | Test Acc: 62.31%
[2025-06-11 12:25:23,340] INFO: New best accuracy: 62.31%, model saved.
[2025-06-11 12:25:23,723] INFO: Epoch 16 | Step 1/196 | Loss: 0.8872 | Acc: 66.80%
[2025-06-11 12:25:37,042] INFO: Epoch 16 | Step 101/196 | Loss: 0.9622 | Acc: 63.83%
[2025-06-11 12:25:49,635] INFO: Epoch 16 training completed
[2025-06-11 12:25:51,137] INFO: Test Loss: 1.0019 | Test Acc: 64.80%
[2025-06-11 12:25:51,248] INFO: New best accuracy: 64.80%, model saved.
[2025-06-11 12:25:51,694] INFO: Epoch 17 | Step 1/196 | Loss: 0.8347 | Acc: 70.70%
[2025-06-11 12:26:05,063] INFO: Epoch 17 | Step 101/196 | Loss: 0.9132 | Acc: 65.83%
[2025-06-11 12:26:17,670] INFO: Epoch 17 training completed
[2025-06-11 12:26:19,162] INFO: Test Loss: 0.9340 | Test Acc: 66.82%
[2025-06-11 12:26:19,272] INFO: New best accuracy: 66.82%, model saved.
[2025-06-11 12:26:19,656] INFO: Epoch 18 | Step 1/196 | Loss: 0.7871 | Acc: 71.09%
[2025-06-11 12:26:33,047] INFO: Epoch 18 | Step 101/196 | Loss: 0.8662 | Acc: 67.67%
[2025-06-11 12:26:45,702] INFO: Epoch 18 training completed
[2025-06-11 12:26:47,190] INFO: Test Loss: 0.9174 | Test Acc: 67.53%
[2025-06-11 12:26:47,300] INFO: New best accuracy: 67.53%, model saved.
[2025-06-11 12:26:47,691] INFO: Epoch 19 | Step 1/196 | Loss: 0.7485 | Acc: 70.70%
[2025-06-11 12:27:01,036] INFO: Epoch 19 | Step 101/196 | Loss: 0.8178 | Acc: 69.32%
[2025-06-11 12:27:13,614] INFO: Epoch 19 training completed
[2025-06-11 12:27:15,099] INFO: Test Loss: 0.9152 | Test Acc: 68.20%
[2025-06-11 12:27:15,206] INFO: New best accuracy: 68.20%, model saved.
[2025-06-11 12:27:15,609] INFO: Epoch 20 | Step 1/196 | Loss: 0.7104 | Acc: 71.88%
[2025-06-11 12:27:28,971] INFO: Epoch 20 | Step 101/196 | Loss: 0.7757 | Acc: 70.88%
[2025-06-11 12:27:41,562] INFO: Epoch 20 training completed
[2025-06-11 12:27:43,054] INFO: Test Loss: 0.8385 | Test Acc: 70.33%
[2025-06-11 12:27:43,166] INFO: New best accuracy: 70.33%, model saved.
[2025-06-11 12:27:43,548] INFO: Epoch 21 | Step 1/196 | Loss: 0.7093 | Acc: 74.61%
[2025-06-11 12:27:56,855] INFO: Epoch 21 | Step 101/196 | Loss: 0.7419 | Acc: 72.38%
[2025-06-11 12:28:09,464] INFO: Epoch 21 training completed
[2025-06-11 12:28:10,949] INFO: Test Loss: 0.7837 | Test Acc: 72.81%
[2025-06-11 12:28:11,059] INFO: New best accuracy: 72.81%, model saved.
[2025-06-11 12:28:11,449] INFO: Epoch 22 | Step 1/196 | Loss: 0.6287 | Acc: 77.34%
[2025-06-11 12:28:24,810] INFO: Epoch 22 | Step 101/196 | Loss: 0.7049 | Acc: 73.82%
[2025-06-11 12:28:37,436] INFO: Epoch 22 training completed
[2025-06-11 12:28:38,915] INFO: Test Loss: 0.7699 | Test Acc: 73.39%
[2025-06-11 12:28:39,025] INFO: New best accuracy: 73.39%, model saved.
[2025-06-11 12:28:39,405] INFO: Epoch 23 | Step 1/196 | Loss: 0.6412 | Acc: 75.39%
[2025-06-11 12:28:52,739] INFO: Epoch 23 | Step 101/196 | Loss: 0.6776 | Acc: 74.91%
[2025-06-11 12:29:05,399] INFO: Epoch 23 training completed
[2025-06-11 12:29:06,894] INFO: Test Loss: 0.7914 | Test Acc: 72.48%
[2025-06-11 12:29:07,279] INFO: Epoch 24 | Step 1/196 | Loss: 0.6386 | Acc: 76.95%
[2025-06-11 12:29:20,632] INFO: Epoch 24 | Step 101/196 | Loss: 0.6510 | Acc: 75.91%
[2025-06-11 12:29:33,249] INFO: Epoch 24 training completed
[2025-06-11 12:29:34,733] INFO: Test Loss: 0.7733 | Test Acc: 72.93%
[2025-06-11 12:29:35,129] INFO: Epoch 25 | Step 1/196 | Loss: 0.5542 | Acc: 82.42%
[2025-06-11 12:29:48,451] INFO: Epoch 25 | Step 101/196 | Loss: 0.6279 | Acc: 76.86%
[2025-06-11 12:30:01,078] INFO: Epoch 25 training completed
[2025-06-11 12:30:02,565] INFO: Test Loss: 0.7261 | Test Acc: 74.70%
[2025-06-11 12:30:02,676] INFO: New best accuracy: 74.70%, model saved.
[2025-06-11 12:30:03,062] INFO: Epoch 26 | Step 1/196 | Loss: 0.5380 | Acc: 82.03%
[2025-06-11 12:30:16,437] INFO: Epoch 26 | Step 101/196 | Loss: 0.6007 | Acc: 78.02%
[2025-06-11 12:30:29,008] INFO: Epoch 26 training completed
[2025-06-11 12:30:30,490] INFO: Test Loss: 0.7419 | Test Acc: 74.59%
[2025-06-11 12:30:30,871] INFO: Epoch 27 | Step 1/196 | Loss: 0.5139 | Acc: 81.64%
[2025-06-11 12:30:44,251] INFO: Epoch 27 | Step 101/196 | Loss: 0.5811 | Acc: 78.80%
[2025-06-11 12:30:56,857] INFO: Epoch 27 training completed
[2025-06-11 12:30:58,345] INFO: Test Loss: 0.7057 | Test Acc: 76.58%
[2025-06-11 12:30:58,457] INFO: New best accuracy: 76.58%, model saved.
[2025-06-11 12:30:58,844] INFO: Epoch 28 | Step 1/196 | Loss: 0.5046 | Acc: 83.20%
[2025-06-11 12:31:12,270] INFO: Epoch 28 | Step 101/196 | Loss: 0.5643 | Acc: 79.45%
[2025-06-11 12:31:24,864] INFO: Epoch 28 training completed
[2025-06-11 12:31:26,352] INFO: Test Loss: 0.7270 | Test Acc: 75.35%
[2025-06-11 12:31:26,750] INFO: Epoch 29 | Step 1/196 | Loss: 0.4793 | Acc: 83.59%
[2025-06-11 12:31:40,082] INFO: Epoch 29 | Step 101/196 | Loss: 0.5527 | Acc: 79.94%
[2025-06-11 12:31:52,666] INFO: Epoch 29 training completed
[2025-06-11 12:31:54,158] INFO: Test Loss: 0.7158 | Test Acc: 75.58%
[2025-06-11 12:31:54,550] INFO: Epoch 30 | Step 1/196 | Loss: 0.4263 | Acc: 86.33%
[2025-06-11 12:32:07,893] INFO: Epoch 30 | Step 101/196 | Loss: 0.5405 | Acc: 80.66%
[2025-06-11 12:32:20,472] INFO: Epoch 30 training completed
[2025-06-11 12:32:21,973] INFO: Test Loss: 0.8020 | Test Acc: 72.44%
[2025-06-11 12:32:22,443] INFO: Epoch 31 | Step 1/196 | Loss: 0.4370 | Acc: 87.11%
[2025-06-11 12:32:35,804] INFO: Epoch 31 | Step 101/196 | Loss: 0.5320 | Acc: 80.92%
[2025-06-11 12:32:48,404] INFO: Epoch 31 training completed
[2025-06-11 12:32:49,885] INFO: Test Loss: 0.6585 | Test Acc: 78.43%
[2025-06-11 12:32:49,996] INFO: New best accuracy: 78.43%, model saved.
[2025-06-11 12:32:50,391] INFO: Epoch 32 | Step 1/196 | Loss: 0.4427 | Acc: 85.94%
[2025-06-11 12:33:03,748] INFO: Epoch 32 | Step 101/196 | Loss: 0.5192 | Acc: 81.31%
[2025-06-11 12:33:16,343] INFO: Epoch 32 training completed
[2025-06-11 12:33:17,835] INFO: Test Loss: 0.7333 | Test Acc: 75.37%
[2025-06-11 12:33:18,224] INFO: Epoch 33 | Step 1/196 | Loss: 0.4223 | Acc: 87.11%
[2025-06-11 12:33:31,548] INFO: Epoch 33 | Step 101/196 | Loss: 0.5133 | Acc: 81.88%
[2025-06-11 12:33:44,161] INFO: Epoch 33 training completed
[2025-06-11 12:33:45,645] INFO: Test Loss: 0.7105 | Test Acc: 75.96%
[2025-06-11 12:33:46,029] INFO: Epoch 34 | Step 1/196 | Loss: 0.4253 | Acc: 85.55%
[2025-06-11 12:33:59,341] INFO: Epoch 34 | Step 101/196 | Loss: 0.5139 | Acc: 81.57%
[2025-06-11 12:34:11,937] INFO: Epoch 34 training completed
[2025-06-11 12:34:13,430] INFO: Test Loss: 0.7090 | Test Acc: 75.86%
[2025-06-11 12:34:13,918] INFO: Epoch 35 | Step 1/196 | Loss: 0.4187 | Acc: 85.16%
[2025-06-11 12:34:27,250] INFO: Epoch 35 | Step 101/196 | Loss: 0.5079 | Acc: 81.95%
[2025-06-11 12:34:39,821] INFO: Epoch 35 training completed
[2025-06-11 12:34:41,301] INFO: Test Loss: 0.7029 | Test Acc: 75.54%
[2025-06-11 12:34:41,703] INFO: Epoch 36 | Step 1/196 | Loss: 0.4112 | Acc: 87.11%
[2025-06-11 12:34:55,041] INFO: Epoch 36 | Step 101/196 | Loss: 0.5042 | Acc: 82.34%
[2025-06-11 12:35:07,625] INFO: Epoch 36 training completed
[2025-06-11 12:35:09,128] INFO: Test Loss: 0.6901 | Test Acc: 76.52%
[2025-06-11 12:35:09,522] INFO: Epoch 37 | Step 1/196 | Loss: 0.4291 | Acc: 84.77%
[2025-06-11 12:35:22,845] INFO: Epoch 37 | Step 101/196 | Loss: 0.5092 | Acc: 81.84%
[2025-06-11 12:35:35,424] INFO: Epoch 37 training completed
[2025-06-11 12:35:36,921] INFO: Test Loss: 0.6740 | Test Acc: 77.16%
[2025-06-11 12:35:37,303] INFO: Epoch 38 | Step 1/196 | Loss: 0.4054 | Acc: 85.94%
[2025-06-11 12:35:50,674] INFO: Epoch 38 | Step 101/196 | Loss: 0.5038 | Acc: 82.16%
[2025-06-11 12:36:03,325] INFO: Epoch 38 training completed
[2025-06-11 12:36:04,833] INFO: Test Loss: 0.8471 | Test Acc: 71.36%
[2025-06-11 12:36:05,234] INFO: Epoch 39 | Step 1/196 | Loss: 0.4294 | Acc: 85.94%
[2025-06-11 12:36:18,565] INFO: Epoch 39 | Step 101/196 | Loss: 0.5098 | Acc: 82.11%
[2025-06-11 12:36:31,146] INFO: Epoch 39 training completed
[2025-06-11 12:36:32,634] INFO: Test Loss: 0.8999 | Test Acc: 69.83%
[2025-06-11 12:36:33,032] INFO: Epoch 40 | Step 1/196 | Loss: 0.4709 | Acc: 82.42%
[2025-06-11 12:36:46,361] INFO: Epoch 40 | Step 101/196 | Loss: 0.5038 | Acc: 82.38%
[2025-06-11 12:36:58,967] INFO: Epoch 40 training completed
[2025-06-11 12:37:00,451] INFO: Test Loss: 0.7362 | Test Acc: 75.02%
[2025-06-11 12:37:00,842] INFO: Epoch 41 | Step 1/196 | Loss: 0.4239 | Acc: 85.94%
[2025-06-11 12:37:14,200] INFO: Epoch 41 | Step 101/196 | Loss: 0.5134 | Acc: 82.06%
[2025-06-11 12:37:26,799] INFO: Epoch 41 training completed
[2025-06-11 12:37:28,294] INFO: Test Loss: 0.9646 | Test Acc: 68.41%
[2025-06-11 12:37:28,682] INFO: Epoch 42 | Step 1/196 | Loss: 0.4405 | Acc: 84.77%
[2025-06-11 12:37:42,037] INFO: Epoch 42 | Step 101/196 | Loss: 0.5096 | Acc: 82.46%
[2025-06-11 12:37:54,655] INFO: Epoch 42 training completed
[2025-06-11 12:37:56,138] INFO: Test Loss: 0.7656 | Test Acc: 74.12%
[2025-06-11 12:37:56,561] INFO: Epoch 43 | Step 1/196 | Loss: 0.4754 | Acc: 84.38%
[2025-06-11 12:38:09,922] INFO: Epoch 43 | Step 101/196 | Loss: 0.5114 | Acc: 82.14%
[2025-06-11 12:38:22,507] INFO: Epoch 43 training completed
[2025-06-11 12:38:23,995] INFO: Test Loss: 0.8406 | Test Acc: 72.43%
[2025-06-11 12:38:24,377] INFO: Epoch 44 | Step 1/196 | Loss: 0.4362 | Acc: 85.16%
[2025-06-11 12:38:37,716] INFO: Epoch 44 | Step 101/196 | Loss: 0.5135 | Acc: 82.13%
[2025-06-11 12:38:50,315] INFO: Epoch 44 training completed
[2025-06-11 12:38:51,812] INFO: Test Loss: 0.8264 | Test Acc: 72.23%
[2025-06-11 12:38:52,208] INFO: Epoch 45 | Step 1/196 | Loss: 0.4165 | Acc: 85.16%
[2025-06-11 12:39:05,551] INFO: Epoch 45 | Step 101/196 | Loss: 0.5144 | Acc: 81.98%
[2025-06-11 12:39:18,149] INFO: Epoch 45 training completed
[2025-06-11 12:39:19,637] INFO: Test Loss: 0.8393 | Test Acc: 72.85%
[2025-06-11 12:39:20,117] INFO: Epoch 46 | Step 1/196 | Loss: 0.4678 | Acc: 84.38%
[2025-06-11 12:39:33,441] INFO: Epoch 46 | Step 101/196 | Loss: 0.5087 | Acc: 82.08%
[2025-06-11 12:39:46,020] INFO: Epoch 46 training completed
[2025-06-11 12:39:47,514] INFO: Test Loss: 0.7461 | Test Acc: 74.61%
[2025-06-11 12:39:47,918] INFO: Epoch 47 | Step 1/196 | Loss: 0.4468 | Acc: 84.38%
[2025-06-11 12:40:01,268] INFO: Epoch 47 | Step 101/196 | Loss: 0.5093 | Acc: 82.17%
[2025-06-11 12:40:13,888] INFO: Epoch 47 training completed
[2025-06-11 12:40:15,384] INFO: Test Loss: 1.0426 | Test Acc: 66.21%
[2025-06-11 12:40:15,774] INFO: Epoch 48 | Step 1/196 | Loss: 0.4413 | Acc: 86.33%
[2025-06-11 12:40:29,119] INFO: Epoch 48 | Step 101/196 | Loss: 0.5061 | Acc: 82.14%
[2025-06-11 12:40:41,704] INFO: Epoch 48 training completed
[2025-06-11 12:40:43,186] INFO: Test Loss: 0.8671 | Test Acc: 71.18%
[2025-06-11 12:40:43,559] INFO: Epoch 49 | Step 1/196 | Loss: 0.4694 | Acc: 85.16%
[2025-06-11 12:40:56,879] INFO: Epoch 49 | Step 101/196 | Loss: 0.5045 | Acc: 82.31%
[2025-06-11 12:41:09,475] INFO: Epoch 49 training completed
[2025-06-11 12:41:10,958] INFO: Test Loss: 1.0534 | Test Acc: 65.33%
[2025-06-11 12:41:11,441] INFO: Epoch 50 | Step 1/196 | Loss: 0.3980 | Acc: 84.77%
[2025-06-11 12:41:24,778] INFO: Epoch 50 | Step 101/196 | Loss: 0.5085 | Acc: 82.18%
[2025-06-11 12:41:37,412] INFO: Epoch 50 training completed
[2025-06-11 12:41:38,896] INFO: Test Loss: 1.0237 | Test Acc: 66.56%
[2025-06-11 12:41:39,290] INFO: Epoch 51 | Step 1/196 | Loss: 0.4245 | Acc: 87.11%
[2025-06-11 12:41:52,601] INFO: Epoch 51 | Step 101/196 | Loss: 0.5070 | Acc: 82.47%
[2025-06-11 12:42:05,204] INFO: Epoch 51 training completed
[2025-06-11 12:42:06,708] INFO: Test Loss: 0.8510 | Test Acc: 71.56%
[2025-06-11 12:42:07,101] INFO: Epoch 52 | Step 1/196 | Loss: 0.4044 | Acc: 86.72%
[2025-06-11 12:42:20,415] INFO: Epoch 52 | Step 101/196 | Loss: 0.5079 | Acc: 82.21%
[2025-06-11 12:42:33,039] INFO: Epoch 52 training completed
[2025-06-11 12:42:34,526] INFO: Test Loss: 1.1942 | Test Acc: 62.72%
[2025-06-11 12:42:34,916] INFO: Epoch 53 | Step 1/196 | Loss: 0.5254 | Acc: 82.81%
[2025-06-11 12:42:48,263] INFO: Epoch 53 | Step 101/196 | Loss: 0.5107 | Acc: 82.06%
[2025-06-11 12:43:00,844] INFO: Epoch 53 training completed
[2025-06-11 12:43:02,353] INFO: Test Loss: 1.0473 | Test Acc: 64.33%
[2025-06-11 12:43:02,828] INFO: Epoch 54 | Step 1/196 | Loss: 0.4888 | Acc: 81.64%
[2025-06-11 12:43:16,187] INFO: Epoch 54 | Step 101/196 | Loss: 0.5029 | Acc: 82.10%
[2025-06-11 12:43:28,790] INFO: Epoch 54 training completed
[2025-06-11 12:43:30,276] INFO: Test Loss: 0.7753 | Test Acc: 73.68%
[2025-06-11 12:43:30,663] INFO: Epoch 55 | Step 1/196 | Loss: 0.3977 | Acc: 87.11%
[2025-06-11 12:43:44,029] INFO: Epoch 55 | Step 101/196 | Loss: 0.5005 | Acc: 82.45%
[2025-06-11 12:43:56,610] INFO: Epoch 55 training completed
[2025-06-11 12:43:58,095] INFO: Test Loss: 0.8167 | Test Acc: 72.75%
[2025-06-11 12:43:58,480] INFO: Epoch 56 | Step 1/196 | Loss: 0.4460 | Acc: 84.77%
[2025-06-11 12:44:11,809] INFO: Epoch 56 | Step 101/196 | Loss: 0.5005 | Acc: 82.53%
[2025-06-11 12:44:24,422] INFO: Epoch 56 training completed
[2025-06-11 12:44:25,909] INFO: Test Loss: 0.9056 | Test Acc: 71.39%
[2025-06-11 12:44:26,312] INFO: Epoch 57 | Step 1/196 | Loss: 0.4652 | Acc: 84.77%
[2025-06-11 12:44:39,634] INFO: Epoch 57 | Step 101/196 | Loss: 0.5026 | Acc: 82.33%
[2025-06-11 12:44:52,235] INFO: Epoch 57 training completed
[2025-06-11 12:44:53,729] INFO: Test Loss: 1.1686 | Test Acc: 62.13%
[2025-06-11 12:44:54,202] INFO: Epoch 58 | Step 1/196 | Loss: 0.4372 | Acc: 85.94%
[2025-06-11 12:45:07,528] INFO: Epoch 58 | Step 101/196 | Loss: 0.5103 | Acc: 82.00%
[2025-06-11 12:45:20,111] INFO: Epoch 58 training completed
[2025-06-11 12:45:21,595] INFO: Test Loss: 0.7442 | Test Acc: 74.87%
[2025-06-11 12:45:21,974] INFO: Epoch 59 | Step 1/196 | Loss: 0.4588 | Acc: 83.98%
[2025-06-11 12:45:35,313] INFO: Epoch 59 | Step 101/196 | Loss: 0.5065 | Acc: 82.32%
[2025-06-11 12:45:48,005] INFO: Epoch 59 training completed
[2025-06-11 12:45:49,513] INFO: Test Loss: 0.8708 | Test Acc: 71.81%
[2025-06-11 12:45:49,934] INFO: Epoch 60 | Step 1/196 | Loss: 0.4245 | Acc: 86.33%
[2025-06-11 12:46:03,296] INFO: Epoch 60 | Step 101/196 | Loss: 0.5024 | Acc: 82.48%
[2025-06-11 12:46:15,864] INFO: Epoch 60 training completed
[2025-06-11 12:46:17,351] INFO: Test Loss: 1.2405 | Test Acc: 60.32%
[2025-06-11 12:46:17,741] INFO: Epoch 61 | Step 1/196 | Loss: 0.4166 | Acc: 87.11%
[2025-06-11 12:46:31,073] INFO: Epoch 61 | Step 101/196 | Loss: 0.4992 | Acc: 82.46%
[2025-06-11 12:46:43,674] INFO: Epoch 61 training completed
[2025-06-11 12:46:45,161] INFO: Test Loss: 0.7485 | Test Acc: 76.27%
[2025-06-11 12:46:45,645] INFO: Epoch 62 | Step 1/196 | Loss: 0.4138 | Acc: 85.55%
[2025-06-11 12:46:58,986] INFO: Epoch 62 | Step 101/196 | Loss: 0.5037 | Acc: 82.27%
[2025-06-11 12:47:11,572] INFO: Epoch 62 training completed
[2025-06-11 12:47:13,042] INFO: Test Loss: 0.9170 | Test Acc: 69.77%
[2025-06-11 12:47:13,434] INFO: Epoch 63 | Step 1/196 | Loss: 0.4236 | Acc: 85.55%
[2025-06-11 12:47:26,797] INFO: Epoch 63 | Step 101/196 | Loss: 0.5018 | Acc: 82.36%
[2025-06-11 12:47:39,383] INFO: Epoch 63 training completed
[2025-06-11 12:47:40,888] INFO: Test Loss: 1.0122 | Test Acc: 66.99%
[2025-06-11 12:47:41,297] INFO: Epoch 64 | Step 1/196 | Loss: 0.4477 | Acc: 84.38%
[2025-06-11 12:47:54,600] INFO: Epoch 64 | Step 101/196 | Loss: 0.5022 | Acc: 82.62%
[2025-06-11 12:48:07,170] INFO: Epoch 64 training completed
[2025-06-11 12:48:08,652] INFO: Test Loss: 1.2457 | Test Acc: 63.08%
[2025-06-11 12:48:09,044] INFO: Epoch 65 | Step 1/196 | Loss: 0.4725 | Acc: 83.20%
[2025-06-11 12:48:22,368] INFO: Epoch 65 | Step 101/196 | Loss: 0.4950 | Acc: 82.63%
[2025-06-11 12:48:34,983] INFO: Epoch 65 training completed
[2025-06-11 12:48:36,465] INFO: Test Loss: 0.9560 | Test Acc: 68.15%
[2025-06-11 12:48:36,863] INFO: Epoch 66 | Step 1/196 | Loss: 0.4646 | Acc: 84.77%
[2025-06-11 12:48:50,204] INFO: Epoch 66 | Step 101/196 | Loss: 0.4934 | Acc: 82.93%
[2025-06-11 12:49:02,784] INFO: Epoch 66 training completed
[2025-06-11 12:49:04,272] INFO: Test Loss: 1.0291 | Test Acc: 67.15%
[2025-06-11 12:49:04,666] INFO: Epoch 67 | Step 1/196 | Loss: 0.4051 | Acc: 86.33%
[2025-06-11 12:49:18,016] INFO: Epoch 67 | Step 101/196 | Loss: 0.4922 | Acc: 82.70%
[2025-06-11 12:49:30,631] INFO: Epoch 67 training completed
[2025-06-11 12:49:32,121] INFO: Test Loss: 0.9855 | Test Acc: 66.50%
[2025-06-11 12:49:32,511] INFO: Epoch 68 | Step 1/196 | Loss: 0.4030 | Acc: 86.33%
[2025-06-11 12:49:45,824] INFO: Epoch 68 | Step 101/196 | Loss: 0.4891 | Acc: 83.06%
[2025-06-11 12:49:58,435] INFO: Epoch 68 training completed
[2025-06-11 12:49:59,928] INFO: Test Loss: 0.9167 | Test Acc: 69.34%
[2025-06-11 12:50:00,314] INFO: Epoch 69 | Step 1/196 | Loss: 0.4430 | Acc: 85.16%
[2025-06-11 12:50:13,686] INFO: Epoch 69 | Step 101/196 | Loss: 0.4869 | Acc: 83.10%
[2025-06-11 12:50:26,291] INFO: Epoch 69 training completed
[2025-06-11 12:50:27,777] INFO: Test Loss: 1.2955 | Test Acc: 61.27%
[2025-06-11 12:50:28,175] INFO: Epoch 70 | Step 1/196 | Loss: 0.4246 | Acc: 87.50%
[2025-06-11 12:50:41,509] INFO: Epoch 70 | Step 101/196 | Loss: 0.4827 | Acc: 83.41%
[2025-06-11 12:50:54,148] INFO: Epoch 70 training completed
[2025-06-11 12:50:55,639] INFO: Test Loss: 0.8200 | Test Acc: 72.57%
[2025-06-11 12:50:56,045] INFO: Epoch 71 | Step 1/196 | Loss: 0.4285 | Acc: 84.77%
[2025-06-11 12:51:09,379] INFO: Epoch 71 | Step 101/196 | Loss: 0.4801 | Acc: 83.30%
[2025-06-11 12:51:21,972] INFO: Epoch 71 training completed
[2025-06-11 12:51:23,447] INFO: Test Loss: 0.9280 | Test Acc: 69.43%
[2025-06-11 12:51:23,828] INFO: Epoch 72 | Step 1/196 | Loss: 0.4165 | Acc: 88.67%
[2025-06-11 12:51:37,175] INFO: Epoch 72 | Step 101/196 | Loss: 0.4890 | Acc: 83.35%
[2025-06-11 12:51:49,752] INFO: Epoch 72 training completed
[2025-06-11 12:51:51,235] INFO: Test Loss: 0.9222 | Test Acc: 71.04%
[2025-06-11 12:51:51,730] INFO: Epoch 73 | Step 1/196 | Loss: 0.4172 | Acc: 84.77%
[2025-06-11 12:52:05,057] INFO: Epoch 73 | Step 101/196 | Loss: 0.4813 | Acc: 83.25%
[2025-06-11 12:52:17,658] INFO: Epoch 73 training completed
[2025-06-11 12:52:19,146] INFO: Test Loss: 0.9540 | Test Acc: 68.23%
[2025-06-11 12:52:19,530] INFO: Epoch 74 | Step 1/196 | Loss: 0.4615 | Acc: 86.33%
[2025-06-11 12:52:32,855] INFO: Epoch 74 | Step 101/196 | Loss: 0.4809 | Acc: 83.17%
[2025-06-11 12:52:45,457] INFO: Epoch 74 training completed
[2025-06-11 12:52:46,941] INFO: Test Loss: 1.0120 | Test Acc: 66.09%
[2025-06-11 12:52:47,327] INFO: Epoch 75 | Step 1/196 | Loss: 0.4364 | Acc: 84.77%
[2025-06-11 12:53:00,693] INFO: Epoch 75 | Step 101/196 | Loss: 0.4833 | Acc: 83.23%
[2025-06-11 12:53:13,308] INFO: Epoch 75 training completed
[2025-06-11 12:53:14,794] INFO: Test Loss: 0.7232 | Test Acc: 77.24%
[2025-06-11 12:53:15,198] INFO: Epoch 76 | Step 1/196 | Loss: 0.4207 | Acc: 85.16%
[2025-06-11 12:53:28,512] INFO: Epoch 76 | Step 101/196 | Loss: 0.4835 | Acc: 83.26%
[2025-06-11 12:53:41,141] INFO: Epoch 76 training completed
[2025-06-11 12:53:42,615] INFO: Test Loss: 1.0249 | Test Acc: 66.99%
[2025-06-11 12:53:43,011] INFO: Epoch 77 | Step 1/196 | Loss: 0.3549 | Acc: 87.89%
[2025-06-11 12:53:56,411] INFO: Epoch 77 | Step 101/196 | Loss: 0.4738 | Acc: 83.62%
[2025-06-11 12:54:09,003] INFO: Epoch 77 training completed
[2025-06-11 12:54:10,492] INFO: Test Loss: 0.9781 | Test Acc: 68.58%
[2025-06-11 12:54:10,893] INFO: Epoch 78 | Step 1/196 | Loss: 0.4161 | Acc: 85.55%
[2025-06-11 12:54:24,221] INFO: Epoch 78 | Step 101/196 | Loss: 0.4745 | Acc: 83.55%
[2025-06-11 12:54:36,793] INFO: Epoch 78 training completed
[2025-06-11 12:54:38,285] INFO: Test Loss: 0.9068 | Test Acc: 71.69%
[2025-06-11 12:54:38,675] INFO: Epoch 79 | Step 1/196 | Loss: 0.4844 | Acc: 83.98%
[2025-06-11 12:54:52,020] INFO: Epoch 79 | Step 101/196 | Loss: 0.4778 | Acc: 83.05%
[2025-06-11 12:55:04,617] INFO: Epoch 79 training completed
[2025-06-11 12:55:06,101] INFO: Test Loss: 0.7353 | Test Acc: 76.49%
[2025-06-11 12:55:06,506] INFO: Epoch 80 | Step 1/196 | Loss: 0.4011 | Acc: 88.28%
[2025-06-11 12:55:19,831] INFO: Epoch 80 | Step 101/196 | Loss: 0.4750 | Acc: 83.58%
[2025-06-11 12:55:32,416] INFO: Epoch 80 training completed
[2025-06-11 12:55:33,906] INFO: Test Loss: 1.0310 | Test Acc: 65.72%
[2025-06-11 12:55:34,376] INFO: Epoch 81 | Step 1/196 | Loss: 0.4026 | Acc: 86.33%
[2025-06-11 12:55:47,691] INFO: Epoch 81 | Step 101/196 | Loss: 0.4747 | Acc: 83.69%
[2025-06-11 12:56:00,297] INFO: Epoch 81 training completed
[2025-06-11 12:56:01,789] INFO: Test Loss: 0.9193 | Test Acc: 68.65%
[2025-06-11 12:56:02,168] INFO: Epoch 82 | Step 1/196 | Loss: 0.3888 | Acc: 87.50%
[2025-06-11 12:56:15,542] INFO: Epoch 82 | Step 101/196 | Loss: 0.4697 | Acc: 83.80%
[2025-06-11 12:56:28,136] INFO: Epoch 82 training completed
[2025-06-11 12:56:29,619] INFO: Test Loss: 0.9006 | Test Acc: 70.63%
[2025-06-11 12:56:30,006] INFO: Epoch 83 | Step 1/196 | Loss: 0.4273 | Acc: 86.72%
[2025-06-11 12:56:43,410] INFO: Epoch 83 | Step 101/196 | Loss: 0.4744 | Acc: 83.53%
[2025-06-11 12:56:55,993] INFO: Epoch 83 training completed
[2025-06-11 12:56:57,475] INFO: Test Loss: 0.8866 | Test Acc: 69.50%
[2025-06-11 12:56:57,873] INFO: Epoch 84 | Step 1/196 | Loss: 0.3805 | Acc: 87.11%
[2025-06-11 12:57:11,209] INFO: Epoch 84 | Step 101/196 | Loss: 0.4663 | Acc: 83.91%
[2025-06-11 12:57:23,845] INFO: Epoch 84 training completed
[2025-06-11 12:57:25,329] INFO: Test Loss: 0.8312 | Test Acc: 72.06%
[2025-06-11 12:57:25,715] INFO: Epoch 85 | Step 1/196 | Loss: 0.4126 | Acc: 85.94%
[2025-06-11 12:57:39,020] INFO: Epoch 85 | Step 101/196 | Loss: 0.4636 | Acc: 84.03%
[2025-06-11 12:57:51,624] INFO: Epoch 85 training completed
[2025-06-11 12:57:53,124] INFO: Test Loss: 0.9535 | Test Acc: 70.00%
[2025-06-11 12:57:53,514] INFO: Epoch 86 | Step 1/196 | Loss: 0.3900 | Acc: 86.72%
[2025-06-11 12:58:06,879] INFO: Epoch 86 | Step 101/196 | Loss: 0.4619 | Acc: 84.10%
[2025-06-11 12:58:19,498] INFO: Epoch 86 training completed
[2025-06-11 12:58:20,987] INFO: Test Loss: 0.8377 | Test Acc: 72.72%
[2025-06-11 12:58:21,373] INFO: Epoch 87 | Step 1/196 | Loss: 0.4203 | Acc: 85.16%
[2025-06-11 12:58:34,731] INFO: Epoch 87 | Step 101/196 | Loss: 0.4672 | Acc: 83.90%
[2025-06-11 12:58:47,360] INFO: Epoch 87 training completed
[2025-06-11 12:58:48,845] INFO: Test Loss: 1.0575 | Test Acc: 65.41%
[2025-06-11 12:58:49,239] INFO: Epoch 88 | Step 1/196 | Loss: 0.3724 | Acc: 87.11%
[2025-06-11 12:59:02,608] INFO: Epoch 88 | Step 101/196 | Loss: 0.4677 | Acc: 83.80%
[2025-06-11 12:59:15,244] INFO: Epoch 88 training completed
[2025-06-11 12:59:16,723] INFO: Test Loss: 0.8305 | Test Acc: 72.60%
[2025-06-11 12:59:17,109] INFO: Epoch 89 | Step 1/196 | Loss: 0.4358 | Acc: 85.94%
[2025-06-11 12:59:30,468] INFO: Epoch 89 | Step 101/196 | Loss: 0.4606 | Acc: 83.87%
[2025-06-11 12:59:43,098] INFO: Epoch 89 training completed
[2025-06-11 12:59:44,580] INFO: Test Loss: 0.7916 | Test Acc: 73.60%
[2025-06-11 12:59:44,958] INFO: Epoch 90 | Step 1/196 | Loss: 0.4104 | Acc: 88.28%
[2025-06-11 12:59:58,292] INFO: Epoch 90 | Step 101/196 | Loss: 0.4591 | Acc: 84.08%
[2025-06-11 13:00:10,905] INFO: Epoch 90 training completed
[2025-06-11 13:00:12,397] INFO: Test Loss: 0.8249 | Test Acc: 72.47%
[2025-06-11 13:00:12,783] INFO: Epoch 91 | Step 1/196 | Loss: 0.3926 | Acc: 87.50%
[2025-06-11 13:00:26,113] INFO: Epoch 91 | Step 101/196 | Loss: 0.4504 | Acc: 84.62%
[2025-06-11 13:00:38,689] INFO: Epoch 91 training completed
[2025-06-11 13:00:40,172] INFO: Test Loss: 0.8541 | Test Acc: 72.07%
[2025-06-11 13:00:40,579] INFO: Epoch 92 | Step 1/196 | Loss: 0.3634 | Acc: 87.50%
[2025-06-11 13:00:53,932] INFO: Epoch 92 | Step 101/196 | Loss: 0.4543 | Acc: 84.25%
[2025-06-11 13:01:06,514] INFO: Epoch 92 training completed
[2025-06-11 13:01:07,998] INFO: Test Loss: 1.0390 | Test Acc: 66.28%
[2025-06-11 13:01:08,389] INFO: Epoch 93 | Step 1/196 | Loss: 0.3568 | Acc: 89.06%
[2025-06-11 13:01:21,765] INFO: Epoch 93 | Step 101/196 | Loss: 0.4516 | Acc: 84.51%
[2025-06-11 13:01:34,367] INFO: Epoch 93 training completed
[2025-06-11 13:01:35,867] INFO: Test Loss: 0.8635 | Test Acc: 71.12%
[2025-06-11 13:01:36,269] INFO: Epoch 94 | Step 1/196 | Loss: 0.3907 | Acc: 86.72%
[2025-06-11 13:01:49,624] INFO: Epoch 94 | Step 101/196 | Loss: 0.4535 | Acc: 84.30%
[2025-06-11 13:02:02,213] INFO: Epoch 94 training completed
[2025-06-11 13:02:03,701] INFO: Test Loss: 0.8552 | Test Acc: 72.04%
[2025-06-11 13:02:04,098] INFO: Epoch 95 | Step 1/196 | Loss: 0.4458 | Acc: 85.55%
[2025-06-11 13:02:17,447] INFO: Epoch 95 | Step 101/196 | Loss: 0.4572 | Acc: 84.25%
[2025-06-11 13:02:30,052] INFO: Epoch 95 training completed
[2025-06-11 13:02:31,523] INFO: Test Loss: 0.8172 | Test Acc: 73.08%
[2025-06-11 13:02:32,003] INFO: Epoch 96 | Step 1/196 | Loss: 0.3744 | Acc: 87.89%
[2025-06-11 13:02:45,333] INFO: Epoch 96 | Step 101/196 | Loss: 0.4458 | Acc: 84.67%
[2025-06-11 13:02:57,957] INFO: Epoch 96 training completed
[2025-06-11 13:02:59,451] INFO: Test Loss: 0.7014 | Test Acc: 76.91%
[2025-06-11 13:02:59,839] INFO: Epoch 97 | Step 1/196 | Loss: 0.4395 | Acc: 83.59%
[2025-06-11 13:03:13,169] INFO: Epoch 97 | Step 101/196 | Loss: 0.4456 | Acc: 84.41%
[2025-06-11 13:03:25,772] INFO: Epoch 97 training completed
[2025-06-11 13:03:27,265] INFO: Test Loss: 0.7302 | Test Acc: 75.62%
[2025-06-11 13:03:27,668] INFO: Epoch 98 | Step 1/196 | Loss: 0.4115 | Acc: 85.94%
[2025-06-11 13:03:40,985] INFO: Epoch 98 | Step 101/196 | Loss: 0.4407 | Acc: 84.77%
[2025-06-11 13:03:53,593] INFO: Epoch 98 training completed
[2025-06-11 13:03:55,073] INFO: Test Loss: 0.7324 | Test Acc: 76.66%
[2025-06-11 13:03:55,470] INFO: Epoch 99 | Step 1/196 | Loss: 0.4272 | Acc: 84.77%
[2025-06-11 13:04:08,839] INFO: Epoch 99 | Step 101/196 | Loss: 0.4388 | Acc: 85.04%
[2025-06-11 13:04:21,451] INFO: Epoch 99 training completed
[2025-06-11 13:04:22,935] INFO: Test Loss: 0.7914 | Test Acc: 74.02%
[2025-06-11 13:04:23,411] INFO: Epoch 100 | Step 1/196 | Loss: 0.4262 | Acc: 83.20%
[2025-06-11 13:04:36,737] INFO: Epoch 100 | Step 101/196 | Loss: 0.4422 | Acc: 84.65%
[2025-06-11 13:04:49,367] INFO: Epoch 100 training completed
[2025-06-11 13:04:50,845] INFO: Test Loss: 0.7860 | Test Acc: 74.89%
[2025-06-11 13:04:51,239] INFO: Epoch 101 | Step 1/196 | Loss: 0.3652 | Acc: 87.50%
[2025-06-11 13:05:04,574] INFO: Epoch 101 | Step 101/196 | Loss: 0.4371 | Acc: 84.89%
[2025-06-11 13:05:17,168] INFO: Epoch 101 training completed
[2025-06-11 13:05:18,642] INFO: Test Loss: 0.8715 | Test Acc: 71.43%
[2025-06-11 13:05:19,037] INFO: Epoch 102 | Step 1/196 | Loss: 0.4094 | Acc: 87.89%
[2025-06-11 13:05:32,355] INFO: Epoch 102 | Step 101/196 | Loss: 0.4325 | Acc: 85.36%
[2025-06-11 13:05:44,988] INFO: Epoch 102 training completed
[2025-06-11 13:05:46,473] INFO: Test Loss: 0.9218 | Test Acc: 71.11%
[2025-06-11 13:05:46,867] INFO: Epoch 103 | Step 1/196 | Loss: 0.3971 | Acc: 87.50%
[2025-06-11 13:06:00,229] INFO: Epoch 103 | Step 101/196 | Loss: 0.4455 | Acc: 84.53%
[2025-06-11 13:06:12,807] INFO: Epoch 103 training completed
[2025-06-11 13:06:14,298] INFO: Test Loss: 0.7433 | Test Acc: 75.57%
[2025-06-11 13:06:14,790] INFO: Epoch 104 | Step 1/196 | Loss: 0.3553 | Acc: 88.67%
[2025-06-11 13:06:28,125] INFO: Epoch 104 | Step 101/196 | Loss: 0.4343 | Acc: 84.92%
[2025-06-11 13:06:40,774] INFO: Epoch 104 training completed
[2025-06-11 13:06:42,252] INFO: Test Loss: 0.9590 | Test Acc: 69.09%
[2025-06-11 13:06:42,645] INFO: Epoch 105 | Step 1/196 | Loss: 0.4101 | Acc: 85.16%
[2025-06-11 13:06:56,029] INFO: Epoch 105 | Step 101/196 | Loss: 0.4285 | Acc: 85.08%
[2025-06-11 13:07:08,661] INFO: Epoch 105 training completed
[2025-06-11 13:07:10,158] INFO: Test Loss: 0.7776 | Test Acc: 74.81%
[2025-06-11 13:07:10,545] INFO: Epoch 106 | Step 1/196 | Loss: 0.3249 | Acc: 89.06%
[2025-06-11 13:07:23,875] INFO: Epoch 106 | Step 101/196 | Loss: 0.4284 | Acc: 85.33%
[2025-06-11 13:07:36,471] INFO: Epoch 106 training completed
[2025-06-11 13:07:37,962] INFO: Test Loss: 0.8613 | Test Acc: 71.30%
[2025-06-11 13:07:38,342] INFO: Epoch 107 | Step 1/196 | Loss: 0.3568 | Acc: 88.67%
[2025-06-11 13:07:51,710] INFO: Epoch 107 | Step 101/196 | Loss: 0.4269 | Acc: 85.31%
[2025-06-11 13:08:04,330] INFO: Epoch 107 training completed
[2025-06-11 13:08:05,811] INFO: Test Loss: 0.8118 | Test Acc: 72.80%
[2025-06-11 13:08:06,208] INFO: Epoch 108 | Step 1/196 | Loss: 0.3349 | Acc: 87.50%
[2025-06-11 13:08:19,520] INFO: Epoch 108 | Step 101/196 | Loss: 0.4237 | Acc: 85.62%
[2025-06-11 13:08:32,102] INFO: Epoch 108 training completed
[2025-06-11 13:08:33,597] INFO: Test Loss: 0.7108 | Test Acc: 76.58%
[2025-06-11 13:08:33,982] INFO: Epoch 109 | Step 1/196 | Loss: 0.3535 | Acc: 89.45%
[2025-06-11 13:08:47,331] INFO: Epoch 109 | Step 101/196 | Loss: 0.4182 | Acc: 85.39%
[2025-06-11 13:08:59,954] INFO: Epoch 109 training completed
[2025-06-11 13:09:01,439] INFO: Test Loss: 0.9350 | Test Acc: 69.83%
[2025-06-11 13:09:01,834] INFO: Epoch 110 | Step 1/196 | Loss: 0.3595 | Acc: 87.89%
[2025-06-11 13:09:15,216] INFO: Epoch 110 | Step 101/196 | Loss: 0.4188 | Acc: 85.54%
[2025-06-11 13:09:27,818] INFO: Epoch 110 training completed
[2025-06-11 13:09:29,287] INFO: Test Loss: 0.7850 | Test Acc: 74.31%
[2025-06-11 13:09:29,675] INFO: Epoch 111 | Step 1/196 | Loss: 0.3529 | Acc: 89.06%
[2025-06-11 13:09:42,998] INFO: Epoch 111 | Step 101/196 | Loss: 0.4208 | Acc: 85.45%
[2025-06-11 13:09:55,630] INFO: Epoch 111 training completed
[2025-06-11 13:09:57,109] INFO: Test Loss: 0.8580 | Test Acc: 72.62%
[2025-06-11 13:09:57,506] INFO: Epoch 112 | Step 1/196 | Loss: 0.3610 | Acc: 89.06%
[2025-06-11 13:10:10,857] INFO: Epoch 112 | Step 101/196 | Loss: 0.4156 | Acc: 85.78%
[2025-06-11 13:10:23,450] INFO: Epoch 112 training completed
[2025-06-11 13:10:24,953] INFO: Test Loss: 0.8869 | Test Acc: 70.78%
[2025-06-11 13:10:25,341] INFO: Epoch 113 | Step 1/196 | Loss: 0.3527 | Acc: 89.06%
[2025-06-11 13:10:38,679] INFO: Epoch 113 | Step 101/196 | Loss: 0.4137 | Acc: 85.58%
[2025-06-11 13:10:51,289] INFO: Epoch 113 training completed
[2025-06-11 13:10:52,771] INFO: Test Loss: 0.6852 | Test Acc: 78.06%
[2025-06-11 13:10:53,168] INFO: Epoch 114 | Step 1/196 | Loss: 0.3412 | Acc: 89.06%
[2025-06-11 13:11:06,564] INFO: Epoch 114 | Step 101/196 | Loss: 0.4069 | Acc: 85.98%
[2025-06-11 13:11:19,183] INFO: Epoch 114 training completed
[2025-06-11 13:11:20,666] INFO: Test Loss: 0.8002 | Test Acc: 74.10%
[2025-06-11 13:11:21,167] INFO: Epoch 115 | Step 1/196 | Loss: 0.4254 | Acc: 85.55%
[2025-06-11 13:11:34,513] INFO: Epoch 115 | Step 101/196 | Loss: 0.4098 | Acc: 85.75%
[2025-06-11 13:11:47,149] INFO: Epoch 115 training completed
[2025-06-11 13:11:48,628] INFO: Test Loss: 0.7069 | Test Acc: 77.48%
[2025-06-11 13:11:49,017] INFO: Epoch 116 | Step 1/196 | Loss: 0.3853 | Acc: 88.28%
[2025-06-11 13:12:02,357] INFO: Epoch 116 | Step 101/196 | Loss: 0.4065 | Acc: 86.01%
[2025-06-11 13:12:14,952] INFO: Epoch 116 training completed
[2025-06-11 13:12:16,426] INFO: Test Loss: 0.6603 | Test Acc: 78.85%
[2025-06-11 13:12:16,537] INFO: New best accuracy: 78.85%, model saved.
[2025-06-11 13:12:16,920] INFO: Epoch 117 | Step 1/196 | Loss: 0.3455 | Acc: 85.94%
[2025-06-11 13:12:30,260] INFO: Epoch 117 | Step 101/196 | Loss: 0.4054 | Acc: 86.20%
[2025-06-11 13:12:42,846] INFO: Epoch 117 training completed
[2025-06-11 13:12:44,341] INFO: Test Loss: 0.8882 | Test Acc: 71.54%
[2025-06-11 13:12:44,729] INFO: Epoch 118 | Step 1/196 | Loss: 0.3632 | Acc: 88.67%
[2025-06-11 13:12:58,079] INFO: Epoch 118 | Step 101/196 | Loss: 0.4022 | Acc: 86.14%
[2025-06-11 13:13:10,753] INFO: Epoch 118 training completed
[2025-06-11 13:13:12,259] INFO: Test Loss: 0.7032 | Test Acc: 77.12%
[2025-06-11 13:13:12,655] INFO: Epoch 119 | Step 1/196 | Loss: 0.3225 | Acc: 89.06%
[2025-06-11 13:13:25,985] INFO: Epoch 119 | Step 101/196 | Loss: 0.3947 | Acc: 86.56%
[2025-06-11 13:13:38,556] INFO: Epoch 119 training completed
[2025-06-11 13:13:40,048] INFO: Test Loss: 0.7394 | Test Acc: 76.12%
[2025-06-11 13:13:40,433] INFO: Epoch 120 | Step 1/196 | Loss: 0.3369 | Acc: 89.06%
[2025-06-11 13:13:53,762] INFO: Epoch 120 | Step 101/196 | Loss: 0.3989 | Acc: 86.31%
[2025-06-11 13:14:06,378] INFO: Epoch 120 training completed
[2025-06-11 13:14:07,857] INFO: Test Loss: 0.7667 | Test Acc: 75.17%
[2025-06-11 13:14:08,242] INFO: Epoch 121 | Step 1/196 | Loss: 0.3604 | Acc: 85.94%
[2025-06-11 13:14:21,611] INFO: Epoch 121 | Step 101/196 | Loss: 0.3971 | Acc: 86.20%
[2025-06-11 13:14:34,212] INFO: Epoch 121 training completed
[2025-06-11 13:14:35,701] INFO: Test Loss: 0.5996 | Test Acc: 80.32%
[2025-06-11 13:14:35,821] INFO: New best accuracy: 80.32%, model saved.
[2025-06-11 13:14:36,217] INFO: Epoch 122 | Step 1/196 | Loss: 0.3420 | Acc: 86.72%
[2025-06-11 13:14:49,569] INFO: Epoch 122 | Step 101/196 | Loss: 0.3962 | Acc: 86.51%
[2025-06-11 13:15:02,193] INFO: Epoch 122 training completed
[2025-06-11 13:15:03,667] INFO: Test Loss: 0.7179 | Test Acc: 76.84%
[2025-06-11 13:15:04,073] INFO: Epoch 123 | Step 1/196 | Loss: 0.3735 | Acc: 88.67%
[2025-06-11 13:15:17,400] INFO: Epoch 123 | Step 101/196 | Loss: 0.3855 | Acc: 86.82%
[2025-06-11 13:15:30,027] INFO: Epoch 123 training completed
[2025-06-11 13:15:31,513] INFO: Test Loss: 0.6732 | Test Acc: 78.41%
[2025-06-11 13:15:31,919] INFO: Epoch 124 | Step 1/196 | Loss: 0.3212 | Acc: 89.06%
[2025-06-11 13:15:45,235] INFO: Epoch 124 | Step 101/196 | Loss: 0.3900 | Acc: 86.53%
[2025-06-11 13:15:57,818] INFO: Epoch 124 training completed
[2025-06-11 13:15:59,305] INFO: Test Loss: 0.6854 | Test Acc: 77.62%
[2025-06-11 13:15:59,697] INFO: Epoch 125 | Step 1/196 | Loss: 0.3475 | Acc: 87.89%
[2025-06-11 13:16:13,017] INFO: Epoch 125 | Step 101/196 | Loss: 0.3833 | Acc: 86.86%
[2025-06-11 13:16:25,594] INFO: Epoch 125 training completed
[2025-06-11 13:16:27,072] INFO: Test Loss: 0.5705 | Test Acc: 81.51%
[2025-06-11 13:16:27,181] INFO: New best accuracy: 81.51%, model saved.
[2025-06-11 13:16:27,623] INFO: Epoch 126 | Step 1/196 | Loss: 0.3182 | Acc: 91.02%
[2025-06-11 13:16:40,988] INFO: Epoch 126 | Step 101/196 | Loss: 0.3856 | Acc: 86.92%
[2025-06-11 13:16:53,598] INFO: Epoch 126 training completed
[2025-06-11 13:16:55,083] INFO: Test Loss: 0.5885 | Test Acc: 80.94%
[2025-06-11 13:16:55,476] INFO: Epoch 127 | Step 1/196 | Loss: 0.3128 | Acc: 91.41%
[2025-06-11 13:17:08,825] INFO: Epoch 127 | Step 101/196 | Loss: 0.3720 | Acc: 87.10%
[2025-06-11 13:17:21,422] INFO: Epoch 127 training completed
[2025-06-11 13:17:22,920] INFO: Test Loss: 0.6356 | Test Acc: 79.19%
[2025-06-11 13:17:23,308] INFO: Epoch 128 | Step 1/196 | Loss: 0.3436 | Acc: 88.28%
[2025-06-11 13:17:36,667] INFO: Epoch 128 | Step 101/196 | Loss: 0.3808 | Acc: 86.90%
[2025-06-11 13:17:49,274] INFO: Epoch 128 training completed
[2025-06-11 13:17:50,760] INFO: Test Loss: 0.6787 | Test Acc: 78.76%
[2025-06-11 13:17:51,156] INFO: Epoch 129 | Step 1/196 | Loss: 0.2942 | Acc: 91.02%
[2025-06-11 13:18:04,485] INFO: Epoch 129 | Step 101/196 | Loss: 0.3706 | Acc: 87.52%
[2025-06-11 13:18:17,069] INFO: Epoch 129 training completed
[2025-06-11 13:18:18,556] INFO: Test Loss: 0.8101 | Test Acc: 75.11%
[2025-06-11 13:18:19,033] INFO: Epoch 130 | Step 1/196 | Loss: 0.2748 | Acc: 90.23%
[2025-06-11 13:18:32,350] INFO: Epoch 130 | Step 101/196 | Loss: 0.3640 | Acc: 87.58%
[2025-06-11 13:18:44,952] INFO: Epoch 130 training completed
[2025-06-11 13:18:46,440] INFO: Test Loss: 0.5565 | Test Acc: 82.81%
[2025-06-11 13:18:46,550] INFO: New best accuracy: 82.81%, model saved.
[2025-06-11 13:18:46,956] INFO: Epoch 131 | Step 1/196 | Loss: 0.2623 | Acc: 89.84%
[2025-06-11 13:19:00,302] INFO: Epoch 131 | Step 101/196 | Loss: 0.3670 | Acc: 87.37%
[2025-06-11 13:19:12,936] INFO: Epoch 131 training completed
[2025-06-11 13:19:14,426] INFO: Test Loss: 0.7787 | Test Acc: 76.26%
[2025-06-11 13:19:14,816] INFO: Epoch 132 | Step 1/196 | Loss: 0.2870 | Acc: 89.84%
[2025-06-11 13:19:28,219] INFO: Epoch 132 | Step 101/196 | Loss: 0.3674 | Acc: 87.50%
[2025-06-11 13:19:40,828] INFO: Epoch 132 training completed
[2025-06-11 13:19:42,310] INFO: Test Loss: 0.5758 | Test Acc: 81.65%
[2025-06-11 13:19:42,704] INFO: Epoch 133 | Step 1/196 | Loss: 0.2663 | Acc: 91.02%
[2025-06-11 13:19:56,049] INFO: Epoch 133 | Step 101/196 | Loss: 0.3601 | Acc: 87.73%
[2025-06-11 13:20:08,674] INFO: Epoch 133 training completed
[2025-06-11 13:20:10,163] INFO: Test Loss: 0.6433 | Test Acc: 78.84%
[2025-06-11 13:20:10,556] INFO: Epoch 134 | Step 1/196 | Loss: 0.2960 | Acc: 89.84%
[2025-06-11 13:20:23,908] INFO: Epoch 134 | Step 101/196 | Loss: 0.3537 | Acc: 88.01%
[2025-06-11 13:20:36,539] INFO: Epoch 134 training completed
[2025-06-11 13:20:38,025] INFO: Test Loss: 0.5329 | Test Acc: 83.25%
[2025-06-11 13:20:38,134] INFO: New best accuracy: 83.25%, model saved.
[2025-06-11 13:20:38,516] INFO: Epoch 135 | Step 1/196 | Loss: 0.3002 | Acc: 89.84%
[2025-06-11 13:20:51,898] INFO: Epoch 135 | Step 101/196 | Loss: 0.3524 | Acc: 88.00%
[2025-06-11 13:21:04,513] INFO: Epoch 135 training completed
[2025-06-11 13:21:05,992] INFO: Test Loss: 0.5645 | Test Acc: 82.08%
[2025-06-11 13:21:06,393] INFO: Epoch 136 | Step 1/196 | Loss: 0.2331 | Acc: 91.80%
[2025-06-11 13:21:19,767] INFO: Epoch 136 | Step 101/196 | Loss: 0.3422 | Acc: 88.44%
[2025-06-11 13:21:32,356] INFO: Epoch 136 training completed
[2025-06-11 13:21:33,832] INFO: Test Loss: 0.5428 | Test Acc: 82.43%
[2025-06-11 13:21:34,244] INFO: Epoch 137 | Step 1/196 | Loss: 0.3282 | Acc: 91.02%
[2025-06-11 13:21:47,627] INFO: Epoch 137 | Step 101/196 | Loss: 0.3442 | Acc: 88.29%
[2025-06-11 13:22:00,241] INFO: Epoch 137 training completed
[2025-06-11 13:22:01,731] INFO: Test Loss: 0.6258 | Test Acc: 80.23%
[2025-06-11 13:22:02,128] INFO: Epoch 138 | Step 1/196 | Loss: 0.3013 | Acc: 91.02%
[2025-06-11 13:22:15,468] INFO: Epoch 138 | Step 101/196 | Loss: 0.3467 | Acc: 88.25%
[2025-06-11 13:22:28,067] INFO: Epoch 138 training completed
[2025-06-11 13:22:29,554] INFO: Test Loss: 0.4893 | Test Acc: 84.63%
[2025-06-11 13:22:29,665] INFO: New best accuracy: 84.63%, model saved.
[2025-06-11 13:22:30,047] INFO: Epoch 139 | Step 1/196 | Loss: 0.2957 | Acc: 92.58%
[2025-06-11 13:22:43,361] INFO: Epoch 139 | Step 101/196 | Loss: 0.3377 | Acc: 88.44%
[2025-06-11 13:22:55,988] INFO: Epoch 139 training completed
[2025-06-11 13:22:57,478] INFO: Test Loss: 0.6787 | Test Acc: 77.79%
[2025-06-11 13:22:57,874] INFO: Epoch 140 | Step 1/196 | Loss: 0.2984 | Acc: 88.67%
[2025-06-11 13:23:11,160] INFO: Epoch 140 | Step 101/196 | Loss: 0.3358 | Acc: 88.53%
[2025-06-11 13:23:23,769] INFO: Epoch 140 training completed
[2025-06-11 13:23:25,256] INFO: Test Loss: 0.4936 | Test Acc: 84.18%
[2025-06-11 13:23:25,738] INFO: Epoch 141 | Step 1/196 | Loss: 0.2982 | Acc: 89.06%
[2025-06-11 13:23:39,052] INFO: Epoch 141 | Step 101/196 | Loss: 0.3333 | Acc: 88.62%
[2025-06-11 13:23:51,657] INFO: Epoch 141 training completed
[2025-06-11 13:23:53,149] INFO: Test Loss: 0.5605 | Test Acc: 82.64%
[2025-06-11 13:23:53,555] INFO: Epoch 142 | Step 1/196 | Loss: 0.2746 | Acc: 91.02%
[2025-06-11 13:24:06,872] INFO: Epoch 142 | Step 101/196 | Loss: 0.3212 | Acc: 89.16%
[2025-06-11 13:24:19,482] INFO: Epoch 142 training completed
[2025-06-11 13:24:20,967] INFO: Test Loss: 0.5663 | Test Acc: 81.86%
[2025-06-11 13:24:21,358] INFO: Epoch 143 | Step 1/196 | Loss: 0.2762 | Acc: 89.45%
[2025-06-11 13:24:34,738] INFO: Epoch 143 | Step 101/196 | Loss: 0.3254 | Acc: 89.05%
[2025-06-11 13:24:47,364] INFO: Epoch 143 training completed
[2025-06-11 13:24:48,848] INFO: Test Loss: 0.5463 | Test Acc: 82.33%
[2025-06-11 13:24:49,243] INFO: Epoch 144 | Step 1/196 | Loss: 0.2319 | Acc: 94.14%
[2025-06-11 13:25:02,588] INFO: Epoch 144 | Step 101/196 | Loss: 0.3147 | Acc: 89.31%
[2025-06-11 13:25:15,226] INFO: Epoch 144 training completed
[2025-06-11 13:25:16,704] INFO: Test Loss: 0.6144 | Test Acc: 80.28%
[2025-06-11 13:25:17,097] INFO: Epoch 145 | Step 1/196 | Loss: 0.2677 | Acc: 89.84%
[2025-06-11 13:25:30,429] INFO: Epoch 145 | Step 101/196 | Loss: 0.3086 | Acc: 89.63%
[2025-06-11 13:25:43,025] INFO: Epoch 145 training completed
[2025-06-11 13:25:44,520] INFO: Test Loss: 0.5562 | Test Acc: 83.12%
[2025-06-11 13:25:44,905] INFO: Epoch 146 | Step 1/196 | Loss: 0.2349 | Acc: 93.36%
[2025-06-11 13:25:58,241] INFO: Epoch 146 | Step 101/196 | Loss: 0.3178 | Acc: 89.24%
[2025-06-11 13:26:10,850] INFO: Epoch 146 training completed
[2025-06-11 13:26:12,326] INFO: Test Loss: 0.5106 | Test Acc: 83.72%
[2025-06-11 13:26:12,715] INFO: Epoch 147 | Step 1/196 | Loss: 0.2604 | Acc: 90.23%
[2025-06-11 13:26:26,087] INFO: Epoch 147 | Step 101/196 | Loss: 0.3042 | Acc: 89.86%
[2025-06-11 13:26:38,711] INFO: Epoch 147 training completed
[2025-06-11 13:26:40,198] INFO: Test Loss: 0.5194 | Test Acc: 83.10%
[2025-06-11 13:26:40,602] INFO: Epoch 148 | Step 1/196 | Loss: 0.2530 | Acc: 92.58%
[2025-06-11 13:26:54,021] INFO: Epoch 148 | Step 101/196 | Loss: 0.3029 | Acc: 89.79%
[2025-06-11 13:27:06,603] INFO: Epoch 148 training completed
[2025-06-11 13:27:08,084] INFO: Test Loss: 0.5309 | Test Acc: 83.31%
[2025-06-11 13:27:08,486] INFO: Epoch 149 | Step 1/196 | Loss: 0.2104 | Acc: 93.36%
[2025-06-11 13:27:21,839] INFO: Epoch 149 | Step 101/196 | Loss: 0.3001 | Acc: 89.77%
[2025-06-11 13:27:34,430] INFO: Epoch 149 training completed
[2025-06-11 13:27:35,917] INFO: Test Loss: 0.4237 | Test Acc: 86.79%
[2025-06-11 13:27:36,031] INFO: New best accuracy: 86.79%, model saved.
[2025-06-11 13:27:36,409] INFO: Epoch 150 | Step 1/196 | Loss: 0.2239 | Acc: 92.58%
[2025-06-11 13:27:49,732] INFO: Epoch 150 | Step 101/196 | Loss: 0.2940 | Acc: 90.23%
[2025-06-11 13:28:02,331] INFO: Epoch 150 training completed
[2025-06-11 13:28:03,816] INFO: Test Loss: 0.4740 | Test Acc: 85.21%
[2025-06-11 13:28:04,217] INFO: Epoch 151 | Step 1/196 | Loss: 0.2556 | Acc: 92.19%
[2025-06-11 13:28:17,580] INFO: Epoch 151 | Step 101/196 | Loss: 0.2900 | Acc: 90.32%
[2025-06-11 13:28:30,189] INFO: Epoch 151 training completed
[2025-06-11 13:28:31,679] INFO: Test Loss: 0.4755 | Test Acc: 85.56%
[2025-06-11 13:28:32,158] INFO: Epoch 152 | Step 1/196 | Loss: 0.2216 | Acc: 92.19%
[2025-06-11 13:28:45,504] INFO: Epoch 152 | Step 101/196 | Loss: 0.2900 | Acc: 90.33%
[2025-06-11 13:28:58,121] INFO: Epoch 152 training completed
[2025-06-11 13:28:59,591] INFO: Test Loss: 0.4642 | Test Acc: 85.12%
[2025-06-11 13:28:59,977] INFO: Epoch 153 | Step 1/196 | Loss: 0.2419 | Acc: 92.19%
[2025-06-11 13:29:13,302] INFO: Epoch 153 | Step 101/196 | Loss: 0.2828 | Acc: 90.39%
[2025-06-11 13:29:25,930] INFO: Epoch 153 training completed
[2025-06-11 13:29:27,413] INFO: Test Loss: 0.4400 | Test Acc: 86.38%
[2025-06-11 13:29:27,821] INFO: Epoch 154 | Step 1/196 | Loss: 0.2217 | Acc: 92.19%
[2025-06-11 13:29:41,198] INFO: Epoch 154 | Step 101/196 | Loss: 0.2785 | Acc: 90.70%
[2025-06-11 13:29:53,809] INFO: Epoch 154 training completed
[2025-06-11 13:29:55,301] INFO: Test Loss: 0.4453 | Test Acc: 85.77%
[2025-06-11 13:29:55,683] INFO: Epoch 155 | Step 1/196 | Loss: 0.2022 | Acc: 94.14%
[2025-06-11 13:30:09,000] INFO: Epoch 155 | Step 101/196 | Loss: 0.2729 | Acc: 90.87%
[2025-06-11 13:30:21,590] INFO: Epoch 155 training completed
[2025-06-11 13:30:23,074] INFO: Test Loss: 0.4591 | Test Acc: 86.33%
[2025-06-11 13:30:23,557] INFO: Epoch 156 | Step 1/196 | Loss: 0.2143 | Acc: 94.14%
[2025-06-11 13:30:36,930] INFO: Epoch 156 | Step 101/196 | Loss: 0.2665 | Acc: 90.99%
[2025-06-11 13:30:49,558] INFO: Epoch 156 training completed
[2025-06-11 13:30:51,042] INFO: Test Loss: 0.4470 | Test Acc: 86.24%
[2025-06-11 13:30:51,433] INFO: Epoch 157 | Step 1/196 | Loss: 0.2015 | Acc: 93.75%
[2025-06-11 13:31:04,788] INFO: Epoch 157 | Step 101/196 | Loss: 0.2644 | Acc: 91.34%
[2025-06-11 13:31:17,359] INFO: Epoch 157 training completed
[2025-06-11 13:31:18,848] INFO: Test Loss: 0.4100 | Test Acc: 87.46%
[2025-06-11 13:31:18,959] INFO: New best accuracy: 87.46%, model saved.
[2025-06-11 13:31:19,351] INFO: Epoch 158 | Step 1/196 | Loss: 0.2150 | Acc: 91.80%
[2025-06-11 13:31:32,682] INFO: Epoch 158 | Step 101/196 | Loss: 0.2605 | Acc: 91.24%
[2025-06-11 13:31:45,308] INFO: Epoch 158 training completed
[2025-06-11 13:31:46,800] INFO: Test Loss: 0.4733 | Test Acc: 85.55%
[2025-06-11 13:31:47,186] INFO: Epoch 159 | Step 1/196 | Loss: 0.1843 | Acc: 93.75%
[2025-06-11 13:32:00,509] INFO: Epoch 159 | Step 101/196 | Loss: 0.2559 | Acc: 91.50%
[2025-06-11 13:32:13,095] INFO: Epoch 159 training completed
[2025-06-11 13:32:14,591] INFO: Test Loss: 0.3985 | Test Acc: 87.40%
[2025-06-11 13:32:15,068] INFO: Epoch 160 | Step 1/196 | Loss: 0.2037 | Acc: 92.97%
[2025-06-11 13:32:28,439] INFO: Epoch 160 | Step 101/196 | Loss: 0.2514 | Acc: 91.76%
[2025-06-11 13:32:41,039] INFO: Epoch 160 training completed
[2025-06-11 13:32:42,527] INFO: Test Loss: 0.3971 | Test Acc: 88.04%
[2025-06-11 13:32:42,637] INFO: New best accuracy: 88.04%, model saved.
[2025-06-11 13:32:43,028] INFO: Epoch 161 | Step 1/196 | Loss: 0.1659 | Acc: 95.31%
[2025-06-11 13:32:56,350] INFO: Epoch 161 | Step 101/196 | Loss: 0.2519 | Acc: 91.67%
[2025-06-11 13:33:08,952] INFO: Epoch 161 training completed
[2025-06-11 13:33:10,436] INFO: Test Loss: 0.3803 | Test Acc: 88.40%
[2025-06-11 13:33:10,545] INFO: New best accuracy: 88.40%, model saved.
[2025-06-11 13:33:10,929] INFO: Epoch 162 | Step 1/196 | Loss: 0.1516 | Acc: 94.92%
[2025-06-11 13:33:24,291] INFO: Epoch 162 | Step 101/196 | Loss: 0.2394 | Acc: 92.06%
[2025-06-11 13:33:36,888] INFO: Epoch 162 training completed
[2025-06-11 13:33:38,379] INFO: Test Loss: 0.4160 | Test Acc: 87.05%
[2025-06-11 13:33:38,766] INFO: Epoch 163 | Step 1/196 | Loss: 0.1830 | Acc: 94.14%
[2025-06-11 13:33:52,141] INFO: Epoch 163 | Step 101/196 | Loss: 0.2376 | Acc: 92.11%
[2025-06-11 13:34:04,769] INFO: Epoch 163 training completed
[2025-06-11 13:34:06,262] INFO: Test Loss: 0.4033 | Test Acc: 87.65%
[2025-06-11 13:34:06,659] INFO: Epoch 164 | Step 1/196 | Loss: 0.2000 | Acc: 94.53%
[2025-06-11 13:34:19,982] INFO: Epoch 164 | Step 101/196 | Loss: 0.2333 | Acc: 92.36%
[2025-06-11 13:34:32,625] INFO: Epoch 164 training completed
[2025-06-11 13:34:34,099] INFO: Test Loss: 0.3757 | Test Acc: 88.80%
[2025-06-11 13:34:34,209] INFO: New best accuracy: 88.80%, model saved.
[2025-06-11 13:34:34,607] INFO: Epoch 165 | Step 1/196 | Loss: 0.2164 | Acc: 94.14%
[2025-06-11 13:34:47,969] INFO: Epoch 165 | Step 101/196 | Loss: 0.2298 | Acc: 92.49%
[2025-06-11 13:35:00,569] INFO: Epoch 165 training completed
[2025-06-11 13:35:02,049] INFO: Test Loss: 0.4146 | Test Acc: 87.21%
[2025-06-11 13:35:02,440] INFO: Epoch 166 | Step 1/196 | Loss: 0.2272 | Acc: 93.75%
[2025-06-11 13:35:15,804] INFO: Epoch 166 | Step 101/196 | Loss: 0.2204 | Acc: 92.89%
[2025-06-11 13:35:28,402] INFO: Epoch 166 training completed
[2025-06-11 13:35:29,891] INFO: Test Loss: 0.3771 | Test Acc: 88.66%
[2025-06-11 13:35:30,279] INFO: Epoch 167 | Step 1/196 | Loss: 0.1796 | Acc: 95.31%
[2025-06-11 13:35:43,677] INFO: Epoch 167 | Step 101/196 | Loss: 0.2153 | Acc: 92.93%
[2025-06-11 13:35:56,285] INFO: Epoch 167 training completed
[2025-06-11 13:35:57,763] INFO: Test Loss: 0.3915 | Test Acc: 88.09%
[2025-06-11 13:35:58,147] INFO: Epoch 168 | Step 1/196 | Loss: 0.1359 | Acc: 95.31%
[2025-06-11 13:36:11,473] INFO: Epoch 168 | Step 101/196 | Loss: 0.2124 | Acc: 93.00%
[2025-06-11 13:36:24,086] INFO: Epoch 168 training completed
[2025-06-11 13:36:25,571] INFO: Test Loss: 0.3876 | Test Acc: 88.29%
[2025-06-11 13:36:25,957] INFO: Epoch 169 | Step 1/196 | Loss: 0.1599 | Acc: 95.31%
[2025-06-11 13:36:39,284] INFO: Epoch 169 | Step 101/196 | Loss: 0.2031 | Acc: 93.43%
[2025-06-11 13:36:51,859] INFO: Epoch 169 training completed
[2025-06-11 13:36:53,340] INFO: Test Loss: 0.3455 | Test Acc: 89.91%
[2025-06-11 13:36:53,455] INFO: New best accuracy: 89.91%, model saved.
[2025-06-11 13:36:53,838] INFO: Epoch 170 | Step 1/196 | Loss: 0.1571 | Acc: 95.31%
[2025-06-11 13:37:07,190] INFO: Epoch 170 | Step 101/196 | Loss: 0.2032 | Acc: 93.43%
[2025-06-11 13:37:19,806] INFO: Epoch 170 training completed
[2025-06-11 13:37:21,291] INFO: Test Loss: 0.3540 | Test Acc: 89.66%
[2025-06-11 13:37:21,767] INFO: Epoch 171 | Step 1/196 | Loss: 0.1905 | Acc: 92.97%
[2025-06-11 13:37:35,107] INFO: Epoch 171 | Step 101/196 | Loss: 0.1934 | Acc: 93.84%
[2025-06-11 13:37:47,705] INFO: Epoch 171 training completed
[2025-06-11 13:37:49,197] INFO: Test Loss: 0.3643 | Test Acc: 88.84%
[2025-06-11 13:37:49,590] INFO: Epoch 172 | Step 1/196 | Loss: 0.1594 | Acc: 93.75%
[2025-06-11 13:38:02,933] INFO: Epoch 172 | Step 101/196 | Loss: 0.1908 | Acc: 93.89%
[2025-06-11 13:38:15,532] INFO: Epoch 172 training completed
[2025-06-11 13:38:17,020] INFO: Test Loss: 0.3844 | Test Acc: 88.57%
[2025-06-11 13:38:17,419] INFO: Epoch 173 | Step 1/196 | Loss: 0.1306 | Acc: 97.27%
[2025-06-11 13:38:30,783] INFO: Epoch 173 | Step 101/196 | Loss: 0.1830 | Acc: 94.19%
[2025-06-11 13:38:43,357] INFO: Epoch 173 training completed
[2025-06-11 13:38:44,840] INFO: Test Loss: 0.3528 | Test Acc: 89.21%
[2025-06-11 13:38:45,236] INFO: Epoch 174 | Step 1/196 | Loss: 0.1461 | Acc: 95.31%
[2025-06-11 13:38:58,577] INFO: Epoch 174 | Step 101/196 | Loss: 0.1799 | Acc: 94.23%
[2025-06-11 13:39:11,244] INFO: Epoch 174 training completed
[2025-06-11 13:39:12,727] INFO: Test Loss: 0.3566 | Test Acc: 89.20%
[2025-06-11 13:39:13,128] INFO: Epoch 175 | Step 1/196 | Loss: 0.1514 | Acc: 95.70%
[2025-06-11 13:39:26,456] INFO: Epoch 175 | Step 101/196 | Loss: 0.1748 | Acc: 94.48%
[2025-06-11 13:39:39,025] INFO: Epoch 175 training completed
[2025-06-11 13:39:40,516] INFO: Test Loss: 0.3605 | Test Acc: 89.21%
[2025-06-11 13:39:40,917] INFO: Epoch 176 | Step 1/196 | Loss: 0.1373 | Acc: 96.88%
[2025-06-11 13:39:54,225] INFO: Epoch 176 | Step 101/196 | Loss: 0.1679 | Acc: 94.71%
[2025-06-11 13:40:06,828] INFO: Epoch 176 training completed
[2025-06-11 13:40:08,313] INFO: Test Loss: 0.3480 | Test Acc: 89.73%
[2025-06-11 13:40:08,705] INFO: Epoch 177 | Step 1/196 | Loss: 0.1502 | Acc: 95.70%
[2025-06-11 13:40:22,057] INFO: Epoch 177 | Step 101/196 | Loss: 0.1640 | Acc: 95.03%
[2025-06-11 13:40:34,674] INFO: Epoch 177 training completed
[2025-06-11 13:40:36,161] INFO: Test Loss: 0.3360 | Test Acc: 89.96%
[2025-06-11 13:40:36,272] INFO: New best accuracy: 89.96%, model saved.
[2025-06-11 13:40:36,656] INFO: Epoch 178 | Step 1/196 | Loss: 0.1333 | Acc: 96.48%
[2025-06-11 13:40:50,017] INFO: Epoch 178 | Step 101/196 | Loss: 0.1572 | Acc: 95.19%
[2025-06-11 13:41:02,567] INFO: Epoch 178 training completed
[2025-06-11 13:41:04,049] INFO: Test Loss: 0.3425 | Test Acc: 89.82%
[2025-06-11 13:41:04,435] INFO: Epoch 179 | Step 1/196 | Loss: 0.1105 | Acc: 97.27%
[2025-06-11 13:41:17,768] INFO: Epoch 179 | Step 101/196 | Loss: 0.1522 | Acc: 95.43%
[2025-06-11 13:41:30,352] INFO: Epoch 179 training completed
[2025-06-11 13:41:31,857] INFO: Test Loss: 0.3325 | Test Acc: 90.14%
[2025-06-11 13:41:31,968] INFO: New best accuracy: 90.14%, model saved.
[2025-06-11 13:41:32,363] INFO: Epoch 180 | Step 1/196 | Loss: 0.1347 | Acc: 95.31%
[2025-06-11 13:41:45,681] INFO: Epoch 180 | Step 101/196 | Loss: 0.1481 | Acc: 95.56%
[2025-06-11 13:41:58,307] INFO: Epoch 180 training completed
[2025-06-11 13:41:59,788] INFO: Test Loss: 0.3380 | Test Acc: 89.88%
[2025-06-11 13:42:00,178] INFO: Epoch 181 | Step 1/196 | Loss: 0.1183 | Acc: 96.48%
[2025-06-11 13:42:13,494] INFO: Epoch 181 | Step 101/196 | Loss: 0.1380 | Acc: 95.99%
[2025-06-11 13:42:26,092] INFO: Epoch 181 training completed
[2025-06-11 13:42:27,577] INFO: Test Loss: 0.3194 | Test Acc: 90.61%
[2025-06-11 13:42:27,689] INFO: New best accuracy: 90.61%, model saved.
[2025-06-11 13:42:28,156] INFO: Epoch 182 | Step 1/196 | Loss: 0.1154 | Acc: 96.88%
[2025-06-11 13:42:41,500] INFO: Epoch 182 | Step 101/196 | Loss: 0.1348 | Acc: 96.16%
[2025-06-11 13:42:54,089] INFO: Epoch 182 training completed
[2025-06-11 13:42:55,567] INFO: Test Loss: 0.3187 | Test Acc: 90.68%
[2025-06-11 13:42:55,678] INFO: New best accuracy: 90.68%, model saved.
[2025-06-11 13:42:56,099] INFO: Epoch 183 | Step 1/196 | Loss: 0.0897 | Acc: 98.44%
[2025-06-11 13:43:09,410] INFO: Epoch 183 | Step 101/196 | Loss: 0.1286 | Acc: 96.38%
[2025-06-11 13:43:22,012] INFO: Epoch 183 training completed
[2025-06-11 13:43:23,498] INFO: Test Loss: 0.3136 | Test Acc: 91.08%
[2025-06-11 13:43:23,609] INFO: New best accuracy: 91.08%, model saved.
[2025-06-11 13:43:24,003] INFO: Epoch 184 | Step 1/196 | Loss: 0.1111 | Acc: 98.05%
[2025-06-11 13:43:37,340] INFO: Epoch 184 | Step 101/196 | Loss: 0.1252 | Acc: 96.55%
[2025-06-11 13:43:49,945] INFO: Epoch 184 training completed
[2025-06-11 13:43:51,436] INFO: Test Loss: 0.3107 | Test Acc: 91.18%
[2025-06-11 13:43:51,550] INFO: New best accuracy: 91.18%, model saved.
[2025-06-11 13:43:51,939] INFO: Epoch 185 | Step 1/196 | Loss: 0.1021 | Acc: 98.44%
[2025-06-11 13:44:05,378] INFO: Epoch 185 | Step 101/196 | Loss: 0.1166 | Acc: 96.96%
[2025-06-11 13:44:18,018] INFO: Epoch 185 training completed
[2025-06-11 13:44:19,509] INFO: Test Loss: 0.3041 | Test Acc: 91.14%
[2025-06-11 13:44:19,914] INFO: Epoch 186 | Step 1/196 | Loss: 0.1109 | Acc: 97.27%
[2025-06-11 13:44:33,225] INFO: Epoch 186 | Step 101/196 | Loss: 0.1172 | Acc: 96.75%
[2025-06-11 13:44:45,827] INFO: Epoch 186 training completed
[2025-06-11 13:44:47,314] INFO: Test Loss: 0.3035 | Test Acc: 91.61%
[2025-06-11 13:44:47,424] INFO: New best accuracy: 91.61%, model saved.
[2025-06-11 13:44:47,806] INFO: Epoch 187 | Step 1/196 | Loss: 0.0850 | Acc: 98.44%
[2025-06-11 13:45:01,156] INFO: Epoch 187 | Step 101/196 | Loss: 0.1110 | Acc: 97.10%
[2025-06-11 13:45:13,725] INFO: Epoch 187 training completed
[2025-06-11 13:45:15,219] INFO: Test Loss: 0.2985 | Test Acc: 91.54%
[2025-06-11 13:45:15,610] INFO: Epoch 188 | Step 1/196 | Loss: 0.0833 | Acc: 98.05%
[2025-06-11 13:45:28,975] INFO: Epoch 188 | Step 101/196 | Loss: 0.1070 | Acc: 97.21%
[2025-06-11 13:45:41,589] INFO: Epoch 188 training completed
[2025-06-11 13:45:43,084] INFO: Test Loss: 0.2979 | Test Acc: 91.52%
[2025-06-11 13:45:43,579] INFO: Epoch 189 | Step 1/196 | Loss: 0.0981 | Acc: 97.27%
[2025-06-11 13:45:56,950] INFO: Epoch 189 | Step 101/196 | Loss: 0.1051 | Acc: 97.37%
[2025-06-11 13:46:09,600] INFO: Epoch 189 training completed
[2025-06-11 13:46:11,091] INFO: Test Loss: 0.2961 | Test Acc: 91.65%
[2025-06-11 13:46:11,201] INFO: New best accuracy: 91.65%, model saved.
[2025-06-11 13:46:11,590] INFO: Epoch 190 | Step 1/196 | Loss: 0.0939 | Acc: 96.48%
[2025-06-11 13:46:24,959] INFO: Epoch 190 | Step 101/196 | Loss: 0.1013 | Acc: 97.46%
[2025-06-11 13:46:37,527] INFO: Epoch 190 training completed
[2025-06-11 13:46:39,010] INFO: Test Loss: 0.2962 | Test Acc: 91.85%
[2025-06-11 13:46:39,120] INFO: New best accuracy: 91.85%, model saved.
[2025-06-11 13:46:39,519] INFO: Epoch 191 | Step 1/196 | Loss: 0.0757 | Acc: 99.22%
[2025-06-11 13:46:52,863] INFO: Epoch 191 | Step 101/196 | Loss: 0.1005 | Acc: 97.54%
[2025-06-11 13:47:05,491] INFO: Epoch 191 training completed
[2025-06-11 13:47:06,998] INFO: Test Loss: 0.2941 | Test Acc: 91.75%
[2025-06-11 13:47:07,380] INFO: Epoch 192 | Step 1/196 | Loss: 0.0774 | Acc: 98.44%
[2025-06-11 13:47:20,761] INFO: Epoch 192 | Step 101/196 | Loss: 0.0962 | Acc: 97.66%
[2025-06-11 13:47:33,370] INFO: Epoch 192 training completed
[2025-06-11 13:47:34,860] INFO: Test Loss: 0.2950 | Test Acc: 91.65%
[2025-06-11 13:47:35,262] INFO: Epoch 193 | Step 1/196 | Loss: 0.0717 | Acc: 99.22%
[2025-06-11 13:47:48,631] INFO: Epoch 193 | Step 101/196 | Loss: 0.0935 | Acc: 97.79%
[2025-06-11 13:48:01,211] INFO: Epoch 193 training completed
[2025-06-11 13:48:02,698] INFO: Test Loss: 0.2937 | Test Acc: 91.84%
[2025-06-11 13:48:03,090] INFO: Epoch 194 | Step 1/196 | Loss: 0.0788 | Acc: 98.44%
[2025-06-11 13:48:16,409] INFO: Epoch 194 | Step 101/196 | Loss: 0.0924 | Acc: 97.84%
[2025-06-11 13:48:29,002] INFO: Epoch 194 training completed
[2025-06-11 13:48:30,503] INFO: Test Loss: 0.2951 | Test Acc: 91.73%
[2025-06-11 13:48:30,906] INFO: Epoch 195 | Step 1/196 | Loss: 0.0819 | Acc: 97.66%
[2025-06-11 13:48:44,243] INFO: Epoch 195 | Step 101/196 | Loss: 0.0909 | Acc: 97.97%
[2025-06-11 13:48:56,828] INFO: Epoch 195 training completed
[2025-06-11 13:48:58,307] INFO: Test Loss: 0.2966 | Test Acc: 91.74%
[2025-06-11 13:48:58,788] INFO: Epoch 196 | Step 1/196 | Loss: 0.0842 | Acc: 97.27%
[2025-06-11 13:49:12,092] INFO: Epoch 196 | Step 101/196 | Loss: 0.0897 | Acc: 97.96%
[2025-06-11 13:49:24,705] INFO: Epoch 196 training completed
[2025-06-11 13:49:26,186] INFO: Test Loss: 0.2951 | Test Acc: 91.80%
[2025-06-11 13:49:26,576] INFO: Epoch 197 | Step 1/196 | Loss: 0.0759 | Acc: 98.44%
[2025-06-11 13:49:39,882] INFO: Epoch 197 | Step 101/196 | Loss: 0.0893 | Acc: 97.92%
[2025-06-11 13:49:52,521] INFO: Epoch 197 training completed
[2025-06-11 13:49:54,015] INFO: Test Loss: 0.2947 | Test Acc: 91.78%
[2025-06-11 13:49:54,422] INFO: Epoch 198 | Step 1/196 | Loss: 0.0783 | Acc: 98.83%
[2025-06-11 13:50:07,774] INFO: Epoch 198 | Step 101/196 | Loss: 0.0884 | Acc: 97.96%
[2025-06-11 13:50:20,358] INFO: Epoch 198 training completed
[2025-06-11 13:50:21,855] INFO: Test Loss: 0.2947 | Test Acc: 91.77%
[2025-06-11 13:50:22,260] INFO: Epoch 199 | Step 1/196 | Loss: 0.0816 | Acc: 97.66%
[2025-06-11 13:50:35,575] INFO: Epoch 199 | Step 101/196 | Loss: 0.0882 | Acc: 98.02%
[2025-06-11 13:50:48,165] INFO: Epoch 199 training completed
[2025-06-11 13:50:49,644] INFO: Test Loss: 0.2944 | Test Acc: 91.83%
[2025-06-11 13:50:50,030] INFO: Epoch 200 | Step 1/196 | Loss: 0.0817 | Acc: 98.44%
[2025-06-11 13:51:03,397] INFO: Epoch 200 | Step 101/196 | Loss: 0.0874 | Acc: 98.08%
[2025-06-11 13:51:16,020] INFO: Epoch 200 training completed
[2025-06-11 13:51:17,519] INFO: Test Loss: 0.2945 | Test Acc: 91.78%
[2025-06-11 13:51:17,683] INFO: Training complete. Best Test Accuracy: 91.85%
