[2025-06-16 08:03:59,835] INFO: Using device: cuda
[2025-06-16 08:04:01,091] INFO: Using GhostNetV3 with width 1.0
[2025-06-16 08:04:33,320] INFO: Epoch 1 | Step 1/196 | Loss: 4.2988 | Acc: 14.06%
[2025-06-16 08:04:47,571] INFO: Epoch 1 | Step 101/196 | Loss: 3.1431 | Acc: 12.59%
[2025-06-16 08:05:01,281] INFO: Epoch 1 training completed
[2025-06-16 08:05:25,505] INFO: Test Loss: 2.1976 | Test Acc: 16.58%
[2025-06-16 08:05:25,666] INFO: New best accuracy: 16.58%, model saved.
[2025-06-16 08:05:26,023] INFO: Epoch 2 | Step 1/196 | Loss: 2.5215 | Acc: 14.84%
[2025-06-16 08:05:40,211] INFO: Epoch 2 | Step 101/196 | Loss: 2.4883 | Acc: 17.94%
[2025-06-16 08:05:53,565] INFO: Epoch 2 training completed
[2025-06-16 08:05:54,740] INFO: Test Loss: 1.9957 | Test Acc: 24.17%
[2025-06-16 08:05:54,844] INFO: New best accuracy: 24.17%, model saved.
[2025-06-16 08:05:55,217] INFO: Epoch 3 | Step 1/196 | Loss: 2.2830 | Acc: 22.66%
[2025-06-16 08:06:09,357] INFO: Epoch 3 | Step 101/196 | Loss: 2.2900 | Acc: 24.76%
[2025-06-16 08:06:22,747] INFO: Epoch 3 training completed
[2025-06-16 08:06:23,932] INFO: Test Loss: 1.8555 | Test Acc: 30.12%
[2025-06-16 08:06:24,032] INFO: New best accuracy: 30.12%, model saved.
[2025-06-16 08:06:24,390] INFO: Epoch 4 | Step 1/196 | Loss: 2.1697 | Acc: 28.52%
[2025-06-16 08:06:38,613] INFO: Epoch 4 | Step 101/196 | Loss: 2.1589 | Acc: 29.68%
[2025-06-16 08:06:52,059] INFO: Epoch 4 training completed
[2025-06-16 08:06:53,264] INFO: Test Loss: 1.7836 | Test Acc: 33.57%
[2025-06-16 08:06:53,366] INFO: New best accuracy: 33.57%, model saved.
[2025-06-16 08:06:53,743] INFO: Epoch 5 | Step 1/196 | Loss: 2.0242 | Acc: 34.77%
[2025-06-16 08:07:07,975] INFO: Epoch 5 | Step 101/196 | Loss: 2.0791 | Acc: 32.97%
[2025-06-16 08:07:21,419] INFO: Epoch 5 training completed
[2025-06-16 08:07:22,611] INFO: Test Loss: 1.7003 | Test Acc: 37.28%
[2025-06-16 08:07:22,714] INFO: New best accuracy: 37.28%, model saved.
[2025-06-16 08:07:23,079] INFO: Epoch 6 | Step 1/196 | Loss: 1.9449 | Acc: 38.67%
[2025-06-16 08:07:37,303] INFO: Epoch 6 | Step 101/196 | Loss: 1.9971 | Acc: 35.91%
[2025-06-16 08:07:50,805] INFO: Epoch 6 training completed
[2025-06-16 08:07:52,013] INFO: Test Loss: 1.6437 | Test Acc: 39.57%
[2025-06-16 08:07:52,119] INFO: New best accuracy: 39.57%, model saved.
[2025-06-16 08:07:52,500] INFO: Epoch 7 | Step 1/196 | Loss: 1.8719 | Acc: 39.84%
[2025-06-16 08:08:06,807] INFO: Epoch 7 | Step 101/196 | Loss: 1.9171 | Acc: 38.87%
[2025-06-16 08:08:20,330] INFO: Epoch 7 training completed
[2025-06-16 08:08:21,525] INFO: Test Loss: 1.5574 | Test Acc: 43.49%
[2025-06-16 08:08:21,626] INFO: New best accuracy: 43.49%, model saved.
[2025-06-16 08:08:21,992] INFO: Epoch 8 | Step 1/196 | Loss: 1.8238 | Acc: 41.80%
[2025-06-16 08:08:36,260] INFO: Epoch 8 | Step 101/196 | Loss: 1.8265 | Acc: 42.40%
[2025-06-16 08:08:49,609] INFO: Epoch 8 training completed
[2025-06-16 08:08:50,912] INFO: Test Loss: 1.4724 | Test Acc: 46.19%
[2025-06-16 08:08:51,021] INFO: New best accuracy: 46.19%, model saved.
[2025-06-16 08:08:51,409] INFO: Epoch 9 | Step 1/196 | Loss: 1.7323 | Acc: 48.05%
[2025-06-16 08:09:05,493] INFO: Epoch 9 | Step 101/196 | Loss: 1.7275 | Acc: 46.40%
[2025-06-16 08:09:18,818] INFO: Epoch 9 training completed
[2025-06-16 08:09:20,075] INFO: Test Loss: 1.4187 | Test Acc: 49.14%
[2025-06-16 08:09:20,181] INFO: New best accuracy: 49.14%, model saved.
[2025-06-16 08:09:20,564] INFO: Epoch 10 | Step 1/196 | Loss: 1.6207 | Acc: 51.56%
[2025-06-16 08:09:34,662] INFO: Epoch 10 | Step 101/196 | Loss: 1.6421 | Acc: 49.39%
[2025-06-16 08:09:48,029] INFO: Epoch 10 training completed
[2025-06-16 08:09:49,327] INFO: Test Loss: 1.3261 | Test Acc: 52.00%
[2025-06-16 08:09:49,438] INFO: New best accuracy: 52.00%, model saved.
[2025-06-16 08:09:49,811] INFO: Epoch 11 | Step 1/196 | Loss: 1.5476 | Acc: 54.69%
[2025-06-16 08:10:03,913] INFO: Epoch 11 | Step 101/196 | Loss: 1.5524 | Acc: 52.65%
[2025-06-16 08:10:17,253] INFO: Epoch 11 training completed
[2025-06-16 08:10:18,544] INFO: Test Loss: 1.3793 | Test Acc: 51.62%
[2025-06-16 08:10:18,933] INFO: Epoch 12 | Step 1/196 | Loss: 1.4904 | Acc: 57.42%
[2025-06-16 08:10:33,035] INFO: Epoch 12 | Step 101/196 | Loss: 1.4900 | Acc: 54.87%
[2025-06-16 08:10:46,374] INFO: Epoch 12 training completed
[2025-06-16 08:10:47,655] INFO: Test Loss: 1.2507 | Test Acc: 55.97%
[2025-06-16 08:10:47,763] INFO: New best accuracy: 55.97%, model saved.
[2025-06-16 08:10:48,152] INFO: Epoch 13 | Step 1/196 | Loss: 1.3284 | Acc: 62.50%
[2025-06-16 08:11:02,251] INFO: Epoch 13 | Step 101/196 | Loss: 1.4140 | Acc: 57.63%
[2025-06-16 08:11:15,582] INFO: Epoch 13 training completed
[2025-06-16 08:11:16,879] INFO: Test Loss: 1.2105 | Test Acc: 58.08%
[2025-06-16 08:11:17,085] INFO: New best accuracy: 58.08%, model saved.
[2025-06-16 08:11:17,454] INFO: Epoch 14 | Step 1/196 | Loss: 1.2686 | Acc: 64.06%
[2025-06-16 08:11:31,558] INFO: Epoch 14 | Step 101/196 | Loss: 1.3444 | Acc: 59.76%
[2025-06-16 08:11:44,897] INFO: Epoch 14 training completed
[2025-06-16 08:11:46,177] INFO: Test Loss: 1.1632 | Test Acc: 59.59%
[2025-06-16 08:11:46,288] INFO: New best accuracy: 59.59%, model saved.
[2025-06-16 08:11:46,683] INFO: Epoch 15 | Step 1/196 | Loss: 1.2079 | Acc: 66.41%
[2025-06-16 08:12:00,793] INFO: Epoch 15 | Step 101/196 | Loss: 1.2816 | Acc: 61.32%
[2025-06-16 08:12:14,139] INFO: Epoch 15 training completed
[2025-06-16 08:12:15,466] INFO: Test Loss: 1.0555 | Test Acc: 62.38%
[2025-06-16 08:12:15,575] INFO: New best accuracy: 62.38%, model saved.
[2025-06-16 08:12:15,959] INFO: Epoch 16 | Step 1/196 | Loss: 1.1759 | Acc: 64.84%
[2025-06-16 08:12:30,095] INFO: Epoch 16 | Step 101/196 | Loss: 1.2282 | Acc: 63.40%
[2025-06-16 08:12:43,441] INFO: Epoch 16 training completed
[2025-06-16 08:12:44,763] INFO: Test Loss: 1.0995 | Test Acc: 61.80%
[2025-06-16 08:12:45,256] INFO: Epoch 17 | Step 1/196 | Loss: 1.0960 | Acc: 69.53%
[2025-06-16 08:12:59,396] INFO: Epoch 17 | Step 101/196 | Loss: 1.1824 | Acc: 64.94%
[2025-06-16 08:13:12,727] INFO: Epoch 17 training completed
[2025-06-16 08:13:13,998] INFO: Test Loss: 1.0161 | Test Acc: 64.69%
[2025-06-16 08:13:14,109] INFO: New best accuracy: 64.69%, model saved.
[2025-06-16 08:13:14,495] INFO: Epoch 18 | Step 1/196 | Loss: 1.0938 | Acc: 66.41%
[2025-06-16 08:13:28,601] INFO: Epoch 18 | Step 101/196 | Loss: 1.1267 | Acc: 66.34%
[2025-06-16 08:13:41,961] INFO: Epoch 18 training completed
[2025-06-16 08:13:43,326] INFO: Test Loss: 0.9583 | Test Acc: 66.75%
[2025-06-16 08:13:43,456] INFO: New best accuracy: 66.75%, model saved.
[2025-06-16 08:13:43,877] INFO: Epoch 19 | Step 1/196 | Loss: 0.9701 | Acc: 70.31%
[2025-06-16 08:13:58,000] INFO: Epoch 19 | Step 101/196 | Loss: 1.0864 | Acc: 67.73%
[2025-06-16 08:14:11,334] INFO: Epoch 19 training completed
[2025-06-16 08:14:12,657] INFO: Test Loss: 0.9302 | Test Acc: 67.46%
[2025-06-16 08:14:12,766] INFO: New best accuracy: 67.46%, model saved.
[2025-06-16 08:14:13,149] INFO: Epoch 20 | Step 1/196 | Loss: 0.9658 | Acc: 71.09%
[2025-06-16 08:14:27,249] INFO: Epoch 20 | Step 101/196 | Loss: 1.0492 | Acc: 69.03%
[2025-06-16 08:14:40,619] INFO: Epoch 20 training completed
[2025-06-16 08:14:41,955] INFO: Test Loss: 0.9294 | Test Acc: 67.56%
[2025-06-16 08:14:42,069] INFO: New best accuracy: 67.56%, model saved.
[2025-06-16 08:14:42,454] INFO: Epoch 21 | Step 1/196 | Loss: 0.8683 | Acc: 76.95%
[2025-06-16 08:14:56,555] INFO: Epoch 21 | Step 101/196 | Loss: 1.0041 | Acc: 70.46%
[2025-06-16 08:15:09,890] INFO: Epoch 21 training completed
[2025-06-16 08:15:11,184] INFO: Test Loss: 0.9351 | Test Acc: 67.82%
[2025-06-16 08:15:11,291] INFO: New best accuracy: 67.82%, model saved.
[2025-06-16 08:15:11,664] INFO: Epoch 22 | Step 1/196 | Loss: 0.8680 | Acc: 76.17%
[2025-06-16 08:15:25,762] INFO: Epoch 22 | Step 101/196 | Loss: 0.9664 | Acc: 71.77%
[2025-06-16 08:15:39,096] INFO: Epoch 22 training completed
[2025-06-16 08:15:40,414] INFO: Test Loss: 0.9788 | Test Acc: 66.45%
[2025-06-16 08:15:40,802] INFO: Epoch 23 | Step 1/196 | Loss: 0.9234 | Acc: 74.61%
[2025-06-16 08:15:54,906] INFO: Epoch 23 | Step 101/196 | Loss: 0.9369 | Acc: 72.57%
[2025-06-16 08:16:08,241] INFO: Epoch 23 training completed
[2025-06-16 08:16:09,538] INFO: Test Loss: 1.3130 | Test Acc: 56.52%
[2025-06-16 08:16:10,030] INFO: Epoch 24 | Step 1/196 | Loss: 0.8634 | Acc: 75.78%
[2025-06-16 08:16:24,122] INFO: Epoch 24 | Step 101/196 | Loss: 0.8944 | Acc: 74.06%
[2025-06-16 08:16:37,485] INFO: Epoch 24 training completed
[2025-06-16 08:16:38,910] INFO: Test Loss: 0.9847 | Test Acc: 66.43%
[2025-06-16 08:16:39,311] INFO: Epoch 25 | Step 1/196 | Loss: 0.8203 | Acc: 76.95%
[2025-06-16 08:16:53,454] INFO: Epoch 25 | Step 101/196 | Loss: 0.8633 | Acc: 74.86%
[2025-06-16 08:17:06,790] INFO: Epoch 25 training completed
[2025-06-16 08:17:08,111] INFO: Test Loss: 0.8560 | Test Acc: 70.77%
[2025-06-16 08:17:08,220] INFO: New best accuracy: 70.77%, model saved.
[2025-06-16 08:17:08,605] INFO: Epoch 26 | Step 1/196 | Loss: 0.7355 | Acc: 80.08%
[2025-06-16 08:17:22,709] INFO: Epoch 26 | Step 101/196 | Loss: 0.8299 | Acc: 76.06%
[2025-06-16 08:17:36,048] INFO: Epoch 26 training completed
[2025-06-16 08:17:37,336] INFO: Test Loss: 0.8400 | Test Acc: 71.96%
[2025-06-16 08:17:37,445] INFO: New best accuracy: 71.96%, model saved.
[2025-06-16 08:17:37,822] INFO: Epoch 27 | Step 1/196 | Loss: 0.7433 | Acc: 81.25%
[2025-06-16 08:17:51,921] INFO: Epoch 27 | Step 101/196 | Loss: 0.7964 | Acc: 77.32%
[2025-06-16 08:18:05,257] INFO: Epoch 27 training completed
[2025-06-16 08:18:06,547] INFO: Test Loss: 0.9508 | Test Acc: 67.92%
[2025-06-16 08:18:07,027] INFO: Epoch 28 | Step 1/196 | Loss: 0.6871 | Acc: 78.12%
[2025-06-16 08:18:21,150] INFO: Epoch 28 | Step 101/196 | Loss: 0.7714 | Acc: 77.85%
[2025-06-16 08:18:34,514] INFO: Epoch 28 training completed
[2025-06-16 08:18:35,843] INFO: Test Loss: 0.8092 | Test Acc: 72.14%
[2025-06-16 08:18:35,952] INFO: New best accuracy: 72.14%, model saved.
[2025-06-16 08:18:36,334] INFO: Epoch 29 | Step 1/196 | Loss: 0.6847 | Acc: 80.47%
[2025-06-16 08:18:50,443] INFO: Epoch 29 | Step 101/196 | Loss: 0.7576 | Acc: 78.06%
[2025-06-16 08:19:03,785] INFO: Epoch 29 training completed
[2025-06-16 08:19:05,108] INFO: Test Loss: 1.0129 | Test Acc: 67.66%
[2025-06-16 08:19:05,494] INFO: Epoch 30 | Step 1/196 | Loss: 0.6753 | Acc: 82.42%
[2025-06-16 08:19:19,605] INFO: Epoch 30 | Step 101/196 | Loss: 0.7464 | Acc: 78.57%
[2025-06-16 08:19:32,944] INFO: Epoch 30 training completed
[2025-06-16 08:19:34,288] INFO: Test Loss: 0.8869 | Test Acc: 71.23%
[2025-06-16 08:19:34,679] INFO: Epoch 31 | Step 1/196 | Loss: 0.6378 | Acc: 81.25%
[2025-06-16 08:19:48,784] INFO: Epoch 31 | Step 101/196 | Loss: 0.7298 | Acc: 78.75%
[2025-06-16 08:20:02,176] INFO: Epoch 31 training completed
[2025-06-16 08:20:03,504] INFO: Test Loss: 1.2499 | Test Acc: 60.16%
[2025-06-16 08:20:03,893] INFO: Epoch 32 | Step 1/196 | Loss: 0.6264 | Acc: 84.38%
[2025-06-16 08:20:17,988] INFO: Epoch 32 | Step 101/196 | Loss: 0.7187 | Acc: 79.35%
[2025-06-16 08:20:31,324] INFO: Epoch 32 training completed
[2025-06-16 08:20:32,642] INFO: Test Loss: 1.0307 | Test Acc: 65.61%
[2025-06-16 08:20:33,022] INFO: Epoch 33 | Step 1/196 | Loss: 0.5934 | Acc: 86.33%
[2025-06-16 08:20:47,124] INFO: Epoch 33 | Step 101/196 | Loss: 0.7077 | Acc: 79.78%
[2025-06-16 08:21:00,458] INFO: Epoch 33 training completed
[2025-06-16 08:21:01,730] INFO: Test Loss: 1.0301 | Test Acc: 66.18%
[2025-06-16 08:21:02,123] INFO: Epoch 34 | Step 1/196 | Loss: 0.5957 | Acc: 84.77%
[2025-06-16 08:21:16,224] INFO: Epoch 34 | Step 101/196 | Loss: 0.7072 | Acc: 79.69%
[2025-06-16 08:21:29,561] INFO: Epoch 34 training completed
[2025-06-16 08:21:30,876] INFO: Test Loss: 1.5408 | Test Acc: 54.01%
[2025-06-16 08:21:31,255] INFO: Epoch 35 | Step 1/196 | Loss: 0.5971 | Acc: 86.33%
[2025-06-16 08:21:45,387] INFO: Epoch 35 | Step 101/196 | Loss: 0.7014 | Acc: 80.03%
[2025-06-16 08:21:58,747] INFO: Epoch 35 training completed
[2025-06-16 08:22:00,078] INFO: Test Loss: 0.9218 | Test Acc: 69.46%
[2025-06-16 08:22:00,492] INFO: Epoch 36 | Step 1/196 | Loss: 0.5824 | Acc: 82.42%
[2025-06-16 08:22:14,598] INFO: Epoch 36 | Step 101/196 | Loss: 0.6902 | Acc: 80.41%
[2025-06-16 08:22:27,935] INFO: Epoch 36 training completed
[2025-06-16 08:22:29,249] INFO: Test Loss: 0.8784 | Test Acc: 71.16%
[2025-06-16 08:22:29,645] INFO: Epoch 37 | Step 1/196 | Loss: 0.5845 | Acc: 84.38%
[2025-06-16 08:22:43,748] INFO: Epoch 37 | Step 101/196 | Loss: 0.7032 | Acc: 79.90%
[2025-06-16 08:22:57,084] INFO: Epoch 37 training completed
[2025-06-16 08:22:58,344] INFO: Test Loss: 0.7949 | Test Acc: 73.45%
[2025-06-16 08:22:58,453] INFO: New best accuracy: 73.45%, model saved.
[2025-06-16 08:22:58,829] INFO: Epoch 38 | Step 1/196 | Loss: 0.5856 | Acc: 85.94%
[2025-06-16 08:23:12,928] INFO: Epoch 38 | Step 101/196 | Loss: 0.6890 | Acc: 80.43%
[2025-06-16 08:23:26,261] INFO: Epoch 38 training completed
[2025-06-16 08:23:27,593] INFO: Test Loss: 0.8312 | Test Acc: 72.47%
[2025-06-16 08:23:28,070] INFO: Epoch 39 | Step 1/196 | Loss: 0.6286 | Acc: 85.55%
[2025-06-16 08:23:42,168] INFO: Epoch 39 | Step 101/196 | Loss: 0.6814 | Acc: 80.57%
[2025-06-16 08:23:55,504] INFO: Epoch 39 training completed
[2025-06-16 08:23:56,813] INFO: Test Loss: 0.8507 | Test Acc: 71.78%
[2025-06-16 08:23:57,194] INFO: Epoch 40 | Step 1/196 | Loss: 0.7059 | Acc: 83.20%
[2025-06-16 08:24:11,291] INFO: Epoch 40 | Step 101/196 | Loss: 0.6923 | Acc: 80.35%
[2025-06-16 08:24:24,625] INFO: Epoch 40 training completed
[2025-06-16 08:24:25,917] INFO: Test Loss: 0.8692 | Test Acc: 71.86%
[2025-06-16 08:24:26,312] INFO: Epoch 41 | Step 1/196 | Loss: 0.6069 | Acc: 83.20%
[2025-06-16 08:24:40,411] INFO: Epoch 41 | Step 101/196 | Loss: 0.6919 | Acc: 80.25%
[2025-06-16 08:24:53,749] INFO: Epoch 41 training completed
[2025-06-16 08:24:55,034] INFO: Test Loss: 0.7599 | Test Acc: 75.27%
[2025-06-16 08:24:55,144] INFO: New best accuracy: 75.27%, model saved.
[2025-06-16 08:24:55,536] INFO: Epoch 42 | Step 1/196 | Loss: 0.5698 | Acc: 85.16%
[2025-06-16 08:25:09,637] INFO: Epoch 42 | Step 101/196 | Loss: 0.6962 | Acc: 80.26%
[2025-06-16 08:25:22,999] INFO: Epoch 42 training completed
[2025-06-16 08:25:24,288] INFO: Test Loss: 1.1011 | Test Acc: 66.31%
[2025-06-16 08:25:24,685] INFO: Epoch 43 | Step 1/196 | Loss: 0.5976 | Acc: 86.72%
[2025-06-16 08:25:38,790] INFO: Epoch 43 | Step 101/196 | Loss: 0.6911 | Acc: 80.42%
[2025-06-16 08:25:52,128] INFO: Epoch 43 training completed
[2025-06-16 08:25:53,463] INFO: Test Loss: 0.9182 | Test Acc: 70.23%
[2025-06-16 08:25:53,836] INFO: Epoch 44 | Step 1/196 | Loss: 0.6905 | Acc: 80.86%
[2025-06-16 08:26:07,938] INFO: Epoch 44 | Step 101/196 | Loss: 0.6916 | Acc: 80.38%
[2025-06-16 08:26:21,281] INFO: Epoch 44 training completed
[2025-06-16 08:26:22,610] INFO: Test Loss: 1.0548 | Test Acc: 66.90%
[2025-06-16 08:26:22,996] INFO: Epoch 45 | Step 1/196 | Loss: 0.6534 | Acc: 82.81%
[2025-06-16 08:26:37,097] INFO: Epoch 45 | Step 101/196 | Loss: 0.6892 | Acc: 80.59%
[2025-06-16 08:26:50,435] INFO: Epoch 45 training completed
[2025-06-16 08:26:51,748] INFO: Test Loss: 1.1099 | Test Acc: 64.06%
[2025-06-16 08:26:52,140] INFO: Epoch 46 | Step 1/196 | Loss: 0.6951 | Acc: 80.86%
[2025-06-16 08:27:06,237] INFO: Epoch 46 | Step 101/196 | Loss: 0.6924 | Acc: 80.65%
[2025-06-16 08:27:19,608] INFO: Epoch 46 training completed
[2025-06-16 08:27:20,907] INFO: Test Loss: 1.0532 | Test Acc: 66.87%
[2025-06-16 08:27:21,298] INFO: Epoch 47 | Step 1/196 | Loss: 0.6602 | Acc: 80.47%
[2025-06-16 08:27:35,401] INFO: Epoch 47 | Step 101/196 | Loss: 0.7001 | Acc: 80.04%
[2025-06-16 08:27:48,738] INFO: Epoch 47 training completed
[2025-06-16 08:27:50,040] INFO: Test Loss: 1.1020 | Test Acc: 66.15%
[2025-06-16 08:27:50,431] INFO: Epoch 48 | Step 1/196 | Loss: 0.6080 | Acc: 83.59%
[2025-06-16 08:28:04,531] INFO: Epoch 48 | Step 101/196 | Loss: 0.6890 | Acc: 80.28%
[2025-06-16 08:28:17,865] INFO: Epoch 48 training completed
[2025-06-16 08:28:19,166] INFO: Test Loss: 1.3635 | Test Acc: 60.00%
[2025-06-16 08:28:19,559] INFO: Epoch 49 | Step 1/196 | Loss: 0.6228 | Acc: 82.81%
[2025-06-16 08:28:33,655] INFO: Epoch 49 | Step 101/196 | Loss: 0.6825 | Acc: 80.55%
[2025-06-16 08:28:46,992] INFO: Epoch 49 training completed
[2025-06-16 08:28:48,319] INFO: Test Loss: 1.1771 | Test Acc: 64.45%
[2025-06-16 08:28:48,763] INFO: Epoch 50 | Step 1/196 | Loss: 0.5921 | Acc: 83.59%
[2025-06-16 08:29:02,875] INFO: Epoch 50 | Step 101/196 | Loss: 0.6921 | Acc: 80.38%
[2025-06-16 08:29:16,209] INFO: Epoch 50 training completed
[2025-06-16 08:29:17,515] INFO: Test Loss: 1.5131 | Test Acc: 55.00%
[2025-06-16 08:29:17,901] INFO: Epoch 51 | Step 1/196 | Loss: 0.6086 | Acc: 87.11%
[2025-06-16 08:29:32,001] INFO: Epoch 51 | Step 101/196 | Loss: 0.6881 | Acc: 80.67%
[2025-06-16 08:29:45,350] INFO: Epoch 51 training completed
[2025-06-16 08:29:46,662] INFO: Test Loss: 1.6322 | Test Acc: 55.82%
[2025-06-16 08:29:47,050] INFO: Epoch 52 | Step 1/196 | Loss: 0.6279 | Acc: 82.42%
[2025-06-16 08:30:01,149] INFO: Epoch 52 | Step 101/196 | Loss: 0.6825 | Acc: 80.65%
[2025-06-16 08:30:14,488] INFO: Epoch 52 training completed
[2025-06-16 08:30:15,818] INFO: Test Loss: 1.2311 | Test Acc: 64.16%
[2025-06-16 08:30:16,204] INFO: Epoch 53 | Step 1/196 | Loss: 0.5943 | Acc: 84.77%
[2025-06-16 08:30:30,307] INFO: Epoch 53 | Step 101/196 | Loss: 0.6887 | Acc: 80.49%
[2025-06-16 08:30:43,642] INFO: Epoch 53 training completed
[2025-06-16 08:30:44,957] INFO: Test Loss: 1.3553 | Test Acc: 59.03%
[2025-06-16 08:30:45,433] INFO: Epoch 54 | Step 1/196 | Loss: 0.5579 | Acc: 84.77%
[2025-06-16 08:30:59,535] INFO: Epoch 54 | Step 101/196 | Loss: 0.6844 | Acc: 80.79%
[2025-06-16 08:31:12,871] INFO: Epoch 54 training completed
[2025-06-16 08:31:14,181] INFO: Test Loss: 1.0590 | Test Acc: 68.29%
[2025-06-16 08:31:14,557] INFO: Epoch 55 | Step 1/196 | Loss: 0.6381 | Acc: 83.59%
[2025-06-16 08:31:28,663] INFO: Epoch 55 | Step 101/196 | Loss: 0.6864 | Acc: 80.34%
[2025-06-16 08:31:41,994] INFO: Epoch 55 training completed
[2025-06-16 08:31:43,266] INFO: Test Loss: 0.9998 | Test Acc: 69.42%
[2025-06-16 08:31:43,642] INFO: Epoch 56 | Step 1/196 | Loss: 0.5410 | Acc: 86.72%
[2025-06-16 08:31:57,747] INFO: Epoch 56 | Step 101/196 | Loss: 0.6778 | Acc: 80.72%
[2025-06-16 08:32:11,109] INFO: Epoch 56 training completed
[2025-06-16 08:32:12,432] INFO: Test Loss: 0.9893 | Test Acc: 70.10%
[2025-06-16 08:32:12,822] INFO: Epoch 57 | Step 1/196 | Loss: 0.5784 | Acc: 84.77%
[2025-06-16 08:32:26,951] INFO: Epoch 57 | Step 101/196 | Loss: 0.6779 | Acc: 81.12%
[2025-06-16 08:32:40,288] INFO: Epoch 57 training completed
[2025-06-16 08:32:41,594] INFO: Test Loss: 0.9653 | Test Acc: 69.41%
[2025-06-16 08:32:41,984] INFO: Epoch 58 | Step 1/196 | Loss: 0.5803 | Acc: 87.89%
[2025-06-16 08:32:56,128] INFO: Epoch 58 | Step 101/196 | Loss: 0.6720 | Acc: 81.20%
[2025-06-16 08:33:09,462] INFO: Epoch 58 training completed
[2025-06-16 08:33:10,724] INFO: Test Loss: 1.3537 | Test Acc: 60.45%
[2025-06-16 08:33:11,108] INFO: Epoch 59 | Step 1/196 | Loss: 0.5895 | Acc: 85.94%
[2025-06-16 08:33:25,210] INFO: Epoch 59 | Step 101/196 | Loss: 0.6778 | Acc: 80.78%
[2025-06-16 08:33:38,550] INFO: Epoch 59 training completed
[2025-06-16 08:33:39,877] INFO: Test Loss: 1.2049 | Test Acc: 64.78%
[2025-06-16 08:33:40,273] INFO: Epoch 60 | Step 1/196 | Loss: 0.5868 | Acc: 85.16%
[2025-06-16 08:33:54,377] INFO: Epoch 60 | Step 101/196 | Loss: 0.6790 | Acc: 81.01%
[2025-06-16 08:34:07,717] INFO: Epoch 60 training completed
[2025-06-16 08:34:09,015] INFO: Test Loss: 1.1389 | Test Acc: 63.75%
[2025-06-16 08:34:09,397] INFO: Epoch 61 | Step 1/196 | Loss: 0.5652 | Acc: 83.59%
[2025-06-16 08:34:23,495] INFO: Epoch 61 | Step 101/196 | Loss: 0.6807 | Acc: 80.69%
[2025-06-16 08:34:36,829] INFO: Epoch 61 training completed
[2025-06-16 08:34:38,111] INFO: Test Loss: 0.9191 | Test Acc: 70.53%
[2025-06-16 08:34:38,596] INFO: Epoch 62 | Step 1/196 | Loss: 0.5957 | Acc: 83.20%
[2025-06-16 08:34:52,691] INFO: Epoch 62 | Step 101/196 | Loss: 0.6724 | Acc: 80.93%
[2025-06-16 08:35:06,029] INFO: Epoch 62 training completed
[2025-06-16 08:35:07,324] INFO: Test Loss: 0.9638 | Test Acc: 69.57%
[2025-06-16 08:35:07,715] INFO: Epoch 63 | Step 1/196 | Loss: 0.6188 | Acc: 81.64%
[2025-06-16 08:35:21,812] INFO: Epoch 63 | Step 101/196 | Loss: 0.6598 | Acc: 81.37%
[2025-06-16 08:35:35,147] INFO: Epoch 63 training completed
[2025-06-16 08:35:36,471] INFO: Test Loss: 1.1163 | Test Acc: 65.82%
[2025-06-16 08:35:36,863] INFO: Epoch 64 | Step 1/196 | Loss: 0.5820 | Acc: 85.55%
[2025-06-16 08:35:50,966] INFO: Epoch 64 | Step 101/196 | Loss: 0.6761 | Acc: 80.83%
[2025-06-16 08:36:04,305] INFO: Epoch 64 training completed
[2025-06-16 08:36:05,584] INFO: Test Loss: 0.9847 | Test Acc: 69.76%
[2025-06-16 08:36:05,975] INFO: Epoch 65 | Step 1/196 | Loss: 0.5930 | Acc: 83.98%
[2025-06-16 08:36:20,070] INFO: Epoch 65 | Step 101/196 | Loss: 0.6646 | Acc: 81.41%
[2025-06-16 08:36:33,411] INFO: Epoch 65 training completed
[2025-06-16 08:36:34,741] INFO: Test Loss: 1.1479 | Test Acc: 64.09%
[2025-06-16 08:36:35,222] INFO: Epoch 66 | Step 1/196 | Loss: 0.5212 | Acc: 85.55%
[2025-06-16 08:36:49,322] INFO: Epoch 66 | Step 101/196 | Loss: 0.6539 | Acc: 81.39%
[2025-06-16 08:37:02,677] INFO: Epoch 66 training completed
[2025-06-16 08:37:04,051] INFO: Test Loss: 0.9435 | Test Acc: 69.30%
[2025-06-16 08:37:04,464] INFO: Epoch 67 | Step 1/196 | Loss: 0.5518 | Acc: 86.33%
[2025-06-16 08:37:18,569] INFO: Epoch 67 | Step 101/196 | Loss: 0.6709 | Acc: 81.14%
[2025-06-16 08:37:31,905] INFO: Epoch 67 training completed
[2025-06-16 08:37:33,203] INFO: Test Loss: 1.2944 | Test Acc: 62.10%
[2025-06-16 08:37:33,592] INFO: Epoch 68 | Step 1/196 | Loss: 0.6118 | Acc: 83.59%
[2025-06-16 08:37:47,696] INFO: Epoch 68 | Step 101/196 | Loss: 0.6506 | Acc: 81.67%
[2025-06-16 08:38:01,030] INFO: Epoch 68 training completed
[2025-06-16 08:38:02,342] INFO: Test Loss: 0.8565 | Test Acc: 73.29%
[2025-06-16 08:38:02,724] INFO: Epoch 69 | Step 1/196 | Loss: 0.6145 | Acc: 83.20%
[2025-06-16 08:38:16,822] INFO: Epoch 69 | Step 101/196 | Loss: 0.6509 | Acc: 81.61%
[2025-06-16 08:38:30,155] INFO: Epoch 69 training completed
[2025-06-16 08:38:31,478] INFO: Test Loss: 0.8425 | Test Acc: 73.27%
[2025-06-16 08:38:31,933] INFO: Epoch 70 | Step 1/196 | Loss: 0.5783 | Acc: 85.55%
[2025-06-16 08:38:46,025] INFO: Epoch 70 | Step 101/196 | Loss: 0.6588 | Acc: 81.18%
[2025-06-16 08:38:59,364] INFO: Epoch 70 training completed
[2025-06-16 08:39:00,630] INFO: Test Loss: 0.9813 | Test Acc: 71.34%
[2025-06-16 08:39:01,017] INFO: Epoch 71 | Step 1/196 | Loss: 0.5755 | Acc: 85.55%
[2025-06-16 08:39:15,116] INFO: Epoch 71 | Step 101/196 | Loss: 0.6487 | Acc: 81.59%
[2025-06-16 08:39:28,459] INFO: Epoch 71 training completed
[2025-06-16 08:39:29,774] INFO: Test Loss: 0.9535 | Test Acc: 68.71%
[2025-06-16 08:39:30,161] INFO: Epoch 72 | Step 1/196 | Loss: 0.5444 | Acc: 84.38%
[2025-06-16 08:39:44,261] INFO: Epoch 72 | Step 101/196 | Loss: 0.6517 | Acc: 81.48%
[2025-06-16 08:39:57,598] INFO: Epoch 72 training completed
[2025-06-16 08:39:58,878] INFO: Test Loss: 1.6474 | Test Acc: 54.55%
[2025-06-16 08:39:59,270] INFO: Epoch 73 | Step 1/196 | Loss: 0.5840 | Acc: 82.81%
[2025-06-16 08:40:13,370] INFO: Epoch 73 | Step 101/196 | Loss: 0.6540 | Acc: 81.39%
[2025-06-16 08:40:26,699] INFO: Epoch 73 training completed
[2025-06-16 08:40:28,011] INFO: Test Loss: 0.6989 | Test Acc: 77.96%
[2025-06-16 08:40:28,121] INFO: New best accuracy: 77.96%, model saved.
[2025-06-16 08:40:28,557] INFO: Epoch 74 | Step 1/196 | Loss: 0.5359 | Acc: 85.55%
[2025-06-16 08:40:42,652] INFO: Epoch 74 | Step 101/196 | Loss: 0.6398 | Acc: 81.93%
[2025-06-16 08:40:55,984] INFO: Epoch 74 training completed
[2025-06-16 08:40:57,310] INFO: Test Loss: 0.9303 | Test Acc: 70.04%
[2025-06-16 08:40:57,697] INFO: Epoch 75 | Step 1/196 | Loss: 0.6125 | Acc: 83.98%
[2025-06-16 08:41:11,795] INFO: Epoch 75 | Step 101/196 | Loss: 0.6452 | Acc: 81.85%
[2025-06-16 08:41:25,125] INFO: Epoch 75 training completed
[2025-06-16 08:41:26,397] INFO: Test Loss: 0.9350 | Test Acc: 72.28%
[2025-06-16 08:41:26,791] INFO: Epoch 76 | Step 1/196 | Loss: 0.5917 | Acc: 86.72%
[2025-06-16 08:41:40,887] INFO: Epoch 76 | Step 101/196 | Loss: 0.6475 | Acc: 81.83%
[2025-06-16 08:41:54,222] INFO: Epoch 76 training completed
[2025-06-16 08:41:55,542] INFO: Test Loss: 1.1312 | Test Acc: 68.19%
[2025-06-16 08:41:55,932] INFO: Epoch 77 | Step 1/196 | Loss: 0.5963 | Acc: 81.64%
[2025-06-16 08:42:10,034] INFO: Epoch 77 | Step 101/196 | Loss: 0.6380 | Acc: 81.93%
[2025-06-16 08:42:23,366] INFO: Epoch 77 training completed
[2025-06-16 08:42:24,647] INFO: Test Loss: 1.0512 | Test Acc: 68.13%
[2025-06-16 08:42:25,125] INFO: Epoch 78 | Step 1/196 | Loss: 0.5460 | Acc: 86.72%
[2025-06-16 08:42:39,224] INFO: Epoch 78 | Step 101/196 | Loss: 0.6428 | Acc: 81.84%
[2025-06-16 08:42:52,555] INFO: Epoch 78 training completed
[2025-06-16 08:42:53,819] INFO: Test Loss: 1.6542 | Test Acc: 47.32%
[2025-06-16 08:42:54,212] INFO: Epoch 79 | Step 1/196 | Loss: 1.3483 | Acc: 60.94%
[2025-06-16 08:43:08,390] INFO: Epoch 79 | Step 101/196 | Loss: 0.7260 | Acc: 79.45%
[2025-06-16 08:43:21,731] INFO: Epoch 79 training completed
[2025-06-16 08:43:22,996] INFO: Test Loss: 0.9195 | Test Acc: 71.91%
[2025-06-16 08:43:23,383] INFO: Epoch 80 | Step 1/196 | Loss: 0.5889 | Acc: 83.98%
[2025-06-16 08:43:37,487] INFO: Epoch 80 | Step 101/196 | Loss: 0.6698 | Acc: 81.17%
[2025-06-16 08:43:50,823] INFO: Epoch 80 training completed
[2025-06-16 08:43:52,184] INFO: Test Loss: 0.8738 | Test Acc: 72.76%
[2025-06-16 08:43:52,570] INFO: Epoch 81 | Step 1/196 | Loss: 0.5507 | Acc: 84.38%
[2025-06-16 08:44:06,673] INFO: Epoch 81 | Step 101/196 | Loss: 0.6590 | Acc: 81.45%
[2025-06-16 08:44:20,009] INFO: Epoch 81 training completed
[2025-06-16 08:44:21,300] INFO: Test Loss: 0.9644 | Test Acc: 68.77%
[2025-06-16 08:44:21,772] INFO: Epoch 82 | Step 1/196 | Loss: 0.6238 | Acc: 83.98%
[2025-06-16 08:44:35,866] INFO: Epoch 82 | Step 101/196 | Loss: 0.6477 | Acc: 81.88%
[2025-06-16 08:44:49,199] INFO: Epoch 82 training completed
[2025-06-16 08:44:50,510] INFO: Test Loss: 1.0648 | Test Acc: 66.68%
[2025-06-16 08:44:50,881] INFO: Epoch 83 | Step 1/196 | Loss: 0.5508 | Acc: 85.55%
[2025-06-16 08:45:04,981] INFO: Epoch 83 | Step 101/196 | Loss: 0.6349 | Acc: 81.96%
[2025-06-16 08:45:18,319] INFO: Epoch 83 training completed
[2025-06-16 08:45:19,645] INFO: Test Loss: 0.8209 | Test Acc: 74.05%
[2025-06-16 08:45:20,026] INFO: Epoch 84 | Step 1/196 | Loss: 0.5568 | Acc: 85.55%
[2025-06-16 08:45:34,123] INFO: Epoch 84 | Step 101/196 | Loss: 0.6278 | Acc: 82.21%
[2025-06-16 08:45:47,460] INFO: Epoch 84 training completed
[2025-06-16 08:45:48,720] INFO: Test Loss: 0.9823 | Test Acc: 70.68%
[2025-06-16 08:45:49,111] INFO: Epoch 85 | Step 1/196 | Loss: 0.6456 | Acc: 83.98%
[2025-06-16 08:46:03,214] INFO: Epoch 85 | Step 101/196 | Loss: 0.6318 | Acc: 82.16%
[2025-06-16 08:46:16,545] INFO: Epoch 85 training completed
[2025-06-16 08:46:17,860] INFO: Test Loss: 1.0827 | Test Acc: 66.70%
[2025-06-16 08:46:18,336] INFO: Epoch 86 | Step 1/196 | Loss: 0.6261 | Acc: 82.81%
[2025-06-16 08:46:32,430] INFO: Epoch 86 | Step 101/196 | Loss: 0.6358 | Acc: 82.04%
[2025-06-16 08:46:45,760] INFO: Epoch 86 training completed
[2025-06-16 08:46:47,079] INFO: Test Loss: 0.9098 | Test Acc: 72.61%
[2025-06-16 08:46:47,465] INFO: Epoch 87 | Step 1/196 | Loss: 0.5919 | Acc: 84.77%
[2025-06-16 08:47:01,560] INFO: Epoch 87 | Step 101/196 | Loss: 0.6272 | Acc: 82.29%
[2025-06-16 08:47:14,896] INFO: Epoch 87 training completed
[2025-06-16 08:47:16,178] INFO: Test Loss: 1.0538 | Test Acc: 67.48%
[2025-06-16 08:47:16,569] INFO: Epoch 88 | Step 1/196 | Loss: 0.6179 | Acc: 84.38%
[2025-06-16 08:47:30,672] INFO: Epoch 88 | Step 101/196 | Loss: 0.6276 | Acc: 82.46%
[2025-06-16 08:47:44,005] INFO: Epoch 88 training completed
[2025-06-16 08:47:45,323] INFO: Test Loss: 1.0771 | Test Acc: 67.19%
[2025-06-16 08:47:45,709] INFO: Epoch 89 | Step 1/196 | Loss: 0.5482 | Acc: 87.11%
[2025-06-16 08:47:59,807] INFO: Epoch 89 | Step 101/196 | Loss: 0.6250 | Acc: 82.41%
[2025-06-16 08:48:13,141] INFO: Epoch 89 training completed
[2025-06-16 08:48:14,460] INFO: Test Loss: 1.0190 | Test Acc: 69.23%
[2025-06-16 08:48:14,920] INFO: Epoch 90 | Step 1/196 | Loss: 0.5674 | Acc: 85.55%
[2025-06-16 08:48:29,020] INFO: Epoch 90 | Step 101/196 | Loss: 0.6220 | Acc: 82.63%
[2025-06-16 08:48:42,353] INFO: Epoch 90 training completed
[2025-06-16 08:48:43,664] INFO: Test Loss: 0.8518 | Test Acc: 73.54%
[2025-06-16 08:48:44,061] INFO: Epoch 91 | Step 1/196 | Loss: 0.6271 | Acc: 83.20%
[2025-06-16 08:48:58,159] INFO: Epoch 91 | Step 101/196 | Loss: 0.6145 | Acc: 82.59%
[2025-06-16 08:49:11,496] INFO: Epoch 91 training completed
[2025-06-16 08:49:12,811] INFO: Test Loss: 0.8585 | Test Acc: 73.04%
[2025-06-16 08:49:13,197] INFO: Epoch 92 | Step 1/196 | Loss: 0.5462 | Acc: 84.77%
[2025-06-16 08:49:27,298] INFO: Epoch 92 | Step 101/196 | Loss: 0.6170 | Acc: 82.56%
[2025-06-16 08:49:40,636] INFO: Epoch 92 training completed
[2025-06-16 08:49:41,921] INFO: Test Loss: 1.0031 | Test Acc: 69.74%
[2025-06-16 08:49:42,315] INFO: Epoch 93 | Step 1/196 | Loss: 0.6355 | Acc: 82.03%
[2025-06-16 08:49:56,415] INFO: Epoch 93 | Step 101/196 | Loss: 0.6122 | Acc: 82.53%
[2025-06-16 08:50:09,753] INFO: Epoch 93 training completed
[2025-06-16 08:50:11,045] INFO: Test Loss: 0.9796 | Test Acc: 70.32%
[2025-06-16 08:50:11,518] INFO: Epoch 94 | Step 1/196 | Loss: 0.5778 | Acc: 85.16%
[2025-06-16 08:50:25,616] INFO: Epoch 94 | Step 101/196 | Loss: 0.6102 | Acc: 83.00%
[2025-06-16 08:50:38,952] INFO: Epoch 94 training completed
[2025-06-16 08:50:40,259] INFO: Test Loss: 0.7802 | Test Acc: 75.61%
[2025-06-16 08:50:40,662] INFO: Epoch 95 | Step 1/196 | Loss: 0.5621 | Acc: 85.16%
[2025-06-16 08:50:54,765] INFO: Epoch 95 | Step 101/196 | Loss: 0.6037 | Acc: 82.96%
[2025-06-16 08:51:08,104] INFO: Epoch 95 training completed
[2025-06-16 08:51:09,428] INFO: Test Loss: 0.7773 | Test Acc: 76.22%
[2025-06-16 08:51:09,811] INFO: Epoch 96 | Step 1/196 | Loss: 0.5137 | Acc: 87.50%
[2025-06-16 08:51:23,914] INFO: Epoch 96 | Step 101/196 | Loss: 0.6027 | Acc: 83.05%
[2025-06-16 08:51:37,251] INFO: Epoch 96 training completed
[2025-06-16 08:51:38,562] INFO: Test Loss: 0.8228 | Test Acc: 74.22%
[2025-06-16 08:51:38,952] INFO: Epoch 97 | Step 1/196 | Loss: 0.4595 | Acc: 87.50%
[2025-06-16 08:51:53,055] INFO: Epoch 97 | Step 101/196 | Loss: 0.5979 | Acc: 83.25%
[2025-06-16 08:52:06,427] INFO: Epoch 97 training completed
[2025-06-16 08:52:07,858] INFO: Test Loss: 0.8842 | Test Acc: 72.73%
[2025-06-16 08:52:08,355] INFO: Epoch 98 | Step 1/196 | Loss: 0.5294 | Acc: 83.59%
[2025-06-16 08:52:22,456] INFO: Epoch 98 | Step 101/196 | Loss: 0.6023 | Acc: 83.03%
[2025-06-16 08:52:35,790] INFO: Epoch 98 training completed
[2025-06-16 08:52:37,119] INFO: Test Loss: 1.1712 | Test Acc: 66.08%
[2025-06-16 08:52:37,489] INFO: Epoch 99 | Step 1/196 | Loss: 0.5302 | Acc: 85.16%
[2025-06-16 08:52:51,592] INFO: Epoch 99 | Step 101/196 | Loss: 0.6034 | Acc: 82.91%
[2025-06-16 08:53:04,930] INFO: Epoch 99 training completed
[2025-06-16 08:53:06,186] INFO: Test Loss: 0.9548 | Test Acc: 71.51%
[2025-06-16 08:53:06,572] INFO: Epoch 100 | Step 1/196 | Loss: 0.4790 | Acc: 86.33%
[2025-06-16 08:53:20,668] INFO: Epoch 100 | Step 101/196 | Loss: 0.5980 | Acc: 83.04%
[2025-06-16 08:53:34,002] INFO: Epoch 100 training completed
[2025-06-16 08:53:35,310] INFO: Test Loss: 0.9250 | Test Acc: 71.68%
[2025-06-16 08:53:35,695] INFO: Epoch 101 | Step 1/196 | Loss: 0.5100 | Acc: 87.11%
[2025-06-16 08:53:49,794] INFO: Epoch 101 | Step 101/196 | Loss: 0.5913 | Acc: 83.31%
[2025-06-16 08:54:03,130] INFO: Epoch 101 training completed
[2025-06-16 08:54:04,450] INFO: Test Loss: 0.9784 | Test Acc: 70.04%
[2025-06-16 08:54:04,925] INFO: Epoch 102 | Step 1/196 | Loss: 0.4708 | Acc: 87.11%
[2025-06-16 08:54:19,029] INFO: Epoch 102 | Step 101/196 | Loss: 0.5855 | Acc: 83.46%
[2025-06-16 08:54:32,362] INFO: Epoch 102 training completed
[2025-06-16 08:54:33,654] INFO: Test Loss: 0.9020 | Test Acc: 71.69%
[2025-06-16 08:54:34,036] INFO: Epoch 103 | Step 1/196 | Loss: 0.4605 | Acc: 87.89%
[2025-06-16 08:54:48,135] INFO: Epoch 103 | Step 101/196 | Loss: 0.5803 | Acc: 83.78%
[2025-06-16 08:55:01,475] INFO: Epoch 103 training completed
[2025-06-16 08:55:02,796] INFO: Test Loss: 0.8108 | Test Acc: 75.15%
[2025-06-16 08:55:03,169] INFO: Epoch 104 | Step 1/196 | Loss: 0.5204 | Acc: 84.77%
[2025-06-16 08:55:17,266] INFO: Epoch 104 | Step 101/196 | Loss: 0.6106 | Acc: 82.80%
[2025-06-16 08:55:30,598] INFO: Epoch 104 training completed
[2025-06-16 08:55:31,895] INFO: Test Loss: 0.9766 | Test Acc: 71.37%
[2025-06-16 08:55:32,289] INFO: Epoch 105 | Step 1/196 | Loss: 0.5303 | Acc: 86.33%
[2025-06-16 08:55:46,388] INFO: Epoch 105 | Step 101/196 | Loss: 0.5875 | Acc: 83.68%
[2025-06-16 08:55:59,728] INFO: Epoch 105 training completed
[2025-06-16 08:56:01,024] INFO: Test Loss: 0.6806 | Test Acc: 78.05%
[2025-06-16 08:56:01,131] INFO: New best accuracy: 78.05%, model saved.
[2025-06-16 08:56:01,514] INFO: Epoch 106 | Step 1/196 | Loss: 0.5299 | Acc: 85.16%
[2025-06-16 08:56:15,669] INFO: Epoch 106 | Step 101/196 | Loss: 0.5787 | Acc: 83.67%
[2025-06-16 08:56:29,006] INFO: Epoch 106 training completed
[2025-06-16 08:56:30,324] INFO: Test Loss: 0.8535 | Test Acc: 74.78%
[2025-06-16 08:56:30,718] INFO: Epoch 107 | Step 1/196 | Loss: 0.5746 | Acc: 85.16%
[2025-06-16 08:56:44,817] INFO: Epoch 107 | Step 101/196 | Loss: 0.5837 | Acc: 83.67%
[2025-06-16 08:56:58,152] INFO: Epoch 107 training completed
[2025-06-16 08:56:59,480] INFO: Test Loss: 1.0119 | Test Acc: 68.14%
[2025-06-16 08:56:59,886] INFO: Epoch 108 | Step 1/196 | Loss: 0.5239 | Acc: 85.94%
[2025-06-16 08:57:13,988] INFO: Epoch 108 | Step 101/196 | Loss: 0.5766 | Acc: 83.68%
[2025-06-16 08:57:27,329] INFO: Epoch 108 training completed
[2025-06-16 08:57:28,651] INFO: Test Loss: 0.9581 | Test Acc: 71.11%
[2025-06-16 08:57:29,037] INFO: Epoch 109 | Step 1/196 | Loss: 0.4697 | Acc: 86.72%
[2025-06-16 08:57:43,141] INFO: Epoch 109 | Step 101/196 | Loss: 0.6688 | Acc: 81.18%
[2025-06-16 08:57:56,479] INFO: Epoch 109 training completed
[2025-06-16 08:57:57,756] INFO: Test Loss: 0.7844 | Test Acc: 75.93%
[2025-06-16 08:57:58,233] INFO: Epoch 110 | Step 1/196 | Loss: 0.4708 | Acc: 87.50%
[2025-06-16 08:58:12,334] INFO: Epoch 110 | Step 101/196 | Loss: 0.5846 | Acc: 83.42%
[2025-06-16 08:58:25,667] INFO: Epoch 110 training completed
[2025-06-16 08:58:26,963] INFO: Test Loss: 0.8744 | Test Acc: 73.46%
[2025-06-16 08:58:27,360] INFO: Epoch 111 | Step 1/196 | Loss: 0.4593 | Acc: 89.45%
[2025-06-16 08:58:41,457] INFO: Epoch 111 | Step 101/196 | Loss: 0.5733 | Acc: 84.05%
[2025-06-16 08:58:54,791] INFO: Epoch 111 training completed
[2025-06-16 08:58:56,087] INFO: Test Loss: 1.2143 | Test Acc: 65.24%
[2025-06-16 08:58:56,471] INFO: Epoch 112 | Step 1/196 | Loss: 0.5073 | Acc: 85.55%
[2025-06-16 08:59:10,578] INFO: Epoch 112 | Step 101/196 | Loss: 0.5681 | Acc: 83.97%
[2025-06-16 08:59:23,922] INFO: Epoch 112 training completed
[2025-06-16 08:59:25,233] INFO: Test Loss: 0.8989 | Test Acc: 72.71%
[2025-06-16 08:59:25,614] INFO: Epoch 113 | Step 1/196 | Loss: 0.5247 | Acc: 85.94%
[2025-06-16 08:59:39,713] INFO: Epoch 113 | Step 101/196 | Loss: 0.5620 | Acc: 84.22%
[2025-06-16 08:59:53,043] INFO: Epoch 113 training completed
[2025-06-16 08:59:54,368] INFO: Test Loss: 0.7622 | Test Acc: 76.06%
[2025-06-16 08:59:54,764] INFO: Epoch 114 | Step 1/196 | Loss: 0.5213 | Acc: 84.77%
[2025-06-16 09:00:08,902] INFO: Epoch 114 | Step 101/196 | Loss: 0.5609 | Acc: 84.33%
[2025-06-16 09:00:22,238] INFO: Epoch 114 training completed
[2025-06-16 09:00:23,541] INFO: Test Loss: 0.7660 | Test Acc: 76.00%
[2025-06-16 09:00:23,928] INFO: Epoch 115 | Step 1/196 | Loss: 0.5513 | Acc: 86.33%
[2025-06-16 09:00:38,026] INFO: Epoch 115 | Step 101/196 | Loss: 0.5501 | Acc: 84.48%
[2025-06-16 09:00:51,362] INFO: Epoch 115 training completed
[2025-06-16 09:00:52,698] INFO: Test Loss: 0.8792 | Test Acc: 73.24%
[2025-06-16 09:00:53,087] INFO: Epoch 116 | Step 1/196 | Loss: 0.5062 | Acc: 87.11%
[2025-06-16 09:01:07,189] INFO: Epoch 116 | Step 101/196 | Loss: 0.5613 | Acc: 84.29%
[2025-06-16 09:01:20,528] INFO: Epoch 116 training completed
[2025-06-16 09:01:21,868] INFO: Test Loss: 0.7263 | Test Acc: 76.99%
[2025-06-16 09:01:22,265] INFO: Epoch 117 | Step 1/196 | Loss: 0.5101 | Acc: 86.33%
[2025-06-16 09:01:36,367] INFO: Epoch 117 | Step 101/196 | Loss: 0.5477 | Acc: 84.70%
[2025-06-16 09:01:49,716] INFO: Epoch 117 training completed
[2025-06-16 09:01:51,000] INFO: Test Loss: 0.8521 | Test Acc: 73.72%
[2025-06-16 09:01:51,502] INFO: Epoch 118 | Step 1/196 | Loss: 0.5771 | Acc: 85.94%
[2025-06-16 09:02:05,611] INFO: Epoch 118 | Step 101/196 | Loss: 0.5485 | Acc: 84.73%
[2025-06-16 09:02:18,949] INFO: Epoch 118 training completed
[2025-06-16 09:02:20,262] INFO: Test Loss: 0.9368 | Test Acc: 71.44%
[2025-06-16 09:02:20,654] INFO: Epoch 119 | Step 1/196 | Loss: 0.4898 | Acc: 86.72%
[2025-06-16 09:02:34,754] INFO: Epoch 119 | Step 101/196 | Loss: 0.5388 | Acc: 84.82%
[2025-06-16 09:02:48,119] INFO: Epoch 119 training completed
[2025-06-16 09:02:49,386] INFO: Test Loss: 0.6512 | Test Acc: 79.65%
[2025-06-16 09:02:49,494] INFO: New best accuracy: 79.65%, model saved.
[2025-06-16 09:02:49,862] INFO: Epoch 120 | Step 1/196 | Loss: 0.4976 | Acc: 86.33%
[2025-06-16 09:03:03,980] INFO: Epoch 120 | Step 101/196 | Loss: 0.5348 | Acc: 84.88%
[2025-06-16 09:03:17,323] INFO: Epoch 120 training completed
[2025-06-16 09:03:18,603] INFO: Test Loss: 0.7508 | Test Acc: 76.72%
[2025-06-16 09:03:18,992] INFO: Epoch 121 | Step 1/196 | Loss: 0.4776 | Acc: 86.72%
[2025-06-16 09:03:33,101] INFO: Epoch 121 | Step 101/196 | Loss: 0.5361 | Acc: 85.01%
[2025-06-16 09:03:46,470] INFO: Epoch 121 training completed
[2025-06-16 09:03:47,798] INFO: Test Loss: 0.7010 | Test Acc: 78.17%
[2025-06-16 09:03:48,188] INFO: Epoch 122 | Step 1/196 | Loss: 0.3990 | Acc: 88.67%
[2025-06-16 09:04:02,290] INFO: Epoch 122 | Step 101/196 | Loss: 0.5348 | Acc: 85.08%
[2025-06-16 09:04:15,627] INFO: Epoch 122 training completed
[2025-06-16 09:04:16,926] INFO: Test Loss: 0.8045 | Test Acc: 74.95%
[2025-06-16 09:04:17,316] INFO: Epoch 123 | Step 1/196 | Loss: 0.4426 | Acc: 87.89%
[2025-06-16 09:04:31,417] INFO: Epoch 123 | Step 101/196 | Loss: 0.5332 | Acc: 84.99%
[2025-06-16 09:04:44,760] INFO: Epoch 123 training completed
[2025-06-16 09:04:46,062] INFO: Test Loss: 0.7656 | Test Acc: 76.04%
[2025-06-16 09:04:46,458] INFO: Epoch 124 | Step 1/196 | Loss: 0.4555 | Acc: 89.06%
[2025-06-16 09:05:00,563] INFO: Epoch 124 | Step 101/196 | Loss: 0.5261 | Acc: 85.36%
[2025-06-16 09:05:13,908] INFO: Epoch 124 training completed
[2025-06-16 09:05:15,239] INFO: Test Loss: 0.7993 | Test Acc: 75.77%
[2025-06-16 09:05:15,628] INFO: Epoch 125 | Step 1/196 | Loss: 0.4900 | Acc: 86.33%
[2025-06-16 09:05:29,724] INFO: Epoch 125 | Step 101/196 | Loss: 0.5228 | Acc: 85.38%
[2025-06-16 09:05:43,121] INFO: Epoch 125 training completed
[2025-06-16 09:05:44,411] INFO: Test Loss: 0.7518 | Test Acc: 76.43%
[2025-06-16 09:05:44,785] INFO: Epoch 126 | Step 1/196 | Loss: 0.5112 | Acc: 86.72%
[2025-06-16 09:05:58,918] INFO: Epoch 126 | Step 101/196 | Loss: 0.5218 | Acc: 85.34%
[2025-06-16 09:06:12,289] INFO: Epoch 126 training completed
[2025-06-16 09:06:13,610] INFO: Test Loss: 0.7119 | Test Acc: 77.78%
[2025-06-16 09:06:13,996] INFO: Epoch 127 | Step 1/196 | Loss: 0.4439 | Acc: 87.89%
[2025-06-16 09:06:28,124] INFO: Epoch 127 | Step 101/196 | Loss: 0.5165 | Acc: 85.55%
[2025-06-16 09:06:41,498] INFO: Epoch 127 training completed
[2025-06-16 09:06:42,807] INFO: Test Loss: 0.6624 | Test Acc: 80.10%
[2025-06-16 09:06:42,920] INFO: New best accuracy: 80.10%, model saved.
[2025-06-16 09:06:43,310] INFO: Epoch 128 | Step 1/196 | Loss: 0.3792 | Acc: 90.62%
[2025-06-16 09:06:57,446] INFO: Epoch 128 | Step 101/196 | Loss: 0.5028 | Acc: 86.27%
[2025-06-16 09:07:10,852] INFO: Epoch 128 training completed
[2025-06-16 09:07:12,152] INFO: Test Loss: 0.6826 | Test Acc: 78.79%
[2025-06-16 09:07:12,535] INFO: Epoch 129 | Step 1/196 | Loss: 0.4343 | Acc: 88.67%
[2025-06-16 09:07:26,711] INFO: Epoch 129 | Step 101/196 | Loss: 0.5149 | Acc: 85.64%
[2025-06-16 09:07:40,082] INFO: Epoch 129 training completed
[2025-06-16 09:07:41,371] INFO: Test Loss: 0.6635 | Test Acc: 79.62%
[2025-06-16 09:07:41,768] INFO: Epoch 130 | Step 1/196 | Loss: 0.4491 | Acc: 88.67%
[2025-06-16 09:07:55,901] INFO: Epoch 130 | Step 101/196 | Loss: 0.5056 | Acc: 85.77%
[2025-06-16 09:08:09,270] INFO: Epoch 130 training completed
[2025-06-16 09:08:10,591] INFO: Test Loss: 0.6665 | Test Acc: 79.56%
[2025-06-16 09:08:10,975] INFO: Epoch 131 | Step 1/196 | Loss: 0.3710 | Acc: 91.02%
[2025-06-16 09:08:25,117] INFO: Epoch 131 | Step 101/196 | Loss: 0.4974 | Acc: 86.20%
[2025-06-16 09:08:38,501] INFO: Epoch 131 training completed
[2025-06-16 09:08:39,792] INFO: Test Loss: 0.7780 | Test Acc: 74.71%
[2025-06-16 09:08:40,186] INFO: Epoch 132 | Step 1/196 | Loss: 0.4446 | Acc: 89.45%
[2025-06-16 09:08:54,323] INFO: Epoch 132 | Step 101/196 | Loss: 0.4971 | Acc: 86.21%
[2025-06-16 09:09:07,694] INFO: Epoch 132 training completed
[2025-06-16 09:09:08,967] INFO: Test Loss: 0.6576 | Test Acc: 79.93%
[2025-06-16 09:09:09,439] INFO: Epoch 133 | Step 1/196 | Loss: 0.4133 | Acc: 90.23%
[2025-06-16 09:09:23,579] INFO: Epoch 133 | Step 101/196 | Loss: 0.4897 | Acc: 86.39%
[2025-06-16 09:09:36,948] INFO: Epoch 133 training completed
[2025-06-16 09:09:38,287] INFO: Test Loss: 0.7288 | Test Acc: 77.59%
[2025-06-16 09:09:38,686] INFO: Epoch 134 | Step 1/196 | Loss: 0.3884 | Acc: 91.02%
[2025-06-16 09:09:52,831] INFO: Epoch 134 | Step 101/196 | Loss: 0.4867 | Acc: 86.46%
[2025-06-16 09:10:06,210] INFO: Epoch 134 training completed
[2025-06-16 09:10:07,501] INFO: Test Loss: 0.7212 | Test Acc: 77.80%
[2025-06-16 09:10:07,882] INFO: Epoch 135 | Step 1/196 | Loss: 0.4774 | Acc: 86.72%
[2025-06-16 09:10:22,023] INFO: Epoch 135 | Step 101/196 | Loss: 0.4880 | Acc: 86.28%
[2025-06-16 09:10:35,401] INFO: Epoch 135 training completed
[2025-06-16 09:10:36,744] INFO: Test Loss: 0.7100 | Test Acc: 78.21%
[2025-06-16 09:10:37,137] INFO: Epoch 136 | Step 1/196 | Loss: 0.4286 | Acc: 88.28%
[2025-06-16 09:10:51,280] INFO: Epoch 136 | Step 101/196 | Loss: 0.4843 | Acc: 86.35%
[2025-06-16 09:11:04,653] INFO: Epoch 136 training completed
[2025-06-16 09:11:05,960] INFO: Test Loss: 0.7132 | Test Acc: 78.49%
[2025-06-16 09:11:06,444] INFO: Epoch 137 | Step 1/196 | Loss: 0.4513 | Acc: 87.50%
[2025-06-16 09:11:20,586] INFO: Epoch 137 | Step 101/196 | Loss: 0.4777 | Acc: 86.68%
[2025-06-16 09:11:33,959] INFO: Epoch 137 training completed
[2025-06-16 09:11:35,268] INFO: Test Loss: 0.7062 | Test Acc: 78.23%
[2025-06-16 09:11:35,662] INFO: Epoch 138 | Step 1/196 | Loss: 0.4812 | Acc: 88.28%
[2025-06-16 09:11:49,799] INFO: Epoch 138 | Step 101/196 | Loss: 0.4617 | Acc: 87.27%
[2025-06-16 09:12:03,170] INFO: Epoch 138 training completed
[2025-06-16 09:12:04,501] INFO: Test Loss: 0.6004 | Test Acc: 81.77%
[2025-06-16 09:12:04,610] INFO: New best accuracy: 81.77%, model saved.
[2025-06-16 09:12:05,006] INFO: Epoch 139 | Step 1/196 | Loss: 0.4259 | Acc: 90.62%
[2025-06-16 09:12:19,156] INFO: Epoch 139 | Step 101/196 | Loss: 0.4662 | Acc: 87.00%
[2025-06-16 09:12:32,529] INFO: Epoch 139 training completed
[2025-06-16 09:12:33,862] INFO: Test Loss: 0.6718 | Test Acc: 79.72%
[2025-06-16 09:12:34,263] INFO: Epoch 140 | Step 1/196 | Loss: 0.4048 | Acc: 91.41%
[2025-06-16 09:12:48,403] INFO: Epoch 140 | Step 101/196 | Loss: 0.4654 | Acc: 87.04%
[2025-06-16 09:13:01,816] INFO: Epoch 140 training completed
[2025-06-16 09:13:03,089] INFO: Test Loss: 0.6463 | Test Acc: 80.19%
[2025-06-16 09:13:03,474] INFO: Epoch 141 | Step 1/196 | Loss: 0.4168 | Acc: 87.11%
[2025-06-16 09:13:17,615] INFO: Epoch 141 | Step 101/196 | Loss: 0.4581 | Acc: 87.16%
[2025-06-16 09:13:30,988] INFO: Epoch 141 training completed
[2025-06-16 09:13:32,304] INFO: Test Loss: 0.6644 | Test Acc: 79.87%
[2025-06-16 09:13:32,707] INFO: Epoch 142 | Step 1/196 | Loss: 0.3654 | Acc: 91.80%
[2025-06-16 09:13:46,846] INFO: Epoch 142 | Step 101/196 | Loss: 0.4545 | Acc: 87.33%
[2025-06-16 09:14:00,225] INFO: Epoch 142 training completed
[2025-06-16 09:14:01,507] INFO: Test Loss: 0.6402 | Test Acc: 80.46%
[2025-06-16 09:14:01,906] INFO: Epoch 143 | Step 1/196 | Loss: 0.3829 | Acc: 88.28%
[2025-06-16 09:14:16,046] INFO: Epoch 143 | Step 101/196 | Loss: 0.4446 | Acc: 87.41%
[2025-06-16 09:14:29,420] INFO: Epoch 143 training completed
[2025-06-16 09:14:30,743] INFO: Test Loss: 0.5235 | Test Acc: 83.58%
[2025-06-16 09:14:30,857] INFO: New best accuracy: 83.58%, model saved.
[2025-06-16 09:14:31,237] INFO: Epoch 144 | Step 1/196 | Loss: 0.4576 | Acc: 89.06%
[2025-06-16 09:14:45,403] INFO: Epoch 144 | Step 101/196 | Loss: 0.4570 | Acc: 87.22%
[2025-06-16 09:14:58,778] INFO: Epoch 144 training completed
[2025-06-16 09:15:00,089] INFO: Test Loss: 0.5614 | Test Acc: 82.49%
[2025-06-16 09:15:00,480] INFO: Epoch 145 | Step 1/196 | Loss: 0.3874 | Acc: 90.23%
[2025-06-16 09:15:14,620] INFO: Epoch 145 | Step 101/196 | Loss: 0.4448 | Acc: 87.62%
[2025-06-16 09:15:27,992] INFO: Epoch 145 training completed
[2025-06-16 09:15:29,321] INFO: Test Loss: 0.5265 | Test Acc: 83.33%
[2025-06-16 09:15:29,715] INFO: Epoch 146 | Step 1/196 | Loss: 0.4096 | Acc: 89.84%
[2025-06-16 09:15:43,854] INFO: Epoch 146 | Step 101/196 | Loss: 0.4385 | Acc: 87.69%
[2025-06-16 09:15:57,225] INFO: Epoch 146 training completed
[2025-06-16 09:15:58,498] INFO: Test Loss: 0.5366 | Test Acc: 83.23%
[2025-06-16 09:15:58,892] INFO: Epoch 147 | Step 1/196 | Loss: 0.3583 | Acc: 90.23%
[2025-06-16 09:16:13,033] INFO: Epoch 147 | Step 101/196 | Loss: 0.4289 | Acc: 88.03%
[2025-06-16 09:16:26,404] INFO: Epoch 147 training completed
[2025-06-16 09:16:27,721] INFO: Test Loss: 0.6548 | Test Acc: 80.79%
[2025-06-16 09:16:28,103] INFO: Epoch 148 | Step 1/196 | Loss: 0.3685 | Acc: 90.23%
[2025-06-16 09:16:42,288] INFO: Epoch 148 | Step 101/196 | Loss: 0.4279 | Acc: 88.04%
[2025-06-16 09:16:55,665] INFO: Epoch 148 training completed
[2025-06-16 09:16:56,966] INFO: Test Loss: 0.5486 | Test Acc: 83.18%
[2025-06-16 09:16:57,356] INFO: Epoch 149 | Step 1/196 | Loss: 0.3816 | Acc: 89.84%
[2025-06-16 09:17:11,491] INFO: Epoch 149 | Step 101/196 | Loss: 0.4171 | Acc: 88.40%
[2025-06-16 09:17:24,868] INFO: Epoch 149 training completed
[2025-06-16 09:17:26,170] INFO: Test Loss: 0.6223 | Test Acc: 80.85%
[2025-06-16 09:17:26,551] INFO: Epoch 150 | Step 1/196 | Loss: 0.4321 | Acc: 89.06%
[2025-06-16 09:17:40,690] INFO: Epoch 150 | Step 101/196 | Loss: 0.4153 | Acc: 88.52%
[2025-06-16 09:17:54,066] INFO: Epoch 150 training completed
[2025-06-16 09:17:55,382] INFO: Test Loss: 0.5915 | Test Acc: 82.23%
[2025-06-16 09:17:55,771] INFO: Epoch 151 | Step 1/196 | Loss: 0.3812 | Acc: 90.62%
[2025-06-16 09:18:09,912] INFO: Epoch 151 | Step 101/196 | Loss: 0.4140 | Acc: 88.55%
[2025-06-16 09:18:23,288] INFO: Epoch 151 training completed
[2025-06-16 09:18:24,579] INFO: Test Loss: 0.5858 | Test Acc: 82.28%
[2025-06-16 09:18:25,045] INFO: Epoch 152 | Step 1/196 | Loss: 0.3422 | Acc: 91.02%
[2025-06-16 09:18:39,179] INFO: Epoch 152 | Step 101/196 | Loss: 0.4052 | Acc: 88.76%
[2025-06-16 09:18:52,549] INFO: Epoch 152 training completed
[2025-06-16 09:18:53,806] INFO: Test Loss: 0.4690 | Test Acc: 85.60%
[2025-06-16 09:18:53,917] INFO: New best accuracy: 85.60%, model saved.
[2025-06-16 09:18:54,307] INFO: Epoch 153 | Step 1/196 | Loss: 0.3281 | Acc: 91.41%
[2025-06-16 09:19:08,447] INFO: Epoch 153 | Step 101/196 | Loss: 0.3989 | Acc: 88.93%
[2025-06-16 09:19:21,819] INFO: Epoch 153 training completed
[2025-06-16 09:19:23,135] INFO: Test Loss: 0.5022 | Test Acc: 84.65%
[2025-06-16 09:19:23,512] INFO: Epoch 154 | Step 1/196 | Loss: 0.4305 | Acc: 89.84%
[2025-06-16 09:19:37,649] INFO: Epoch 154 | Step 101/196 | Loss: 0.3949 | Acc: 89.19%
[2025-06-16 09:19:51,017] INFO: Epoch 154 training completed
[2025-06-16 09:19:52,338] INFO: Test Loss: 0.4787 | Test Acc: 85.43%
[2025-06-16 09:19:52,718] INFO: Epoch 155 | Step 1/196 | Loss: 0.3288 | Acc: 92.97%
[2025-06-16 09:20:06,857] INFO: Epoch 155 | Step 101/196 | Loss: 0.3864 | Acc: 89.34%
[2025-06-16 09:20:20,270] INFO: Epoch 155 training completed
[2025-06-16 09:20:21,600] INFO: Test Loss: 0.5699 | Test Acc: 82.40%
[2025-06-16 09:20:21,985] INFO: Epoch 156 | Step 1/196 | Loss: 0.3533 | Acc: 90.62%
[2025-06-16 09:20:36,120] INFO: Epoch 156 | Step 101/196 | Loss: 0.3860 | Acc: 89.28%
[2025-06-16 09:20:49,492] INFO: Epoch 156 training completed
[2025-06-16 09:20:50,803] INFO: Test Loss: 0.5517 | Test Acc: 83.30%
[2025-06-16 09:20:51,186] INFO: Epoch 157 | Step 1/196 | Loss: 0.3961 | Acc: 89.45%
[2025-06-16 09:21:06,111] INFO: Epoch 157 | Step 101/196 | Loss: 0.3799 | Acc: 89.45%
[2025-06-16 09:21:19,481] INFO: Epoch 157 training completed
[2025-06-16 09:21:20,774] INFO: Test Loss: 0.5395 | Test Acc: 83.28%
[2025-06-16 09:21:21,169] INFO: Epoch 158 | Step 1/196 | Loss: 0.3285 | Acc: 92.19%
[2025-06-16 09:21:35,308] INFO: Epoch 158 | Step 101/196 | Loss: 0.3709 | Acc: 89.85%
[2025-06-16 09:21:48,680] INFO: Epoch 158 training completed
[2025-06-16 09:21:49,968] INFO: Test Loss: 0.4932 | Test Acc: 85.10%
[2025-06-16 09:21:50,362] INFO: Epoch 159 | Step 1/196 | Loss: 0.3008 | Acc: 92.19%
[2025-06-16 09:22:04,537] INFO: Epoch 159 | Step 101/196 | Loss: 0.3656 | Acc: 89.94%
[2025-06-16 09:22:17,928] INFO: Epoch 159 training completed
[2025-06-16 09:22:19,235] INFO: Test Loss: 0.5462 | Test Acc: 83.03%
[2025-06-16 09:22:19,622] INFO: Epoch 160 | Step 1/196 | Loss: 0.3018 | Acc: 92.19%
[2025-06-16 09:22:33,761] INFO: Epoch 160 | Step 101/196 | Loss: 0.3579 | Acc: 90.18%
[2025-06-16 09:22:47,129] INFO: Epoch 160 training completed
[2025-06-16 09:22:48,401] INFO: Test Loss: 0.5050 | Test Acc: 85.37%
[2025-06-16 09:22:48,778] INFO: Epoch 161 | Step 1/196 | Loss: 0.2832 | Acc: 94.14%
[2025-06-16 09:23:02,915] INFO: Epoch 161 | Step 101/196 | Loss: 0.3550 | Acc: 90.18%
[2025-06-16 09:23:16,285] INFO: Epoch 161 training completed
[2025-06-16 09:23:17,606] INFO: Test Loss: 0.5165 | Test Acc: 84.72%
[2025-06-16 09:23:18,000] INFO: Epoch 162 | Step 1/196 | Loss: 0.3127 | Acc: 92.58%
[2025-06-16 09:23:32,141] INFO: Epoch 162 | Step 101/196 | Loss: 0.3464 | Acc: 90.35%
[2025-06-16 09:23:45,515] INFO: Epoch 162 training completed
[2025-06-16 09:23:46,805] INFO: Test Loss: 0.4561 | Test Acc: 86.25%
[2025-06-16 09:23:46,916] INFO: New best accuracy: 86.25%, model saved.
[2025-06-16 09:23:47,372] INFO: Epoch 163 | Step 1/196 | Loss: 0.2828 | Acc: 94.14%
[2025-06-16 09:24:01,507] INFO: Epoch 163 | Step 101/196 | Loss: 0.3439 | Acc: 90.59%
[2025-06-16 09:24:14,876] INFO: Epoch 163 training completed
[2025-06-16 09:24:16,168] INFO: Test Loss: 0.4705 | Test Acc: 86.16%
[2025-06-16 09:24:16,558] INFO: Epoch 164 | Step 1/196 | Loss: 0.2709 | Acc: 92.58%
[2025-06-16 09:24:30,693] INFO: Epoch 164 | Step 101/196 | Loss: 0.3345 | Acc: 90.97%
[2025-06-16 09:24:44,065] INFO: Epoch 164 training completed
[2025-06-16 09:24:45,398] INFO: Test Loss: 0.5017 | Test Acc: 85.24%
[2025-06-16 09:24:45,787] INFO: Epoch 165 | Step 1/196 | Loss: 0.2888 | Acc: 92.19%
[2025-06-16 09:24:59,923] INFO: Epoch 165 | Step 101/196 | Loss: 0.3291 | Acc: 91.02%
[2025-06-16 09:25:13,294] INFO: Epoch 165 training completed
[2025-06-16 09:25:14,597] INFO: Test Loss: 0.4535 | Test Acc: 86.31%
[2025-06-16 09:25:14,707] INFO: New best accuracy: 86.31%, model saved.
[2025-06-16 09:25:15,097] INFO: Epoch 166 | Step 1/196 | Loss: 0.2723 | Acc: 93.36%
[2025-06-16 09:25:29,231] INFO: Epoch 166 | Step 101/196 | Loss: 0.3244 | Acc: 91.05%
[2025-06-16 09:25:42,630] INFO: Epoch 166 training completed
[2025-06-16 09:25:43,983] INFO: Test Loss: 0.4125 | Test Acc: 87.71%
[2025-06-16 09:25:44,095] INFO: New best accuracy: 87.71%, model saved.
[2025-06-16 09:25:44,487] INFO: Epoch 167 | Step 1/196 | Loss: 0.2534 | Acc: 94.92%
[2025-06-16 09:25:58,624] INFO: Epoch 167 | Step 101/196 | Loss: 0.3188 | Acc: 91.39%
[2025-06-16 09:26:11,994] INFO: Epoch 167 training completed
[2025-06-16 09:26:13,295] INFO: Test Loss: 0.4355 | Test Acc: 86.73%
[2025-06-16 09:26:13,688] INFO: Epoch 168 | Step 1/196 | Loss: 0.2377 | Acc: 94.14%
[2025-06-16 09:26:27,822] INFO: Epoch 168 | Step 101/196 | Loss: 0.3076 | Acc: 91.60%
[2025-06-16 09:26:41,191] INFO: Epoch 168 training completed
[2025-06-16 09:26:42,487] INFO: Test Loss: 0.4247 | Test Acc: 87.25%
[2025-06-16 09:26:42,891] INFO: Epoch 169 | Step 1/196 | Loss: 0.2395 | Acc: 94.92%
[2025-06-16 09:26:57,036] INFO: Epoch 169 | Step 101/196 | Loss: 0.3048 | Acc: 91.81%
[2025-06-16 09:27:10,410] INFO: Epoch 169 training completed
[2025-06-16 09:27:11,717] INFO: Test Loss: 0.4361 | Test Acc: 86.81%
[2025-06-16 09:27:12,109] INFO: Epoch 170 | Step 1/196 | Loss: 0.2612 | Acc: 92.58%
[2025-06-16 09:27:26,286] INFO: Epoch 170 | Step 101/196 | Loss: 0.2986 | Acc: 91.79%
[2025-06-16 09:27:39,659] INFO: Epoch 170 training completed
[2025-06-16 09:27:40,957] INFO: Test Loss: 0.4274 | Test Acc: 87.30%
[2025-06-16 09:27:41,341] INFO: Epoch 171 | Step 1/196 | Loss: 0.1854 | Acc: 96.09%
[2025-06-16 09:27:55,475] INFO: Epoch 171 | Step 101/196 | Loss: 0.2881 | Acc: 92.12%
[2025-06-16 09:28:08,843] INFO: Epoch 171 training completed
[2025-06-16 09:28:10,129] INFO: Test Loss: 0.4011 | Test Acc: 87.85%
[2025-06-16 09:28:10,240] INFO: New best accuracy: 87.85%, model saved.
[2025-06-16 09:28:10,647] INFO: Epoch 172 | Step 1/196 | Loss: 0.2209 | Acc: 94.92%
[2025-06-16 09:28:24,785] INFO: Epoch 172 | Step 101/196 | Loss: 0.2831 | Acc: 92.20%
[2025-06-16 09:28:38,158] INFO: Epoch 172 training completed
[2025-06-16 09:28:39,461] INFO: Test Loss: 0.3730 | Test Acc: 88.57%
[2025-06-16 09:28:39,570] INFO: New best accuracy: 88.57%, model saved.
[2025-06-16 09:28:39,956] INFO: Epoch 173 | Step 1/196 | Loss: 0.2310 | Acc: 93.75%
[2025-06-16 09:28:54,093] INFO: Epoch 173 | Step 101/196 | Loss: 0.2802 | Acc: 92.38%
[2025-06-16 09:29:07,468] INFO: Epoch 173 training completed
[2025-06-16 09:29:08,768] INFO: Test Loss: 0.3924 | Test Acc: 88.59%
[2025-06-16 09:29:08,970] INFO: New best accuracy: 88.59%, model saved.
[2025-06-16 09:29:09,345] INFO: Epoch 174 | Step 1/196 | Loss: 0.2200 | Acc: 94.92%
[2025-06-16 09:29:23,484] INFO: Epoch 174 | Step 101/196 | Loss: 0.2737 | Acc: 92.76%
[2025-06-16 09:29:36,858] INFO: Epoch 174 training completed
[2025-06-16 09:29:38,157] INFO: Test Loss: 0.3732 | Test Acc: 88.99%
[2025-06-16 09:29:38,267] INFO: New best accuracy: 88.99%, model saved.
[2025-06-16 09:29:38,633] INFO: Epoch 175 | Step 1/196 | Loss: 0.1823 | Acc: 96.09%
[2025-06-16 09:29:52,768] INFO: Epoch 175 | Step 101/196 | Loss: 0.2629 | Acc: 93.03%
[2025-06-16 09:30:06,144] INFO: Epoch 175 training completed
[2025-06-16 09:30:07,443] INFO: Test Loss: 0.3863 | Test Acc: 88.56%
[2025-06-16 09:30:07,835] INFO: Epoch 176 | Step 1/196 | Loss: 0.2624 | Acc: 94.53%
[2025-06-16 09:30:21,979] INFO: Epoch 176 | Step 101/196 | Loss: 0.2641 | Acc: 93.07%
[2025-06-16 09:30:35,352] INFO: Epoch 176 training completed
[2025-06-16 09:30:36,670] INFO: Test Loss: 0.3803 | Test Acc: 89.16%
[2025-06-16 09:30:36,782] INFO: New best accuracy: 89.16%, model saved.
[2025-06-16 09:30:37,177] INFO: Epoch 177 | Step 1/196 | Loss: 0.1836 | Acc: 94.92%
[2025-06-16 09:30:51,314] INFO: Epoch 177 | Step 101/196 | Loss: 0.2537 | Acc: 93.31%
[2025-06-16 09:31:04,718] INFO: Epoch 177 training completed
[2025-06-16 09:31:06,042] INFO: Test Loss: 0.3648 | Test Acc: 89.22%
[2025-06-16 09:31:06,151] INFO: New best accuracy: 89.22%, model saved.
[2025-06-16 09:31:06,532] INFO: Epoch 178 | Step 1/196 | Loss: 0.2002 | Acc: 95.70%
[2025-06-16 09:31:20,673] INFO: Epoch 178 | Step 101/196 | Loss: 0.2420 | Acc: 93.72%
[2025-06-16 09:31:34,049] INFO: Epoch 178 training completed
[2025-06-16 09:31:35,355] INFO: Test Loss: 0.4093 | Test Acc: 88.29%
[2025-06-16 09:31:35,756] INFO: Epoch 179 | Step 1/196 | Loss: 0.1743 | Acc: 96.48%
[2025-06-16 09:31:49,892] INFO: Epoch 179 | Step 101/196 | Loss: 0.2419 | Acc: 93.62%
[2025-06-16 09:32:03,269] INFO: Epoch 179 training completed
[2025-06-16 09:32:04,590] INFO: Test Loss: 0.3717 | Test Acc: 89.26%
[2025-06-16 09:32:04,701] INFO: New best accuracy: 89.26%, model saved.
[2025-06-16 09:32:05,083] INFO: Epoch 180 | Step 1/196 | Loss: 0.2021 | Acc: 95.31%
[2025-06-16 09:32:19,224] INFO: Epoch 180 | Step 101/196 | Loss: 0.2340 | Acc: 93.99%
[2025-06-16 09:32:32,638] INFO: Epoch 180 training completed
[2025-06-16 09:32:33,943] INFO: Test Loss: 0.3717 | Test Acc: 89.31%
[2025-06-16 09:32:34,051] INFO: New best accuracy: 89.31%, model saved.
[2025-06-16 09:32:34,438] INFO: Epoch 181 | Step 1/196 | Loss: 0.1821 | Acc: 95.31%
[2025-06-16 09:32:48,577] INFO: Epoch 181 | Step 101/196 | Loss: 0.2247 | Acc: 94.12%
[2025-06-16 09:33:01,949] INFO: Epoch 181 training completed
[2025-06-16 09:33:03,259] INFO: Test Loss: 0.3481 | Test Acc: 89.49%
[2025-06-16 09:33:03,378] INFO: New best accuracy: 89.49%, model saved.
[2025-06-16 09:33:03,752] INFO: Epoch 182 | Step 1/196 | Loss: 0.1728 | Acc: 96.09%
[2025-06-16 09:33:17,896] INFO: Epoch 182 | Step 101/196 | Loss: 0.2198 | Acc: 94.35%
[2025-06-16 09:33:31,270] INFO: Epoch 182 training completed
[2025-06-16 09:33:32,579] INFO: Test Loss: 0.3501 | Test Acc: 89.66%
[2025-06-16 09:33:32,687] INFO: New best accuracy: 89.66%, model saved.
[2025-06-16 09:33:33,086] INFO: Epoch 183 | Step 1/196 | Loss: 0.1764 | Acc: 96.09%
[2025-06-16 09:33:47,235] INFO: Epoch 183 | Step 101/196 | Loss: 0.2136 | Acc: 94.54%
[2025-06-16 09:34:00,614] INFO: Epoch 183 training completed
[2025-06-16 09:34:01,905] INFO: Test Loss: 0.3498 | Test Acc: 89.72%
[2025-06-16 09:34:02,014] INFO: New best accuracy: 89.72%, model saved.
[2025-06-16 09:34:02,494] INFO: Epoch 184 | Step 1/196 | Loss: 0.1716 | Acc: 95.70%
[2025-06-16 09:34:16,643] INFO: Epoch 184 | Step 101/196 | Loss: 0.2085 | Acc: 94.74%
[2025-06-16 09:34:30,019] INFO: Epoch 184 training completed
[2025-06-16 09:34:31,334] INFO: Test Loss: 0.3496 | Test Acc: 89.66%
[2025-06-16 09:34:31,724] INFO: Epoch 185 | Step 1/196 | Loss: 0.1551 | Acc: 96.88%
[2025-06-16 09:34:45,864] INFO: Epoch 185 | Step 101/196 | Loss: 0.1980 | Acc: 95.09%
[2025-06-16 09:34:59,237] INFO: Epoch 185 training completed
[2025-06-16 09:35:00,529] INFO: Test Loss: 0.3443 | Test Acc: 89.88%
[2025-06-16 09:35:00,637] INFO: New best accuracy: 89.88%, model saved.
[2025-06-16 09:35:01,016] INFO: Epoch 186 | Step 1/196 | Loss: 0.1236 | Acc: 98.44%
[2025-06-16 09:35:15,153] INFO: Epoch 186 | Step 101/196 | Loss: 0.2008 | Acc: 94.93%
[2025-06-16 09:35:28,525] INFO: Epoch 186 training completed
[2025-06-16 09:35:29,839] INFO: Test Loss: 0.3323 | Test Acc: 90.37%
[2025-06-16 09:35:29,950] INFO: New best accuracy: 90.37%, model saved.
[2025-06-16 09:35:30,336] INFO: Epoch 187 | Step 1/196 | Loss: 0.1191 | Acc: 97.27%
[2025-06-16 09:35:44,513] INFO: Epoch 187 | Step 101/196 | Loss: 0.1890 | Acc: 95.39%
[2025-06-16 09:35:57,891] INFO: Epoch 187 training completed
[2025-06-16 09:35:59,231] INFO: Test Loss: 0.3431 | Test Acc: 89.99%
[2025-06-16 09:35:59,625] INFO: Epoch 188 | Step 1/196 | Loss: 0.1443 | Acc: 96.88%
[2025-06-16 09:36:13,767] INFO: Epoch 188 | Step 101/196 | Loss: 0.1888 | Acc: 95.15%
[2025-06-16 09:36:27,136] INFO: Epoch 188 training completed
[2025-06-16 09:36:28,414] INFO: Test Loss: 0.3295 | Test Acc: 90.59%
[2025-06-16 09:36:28,524] INFO: New best accuracy: 90.59%, model saved.
[2025-06-16 09:36:28,915] INFO: Epoch 189 | Step 1/196 | Loss: 0.1286 | Acc: 97.27%
[2025-06-16 09:36:43,051] INFO: Epoch 189 | Step 101/196 | Loss: 0.1815 | Acc: 95.57%
[2025-06-16 09:36:56,422] INFO: Epoch 189 training completed
[2025-06-16 09:36:57,712] INFO: Test Loss: 0.3254 | Test Acc: 90.39%
[2025-06-16 09:36:58,114] INFO: Epoch 190 | Step 1/196 | Loss: 0.1467 | Acc: 96.09%
[2025-06-16 09:37:12,252] INFO: Epoch 190 | Step 101/196 | Loss: 0.1770 | Acc: 95.77%
[2025-06-16 09:37:25,686] INFO: Epoch 190 training completed
[2025-06-16 09:37:27,034] INFO: Test Loss: 0.3247 | Test Acc: 90.68%
[2025-06-16 09:37:27,144] INFO: New best accuracy: 90.68%, model saved.
[2025-06-16 09:37:27,521] INFO: Epoch 191 | Step 1/196 | Loss: 0.1211 | Acc: 97.27%
[2025-06-16 09:37:41,663] INFO: Epoch 191 | Step 101/196 | Loss: 0.1729 | Acc: 95.78%
[2025-06-16 09:37:55,033] INFO: Epoch 191 training completed
[2025-06-16 09:37:56,369] INFO: Test Loss: 0.3208 | Test Acc: 90.70%
[2025-06-16 09:37:56,483] INFO: New best accuracy: 90.70%, model saved.
[2025-06-16 09:37:56,883] INFO: Epoch 192 | Step 1/196 | Loss: 0.1481 | Acc: 96.09%
[2025-06-16 09:38:11,022] INFO: Epoch 192 | Step 101/196 | Loss: 0.1699 | Acc: 95.97%
[2025-06-16 09:38:24,392] INFO: Epoch 192 training completed
[2025-06-16 09:38:25,707] INFO: Test Loss: 0.3183 | Test Acc: 90.74%
[2025-06-16 09:38:25,818] INFO: New best accuracy: 90.74%, model saved.
[2025-06-16 09:38:26,202] INFO: Epoch 193 | Step 1/196 | Loss: 0.1428 | Acc: 97.27%
[2025-06-16 09:38:40,337] INFO: Epoch 193 | Step 101/196 | Loss: 0.1691 | Acc: 95.90%
[2025-06-16 09:38:53,744] INFO: Epoch 193 training completed
[2025-06-16 09:38:55,062] INFO: Test Loss: 0.3204 | Test Acc: 90.78%
[2025-06-16 09:38:55,173] INFO: New best accuracy: 90.78%, model saved.
[2025-06-16 09:38:55,552] INFO: Epoch 194 | Step 1/196 | Loss: 0.1411 | Acc: 96.09%
[2025-06-16 09:39:09,691] INFO: Epoch 194 | Step 101/196 | Loss: 0.1660 | Acc: 96.14%
[2025-06-16 09:39:23,068] INFO: Epoch 194 training completed
[2025-06-16 09:39:24,371] INFO: Test Loss: 0.3192 | Test Acc: 90.94%
[2025-06-16 09:39:24,482] INFO: New best accuracy: 90.94%, model saved.
[2025-06-16 09:39:24,879] INFO: Epoch 195 | Step 1/196 | Loss: 0.1439 | Acc: 96.88%
[2025-06-16 09:39:39,014] INFO: Epoch 195 | Step 101/196 | Loss: 0.1609 | Acc: 96.25%
[2025-06-16 09:39:52,389] INFO: Epoch 195 training completed
[2025-06-16 09:39:53,717] INFO: Test Loss: 0.3178 | Test Acc: 90.84%
[2025-06-16 09:39:54,107] INFO: Epoch 196 | Step 1/196 | Loss: 0.1343 | Acc: 97.27%
[2025-06-16 09:40:08,250] INFO: Epoch 196 | Step 101/196 | Loss: 0.1622 | Acc: 96.12%
[2025-06-16 09:40:21,620] INFO: Epoch 196 training completed
[2025-06-16 09:40:22,925] INFO: Test Loss: 0.3173 | Test Acc: 90.95%
[2025-06-16 09:40:23,033] INFO: New best accuracy: 90.95%, model saved.
[2025-06-16 09:40:23,503] INFO: Epoch 197 | Step 1/196 | Loss: 0.1257 | Acc: 97.27%
[2025-06-16 09:40:37,639] INFO: Epoch 197 | Step 101/196 | Loss: 0.1601 | Acc: 96.29%
[2025-06-16 09:40:51,012] INFO: Epoch 197 training completed
[2025-06-16 09:40:52,302] INFO: Test Loss: 0.3173 | Test Acc: 91.01%
[2025-06-16 09:40:52,416] INFO: New best accuracy: 91.01%, model saved.
[2025-06-16 09:40:52,808] INFO: Epoch 198 | Step 1/196 | Loss: 0.1387 | Acc: 96.48%
[2025-06-16 09:41:06,949] INFO: Epoch 198 | Step 101/196 | Loss: 0.1581 | Acc: 96.43%
[2025-06-16 09:41:20,325] INFO: Epoch 198 training completed
[2025-06-16 09:41:21,643] INFO: Test Loss: 0.3174 | Test Acc: 91.04%
[2025-06-16 09:41:21,750] INFO: New best accuracy: 91.04%, model saved.
[2025-06-16 09:41:22,129] INFO: Epoch 199 | Step 1/196 | Loss: 0.1198 | Acc: 97.27%
[2025-06-16 09:41:36,268] INFO: Epoch 199 | Step 101/196 | Loss: 0.1576 | Acc: 96.54%
[2025-06-16 09:41:49,642] INFO: Epoch 199 training completed
[2025-06-16 09:41:50,925] INFO: Test Loss: 0.3178 | Test Acc: 90.97%
[2025-06-16 09:41:51,316] INFO: Epoch 200 | Step 1/196 | Loss: 0.1230 | Acc: 96.88%
[2025-06-16 09:42:05,456] INFO: Epoch 200 | Step 101/196 | Loss: 0.1567 | Acc: 96.37%
[2025-06-16 09:42:18,865] INFO: Epoch 200 training completed
[2025-06-16 09:42:20,171] INFO: Test Loss: 0.3180 | Test Acc: 91.00%
[2025-06-16 09:42:20,334] INFO: Training complete. Best Test Accuracy: 91.04%
