[2025-06-16 20:14:28,290] INFO: Using device: cuda
[2025-06-16 20:14:29,444] INFO: Using GhostNetV3 with width 1.0
[2025-06-16 20:14:55,836] INFO: Epoch 1 | Step 1/196 | Loss: 4.3205 | Acc: 12.89%
[2025-06-16 20:15:07,019] INFO: Epoch 1 | Step 101/196 | Loss: 3.1270 | Acc: 12.88%
[2025-06-16 20:15:17,764] INFO: Epoch 1 training completed
[2025-06-16 20:15:41,877] INFO: Test Loss: 2.2932 | Test Acc: 16.08%
[2025-06-16 20:15:41,986] INFO: New best accuracy: 16.08%, model saved.
[2025-06-16 20:15:42,332] INFO: Epoch 2 | Step 1/196 | Loss: 2.5108 | Acc: 17.19%
[2025-06-16 20:15:53,556] INFO: Epoch 2 | Step 101/196 | Loss: 2.5017 | Acc: 17.36%
[2025-06-16 20:16:04,172] INFO: Epoch 2 training completed
[2025-06-16 20:16:05,357] INFO: Test Loss: 2.0261 | Test Acc: 23.75%
[2025-06-16 20:16:05,460] INFO: New best accuracy: 23.75%, model saved.
[2025-06-16 20:16:05,808] INFO: Epoch 3 | Step 1/196 | Loss: 2.3293 | Acc: 22.27%
[2025-06-16 20:16:17,065] INFO: Epoch 3 | Step 101/196 | Loss: 2.3162 | Acc: 24.08%
[2025-06-16 20:16:27,704] INFO: Epoch 3 training completed
[2025-06-16 20:16:28,890] INFO: Test Loss: 1.9229 | Test Acc: 28.91%
[2025-06-16 20:16:28,997] INFO: New best accuracy: 28.91%, model saved.
[2025-06-16 20:16:29,350] INFO: Epoch 4 | Step 1/196 | Loss: 2.1605 | Acc: 29.69%
[2025-06-16 20:16:40,602] INFO: Epoch 4 | Step 101/196 | Loss: 2.1850 | Acc: 28.92%
[2025-06-16 20:16:51,293] INFO: Epoch 4 training completed
[2025-06-16 20:16:52,478] INFO: Test Loss: 1.7731 | Test Acc: 34.35%
[2025-06-16 20:16:52,581] INFO: New best accuracy: 34.35%, model saved.
[2025-06-16 20:16:52,926] INFO: Epoch 5 | Step 1/196 | Loss: 2.0855 | Acc: 34.77%
[2025-06-16 20:17:04,191] INFO: Epoch 5 | Step 101/196 | Loss: 2.0817 | Acc: 32.65%
[2025-06-16 20:17:14,843] INFO: Epoch 5 training completed
[2025-06-16 20:17:16,028] INFO: Test Loss: 1.6979 | Test Acc: 37.34%
[2025-06-16 20:17:16,132] INFO: New best accuracy: 37.34%, model saved.
[2025-06-16 20:17:16,481] INFO: Epoch 6 | Step 1/196 | Loss: 1.9453 | Acc: 39.06%
[2025-06-16 20:17:27,740] INFO: Epoch 6 | Step 101/196 | Loss: 2.0027 | Acc: 36.05%
[2025-06-16 20:17:38,386] INFO: Epoch 6 training completed
[2025-06-16 20:17:39,561] INFO: Test Loss: 1.6317 | Test Acc: 40.01%
[2025-06-16 20:17:39,666] INFO: New best accuracy: 40.01%, model saved.
[2025-06-16 20:17:40,018] INFO: Epoch 7 | Step 1/196 | Loss: 1.8955 | Acc: 36.72%
[2025-06-16 20:17:51,281] INFO: Epoch 7 | Step 101/196 | Loss: 1.9169 | Acc: 39.34%
[2025-06-16 20:18:01,992] INFO: Epoch 7 training completed
[2025-06-16 20:18:03,177] INFO: Test Loss: 1.5612 | Test Acc: 42.69%
[2025-06-16 20:18:03,282] INFO: New best accuracy: 42.69%, model saved.
[2025-06-16 20:18:03,630] INFO: Epoch 8 | Step 1/196 | Loss: 1.7898 | Acc: 41.41%
[2025-06-16 20:18:14,913] INFO: Epoch 8 | Step 101/196 | Loss: 1.8331 | Acc: 42.52%
[2025-06-16 20:18:25,586] INFO: Epoch 8 training completed
[2025-06-16 20:18:26,778] INFO: Test Loss: 1.4973 | Test Acc: 45.57%
[2025-06-16 20:18:26,886] INFO: New best accuracy: 45.57%, model saved.
[2025-06-16 20:18:27,244] INFO: Epoch 9 | Step 1/196 | Loss: 1.7730 | Acc: 44.92%
[2025-06-16 20:18:38,528] INFO: Epoch 9 | Step 101/196 | Loss: 1.7472 | Acc: 45.92%
[2025-06-16 20:18:49,244] INFO: Epoch 9 training completed
[2025-06-16 20:18:50,436] INFO: Test Loss: 1.4212 | Test Acc: 49.01%
[2025-06-16 20:18:50,552] INFO: New best accuracy: 49.01%, model saved.
[2025-06-16 20:18:50,904] INFO: Epoch 10 | Step 1/196 | Loss: 1.6667 | Acc: 47.27%
[2025-06-16 20:19:02,188] INFO: Epoch 10 | Step 101/196 | Loss: 1.6509 | Acc: 49.29%
[2025-06-16 20:19:12,877] INFO: Epoch 10 training completed
[2025-06-16 20:19:14,087] INFO: Test Loss: 1.3616 | Test Acc: 51.81%
[2025-06-16 20:19:14,193] INFO: New best accuracy: 51.81%, model saved.
[2025-06-16 20:19:14,633] INFO: Epoch 11 | Step 1/196 | Loss: 1.6183 | Acc: 51.95%
[2025-06-16 20:19:25,922] INFO: Epoch 11 | Step 101/196 | Loss: 1.5728 | Acc: 51.88%
[2025-06-16 20:19:36,603] INFO: Epoch 11 training completed
[2025-06-16 20:19:37,783] INFO: Test Loss: 1.2823 | Test Acc: 54.76%
[2025-06-16 20:19:37,890] INFO: New best accuracy: 54.76%, model saved.
[2025-06-16 20:19:38,232] INFO: Epoch 12 | Step 1/196 | Loss: 1.5041 | Acc: 51.17%
[2025-06-16 20:19:49,516] INFO: Epoch 12 | Step 101/196 | Loss: 1.5114 | Acc: 54.08%
[2025-06-16 20:20:00,202] INFO: Epoch 12 training completed
[2025-06-16 20:20:01,386] INFO: Test Loss: 1.2665 | Test Acc: 55.29%
[2025-06-16 20:20:01,491] INFO: New best accuracy: 55.29%, model saved.
[2025-06-16 20:20:01,861] INFO: Epoch 13 | Step 1/196 | Loss: 1.4864 | Acc: 54.69%
[2025-06-16 20:20:13,148] INFO: Epoch 13 | Step 101/196 | Loss: 1.4431 | Acc: 56.34%
[2025-06-16 20:20:23,822] INFO: Epoch 13 training completed
[2025-06-16 20:20:25,014] INFO: Test Loss: 1.1898 | Test Acc: 58.63%
[2025-06-16 20:20:25,129] INFO: New best accuracy: 58.63%, model saved.
[2025-06-16 20:20:25,483] INFO: Epoch 14 | Step 1/196 | Loss: 1.3743 | Acc: 60.16%
[2025-06-16 20:20:36,808] INFO: Epoch 14 | Step 101/196 | Loss: 1.3884 | Acc: 58.11%
[2025-06-16 20:20:47,489] INFO: Epoch 14 training completed
[2025-06-16 20:20:48,677] INFO: Test Loss: 1.1560 | Test Acc: 59.32%
[2025-06-16 20:20:48,782] INFO: New best accuracy: 59.32%, model saved.
[2025-06-16 20:20:49,125] INFO: Epoch 15 | Step 1/196 | Loss: 1.3251 | Acc: 62.50%
[2025-06-16 20:21:00,416] INFO: Epoch 15 | Step 101/196 | Loss: 1.3216 | Acc: 60.16%
[2025-06-16 20:21:11,092] INFO: Epoch 15 training completed
[2025-06-16 20:21:12,282] INFO: Test Loss: 1.0996 | Test Acc: 60.97%
[2025-06-16 20:21:12,389] INFO: New best accuracy: 60.97%, model saved.
[2025-06-16 20:21:12,733] INFO: Epoch 16 | Step 1/196 | Loss: 1.1650 | Acc: 67.19%
[2025-06-16 20:21:24,015] INFO: Epoch 16 | Step 101/196 | Loss: 1.2710 | Acc: 61.75%
[2025-06-16 20:21:34,697] INFO: Epoch 16 training completed
[2025-06-16 20:21:35,882] INFO: Test Loss: 1.0436 | Test Acc: 63.42%
[2025-06-16 20:21:35,988] INFO: New best accuracy: 63.42%, model saved.
[2025-06-16 20:21:36,327] INFO: Epoch 17 | Step 1/196 | Loss: 1.2060 | Acc: 64.45%
[2025-06-16 20:21:47,612] INFO: Epoch 17 | Step 101/196 | Loss: 1.2152 | Acc: 63.78%
[2025-06-16 20:21:58,288] INFO: Epoch 17 training completed
[2025-06-16 20:21:59,472] INFO: Test Loss: 1.1403 | Test Acc: 60.50%
[2025-06-16 20:21:59,910] INFO: Epoch 18 | Step 1/196 | Loss: 1.1281 | Acc: 67.58%
[2025-06-16 20:22:11,197] INFO: Epoch 18 | Step 101/196 | Loss: 1.1687 | Acc: 65.50%
[2025-06-16 20:22:21,896] INFO: Epoch 18 training completed
[2025-06-16 20:22:23,099] INFO: Test Loss: 1.1766 | Test Acc: 59.91%
[2025-06-16 20:22:23,447] INFO: Epoch 19 | Step 1/196 | Loss: 1.0883 | Acc: 66.41%
[2025-06-16 20:22:34,732] INFO: Epoch 19 | Step 101/196 | Loss: 1.1327 | Acc: 66.65%
[2025-06-16 20:22:45,408] INFO: Epoch 19 training completed
[2025-06-16 20:22:46,593] INFO: Test Loss: 1.0632 | Test Acc: 63.35%
[2025-06-16 20:22:46,940] INFO: Epoch 20 | Step 1/196 | Loss: 1.0489 | Acc: 68.75%
[2025-06-16 20:22:58,227] INFO: Epoch 20 | Step 101/196 | Loss: 1.0899 | Acc: 67.65%
[2025-06-16 20:23:08,905] INFO: Epoch 20 training completed
[2025-06-16 20:23:10,104] INFO: Test Loss: 1.0345 | Test Acc: 64.91%
[2025-06-16 20:23:10,210] INFO: New best accuracy: 64.91%, model saved.
[2025-06-16 20:23:10,547] INFO: Epoch 21 | Step 1/196 | Loss: 1.0234 | Acc: 69.14%
[2025-06-16 20:23:21,874] INFO: Epoch 21 | Step 101/196 | Loss: 1.0463 | Acc: 69.21%
[2025-06-16 20:23:32,553] INFO: Epoch 21 training completed
[2025-06-16 20:23:33,755] INFO: Test Loss: 1.2453 | Test Acc: 59.37%
[2025-06-16 20:23:34,107] INFO: Epoch 22 | Step 1/196 | Loss: 1.0078 | Acc: 67.19%
[2025-06-16 20:23:45,398] INFO: Epoch 22 | Step 101/196 | Loss: 1.0120 | Acc: 70.08%
[2025-06-16 20:23:56,077] INFO: Epoch 22 training completed
[2025-06-16 20:23:57,259] INFO: Test Loss: 1.2607 | Test Acc: 59.23%
[2025-06-16 20:23:57,608] INFO: Epoch 23 | Step 1/196 | Loss: 0.9451 | Acc: 74.61%
[2025-06-16 20:24:08,896] INFO: Epoch 23 | Step 101/196 | Loss: 0.9831 | Acc: 71.40%
[2025-06-16 20:24:19,579] INFO: Epoch 23 training completed
[2025-06-16 20:24:20,763] INFO: Test Loss: 0.9380 | Test Acc: 68.05%
[2025-06-16 20:24:20,869] INFO: New best accuracy: 68.05%, model saved.
[2025-06-16 20:24:21,224] INFO: Epoch 24 | Step 1/196 | Loss: 0.8751 | Acc: 73.44%
[2025-06-16 20:24:32,523] INFO: Epoch 24 | Step 101/196 | Loss: 0.9421 | Acc: 72.49%
[2025-06-16 20:24:43,203] INFO: Epoch 24 training completed
[2025-06-16 20:24:44,388] INFO: Test Loss: 0.9776 | Test Acc: 67.16%
[2025-06-16 20:24:44,821] INFO: Epoch 25 | Step 1/196 | Loss: 0.9341 | Acc: 71.88%
[2025-06-16 20:24:56,103] INFO: Epoch 25 | Step 101/196 | Loss: 0.9091 | Acc: 73.54%
[2025-06-16 20:25:06,786] INFO: Epoch 25 training completed
[2025-06-16 20:25:07,966] INFO: Test Loss: 0.8114 | Test Acc: 73.08%
[2025-06-16 20:25:08,073] INFO: New best accuracy: 73.08%, model saved.
[2025-06-16 20:25:08,432] INFO: Epoch 26 | Step 1/196 | Loss: 0.8459 | Acc: 77.34%
[2025-06-16 20:25:19,737] INFO: Epoch 26 | Step 101/196 | Loss: 0.8789 | Acc: 74.53%
[2025-06-16 20:25:30,418] INFO: Epoch 26 training completed
[2025-06-16 20:25:31,607] INFO: Test Loss: 0.9004 | Test Acc: 70.12%
[2025-06-16 20:25:31,968] INFO: Epoch 27 | Step 1/196 | Loss: 0.7844 | Acc: 76.95%
[2025-06-16 20:25:43,256] INFO: Epoch 27 | Step 101/196 | Loss: 0.8422 | Acc: 75.55%
[2025-06-16 20:25:54,001] INFO: Epoch 27 training completed
[2025-06-16 20:25:55,187] INFO: Test Loss: 1.1456 | Test Acc: 62.19%
[2025-06-16 20:25:55,557] INFO: Epoch 28 | Step 1/196 | Loss: 0.7540 | Acc: 80.47%
[2025-06-16 20:26:06,841] INFO: Epoch 28 | Step 101/196 | Loss: 0.8135 | Acc: 76.87%
[2025-06-16 20:26:17,520] INFO: Epoch 28 training completed
[2025-06-16 20:26:18,710] INFO: Test Loss: 0.9988 | Test Acc: 66.92%
[2025-06-16 20:26:19,154] INFO: Epoch 29 | Step 1/196 | Loss: 0.7839 | Acc: 76.17%
[2025-06-16 20:26:30,443] INFO: Epoch 29 | Step 101/196 | Loss: 0.7907 | Acc: 77.33%
[2025-06-16 20:26:41,117] INFO: Epoch 29 training completed
[2025-06-16 20:26:42,319] INFO: Test Loss: 1.3596 | Test Acc: 55.42%
[2025-06-16 20:26:42,700] INFO: Epoch 30 | Step 1/196 | Loss: 0.6734 | Acc: 81.64%
[2025-06-16 20:26:53,983] INFO: Epoch 30 | Step 101/196 | Loss: 0.7692 | Acc: 78.17%
[2025-06-16 20:27:04,667] INFO: Epoch 30 training completed
[2025-06-16 20:27:05,853] INFO: Test Loss: 1.0629 | Test Acc: 65.53%
[2025-06-16 20:27:06,211] INFO: Epoch 31 | Step 1/196 | Loss: 0.6967 | Acc: 79.69%
[2025-06-16 20:27:17,508] INFO: Epoch 31 | Step 101/196 | Loss: 0.7537 | Acc: 78.62%
[2025-06-16 20:27:28,191] INFO: Epoch 31 training completed
[2025-06-16 20:27:29,384] INFO: Test Loss: 0.9045 | Test Acc: 70.02%
[2025-06-16 20:27:29,730] INFO: Epoch 32 | Step 1/196 | Loss: 0.5904 | Acc: 83.98%
[2025-06-16 20:27:41,017] INFO: Epoch 32 | Step 101/196 | Loss: 0.7338 | Acc: 79.40%
[2025-06-16 20:27:51,698] INFO: Epoch 32 training completed
[2025-06-16 20:27:52,893] INFO: Test Loss: 1.2587 | Test Acc: 59.93%
[2025-06-16 20:27:53,327] INFO: Epoch 33 | Step 1/196 | Loss: 0.6382 | Acc: 83.59%
[2025-06-16 20:28:04,666] INFO: Epoch 33 | Step 101/196 | Loss: 0.7321 | Acc: 79.13%
[2025-06-16 20:28:15,385] INFO: Epoch 33 training completed
[2025-06-16 20:28:16,651] INFO: Test Loss: 0.9058 | Test Acc: 70.19%
[2025-06-16 20:28:17,075] INFO: Epoch 34 | Step 1/196 | Loss: 0.6907 | Acc: 82.42%
[2025-06-16 20:28:28,441] INFO: Epoch 34 | Step 101/196 | Loss: 0.7203 | Acc: 79.60%
[2025-06-16 20:28:39,149] INFO: Epoch 34 training completed
[2025-06-16 20:28:40,339] INFO: Test Loss: 0.8849 | Test Acc: 71.70%
[2025-06-16 20:28:40,706] INFO: Epoch 35 | Step 1/196 | Loss: 0.6509 | Acc: 79.30%
[2025-06-16 20:28:51,993] INFO: Epoch 35 | Step 101/196 | Loss: 0.7135 | Acc: 79.69%
[2025-06-16 20:29:02,680] INFO: Epoch 35 training completed
[2025-06-16 20:29:03,876] INFO: Test Loss: 1.2694 | Test Acc: 60.82%
[2025-06-16 20:29:04,233] INFO: Epoch 36 | Step 1/196 | Loss: 0.6244 | Acc: 82.03%
[2025-06-16 20:29:15,521] INFO: Epoch 36 | Step 101/196 | Loss: 0.7083 | Acc: 80.05%
[2025-06-16 20:29:26,204] INFO: Epoch 36 training completed
[2025-06-16 20:29:27,392] INFO: Test Loss: 0.8389 | Test Acc: 72.56%
[2025-06-16 20:29:27,823] INFO: Epoch 37 | Step 1/196 | Loss: 0.6824 | Acc: 82.81%
[2025-06-16 20:29:39,108] INFO: Epoch 37 | Step 101/196 | Loss: 0.7111 | Acc: 79.90%
[2025-06-16 20:29:49,794] INFO: Epoch 37 training completed
[2025-06-16 20:29:50,978] INFO: Test Loss: 1.1524 | Test Acc: 64.47%
[2025-06-16 20:29:51,339] INFO: Epoch 38 | Step 1/196 | Loss: 0.6397 | Acc: 81.64%
[2025-06-16 20:30:02,627] INFO: Epoch 38 | Step 101/196 | Loss: 0.7085 | Acc: 80.16%
[2025-06-16 20:30:13,305] INFO: Epoch 38 training completed
[2025-06-16 20:30:14,503] INFO: Test Loss: 1.0691 | Test Acc: 66.17%
[2025-06-16 20:30:14,857] INFO: Epoch 39 | Step 1/196 | Loss: 0.6244 | Acc: 82.03%
[2025-06-16 20:30:26,156] INFO: Epoch 39 | Step 101/196 | Loss: 0.7032 | Acc: 80.01%
[2025-06-16 20:30:36,834] INFO: Epoch 39 training completed
[2025-06-16 20:30:38,019] INFO: Test Loss: 0.8544 | Test Acc: 72.33%
[2025-06-16 20:30:38,375] INFO: Epoch 40 | Step 1/196 | Loss: 0.6042 | Acc: 83.98%
[2025-06-16 20:30:49,660] INFO: Epoch 40 | Step 101/196 | Loss: 0.7024 | Acc: 80.44%
[2025-06-16 20:31:00,344] INFO: Epoch 40 training completed
[2025-06-16 20:31:01,528] INFO: Test Loss: 0.8394 | Test Acc: 73.09%
[2025-06-16 20:31:01,635] INFO: New best accuracy: 73.09%, model saved.
[2025-06-16 20:31:02,068] INFO: Epoch 41 | Step 1/196 | Loss: 0.6317 | Acc: 82.03%
[2025-06-16 20:31:13,358] INFO: Epoch 41 | Step 101/196 | Loss: 0.7077 | Acc: 80.13%
[2025-06-16 20:31:24,058] INFO: Epoch 41 training completed
[2025-06-16 20:31:25,243] INFO: Test Loss: 0.8590 | Test Acc: 71.89%
[2025-06-16 20:31:25,590] INFO: Epoch 42 | Step 1/196 | Loss: 0.7165 | Acc: 79.30%
[2025-06-16 20:31:36,876] INFO: Epoch 42 | Step 101/196 | Loss: 0.7092 | Acc: 79.87%
[2025-06-16 20:31:47,561] INFO: Epoch 42 training completed
[2025-06-16 20:31:48,756] INFO: Test Loss: 0.8991 | Test Acc: 70.48%
[2025-06-16 20:31:49,107] INFO: Epoch 43 | Step 1/196 | Loss: 0.5971 | Acc: 84.77%
[2025-06-16 20:32:00,393] INFO: Epoch 43 | Step 101/196 | Loss: 0.6988 | Acc: 80.38%
[2025-06-16 20:32:11,069] INFO: Epoch 43 training completed
[2025-06-16 20:32:12,265] INFO: Test Loss: 0.9605 | Test Acc: 69.40%
[2025-06-16 20:32:12,622] INFO: Epoch 44 | Step 1/196 | Loss: 0.5746 | Acc: 85.16%
[2025-06-16 20:32:23,910] INFO: Epoch 44 | Step 101/196 | Loss: 0.6985 | Acc: 80.23%
[2025-06-16 20:32:34,608] INFO: Epoch 44 training completed
[2025-06-16 20:32:35,807] INFO: Test Loss: 0.7984 | Test Acc: 74.16%
[2025-06-16 20:32:36,008] INFO: New best accuracy: 74.16%, model saved.
[2025-06-16 20:32:36,353] INFO: Epoch 45 | Step 1/196 | Loss: 0.6348 | Acc: 85.16%
[2025-06-16 20:32:47,643] INFO: Epoch 45 | Step 101/196 | Loss: 0.7068 | Acc: 80.03%
[2025-06-16 20:32:58,326] INFO: Epoch 45 training completed
[2025-06-16 20:32:59,515] INFO: Test Loss: 0.9942 | Test Acc: 68.70%
[2025-06-16 20:32:59,873] INFO: Epoch 46 | Step 1/196 | Loss: 0.6453 | Acc: 83.59%
[2025-06-16 20:33:11,163] INFO: Epoch 46 | Step 101/196 | Loss: 0.6988 | Acc: 80.34%
[2025-06-16 20:33:21,842] INFO: Epoch 46 training completed
[2025-06-16 20:33:23,032] INFO: Test Loss: 1.0370 | Test Acc: 67.85%
[2025-06-16 20:33:23,375] INFO: Epoch 47 | Step 1/196 | Loss: 0.7271 | Acc: 80.86%
[2025-06-16 20:33:34,667] INFO: Epoch 47 | Step 101/196 | Loss: 0.7044 | Acc: 80.07%
[2025-06-16 20:33:45,349] INFO: Epoch 47 training completed
[2025-06-16 20:33:46,532] INFO: Test Loss: 0.9240 | Test Acc: 70.50%
[2025-06-16 20:33:46,885] INFO: Epoch 48 | Step 1/196 | Loss: 0.6510 | Acc: 83.59%
[2025-06-16 20:33:58,174] INFO: Epoch 48 | Step 101/196 | Loss: 0.6986 | Acc: 80.32%
[2025-06-16 20:34:08,904] INFO: Epoch 48 training completed
[2025-06-16 20:34:10,092] INFO: Test Loss: 0.9677 | Test Acc: 70.23%
[2025-06-16 20:34:10,443] INFO: Epoch 49 | Step 1/196 | Loss: 0.5526 | Acc: 84.77%
[2025-06-16 20:34:21,752] INFO: Epoch 49 | Step 101/196 | Loss: 0.6909 | Acc: 80.52%
[2025-06-16 20:34:32,439] INFO: Epoch 49 training completed
[2025-06-16 20:34:33,627] INFO: Test Loss: 1.9176 | Test Acc: 48.59%
[2025-06-16 20:34:33,974] INFO: Epoch 50 | Step 1/196 | Loss: 0.6479 | Acc: 84.77%
[2025-06-16 20:34:45,265] INFO: Epoch 50 | Step 101/196 | Loss: 0.6940 | Acc: 80.51%
[2025-06-16 20:34:55,946] INFO: Epoch 50 training completed
[2025-06-16 20:34:57,139] INFO: Test Loss: 1.3277 | Test Acc: 60.50%
[2025-06-16 20:34:57,488] INFO: Epoch 51 | Step 1/196 | Loss: 0.6780 | Acc: 81.64%
[2025-06-16 20:35:08,776] INFO: Epoch 51 | Step 101/196 | Loss: 0.6955 | Acc: 80.38%
[2025-06-16 20:35:19,458] INFO: Epoch 51 training completed
[2025-06-16 20:35:20,643] INFO: Test Loss: 1.1297 | Test Acc: 65.96%
[2025-06-16 20:35:20,993] INFO: Epoch 52 | Step 1/196 | Loss: 0.5446 | Acc: 86.72%
[2025-06-16 20:35:32,323] INFO: Epoch 52 | Step 101/196 | Loss: 0.6883 | Acc: 80.65%
[2025-06-16 20:35:43,003] INFO: Epoch 52 training completed
[2025-06-16 20:35:44,189] INFO: Test Loss: 0.8940 | Test Acc: 71.80%
[2025-06-16 20:35:44,542] INFO: Epoch 53 | Step 1/196 | Loss: 0.6004 | Acc: 83.20%
[2025-06-16 20:35:55,829] INFO: Epoch 53 | Step 101/196 | Loss: 0.6900 | Acc: 80.51%
[2025-06-16 20:36:06,518] INFO: Epoch 53 training completed
[2025-06-16 20:36:07,710] INFO: Test Loss: 0.8633 | Test Acc: 72.14%
[2025-06-16 20:36:08,054] INFO: Epoch 54 | Step 1/196 | Loss: 0.5728 | Acc: 86.72%
[2025-06-16 20:36:19,347] INFO: Epoch 54 | Step 101/196 | Loss: 0.6819 | Acc: 80.96%
[2025-06-16 20:36:30,033] INFO: Epoch 54 training completed
[2025-06-16 20:36:31,229] INFO: Test Loss: 0.8713 | Test Acc: 72.53%
[2025-06-16 20:36:31,581] INFO: Epoch 55 | Step 1/196 | Loss: 0.5900 | Acc: 85.55%
[2025-06-16 20:36:42,885] INFO: Epoch 55 | Step 101/196 | Loss: 0.6869 | Acc: 80.69%
[2025-06-16 20:36:53,567] INFO: Epoch 55 training completed
[2025-06-16 20:36:54,776] INFO: Test Loss: 1.0436 | Test Acc: 67.35%
[2025-06-16 20:36:55,131] INFO: Epoch 56 | Step 1/196 | Loss: 0.6193 | Acc: 82.03%
[2025-06-16 20:37:06,467] INFO: Epoch 56 | Step 101/196 | Loss: 0.6893 | Acc: 80.76%
[2025-06-16 20:37:17,149] INFO: Epoch 56 training completed
[2025-06-16 20:37:18,332] INFO: Test Loss: 0.8544 | Test Acc: 73.31%
[2025-06-16 20:37:18,687] INFO: Epoch 57 | Step 1/196 | Loss: 0.6121 | Acc: 82.42%
[2025-06-16 20:37:29,992] INFO: Epoch 57 | Step 101/196 | Loss: 0.6808 | Acc: 80.96%
[2025-06-16 20:37:40,674] INFO: Epoch 57 training completed
[2025-06-16 20:37:41,862] INFO: Test Loss: 0.8952 | Test Acc: 71.92%
[2025-06-16 20:37:42,210] INFO: Epoch 58 | Step 1/196 | Loss: 0.6538 | Acc: 82.03%
[2025-06-16 20:37:53,502] INFO: Epoch 58 | Step 101/196 | Loss: 0.6833 | Acc: 80.82%
[2025-06-16 20:38:04,191] INFO: Epoch 58 training completed
[2025-06-16 20:38:05,386] INFO: Test Loss: 0.7917 | Test Acc: 75.13%
[2025-06-16 20:38:05,494] INFO: New best accuracy: 75.13%, model saved.
[2025-06-16 20:38:05,842] INFO: Epoch 59 | Step 1/196 | Loss: 0.6521 | Acc: 82.42%
[2025-06-16 20:38:17,134] INFO: Epoch 59 | Step 101/196 | Loss: 0.6844 | Acc: 80.99%
[2025-06-16 20:38:27,813] INFO: Epoch 59 training completed
[2025-06-16 20:38:29,001] INFO: Test Loss: 1.1343 | Test Acc: 62.33%
[2025-06-16 20:38:29,447] INFO: Epoch 60 | Step 1/196 | Loss: 0.5948 | Acc: 82.81%
[2025-06-16 20:38:40,732] INFO: Epoch 60 | Step 101/196 | Loss: 0.6872 | Acc: 80.93%
[2025-06-16 20:38:51,424] INFO: Epoch 60 training completed
[2025-06-16 20:38:52,613] INFO: Test Loss: 0.9613 | Test Acc: 69.44%
[2025-06-16 20:38:52,974] INFO: Epoch 61 | Step 1/196 | Loss: 0.5804 | Acc: 83.20%
[2025-06-16 20:39:04,265] INFO: Epoch 61 | Step 101/196 | Loss: 0.6787 | Acc: 81.10%
[2025-06-16 20:39:14,946] INFO: Epoch 61 training completed
[2025-06-16 20:39:16,145] INFO: Test Loss: 1.0551 | Test Acc: 67.00%
[2025-06-16 20:39:16,494] INFO: Epoch 62 | Step 1/196 | Loss: 0.6073 | Acc: 85.94%
[2025-06-16 20:39:27,780] INFO: Epoch 62 | Step 101/196 | Loss: 0.6835 | Acc: 80.91%
[2025-06-16 20:39:38,458] INFO: Epoch 62 training completed
[2025-06-16 20:39:39,655] INFO: Test Loss: 1.1062 | Test Acc: 67.00%
[2025-06-16 20:39:40,007] INFO: Epoch 63 | Step 1/196 | Loss: 0.6545 | Acc: 80.86%
[2025-06-16 20:39:51,291] INFO: Epoch 63 | Step 101/196 | Loss: 0.6741 | Acc: 80.98%
[2025-06-16 20:40:01,979] INFO: Epoch 63 training completed
[2025-06-16 20:40:03,169] INFO: Test Loss: 0.8362 | Test Acc: 73.23%
[2025-06-16 20:40:03,609] INFO: Epoch 64 | Step 1/196 | Loss: 0.5963 | Acc: 82.42%
[2025-06-16 20:40:14,898] INFO: Epoch 64 | Step 101/196 | Loss: 0.6768 | Acc: 81.09%
[2025-06-16 20:40:25,592] INFO: Epoch 64 training completed
[2025-06-16 20:40:26,786] INFO: Test Loss: 1.2308 | Test Acc: 64.13%
[2025-06-16 20:40:27,154] INFO: Epoch 65 | Step 1/196 | Loss: 0.6642 | Acc: 83.59%
[2025-06-16 20:40:38,444] INFO: Epoch 65 | Step 101/196 | Loss: 0.6743 | Acc: 81.29%
[2025-06-16 20:40:49,125] INFO: Epoch 65 training completed
[2025-06-16 20:40:50,312] INFO: Test Loss: 0.9607 | Test Acc: 70.41%
[2025-06-16 20:40:50,682] INFO: Epoch 66 | Step 1/196 | Loss: 0.5133 | Acc: 86.72%
[2025-06-16 20:41:01,986] INFO: Epoch 66 | Step 101/196 | Loss: 0.6651 | Acc: 81.29%
[2025-06-16 20:41:12,667] INFO: Epoch 66 training completed
[2025-06-16 20:41:13,855] INFO: Test Loss: 1.1003 | Test Acc: 65.48%
[2025-06-16 20:41:14,208] INFO: Epoch 67 | Step 1/196 | Loss: 0.6092 | Acc: 83.98%
[2025-06-16 20:41:25,492] INFO: Epoch 67 | Step 101/196 | Loss: 0.6603 | Acc: 81.67%
[2025-06-16 20:41:36,170] INFO: Epoch 67 training completed
[2025-06-16 20:41:37,358] INFO: Test Loss: 1.0191 | Test Acc: 68.86%
[2025-06-16 20:41:37,717] INFO: Epoch 68 | Step 1/196 | Loss: 0.5505 | Acc: 85.16%
[2025-06-16 20:41:49,051] INFO: Epoch 68 | Step 101/196 | Loss: 0.6742 | Acc: 81.27%
[2025-06-16 20:41:59,728] INFO: Epoch 68 training completed
[2025-06-16 20:42:00,921] INFO: Test Loss: 1.1244 | Test Acc: 68.04%
[2025-06-16 20:42:01,267] INFO: Epoch 69 | Step 1/196 | Loss: 0.5102 | Acc: 87.89%
[2025-06-16 20:42:12,555] INFO: Epoch 69 | Step 101/196 | Loss: 0.6634 | Acc: 81.56%
[2025-06-16 20:42:23,237] INFO: Epoch 69 training completed
[2025-06-16 20:42:24,436] INFO: Test Loss: 0.9478 | Test Acc: 70.13%
[2025-06-16 20:42:24,781] INFO: Epoch 70 | Step 1/196 | Loss: 0.5207 | Acc: 85.55%
[2025-06-16 20:42:36,087] INFO: Epoch 70 | Step 101/196 | Loss: 0.6549 | Acc: 81.57%
[2025-06-16 20:42:46,769] INFO: Epoch 70 training completed
[2025-06-16 20:42:47,962] INFO: Test Loss: 1.3089 | Test Acc: 60.56%
[2025-06-16 20:42:48,310] INFO: Epoch 71 | Step 1/196 | Loss: 0.6169 | Acc: 84.38%
[2025-06-16 20:42:59,604] INFO: Epoch 71 | Step 101/196 | Loss: 0.6663 | Acc: 81.29%
[2025-06-16 20:43:10,289] INFO: Epoch 71 training completed
[2025-06-16 20:43:11,491] INFO: Test Loss: 1.1706 | Test Acc: 64.82%
[2025-06-16 20:43:11,939] INFO: Epoch 72 | Step 1/196 | Loss: 0.5342 | Acc: 85.94%
[2025-06-16 20:43:23,229] INFO: Epoch 72 | Step 101/196 | Loss: 0.6517 | Acc: 81.82%
[2025-06-16 20:43:33,924] INFO: Epoch 72 training completed
[2025-06-16 20:43:35,101] INFO: Test Loss: 0.8126 | Test Acc: 74.56%
[2025-06-16 20:43:35,454] INFO: Epoch 73 | Step 1/196 | Loss: 0.5496 | Acc: 85.94%
[2025-06-16 20:43:46,738] INFO: Epoch 73 | Step 101/196 | Loss: 0.6454 | Acc: 81.88%
[2025-06-16 20:43:57,419] INFO: Epoch 73 training completed
[2025-06-16 20:43:58,603] INFO: Test Loss: 1.0816 | Test Acc: 67.01%
[2025-06-16 20:43:58,951] INFO: Epoch 74 | Step 1/196 | Loss: 0.5997 | Acc: 84.38%
[2025-06-16 20:44:10,244] INFO: Epoch 74 | Step 101/196 | Loss: 0.6554 | Acc: 81.78%
[2025-06-16 20:44:20,924] INFO: Epoch 74 training completed
[2025-06-16 20:44:22,118] INFO: Test Loss: 1.0717 | Test Acc: 66.95%
[2025-06-16 20:44:22,454] INFO: Epoch 75 | Step 1/196 | Loss: 0.5734 | Acc: 85.55%
[2025-06-16 20:44:33,740] INFO: Epoch 75 | Step 101/196 | Loss: 0.6566 | Acc: 81.71%
[2025-06-16 20:44:44,417] INFO: Epoch 75 training completed
[2025-06-16 20:44:45,611] INFO: Test Loss: 1.1040 | Test Acc: 66.91%
[2025-06-16 20:44:46,056] INFO: Epoch 76 | Step 1/196 | Loss: 0.5897 | Acc: 84.38%
[2025-06-16 20:44:57,346] INFO: Epoch 76 | Step 101/196 | Loss: 0.6489 | Acc: 81.90%
[2025-06-16 20:45:08,035] INFO: Epoch 76 training completed
[2025-06-16 20:45:09,223] INFO: Test Loss: 1.0660 | Test Acc: 66.90%
[2025-06-16 20:45:09,569] INFO: Epoch 77 | Step 1/196 | Loss: 0.4707 | Acc: 87.50%
[2025-06-16 20:45:20,852] INFO: Epoch 77 | Step 101/196 | Loss: 0.6479 | Acc: 81.94%
[2025-06-16 20:45:31,538] INFO: Epoch 77 training completed
[2025-06-16 20:45:32,727] INFO: Test Loss: 1.0294 | Test Acc: 69.04%
[2025-06-16 20:45:33,072] INFO: Epoch 78 | Step 1/196 | Loss: 0.5165 | Acc: 86.72%
[2025-06-16 20:45:44,365] INFO: Epoch 78 | Step 101/196 | Loss: 0.6465 | Acc: 82.00%
[2025-06-16 20:45:55,041] INFO: Epoch 78 training completed
[2025-06-16 20:45:56,235] INFO: Test Loss: 0.9820 | Test Acc: 71.19%
[2025-06-16 20:45:56,593] INFO: Epoch 79 | Step 1/196 | Loss: 0.5355 | Acc: 86.33%
[2025-06-16 20:46:07,880] INFO: Epoch 79 | Step 101/196 | Loss: 0.6402 | Acc: 81.96%
[2025-06-16 20:46:18,567] INFO: Epoch 79 training completed
[2025-06-16 20:46:19,763] INFO: Test Loss: 1.0573 | Test Acc: 68.94%
[2025-06-16 20:46:20,212] INFO: Epoch 80 | Step 1/196 | Loss: 0.6043 | Acc: 84.77%
[2025-06-16 20:46:31,516] INFO: Epoch 80 | Step 101/196 | Loss: 0.6360 | Acc: 82.43%
[2025-06-16 20:46:42,231] INFO: Epoch 80 training completed
[2025-06-16 20:46:43,467] INFO: Test Loss: 0.9741 | Test Acc: 69.85%
[2025-06-16 20:46:43,848] INFO: Epoch 81 | Step 1/196 | Loss: 0.5933 | Acc: 80.86%
[2025-06-16 20:46:55,187] INFO: Epoch 81 | Step 101/196 | Loss: 0.6359 | Acc: 82.25%
[2025-06-16 20:47:05,887] INFO: Epoch 81 training completed
[2025-06-16 20:47:07,070] INFO: Test Loss: 0.8981 | Test Acc: 73.11%
[2025-06-16 20:47:07,421] INFO: Epoch 82 | Step 1/196 | Loss: 0.5468 | Acc: 87.50%
[2025-06-16 20:47:18,718] INFO: Epoch 82 | Step 101/196 | Loss: 0.6299 | Acc: 82.41%
[2025-06-16 20:47:29,398] INFO: Epoch 82 training completed
[2025-06-16 20:47:30,582] INFO: Test Loss: 1.8097 | Test Acc: 54.68%
[2025-06-16 20:47:30,929] INFO: Epoch 83 | Step 1/196 | Loss: 0.5215 | Acc: 87.89%
[2025-06-16 20:47:42,217] INFO: Epoch 83 | Step 101/196 | Loss: 0.6295 | Acc: 82.59%
[2025-06-16 20:47:52,897] INFO: Epoch 83 training completed
[2025-06-16 20:47:54,083] INFO: Test Loss: 0.9588 | Test Acc: 70.17%
[2025-06-16 20:47:54,444] INFO: Epoch 84 | Step 1/196 | Loss: 0.5794 | Acc: 83.59%
[2025-06-16 20:48:05,775] INFO: Epoch 84 | Step 101/196 | Loss: 0.6282 | Acc: 82.56%
[2025-06-16 20:48:16,466] INFO: Epoch 84 training completed
[2025-06-16 20:48:17,655] INFO: Test Loss: 1.2196 | Test Acc: 62.39%
[2025-06-16 20:48:18,010] INFO: Epoch 85 | Step 1/196 | Loss: 0.5850 | Acc: 86.72%
[2025-06-16 20:48:29,299] INFO: Epoch 85 | Step 101/196 | Loss: 0.6285 | Acc: 82.56%
[2025-06-16 20:48:39,975] INFO: Epoch 85 training completed
[2025-06-16 20:48:41,164] INFO: Test Loss: 0.7033 | Test Acc: 77.71%
[2025-06-16 20:48:41,270] INFO: New best accuracy: 77.71%, model saved.
[2025-06-16 20:48:41,637] INFO: Epoch 86 | Step 1/196 | Loss: 0.5421 | Acc: 84.77%
[2025-06-16 20:48:52,918] INFO: Epoch 86 | Step 101/196 | Loss: 0.6279 | Acc: 82.49%
[2025-06-16 20:49:03,605] INFO: Epoch 86 training completed
[2025-06-16 20:49:04,793] INFO: Test Loss: 1.2424 | Test Acc: 64.87%
[2025-06-16 20:49:05,142] INFO: Epoch 87 | Step 1/196 | Loss: 0.6450 | Acc: 80.08%
[2025-06-16 20:49:16,434] INFO: Epoch 87 | Step 101/196 | Loss: 0.6400 | Acc: 82.43%
[2025-06-16 20:49:27,124] INFO: Epoch 87 training completed
[2025-06-16 20:49:28,334] INFO: Test Loss: 0.9387 | Test Acc: 71.00%
[2025-06-16 20:49:28,784] INFO: Epoch 88 | Step 1/196 | Loss: 0.5464 | Acc: 86.33%
[2025-06-16 20:49:40,070] INFO: Epoch 88 | Step 101/196 | Loss: 0.6212 | Acc: 82.70%
[2025-06-16 20:49:50,750] INFO: Epoch 88 training completed
[2025-06-16 20:49:51,932] INFO: Test Loss: 0.8964 | Test Acc: 73.09%
[2025-06-16 20:49:52,279] INFO: Epoch 89 | Step 1/196 | Loss: 0.4791 | Acc: 89.06%
[2025-06-16 20:50:03,576] INFO: Epoch 89 | Step 101/196 | Loss: 0.6233 | Acc: 82.72%
[2025-06-16 20:50:14,257] INFO: Epoch 89 training completed
[2025-06-16 20:50:15,446] INFO: Test Loss: 0.9944 | Test Acc: 68.92%
[2025-06-16 20:50:15,796] INFO: Epoch 90 | Step 1/196 | Loss: 0.5958 | Acc: 86.33%
[2025-06-16 20:50:27,081] INFO: Epoch 90 | Step 101/196 | Loss: 0.6236 | Acc: 82.67%
[2025-06-16 20:50:37,774] INFO: Epoch 90 training completed
[2025-06-16 20:50:38,960] INFO: Test Loss: 1.0726 | Test Acc: 67.49%
[2025-06-16 20:50:39,308] INFO: Epoch 91 | Step 1/196 | Loss: 0.6129 | Acc: 82.81%
[2025-06-16 20:50:50,594] INFO: Epoch 91 | Step 101/196 | Loss: 0.6202 | Acc: 82.77%
[2025-06-16 20:51:01,279] INFO: Epoch 91 training completed
[2025-06-16 20:51:02,469] INFO: Test Loss: 0.8492 | Test Acc: 73.83%
[2025-06-16 20:51:02,907] INFO: Epoch 92 | Step 1/196 | Loss: 0.5129 | Acc: 85.94%
[2025-06-16 20:51:14,203] INFO: Epoch 92 | Step 101/196 | Loss: 0.6148 | Acc: 82.86%
[2025-06-16 20:51:24,881] INFO: Epoch 92 training completed
[2025-06-16 20:51:26,076] INFO: Test Loss: 0.9092 | Test Acc: 71.56%
[2025-06-16 20:51:26,427] INFO: Epoch 93 | Step 1/196 | Loss: 0.5441 | Acc: 83.59%
[2025-06-16 20:51:37,713] INFO: Epoch 93 | Step 101/196 | Loss: 0.6128 | Acc: 82.89%
[2025-06-16 20:51:48,396] INFO: Epoch 93 training completed
[2025-06-16 20:51:49,581] INFO: Test Loss: 0.8511 | Test Acc: 72.61%
[2025-06-16 20:51:49,927] INFO: Epoch 94 | Step 1/196 | Loss: 0.5690 | Acc: 85.94%
[2025-06-16 20:52:01,217] INFO: Epoch 94 | Step 101/196 | Loss: 0.6155 | Acc: 82.82%
[2025-06-16 20:52:11,895] INFO: Epoch 94 training completed
[2025-06-16 20:52:13,095] INFO: Test Loss: 1.0014 | Test Acc: 69.27%
[2025-06-16 20:52:13,442] INFO: Epoch 95 | Step 1/196 | Loss: 0.5756 | Acc: 84.38%
[2025-06-16 20:52:24,731] INFO: Epoch 95 | Step 101/196 | Loss: 0.6098 | Acc: 83.26%
[2025-06-16 20:52:35,444] INFO: Epoch 95 training completed
[2025-06-16 20:52:36,630] INFO: Test Loss: 1.0449 | Test Acc: 69.08%
[2025-06-16 20:52:36,976] INFO: Epoch 96 | Step 1/196 | Loss: 0.5730 | Acc: 85.55%
[2025-06-16 20:52:48,315] INFO: Epoch 96 | Step 101/196 | Loss: 0.6086 | Acc: 83.12%
[2025-06-16 20:52:58,996] INFO: Epoch 96 training completed
[2025-06-16 20:53:00,192] INFO: Test Loss: 1.0525 | Test Acc: 66.89%
[2025-06-16 20:53:00,547] INFO: Epoch 97 | Step 1/196 | Loss: 0.5165 | Acc: 86.72%
[2025-06-16 20:53:11,834] INFO: Epoch 97 | Step 101/196 | Loss: 0.6024 | Acc: 83.20%
[2025-06-16 20:53:22,522] INFO: Epoch 97 training completed
[2025-06-16 20:53:23,718] INFO: Test Loss: 0.9660 | Test Acc: 70.39%
[2025-06-16 20:53:24,062] INFO: Epoch 98 | Step 1/196 | Loss: 0.5462 | Acc: 85.94%
[2025-06-16 20:53:35,351] INFO: Epoch 98 | Step 101/196 | Loss: 0.6011 | Acc: 83.26%
[2025-06-16 20:53:46,033] INFO: Epoch 98 training completed
[2025-06-16 20:53:47,223] INFO: Test Loss: 1.1772 | Test Acc: 64.89%
[2025-06-16 20:53:47,575] INFO: Epoch 99 | Step 1/196 | Loss: 0.5721 | Acc: 85.16%
[2025-06-16 20:53:58,868] INFO: Epoch 99 | Step 101/196 | Loss: 0.6072 | Acc: 83.13%
[2025-06-16 20:54:09,561] INFO: Epoch 99 training completed
[2025-06-16 20:54:10,752] INFO: Test Loss: 1.0646 | Test Acc: 68.16%
[2025-06-16 20:54:11,203] INFO: Epoch 100 | Step 1/196 | Loss: 0.5313 | Acc: 85.94%
[2025-06-16 20:54:22,492] INFO: Epoch 100 | Step 101/196 | Loss: 0.5977 | Acc: 83.44%
[2025-06-16 20:54:33,174] INFO: Epoch 100 training completed
[2025-06-16 20:54:34,361] INFO: Test Loss: 0.8143 | Test Acc: 74.54%
[2025-06-16 20:54:34,710] INFO: Epoch 101 | Step 1/196 | Loss: 0.5195 | Acc: 85.94%
[2025-06-16 20:54:45,997] INFO: Epoch 101 | Step 101/196 | Loss: 0.5905 | Acc: 83.64%
[2025-06-16 20:54:56,805] INFO: Epoch 101 training completed
[2025-06-16 20:54:58,078] INFO: Test Loss: 0.7673 | Test Acc: 76.16%
[2025-06-16 20:54:58,475] INFO: Epoch 102 | Step 1/196 | Loss: 0.5494 | Acc: 87.50%
[2025-06-16 20:55:10,954] INFO: Epoch 102 | Step 101/196 | Loss: 0.5898 | Acc: 83.77%
[2025-06-16 20:55:21,803] INFO: Epoch 102 training completed
[2025-06-16 20:55:23,054] INFO: Test Loss: 0.9705 | Test Acc: 70.19%
[2025-06-16 20:55:23,410] INFO: Epoch 103 | Step 1/196 | Loss: 0.4514 | Acc: 87.89%
[2025-06-16 20:55:34,744] INFO: Epoch 103 | Step 101/196 | Loss: 0.5810 | Acc: 83.88%
[2025-06-16 20:55:45,490] INFO: Epoch 103 training completed
[2025-06-16 20:55:46,689] INFO: Test Loss: 0.9261 | Test Acc: 72.70%
[2025-06-16 20:55:47,040] INFO: Epoch 104 | Step 1/196 | Loss: 0.5361 | Acc: 85.94%
[2025-06-16 20:55:58,345] INFO: Epoch 104 | Step 101/196 | Loss: 0.5878 | Acc: 83.66%
[2025-06-16 20:56:09,046] INFO: Epoch 104 training completed
[2025-06-16 20:56:10,250] INFO: Test Loss: 1.0931 | Test Acc: 67.08%
[2025-06-16 20:56:10,597] INFO: Epoch 105 | Step 1/196 | Loss: 0.5289 | Acc: 86.72%
[2025-06-16 20:56:21,902] INFO: Epoch 105 | Step 101/196 | Loss: 0.5894 | Acc: 83.51%
[2025-06-16 20:56:32,597] INFO: Epoch 105 training completed
[2025-06-16 20:56:33,809] INFO: Test Loss: 0.9066 | Test Acc: 72.17%
[2025-06-16 20:56:34,156] INFO: Epoch 106 | Step 1/196 | Loss: 0.5629 | Acc: 85.55%
[2025-06-16 20:56:45,460] INFO: Epoch 106 | Step 101/196 | Loss: 0.5834 | Acc: 83.93%
[2025-06-16 20:56:56,163] INFO: Epoch 106 training completed
[2025-06-16 20:56:57,361] INFO: Test Loss: 0.9275 | Test Acc: 71.57%
[2025-06-16 20:56:57,706] INFO: Epoch 107 | Step 1/196 | Loss: 0.4647 | Acc: 87.11%
[2025-06-16 20:57:09,054] INFO: Epoch 107 | Step 101/196 | Loss: 0.5768 | Acc: 83.89%
[2025-06-16 20:57:19,743] INFO: Epoch 107 training completed
[2025-06-16 20:57:20,932] INFO: Test Loss: 0.8491 | Test Acc: 73.95%
[2025-06-16 20:57:21,279] INFO: Epoch 108 | Step 1/196 | Loss: 0.5573 | Acc: 85.16%
[2025-06-16 20:57:32,588] INFO: Epoch 108 | Step 101/196 | Loss: 0.5771 | Acc: 84.21%
[2025-06-16 20:57:43,292] INFO: Epoch 108 training completed
[2025-06-16 20:57:44,489] INFO: Test Loss: 0.8325 | Test Acc: 75.05%
[2025-06-16 20:57:44,848] INFO: Epoch 109 | Step 1/196 | Loss: 0.4342 | Acc: 87.50%
[2025-06-16 20:57:56,150] INFO: Epoch 109 | Step 101/196 | Loss: 0.5776 | Acc: 83.80%
[2025-06-16 20:58:06,849] INFO: Epoch 109 training completed
[2025-06-16 20:58:08,051] INFO: Test Loss: 0.8956 | Test Acc: 72.75%
[2025-06-16 20:58:08,398] INFO: Epoch 110 | Step 1/196 | Loss: 0.4938 | Acc: 85.55%
[2025-06-16 20:58:19,701] INFO: Epoch 110 | Step 101/196 | Loss: 0.5789 | Acc: 83.81%
[2025-06-16 20:58:30,403] INFO: Epoch 110 training completed
[2025-06-16 20:58:31,613] INFO: Test Loss: 0.7899 | Test Acc: 76.42%
[2025-06-16 20:58:31,963] INFO: Epoch 111 | Step 1/196 | Loss: 0.5167 | Acc: 86.72%
[2025-06-16 20:58:43,304] INFO: Epoch 111 | Step 101/196 | Loss: 0.5705 | Acc: 84.24%
[2025-06-16 20:58:53,998] INFO: Epoch 111 training completed
[2025-06-16 20:58:55,200] INFO: Test Loss: 0.8722 | Test Acc: 73.92%
[2025-06-16 20:58:55,558] INFO: Epoch 112 | Step 1/196 | Loss: 0.4841 | Acc: 86.33%
[2025-06-16 20:59:06,863] INFO: Epoch 112 | Step 101/196 | Loss: 0.5711 | Acc: 84.33%
[2025-06-16 20:59:17,574] INFO: Epoch 112 training completed
[2025-06-16 20:59:18,786] INFO: Test Loss: 0.6808 | Test Acc: 79.00%
[2025-06-16 20:59:18,893] INFO: New best accuracy: 79.00%, model saved.
[2025-06-16 20:59:19,255] INFO: Epoch 113 | Step 1/196 | Loss: 0.4641 | Acc: 89.45%
[2025-06-16 20:59:30,550] INFO: Epoch 113 | Step 101/196 | Loss: 0.5663 | Acc: 84.29%
[2025-06-16 20:59:41,249] INFO: Epoch 113 training completed
[2025-06-16 20:59:42,460] INFO: Test Loss: 0.7522 | Test Acc: 76.94%
[2025-06-16 20:59:42,815] INFO: Epoch 114 | Step 1/196 | Loss: 0.4811 | Acc: 86.72%
[2025-06-16 20:59:54,117] INFO: Epoch 114 | Step 101/196 | Loss: 0.5569 | Acc: 84.51%
[2025-06-16 21:00:04,891] INFO: Epoch 114 training completed
[2025-06-16 21:00:06,093] INFO: Test Loss: 0.9330 | Test Acc: 72.07%
[2025-06-16 21:00:06,440] INFO: Epoch 115 | Step 1/196 | Loss: 0.5032 | Acc: 86.72%
[2025-06-16 21:00:17,739] INFO: Epoch 115 | Step 101/196 | Loss: 0.5573 | Acc: 84.46%
[2025-06-16 21:00:28,443] INFO: Epoch 115 training completed
[2025-06-16 21:00:29,649] INFO: Test Loss: 0.7713 | Test Acc: 76.01%
[2025-06-16 21:00:29,992] INFO: Epoch 116 | Step 1/196 | Loss: 0.4555 | Acc: 88.28%
[2025-06-16 21:00:41,305] INFO: Epoch 116 | Step 101/196 | Loss: 0.5497 | Acc: 84.80%
[2025-06-16 21:00:52,016] INFO: Epoch 116 training completed
[2025-06-16 21:00:53,205] INFO: Test Loss: 0.6891 | Test Acc: 78.02%
[2025-06-16 21:00:53,553] INFO: Epoch 117 | Step 1/196 | Loss: 0.4419 | Acc: 87.89%
[2025-06-16 21:01:04,852] INFO: Epoch 117 | Step 101/196 | Loss: 0.5500 | Acc: 84.65%
[2025-06-16 21:01:15,550] INFO: Epoch 117 training completed
[2025-06-16 21:01:16,751] INFO: Test Loss: 0.7954 | Test Acc: 76.08%
[2025-06-16 21:01:17,107] INFO: Epoch 118 | Step 1/196 | Loss: 0.4894 | Acc: 88.67%
[2025-06-16 21:01:28,448] INFO: Epoch 118 | Step 101/196 | Loss: 0.5429 | Acc: 85.01%
[2025-06-16 21:01:39,166] INFO: Epoch 118 training completed
[2025-06-16 21:01:40,374] INFO: Test Loss: 0.9192 | Test Acc: 73.23%
[2025-06-16 21:01:40,712] INFO: Epoch 119 | Step 1/196 | Loss: 0.4476 | Acc: 88.67%
[2025-06-16 21:01:52,023] INFO: Epoch 119 | Step 101/196 | Loss: 0.5509 | Acc: 84.73%
[2025-06-16 21:02:02,727] INFO: Epoch 119 training completed
[2025-06-16 21:02:03,942] INFO: Test Loss: 0.6681 | Test Acc: 79.87%
[2025-06-16 21:02:04,047] INFO: New best accuracy: 79.87%, model saved.
[2025-06-16 21:02:04,397] INFO: Epoch 120 | Step 1/196 | Loss: 0.4778 | Acc: 86.33%
[2025-06-16 21:02:15,690] INFO: Epoch 120 | Step 101/196 | Loss: 0.5454 | Acc: 84.99%
[2025-06-16 21:02:26,384] INFO: Epoch 120 training completed
[2025-06-16 21:02:27,588] INFO: Test Loss: 0.7498 | Test Acc: 77.29%
[2025-06-16 21:02:27,949] INFO: Epoch 121 | Step 1/196 | Loss: 0.4373 | Acc: 88.28%
[2025-06-16 21:02:39,248] INFO: Epoch 121 | Step 101/196 | Loss: 0.5349 | Acc: 85.21%
[2025-06-16 21:02:49,945] INFO: Epoch 121 training completed
[2025-06-16 21:02:51,151] INFO: Test Loss: 0.6704 | Test Acc: 78.80%
[2025-06-16 21:02:51,565] INFO: Epoch 122 | Step 1/196 | Loss: 0.4226 | Acc: 88.28%
[2025-06-16 21:03:02,869] INFO: Epoch 122 | Step 101/196 | Loss: 0.5362 | Acc: 85.13%
[2025-06-16 21:03:13,566] INFO: Epoch 122 training completed
[2025-06-16 21:03:14,768] INFO: Test Loss: 0.7671 | Test Acc: 76.91%
[2025-06-16 21:03:15,112] INFO: Epoch 123 | Step 1/196 | Loss: 0.4378 | Acc: 86.72%
[2025-06-16 21:03:26,414] INFO: Epoch 123 | Step 101/196 | Loss: 0.5318 | Acc: 85.29%
[2025-06-16 21:03:37,103] INFO: Epoch 123 training completed
[2025-06-16 21:03:38,300] INFO: Test Loss: 0.7952 | Test Acc: 76.32%
[2025-06-16 21:03:38,650] INFO: Epoch 124 | Step 1/196 | Loss: 0.4123 | Acc: 89.45%
[2025-06-16 21:03:49,951] INFO: Epoch 124 | Step 101/196 | Loss: 0.5206 | Acc: 85.45%
[2025-06-16 21:04:00,648] INFO: Epoch 124 training completed
[2025-06-16 21:04:01,845] INFO: Test Loss: 0.7636 | Test Acc: 76.64%
[2025-06-16 21:04:02,209] INFO: Epoch 125 | Step 1/196 | Loss: 0.4036 | Acc: 89.84%
[2025-06-16 21:04:13,508] INFO: Epoch 125 | Step 101/196 | Loss: 0.5212 | Acc: 85.59%
[2025-06-16 21:04:24,205] INFO: Epoch 125 training completed
[2025-06-16 21:04:25,393] INFO: Test Loss: 0.6734 | Test Acc: 79.00%
[2025-06-16 21:04:25,839] INFO: Epoch 126 | Step 1/196 | Loss: 0.4087 | Acc: 89.45%
[2025-06-16 21:04:37,151] INFO: Epoch 126 | Step 101/196 | Loss: 0.5136 | Acc: 86.11%
[2025-06-16 21:04:47,848] INFO: Epoch 126 training completed
[2025-06-16 21:04:49,043] INFO: Test Loss: 0.8580 | Test Acc: 74.02%
[2025-06-16 21:04:49,396] INFO: Epoch 127 | Step 1/196 | Loss: 0.4139 | Acc: 89.84%
[2025-06-16 21:05:00,690] INFO: Epoch 127 | Step 101/196 | Loss: 0.5115 | Acc: 85.83%
[2025-06-16 21:05:11,384] INFO: Epoch 127 training completed
[2025-06-16 21:05:12,571] INFO: Test Loss: 0.8058 | Test Acc: 75.45%
[2025-06-16 21:05:12,925] INFO: Epoch 128 | Step 1/196 | Loss: 0.3904 | Acc: 92.97%
[2025-06-16 21:05:24,231] INFO: Epoch 128 | Step 101/196 | Loss: 0.5147 | Acc: 85.73%
[2025-06-16 21:05:34,925] INFO: Epoch 128 training completed
[2025-06-16 21:05:36,141] INFO: Test Loss: 0.6414 | Test Acc: 80.43%
[2025-06-16 21:05:36,247] INFO: New best accuracy: 80.43%, model saved.
[2025-06-16 21:05:36,589] INFO: Epoch 129 | Step 1/196 | Loss: 0.3883 | Acc: 90.23%
[2025-06-16 21:05:47,890] INFO: Epoch 129 | Step 101/196 | Loss: 0.5125 | Acc: 85.92%
[2025-06-16 21:05:58,584] INFO: Epoch 129 training completed
[2025-06-16 21:05:59,783] INFO: Test Loss: 0.7191 | Test Acc: 78.42%
[2025-06-16 21:06:00,153] INFO: Epoch 130 | Step 1/196 | Loss: 0.3917 | Acc: 90.23%
[2025-06-16 21:06:11,512] INFO: Epoch 130 | Step 101/196 | Loss: 0.5098 | Acc: 85.89%
[2025-06-16 21:06:22,304] INFO: Epoch 130 training completed
[2025-06-16 21:06:23,661] INFO: Test Loss: 0.7040 | Test Acc: 78.26%
[2025-06-16 21:06:24,048] INFO: Epoch 131 | Step 1/196 | Loss: 0.3268 | Acc: 92.97%
[2025-06-16 21:06:35,812] INFO: Epoch 131 | Step 101/196 | Loss: 0.4939 | Acc: 86.38%
[2025-06-16 21:06:46,785] INFO: Epoch 131 training completed
[2025-06-16 21:06:48,111] INFO: Test Loss: 0.6265 | Test Acc: 80.77%
[2025-06-16 21:06:48,222] INFO: New best accuracy: 80.77%, model saved.
[2025-06-16 21:06:48,600] INFO: Epoch 132 | Step 1/196 | Loss: 0.4258 | Acc: 89.06%
[2025-06-16 21:07:00,318] INFO: Epoch 132 | Step 101/196 | Loss: 0.5046 | Acc: 85.96%
[2025-06-16 21:07:11,281] INFO: Epoch 132 training completed
[2025-06-16 21:07:12,589] INFO: Test Loss: 0.7112 | Test Acc: 78.35%
[2025-06-16 21:07:12,972] INFO: Epoch 133 | Step 1/196 | Loss: 0.3662 | Acc: 90.62%
[2025-06-16 21:07:24,588] INFO: Epoch 133 | Step 101/196 | Loss: 0.4866 | Acc: 86.59%
[2025-06-16 21:07:35,656] INFO: Epoch 133 training completed
[2025-06-16 21:07:36,973] INFO: Test Loss: 0.6283 | Test Acc: 81.17%
[2025-06-16 21:07:37,082] INFO: New best accuracy: 81.17%, model saved.
[2025-06-16 21:07:37,459] INFO: Epoch 134 | Step 1/196 | Loss: 0.3681 | Acc: 92.58%
[2025-06-16 21:07:49,159] INFO: Epoch 134 | Step 101/196 | Loss: 0.4858 | Acc: 86.74%
[2025-06-16 21:08:00,253] INFO: Epoch 134 training completed
[2025-06-16 21:08:01,600] INFO: Test Loss: 0.7557 | Test Acc: 76.99%
[2025-06-16 21:08:01,990] INFO: Epoch 135 | Step 1/196 | Loss: 0.3778 | Acc: 89.06%
[2025-06-16 21:08:13,559] INFO: Epoch 135 | Step 101/196 | Loss: 0.4827 | Acc: 86.83%
[2025-06-16 21:08:24,561] INFO: Epoch 135 training completed
[2025-06-16 21:08:25,865] INFO: Test Loss: 0.7136 | Test Acc: 78.46%
[2025-06-16 21:08:26,265] INFO: Epoch 136 | Step 1/196 | Loss: 0.3456 | Acc: 91.02%
[2025-06-16 21:08:37,962] INFO: Epoch 136 | Step 101/196 | Loss: 0.4780 | Acc: 86.88%
[2025-06-16 21:08:48,912] INFO: Epoch 136 training completed
[2025-06-16 21:08:50,225] INFO: Test Loss: 0.7098 | Test Acc: 78.23%
[2025-06-16 21:08:50,664] INFO: Epoch 137 | Step 1/196 | Loss: 0.3759 | Acc: 89.84%
[2025-06-16 21:09:02,367] INFO: Epoch 137 | Step 101/196 | Loss: 0.4820 | Acc: 86.64%
[2025-06-16 21:09:13,327] INFO: Epoch 137 training completed
[2025-06-16 21:09:14,667] INFO: Test Loss: 0.6788 | Test Acc: 79.54%
[2025-06-16 21:09:15,052] INFO: Epoch 138 | Step 1/196 | Loss: 0.2999 | Acc: 94.53%
[2025-06-16 21:09:26,775] INFO: Epoch 138 | Step 101/196 | Loss: 0.4743 | Acc: 86.89%
[2025-06-16 21:09:37,771] INFO: Epoch 138 training completed
[2025-06-16 21:09:39,120] INFO: Test Loss: 0.6699 | Test Acc: 80.08%
[2025-06-16 21:09:39,530] INFO: Epoch 139 | Step 1/196 | Loss: 0.3806 | Acc: 91.02%
[2025-06-16 21:09:51,208] INFO: Epoch 139 | Step 101/196 | Loss: 0.4665 | Acc: 87.14%
[2025-06-16 21:10:02,247] INFO: Epoch 139 training completed
[2025-06-16 21:10:03,590] INFO: Test Loss: 0.6642 | Test Acc: 79.47%
[2025-06-16 21:10:03,973] INFO: Epoch 140 | Step 1/196 | Loss: 0.3521 | Acc: 92.58%
[2025-06-16 21:10:15,654] INFO: Epoch 140 | Step 101/196 | Loss: 0.4586 | Acc: 87.61%
[2025-06-16 21:10:26,646] INFO: Epoch 140 training completed
[2025-06-16 21:10:27,949] INFO: Test Loss: 0.5890 | Test Acc: 81.17%
[2025-06-16 21:10:28,430] INFO: Epoch 141 | Step 1/196 | Loss: 0.3910 | Acc: 88.28%
[2025-06-16 21:10:40,089] INFO: Epoch 141 | Step 101/196 | Loss: 0.4630 | Acc: 87.24%
[2025-06-16 21:10:50,999] INFO: Epoch 141 training completed
[2025-06-16 21:10:52,313] INFO: Test Loss: 0.7030 | Test Acc: 78.78%
[2025-06-16 21:10:52,707] INFO: Epoch 142 | Step 1/196 | Loss: 0.4196 | Acc: 87.89%
[2025-06-16 21:11:04,361] INFO: Epoch 142 | Step 101/196 | Loss: 0.4580 | Acc: 87.52%
[2025-06-16 21:11:15,355] INFO: Epoch 142 training completed
[2025-06-16 21:11:16,672] INFO: Test Loss: 0.6880 | Test Acc: 79.09%
[2025-06-16 21:11:17,056] INFO: Epoch 143 | Step 1/196 | Loss: 0.3992 | Acc: 89.84%
[2025-06-16 21:11:28,750] INFO: Epoch 143 | Step 101/196 | Loss: 0.4451 | Acc: 87.94%
[2025-06-16 21:11:39,729] INFO: Epoch 143 training completed
[2025-06-16 21:11:41,057] INFO: Test Loss: 0.7242 | Test Acc: 77.65%
[2025-06-16 21:11:41,455] INFO: Epoch 144 | Step 1/196 | Loss: 0.3159 | Acc: 92.58%
[2025-06-16 21:11:53,213] INFO: Epoch 144 | Step 101/196 | Loss: 0.4446 | Acc: 87.91%
[2025-06-16 21:12:04,225] INFO: Epoch 144 training completed
[2025-06-16 21:12:05,537] INFO: Test Loss: 0.5707 | Test Acc: 82.75%
[2025-06-16 21:12:05,649] INFO: New best accuracy: 82.75%, model saved.
[2025-06-16 21:12:06,102] INFO: Epoch 145 | Step 1/196 | Loss: 0.3353 | Acc: 89.84%
[2025-06-16 21:12:17,746] INFO: Epoch 145 | Step 101/196 | Loss: 0.4409 | Acc: 87.82%
[2025-06-16 21:12:28,736] INFO: Epoch 145 training completed
[2025-06-16 21:12:30,083] INFO: Test Loss: 0.6024 | Test Acc: 81.81%
[2025-06-16 21:12:30,466] INFO: Epoch 146 | Step 1/196 | Loss: 0.3185 | Acc: 92.19%
[2025-06-16 21:12:42,222] INFO: Epoch 146 | Step 101/196 | Loss: 0.4318 | Acc: 88.16%
[2025-06-16 21:12:53,167] INFO: Epoch 146 training completed
[2025-06-16 21:12:54,491] INFO: Test Loss: 0.7272 | Test Acc: 78.97%
[2025-06-16 21:12:54,862] INFO: Epoch 147 | Step 1/196 | Loss: 0.3721 | Acc: 91.41%
[2025-06-16 21:13:06,471] INFO: Epoch 147 | Step 101/196 | Loss: 0.4260 | Acc: 88.34%
[2025-06-16 21:13:17,478] INFO: Epoch 147 training completed
[2025-06-16 21:13:18,782] INFO: Test Loss: 0.5741 | Test Acc: 82.11%
[2025-06-16 21:13:19,170] INFO: Epoch 148 | Step 1/196 | Loss: 0.2907 | Acc: 92.97%
[2025-06-16 21:13:30,749] INFO: Epoch 148 | Step 101/196 | Loss: 0.4271 | Acc: 88.37%
[2025-06-16 21:13:41,801] INFO: Epoch 148 training completed
[2025-06-16 21:13:43,158] INFO: Test Loss: 0.5569 | Test Acc: 82.72%
[2025-06-16 21:13:43,620] INFO: Epoch 149 | Step 1/196 | Loss: 0.3160 | Acc: 92.58%
[2025-06-16 21:13:55,354] INFO: Epoch 149 | Step 101/196 | Loss: 0.4212 | Acc: 88.39%
[2025-06-16 21:14:06,356] INFO: Epoch 149 training completed
[2025-06-16 21:14:07,670] INFO: Test Loss: 0.5266 | Test Acc: 83.96%
[2025-06-16 21:14:07,780] INFO: New best accuracy: 83.96%, model saved.
[2025-06-16 21:14:08,169] INFO: Epoch 150 | Step 1/196 | Loss: 0.3376 | Acc: 91.02%
[2025-06-16 21:14:19,850] INFO: Epoch 150 | Step 101/196 | Loss: 0.4157 | Acc: 88.62%
[2025-06-16 21:14:30,823] INFO: Epoch 150 training completed
[2025-06-16 21:14:32,171] INFO: Test Loss: 0.5449 | Test Acc: 83.55%
[2025-06-16 21:14:32,553] INFO: Epoch 151 | Step 1/196 | Loss: 0.3265 | Acc: 91.80%
[2025-06-16 21:14:44,265] INFO: Epoch 151 | Step 101/196 | Loss: 0.4129 | Acc: 88.63%
[2025-06-16 21:14:55,249] INFO: Epoch 151 training completed
[2025-06-16 21:14:56,590] INFO: Test Loss: 0.6365 | Test Acc: 80.44%
[2025-06-16 21:14:56,964] INFO: Epoch 152 | Step 1/196 | Loss: 0.3619 | Acc: 91.02%
[2025-06-16 21:15:08,868] INFO: Epoch 152 | Step 101/196 | Loss: 0.4114 | Acc: 88.76%
[2025-06-16 21:15:19,718] INFO: Epoch 152 training completed
[2025-06-16 21:15:21,035] INFO: Test Loss: 0.5514 | Test Acc: 83.57%
[2025-06-16 21:15:21,513] INFO: Epoch 153 | Step 1/196 | Loss: 0.3202 | Acc: 90.62%
[2025-06-16 21:15:33,156] INFO: Epoch 153 | Step 101/196 | Loss: 0.4049 | Acc: 88.83%
[2025-06-16 21:15:44,183] INFO: Epoch 153 training completed
[2025-06-16 21:15:45,512] INFO: Test Loss: 0.4558 | Test Acc: 85.65%
[2025-06-16 21:15:45,621] INFO: New best accuracy: 85.65%, model saved.
[2025-06-16 21:15:46,010] INFO: Epoch 154 | Step 1/196 | Loss: 0.3316 | Acc: 91.02%
[2025-06-16 21:15:57,698] INFO: Epoch 154 | Step 101/196 | Loss: 0.4020 | Acc: 89.04%
[2025-06-16 21:16:08,727] INFO: Epoch 154 training completed
[2025-06-16 21:16:10,007] INFO: Test Loss: 0.5934 | Test Acc: 82.22%
[2025-06-16 21:16:10,399] INFO: Epoch 155 | Step 1/196 | Loss: 0.3328 | Acc: 93.36%
[2025-06-16 21:16:22,095] INFO: Epoch 155 | Step 101/196 | Loss: 0.3941 | Acc: 89.07%
[2025-06-16 21:16:33,040] INFO: Epoch 155 training completed
[2025-06-16 21:16:34,376] INFO: Test Loss: 0.4848 | Test Acc: 85.01%
[2025-06-16 21:16:34,759] INFO: Epoch 156 | Step 1/196 | Loss: 0.3369 | Acc: 92.19%
[2025-06-16 21:16:46,437] INFO: Epoch 156 | Step 101/196 | Loss: 0.3873 | Acc: 89.52%
[2025-06-16 21:16:57,369] INFO: Epoch 156 training completed
[2025-06-16 21:16:58,684] INFO: Test Loss: 0.4971 | Test Acc: 84.38%
[2025-06-16 21:16:59,054] INFO: Epoch 157 | Step 1/196 | Loss: 0.3043 | Acc: 93.75%
[2025-06-16 21:17:10,772] INFO: Epoch 157 | Step 101/196 | Loss: 0.3824 | Acc: 89.58%
[2025-06-16 21:17:21,835] INFO: Epoch 157 training completed
[2025-06-16 21:17:23,179] INFO: Test Loss: 0.5203 | Test Acc: 84.01%
[2025-06-16 21:17:23,558] INFO: Epoch 158 | Step 1/196 | Loss: 0.2750 | Acc: 94.53%
[2025-06-16 21:17:35,277] INFO: Epoch 158 | Step 101/196 | Loss: 0.3746 | Acc: 89.74%
[2025-06-16 21:17:46,231] INFO: Epoch 158 training completed
[2025-06-16 21:17:47,522] INFO: Test Loss: 0.4986 | Test Acc: 84.81%
[2025-06-16 21:17:47,910] INFO: Epoch 159 | Step 1/196 | Loss: 0.2603 | Acc: 94.14%
[2025-06-16 21:17:59,520] INFO: Epoch 159 | Step 101/196 | Loss: 0.3758 | Acc: 89.86%
[2025-06-16 21:18:10,497] INFO: Epoch 159 training completed
[2025-06-16 21:18:11,791] INFO: Test Loss: 0.4552 | Test Acc: 85.99%
[2025-06-16 21:18:11,900] INFO: New best accuracy: 85.99%, model saved.
[2025-06-16 21:18:12,276] INFO: Epoch 160 | Step 1/196 | Loss: 0.2573 | Acc: 93.75%
[2025-06-16 21:18:23,970] INFO: Epoch 160 | Step 101/196 | Loss: 0.3664 | Acc: 90.19%
[2025-06-16 21:18:34,962] INFO: Epoch 160 training completed
[2025-06-16 21:18:36,247] INFO: Test Loss: 0.5620 | Test Acc: 82.90%
[2025-06-16 21:18:36,611] INFO: Epoch 161 | Step 1/196 | Loss: 0.2579 | Acc: 94.92%
[2025-06-16 21:18:48,230] INFO: Epoch 161 | Step 101/196 | Loss: 0.3620 | Acc: 90.28%
[2025-06-16 21:19:00,060] INFO: Epoch 161 training completed
[2025-06-16 21:19:01,365] INFO: Test Loss: 0.4833 | Test Acc: 84.98%
[2025-06-16 21:19:01,755] INFO: Epoch 162 | Step 1/196 | Loss: 0.2256 | Acc: 95.70%
[2025-06-16 21:19:13,343] INFO: Epoch 162 | Step 101/196 | Loss: 0.3562 | Acc: 90.45%
[2025-06-16 21:19:24,268] INFO: Epoch 162 training completed
[2025-06-16 21:19:25,562] INFO: Test Loss: 0.4776 | Test Acc: 85.41%
[2025-06-16 21:19:25,945] INFO: Epoch 163 | Step 1/196 | Loss: 0.2815 | Acc: 91.80%
[2025-06-16 21:19:37,523] INFO: Epoch 163 | Step 101/196 | Loss: 0.3562 | Acc: 90.42%
[2025-06-16 21:19:48,448] INFO: Epoch 163 training completed
[2025-06-16 21:19:49,783] INFO: Test Loss: 0.4773 | Test Acc: 85.39%
[2025-06-16 21:19:50,163] INFO: Epoch 164 | Step 1/196 | Loss: 0.3062 | Acc: 91.80%
[2025-06-16 21:20:01,904] INFO: Epoch 164 | Step 101/196 | Loss: 0.3452 | Acc: 90.69%
[2025-06-16 21:20:12,821] INFO: Epoch 164 training completed
[2025-06-16 21:20:14,152] INFO: Test Loss: 0.4794 | Test Acc: 85.52%
[2025-06-16 21:20:14,533] INFO: Epoch 165 | Step 1/196 | Loss: 0.2765 | Acc: 91.02%
[2025-06-16 21:20:26,268] INFO: Epoch 165 | Step 101/196 | Loss: 0.3369 | Acc: 90.93%
[2025-06-16 21:20:37,232] INFO: Epoch 165 training completed
[2025-06-16 21:20:38,562] INFO: Test Loss: 0.4620 | Test Acc: 85.94%
[2025-06-16 21:20:38,941] INFO: Epoch 166 | Step 1/196 | Loss: 0.2577 | Acc: 94.14%
[2025-06-16 21:20:50,576] INFO: Epoch 166 | Step 101/196 | Loss: 0.3290 | Acc: 91.32%
[2025-06-16 21:21:01,545] INFO: Epoch 166 training completed
[2025-06-16 21:21:02,864] INFO: Test Loss: 0.4114 | Test Acc: 87.53%
[2025-06-16 21:21:02,973] INFO: New best accuracy: 87.53%, model saved.
[2025-06-16 21:21:03,342] INFO: Epoch 167 | Step 1/196 | Loss: 0.2411 | Acc: 94.53%
[2025-06-16 21:21:14,997] INFO: Epoch 167 | Step 101/196 | Loss: 0.3221 | Acc: 91.29%
[2025-06-16 21:21:25,902] INFO: Epoch 167 training completed
[2025-06-16 21:21:27,214] INFO: Test Loss: 0.4241 | Test Acc: 87.14%
[2025-06-16 21:21:27,683] INFO: Epoch 168 | Step 1/196 | Loss: 0.2625 | Acc: 94.14%
[2025-06-16 21:21:39,446] INFO: Epoch 168 | Step 101/196 | Loss: 0.3119 | Acc: 91.77%
[2025-06-16 21:21:50,381] INFO: Epoch 168 training completed
[2025-06-16 21:21:51,681] INFO: Test Loss: 0.4392 | Test Acc: 86.82%
[2025-06-16 21:21:52,062] INFO: Epoch 169 | Step 1/196 | Loss: 0.2147 | Acc: 95.70%
[2025-06-16 21:22:03,791] INFO: Epoch 169 | Step 101/196 | Loss: 0.3127 | Acc: 91.82%
[2025-06-16 21:22:14,827] INFO: Epoch 169 training completed
[2025-06-16 21:22:16,146] INFO: Test Loss: 0.4189 | Test Acc: 87.43%
[2025-06-16 21:22:16,524] INFO: Epoch 170 | Step 1/196 | Loss: 0.2201 | Acc: 94.14%
[2025-06-16 21:22:28,189] INFO: Epoch 170 | Step 101/196 | Loss: 0.3094 | Acc: 91.80%
[2025-06-16 21:22:39,136] INFO: Epoch 170 training completed
[2025-06-16 21:22:40,453] INFO: Test Loss: 0.3958 | Test Acc: 88.07%
[2025-06-16 21:22:40,566] INFO: New best accuracy: 88.07%, model saved.
[2025-06-16 21:22:40,962] INFO: Epoch 171 | Step 1/196 | Loss: 0.2223 | Acc: 94.53%
[2025-06-16 21:22:52,494] INFO: Epoch 171 | Step 101/196 | Loss: 0.3045 | Acc: 91.81%
[2025-06-16 21:23:03,566] INFO: Epoch 171 training completed
[2025-06-16 21:23:04,864] INFO: Test Loss: 0.4085 | Test Acc: 87.92%
[2025-06-16 21:23:05,240] INFO: Epoch 172 | Step 1/196 | Loss: 0.1964 | Acc: 97.27%
[2025-06-16 21:23:17,001] INFO: Epoch 172 | Step 101/196 | Loss: 0.2918 | Acc: 92.29%
[2025-06-16 21:23:27,966] INFO: Epoch 172 training completed
[2025-06-16 21:23:29,307] INFO: Test Loss: 0.4112 | Test Acc: 87.49%
[2025-06-16 21:23:29,676] INFO: Epoch 173 | Step 1/196 | Loss: 0.2036 | Acc: 95.70%
[2025-06-16 21:23:41,336] INFO: Epoch 173 | Step 101/196 | Loss: 0.2853 | Acc: 92.45%
[2025-06-16 21:23:52,293] INFO: Epoch 173 training completed
[2025-06-16 21:23:53,566] INFO: Test Loss: 0.4074 | Test Acc: 87.93%
[2025-06-16 21:23:53,944] INFO: Epoch 174 | Step 1/196 | Loss: 0.2501 | Acc: 94.53%
[2025-06-16 21:24:05,597] INFO: Epoch 174 | Step 101/196 | Loss: 0.2781 | Acc: 92.66%
[2025-06-16 21:24:16,584] INFO: Epoch 174 training completed
[2025-06-16 21:24:17,859] INFO: Test Loss: 0.4029 | Test Acc: 87.83%
[2025-06-16 21:24:18,251] INFO: Epoch 175 | Step 1/196 | Loss: 0.2291 | Acc: 94.14%
[2025-06-16 21:24:29,809] INFO: Epoch 175 | Step 101/196 | Loss: 0.2744 | Acc: 92.73%
[2025-06-16 21:24:40,811] INFO: Epoch 175 training completed
[2025-06-16 21:24:42,150] INFO: Test Loss: 0.3968 | Test Acc: 88.26%
[2025-06-16 21:24:42,263] INFO: New best accuracy: 88.26%, model saved.
[2025-06-16 21:24:42,627] INFO: Epoch 176 | Step 1/196 | Loss: 0.2247 | Acc: 94.14%
[2025-06-16 21:24:54,299] INFO: Epoch 176 | Step 101/196 | Loss: 0.2659 | Acc: 93.05%
[2025-06-16 21:25:05,266] INFO: Epoch 176 training completed
[2025-06-16 21:25:06,566] INFO: Test Loss: 0.3762 | Test Acc: 89.03%
[2025-06-16 21:25:06,676] INFO: New best accuracy: 89.03%, model saved.
[2025-06-16 21:25:07,068] INFO: Epoch 177 | Step 1/196 | Loss: 0.1765 | Acc: 96.88%
[2025-06-16 21:25:18,679] INFO: Epoch 177 | Step 101/196 | Loss: 0.2579 | Acc: 93.43%
[2025-06-16 21:25:29,641] INFO: Epoch 177 training completed
[2025-06-16 21:25:30,964] INFO: Test Loss: 0.4205 | Test Acc: 87.70%
[2025-06-16 21:25:31,351] INFO: Epoch 178 | Step 1/196 | Loss: 0.2236 | Acc: 95.31%
[2025-06-16 21:25:43,104] INFO: Epoch 178 | Step 101/196 | Loss: 0.2541 | Acc: 93.50%
[2025-06-16 21:25:54,213] INFO: Epoch 178 training completed
[2025-06-16 21:25:55,646] INFO: Test Loss: 0.3650 | Test Acc: 88.86%
[2025-06-16 21:25:56,104] INFO: Epoch 179 | Step 1/196 | Loss: 0.1924 | Acc: 95.31%
[2025-06-16 21:26:08,296] INFO: Epoch 179 | Step 101/196 | Loss: 0.2422 | Acc: 93.79%
[2025-06-16 21:26:19,313] INFO: Epoch 179 training completed
[2025-06-16 21:26:20,522] INFO: Test Loss: 0.3753 | Test Acc: 88.86%
[2025-06-16 21:26:20,898] INFO: Epoch 180 | Step 1/196 | Loss: 0.1886 | Acc: 96.48%
[2025-06-16 21:26:32,229] INFO: Epoch 180 | Step 101/196 | Loss: 0.2411 | Acc: 93.82%
[2025-06-16 21:26:42,909] INFO: Epoch 180 training completed
[2025-06-16 21:26:44,094] INFO: Test Loss: 0.3703 | Test Acc: 89.13%
[2025-06-16 21:26:44,199] INFO: New best accuracy: 89.13%, model saved.
[2025-06-16 21:26:44,550] INFO: Epoch 181 | Step 1/196 | Loss: 0.1917 | Acc: 94.92%
[2025-06-16 21:26:55,844] INFO: Epoch 181 | Step 101/196 | Loss: 0.2361 | Acc: 93.88%
[2025-06-16 21:27:06,531] INFO: Epoch 181 training completed
[2025-06-16 21:27:07,714] INFO: Test Loss: 0.3618 | Test Acc: 89.55%
[2025-06-16 21:27:07,819] INFO: New best accuracy: 89.55%, model saved.
[2025-06-16 21:27:08,171] INFO: Epoch 182 | Step 1/196 | Loss: 0.1437 | Acc: 97.66%
[2025-06-16 21:27:19,513] INFO: Epoch 182 | Step 101/196 | Loss: 0.2298 | Acc: 94.09%
[2025-06-16 21:27:30,193] INFO: Epoch 182 training completed
[2025-06-16 21:27:31,377] INFO: Test Loss: 0.3787 | Test Acc: 88.99%
[2025-06-16 21:27:31,725] INFO: Epoch 183 | Step 1/196 | Loss: 0.1862 | Acc: 94.53%
[2025-06-16 21:27:43,010] INFO: Epoch 183 | Step 101/196 | Loss: 0.2214 | Acc: 94.34%
[2025-06-16 21:27:53,689] INFO: Epoch 183 training completed
[2025-06-16 21:27:54,904] INFO: Test Loss: 0.3738 | Test Acc: 89.32%
[2025-06-16 21:27:55,259] INFO: Epoch 184 | Step 1/196 | Loss: 0.1414 | Acc: 97.66%
[2025-06-16 21:28:06,559] INFO: Epoch 184 | Step 101/196 | Loss: 0.2146 | Acc: 94.68%
[2025-06-16 21:28:17,233] INFO: Epoch 184 training completed
[2025-06-16 21:28:18,423] INFO: Test Loss: 0.3439 | Test Acc: 89.82%
[2025-06-16 21:28:18,527] INFO: New best accuracy: 89.82%, model saved.
[2025-06-16 21:28:18,869] INFO: Epoch 185 | Step 1/196 | Loss: 0.1650 | Acc: 96.88%
[2025-06-16 21:28:30,150] INFO: Epoch 185 | Step 101/196 | Loss: 0.2026 | Acc: 95.05%
[2025-06-16 21:28:40,879] INFO: Epoch 185 training completed
[2025-06-16 21:28:42,066] INFO: Test Loss: 0.3499 | Test Acc: 89.88%
[2025-06-16 21:28:42,172] INFO: New best accuracy: 89.88%, model saved.
[2025-06-16 21:28:42,533] INFO: Epoch 186 | Step 1/196 | Loss: 0.1743 | Acc: 96.48%
[2025-06-16 21:28:53,816] INFO: Epoch 186 | Step 101/196 | Loss: 0.2018 | Acc: 95.13%
[2025-06-16 21:29:04,564] INFO: Epoch 186 training completed
[2025-06-16 21:29:05,776] INFO: Test Loss: 0.3474 | Test Acc: 89.79%
[2025-06-16 21:29:06,143] INFO: Epoch 187 | Step 1/196 | Loss: 0.1683 | Acc: 96.09%
[2025-06-16 21:29:17,539] INFO: Epoch 187 | Step 101/196 | Loss: 0.1958 | Acc: 95.32%
[2025-06-16 21:29:28,965] INFO: Epoch 187 training completed
[2025-06-16 21:29:30,200] INFO: Test Loss: 0.3392 | Test Acc: 90.11%
[2025-06-16 21:29:30,307] INFO: New best accuracy: 90.11%, model saved.
[2025-06-16 21:29:30,666] INFO: Epoch 188 | Step 1/196 | Loss: 0.1341 | Acc: 98.05%
[2025-06-16 21:29:41,987] INFO: Epoch 188 | Step 101/196 | Loss: 0.1913 | Acc: 95.30%
[2025-06-16 21:29:52,970] INFO: Epoch 188 training completed
[2025-06-16 21:29:54,323] INFO: Test Loss: 0.3346 | Test Acc: 90.29%
[2025-06-16 21:29:54,440] INFO: New best accuracy: 90.29%, model saved.
[2025-06-16 21:29:54,824] INFO: Epoch 189 | Step 1/196 | Loss: 0.1425 | Acc: 96.88%
[2025-06-16 21:30:06,821] INFO: Epoch 189 | Step 101/196 | Loss: 0.1881 | Acc: 95.69%
[2025-06-16 21:30:17,584] INFO: Epoch 189 training completed
[2025-06-16 21:30:18,782] INFO: Test Loss: 0.3282 | Test Acc: 90.34%
[2025-06-16 21:30:18,887] INFO: New best accuracy: 90.34%, model saved.
[2025-06-16 21:30:19,248] INFO: Epoch 190 | Step 1/196 | Loss: 0.1482 | Acc: 97.66%
[2025-06-16 21:30:30,572] INFO: Epoch 190 | Step 101/196 | Loss: 0.1853 | Acc: 95.50%
[2025-06-16 21:30:41,275] INFO: Epoch 190 training completed
[2025-06-16 21:30:42,470] INFO: Test Loss: 0.3258 | Test Acc: 90.62%
[2025-06-16 21:30:42,575] INFO: New best accuracy: 90.62%, model saved.
[2025-06-16 21:30:42,911] INFO: Epoch 191 | Step 1/196 | Loss: 0.1430 | Acc: 98.05%
[2025-06-16 21:30:54,207] INFO: Epoch 191 | Step 101/196 | Loss: 0.1816 | Acc: 95.79%
[2025-06-16 21:31:05,614] INFO: Epoch 191 training completed
[2025-06-16 21:31:06,823] INFO: Test Loss: 0.3235 | Test Acc: 90.71%
[2025-06-16 21:31:06,927] INFO: New best accuracy: 90.71%, model saved.
[2025-06-16 21:31:07,367] INFO: Epoch 192 | Step 1/196 | Loss: 0.1476 | Acc: 97.27%
[2025-06-16 21:31:18,706] INFO: Epoch 192 | Step 101/196 | Loss: 0.1796 | Acc: 95.81%
[2025-06-16 21:31:29,418] INFO: Epoch 192 training completed
[2025-06-16 21:31:30,647] INFO: Test Loss: 0.3236 | Test Acc: 90.62%
[2025-06-16 21:31:30,998] INFO: Epoch 193 | Step 1/196 | Loss: 0.1319 | Acc: 96.48%
[2025-06-16 21:31:42,292] INFO: Epoch 193 | Step 101/196 | Loss: 0.1715 | Acc: 96.07%
[2025-06-16 21:31:52,984] INFO: Epoch 193 training completed
[2025-06-16 21:31:54,190] INFO: Test Loss: 0.3197 | Test Acc: 90.69%
[2025-06-16 21:31:54,534] INFO: Epoch 194 | Step 1/196 | Loss: 0.1264 | Acc: 97.66%
[2025-06-16 21:32:05,841] INFO: Epoch 194 | Step 101/196 | Loss: 0.1687 | Acc: 96.27%
[2025-06-16 21:32:16,533] INFO: Epoch 194 training completed
[2025-06-16 21:32:17,743] INFO: Test Loss: 0.3226 | Test Acc: 90.58%
[2025-06-16 21:32:18,100] INFO: Epoch 195 | Step 1/196 | Loss: 0.1193 | Acc: 98.05%
[2025-06-16 21:32:29,404] INFO: Epoch 195 | Step 101/196 | Loss: 0.1696 | Acc: 96.21%
[2025-06-16 21:32:40,115] INFO: Epoch 195 training completed
[2025-06-16 21:32:41,312] INFO: Test Loss: 0.3226 | Test Acc: 90.68%
[2025-06-16 21:32:41,760] INFO: Epoch 196 | Step 1/196 | Loss: 0.1128 | Acc: 98.83%
[2025-06-16 21:32:53,060] INFO: Epoch 196 | Step 101/196 | Loss: 0.1644 | Acc: 96.42%
[2025-06-16 21:33:03,754] INFO: Epoch 196 training completed
[2025-06-16 21:33:04,960] INFO: Test Loss: 0.3236 | Test Acc: 90.65%
[2025-06-16 21:33:05,329] INFO: Epoch 197 | Step 1/196 | Loss: 0.1272 | Acc: 98.44%
[2025-06-16 21:33:16,628] INFO: Epoch 197 | Step 101/196 | Loss: 0.1661 | Acc: 96.37%
[2025-06-16 21:33:27,330] INFO: Epoch 197 training completed
[2025-06-16 21:33:28,534] INFO: Test Loss: 0.3227 | Test Acc: 90.62%
[2025-06-16 21:33:28,888] INFO: Epoch 198 | Step 1/196 | Loss: 0.1293 | Acc: 97.66%
[2025-06-16 21:33:40,184] INFO: Epoch 198 | Step 101/196 | Loss: 0.1630 | Acc: 96.43%
[2025-06-16 21:33:50,875] INFO: Epoch 198 training completed
[2025-06-16 21:33:52,077] INFO: Test Loss: 0.3236 | Test Acc: 90.73%
[2025-06-16 21:33:52,181] INFO: New best accuracy: 90.73%, model saved.
[2025-06-16 21:33:52,534] INFO: Epoch 199 | Step 1/196 | Loss: 0.1264 | Acc: 97.66%
[2025-06-16 21:34:03,843] INFO: Epoch 199 | Step 101/196 | Loss: 0.1634 | Acc: 96.43%
[2025-06-16 21:34:14,559] INFO: Epoch 199 training completed
[2025-06-16 21:34:15,755] INFO: Test Loss: 0.3236 | Test Acc: 90.67%
[2025-06-16 21:34:16,201] INFO: Epoch 200 | Step 1/196 | Loss: 0.1212 | Acc: 97.66%
[2025-06-16 21:34:27,497] INFO: Epoch 200 | Step 101/196 | Loss: 0.1623 | Acc: 96.31%
[2025-06-16 21:34:38,223] INFO: Epoch 200 training completed
[2025-06-16 21:34:39,413] INFO: Test Loss: 0.3232 | Test Acc: 90.68%
[2025-06-16 21:34:39,567] INFO: Training complete. Best Test Accuracy: 90.73%
