[2025-06-16 17:40:37,922] INFO: Using device: cuda
[2025-06-16 17:40:39,289] INFO: Using GhostNetV3 with width 1.0
[2025-06-16 17:40:40,375] INFO: Loaded checkpoint 'kd_ghostnetv3_cifar10_checkpoint.pth' (epoch 200, best_acc 91.04%)
[2025-06-16 17:40:40,375] INFO: Training complete. Best Test Accuracy: 91.04%
[2025-06-16 18:15:22,451] INFO: Using device: cuda
[2025-06-16 18:15:23,693] INFO: Using GhostNetV3 with width 1.0
[2025-06-16 18:15:52,911] INFO: Epoch 1 | Step 1/196 | Loss: 5.6230 | Acc: 14.06%
[2025-06-16 18:16:07,259] INFO: Epoch 1 | Step 101/196 | Loss: 4.1828 | Acc: 12.68%
[2025-06-16 18:16:21,100] INFO: Epoch 1 training completed
[2025-06-16 18:16:48,349] INFO: Test Loss: 2.1796 | Test Acc: 17.55%
[2025-06-16 18:16:48,558] INFO: New best accuracy: 17.55%, model saved.
[2025-06-16 18:16:49,000] INFO: Epoch 2 | Step 1/196 | Loss: 3.4593 | Acc: 15.62%
[2025-06-16 18:17:03,372] INFO: Epoch 2 | Step 101/196 | Loss: 3.4132 | Acc: 18.45%
[2025-06-16 18:17:17,056] INFO: Epoch 2 training completed
[2025-06-16 18:17:18,391] INFO: Test Loss: 1.9933 | Test Acc: 24.80%
[2025-06-16 18:17:18,502] INFO: New best accuracy: 24.80%, model saved.
[2025-06-16 18:17:18,871] INFO: Epoch 3 | Step 1/196 | Loss: 3.1317 | Acc: 26.56%
[2025-06-16 18:17:33,225] INFO: Epoch 3 | Step 101/196 | Loss: 3.1627 | Acc: 25.09%
[2025-06-16 18:17:46,724] INFO: Epoch 3 training completed
[2025-06-16 18:17:47,923] INFO: Test Loss: 1.8586 | Test Acc: 31.31%
[2025-06-16 18:17:48,028] INFO: New best accuracy: 31.31%, model saved.
[2025-06-16 18:17:48,396] INFO: Epoch 4 | Step 1/196 | Loss: 3.0342 | Acc: 32.81%
[2025-06-16 18:18:02,665] INFO: Epoch 4 | Step 101/196 | Loss: 2.9636 | Acc: 30.89%
[2025-06-16 18:18:16,118] INFO: Epoch 4 training completed
[2025-06-16 18:18:17,310] INFO: Test Loss: 1.7468 | Test Acc: 35.73%
[2025-06-16 18:18:17,415] INFO: New best accuracy: 35.73%, model saved.
[2025-06-16 18:18:17,783] INFO: Epoch 5 | Step 1/196 | Loss: 2.8513 | Acc: 32.81%
[2025-06-16 18:18:32,039] INFO: Epoch 5 | Step 101/196 | Loss: 2.7883 | Acc: 35.79%
[2025-06-16 18:18:45,524] INFO: Epoch 5 training completed
[2025-06-16 18:18:46,709] INFO: Test Loss: 1.6494 | Test Acc: 40.22%
[2025-06-16 18:18:46,817] INFO: New best accuracy: 40.22%, model saved.
[2025-06-16 18:18:47,189] INFO: Epoch 6 | Step 1/196 | Loss: 2.6700 | Acc: 42.97%
[2025-06-16 18:19:01,461] INFO: Epoch 6 | Step 101/196 | Loss: 2.6395 | Acc: 39.91%
[2025-06-16 18:19:14,943] INFO: Epoch 6 training completed
[2025-06-16 18:19:16,130] INFO: Test Loss: 1.5939 | Test Acc: 43.88%
[2025-06-16 18:19:16,238] INFO: New best accuracy: 43.88%, model saved.
[2025-06-16 18:19:16,610] INFO: Epoch 7 | Step 1/196 | Loss: 2.5548 | Acc: 42.58%
[2025-06-16 18:19:30,889] INFO: Epoch 7 | Step 101/196 | Loss: 2.5030 | Acc: 43.36%
[2025-06-16 18:19:44,407] INFO: Epoch 7 training completed
[2025-06-16 18:19:45,600] INFO: Test Loss: 1.5614 | Test Acc: 46.38%
[2025-06-16 18:19:45,705] INFO: New best accuracy: 46.38%, model saved.
[2025-06-16 18:19:46,079] INFO: Epoch 8 | Step 1/196 | Loss: 2.4513 | Acc: 45.31%
[2025-06-16 18:20:00,349] INFO: Epoch 8 | Step 101/196 | Loss: 2.3868 | Acc: 46.07%
[2025-06-16 18:20:13,841] INFO: Epoch 8 training completed
[2025-06-16 18:20:15,034] INFO: Test Loss: 1.4946 | Test Acc: 48.19%
[2025-06-16 18:20:15,140] INFO: New best accuracy: 48.19%, model saved.
[2025-06-16 18:20:15,511] INFO: Epoch 9 | Step 1/196 | Loss: 2.2806 | Acc: 51.17%
[2025-06-16 18:20:29,781] INFO: Epoch 9 | Step 101/196 | Loss: 2.2836 | Acc: 48.60%
[2025-06-16 18:20:43,268] INFO: Epoch 9 training completed
[2025-06-16 18:20:44,456] INFO: Test Loss: 1.5259 | Test Acc: 49.27%
[2025-06-16 18:20:44,562] INFO: New best accuracy: 49.27%, model saved.
[2025-06-16 18:20:44,930] INFO: Epoch 10 | Step 1/196 | Loss: 2.1518 | Acc: 51.17%
[2025-06-16 18:20:59,201] INFO: Epoch 10 | Step 101/196 | Loss: 2.1844 | Acc: 51.05%
[2025-06-16 18:21:12,771] INFO: Epoch 10 training completed
[2025-06-16 18:21:13,962] INFO: Test Loss: 1.4014 | Test Acc: 52.90%
[2025-06-16 18:21:14,067] INFO: New best accuracy: 52.90%, model saved.
[2025-06-16 18:21:14,440] INFO: Epoch 11 | Step 1/196 | Loss: 2.1008 | Acc: 51.95%
[2025-06-16 18:21:28,715] INFO: Epoch 11 | Step 101/196 | Loss: 2.0704 | Acc: 53.92%
[2025-06-16 18:21:42,209] INFO: Epoch 11 training completed
[2025-06-16 18:21:43,405] INFO: Test Loss: 1.4180 | Test Acc: 52.94%
[2025-06-16 18:21:43,514] INFO: New best accuracy: 52.94%, model saved.
[2025-06-16 18:21:43,891] INFO: Epoch 12 | Step 1/196 | Loss: 1.9581 | Acc: 60.16%
[2025-06-16 18:21:58,164] INFO: Epoch 12 | Step 101/196 | Loss: 1.9783 | Acc: 55.98%
[2025-06-16 18:22:11,658] INFO: Epoch 12 training completed
[2025-06-16 18:22:12,851] INFO: Test Loss: 1.3661 | Test Acc: 55.09%
[2025-06-16 18:22:12,957] INFO: New best accuracy: 55.09%, model saved.
[2025-06-16 18:22:13,325] INFO: Epoch 13 | Step 1/196 | Loss: 1.8717 | Acc: 60.16%
[2025-06-16 18:22:27,595] INFO: Epoch 13 | Step 101/196 | Loss: 1.8785 | Acc: 57.99%
[2025-06-16 18:22:41,118] INFO: Epoch 13 training completed
[2025-06-16 18:22:42,303] INFO: Test Loss: 1.2307 | Test Acc: 58.85%
[2025-06-16 18:22:42,408] INFO: New best accuracy: 58.85%, model saved.
[2025-06-16 18:22:42,780] INFO: Epoch 14 | Step 1/196 | Loss: 1.7767 | Acc: 60.94%
[2025-06-16 18:22:57,053] INFO: Epoch 14 | Step 101/196 | Loss: 1.7810 | Acc: 60.17%
[2025-06-16 18:23:10,545] INFO: Epoch 14 training completed
[2025-06-16 18:23:11,724] INFO: Test Loss: 1.2212 | Test Acc: 59.62%
[2025-06-16 18:23:11,831] INFO: New best accuracy: 59.62%, model saved.
[2025-06-16 18:23:12,196] INFO: Epoch 15 | Step 1/196 | Loss: 1.6453 | Acc: 68.36%
[2025-06-16 18:23:26,466] INFO: Epoch 15 | Step 101/196 | Loss: 1.6898 | Acc: 62.10%
[2025-06-16 18:23:39,955] INFO: Epoch 15 training completed
[2025-06-16 18:23:41,154] INFO: Test Loss: 1.1021 | Test Acc: 63.31%
[2025-06-16 18:23:41,258] INFO: New best accuracy: 63.31%, model saved.
[2025-06-16 18:23:41,635] INFO: Epoch 16 | Step 1/196 | Loss: 1.5473 | Acc: 67.97%
[2025-06-16 18:23:55,906] INFO: Epoch 16 | Step 101/196 | Loss: 1.6085 | Acc: 64.30%
[2025-06-16 18:24:09,453] INFO: Epoch 16 training completed
[2025-06-16 18:24:10,636] INFO: Test Loss: 1.1772 | Test Acc: 61.59%
[2025-06-16 18:24:11,003] INFO: Epoch 17 | Step 1/196 | Loss: 1.4924 | Acc: 67.97%
[2025-06-16 18:24:25,282] INFO: Epoch 17 | Step 101/196 | Loss: 1.5436 | Acc: 65.27%
[2025-06-16 18:24:38,777] INFO: Epoch 17 training completed
[2025-06-16 18:24:39,967] INFO: Test Loss: 1.1135 | Test Acc: 63.50%
[2025-06-16 18:24:40,074] INFO: New best accuracy: 63.50%, model saved.
[2025-06-16 18:24:40,445] INFO: Epoch 18 | Step 1/196 | Loss: 1.3710 | Acc: 72.27%
[2025-06-16 18:24:54,724] INFO: Epoch 18 | Step 101/196 | Loss: 1.4659 | Acc: 67.14%
[2025-06-16 18:25:08,245] INFO: Epoch 18 training completed
[2025-06-16 18:25:09,664] INFO: Test Loss: 1.1047 | Test Acc: 64.09%
[2025-06-16 18:25:09,815] INFO: New best accuracy: 64.09%, model saved.
[2025-06-16 18:25:10,220] INFO: Epoch 19 | Step 1/196 | Loss: 1.3089 | Acc: 73.44%
[2025-06-16 18:25:24,582] INFO: Epoch 19 | Step 101/196 | Loss: 1.4143 | Acc: 68.20%
[2025-06-16 18:25:38,024] INFO: Epoch 19 training completed
[2025-06-16 18:25:39,361] INFO: Test Loss: 1.0290 | Test Acc: 66.55%
[2025-06-16 18:25:39,475] INFO: New best accuracy: 66.55%, model saved.
[2025-06-16 18:25:39,965] INFO: Epoch 20 | Step 1/196 | Loss: 1.2483 | Acc: 74.22%
[2025-06-16 18:25:54,108] INFO: Epoch 20 | Step 101/196 | Loss: 1.3484 | Acc: 69.61%
[2025-06-16 18:26:07,499] INFO: Epoch 20 training completed
[2025-06-16 18:26:08,859] INFO: Test Loss: 1.3429 | Test Acc: 59.92%
[2025-06-16 18:26:09,263] INFO: Epoch 21 | Step 1/196 | Loss: 1.1718 | Acc: 75.39%
[2025-06-16 18:26:23,408] INFO: Epoch 21 | Step 101/196 | Loss: 1.3088 | Acc: 70.53%
[2025-06-16 18:26:36,785] INFO: Epoch 21 training completed
[2025-06-16 18:26:38,126] INFO: Test Loss: 0.9047 | Test Acc: 70.86%
[2025-06-16 18:26:38,243] INFO: New best accuracy: 70.86%, model saved.
[2025-06-16 18:26:38,643] INFO: Epoch 22 | Step 1/196 | Loss: 1.0444 | Acc: 75.00%
[2025-06-16 18:26:52,792] INFO: Epoch 22 | Step 101/196 | Loss: 1.2449 | Acc: 72.18%
[2025-06-16 18:27:06,165] INFO: Epoch 22 training completed
[2025-06-16 18:27:07,495] INFO: Test Loss: 0.9384 | Test Acc: 69.85%
[2025-06-16 18:27:07,889] INFO: Epoch 23 | Step 1/196 | Loss: 1.2089 | Acc: 74.61%
[2025-06-16 18:27:22,021] INFO: Epoch 23 | Step 101/196 | Loss: 1.2108 | Acc: 72.80%
[2025-06-16 18:27:35,422] INFO: Epoch 23 training completed
[2025-06-16 18:27:36,717] INFO: Test Loss: 1.0328 | Test Acc: 67.58%
[2025-06-16 18:27:37,116] INFO: Epoch 24 | Step 1/196 | Loss: 1.0188 | Acc: 76.56%
[2025-06-16 18:27:51,250] INFO: Epoch 24 | Step 101/196 | Loss: 1.1644 | Acc: 74.15%
[2025-06-16 18:28:04,633] INFO: Epoch 24 training completed
[2025-06-16 18:28:05,971] INFO: Test Loss: 1.1012 | Test Acc: 65.56%
[2025-06-16 18:28:06,366] INFO: Epoch 25 | Step 1/196 | Loss: 0.9831 | Acc: 78.12%
[2025-06-16 18:28:20,510] INFO: Epoch 25 | Step 101/196 | Loss: 1.1220 | Acc: 74.99%
[2025-06-16 18:28:33,879] INFO: Epoch 25 training completed
[2025-06-16 18:28:35,209] INFO: Test Loss: 0.9707 | Test Acc: 68.97%
[2025-06-16 18:28:35,598] INFO: Epoch 26 | Step 1/196 | Loss: 0.9452 | Acc: 80.86%
[2025-06-16 18:28:49,734] INFO: Epoch 26 | Step 101/196 | Loss: 1.0827 | Acc: 76.00%
[2025-06-16 18:29:03,103] INFO: Epoch 26 training completed
[2025-06-16 18:29:04,403] INFO: Test Loss: 0.8220 | Test Acc: 73.43%
[2025-06-16 18:29:04,513] INFO: New best accuracy: 73.43%, model saved.
[2025-06-16 18:29:04,911] INFO: Epoch 27 | Step 1/196 | Loss: 0.9639 | Acc: 81.25%
[2025-06-16 18:29:19,200] INFO: Epoch 27 | Step 101/196 | Loss: 1.0392 | Acc: 76.85%
[2025-06-16 18:29:32,573] INFO: Epoch 27 training completed
[2025-06-16 18:29:33,915] INFO: Test Loss: 0.8195 | Test Acc: 74.19%
[2025-06-16 18:29:34,030] INFO: New best accuracy: 74.19%, model saved.
[2025-06-16 18:29:34,410] INFO: Epoch 28 | Step 1/196 | Loss: 0.8968 | Acc: 81.25%
[2025-06-16 18:29:48,544] INFO: Epoch 28 | Step 101/196 | Loss: 1.0028 | Acc: 77.74%
[2025-06-16 18:30:01,918] INFO: Epoch 28 training completed
[2025-06-16 18:30:03,245] INFO: Test Loss: 1.0560 | Test Acc: 67.60%
[2025-06-16 18:30:03,635] INFO: Epoch 29 | Step 1/196 | Loss: 0.9129 | Acc: 80.08%
[2025-06-16 18:30:17,776] INFO: Epoch 29 | Step 101/196 | Loss: 0.9859 | Acc: 78.12%
[2025-06-16 18:30:31,147] INFO: Epoch 29 training completed
[2025-06-16 18:30:32,486] INFO: Test Loss: 0.8279 | Test Acc: 73.52%
[2025-06-16 18:30:32,890] INFO: Epoch 30 | Step 1/196 | Loss: 0.8187 | Acc: 84.77%
[2025-06-16 18:30:47,030] INFO: Epoch 30 | Step 101/196 | Loss: 0.9713 | Acc: 78.47%
[2025-06-16 18:31:00,436] INFO: Epoch 30 training completed
[2025-06-16 18:31:01,785] INFO: Test Loss: 0.9435 | Test Acc: 71.13%
[2025-06-16 18:31:02,192] INFO: Epoch 31 | Step 1/196 | Loss: 0.9579 | Acc: 80.08%
[2025-06-16 18:31:16,331] INFO: Epoch 31 | Step 101/196 | Loss: 0.9484 | Acc: 79.10%
[2025-06-16 18:31:29,700] INFO: Epoch 31 training completed
[2025-06-16 18:31:31,057] INFO: Test Loss: 0.8060 | Test Acc: 74.83%
[2025-06-16 18:31:31,173] INFO: New best accuracy: 74.83%, model saved.
[2025-06-16 18:31:31,589] INFO: Epoch 32 | Step 1/196 | Loss: 0.7841 | Acc: 85.55%
[2025-06-16 18:31:45,728] INFO: Epoch 32 | Step 101/196 | Loss: 0.9369 | Acc: 79.21%
[2025-06-16 18:31:59,102] INFO: Epoch 32 training completed
[2025-06-16 18:32:00,405] INFO: Test Loss: 0.8284 | Test Acc: 74.00%
[2025-06-16 18:32:00,803] INFO: Epoch 33 | Step 1/196 | Loss: 0.8694 | Acc: 83.98%
[2025-06-16 18:32:14,946] INFO: Epoch 33 | Step 101/196 | Loss: 0.9215 | Acc: 79.91%
[2025-06-16 18:32:28,311] INFO: Epoch 33 training completed
[2025-06-16 18:32:29,598] INFO: Test Loss: 1.1378 | Test Acc: 66.34%
[2025-06-16 18:32:30,012] INFO: Epoch 34 | Step 1/196 | Loss: 0.8677 | Acc: 82.03%
[2025-06-16 18:32:44,192] INFO: Epoch 34 | Step 101/196 | Loss: 0.9200 | Acc: 79.59%
[2025-06-16 18:32:57,566] INFO: Epoch 34 training completed
[2025-06-16 18:32:58,904] INFO: Test Loss: 0.8634 | Test Acc: 74.10%
[2025-06-16 18:32:59,318] INFO: Epoch 35 | Step 1/196 | Loss: 0.7904 | Acc: 85.55%
[2025-06-16 18:33:13,459] INFO: Epoch 35 | Step 101/196 | Loss: 0.9156 | Acc: 79.79%
[2025-06-16 18:33:26,834] INFO: Epoch 35 training completed
[2025-06-16 18:33:28,202] INFO: Test Loss: 1.0124 | Test Acc: 69.96%
[2025-06-16 18:33:28,606] INFO: Epoch 36 | Step 1/196 | Loss: 0.8244 | Acc: 84.38%
[2025-06-16 18:33:42,741] INFO: Epoch 36 | Step 101/196 | Loss: 0.9012 | Acc: 79.88%
[2025-06-16 18:33:56,113] INFO: Epoch 36 training completed
[2025-06-16 18:33:57,425] INFO: Test Loss: 0.8060 | Test Acc: 74.65%
[2025-06-16 18:33:57,827] INFO: Epoch 37 | Step 1/196 | Loss: 0.7852 | Acc: 85.16%
[2025-06-16 18:34:11,970] INFO: Epoch 37 | Step 101/196 | Loss: 0.9053 | Acc: 79.87%
[2025-06-16 18:34:25,342] INFO: Epoch 37 training completed
[2025-06-16 18:34:26,637] INFO: Test Loss: 0.7588 | Test Acc: 76.59%
[2025-06-16 18:34:26,749] INFO: New best accuracy: 76.59%, model saved.
[2025-06-16 18:34:27,231] INFO: Epoch 38 | Step 1/196 | Loss: 0.7598 | Acc: 83.59%
[2025-06-16 18:34:41,369] INFO: Epoch 38 | Step 101/196 | Loss: 0.8982 | Acc: 80.09%
[2025-06-16 18:34:54,741] INFO: Epoch 38 training completed
[2025-06-16 18:34:56,031] INFO: Test Loss: 1.2048 | Test Acc: 65.82%
[2025-06-16 18:34:56,432] INFO: Epoch 39 | Step 1/196 | Loss: 0.7450 | Acc: 83.98%
[2025-06-16 18:35:10,566] INFO: Epoch 39 | Step 101/196 | Loss: 0.8839 | Acc: 80.41%
[2025-06-16 18:35:23,939] INFO: Epoch 39 training completed
[2025-06-16 18:35:25,232] INFO: Test Loss: 1.0844 | Test Acc: 69.12%
[2025-06-16 18:35:25,622] INFO: Epoch 40 | Step 1/196 | Loss: 0.8051 | Acc: 82.81%
[2025-06-16 18:35:39,754] INFO: Epoch 40 | Step 101/196 | Loss: 0.8919 | Acc: 80.17%
[2025-06-16 18:35:53,122] INFO: Epoch 40 training completed
[2025-06-16 18:35:54,464] INFO: Test Loss: 1.1283 | Test Acc: 68.50%
[2025-06-16 18:35:54,858] INFO: Epoch 41 | Step 1/196 | Loss: 0.7643 | Acc: 87.11%
[2025-06-16 18:36:08,993] INFO: Epoch 41 | Step 101/196 | Loss: 0.8917 | Acc: 80.20%
[2025-06-16 18:36:22,395] INFO: Epoch 41 training completed
[2025-06-16 18:36:23,727] INFO: Test Loss: 0.9271 | Test Acc: 71.39%
[2025-06-16 18:36:24,130] INFO: Epoch 42 | Step 1/196 | Loss: 0.9192 | Acc: 78.52%
[2025-06-16 18:36:38,266] INFO: Epoch 42 | Step 101/196 | Loss: 0.8972 | Acc: 79.94%
[2025-06-16 18:36:51,635] INFO: Epoch 42 training completed
[2025-06-16 18:36:52,954] INFO: Test Loss: 1.0586 | Test Acc: 69.68%
[2025-06-16 18:36:53,361] INFO: Epoch 43 | Step 1/196 | Loss: 0.8578 | Acc: 83.20%
[2025-06-16 18:37:07,498] INFO: Epoch 43 | Step 101/196 | Loss: 0.8862 | Acc: 80.44%
[2025-06-16 18:37:20,864] INFO: Epoch 43 training completed
[2025-06-16 18:37:22,139] INFO: Test Loss: 1.0813 | Test Acc: 69.53%
[2025-06-16 18:37:22,545] INFO: Epoch 44 | Step 1/196 | Loss: 0.8694 | Acc: 80.47%
[2025-06-16 18:37:36,687] INFO: Epoch 44 | Step 101/196 | Loss: 0.9118 | Acc: 79.63%
[2025-06-16 18:37:50,052] INFO: Epoch 44 training completed
[2025-06-16 18:37:51,412] INFO: Test Loss: 0.9240 | Test Acc: 73.00%
[2025-06-16 18:37:51,814] INFO: Epoch 45 | Step 1/196 | Loss: 0.7596 | Acc: 85.94%
[2025-06-16 18:38:05,984] INFO: Epoch 45 | Step 101/196 | Loss: 0.8872 | Acc: 80.43%
[2025-06-16 18:38:19,352] INFO: Epoch 45 training completed
[2025-06-16 18:38:20,640] INFO: Test Loss: 1.3745 | Test Acc: 62.90%
[2025-06-16 18:38:21,043] INFO: Epoch 46 | Step 1/196 | Loss: 0.7265 | Acc: 86.33%
[2025-06-16 18:38:35,179] INFO: Epoch 46 | Step 101/196 | Loss: 0.8933 | Acc: 80.19%
[2025-06-16 18:38:48,547] INFO: Epoch 46 training completed
[2025-06-16 18:38:49,879] INFO: Test Loss: 1.4481 | Test Acc: 61.90%
[2025-06-16 18:38:50,257] INFO: Epoch 47 | Step 1/196 | Loss: 0.7929 | Acc: 84.77%
[2025-06-16 18:39:04,394] INFO: Epoch 47 | Step 101/196 | Loss: 0.8876 | Acc: 80.44%
[2025-06-16 18:39:17,764] INFO: Epoch 47 training completed
[2025-06-16 18:39:19,103] INFO: Test Loss: 0.9686 | Test Acc: 71.92%
[2025-06-16 18:39:19,494] INFO: Epoch 48 | Step 1/196 | Loss: 0.8514 | Acc: 83.59%
[2025-06-16 18:39:33,628] INFO: Epoch 48 | Step 101/196 | Loss: 0.8788 | Acc: 80.66%
[2025-06-16 18:39:47,000] INFO: Epoch 48 training completed
[2025-06-16 18:39:48,291] INFO: Test Loss: 1.0385 | Test Acc: 70.39%
[2025-06-16 18:39:48,779] INFO: Epoch 49 | Step 1/196 | Loss: 0.8586 | Acc: 80.86%
[2025-06-16 18:40:02,914] INFO: Epoch 49 | Step 101/196 | Loss: 0.8723 | Acc: 80.46%
[2025-06-16 18:40:16,281] INFO: Epoch 49 training completed
[2025-06-16 18:40:17,602] INFO: Test Loss: 1.4276 | Test Acc: 61.76%
[2025-06-16 18:40:18,002] INFO: Epoch 50 | Step 1/196 | Loss: 0.8159 | Acc: 81.25%
[2025-06-16 18:40:32,167] INFO: Epoch 50 | Step 101/196 | Loss: 0.8841 | Acc: 80.37%
[2025-06-16 18:40:45,539] INFO: Epoch 50 training completed
[2025-06-16 18:40:46,887] INFO: Test Loss: 1.1771 | Test Acc: 66.87%
[2025-06-16 18:40:47,294] INFO: Epoch 51 | Step 1/196 | Loss: 0.8076 | Acc: 83.20%
[2025-06-16 18:41:01,432] INFO: Epoch 51 | Step 101/196 | Loss: 0.8730 | Acc: 80.46%
[2025-06-16 18:41:14,805] INFO: Epoch 51 training completed
[2025-06-16 18:41:16,118] INFO: Test Loss: 1.1001 | Test Acc: 68.68%
[2025-06-16 18:41:16,520] INFO: Epoch 52 | Step 1/196 | Loss: 0.7567 | Acc: 84.38%
[2025-06-16 18:41:30,649] INFO: Epoch 52 | Step 101/196 | Loss: 0.8707 | Acc: 80.34%
[2025-06-16 18:41:44,022] INFO: Epoch 52 training completed
[2025-06-16 18:41:45,339] INFO: Test Loss: 1.2561 | Test Acc: 65.68%
[2025-06-16 18:41:45,820] INFO: Epoch 53 | Step 1/196 | Loss: 0.7188 | Acc: 85.16%
[2025-06-16 18:41:59,954] INFO: Epoch 53 | Step 101/196 | Loss: 0.8756 | Acc: 80.36%
[2025-06-16 18:42:13,317] INFO: Epoch 53 training completed
[2025-06-16 18:42:14,631] INFO: Test Loss: 1.5511 | Test Acc: 56.28%
[2025-06-16 18:42:15,040] INFO: Epoch 54 | Step 1/196 | Loss: 0.7856 | Acc: 82.03%
[2025-06-16 18:42:29,172] INFO: Epoch 54 | Step 101/196 | Loss: 0.8730 | Acc: 80.60%
[2025-06-16 18:42:42,539] INFO: Epoch 54 training completed
[2025-06-16 18:42:43,895] INFO: Test Loss: 1.2050 | Test Acc: 67.12%
[2025-06-16 18:42:44,301] INFO: Epoch 55 | Step 1/196 | Loss: 0.7848 | Acc: 84.77%
[2025-06-16 18:42:58,434] INFO: Epoch 55 | Step 101/196 | Loss: 0.8681 | Acc: 80.81%
[2025-06-16 18:43:11,806] INFO: Epoch 55 training completed
[2025-06-16 18:43:13,119] INFO: Test Loss: 1.2950 | Test Acc: 65.51%
[2025-06-16 18:43:13,509] INFO: Epoch 56 | Step 1/196 | Loss: 0.7459 | Acc: 83.59%
[2025-06-16 18:43:27,636] INFO: Epoch 56 | Step 101/196 | Loss: 0.8554 | Acc: 80.91%
[2025-06-16 18:43:41,019] INFO: Epoch 56 training completed
[2025-06-16 18:43:42,451] INFO: Test Loss: 1.0390 | Test Acc: 69.10%
[2025-06-16 18:43:42,950] INFO: Epoch 57 | Step 1/196 | Loss: 0.7964 | Acc: 84.38%
[2025-06-16 18:43:57,124] INFO: Epoch 57 | Step 101/196 | Loss: 0.8537 | Acc: 81.05%
[2025-06-16 18:44:10,503] INFO: Epoch 57 training completed
[2025-06-16 18:44:11,842] INFO: Test Loss: 1.0592 | Test Acc: 68.60%
[2025-06-16 18:44:12,241] INFO: Epoch 58 | Step 1/196 | Loss: 0.7417 | Acc: 84.77%
[2025-06-16 18:44:26,381] INFO: Epoch 58 | Step 101/196 | Loss: 0.8716 | Acc: 80.51%
[2025-06-16 18:44:39,751] INFO: Epoch 58 training completed
[2025-06-16 18:44:41,067] INFO: Test Loss: 1.0649 | Test Acc: 70.32%
[2025-06-16 18:44:41,459] INFO: Epoch 59 | Step 1/196 | Loss: 0.8578 | Acc: 82.42%
[2025-06-16 18:44:55,594] INFO: Epoch 59 | Step 101/196 | Loss: 0.8556 | Acc: 80.91%
[2025-06-16 18:45:08,962] INFO: Epoch 59 training completed
[2025-06-16 18:45:10,289] INFO: Test Loss: 1.2239 | Test Acc: 66.90%
[2025-06-16 18:45:10,695] INFO: Epoch 60 | Step 1/196 | Loss: 0.8093 | Acc: 81.64%
[2025-06-16 18:45:24,832] INFO: Epoch 60 | Step 101/196 | Loss: 0.8546 | Acc: 80.89%
[2025-06-16 18:45:38,201] INFO: Epoch 60 training completed
[2025-06-16 18:45:39,485] INFO: Test Loss: 1.3225 | Test Acc: 62.32%
[2025-06-16 18:45:39,947] INFO: Epoch 61 | Step 1/196 | Loss: 0.8662 | Acc: 82.03%
[2025-06-16 18:45:54,082] INFO: Epoch 61 | Step 101/196 | Loss: 0.8578 | Acc: 80.99%
[2025-06-16 18:46:07,449] INFO: Epoch 61 training completed
[2025-06-16 18:46:08,794] INFO: Test Loss: 0.8728 | Test Acc: 73.48%
[2025-06-16 18:46:09,193] INFO: Epoch 62 | Step 1/196 | Loss: 0.7466 | Acc: 85.16%
[2025-06-16 18:46:23,328] INFO: Epoch 62 | Step 101/196 | Loss: 0.8526 | Acc: 81.05%
[2025-06-16 18:46:36,694] INFO: Epoch 62 training completed
[2025-06-16 18:46:38,011] INFO: Test Loss: 1.3717 | Test Acc: 62.24%
[2025-06-16 18:46:38,411] INFO: Epoch 63 | Step 1/196 | Loss: 0.8924 | Acc: 81.25%
[2025-06-16 18:46:52,548] INFO: Epoch 63 | Step 101/196 | Loss: 0.8542 | Acc: 80.88%
[2025-06-16 18:47:05,923] INFO: Epoch 63 training completed
[2025-06-16 18:47:07,267] INFO: Test Loss: 0.9350 | Test Acc: 73.10%
[2025-06-16 18:47:07,669] INFO: Epoch 64 | Step 1/196 | Loss: 0.7617 | Acc: 85.16%
[2025-06-16 18:47:21,799] INFO: Epoch 64 | Step 101/196 | Loss: 0.8544 | Acc: 81.03%
[2025-06-16 18:47:35,215] INFO: Epoch 64 training completed
[2025-06-16 18:47:36,541] INFO: Test Loss: 1.4288 | Test Acc: 62.64%
[2025-06-16 18:47:36,942] INFO: Epoch 65 | Step 1/196 | Loss: 0.8226 | Acc: 82.42%
[2025-06-16 18:47:51,074] INFO: Epoch 65 | Step 101/196 | Loss: 0.8605 | Acc: 81.07%
[2025-06-16 18:48:04,445] INFO: Epoch 65 training completed
[2025-06-16 18:48:05,772] INFO: Test Loss: 1.0512 | Test Acc: 69.67%
[2025-06-16 18:48:06,168] INFO: Epoch 66 | Step 1/196 | Loss: 0.7549 | Acc: 84.77%
[2025-06-16 18:48:20,302] INFO: Epoch 66 | Step 101/196 | Loss: 0.8367 | Acc: 81.37%
[2025-06-16 18:48:33,668] INFO: Epoch 66 training completed
[2025-06-16 18:48:34,975] INFO: Test Loss: 0.9527 | Test Acc: 71.62%
[2025-06-16 18:48:35,379] INFO: Epoch 67 | Step 1/196 | Loss: 0.6938 | Acc: 85.55%
[2025-06-16 18:48:49,508] INFO: Epoch 67 | Step 101/196 | Loss: 0.8460 | Acc: 81.10%
[2025-06-16 18:49:02,875] INFO: Epoch 67 training completed
[2025-06-16 18:49:04,214] INFO: Test Loss: 1.8074 | Test Acc: 51.88%
[2025-06-16 18:49:04,612] INFO: Epoch 68 | Step 1/196 | Loss: 0.7399 | Acc: 83.20%
[2025-06-16 18:49:18,760] INFO: Epoch 68 | Step 101/196 | Loss: 0.8450 | Acc: 81.13%
[2025-06-16 18:49:32,161] INFO: Epoch 68 training completed
[2025-06-16 18:49:33,481] INFO: Test Loss: 0.9522 | Test Acc: 72.33%
[2025-06-16 18:49:33,888] INFO: Epoch 69 | Step 1/196 | Loss: 0.8442 | Acc: 83.20%
[2025-06-16 18:49:48,025] INFO: Epoch 69 | Step 101/196 | Loss: 0.8424 | Acc: 81.32%
[2025-06-16 18:50:01,399] INFO: Epoch 69 training completed
[2025-06-16 18:50:02,718] INFO: Test Loss: 2.1965 | Test Acc: 45.39%
[2025-06-16 18:50:03,123] INFO: Epoch 70 | Step 1/196 | Loss: 0.7750 | Acc: 84.77%
[2025-06-16 18:50:17,266] INFO: Epoch 70 | Step 101/196 | Loss: 0.8379 | Acc: 81.60%
[2025-06-16 18:50:30,639] INFO: Epoch 70 training completed
[2025-06-16 18:50:31,960] INFO: Test Loss: 1.0442 | Test Acc: 70.92%
[2025-06-16 18:50:32,348] INFO: Epoch 71 | Step 1/196 | Loss: 0.7551 | Acc: 83.98%
[2025-06-16 18:50:46,487] INFO: Epoch 71 | Step 101/196 | Loss: 0.8340 | Acc: 81.48%
[2025-06-16 18:50:59,855] INFO: Epoch 71 training completed
[2025-06-16 18:51:01,193] INFO: Test Loss: 1.5016 | Test Acc: 61.39%
[2025-06-16 18:51:01,589] INFO: Epoch 72 | Step 1/196 | Loss: 0.7182 | Acc: 85.16%
[2025-06-16 18:51:15,726] INFO: Epoch 72 | Step 101/196 | Loss: 0.8193 | Acc: 81.59%
[2025-06-16 18:51:29,137] INFO: Epoch 72 training completed
[2025-06-16 18:51:30,431] INFO: Test Loss: 1.2972 | Test Acc: 65.35%
[2025-06-16 18:51:30,822] INFO: Epoch 73 | Step 1/196 | Loss: 0.7570 | Acc: 83.98%
[2025-06-16 18:51:44,954] INFO: Epoch 73 | Step 101/196 | Loss: 0.8285 | Acc: 81.45%
[2025-06-16 18:51:58,318] INFO: Epoch 73 training completed
[2025-06-16 18:51:59,613] INFO: Test Loss: 1.1549 | Test Acc: 67.64%
[2025-06-16 18:52:00,010] INFO: Epoch 74 | Step 1/196 | Loss: 0.7227 | Acc: 82.81%
[2025-06-16 18:52:14,144] INFO: Epoch 74 | Step 101/196 | Loss: 0.8238 | Acc: 81.54%
[2025-06-16 18:52:27,513] INFO: Epoch 74 training completed
[2025-06-16 18:52:28,821] INFO: Test Loss: 1.4519 | Test Acc: 61.20%
[2025-06-16 18:52:29,208] INFO: Epoch 75 | Step 1/196 | Loss: 0.7748 | Acc: 83.59%
[2025-06-16 18:52:43,339] INFO: Epoch 75 | Step 101/196 | Loss: 0.8237 | Acc: 81.63%
[2025-06-16 18:52:56,706] INFO: Epoch 75 training completed
[2025-06-16 18:52:58,023] INFO: Test Loss: 1.7568 | Test Acc: 56.86%
[2025-06-16 18:52:58,484] INFO: Epoch 76 | Step 1/196 | Loss: 0.7152 | Acc: 86.33%
[2025-06-16 18:53:12,617] INFO: Epoch 76 | Step 101/196 | Loss: 0.8159 | Acc: 81.84%
[2025-06-16 18:53:25,989] INFO: Epoch 76 training completed
[2025-06-16 18:53:27,331] INFO: Test Loss: 1.8778 | Test Acc: 51.85%
[2025-06-16 18:53:27,729] INFO: Epoch 77 | Step 1/196 | Loss: 0.7495 | Acc: 85.94%
[2025-06-16 18:53:41,867] INFO: Epoch 77 | Step 101/196 | Loss: 0.8252 | Acc: 81.70%
[2025-06-16 18:53:55,234] INFO: Epoch 77 training completed
[2025-06-16 18:53:56,549] INFO: Test Loss: 1.6216 | Test Acc: 58.13%
[2025-06-16 18:53:56,949] INFO: Epoch 78 | Step 1/196 | Loss: 0.6731 | Acc: 85.16%
[2025-06-16 18:54:11,086] INFO: Epoch 78 | Step 101/196 | Loss: 0.8088 | Acc: 82.00%
[2025-06-16 18:54:24,457] INFO: Epoch 78 training completed
[2025-06-16 18:54:25,778] INFO: Test Loss: 1.3228 | Test Acc: 64.21%
[2025-06-16 18:54:26,179] INFO: Epoch 79 | Step 1/196 | Loss: 0.7663 | Acc: 84.38%
[2025-06-16 18:54:40,315] INFO: Epoch 79 | Step 101/196 | Loss: 0.8065 | Acc: 82.18%
[2025-06-16 18:54:53,680] INFO: Epoch 79 training completed
[2025-06-16 18:54:54,970] INFO: Test Loss: 1.1172 | Test Acc: 70.43%
[2025-06-16 18:54:55,467] INFO: Epoch 80 | Step 1/196 | Loss: 0.7935 | Acc: 82.81%
[2025-06-16 18:55:09,605] INFO: Epoch 80 | Step 101/196 | Loss: 0.8367 | Acc: 81.68%
[2025-06-16 18:55:22,969] INFO: Epoch 80 training completed
[2025-06-16 18:55:24,275] INFO: Test Loss: 1.6547 | Test Acc: 57.19%
[2025-06-16 18:55:24,677] INFO: Epoch 81 | Step 1/196 | Loss: 0.7485 | Acc: 85.94%
[2025-06-16 18:55:38,839] INFO: Epoch 81 | Step 101/196 | Loss: 0.8085 | Acc: 82.04%
[2025-06-16 18:55:52,206] INFO: Epoch 81 training completed
[2025-06-16 18:55:53,550] INFO: Test Loss: 1.5124 | Test Acc: 59.96%
[2025-06-16 18:55:53,947] INFO: Epoch 82 | Step 1/196 | Loss: 0.8102 | Acc: 82.42%
[2025-06-16 18:56:08,086] INFO: Epoch 82 | Step 101/196 | Loss: 0.8056 | Acc: 82.04%
[2025-06-16 18:56:21,461] INFO: Epoch 82 training completed
[2025-06-16 18:56:22,822] INFO: Test Loss: 1.4606 | Test Acc: 61.74%
[2025-06-16 18:56:23,218] INFO: Epoch 83 | Step 1/196 | Loss: 0.7283 | Acc: 82.81%
[2025-06-16 18:56:37,356] INFO: Epoch 83 | Step 101/196 | Loss: 0.8081 | Acc: 81.95%
[2025-06-16 18:56:50,725] INFO: Epoch 83 training completed
[2025-06-16 18:56:52,087] INFO: Test Loss: 1.2036 | Test Acc: 66.31%
[2025-06-16 18:56:52,567] INFO: Epoch 84 | Step 1/196 | Loss: 0.6742 | Acc: 85.16%
[2025-06-16 18:57:06,705] INFO: Epoch 84 | Step 101/196 | Loss: 0.7890 | Acc: 82.49%
[2025-06-16 18:57:20,082] INFO: Epoch 84 training completed
[2025-06-16 18:57:21,413] INFO: Test Loss: 0.9026 | Test Acc: 74.15%
[2025-06-16 18:57:21,801] INFO: Epoch 85 | Step 1/196 | Loss: 0.7460 | Acc: 82.81%
[2025-06-16 18:57:35,935] INFO: Epoch 85 | Step 101/196 | Loss: 0.7921 | Acc: 82.47%
[2025-06-16 18:57:49,310] INFO: Epoch 85 training completed
[2025-06-16 18:57:50,663] INFO: Test Loss: 1.2991 | Test Acc: 65.24%
[2025-06-16 18:57:51,066] INFO: Epoch 86 | Step 1/196 | Loss: 0.7066 | Acc: 85.94%
[2025-06-16 18:58:05,197] INFO: Epoch 86 | Step 101/196 | Loss: 0.8013 | Acc: 82.31%
[2025-06-16 18:58:18,566] INFO: Epoch 86 training completed
[2025-06-16 18:58:19,914] INFO: Test Loss: 1.0583 | Test Acc: 70.52%
[2025-06-16 18:58:20,315] INFO: Epoch 87 | Step 1/196 | Loss: 0.6484 | Acc: 87.50%
[2025-06-16 18:58:34,449] INFO: Epoch 87 | Step 101/196 | Loss: 0.7837 | Acc: 82.61%
[2025-06-16 18:58:47,819] INFO: Epoch 87 training completed
[2025-06-16 18:58:49,162] INFO: Test Loss: 1.3631 | Test Acc: 62.74%
[2025-06-16 18:58:49,624] INFO: Epoch 88 | Step 1/196 | Loss: 0.7347 | Acc: 84.77%
[2025-06-16 18:59:03,754] INFO: Epoch 88 | Step 101/196 | Loss: 0.7835 | Acc: 82.60%
[2025-06-16 18:59:17,125] INFO: Epoch 88 training completed
[2025-06-16 18:59:18,481] INFO: Test Loss: 1.2560 | Test Acc: 66.65%
[2025-06-16 18:59:18,865] INFO: Epoch 89 | Step 1/196 | Loss: 0.7345 | Acc: 84.77%
[2025-06-16 18:59:33,001] INFO: Epoch 89 | Step 101/196 | Loss: 0.7966 | Acc: 82.25%
[2025-06-16 18:59:46,375] INFO: Epoch 89 training completed
[2025-06-16 18:59:47,702] INFO: Test Loss: 1.0905 | Test Acc: 69.68%
[2025-06-16 18:59:48,094] INFO: Epoch 90 | Step 1/196 | Loss: 0.7803 | Acc: 83.98%
[2025-06-16 19:00:02,228] INFO: Epoch 90 | Step 101/196 | Loss: 0.7851 | Acc: 82.50%
[2025-06-16 19:00:15,595] INFO: Epoch 90 training completed
[2025-06-16 19:00:16,921] INFO: Test Loss: 1.2427 | Test Acc: 66.22%
[2025-06-16 19:00:17,323] INFO: Epoch 91 | Step 1/196 | Loss: 0.7411 | Acc: 86.33%
[2025-06-16 19:00:31,462] INFO: Epoch 91 | Step 101/196 | Loss: 0.7842 | Acc: 82.36%
[2025-06-16 19:00:44,832] INFO: Epoch 91 training completed
[2025-06-16 19:00:46,132] INFO: Test Loss: 1.1099 | Test Acc: 69.56%
[2025-06-16 19:00:46,626] INFO: Epoch 92 | Step 1/196 | Loss: 0.6073 | Acc: 87.11%
[2025-06-16 19:01:00,763] INFO: Epoch 92 | Step 101/196 | Loss: 0.7795 | Acc: 82.57%
[2025-06-16 19:01:14,135] INFO: Epoch 92 training completed
[2025-06-16 19:01:15,477] INFO: Test Loss: 1.4463 | Test Acc: 62.89%
[2025-06-16 19:01:15,870] INFO: Epoch 93 | Step 1/196 | Loss: 0.7206 | Acc: 84.77%
[2025-06-16 19:01:30,003] INFO: Epoch 93 | Step 101/196 | Loss: 0.7853 | Acc: 82.37%
[2025-06-16 19:01:43,385] INFO: Epoch 93 training completed
[2025-06-16 19:01:44,708] INFO: Test Loss: 0.7747 | Test Acc: 76.83%
[2025-06-16 19:01:44,822] INFO: New best accuracy: 76.83%, model saved.
[2025-06-16 19:01:45,212] INFO: Epoch 94 | Step 1/196 | Loss: 0.7358 | Acc: 83.59%
[2025-06-16 19:01:59,350] INFO: Epoch 94 | Step 101/196 | Loss: 0.7707 | Acc: 82.77%
[2025-06-16 19:02:12,722] INFO: Epoch 94 training completed
[2025-06-16 19:02:14,046] INFO: Test Loss: 1.1820 | Test Acc: 68.49%
[2025-06-16 19:02:14,447] INFO: Epoch 95 | Step 1/196 | Loss: 0.6250 | Acc: 86.72%
[2025-06-16 19:02:28,620] INFO: Epoch 95 | Step 101/196 | Loss: 0.7810 | Acc: 82.74%
[2025-06-16 19:02:41,987] INFO: Epoch 95 training completed
[2025-06-16 19:02:43,326] INFO: Test Loss: 1.0699 | Test Acc: 70.07%
[2025-06-16 19:02:43,723] INFO: Epoch 96 | Step 1/196 | Loss: 0.7235 | Acc: 83.98%
[2025-06-16 19:02:57,857] INFO: Epoch 96 | Step 101/196 | Loss: 0.7607 | Acc: 83.15%
[2025-06-16 19:03:11,226] INFO: Epoch 96 training completed
[2025-06-16 19:03:12,586] INFO: Test Loss: 1.1419 | Test Acc: 67.97%
[2025-06-16 19:03:12,983] INFO: Epoch 97 | Step 1/196 | Loss: 0.7683 | Acc: 84.38%
[2025-06-16 19:03:27,119] INFO: Epoch 97 | Step 101/196 | Loss: 0.7718 | Acc: 82.86%
[2025-06-16 19:03:40,490] INFO: Epoch 97 training completed
[2025-06-16 19:03:41,851] INFO: Test Loss: 1.4160 | Test Acc: 62.93%
[2025-06-16 19:03:42,242] INFO: Epoch 98 | Step 1/196 | Loss: 0.7395 | Acc: 83.98%
[2025-06-16 19:03:56,377] INFO: Epoch 98 | Step 101/196 | Loss: 0.7634 | Acc: 82.93%
[2025-06-16 19:04:09,741] INFO: Epoch 98 training completed
[2025-06-16 19:04:11,093] INFO: Test Loss: 1.3132 | Test Acc: 64.39%
[2025-06-16 19:04:11,489] INFO: Epoch 99 | Step 1/196 | Loss: 0.7166 | Acc: 85.16%
[2025-06-16 19:04:25,659] INFO: Epoch 99 | Step 101/196 | Loss: 0.7488 | Acc: 83.32%
[2025-06-16 19:04:39,023] INFO: Epoch 99 training completed
[2025-06-16 19:04:40,295] INFO: Test Loss: 1.0150 | Test Acc: 71.91%
[2025-06-16 19:04:40,694] INFO: Epoch 100 | Step 1/196 | Loss: 0.6435 | Acc: 86.72%
[2025-06-16 19:04:54,828] INFO: Epoch 100 | Step 101/196 | Loss: 0.7548 | Acc: 83.00%
[2025-06-16 19:05:08,202] INFO: Epoch 100 training completed
[2025-06-16 19:05:09,528] INFO: Test Loss: 1.2248 | Test Acc: 66.35%
[2025-06-16 19:05:09,921] INFO: Epoch 101 | Step 1/196 | Loss: 0.7001 | Acc: 87.50%
[2025-06-16 19:05:24,058] INFO: Epoch 101 | Step 101/196 | Loss: 0.7426 | Acc: 83.52%
[2025-06-16 19:05:37,429] INFO: Epoch 101 training completed
[2025-06-16 19:05:38,753] INFO: Test Loss: 1.0740 | Test Acc: 70.72%
[2025-06-16 19:05:39,154] INFO: Epoch 102 | Step 1/196 | Loss: 0.7185 | Acc: 86.72%
[2025-06-16 19:05:53,286] INFO: Epoch 102 | Step 101/196 | Loss: 0.7351 | Acc: 83.85%
[2025-06-16 19:06:06,653] INFO: Epoch 102 training completed
[2025-06-16 19:06:07,953] INFO: Test Loss: 1.2704 | Test Acc: 66.19%
[2025-06-16 19:06:08,449] INFO: Epoch 103 | Step 1/196 | Loss: 0.8028 | Acc: 82.03%
[2025-06-16 19:06:22,585] INFO: Epoch 103 | Step 101/196 | Loss: 0.7525 | Acc: 83.23%
[2025-06-16 19:06:35,953] INFO: Epoch 103 training completed
[2025-06-16 19:06:37,239] INFO: Test Loss: 1.1696 | Test Acc: 68.39%
[2025-06-16 19:06:37,621] INFO: Epoch 104 | Step 1/196 | Loss: 0.6636 | Acc: 86.72%
[2025-06-16 19:06:51,755] INFO: Epoch 104 | Step 101/196 | Loss: 0.7355 | Acc: 83.45%
[2025-06-16 19:07:05,124] INFO: Epoch 104 training completed
[2025-06-16 19:07:06,467] INFO: Test Loss: 1.2141 | Test Acc: 68.71%
[2025-06-16 19:07:06,868] INFO: Epoch 105 | Step 1/196 | Loss: 0.7194 | Acc: 84.38%
[2025-06-16 19:07:21,001] INFO: Epoch 105 | Step 101/196 | Loss: 0.7406 | Acc: 83.53%
[2025-06-16 19:07:34,369] INFO: Epoch 105 training completed
[2025-06-16 19:07:35,679] INFO: Test Loss: 1.1662 | Test Acc: 67.75%
[2025-06-16 19:07:36,070] INFO: Epoch 106 | Step 1/196 | Loss: 0.6700 | Acc: 88.67%
[2025-06-16 19:07:50,210] INFO: Epoch 106 | Step 101/196 | Loss: 0.7191 | Acc: 84.03%
[2025-06-16 19:08:03,578] INFO: Epoch 106 training completed
[2025-06-16 19:08:04,949] INFO: Test Loss: 1.2970 | Test Acc: 65.21%
[2025-06-16 19:08:05,344] INFO: Epoch 107 | Step 1/196 | Loss: 0.7512 | Acc: 82.81%
[2025-06-16 19:08:19,512] INFO: Epoch 107 | Step 101/196 | Loss: 0.7253 | Acc: 83.79%
[2025-06-16 19:08:32,894] INFO: Epoch 107 training completed
[2025-06-16 19:08:34,236] INFO: Test Loss: 1.3802 | Test Acc: 64.53%
[2025-06-16 19:08:34,629] INFO: Epoch 108 | Step 1/196 | Loss: 0.5981 | Acc: 87.89%
[2025-06-16 19:08:48,765] INFO: Epoch 108 | Step 101/196 | Loss: 0.7172 | Acc: 83.97%
[2025-06-16 19:09:02,132] INFO: Epoch 108 training completed
[2025-06-16 19:09:03,446] INFO: Test Loss: 0.8227 | Test Acc: 76.65%
[2025-06-16 19:09:03,851] INFO: Epoch 109 | Step 1/196 | Loss: 0.6592 | Acc: 88.28%
[2025-06-16 19:09:17,987] INFO: Epoch 109 | Step 101/196 | Loss: 0.7162 | Acc: 84.01%
[2025-06-16 19:09:31,357] INFO: Epoch 109 training completed
[2025-06-16 19:09:32,694] INFO: Test Loss: 0.7822 | Test Acc: 77.20%
[2025-06-16 19:09:32,803] INFO: New best accuracy: 77.20%, model saved.
[2025-06-16 19:09:33,196] INFO: Epoch 110 | Step 1/196 | Loss: 0.6491 | Acc: 84.77%
[2025-06-16 19:09:47,333] INFO: Epoch 110 | Step 101/196 | Loss: 0.7065 | Acc: 84.17%
[2025-06-16 19:10:00,728] INFO: Epoch 110 training completed
[2025-06-16 19:10:02,063] INFO: Test Loss: 0.9516 | Test Acc: 74.05%
[2025-06-16 19:10:02,465] INFO: Epoch 111 | Step 1/196 | Loss: 0.6498 | Acc: 86.72%
[2025-06-16 19:10:16,597] INFO: Epoch 111 | Step 101/196 | Loss: 0.7086 | Acc: 84.23%
[2025-06-16 19:10:29,969] INFO: Epoch 111 training completed
[2025-06-16 19:10:31,342] INFO: Test Loss: 0.9035 | Test Acc: 74.54%
[2025-06-16 19:10:31,761] INFO: Epoch 112 | Step 1/196 | Loss: 0.6769 | Acc: 85.94%
[2025-06-16 19:10:45,922] INFO: Epoch 112 | Step 101/196 | Loss: 0.7093 | Acc: 84.27%
[2025-06-16 19:10:59,293] INFO: Epoch 112 training completed
[2025-06-16 19:11:00,586] INFO: Test Loss: 1.0200 | Test Acc: 72.33%
[2025-06-16 19:11:00,987] INFO: Epoch 113 | Step 1/196 | Loss: 0.6873 | Acc: 85.16%
[2025-06-16 19:11:15,127] INFO: Epoch 113 | Step 101/196 | Loss: 0.6912 | Acc: 84.51%
[2025-06-16 19:11:28,492] INFO: Epoch 113 training completed
[2025-06-16 19:11:29,797] INFO: Test Loss: 0.8755 | Test Acc: 74.81%
[2025-06-16 19:11:30,194] INFO: Epoch 114 | Step 1/196 | Loss: 0.7020 | Acc: 83.20%
[2025-06-16 19:11:44,367] INFO: Epoch 114 | Step 101/196 | Loss: 0.7014 | Acc: 84.22%
[2025-06-16 19:11:57,734] INFO: Epoch 114 training completed
[2025-06-16 19:11:59,015] INFO: Test Loss: 1.1125 | Test Acc: 69.64%
[2025-06-16 19:11:59,424] INFO: Epoch 115 | Step 1/196 | Loss: 0.7031 | Acc: 85.16%
[2025-06-16 19:12:13,558] INFO: Epoch 115 | Step 101/196 | Loss: 0.6895 | Acc: 84.64%
[2025-06-16 19:12:26,921] INFO: Epoch 115 training completed
[2025-06-16 19:12:28,251] INFO: Test Loss: 1.0290 | Test Acc: 71.31%
[2025-06-16 19:12:28,654] INFO: Epoch 116 | Step 1/196 | Loss: 0.6047 | Acc: 86.72%
[2025-06-16 19:12:42,784] INFO: Epoch 116 | Step 101/196 | Loss: 0.6965 | Acc: 84.42%
[2025-06-16 19:12:56,156] INFO: Epoch 116 training completed
[2025-06-16 19:12:57,508] INFO: Test Loss: 1.0169 | Test Acc: 71.07%
[2025-06-16 19:12:57,904] INFO: Epoch 117 | Step 1/196 | Loss: 0.6528 | Acc: 86.33%
[2025-06-16 19:13:12,040] INFO: Epoch 117 | Step 101/196 | Loss: 0.6940 | Acc: 84.60%
[2025-06-16 19:13:25,409] INFO: Epoch 117 training completed
[2025-06-16 19:13:26,753] INFO: Test Loss: 0.8037 | Test Acc: 77.10%
[2025-06-16 19:13:27,157] INFO: Epoch 118 | Step 1/196 | Loss: 0.6281 | Acc: 86.33%
[2025-06-16 19:13:41,331] INFO: Epoch 118 | Step 101/196 | Loss: 0.6819 | Acc: 84.73%
[2025-06-16 19:13:54,705] INFO: Epoch 118 training completed
[2025-06-16 19:13:56,039] INFO: Test Loss: 0.9624 | Test Acc: 73.31%
[2025-06-16 19:13:56,437] INFO: Epoch 119 | Step 1/196 | Loss: 0.6740 | Acc: 85.16%
[2025-06-16 19:14:10,571] INFO: Epoch 119 | Step 101/196 | Loss: 0.6796 | Acc: 84.68%
[2025-06-16 19:14:23,940] INFO: Epoch 119 training completed
[2025-06-16 19:14:25,251] INFO: Test Loss: 0.7740 | Test Acc: 77.88%
[2025-06-16 19:14:25,364] INFO: New best accuracy: 77.88%, model saved.
[2025-06-16 19:14:25,756] INFO: Epoch 120 | Step 1/196 | Loss: 0.7054 | Acc: 84.77%
[2025-06-16 19:14:39,887] INFO: Epoch 120 | Step 101/196 | Loss: 0.6786 | Acc: 84.82%
[2025-06-16 19:14:53,256] INFO: Epoch 120 training completed
[2025-06-16 19:14:54,572] INFO: Test Loss: 1.0419 | Test Acc: 71.09%
[2025-06-16 19:14:54,958] INFO: Epoch 121 | Step 1/196 | Loss: 0.6791 | Acc: 85.55%
[2025-06-16 19:15:09,093] INFO: Epoch 121 | Step 101/196 | Loss: 0.6769 | Acc: 84.65%
[2025-06-16 19:15:22,474] INFO: Epoch 121 training completed
[2025-06-16 19:15:23,857] INFO: Test Loss: 0.7422 | Test Acc: 79.22%
[2025-06-16 19:15:23,969] INFO: New best accuracy: 79.22%, model saved.
[2025-06-16 19:15:24,432] INFO: Epoch 122 | Step 1/196 | Loss: 0.5956 | Acc: 86.72%
[2025-06-16 19:15:38,564] INFO: Epoch 122 | Step 101/196 | Loss: 0.6704 | Acc: 84.82%
[2025-06-16 19:15:51,934] INFO: Epoch 122 training completed
[2025-06-16 19:15:53,258] INFO: Test Loss: 1.0652 | Test Acc: 69.88%
[2025-06-16 19:15:53,652] INFO: Epoch 123 | Step 1/196 | Loss: 0.5966 | Acc: 86.72%
[2025-06-16 19:16:07,790] INFO: Epoch 123 | Step 101/196 | Loss: 0.6688 | Acc: 85.02%
[2025-06-16 19:16:21,163] INFO: Epoch 123 training completed
[2025-06-16 19:16:22,500] INFO: Test Loss: 0.7971 | Test Acc: 77.20%
[2025-06-16 19:16:22,899] INFO: Epoch 124 | Step 1/196 | Loss: 0.4698 | Acc: 91.02%
[2025-06-16 19:16:37,036] INFO: Epoch 124 | Step 101/196 | Loss: 0.6496 | Acc: 85.36%
[2025-06-16 19:16:50,414] INFO: Epoch 124 training completed
[2025-06-16 19:16:51,739] INFO: Test Loss: 0.7838 | Test Acc: 78.76%
[2025-06-16 19:16:52,133] INFO: Epoch 125 | Step 1/196 | Loss: 0.6235 | Acc: 86.33%
[2025-06-16 19:17:06,268] INFO: Epoch 125 | Step 101/196 | Loss: 0.6519 | Acc: 85.22%
[2025-06-16 19:17:19,672] INFO: Epoch 125 training completed
[2025-06-16 19:17:21,017] INFO: Test Loss: 0.7908 | Test Acc: 78.38%
[2025-06-16 19:17:21,417] INFO: Epoch 126 | Step 1/196 | Loss: 0.5734 | Acc: 88.67%
[2025-06-16 19:17:35,550] INFO: Epoch 126 | Step 101/196 | Loss: 0.6431 | Acc: 85.55%
[2025-06-16 19:17:48,919] INFO: Epoch 126 training completed
[2025-06-16 19:17:50,254] INFO: Test Loss: 0.7660 | Test Acc: 77.73%
[2025-06-16 19:17:50,651] INFO: Epoch 127 | Step 1/196 | Loss: 0.5284 | Acc: 91.02%
[2025-06-16 19:18:04,784] INFO: Epoch 127 | Step 101/196 | Loss: 0.6572 | Acc: 85.48%
[2025-06-16 19:18:18,150] INFO: Epoch 127 training completed
[2025-06-16 19:18:19,456] INFO: Test Loss: 1.1635 | Test Acc: 69.27%
[2025-06-16 19:18:19,847] INFO: Epoch 128 | Step 1/196 | Loss: 0.5252 | Acc: 88.28%
[2025-06-16 19:18:33,985] INFO: Epoch 128 | Step 101/196 | Loss: 0.6446 | Acc: 85.63%
[2025-06-16 19:18:47,350] INFO: Epoch 128 training completed
[2025-06-16 19:18:48,700] INFO: Test Loss: 0.8506 | Test Acc: 76.23%
[2025-06-16 19:18:49,099] INFO: Epoch 129 | Step 1/196 | Loss: 0.5829 | Acc: 88.28%
[2025-06-16 19:19:03,261] INFO: Epoch 129 | Step 101/196 | Loss: 0.6294 | Acc: 85.94%
[2025-06-16 19:19:16,627] INFO: Epoch 129 training completed
[2025-06-16 19:19:17,947] INFO: Test Loss: 0.8780 | Test Acc: 75.63%
[2025-06-16 19:19:18,341] INFO: Epoch 130 | Step 1/196 | Loss: 0.5405 | Acc: 89.84%
[2025-06-16 19:19:32,477] INFO: Epoch 130 | Step 101/196 | Loss: 0.6246 | Acc: 86.05%
[2025-06-16 19:19:45,846] INFO: Epoch 130 training completed
[2025-06-16 19:19:47,159] INFO: Test Loss: 0.8228 | Test Acc: 76.94%
[2025-06-16 19:19:47,554] INFO: Epoch 131 | Step 1/196 | Loss: 0.4584 | Acc: 92.58%
[2025-06-16 19:20:01,689] INFO: Epoch 131 | Step 101/196 | Loss: 0.6265 | Acc: 86.10%
[2025-06-16 19:20:15,060] INFO: Epoch 131 training completed
[2025-06-16 19:20:16,386] INFO: Test Loss: 0.7359 | Test Acc: 78.26%
[2025-06-16 19:20:16,788] INFO: Epoch 132 | Step 1/196 | Loss: 0.6494 | Acc: 87.89%
[2025-06-16 19:20:30,929] INFO: Epoch 132 | Step 101/196 | Loss: 0.6240 | Acc: 85.93%
[2025-06-16 19:20:44,299] INFO: Epoch 132 training completed
[2025-06-16 19:20:45,644] INFO: Test Loss: 0.7673 | Test Acc: 78.35%
[2025-06-16 19:20:46,138] INFO: Epoch 133 | Step 1/196 | Loss: 0.5648 | Acc: 87.11%
[2025-06-16 19:21:00,275] INFO: Epoch 133 | Step 101/196 | Loss: 0.6280 | Acc: 85.90%
[2025-06-16 19:21:13,648] INFO: Epoch 133 training completed
[2025-06-16 19:21:14,976] INFO: Test Loss: 0.7757 | Test Acc: 77.88%
[2025-06-16 19:21:15,376] INFO: Epoch 134 | Step 1/196 | Loss: 0.5956 | Acc: 85.94%
[2025-06-16 19:21:29,516] INFO: Epoch 134 | Step 101/196 | Loss: 0.6168 | Acc: 86.12%
[2025-06-16 19:21:42,887] INFO: Epoch 134 training completed
[2025-06-16 19:21:44,186] INFO: Test Loss: 0.7975 | Test Acc: 78.09%
[2025-06-16 19:21:44,584] INFO: Epoch 135 | Step 1/196 | Loss: 0.4776 | Acc: 91.41%
[2025-06-16 19:21:58,717] INFO: Epoch 135 | Step 101/196 | Loss: 0.6126 | Acc: 86.29%
[2025-06-16 19:22:12,086] INFO: Epoch 135 training completed
[2025-06-16 19:22:13,379] INFO: Test Loss: 1.0539 | Test Acc: 71.26%
[2025-06-16 19:22:13,771] INFO: Epoch 136 | Step 1/196 | Loss: 0.5904 | Acc: 85.55%
[2025-06-16 19:22:27,911] INFO: Epoch 136 | Step 101/196 | Loss: 0.5970 | Acc: 86.59%
[2025-06-16 19:22:41,279] INFO: Epoch 136 training completed
[2025-06-16 19:22:42,614] INFO: Test Loss: 0.7378 | Test Acc: 79.29%
[2025-06-16 19:22:42,729] INFO: New best accuracy: 79.29%, model saved.
[2025-06-16 19:22:43,217] INFO: Epoch 137 | Step 1/196 | Loss: 0.5319 | Acc: 89.45%
[2025-06-16 19:22:57,355] INFO: Epoch 137 | Step 101/196 | Loss: 0.5960 | Acc: 86.56%
[2025-06-16 19:23:10,723] INFO: Epoch 137 training completed
[2025-06-16 19:23:12,074] INFO: Test Loss: 0.7149 | Test Acc: 79.88%
[2025-06-16 19:23:12,188] INFO: New best accuracy: 79.88%, model saved.
[2025-06-16 19:23:12,589] INFO: Epoch 138 | Step 1/196 | Loss: 0.5848 | Acc: 88.67%
[2025-06-16 19:23:26,728] INFO: Epoch 138 | Step 101/196 | Loss: 0.5848 | Acc: 86.78%
[2025-06-16 19:23:40,100] INFO: Epoch 138 training completed
[2025-06-16 19:23:41,426] INFO: Test Loss: 0.8290 | Test Acc: 77.78%
[2025-06-16 19:23:41,837] INFO: Epoch 139 | Step 1/196 | Loss: 0.5365 | Acc: 91.41%
[2025-06-16 19:23:55,970] INFO: Epoch 139 | Step 101/196 | Loss: 0.5903 | Acc: 86.70%
[2025-06-16 19:24:09,336] INFO: Epoch 139 training completed
[2025-06-16 19:24:10,689] INFO: Test Loss: 0.8714 | Test Acc: 75.62%
[2025-06-16 19:24:11,087] INFO: Epoch 140 | Step 1/196 | Loss: 0.4866 | Acc: 91.02%
[2025-06-16 19:24:25,228] INFO: Epoch 140 | Step 101/196 | Loss: 0.5856 | Acc: 86.76%
[2025-06-16 19:24:38,600] INFO: Epoch 140 training completed
[2025-06-16 19:24:39,965] INFO: Test Loss: 0.6669 | Test Acc: 81.66%
[2025-06-16 19:24:40,170] INFO: New best accuracy: 81.66%, model saved.
[2025-06-16 19:24:40,557] INFO: Epoch 141 | Step 1/196 | Loss: 0.5259 | Acc: 88.67%
[2025-06-16 19:24:54,692] INFO: Epoch 141 | Step 101/196 | Loss: 0.5770 | Acc: 86.86%
[2025-06-16 19:25:08,067] INFO: Epoch 141 training completed
[2025-06-16 19:25:09,404] INFO: Test Loss: 0.7553 | Test Acc: 78.62%
[2025-06-16 19:25:09,805] INFO: Epoch 142 | Step 1/196 | Loss: 0.5006 | Acc: 88.67%
[2025-06-16 19:25:23,943] INFO: Epoch 142 | Step 101/196 | Loss: 0.5690 | Acc: 87.24%
[2025-06-16 19:25:37,345] INFO: Epoch 142 training completed
[2025-06-16 19:25:38,659] INFO: Test Loss: 0.5712 | Test Acc: 83.94%
[2025-06-16 19:25:38,771] INFO: New best accuracy: 83.94%, model saved.
[2025-06-16 19:25:39,168] INFO: Epoch 143 | Step 1/196 | Loss: 0.5181 | Acc: 89.84%
[2025-06-16 19:25:53,313] INFO: Epoch 143 | Step 101/196 | Loss: 0.5639 | Acc: 87.18%
[2025-06-16 19:26:06,681] INFO: Epoch 143 training completed
[2025-06-16 19:26:08,028] INFO: Test Loss: 0.6012 | Test Acc: 83.40%
[2025-06-16 19:26:08,427] INFO: Epoch 144 | Step 1/196 | Loss: 0.4834 | Acc: 89.84%
[2025-06-16 19:26:22,607] INFO: Epoch 144 | Step 101/196 | Loss: 0.5494 | Acc: 87.59%
[2025-06-16 19:26:35,979] INFO: Epoch 144 training completed
[2025-06-16 19:26:37,312] INFO: Test Loss: 0.6803 | Test Acc: 80.65%
[2025-06-16 19:26:37,712] INFO: Epoch 145 | Step 1/196 | Loss: 0.5140 | Acc: 87.89%
[2025-06-16 19:26:51,845] INFO: Epoch 145 | Step 101/196 | Loss: 0.5483 | Acc: 87.43%
[2025-06-16 19:27:05,222] INFO: Epoch 145 training completed
[2025-06-16 19:27:06,528] INFO: Test Loss: 0.6836 | Test Acc: 80.62%
[2025-06-16 19:27:06,919] INFO: Epoch 146 | Step 1/196 | Loss: 0.4602 | Acc: 90.23%
[2025-06-16 19:27:21,052] INFO: Epoch 146 | Step 101/196 | Loss: 0.5423 | Acc: 87.85%
[2025-06-16 19:27:34,426] INFO: Epoch 146 training completed
[2025-06-16 19:27:35,680] INFO: Test Loss: 0.5990 | Test Acc: 82.45%
[2025-06-16 19:27:36,093] INFO: Epoch 147 | Step 1/196 | Loss: 0.4868 | Acc: 90.23%
[2025-06-16 19:27:50,230] INFO: Epoch 147 | Step 101/196 | Loss: 0.5298 | Acc: 88.06%
[2025-06-16 19:28:03,598] INFO: Epoch 147 training completed
[2025-06-16 19:28:04,880] INFO: Test Loss: 0.6054 | Test Acc: 82.90%
[2025-06-16 19:28:05,358] INFO: Epoch 148 | Step 1/196 | Loss: 0.4659 | Acc: 90.23%
[2025-06-16 19:28:19,495] INFO: Epoch 148 | Step 101/196 | Loss: 0.5331 | Acc: 88.11%
[2025-06-16 19:28:32,866] INFO: Epoch 148 training completed
[2025-06-16 19:28:34,199] INFO: Test Loss: 0.6886 | Test Acc: 81.28%
[2025-06-16 19:28:34,602] INFO: Epoch 149 | Step 1/196 | Loss: 0.4665 | Acc: 90.23%
[2025-06-16 19:28:48,741] INFO: Epoch 149 | Step 101/196 | Loss: 0.5266 | Acc: 88.11%
[2025-06-16 19:29:02,118] INFO: Epoch 149 training completed
[2025-06-16 19:29:03,431] INFO: Test Loss: 0.6039 | Test Acc: 83.38%
[2025-06-16 19:29:03,839] INFO: Epoch 150 | Step 1/196 | Loss: 0.5285 | Acc: 87.89%
[2025-06-16 19:29:17,983] INFO: Epoch 150 | Step 101/196 | Loss: 0.5208 | Acc: 88.25%
[2025-06-16 19:29:31,357] INFO: Epoch 150 training completed
[2025-06-16 19:29:32,706] INFO: Test Loss: 0.5545 | Test Acc: 84.19%
[2025-06-16 19:29:32,816] INFO: New best accuracy: 84.19%, model saved.
[2025-06-16 19:29:33,209] INFO: Epoch 151 | Step 1/196 | Loss: 0.5129 | Acc: 87.50%
[2025-06-16 19:29:47,353] INFO: Epoch 151 | Step 101/196 | Loss: 0.5112 | Acc: 88.37%
[2025-06-16 19:30:00,723] INFO: Epoch 151 training completed
[2025-06-16 19:30:02,036] INFO: Test Loss: 0.6917 | Test Acc: 80.98%
[2025-06-16 19:30:02,525] INFO: Epoch 152 | Step 1/196 | Loss: 0.5512 | Acc: 88.67%
[2025-06-16 19:30:16,660] INFO: Epoch 152 | Step 101/196 | Loss: 0.5022 | Acc: 88.61%
[2025-06-16 19:30:30,042] INFO: Epoch 152 training completed
[2025-06-16 19:30:31,382] INFO: Test Loss: 0.5672 | Test Acc: 84.22%
[2025-06-16 19:30:31,495] INFO: New best accuracy: 84.22%, model saved.
[2025-06-16 19:30:31,881] INFO: Epoch 153 | Step 1/196 | Loss: 0.4013 | Acc: 92.58%
[2025-06-16 19:30:46,018] INFO: Epoch 153 | Step 101/196 | Loss: 0.4948 | Acc: 88.85%
[2025-06-16 19:30:59,394] INFO: Epoch 153 training completed
[2025-06-16 19:31:00,719] INFO: Test Loss: 0.5602 | Test Acc: 83.91%
[2025-06-16 19:31:01,093] INFO: Epoch 154 | Step 1/196 | Loss: 0.4843 | Acc: 90.62%
[2025-06-16 19:31:15,227] INFO: Epoch 154 | Step 101/196 | Loss: 0.4869 | Acc: 88.81%
[2025-06-16 19:31:28,601] INFO: Epoch 154 training completed
[2025-06-16 19:31:29,901] INFO: Test Loss: 0.6062 | Test Acc: 83.14%
[2025-06-16 19:31:30,300] INFO: Epoch 155 | Step 1/196 | Loss: 0.4543 | Acc: 91.02%
[2025-06-16 19:31:44,439] INFO: Epoch 155 | Step 101/196 | Loss: 0.4763 | Acc: 89.37%
[2025-06-16 19:31:57,857] INFO: Epoch 155 training completed
[2025-06-16 19:31:59,205] INFO: Test Loss: 0.5641 | Test Acc: 84.18%
[2025-06-16 19:31:59,596] INFO: Epoch 156 | Step 1/196 | Loss: 0.4684 | Acc: 88.67%
[2025-06-16 19:32:13,743] INFO: Epoch 156 | Step 101/196 | Loss: 0.4746 | Acc: 89.13%
[2025-06-16 19:32:27,115] INFO: Epoch 156 training completed
[2025-06-16 19:32:28,505] INFO: Test Loss: 0.5243 | Test Acc: 85.36%
[2025-06-16 19:32:28,620] INFO: New best accuracy: 85.36%, model saved.
[2025-06-16 19:32:29,008] INFO: Epoch 157 | Step 1/196 | Loss: 0.3624 | Acc: 92.19%
[2025-06-16 19:32:43,148] INFO: Epoch 157 | Step 101/196 | Loss: 0.4675 | Acc: 89.45%
[2025-06-16 19:32:56,521] INFO: Epoch 157 training completed
[2025-06-16 19:32:57,848] INFO: Test Loss: 0.5354 | Test Acc: 84.89%
[2025-06-16 19:32:58,230] INFO: Epoch 158 | Step 1/196 | Loss: 0.4789 | Acc: 91.02%
[2025-06-16 19:33:12,370] INFO: Epoch 158 | Step 101/196 | Loss: 0.4576 | Acc: 89.71%
[2025-06-16 19:33:25,744] INFO: Epoch 158 training completed
[2025-06-16 19:33:27,038] INFO: Test Loss: 0.4943 | Test Acc: 86.01%
[2025-06-16 19:33:27,150] INFO: New best accuracy: 86.01%, model saved.
[2025-06-16 19:33:27,596] INFO: Epoch 159 | Step 1/196 | Loss: 0.3378 | Acc: 92.97%
[2025-06-16 19:33:41,734] INFO: Epoch 159 | Step 101/196 | Loss: 0.4452 | Acc: 89.94%
[2025-06-16 19:33:55,110] INFO: Epoch 159 training completed
[2025-06-16 19:33:56,436] INFO: Test Loss: 0.5313 | Test Acc: 85.39%
[2025-06-16 19:33:56,831] INFO: Epoch 160 | Step 1/196 | Loss: 0.3956 | Acc: 92.58%
[2025-06-16 19:34:10,967] INFO: Epoch 160 | Step 101/196 | Loss: 0.4461 | Acc: 89.98%
[2025-06-16 19:34:24,342] INFO: Epoch 160 training completed
[2025-06-16 19:34:25,668] INFO: Test Loss: 0.5284 | Test Acc: 84.94%
[2025-06-16 19:34:26,065] INFO: Epoch 161 | Step 1/196 | Loss: 0.4587 | Acc: 89.06%
[2025-06-16 19:34:40,202] INFO: Epoch 161 | Step 101/196 | Loss: 0.4420 | Acc: 89.95%
[2025-06-16 19:34:53,578] INFO: Epoch 161 training completed
[2025-06-16 19:34:54,894] INFO: Test Loss: 0.5230 | Test Acc: 85.38%
[2025-06-16 19:34:55,294] INFO: Epoch 162 | Step 1/196 | Loss: 0.3703 | Acc: 92.19%
[2025-06-16 19:35:09,429] INFO: Epoch 162 | Step 101/196 | Loss: 0.4297 | Acc: 90.33%
[2025-06-16 19:35:22,801] INFO: Epoch 162 training completed
[2025-06-16 19:35:24,124] INFO: Test Loss: 0.5387 | Test Acc: 85.07%
[2025-06-16 19:35:24,611] INFO: Epoch 163 | Step 1/196 | Loss: 0.3471 | Acc: 92.97%
[2025-06-16 19:35:38,750] INFO: Epoch 163 | Step 101/196 | Loss: 0.4269 | Acc: 90.40%
[2025-06-16 19:35:52,127] INFO: Epoch 163 training completed
[2025-06-16 19:35:53,445] INFO: Test Loss: 0.4761 | Test Acc: 87.00%
[2025-06-16 19:35:53,558] INFO: New best accuracy: 87.00%, model saved.
[2025-06-16 19:35:53,955] INFO: Epoch 164 | Step 1/196 | Loss: 0.3165 | Acc: 95.70%
[2025-06-16 19:36:08,092] INFO: Epoch 164 | Step 101/196 | Loss: 0.4269 | Acc: 90.30%
[2025-06-16 19:36:21,462] INFO: Epoch 164 training completed
[2025-06-16 19:36:22,805] INFO: Test Loss: 0.4862 | Test Acc: 86.41%
[2025-06-16 19:36:23,208] INFO: Epoch 165 | Step 1/196 | Loss: 0.3647 | Acc: 93.75%
[2025-06-16 19:36:37,346] INFO: Epoch 165 | Step 101/196 | Loss: 0.3995 | Acc: 90.90%
[2025-06-16 19:36:50,716] INFO: Epoch 165 training completed
[2025-06-16 19:36:52,026] INFO: Test Loss: 0.4537 | Test Acc: 87.04%
[2025-06-16 19:36:52,140] INFO: New best accuracy: 87.04%, model saved.
[2025-06-16 19:36:52,525] INFO: Epoch 166 | Step 1/196 | Loss: 0.3942 | Acc: 93.36%
[2025-06-16 19:37:06,672] INFO: Epoch 166 | Step 101/196 | Loss: 0.3937 | Acc: 90.91%
[2025-06-16 19:37:20,052] INFO: Epoch 166 training completed
[2025-06-16 19:37:21,360] INFO: Test Loss: 0.4467 | Test Acc: 87.29%
[2025-06-16 19:37:21,471] INFO: New best accuracy: 87.29%, model saved.
[2025-06-16 19:37:21,953] INFO: Epoch 167 | Step 1/196 | Loss: 0.3238 | Acc: 92.97%
[2025-06-16 19:37:36,091] INFO: Epoch 167 | Step 101/196 | Loss: 0.3934 | Acc: 91.10%
[2025-06-16 19:37:49,464] INFO: Epoch 167 training completed
[2025-06-16 19:37:50,783] INFO: Test Loss: 0.4720 | Test Acc: 86.99%
[2025-06-16 19:37:51,175] INFO: Epoch 168 | Step 1/196 | Loss: 0.3266 | Acc: 92.97%
[2025-06-16 19:38:05,320] INFO: Epoch 168 | Step 101/196 | Loss: 0.3830 | Acc: 91.20%
[2025-06-16 19:38:18,692] INFO: Epoch 168 training completed
[2025-06-16 19:38:19,985] INFO: Test Loss: 0.4528 | Test Acc: 87.11%
[2025-06-16 19:38:20,386] INFO: Epoch 169 | Step 1/196 | Loss: 0.2846 | Acc: 94.53%
[2025-06-16 19:38:34,521] INFO: Epoch 169 | Step 101/196 | Loss: 0.3775 | Acc: 91.50%
[2025-06-16 19:38:47,893] INFO: Epoch 169 training completed
[2025-06-16 19:38:49,202] INFO: Test Loss: 0.4351 | Test Acc: 87.85%
[2025-06-16 19:38:49,313] INFO: New best accuracy: 87.85%, model saved.
[2025-06-16 19:38:49,712] INFO: Epoch 170 | Step 1/196 | Loss: 0.3398 | Acc: 93.36%
[2025-06-16 19:39:03,847] INFO: Epoch 170 | Step 101/196 | Loss: 0.3652 | Acc: 91.82%
[2025-06-16 19:39:17,254] INFO: Epoch 170 training completed
[2025-06-16 19:39:18,566] INFO: Test Loss: 0.4121 | Test Acc: 88.38%
[2025-06-16 19:39:18,679] INFO: New best accuracy: 88.38%, model saved.
[2025-06-16 19:39:19,070] INFO: Epoch 171 | Step 1/196 | Loss: 0.2866 | Acc: 94.14%
[2025-06-16 19:39:33,207] INFO: Epoch 171 | Step 101/196 | Loss: 0.3537 | Acc: 92.01%
[2025-06-16 19:39:46,575] INFO: Epoch 171 training completed
[2025-06-16 19:39:47,910] INFO: Test Loss: 0.4281 | Test Acc: 88.01%
[2025-06-16 19:39:48,312] INFO: Epoch 172 | Step 1/196 | Loss: 0.3110 | Acc: 93.36%
[2025-06-16 19:40:02,457] INFO: Epoch 172 | Step 101/196 | Loss: 0.3492 | Acc: 92.05%
[2025-06-16 19:40:15,828] INFO: Epoch 172 training completed
[2025-06-16 19:40:17,166] INFO: Test Loss: 0.4114 | Test Acc: 88.63%
[2025-06-16 19:40:17,280] INFO: New best accuracy: 88.63%, model saved.
[2025-06-16 19:40:17,674] INFO: Epoch 173 | Step 1/196 | Loss: 0.2728 | Acc: 94.92%
[2025-06-16 19:40:31,816] INFO: Epoch 173 | Step 101/196 | Loss: 0.3379 | Acc: 92.38%
[2025-06-16 19:40:45,212] INFO: Epoch 173 training completed
[2025-06-16 19:40:46,531] INFO: Test Loss: 0.4167 | Test Acc: 88.58%
[2025-06-16 19:40:47,018] INFO: Epoch 174 | Step 1/196 | Loss: 0.3029 | Acc: 95.31%
[2025-06-16 19:41:01,158] INFO: Epoch 174 | Step 101/196 | Loss: 0.3353 | Acc: 92.40%
[2025-06-16 19:41:14,533] INFO: Epoch 174 training completed
[2025-06-16 19:41:15,829] INFO: Test Loss: 0.4165 | Test Acc: 88.73%
[2025-06-16 19:41:15,954] INFO: New best accuracy: 88.73%, model saved.
[2025-06-16 19:41:16,355] INFO: Epoch 175 | Step 1/196 | Loss: 0.2812 | Acc: 94.14%
[2025-06-16 19:41:30,494] INFO: Epoch 175 | Step 101/196 | Loss: 0.3251 | Acc: 92.71%
[2025-06-16 19:41:43,873] INFO: Epoch 175 training completed
[2025-06-16 19:41:45,218] INFO: Test Loss: 0.4483 | Test Acc: 87.80%
[2025-06-16 19:41:45,615] INFO: Epoch 176 | Step 1/196 | Loss: 0.3813 | Acc: 91.80%
[2025-06-16 19:41:59,758] INFO: Epoch 176 | Step 101/196 | Loss: 0.3195 | Acc: 92.81%
[2025-06-16 19:42:13,129] INFO: Epoch 176 training completed
[2025-06-16 19:42:14,434] INFO: Test Loss: 0.4065 | Test Acc: 88.82%
[2025-06-16 19:42:14,548] INFO: New best accuracy: 88.82%, model saved.
[2025-06-16 19:42:14,941] INFO: Epoch 177 | Step 1/196 | Loss: 0.2368 | Acc: 96.09%
[2025-06-16 19:42:29,107] INFO: Epoch 177 | Step 101/196 | Loss: 0.3108 | Acc: 93.02%
[2025-06-16 19:42:42,473] INFO: Epoch 177 training completed
[2025-06-16 19:42:43,814] INFO: Test Loss: 0.4266 | Test Acc: 88.05%
[2025-06-16 19:42:44,214] INFO: Epoch 178 | Step 1/196 | Loss: 0.2585 | Acc: 94.14%
[2025-06-16 19:42:58,350] INFO: Epoch 178 | Step 101/196 | Loss: 0.2961 | Acc: 93.30%
[2025-06-16 19:43:11,720] INFO: Epoch 178 training completed
[2025-06-16 19:43:13,087] INFO: Test Loss: 0.3880 | Test Acc: 89.36%
[2025-06-16 19:43:13,198] INFO: New best accuracy: 89.36%, model saved.
[2025-06-16 19:43:13,587] INFO: Epoch 179 | Step 1/196 | Loss: 0.2499 | Acc: 94.53%
[2025-06-16 19:43:27,728] INFO: Epoch 179 | Step 101/196 | Loss: 0.2898 | Acc: 93.48%
[2025-06-16 19:43:41,101] INFO: Epoch 179 training completed
[2025-06-16 19:43:42,422] INFO: Test Loss: 0.4028 | Test Acc: 89.23%
[2025-06-16 19:43:42,810] INFO: Epoch 180 | Step 1/196 | Loss: 0.2184 | Acc: 95.70%
[2025-06-16 19:43:56,953] INFO: Epoch 180 | Step 101/196 | Loss: 0.2839 | Acc: 93.72%
[2025-06-16 19:44:10,373] INFO: Epoch 180 training completed
[2025-06-16 19:44:11,709] INFO: Test Loss: 0.4076 | Test Acc: 88.68%
[2025-06-16 19:44:12,089] INFO: Epoch 181 | Step 1/196 | Loss: 0.2237 | Acc: 96.09%
[2025-06-16 19:44:26,222] INFO: Epoch 181 | Step 101/196 | Loss: 0.2709 | Acc: 94.03%
[2025-06-16 19:44:39,603] INFO: Epoch 181 training completed
[2025-06-16 19:44:40,902] INFO: Test Loss: 0.3809 | Test Acc: 89.70%
[2025-06-16 19:44:41,015] INFO: New best accuracy: 89.70%, model saved.
[2025-06-16 19:44:41,410] INFO: Epoch 182 | Step 1/196 | Loss: 0.2422 | Acc: 95.31%
[2025-06-16 19:44:55,548] INFO: Epoch 182 | Step 101/196 | Loss: 0.2634 | Acc: 94.03%
[2025-06-16 19:45:08,916] INFO: Epoch 182 training completed
[2025-06-16 19:45:10,222] INFO: Test Loss: 0.3703 | Test Acc: 89.90%
[2025-06-16 19:45:10,338] INFO: New best accuracy: 89.90%, model saved.
[2025-06-16 19:45:10,728] INFO: Epoch 183 | Step 1/196 | Loss: 0.2215 | Acc: 96.48%
[2025-06-16 19:45:24,868] INFO: Epoch 183 | Step 101/196 | Loss: 0.2525 | Acc: 94.41%
[2025-06-16 19:45:38,241] INFO: Epoch 183 training completed
[2025-06-16 19:45:39,565] INFO: Test Loss: 0.3703 | Test Acc: 90.20%
[2025-06-16 19:45:39,681] INFO: New best accuracy: 90.20%, model saved.
[2025-06-16 19:45:40,078] INFO: Epoch 184 | Step 1/196 | Loss: 0.2536 | Acc: 95.31%
[2025-06-16 19:45:54,246] INFO: Epoch 184 | Step 101/196 | Loss: 0.2462 | Acc: 94.65%
[2025-06-16 19:46:07,620] INFO: Epoch 184 training completed
[2025-06-16 19:46:08,916] INFO: Test Loss: 0.3717 | Test Acc: 89.99%
[2025-06-16 19:46:09,314] INFO: Epoch 185 | Step 1/196 | Loss: 0.2759 | Acc: 94.92%
[2025-06-16 19:46:23,451] INFO: Epoch 185 | Step 101/196 | Loss: 0.2431 | Acc: 94.72%
[2025-06-16 19:46:36,817] INFO: Epoch 185 training completed
[2025-06-16 19:46:38,108] INFO: Test Loss: 0.3686 | Test Acc: 90.31%
[2025-06-16 19:46:38,220] INFO: New best accuracy: 90.31%, model saved.
[2025-06-16 19:46:38,627] INFO: Epoch 186 | Step 1/196 | Loss: 0.2256 | Acc: 94.14%
[2025-06-16 19:46:52,831] INFO: Epoch 186 | Step 101/196 | Loss: 0.2328 | Acc: 94.97%
[2025-06-16 19:47:06,201] INFO: Epoch 186 training completed
[2025-06-16 19:47:07,548] INFO: Test Loss: 0.3660 | Test Acc: 90.15%
[2025-06-16 19:47:07,940] INFO: Epoch 187 | Step 1/196 | Loss: 0.1922 | Acc: 96.88%
[2025-06-16 19:47:22,075] INFO: Epoch 187 | Step 101/196 | Loss: 0.2250 | Acc: 95.14%
[2025-06-16 19:47:35,480] INFO: Epoch 187 training completed
[2025-06-16 19:47:36,817] INFO: Test Loss: 0.3549 | Test Acc: 90.62%
[2025-06-16 19:47:36,929] INFO: New best accuracy: 90.62%, model saved.
[2025-06-16 19:47:37,326] INFO: Epoch 188 | Step 1/196 | Loss: 0.1598 | Acc: 97.66%
[2025-06-16 19:47:51,472] INFO: Epoch 188 | Step 101/196 | Loss: 0.2204 | Acc: 95.19%
[2025-06-16 19:48:04,848] INFO: Epoch 188 training completed
[2025-06-16 19:48:06,162] INFO: Test Loss: 0.3514 | Test Acc: 90.74%
[2025-06-16 19:48:06,274] INFO: New best accuracy: 90.74%, model saved.
[2025-06-16 19:48:06,666] INFO: Epoch 189 | Step 1/196 | Loss: 0.2031 | Acc: 96.09%
[2025-06-16 19:48:20,802] INFO: Epoch 189 | Step 101/196 | Loss: 0.2129 | Acc: 95.49%
[2025-06-16 19:48:34,174] INFO: Epoch 189 training completed
[2025-06-16 19:48:35,459] INFO: Test Loss: 0.3526 | Test Acc: 90.81%
[2025-06-16 19:48:35,574] INFO: New best accuracy: 90.81%, model saved.
[2025-06-16 19:48:35,953] INFO: Epoch 190 | Step 1/196 | Loss: 0.1973 | Acc: 95.70%
[2025-06-16 19:48:50,095] INFO: Epoch 190 | Step 101/196 | Loss: 0.2073 | Acc: 95.66%
[2025-06-16 19:49:03,517] INFO: Epoch 190 training completed
[2025-06-16 19:49:04,787] INFO: Test Loss: 0.3524 | Test Acc: 90.83%
[2025-06-16 19:49:04,902] INFO: New best accuracy: 90.83%, model saved.
[2025-06-16 19:49:05,299] INFO: Epoch 191 | Step 1/196 | Loss: 0.1473 | Acc: 97.27%
[2025-06-16 19:49:19,439] INFO: Epoch 191 | Step 101/196 | Loss: 0.2024 | Acc: 95.63%
[2025-06-16 19:49:32,808] INFO: Epoch 191 training completed
[2025-06-16 19:49:34,099] INFO: Test Loss: 0.3475 | Test Acc: 90.79%
[2025-06-16 19:49:34,479] INFO: Epoch 192 | Step 1/196 | Loss: 0.1686 | Acc: 97.66%
[2025-06-16 19:49:48,618] INFO: Epoch 192 | Step 101/196 | Loss: 0.2002 | Acc: 95.70%
[2025-06-16 19:50:01,994] INFO: Epoch 192 training completed
[2025-06-16 19:50:03,334] INFO: Test Loss: 0.3485 | Test Acc: 90.90%
[2025-06-16 19:50:03,448] INFO: New best accuracy: 90.90%, model saved.
[2025-06-16 19:50:03,838] INFO: Epoch 193 | Step 1/196 | Loss: 0.1717 | Acc: 96.48%
[2025-06-16 19:50:17,972] INFO: Epoch 193 | Step 101/196 | Loss: 0.1970 | Acc: 95.88%
[2025-06-16 19:50:31,346] INFO: Epoch 193 training completed
[2025-06-16 19:50:32,688] INFO: Test Loss: 0.3490 | Test Acc: 90.85%
[2025-06-16 19:50:33,168] INFO: Epoch 194 | Step 1/196 | Loss: 0.1468 | Acc: 95.70%
[2025-06-16 19:50:47,304] INFO: Epoch 194 | Step 101/196 | Loss: 0.1910 | Acc: 96.02%
[2025-06-16 19:51:00,681] INFO: Epoch 194 training completed
[2025-06-16 19:51:02,031] INFO: Test Loss: 0.3474 | Test Acc: 90.97%
[2025-06-16 19:51:02,145] INFO: New best accuracy: 90.97%, model saved.
[2025-06-16 19:51:02,537] INFO: Epoch 195 | Step 1/196 | Loss: 0.1771 | Acc: 96.48%
[2025-06-16 19:51:16,676] INFO: Epoch 195 | Step 101/196 | Loss: 0.1870 | Acc: 96.11%
[2025-06-16 19:51:30,050] INFO: Epoch 195 training completed
[2025-06-16 19:51:31,357] INFO: Test Loss: 0.3457 | Test Acc: 90.93%
[2025-06-16 19:51:31,751] INFO: Epoch 196 | Step 1/196 | Loss: 0.1629 | Acc: 96.88%
[2025-06-16 19:51:45,888] INFO: Epoch 196 | Step 101/196 | Loss: 0.1900 | Acc: 95.76%
[2025-06-16 19:51:59,260] INFO: Epoch 196 training completed
[2025-06-16 19:52:00,602] INFO: Test Loss: 0.3464 | Test Acc: 90.97%
[2025-06-16 19:52:00,988] INFO: Epoch 197 | Step 1/196 | Loss: 0.1782 | Acc: 96.09%
[2025-06-16 19:52:15,125] INFO: Epoch 197 | Step 101/196 | Loss: 0.1870 | Acc: 96.12%
[2025-06-16 19:52:28,500] INFO: Epoch 197 training completed
[2025-06-16 19:52:29,791] INFO: Test Loss: 0.3461 | Test Acc: 91.10%
[2025-06-16 19:52:29,907] INFO: New best accuracy: 91.10%, model saved.
[2025-06-16 19:52:30,388] INFO: Epoch 198 | Step 1/196 | Loss: 0.1422 | Acc: 97.27%
[2025-06-16 19:52:44,527] INFO: Epoch 198 | Step 101/196 | Loss: 0.1854 | Acc: 96.14%
[2025-06-16 19:52:57,894] INFO: Epoch 198 training completed
[2025-06-16 19:52:59,202] INFO: Test Loss: 0.3459 | Test Acc: 91.04%
[2025-06-16 19:52:59,606] INFO: Epoch 199 | Step 1/196 | Loss: 0.1605 | Acc: 98.05%
[2025-06-16 19:53:13,743] INFO: Epoch 199 | Step 101/196 | Loss: 0.1851 | Acc: 96.33%
[2025-06-16 19:53:27,121] INFO: Epoch 199 training completed
[2025-06-16 19:53:28,425] INFO: Test Loss: 0.3457 | Test Acc: 91.06%
[2025-06-16 19:53:28,824] INFO: Epoch 200 | Step 1/196 | Loss: 0.1676 | Acc: 97.27%
[2025-06-16 19:53:42,961] INFO: Epoch 200 | Step 101/196 | Loss: 0.1829 | Acc: 96.16%
[2025-06-16 19:53:56,342] INFO: Epoch 200 training completed
[2025-06-16 19:53:57,600] INFO: Test Loss: 0.3456 | Test Acc: 91.04%
[2025-06-16 19:53:57,769] INFO: Training complete. Best Test Accuracy: 91.10%
