[2025-05-26 18:37:34,432] INFO: Using device: cuda
[2025-05-26 18:38:01,098] INFO: Epoch 1 | Step 1/196 | Loss: 7.4391 | Acc: 10.55%
[2025-05-26 18:38:16,905] INFO: Epoch 1 | Step 101/196 | Loss: 4.6199 | Acc: 10.64%
[2025-05-26 18:38:31,890] INFO: Epoch 1 training completed
[2025-05-26 18:38:56,109] INFO: Test Loss: 3.1398 | Test Acc: 14.01%
[2025-05-26 18:38:56,296] INFO: New best accuracy: 14.01%, model saved.
[2025-05-26 18:38:56,816] INFO: Epoch 2 | Step 1/196 | Loss: 3.4432 | Acc: 10.94%
[2025-05-26 18:39:12,707] INFO: Epoch 2 | Step 101/196 | Loss: 2.9041 | Acc: 14.05%
[2025-05-26 18:39:27,657] INFO: Epoch 2 training completed
[2025-05-26 18:39:29,760] INFO: Test Loss: 2.6553 | Test Acc: 17.49%
[2025-05-26 18:39:29,941] INFO: New best accuracy: 17.49%, model saved.
[2025-05-26 18:39:30,460] INFO: Epoch 3 | Step 1/196 | Loss: 2.5467 | Acc: 17.97%
[2025-05-26 18:39:46,236] INFO: Epoch 3 | Step 101/196 | Loss: 2.5194 | Acc: 19.04%
[2025-05-26 18:40:01,213] INFO: Epoch 3 training completed
[2025-05-26 18:40:03,329] INFO: Test Loss: 2.1291 | Test Acc: 24.71%
[2025-05-26 18:40:03,511] INFO: New best accuracy: 24.71%, model saved.
[2025-05-26 18:40:04,148] INFO: Epoch 4 | Step 1/196 | Loss: 2.2088 | Acc: 19.92%
[2025-05-26 18:40:19,973] INFO: Epoch 4 | Step 101/196 | Loss: 2.2151 | Acc: 24.42%
[2025-05-26 18:40:34,970] INFO: Epoch 4 training completed
[2025-05-26 18:40:37,083] INFO: Test Loss: 1.8644 | Test Acc: 31.67%
[2025-05-26 18:40:37,266] INFO: New best accuracy: 31.67%, model saved.
[2025-05-26 18:40:37,802] INFO: Epoch 5 | Step 1/196 | Loss: 1.9649 | Acc: 29.30%
[2025-05-26 18:40:53,703] INFO: Epoch 5 | Step 101/196 | Loss: 2.0611 | Acc: 29.36%
[2025-05-26 18:41:08,690] INFO: Epoch 5 training completed
[2025-05-26 18:41:10,803] INFO: Test Loss: 1.8272 | Test Acc: 34.51%
[2025-05-26 18:41:10,993] INFO: New best accuracy: 34.51%, model saved.
[2025-05-26 18:41:11,518] INFO: Epoch 6 | Step 1/196 | Loss: 1.9185 | Acc: 29.69%
[2025-05-26 18:41:27,378] INFO: Epoch 6 | Step 101/196 | Loss: 1.9592 | Acc: 31.19%
[2025-05-26 18:41:42,440] INFO: Epoch 6 training completed
[2025-05-26 18:41:44,548] INFO: Test Loss: 1.7321 | Test Acc: 37.76%
[2025-05-26 18:41:44,738] INFO: New best accuracy: 37.76%, model saved.
[2025-05-26 18:41:45,356] INFO: Epoch 7 | Step 1/196 | Loss: 1.6845 | Acc: 40.62%
[2025-05-26 18:42:01,237] INFO: Epoch 7 | Step 101/196 | Loss: 1.7956 | Acc: 35.37%
[2025-05-26 18:42:16,344] INFO: Epoch 7 training completed
[2025-05-26 18:42:18,460] INFO: Test Loss: 1.6931 | Test Acc: 42.19%
[2025-05-26 18:42:18,643] INFO: New best accuracy: 42.19%, model saved.
[2025-05-26 18:42:19,175] INFO: Epoch 8 | Step 1/196 | Loss: 1.8787 | Acc: 36.33%
[2025-05-26 18:42:35,139] INFO: Epoch 8 | Step 101/196 | Loss: 1.7034 | Acc: 39.04%
[2025-05-26 18:42:50,174] INFO: Epoch 8 training completed
[2025-05-26 18:42:52,296] INFO: Test Loss: 1.5204 | Test Acc: 44.96%
[2025-05-26 18:42:52,481] INFO: New best accuracy: 44.96%, model saved.
[2025-05-26 18:42:53,020] INFO: Epoch 9 | Step 1/196 | Loss: 1.5311 | Acc: 43.75%
[2025-05-26 18:43:08,929] INFO: Epoch 9 | Step 101/196 | Loss: 1.5833 | Acc: 42.85%
[2025-05-26 18:43:23,967] INFO: Epoch 9 training completed
[2025-05-26 18:43:26,081] INFO: Test Loss: 1.4621 | Test Acc: 47.68%
[2025-05-26 18:43:26,266] INFO: New best accuracy: 47.68%, model saved.
[2025-05-26 18:43:26,887] INFO: Epoch 10 | Step 1/196 | Loss: 1.4933 | Acc: 46.09%
[2025-05-26 18:43:42,802] INFO: Epoch 10 | Step 101/196 | Loss: 1.5238 | Acc: 45.41%
[2025-05-26 18:43:57,866] INFO: Epoch 10 training completed
[2025-05-26 18:43:59,984] INFO: Test Loss: 2.0344 | Test Acc: 48.37%
[2025-05-26 18:44:00,169] INFO: New best accuracy: 48.37%, model saved.
[2025-05-26 18:44:00,711] INFO: Epoch 11 | Step 1/196 | Loss: 1.7197 | Acc: 48.83%
[2025-05-26 18:44:16,634] INFO: Epoch 11 | Step 101/196 | Loss: 1.4582 | Acc: 47.69%
[2025-05-26 18:44:31,804] INFO: Epoch 11 training completed
[2025-05-26 18:44:33,944] INFO: Test Loss: 1.4251 | Test Acc: 50.85%
[2025-05-26 18:44:34,223] INFO: New best accuracy: 50.85%, model saved.
[2025-05-26 18:44:34,760] INFO: Epoch 12 | Step 1/196 | Loss: 1.4608 | Acc: 49.22%
[2025-05-26 18:44:50,702] INFO: Epoch 12 | Step 101/196 | Loss: 1.3743 | Acc: 50.88%
[2025-05-26 18:45:05,761] INFO: Epoch 12 training completed
[2025-05-26 18:45:07,880] INFO: Test Loss: 1.3091 | Test Acc: 52.73%
[2025-05-26 18:45:08,065] INFO: New best accuracy: 52.73%, model saved.
[2025-05-26 18:45:08,697] INFO: Epoch 13 | Step 1/196 | Loss: 1.3545 | Acc: 52.34%
[2025-05-26 18:45:24,680] INFO: Epoch 13 | Step 101/196 | Loss: 1.3131 | Acc: 53.35%
[2025-05-26 18:45:39,787] INFO: Epoch 13 training completed
[2025-05-26 18:45:41,904] INFO: Test Loss: 1.2061 | Test Acc: 56.69%
[2025-05-26 18:45:42,088] INFO: New best accuracy: 56.69%, model saved.
[2025-05-26 18:45:42,624] INFO: Epoch 14 | Step 1/196 | Loss: 1.3029 | Acc: 51.17%
[2025-05-26 18:45:58,582] INFO: Epoch 14 | Step 101/196 | Loss: 1.2456 | Acc: 55.98%
[2025-05-26 18:46:13,662] INFO: Epoch 14 training completed
[2025-05-26 18:46:15,769] INFO: Test Loss: 1.1967 | Test Acc: 59.09%
[2025-05-26 18:46:15,953] INFO: New best accuracy: 59.09%, model saved.
[2025-05-26 18:46:16,583] INFO: Epoch 15 | Step 1/196 | Loss: 1.2939 | Acc: 50.39%
[2025-05-26 18:46:32,546] INFO: Epoch 15 | Step 101/196 | Loss: 1.1851 | Acc: 57.59%
[2025-05-26 18:46:47,630] INFO: Epoch 15 training completed
[2025-05-26 18:46:49,757] INFO: Test Loss: 1.0973 | Test Acc: 60.92%
[2025-05-26 18:46:49,942] INFO: New best accuracy: 60.92%, model saved.
[2025-05-26 18:46:50,486] INFO: Epoch 16 | Step 1/196 | Loss: 1.3796 | Acc: 52.73%
[2025-05-26 18:47:06,429] INFO: Epoch 16 | Step 101/196 | Loss: 1.1178 | Acc: 60.14%
[2025-05-26 18:47:21,518] INFO: Epoch 16 training completed
[2025-05-26 18:47:23,630] INFO: Test Loss: 1.0787 | Test Acc: 61.57%
[2025-05-26 18:47:23,911] INFO: New best accuracy: 61.57%, model saved.
[2025-05-26 18:47:24,439] INFO: Epoch 17 | Step 1/196 | Loss: 1.1156 | Acc: 58.59%
[2025-05-26 18:47:40,401] INFO: Epoch 17 | Step 101/196 | Loss: 1.0602 | Acc: 62.16%
[2025-05-26 18:47:56,335] INFO: Epoch 17 training completed
[2025-05-26 18:47:58,499] INFO: Test Loss: 1.1028 | Test Acc: 60.94%
[2025-05-26 18:47:59,068] INFO: Epoch 18 | Step 1/196 | Loss: 0.9229 | Acc: 66.80%
[2025-05-26 18:48:16,383] INFO: Epoch 18 | Step 101/196 | Loss: 1.0126 | Acc: 64.04%
[2025-05-26 18:48:32,532] INFO: Epoch 18 training completed
[2025-05-26 18:48:34,685] INFO: Test Loss: 0.9809 | Test Acc: 65.22%
[2025-05-26 18:48:34,881] INFO: New best accuracy: 65.22%, model saved.
[2025-05-26 18:48:35,458] INFO: Epoch 19 | Step 1/196 | Loss: 0.8832 | Acc: 68.36%
[2025-05-26 18:48:52,876] INFO: Epoch 19 | Step 101/196 | Loss: 0.9557 | Acc: 66.12%
[2025-05-26 18:49:09,413] INFO: Epoch 19 training completed
[2025-05-26 18:49:11,576] INFO: Test Loss: 0.9601 | Test Acc: 65.95%
[2025-05-26 18:49:11,769] INFO: New best accuracy: 65.95%, model saved.
[2025-05-26 18:49:12,346] INFO: Epoch 20 | Step 1/196 | Loss: 0.8199 | Acc: 70.31%
[2025-05-26 18:49:29,711] INFO: Epoch 20 | Step 101/196 | Loss: 0.9089 | Acc: 67.72%
[2025-05-26 18:49:45,831] INFO: Epoch 20 training completed
[2025-05-26 18:49:47,987] INFO: Test Loss: 0.9005 | Test Acc: 68.54%
[2025-05-26 18:49:48,179] INFO: New best accuracy: 68.54%, model saved.
[2025-05-26 18:49:48,845] INFO: Epoch 21 | Step 1/196 | Loss: 0.8113 | Acc: 73.05%
[2025-05-26 18:50:06,209] INFO: Epoch 21 | Step 101/196 | Loss: 0.8568 | Acc: 69.64%
[2025-05-26 18:50:22,478] INFO: Epoch 21 training completed
[2025-05-26 18:50:24,655] INFO: Test Loss: 0.8426 | Test Acc: 70.57%
[2025-05-26 18:50:24,849] INFO: New best accuracy: 70.57%, model saved.
[2025-05-26 18:50:25,411] INFO: Epoch 22 | Step 1/196 | Loss: 0.8302 | Acc: 70.31%
[2025-05-26 18:50:42,792] INFO: Epoch 22 | Step 101/196 | Loss: 0.8267 | Acc: 70.66%
[2025-05-26 18:50:59,013] INFO: Epoch 22 training completed
[2025-05-26 18:51:01,197] INFO: Test Loss: 0.8918 | Test Acc: 68.75%
[2025-05-26 18:51:01,780] INFO: Epoch 23 | Step 1/196 | Loss: 0.7821 | Acc: 73.05%
[2025-05-26 18:51:19,229] INFO: Epoch 23 | Step 101/196 | Loss: 0.7915 | Acc: 72.33%
[2025-05-26 18:51:35,703] INFO: Epoch 23 training completed
[2025-05-26 18:51:37,843] INFO: Test Loss: 0.8587 | Test Acc: 70.47%
[2025-05-26 18:51:38,415] INFO: Epoch 24 | Step 1/196 | Loss: 0.6817 | Acc: 74.61%
[2025-05-26 18:51:55,509] INFO: Epoch 24 | Step 101/196 | Loss: 0.7528 | Acc: 73.39%
[2025-05-26 18:52:11,727] INFO: Epoch 24 training completed
[2025-05-26 18:52:13,888] INFO: Test Loss: 0.8475 | Test Acc: 70.42%
[2025-05-26 18:52:14,473] INFO: Epoch 25 | Step 1/196 | Loss: 0.7519 | Acc: 72.27%
[2025-05-26 18:52:31,861] INFO: Epoch 25 | Step 101/196 | Loss: 0.7204 | Acc: 74.75%
[2025-05-26 18:52:48,122] INFO: Epoch 25 training completed
[2025-05-26 18:52:50,347] INFO: Test Loss: 0.8561 | Test Acc: 70.13%
[2025-05-26 18:52:50,952] INFO: Epoch 26 | Step 1/196 | Loss: 0.6971 | Acc: 71.88%
[2025-05-26 18:53:08,270] INFO: Epoch 26 | Step 101/196 | Loss: 0.6960 | Acc: 75.15%
[2025-05-26 18:53:24,463] INFO: Epoch 26 training completed
[2025-05-26 18:53:26,617] INFO: Test Loss: 0.9492 | Test Acc: 73.20%
[2025-05-26 18:53:26,898] INFO: New best accuracy: 73.20%, model saved.
[2025-05-26 18:53:27,452] INFO: Epoch 27 | Step 1/196 | Loss: 0.7060 | Acc: 73.05%
[2025-05-26 18:53:44,816] INFO: Epoch 27 | Step 101/196 | Loss: 0.6761 | Acc: 76.20%
[2025-05-26 18:54:00,933] INFO: Epoch 27 training completed
[2025-05-26 18:54:03,079] INFO: Test Loss: 0.9220 | Test Acc: 72.01%
[2025-05-26 18:54:03,636] INFO: Epoch 28 | Step 1/196 | Loss: 0.6708 | Acc: 77.34%
[2025-05-26 18:54:20,827] INFO: Epoch 28 | Step 101/196 | Loss: 0.6480 | Acc: 77.52%
[2025-05-26 18:54:36,991] INFO: Epoch 28 training completed
[2025-05-26 18:54:39,141] INFO: Test Loss: 0.8124 | Test Acc: 71.75%
[2025-05-26 18:54:39,732] INFO: Epoch 29 | Step 1/196 | Loss: 0.6634 | Acc: 79.30%
[2025-05-26 18:54:56,907] INFO: Epoch 29 | Step 101/196 | Loss: 0.6516 | Acc: 77.23%
[2025-05-26 18:55:13,062] INFO: Epoch 29 training completed
[2025-05-26 18:55:15,219] INFO: Test Loss: 0.9432 | Test Acc: 67.42%
[2025-05-26 18:55:15,859] INFO: Epoch 30 | Step 1/196 | Loss: 0.5865 | Acc: 80.47%
[2025-05-26 18:55:33,060] INFO: Epoch 30 | Step 101/196 | Loss: 0.6290 | Acc: 78.22%
[2025-05-26 18:55:49,273] INFO: Epoch 30 training completed
[2025-05-26 18:55:51,419] INFO: Test Loss: 0.9574 | Test Acc: 67.11%
[2025-05-26 18:55:52,009] INFO: Epoch 31 | Step 1/196 | Loss: 0.6121 | Acc: 80.86%
[2025-05-26 18:56:09,268] INFO: Epoch 31 | Step 101/196 | Loss: 0.5888 | Acc: 79.85%
[2025-05-26 18:56:25,505] INFO: Epoch 31 training completed
[2025-05-26 18:56:27,693] INFO: Test Loss: 0.7342 | Test Acc: 75.25%
[2025-05-26 18:56:27,887] INFO: New best accuracy: 75.25%, model saved.
[2025-05-26 18:56:28,455] INFO: Epoch 32 | Step 1/196 | Loss: 0.6695 | Acc: 77.34%
[2025-05-26 18:56:45,615] INFO: Epoch 32 | Step 101/196 | Loss: 0.5867 | Acc: 80.09%
[2025-05-26 18:57:01,770] INFO: Epoch 32 training completed
[2025-05-26 18:57:03,927] INFO: Test Loss: 0.6964 | Test Acc: 76.63%
[2025-05-26 18:57:04,120] INFO: New best accuracy: 76.63%, model saved.
[2025-05-26 18:57:04,776] INFO: Epoch 33 | Step 1/196 | Loss: 0.6239 | Acc: 77.34%
[2025-05-26 18:57:21,883] INFO: Epoch 33 | Step 101/196 | Loss: 0.5858 | Acc: 79.92%
[2025-05-26 18:57:37,959] INFO: Epoch 33 training completed
[2025-05-26 18:57:40,101] INFO: Test Loss: 0.6826 | Test Acc: 77.08%
[2025-05-26 18:57:40,293] INFO: New best accuracy: 77.08%, model saved.
[2025-05-26 18:57:40,851] INFO: Epoch 34 | Step 1/196 | Loss: 0.5462 | Acc: 78.91%
[2025-05-26 18:57:58,120] INFO: Epoch 34 | Step 101/196 | Loss: 0.5762 | Acc: 80.53%
[2025-05-26 18:58:14,314] INFO: Epoch 34 training completed
[2025-05-26 18:58:16,443] INFO: Test Loss: 0.6862 | Test Acc: 76.93%
[2025-05-26 18:58:17,018] INFO: Epoch 35 | Step 1/196 | Loss: 0.6109 | Acc: 79.30%
[2025-05-26 18:58:34,144] INFO: Epoch 35 | Step 101/196 | Loss: 0.5769 | Acc: 80.52%
[2025-05-26 18:58:50,373] INFO: Epoch 35 training completed
[2025-05-26 18:58:52,530] INFO: Test Loss: 0.7542 | Test Acc: 74.37%
[2025-05-26 18:58:53,110] INFO: Epoch 36 | Step 1/196 | Loss: 0.5505 | Acc: 79.30%
[2025-05-26 18:59:10,281] INFO: Epoch 36 | Step 101/196 | Loss: 0.5626 | Acc: 81.29%
[2025-05-26 18:59:26,298] INFO: Epoch 36 training completed
[2025-05-26 18:59:28,463] INFO: Test Loss: 0.7743 | Test Acc: 73.84%
[2025-05-26 18:59:29,034] INFO: Epoch 37 | Step 1/196 | Loss: 0.4763 | Acc: 83.20%
[2025-05-26 18:59:46,436] INFO: Epoch 37 | Step 101/196 | Loss: 0.5718 | Acc: 80.91%
[2025-05-26 19:00:02,678] INFO: Epoch 37 training completed
[2025-05-26 19:00:04,841] INFO: Test Loss: 0.6101 | Test Acc: 79.59%
[2025-05-26 19:00:05,032] INFO: New best accuracy: 79.59%, model saved.
[2025-05-26 19:00:05,596] INFO: Epoch 38 | Step 1/196 | Loss: 0.5937 | Acc: 78.91%
[2025-05-26 19:00:22,890] INFO: Epoch 38 | Step 101/196 | Loss: 0.5541 | Acc: 81.54%
[2025-05-26 19:00:39,076] INFO: Epoch 38 training completed
[2025-05-26 19:00:41,246] INFO: Test Loss: 0.6481 | Test Acc: 78.11%
[2025-05-26 19:00:41,809] INFO: Epoch 39 | Step 1/196 | Loss: 0.6740 | Acc: 78.91%
[2025-05-26 19:00:58,900] INFO: Epoch 39 | Step 101/196 | Loss: 0.5556 | Acc: 81.79%
[2025-05-26 19:01:15,127] INFO: Epoch 39 training completed
[2025-05-26 19:01:17,240] INFO: Test Loss: 0.7551 | Test Acc: 74.45%
[2025-05-26 19:01:17,918] INFO: Epoch 40 | Step 1/196 | Loss: 0.5535 | Acc: 80.47%
[2025-05-26 19:01:35,179] INFO: Epoch 40 | Step 101/196 | Loss: 0.5616 | Acc: 81.16%
[2025-05-26 19:01:51,265] INFO: Epoch 40 training completed
[2025-05-26 19:01:53,427] INFO: Test Loss: 0.7520 | Test Acc: 75.09%
[2025-05-26 19:01:54,008] INFO: Epoch 41 | Step 1/196 | Loss: 0.5772 | Acc: 80.08%
[2025-05-26 19:02:11,150] INFO: Epoch 41 | Step 101/196 | Loss: 0.5513 | Acc: 81.76%
[2025-05-26 19:02:27,301] INFO: Epoch 41 training completed
[2025-05-26 19:02:29,453] INFO: Test Loss: 0.6194 | Test Acc: 79.31%
[2025-05-26 19:02:30,037] INFO: Epoch 42 | Step 1/196 | Loss: 0.5732 | Acc: 83.20%
[2025-05-26 19:02:47,355] INFO: Epoch 42 | Step 101/196 | Loss: 0.5569 | Acc: 81.85%
[2025-05-26 19:03:03,579] INFO: Epoch 42 training completed
[2025-05-26 19:03:05,737] INFO: Test Loss: 0.7015 | Test Acc: 76.19%
[2025-05-26 19:03:06,322] INFO: Epoch 43 | Step 1/196 | Loss: 0.5780 | Acc: 81.25%
[2025-05-26 19:03:23,561] INFO: Epoch 43 | Step 101/196 | Loss: 0.5461 | Acc: 82.03%
[2025-05-26 19:03:39,602] INFO: Epoch 43 training completed
[2025-05-26 19:03:41,736] INFO: Test Loss: 0.7589 | Test Acc: 74.65%
[2025-05-26 19:03:42,322] INFO: Epoch 44 | Step 1/196 | Loss: 0.5612 | Acc: 81.64%
[2025-05-26 19:03:59,463] INFO: Epoch 44 | Step 101/196 | Loss: 0.5478 | Acc: 82.18%
[2025-05-26 19:04:15,580] INFO: Epoch 44 training completed
[2025-05-26 19:04:17,751] INFO: Test Loss: 0.7925 | Test Acc: 73.52%
[2025-05-26 19:04:18,331] INFO: Epoch 45 | Step 1/196 | Loss: 0.5267 | Acc: 81.25%
[2025-05-26 19:04:35,613] INFO: Epoch 45 | Step 101/196 | Loss: 0.5601 | Acc: 81.41%
[2025-05-26 19:04:51,775] INFO: Epoch 45 training completed
[2025-05-26 19:04:53,956] INFO: Test Loss: 0.6600 | Test Acc: 78.36%
[2025-05-26 19:04:54,624] INFO: Epoch 46 | Step 1/196 | Loss: 0.6014 | Acc: 81.25%
[2025-05-26 19:05:11,926] INFO: Epoch 46 | Step 101/196 | Loss: 0.5613 | Acc: 81.61%
[2025-05-26 19:05:27,959] INFO: Epoch 46 training completed
[2025-05-26 19:05:30,151] INFO: Test Loss: 0.6599 | Test Acc: 78.31%
[2025-05-26 19:05:30,742] INFO: Epoch 47 | Step 1/196 | Loss: 0.4604 | Acc: 84.38%
[2025-05-26 19:05:47,929] INFO: Epoch 47 | Step 101/196 | Loss: 0.5584 | Acc: 81.96%
[2025-05-26 19:06:04,002] INFO: Epoch 47 training completed
[2025-05-26 19:06:06,147] INFO: Test Loss: 0.8778 | Test Acc: 71.35%
[2025-05-26 19:06:06,726] INFO: Epoch 48 | Step 1/196 | Loss: 0.6636 | Acc: 78.12%
[2025-05-26 19:06:23,894] INFO: Epoch 48 | Step 101/196 | Loss: 0.5639 | Acc: 81.45%
[2025-05-26 19:06:40,080] INFO: Epoch 48 training completed
[2025-05-26 19:06:42,241] INFO: Test Loss: 0.8726 | Test Acc: 70.30%
[2025-05-26 19:06:42,808] INFO: Epoch 49 | Step 1/196 | Loss: 0.5241 | Acc: 83.20%
[2025-05-26 19:07:00,104] INFO: Epoch 49 | Step 101/196 | Loss: 0.5539 | Acc: 81.82%
[2025-05-26 19:07:16,362] INFO: Epoch 49 training completed
[2025-05-26 19:07:18,520] INFO: Test Loss: 0.7462 | Test Acc: 74.95%
[2025-05-26 19:07:19,106] INFO: Epoch 50 | Step 1/196 | Loss: 0.6233 | Acc: 79.69%
[2025-05-26 19:07:36,323] INFO: Epoch 50 | Step 101/196 | Loss: 0.5514 | Acc: 82.11%
[2025-05-26 19:07:52,615] INFO: Epoch 50 training completed
[2025-05-26 19:07:54,766] INFO: Test Loss: 0.9988 | Test Acc: 66.79%
[2025-05-26 19:07:55,423] INFO: Epoch 51 | Step 1/196 | Loss: 0.6375 | Acc: 79.69%
[2025-05-26 19:08:12,632] INFO: Epoch 51 | Step 101/196 | Loss: 0.5509 | Acc: 82.04%
[2025-05-26 19:08:28,954] INFO: Epoch 51 training completed
[2025-05-26 19:08:31,093] INFO: Test Loss: 1.0491 | Test Acc: 66.67%
[2025-05-26 19:08:31,668] INFO: Epoch 52 | Step 1/196 | Loss: 0.5552 | Acc: 84.77%
[2025-05-26 19:08:48,914] INFO: Epoch 52 | Step 101/196 | Loss: 0.5647 | Acc: 81.59%
[2025-05-26 19:09:05,017] INFO: Epoch 52 training completed
[2025-05-26 19:09:07,157] INFO: Test Loss: 0.7660 | Test Acc: 74.60%
[2025-05-26 19:09:07,733] INFO: Epoch 53 | Step 1/196 | Loss: 0.5683 | Acc: 81.25%
[2025-05-26 19:09:25,096] INFO: Epoch 53 | Step 101/196 | Loss: 0.5500 | Acc: 82.19%
[2025-05-26 19:09:41,127] INFO: Epoch 53 training completed
[2025-05-26 19:09:43,295] INFO: Test Loss: 1.2101 | Test Acc: 63.43%
[2025-05-26 19:09:43,965] INFO: Epoch 54 | Step 1/196 | Loss: 0.4611 | Acc: 85.94%
[2025-05-26 19:10:01,154] INFO: Epoch 54 | Step 101/196 | Loss: 0.5562 | Acc: 81.77%
[2025-05-26 19:10:17,242] INFO: Epoch 54 training completed
[2025-05-26 19:10:19,399] INFO: Test Loss: 0.8395 | Test Acc: 72.63%
[2025-05-26 19:10:19,967] INFO: Epoch 55 | Step 1/196 | Loss: 0.4271 | Acc: 87.50%
[2025-05-26 19:10:37,279] INFO: Epoch 55 | Step 101/196 | Loss: 0.5644 | Acc: 81.51%
[2025-05-26 19:10:53,558] INFO: Epoch 55 training completed
[2025-05-26 19:10:55,736] INFO: Test Loss: 1.3794 | Test Acc: 58.84%
[2025-05-26 19:10:56,312] INFO: Epoch 56 | Step 1/196 | Loss: 0.6550 | Acc: 80.08%
[2025-05-26 19:11:13,543] INFO: Epoch 56 | Step 101/196 | Loss: 0.5649 | Acc: 81.69%
[2025-05-26 19:11:29,709] INFO: Epoch 56 training completed
[2025-05-26 19:11:31,831] INFO: Test Loss: 0.7006 | Test Acc: 76.27%
[2025-05-26 19:11:32,412] INFO: Epoch 57 | Step 1/196 | Loss: 0.5406 | Acc: 82.42%
[2025-05-26 19:11:49,520] INFO: Epoch 57 | Step 101/196 | Loss: 0.5653 | Acc: 81.24%
[2025-05-26 19:12:05,841] INFO: Epoch 57 training completed
[2025-05-26 19:12:07,990] INFO: Test Loss: 0.7021 | Test Acc: 76.49%
[2025-05-26 19:12:08,571] INFO: Epoch 58 | Step 1/196 | Loss: 0.4776 | Acc: 85.16%
[2025-05-26 19:12:25,742] INFO: Epoch 58 | Step 101/196 | Loss: 0.5616 | Acc: 81.53%
[2025-05-26 19:12:41,942] INFO: Epoch 58 training completed
[2025-05-26 19:12:44,138] INFO: Test Loss: 0.8144 | Test Acc: 71.89%
[2025-05-26 19:12:44,828] INFO: Epoch 59 | Step 1/196 | Loss: 0.5531 | Acc: 82.42%
[2025-05-26 19:13:02,186] INFO: Epoch 59 | Step 101/196 | Loss: 0.5559 | Acc: 81.60%
[2025-05-26 19:13:18,296] INFO: Epoch 59 training completed
[2025-05-26 19:13:20,434] INFO: Test Loss: 0.8566 | Test Acc: 71.35%
[2025-05-26 19:13:20,990] INFO: Epoch 60 | Step 1/196 | Loss: 0.6363 | Acc: 77.73%
[2025-05-26 19:13:38,175] INFO: Epoch 60 | Step 101/196 | Loss: 0.5613 | Acc: 81.64%
[2025-05-26 19:13:54,393] INFO: Epoch 60 training completed
[2025-05-26 19:13:56,550] INFO: Test Loss: 0.6948 | Test Acc: 76.87%
[2025-05-26 19:13:57,124] INFO: Epoch 61 | Step 1/196 | Loss: 0.5300 | Acc: 83.20%
[2025-05-26 19:14:14,497] INFO: Epoch 61 | Step 101/196 | Loss: 0.5577 | Acc: 81.64%
[2025-05-26 19:14:30,650] INFO: Epoch 61 training completed
[2025-05-26 19:14:32,804] INFO: Test Loss: 0.7962 | Test Acc: 73.67%
[2025-05-26 19:14:33,382] INFO: Epoch 62 | Step 1/196 | Loss: 0.5364 | Acc: 81.25%
[2025-05-26 19:14:50,632] INFO: Epoch 62 | Step 101/196 | Loss: 0.5621 | Acc: 81.32%
[2025-05-26 19:15:06,717] INFO: Epoch 62 training completed
[2025-05-26 19:15:08,892] INFO: Test Loss: 0.7175 | Test Acc: 75.89%
[2025-05-26 19:15:09,462] INFO: Epoch 63 | Step 1/196 | Loss: 0.4955 | Acc: 82.81%
[2025-05-26 19:15:26,676] INFO: Epoch 63 | Step 101/196 | Loss: 0.5578 | Acc: 81.71%
[2025-05-26 19:15:42,924] INFO: Epoch 63 training completed
[2025-05-26 19:15:45,047] INFO: Test Loss: 0.9670 | Test Acc: 68.24%
[2025-05-26 19:15:45,627] INFO: Epoch 64 | Step 1/196 | Loss: 0.4411 | Acc: 86.33%
[2025-05-26 19:16:02,775] INFO: Epoch 64 | Step 101/196 | Loss: 0.5586 | Acc: 81.90%
[2025-05-26 19:16:18,960] INFO: Epoch 64 training completed
[2025-05-26 19:16:21,159] INFO: Test Loss: 0.9704 | Test Acc: 67.25%
[2025-05-26 19:16:21,752] INFO: Epoch 65 | Step 1/196 | Loss: 0.5781 | Acc: 82.03%
[2025-05-26 19:16:38,980] INFO: Epoch 65 | Step 101/196 | Loss: 0.5613 | Acc: 81.75%
[2025-05-26 19:16:55,072] INFO: Epoch 65 training completed
[2025-05-26 19:16:57,248] INFO: Test Loss: 0.9069 | Test Acc: 69.62%
[2025-05-26 19:16:57,812] INFO: Epoch 66 | Step 1/196 | Loss: 0.5335 | Acc: 82.03%
[2025-05-26 19:17:15,064] INFO: Epoch 66 | Step 101/196 | Loss: 0.5487 | Acc: 81.89%
[2025-05-26 19:17:31,184] INFO: Epoch 66 training completed
[2025-05-26 19:17:33,319] INFO: Test Loss: 1.0196 | Test Acc: 65.33%
[2025-05-26 19:17:33,897] INFO: Epoch 67 | Step 1/196 | Loss: 0.5966 | Acc: 78.12%
[2025-05-26 19:17:51,305] INFO: Epoch 67 | Step 101/196 | Loss: 0.5557 | Acc: 81.68%
[2025-05-26 19:18:07,541] INFO: Epoch 67 training completed
[2025-05-26 19:18:09,685] INFO: Test Loss: 1.0297 | Test Acc: 66.40%
[2025-05-26 19:18:10,257] INFO: Epoch 68 | Step 1/196 | Loss: 0.5969 | Acc: 81.25%
[2025-05-26 19:18:27,662] INFO: Epoch 68 | Step 101/196 | Loss: 0.5599 | Acc: 81.58%
[2025-05-26 19:18:43,996] INFO: Epoch 68 training completed
[2025-05-26 19:18:46,135] INFO: Test Loss: 0.7547 | Test Acc: 74.12%
[2025-05-26 19:18:46,709] INFO: Epoch 69 | Step 1/196 | Loss: 0.6026 | Acc: 82.42%
[2025-05-26 19:19:03,852] INFO: Epoch 69 | Step 101/196 | Loss: 0.5495 | Acc: 81.97%
[2025-05-26 19:19:20,034] INFO: Epoch 69 training completed
[2025-05-26 19:19:22,168] INFO: Test Loss: 0.6735 | Test Acc: 77.27%
[2025-05-26 19:19:22,750] INFO: Epoch 70 | Step 1/196 | Loss: 0.5217 | Acc: 83.20%
[2025-05-26 19:19:40,005] INFO: Epoch 70 | Step 101/196 | Loss: 0.5538 | Acc: 81.81%
[2025-05-26 19:19:56,247] INFO: Epoch 70 training completed
[2025-05-26 19:19:58,387] INFO: Test Loss: 0.9722 | Test Acc: 70.22%
[2025-05-26 19:19:58,965] INFO: Epoch 71 | Step 1/196 | Loss: 0.5040 | Acc: 83.59%
[2025-05-26 19:20:16,298] INFO: Epoch 71 | Step 101/196 | Loss: 0.5513 | Acc: 82.03%
[2025-05-26 19:20:32,407] INFO: Epoch 71 training completed
[2025-05-26 19:20:34,558] INFO: Test Loss: 0.9932 | Test Acc: 67.62%
[2025-05-26 19:20:35,140] INFO: Epoch 72 | Step 1/196 | Loss: 0.5952 | Acc: 79.30%
[2025-05-26 19:20:52,293] INFO: Epoch 72 | Step 101/196 | Loss: 0.5558 | Acc: 81.64%
[2025-05-26 19:21:08,462] INFO: Epoch 72 training completed
[2025-05-26 19:21:10,617] INFO: Test Loss: 0.7294 | Test Acc: 75.97%
[2025-05-26 19:21:11,294] INFO: Epoch 73 | Step 1/196 | Loss: 0.5511 | Acc: 83.20%
[2025-05-26 19:21:28,551] INFO: Epoch 73 | Step 101/196 | Loss: 0.5538 | Acc: 81.87%
[2025-05-26 19:21:44,765] INFO: Epoch 73 training completed
[2025-05-26 19:21:46,891] INFO: Test Loss: 0.7588 | Test Acc: 74.75%
[2025-05-26 19:21:47,452] INFO: Epoch 74 | Step 1/196 | Loss: 0.6315 | Acc: 76.95%
[2025-05-26 19:22:04,656] INFO: Epoch 74 | Step 101/196 | Loss: 0.5486 | Acc: 82.13%
[2025-05-26 19:22:20,846] INFO: Epoch 74 training completed
[2025-05-26 19:22:22,977] INFO: Test Loss: 0.9769 | Test Acc: 67.81%
[2025-05-26 19:22:23,544] INFO: Epoch 75 | Step 1/196 | Loss: 0.6051 | Acc: 78.12%
[2025-05-26 19:22:41,043] INFO: Epoch 75 | Step 101/196 | Loss: 0.5480 | Acc: 82.18%
[2025-05-26 19:22:57,167] INFO: Epoch 75 training completed
[2025-05-26 19:22:59,304] INFO: Test Loss: 0.6860 | Test Acc: 76.84%
[2025-05-26 19:22:59,900] INFO: Epoch 76 | Step 1/196 | Loss: 0.5987 | Acc: 79.69%
[2025-05-26 19:23:17,109] INFO: Epoch 76 | Step 101/196 | Loss: 0.5534 | Acc: 81.52%
[2025-05-26 19:23:33,322] INFO: Epoch 76 training completed
[2025-05-26 19:23:35,470] INFO: Test Loss: 0.9336 | Test Acc: 69.28%
[2025-05-26 19:23:36,051] INFO: Epoch 77 | Step 1/196 | Loss: 0.4478 | Acc: 83.98%
[2025-05-26 19:23:53,157] INFO: Epoch 77 | Step 101/196 | Loss: 0.5412 | Acc: 82.19%
[2025-05-26 19:24:09,423] INFO: Epoch 77 training completed
[2025-05-26 19:24:11,559] INFO: Test Loss: 0.8881 | Test Acc: 70.09%
[2025-05-26 19:24:12,134] INFO: Epoch 78 | Step 1/196 | Loss: 0.5165 | Acc: 82.81%
[2025-05-26 19:24:29,319] INFO: Epoch 78 | Step 101/196 | Loss: 0.5452 | Acc: 81.91%
[2025-05-26 19:24:45,447] INFO: Epoch 78 training completed
[2025-05-26 19:24:47,611] INFO: Test Loss: 0.8647 | Test Acc: 70.87%
[2025-05-26 19:24:48,188] INFO: Epoch 79 | Step 1/196 | Loss: 0.5767 | Acc: 83.20%
[2025-05-26 19:25:05,438] INFO: Epoch 79 | Step 101/196 | Loss: 0.5368 | Acc: 82.54%
[2025-05-26 19:25:21,488] INFO: Epoch 79 training completed
[2025-05-26 19:25:23,640] INFO: Test Loss: 0.6960 | Test Acc: 76.97%
[2025-05-26 19:25:24,210] INFO: Epoch 80 | Step 1/196 | Loss: 0.4826 | Acc: 83.20%
[2025-05-26 19:25:41,449] INFO: Epoch 80 | Step 101/196 | Loss: 0.5347 | Acc: 82.58%
[2025-05-26 19:25:57,551] INFO: Epoch 80 training completed
[2025-05-26 19:25:59,758] INFO: Test Loss: 0.8587 | Test Acc: 71.38%
[2025-05-26 19:26:00,424] INFO: Epoch 81 | Step 1/196 | Loss: 0.5777 | Acc: 78.91%
[2025-05-26 19:26:17,593] INFO: Epoch 81 | Step 101/196 | Loss: 0.5472 | Acc: 81.91%
[2025-05-26 19:26:33,861] INFO: Epoch 81 training completed
[2025-05-26 19:26:36,001] INFO: Test Loss: 0.6884 | Test Acc: 77.30%
[2025-05-26 19:26:36,576] INFO: Epoch 82 | Step 1/196 | Loss: 0.4508 | Acc: 86.72%
[2025-05-26 19:26:53,754] INFO: Epoch 82 | Step 101/196 | Loss: 0.5354 | Acc: 82.20%
[2025-05-26 19:27:09,880] INFO: Epoch 82 training completed
[2025-05-26 19:27:12,039] INFO: Test Loss: 0.7765 | Test Acc: 73.82%
[2025-05-26 19:27:12,623] INFO: Epoch 83 | Step 1/196 | Loss: 0.5420 | Acc: 82.42%
[2025-05-26 19:27:29,919] INFO: Epoch 83 | Step 101/196 | Loss: 0.5387 | Acc: 82.41%
[2025-05-26 19:27:46,027] INFO: Epoch 83 training completed
[2025-05-26 19:27:48,194] INFO: Test Loss: 0.7738 | Test Acc: 73.85%
[2025-05-26 19:27:48,865] INFO: Epoch 84 | Step 1/196 | Loss: 0.5305 | Acc: 82.03%
[2025-05-26 19:28:06,014] INFO: Epoch 84 | Step 101/196 | Loss: 0.5410 | Acc: 82.32%
[2025-05-26 19:28:22,199] INFO: Epoch 84 training completed
[2025-05-26 19:28:24,362] INFO: Test Loss: 1.4250 | Test Acc: 55.60%
[2025-05-26 19:28:24,945] INFO: Epoch 85 | Step 1/196 | Loss: 0.5149 | Acc: 83.59%
[2025-05-26 19:28:41,976] INFO: Epoch 85 | Step 101/196 | Loss: 0.5284 | Acc: 82.63%
[2025-05-26 19:28:58,202] INFO: Epoch 85 training completed
[2025-05-26 19:29:00,369] INFO: Test Loss: 0.7989 | Test Acc: 73.28%
[2025-05-26 19:29:00,950] INFO: Epoch 86 | Step 1/196 | Loss: 0.5742 | Acc: 80.47%
[2025-05-26 19:29:18,142] INFO: Epoch 86 | Step 101/196 | Loss: 0.5328 | Acc: 82.53%
[2025-05-26 19:29:34,341] INFO: Epoch 86 training completed
[2025-05-26 19:29:36,479] INFO: Test Loss: 0.7384 | Test Acc: 75.45%
[2025-05-26 19:29:37,060] INFO: Epoch 87 | Step 1/196 | Loss: 0.5188 | Acc: 83.20%
[2025-05-26 19:29:54,328] INFO: Epoch 87 | Step 101/196 | Loss: 0.5194 | Acc: 83.00%
[2025-05-26 19:30:10,458] INFO: Epoch 87 training completed
[2025-05-26 19:30:12,626] INFO: Test Loss: 0.8744 | Test Acc: 72.33%
[2025-05-26 19:30:13,199] INFO: Epoch 88 | Step 1/196 | Loss: 0.5458 | Acc: 80.47%
[2025-05-26 19:30:30,526] INFO: Epoch 88 | Step 101/196 | Loss: 0.5299 | Acc: 82.42%
[2025-05-26 19:30:46,656] INFO: Epoch 88 training completed
[2025-05-26 19:30:48,830] INFO: Test Loss: 0.7793 | Test Acc: 74.46%
[2025-05-26 19:30:49,510] INFO: Epoch 89 | Step 1/196 | Loss: 0.5379 | Acc: 82.42%
[2025-05-26 19:31:06,615] INFO: Epoch 89 | Step 101/196 | Loss: 0.5337 | Acc: 82.68%
[2025-05-26 19:31:22,783] INFO: Epoch 89 training completed
[2025-05-26 19:31:24,933] INFO: Test Loss: 1.1791 | Test Acc: 61.73%
[2025-05-26 19:31:25,509] INFO: Epoch 90 | Step 1/196 | Loss: 0.5075 | Acc: 82.81%
[2025-05-26 19:31:42,689] INFO: Epoch 90 | Step 101/196 | Loss: 0.5316 | Acc: 82.63%
[2025-05-26 19:31:58,874] INFO: Epoch 90 training completed
[2025-05-26 19:32:01,007] INFO: Test Loss: 0.6959 | Test Acc: 76.82%
[2025-05-26 19:32:01,577] INFO: Epoch 91 | Step 1/196 | Loss: 0.5054 | Acc: 84.38%
[2025-05-26 19:32:18,857] INFO: Epoch 91 | Step 101/196 | Loss: 0.5286 | Acc: 82.75%
[2025-05-26 19:32:34,959] INFO: Epoch 91 training completed
[2025-05-26 19:32:37,088] INFO: Test Loss: 0.8489 | Test Acc: 71.44%
[2025-05-26 19:32:37,746] INFO: Epoch 92 | Step 1/196 | Loss: 0.5449 | Acc: 80.08%
[2025-05-26 19:32:54,861] INFO: Epoch 92 | Step 101/196 | Loss: 0.5214 | Acc: 82.79%
[2025-05-26 19:33:10,909] INFO: Epoch 92 training completed
[2025-05-26 19:33:13,059] INFO: Test Loss: 0.8581 | Test Acc: 72.26%
[2025-05-26 19:33:13,655] INFO: Epoch 93 | Step 1/196 | Loss: 0.5425 | Acc: 81.64%
[2025-05-26 19:33:30,980] INFO: Epoch 93 | Step 101/196 | Loss: 0.5148 | Acc: 83.10%
[2025-05-26 19:33:47,332] INFO: Epoch 93 training completed
[2025-05-26 19:33:49,474] INFO: Test Loss: 0.8147 | Test Acc: 72.85%
[2025-05-26 19:33:50,054] INFO: Epoch 94 | Step 1/196 | Loss: 0.6083 | Acc: 81.25%
[2025-05-26 19:34:07,079] INFO: Epoch 94 | Step 101/196 | Loss: 0.5189 | Acc: 83.03%
[2025-05-26 19:34:23,231] INFO: Epoch 94 training completed
[2025-05-26 19:34:25,352] INFO: Test Loss: 0.7685 | Test Acc: 74.70%
[2025-05-26 19:34:25,930] INFO: Epoch 95 | Step 1/196 | Loss: 0.5649 | Acc: 78.91%
[2025-05-26 19:34:43,141] INFO: Epoch 95 | Step 101/196 | Loss: 0.5168 | Acc: 83.06%
[2025-05-26 19:34:59,405] INFO: Epoch 95 training completed
[2025-05-26 19:35:01,519] INFO: Test Loss: 0.6846 | Test Acc: 76.75%
[2025-05-26 19:35:02,080] INFO: Epoch 96 | Step 1/196 | Loss: 0.5388 | Acc: 80.08%
[2025-05-26 19:35:19,307] INFO: Epoch 96 | Step 101/196 | Loss: 0.5197 | Acc: 83.25%
[2025-05-26 19:35:35,461] INFO: Epoch 96 training completed
[2025-05-26 19:35:37,622] INFO: Test Loss: 0.6540 | Test Acc: 78.59%
[2025-05-26 19:35:38,307] INFO: Epoch 97 | Step 1/196 | Loss: 0.5212 | Acc: 83.59%
[2025-05-26 19:35:55,575] INFO: Epoch 97 | Step 101/196 | Loss: 0.5081 | Acc: 83.47%
[2025-05-26 19:36:11,939] INFO: Epoch 97 training completed
[2025-05-26 19:36:14,071] INFO: Test Loss: 0.7398 | Test Acc: 75.56%
[2025-05-26 19:36:14,665] INFO: Epoch 98 | Step 1/196 | Loss: 0.5613 | Acc: 79.69%
[2025-05-26 19:36:31,873] INFO: Epoch 98 | Step 101/196 | Loss: 0.5132 | Acc: 83.00%
[2025-05-26 19:36:48,101] INFO: Epoch 98 training completed
[2025-05-26 19:36:50,252] INFO: Test Loss: 0.9606 | Test Acc: 67.65%
[2025-05-26 19:36:50,832] INFO: Epoch 99 | Step 1/196 | Loss: 0.4713 | Acc: 83.98%
[2025-05-26 19:37:08,019] INFO: Epoch 99 | Step 101/196 | Loss: 0.5033 | Acc: 83.55%
[2025-05-26 19:37:24,177] INFO: Epoch 99 training completed
[2025-05-26 19:37:26,331] INFO: Test Loss: 0.8869 | Test Acc: 70.88%
[2025-05-26 19:37:26,995] INFO: Epoch 100 | Step 1/196 | Loss: 0.5283 | Acc: 84.38%
[2025-05-26 19:37:44,307] INFO: Epoch 100 | Step 101/196 | Loss: 0.5162 | Acc: 82.92%
[2025-05-26 19:38:00,558] INFO: Epoch 100 training completed
[2025-05-26 19:38:02,733] INFO: Test Loss: 0.7280 | Test Acc: 75.60%
[2025-05-26 19:38:03,321] INFO: Epoch 101 | Step 1/196 | Loss: 0.4769 | Acc: 85.55%
[2025-05-26 19:38:20,483] INFO: Epoch 101 | Step 101/196 | Loss: 0.5135 | Acc: 83.39%
[2025-05-26 19:38:36,669] INFO: Epoch 101 training completed
[2025-05-26 19:38:38,808] INFO: Test Loss: 0.9095 | Test Acc: 72.11%
[2025-05-26 19:38:39,378] INFO: Epoch 102 | Step 1/196 | Loss: 0.5927 | Acc: 80.86%
[2025-05-26 19:38:56,570] INFO: Epoch 102 | Step 101/196 | Loss: 0.5002 | Acc: 83.84%
[2025-05-26 19:39:12,820] INFO: Epoch 102 training completed
[2025-05-26 19:39:15,003] INFO: Test Loss: 0.6588 | Test Acc: 78.16%
[2025-05-26 19:39:15,596] INFO: Epoch 103 | Step 1/196 | Loss: 0.6113 | Acc: 80.08%
[2025-05-26 19:39:32,781] INFO: Epoch 103 | Step 101/196 | Loss: 0.5043 | Acc: 83.54%
[2025-05-26 19:39:48,897] INFO: Epoch 103 training completed
[2025-05-26 19:39:51,060] INFO: Test Loss: 0.9263 | Test Acc: 69.14%
[2025-05-26 19:39:51,647] INFO: Epoch 104 | Step 1/196 | Loss: 0.5121 | Acc: 85.16%
[2025-05-26 19:40:08,680] INFO: Epoch 104 | Step 101/196 | Loss: 0.5017 | Acc: 83.71%
[2025-05-26 19:40:24,900] INFO: Epoch 104 training completed
[2025-05-26 19:40:27,057] INFO: Test Loss: 0.9301 | Test Acc: 70.79%
[2025-05-26 19:40:27,738] INFO: Epoch 105 | Step 1/196 | Loss: 0.5236 | Acc: 83.20%
[2025-05-26 19:40:44,822] INFO: Epoch 105 | Step 101/196 | Loss: 0.4983 | Acc: 84.00%
[2025-05-26 19:41:01,071] INFO: Epoch 105 training completed
[2025-05-26 19:41:03,199] INFO: Test Loss: 1.0126 | Test Acc: 67.84%
[2025-05-26 19:41:03,787] INFO: Epoch 106 | Step 1/196 | Loss: 0.5702 | Acc: 82.81%
[2025-05-26 19:41:20,963] INFO: Epoch 106 | Step 101/196 | Loss: 0.5003 | Acc: 83.47%
[2025-05-26 19:41:37,266] INFO: Epoch 106 training completed
[2025-05-26 19:41:39,405] INFO: Test Loss: 0.7598 | Test Acc: 75.56%
[2025-05-26 19:41:39,988] INFO: Epoch 107 | Step 1/196 | Loss: 0.4930 | Acc: 82.81%
[2025-05-26 19:41:57,330] INFO: Epoch 107 | Step 101/196 | Loss: 0.4890 | Acc: 83.98%
[2025-05-26 19:42:13,448] INFO: Epoch 107 training completed
[2025-05-26 19:42:15,606] INFO: Test Loss: 0.8457 | Test Acc: 72.51%
[2025-05-26 19:42:16,278] INFO: Epoch 108 | Step 1/196 | Loss: 0.4882 | Acc: 84.77%
[2025-05-26 19:42:33,403] INFO: Epoch 108 | Step 101/196 | Loss: 0.4900 | Acc: 84.12%
[2025-05-26 19:42:49,699] INFO: Epoch 108 training completed
[2025-05-26 19:42:51,840] INFO: Test Loss: 0.6590 | Test Acc: 78.69%
[2025-05-26 19:42:52,417] INFO: Epoch 109 | Step 1/196 | Loss: 0.4626 | Acc: 86.33%
[2025-05-26 19:43:09,628] INFO: Epoch 109 | Step 101/196 | Loss: 0.4889 | Acc: 84.12%
[2025-05-26 19:43:25,936] INFO: Epoch 109 training completed
[2025-05-26 19:43:28,063] INFO: Test Loss: 0.7686 | Test Acc: 75.15%
[2025-05-26 19:43:28,630] INFO: Epoch 110 | Step 1/196 | Loss: 0.5482 | Acc: 81.25%
[2025-05-26 19:43:45,929] INFO: Epoch 110 | Step 101/196 | Loss: 0.4945 | Acc: 83.82%
[2025-05-26 19:44:01,956] INFO: Epoch 110 training completed
[2025-05-26 19:44:04,133] INFO: Test Loss: 0.5906 | Test Acc: 80.44%
[2025-05-26 19:44:04,328] INFO: New best accuracy: 80.44%, model saved.
[2025-05-26 19:44:04,894] INFO: Epoch 111 | Step 1/196 | Loss: 0.5007 | Acc: 83.59%
[2025-05-26 19:44:22,221] INFO: Epoch 111 | Step 101/196 | Loss: 0.4861 | Acc: 84.38%
[2025-05-26 19:44:38,440] INFO: Epoch 111 training completed
[2025-05-26 19:44:40,605] INFO: Test Loss: 0.9565 | Test Acc: 68.48%
[2025-05-26 19:44:41,184] INFO: Epoch 112 | Step 1/196 | Loss: 0.5156 | Acc: 83.59%
[2025-05-26 19:44:58,561] INFO: Epoch 112 | Step 101/196 | Loss: 0.4883 | Acc: 84.21%
[2025-05-26 19:45:14,597] INFO: Epoch 112 training completed
[2025-05-26 19:45:16,749] INFO: Test Loss: 0.7611 | Test Acc: 74.91%
[2025-05-26 19:45:17,394] INFO: Epoch 113 | Step 1/196 | Loss: 0.4768 | Acc: 83.98%
[2025-05-26 19:45:34,607] INFO: Epoch 113 | Step 101/196 | Loss: 0.4786 | Acc: 84.67%
[2025-05-26 19:45:50,756] INFO: Epoch 113 training completed
[2025-05-26 19:45:52,910] INFO: Test Loss: 0.6461 | Test Acc: 78.87%
[2025-05-26 19:45:53,482] INFO: Epoch 114 | Step 1/196 | Loss: 0.4592 | Acc: 83.98%
[2025-05-26 19:46:10,638] INFO: Epoch 114 | Step 101/196 | Loss: 0.4749 | Acc: 84.60%
[2025-05-26 19:46:26,793] INFO: Epoch 114 training completed
[2025-05-26 19:46:28,948] INFO: Test Loss: 0.5490 | Test Acc: 81.87%
[2025-05-26 19:46:29,155] INFO: New best accuracy: 81.87%, model saved.
[2025-05-26 19:46:29,737] INFO: Epoch 115 | Step 1/196 | Loss: 0.4625 | Acc: 85.55%
[2025-05-26 19:46:46,890] INFO: Epoch 115 | Step 101/196 | Loss: 0.4884 | Acc: 84.08%
[2025-05-26 19:47:03,036] INFO: Epoch 115 training completed
[2025-05-26 19:47:05,208] INFO: Test Loss: 0.7434 | Test Acc: 74.76%
[2025-05-26 19:47:05,791] INFO: Epoch 116 | Step 1/196 | Loss: 0.4755 | Acc: 85.94%
[2025-05-26 19:47:23,067] INFO: Epoch 116 | Step 101/196 | Loss: 0.4700 | Acc: 84.64%
[2025-05-26 19:47:39,247] INFO: Epoch 116 training completed
[2025-05-26 19:47:41,411] INFO: Test Loss: 0.8037 | Test Acc: 73.30%
[2025-05-26 19:47:41,971] INFO: Epoch 117 | Step 1/196 | Loss: 0.5790 | Acc: 80.47%
[2025-05-26 19:47:59,183] INFO: Epoch 117 | Step 101/196 | Loss: 0.4600 | Acc: 85.09%
[2025-05-26 19:48:15,440] INFO: Epoch 117 training completed
[2025-05-26 19:48:17,596] INFO: Test Loss: 0.5744 | Test Acc: 81.19%
[2025-05-26 19:48:18,180] INFO: Epoch 118 | Step 1/196 | Loss: 0.4703 | Acc: 84.77%
[2025-05-26 19:48:35,294] INFO: Epoch 118 | Step 101/196 | Loss: 0.4668 | Acc: 84.92%
[2025-05-26 19:48:51,446] INFO: Epoch 118 training completed
[2025-05-26 19:48:53,609] INFO: Test Loss: 0.7920 | Test Acc: 73.25%
[2025-05-26 19:48:54,288] INFO: Epoch 119 | Step 1/196 | Loss: 0.3585 | Acc: 88.67%
[2025-05-26 19:49:11,429] INFO: Epoch 119 | Step 101/196 | Loss: 0.4662 | Acc: 84.93%
[2025-05-26 19:49:27,593] INFO: Epoch 119 training completed
[2025-05-26 19:49:29,749] INFO: Test Loss: 0.8718 | Test Acc: 72.47%
[2025-05-26 19:49:30,316] INFO: Epoch 120 | Step 1/196 | Loss: 0.4906 | Acc: 84.77%
[2025-05-26 19:49:47,526] INFO: Epoch 120 | Step 101/196 | Loss: 0.4635 | Acc: 84.90%
[2025-05-26 19:50:03,563] INFO: Epoch 120 training completed
[2025-05-26 19:50:05,687] INFO: Test Loss: 0.5568 | Test Acc: 81.53%
[2025-05-26 19:50:06,246] INFO: Epoch 121 | Step 1/196 | Loss: 0.3708 | Acc: 87.89%
[2025-05-26 19:50:23,429] INFO: Epoch 121 | Step 101/196 | Loss: 0.4654 | Acc: 84.62%
[2025-05-26 19:50:39,593] INFO: Epoch 121 training completed
[2025-05-26 19:50:41,760] INFO: Test Loss: 0.7207 | Test Acc: 76.44%
[2025-05-26 19:50:42,328] INFO: Epoch 122 | Step 1/196 | Loss: 0.4142 | Acc: 89.06%
[2025-05-26 19:50:59,646] INFO: Epoch 122 | Step 101/196 | Loss: 0.4581 | Acc: 84.78%
[2025-05-26 19:51:15,693] INFO: Epoch 122 training completed
[2025-05-26 19:51:17,842] INFO: Test Loss: 0.6041 | Test Acc: 79.83%
[2025-05-26 19:51:18,413] INFO: Epoch 123 | Step 1/196 | Loss: 0.4199 | Acc: 84.77%
[2025-05-26 19:51:35,751] INFO: Epoch 123 | Step 101/196 | Loss: 0.4524 | Acc: 85.35%
[2025-05-26 19:51:52,021] INFO: Epoch 123 training completed
[2025-05-26 19:51:54,147] INFO: Test Loss: 0.6083 | Test Acc: 80.28%
[2025-05-26 19:51:54,798] INFO: Epoch 124 | Step 1/196 | Loss: 0.4905 | Acc: 83.20%
[2025-05-26 19:52:11,930] INFO: Epoch 124 | Step 101/196 | Loss: 0.4579 | Acc: 84.97%
[2025-05-26 19:52:27,961] INFO: Epoch 124 training completed
[2025-05-26 19:52:30,139] INFO: Test Loss: 0.6375 | Test Acc: 79.04%
[2025-05-26 19:52:30,710] INFO: Epoch 125 | Step 1/196 | Loss: 0.3916 | Acc: 86.33%
[2025-05-26 19:52:47,997] INFO: Epoch 125 | Step 101/196 | Loss: 0.4451 | Acc: 85.56%
[2025-05-26 19:53:04,231] INFO: Epoch 125 training completed
[2025-05-26 19:53:06,382] INFO: Test Loss: 0.5783 | Test Acc: 81.25%
[2025-05-26 19:53:06,962] INFO: Epoch 126 | Step 1/196 | Loss: 0.3963 | Acc: 88.28%
[2025-05-26 19:53:24,140] INFO: Epoch 126 | Step 101/196 | Loss: 0.4494 | Acc: 85.50%
[2025-05-26 19:53:40,353] INFO: Epoch 126 training completed
[2025-05-26 19:53:42,529] INFO: Test Loss: 0.7626 | Test Acc: 75.29%
[2025-05-26 19:53:43,198] INFO: Epoch 127 | Step 1/196 | Loss: 0.3355 | Acc: 89.06%
[2025-05-26 19:54:00,383] INFO: Epoch 127 | Step 101/196 | Loss: 0.4501 | Acc: 85.50%
[2025-05-26 19:54:16,552] INFO: Epoch 127 training completed
[2025-05-26 19:54:18,757] INFO: Test Loss: 0.5996 | Test Acc: 80.91%
[2025-05-26 19:54:19,341] INFO: Epoch 128 | Step 1/196 | Loss: 0.4207 | Acc: 85.94%
[2025-05-26 19:54:36,430] INFO: Epoch 128 | Step 101/196 | Loss: 0.4367 | Acc: 85.88%
[2025-05-26 19:54:52,653] INFO: Epoch 128 training completed
[2025-05-26 19:54:54,819] INFO: Test Loss: 0.6000 | Test Acc: 80.08%
[2025-05-26 19:54:55,396] INFO: Epoch 129 | Step 1/196 | Loss: 0.5150 | Acc: 83.98%
[2025-05-26 19:55:12,530] INFO: Epoch 129 | Step 101/196 | Loss: 0.4351 | Acc: 86.03%
[2025-05-26 19:55:28,600] INFO: Epoch 129 training completed
[2025-05-26 19:55:30,771] INFO: Test Loss: 0.6604 | Test Acc: 79.03%
[2025-05-26 19:55:31,365] INFO: Epoch 130 | Step 1/196 | Loss: 0.5056 | Acc: 84.77%
[2025-05-26 19:55:48,709] INFO: Epoch 130 | Step 101/196 | Loss: 0.4266 | Acc: 86.08%
[2025-05-26 19:56:04,972] INFO: Epoch 130 training completed
[2025-05-26 19:56:07,155] INFO: Test Loss: 0.6155 | Test Acc: 79.43%
[2025-05-26 19:56:07,720] INFO: Epoch 131 | Step 1/196 | Loss: 0.3733 | Acc: 88.28%
[2025-05-26 19:56:24,987] INFO: Epoch 131 | Step 101/196 | Loss: 0.4348 | Acc: 85.97%
[2025-05-26 19:56:41,271] INFO: Epoch 131 training completed
[2025-05-26 19:56:43,401] INFO: Test Loss: 0.5903 | Test Acc: 80.91%
[2025-05-26 19:56:43,973] INFO: Epoch 132 | Step 1/196 | Loss: 0.4108 | Acc: 87.89%
[2025-05-26 19:57:01,319] INFO: Epoch 132 | Step 101/196 | Loss: 0.4291 | Acc: 86.17%
[2025-05-26 19:57:17,553] INFO: Epoch 132 training completed
[2025-05-26 19:57:19,697] INFO: Test Loss: 0.8121 | Test Acc: 74.26%
[2025-05-26 19:57:20,264] INFO: Epoch 133 | Step 1/196 | Loss: 0.3812 | Acc: 89.06%
[2025-05-26 19:57:37,295] INFO: Epoch 133 | Step 101/196 | Loss: 0.4228 | Acc: 86.29%
[2025-05-26 19:57:53,613] INFO: Epoch 133 training completed
[2025-05-26 19:57:55,767] INFO: Test Loss: 0.6064 | Test Acc: 80.36%
[2025-05-26 19:57:56,340] INFO: Epoch 134 | Step 1/196 | Loss: 0.4658 | Acc: 86.33%
[2025-05-26 19:58:13,493] INFO: Epoch 134 | Step 101/196 | Loss: 0.4231 | Acc: 86.16%
[2025-05-26 19:58:29,661] INFO: Epoch 134 training completed
[2025-05-26 19:58:31,827] INFO: Test Loss: 0.5761 | Test Acc: 81.52%
[2025-05-26 19:58:32,401] INFO: Epoch 135 | Step 1/196 | Loss: 0.3607 | Acc: 89.45%
[2025-05-26 19:58:49,318] INFO: Epoch 135 | Step 101/196 | Loss: 0.4115 | Acc: 86.80%
[2025-05-26 19:59:05,572] INFO: Epoch 135 training completed
[2025-05-26 19:59:07,734] INFO: Test Loss: 0.5175 | Test Acc: 83.41%
[2025-05-26 19:59:07,929] INFO: New best accuracy: 83.41%, model saved.
[2025-05-26 19:59:08,602] INFO: Epoch 136 | Step 1/196 | Loss: 0.3557 | Acc: 88.67%
[2025-05-26 19:59:25,745] INFO: Epoch 136 | Step 101/196 | Loss: 0.4112 | Acc: 86.75%
[2025-05-26 19:59:42,069] INFO: Epoch 136 training completed
[2025-05-26 19:59:44,210] INFO: Test Loss: 0.5050 | Test Acc: 82.97%
[2025-05-26 19:59:44,803] INFO: Epoch 137 | Step 1/196 | Loss: 0.4251 | Acc: 86.33%
[2025-05-26 20:00:02,026] INFO: Epoch 137 | Step 101/196 | Loss: 0.3993 | Acc: 87.23%
[2025-05-26 20:00:18,315] INFO: Epoch 137 training completed
[2025-05-26 20:00:20,452] INFO: Test Loss: 0.5933 | Test Acc: 80.70%
[2025-05-26 20:00:21,005] INFO: Epoch 138 | Step 1/196 | Loss: 0.4754 | Acc: 81.25%
[2025-05-26 20:00:38,291] INFO: Epoch 138 | Step 101/196 | Loss: 0.4163 | Acc: 86.55%
[2025-05-26 20:00:54,612] INFO: Epoch 138 training completed
[2025-05-26 20:00:56,810] INFO: Test Loss: 0.7832 | Test Acc: 75.46%
[2025-05-26 20:00:57,374] INFO: Epoch 139 | Step 1/196 | Loss: 0.3117 | Acc: 90.62%
[2025-05-26 20:01:14,751] INFO: Epoch 139 | Step 101/196 | Loss: 0.4072 | Acc: 86.91%
[2025-05-26 20:01:30,899] INFO: Epoch 139 training completed
[2025-05-26 20:01:33,051] INFO: Test Loss: 0.5210 | Test Acc: 83.02%
[2025-05-26 20:01:33,637] INFO: Epoch 140 | Step 1/196 | Loss: 0.4009 | Acc: 88.28%
[2025-05-26 20:01:50,908] INFO: Epoch 140 | Step 101/196 | Loss: 0.3959 | Acc: 87.12%
[2025-05-26 20:02:07,003] INFO: Epoch 140 training completed
[2025-05-26 20:02:09,162] INFO: Test Loss: 0.5645 | Test Acc: 81.43%
[2025-05-26 20:02:09,743] INFO: Epoch 141 | Step 1/196 | Loss: 0.3904 | Acc: 88.28%
[2025-05-26 20:02:26,991] INFO: Epoch 141 | Step 101/196 | Loss: 0.4005 | Acc: 87.11%
[2025-05-26 20:02:43,095] INFO: Epoch 141 training completed
[2025-05-26 20:02:45,230] INFO: Test Loss: 0.5219 | Test Acc: 82.77%
[2025-05-26 20:02:45,804] INFO: Epoch 142 | Step 1/196 | Loss: 0.3411 | Acc: 89.84%
[2025-05-26 20:03:03,118] INFO: Epoch 142 | Step 101/196 | Loss: 0.3912 | Acc: 87.32%
[2025-05-26 20:03:19,102] INFO: Epoch 142 training completed
[2025-05-26 20:03:21,251] INFO: Test Loss: 0.5260 | Test Acc: 83.00%
[2025-05-26 20:03:21,837] INFO: Epoch 143 | Step 1/196 | Loss: 0.4251 | Acc: 86.33%
[2025-05-26 20:03:38,973] INFO: Epoch 143 | Step 101/196 | Loss: 0.3949 | Acc: 87.09%
[2025-05-26 20:03:55,012] INFO: Epoch 143 training completed
[2025-05-26 20:03:57,198] INFO: Test Loss: 0.4520 | Test Acc: 85.32%
[2025-05-26 20:03:57,481] INFO: New best accuracy: 85.32%, model saved.
[2025-05-26 20:03:58,058] INFO: Epoch 144 | Step 1/196 | Loss: 0.3939 | Acc: 87.50%
[2025-05-26 20:04:15,337] INFO: Epoch 144 | Step 101/196 | Loss: 0.3867 | Acc: 87.46%
[2025-05-26 20:04:31,707] INFO: Epoch 144 training completed
[2025-05-26 20:04:33,878] INFO: Test Loss: 0.5180 | Test Acc: 83.07%
[2025-05-26 20:04:34,458] INFO: Epoch 145 | Step 1/196 | Loss: 0.4370 | Acc: 84.77%
[2025-05-26 20:04:51,729] INFO: Epoch 145 | Step 101/196 | Loss: 0.3816 | Acc: 87.57%
[2025-05-26 20:05:07,829] INFO: Epoch 145 training completed
[2025-05-26 20:05:09,980] INFO: Test Loss: 0.4915 | Test Acc: 83.98%
[2025-05-26 20:05:10,559] INFO: Epoch 146 | Step 1/196 | Loss: 0.4273 | Acc: 85.94%
[2025-05-26 20:05:27,851] INFO: Epoch 146 | Step 101/196 | Loss: 0.3771 | Acc: 87.84%
[2025-05-26 20:05:44,045] INFO: Epoch 146 training completed
[2025-05-26 20:05:46,257] INFO: Test Loss: 0.5868 | Test Acc: 80.44%
[2025-05-26 20:05:46,927] INFO: Epoch 147 | Step 1/196 | Loss: 0.3601 | Acc: 87.89%
[2025-05-26 20:06:04,089] INFO: Epoch 147 | Step 101/196 | Loss: 0.3781 | Acc: 87.87%
[2025-05-26 20:06:20,258] INFO: Epoch 147 training completed
[2025-05-26 20:06:22,410] INFO: Test Loss: 0.5229 | Test Acc: 83.28%
[2025-05-26 20:06:22,992] INFO: Epoch 148 | Step 1/196 | Loss: 0.5029 | Acc: 81.64%
[2025-05-26 20:06:40,221] INFO: Epoch 148 | Step 101/196 | Loss: 0.3705 | Acc: 88.29%
[2025-05-26 20:06:56,435] INFO: Epoch 148 training completed
[2025-05-26 20:06:58,617] INFO: Test Loss: 0.4849 | Test Acc: 84.22%
[2025-05-26 20:06:59,195] INFO: Epoch 149 | Step 1/196 | Loss: 0.4410 | Acc: 85.55%
[2025-05-26 20:07:16,451] INFO: Epoch 149 | Step 101/196 | Loss: 0.3681 | Acc: 88.29%
[2025-05-26 20:07:32,533] INFO: Epoch 149 training completed
[2025-05-26 20:07:34,685] INFO: Test Loss: 0.5017 | Test Acc: 83.62%
[2025-05-26 20:07:35,360] INFO: Epoch 150 | Step 1/196 | Loss: 0.3715 | Acc: 89.45%
[2025-05-26 20:07:52,409] INFO: Epoch 150 | Step 101/196 | Loss: 0.3629 | Acc: 88.31%
[2025-05-26 20:08:08,440] INFO: Epoch 150 training completed
[2025-05-26 20:08:10,580] INFO: Test Loss: 0.4449 | Test Acc: 85.55%
[2025-05-26 20:08:10,778] INFO: New best accuracy: 85.55%, model saved.
[2025-05-26 20:08:11,341] INFO: Epoch 151 | Step 1/196 | Loss: 0.3474 | Acc: 89.45%
[2025-05-26 20:08:28,401] INFO: Epoch 151 | Step 101/196 | Loss: 0.3551 | Acc: 88.71%
[2025-05-26 20:08:44,466] INFO: Epoch 151 training completed
[2025-05-26 20:08:46,634] INFO: Test Loss: 0.4940 | Test Acc: 83.72%
[2025-05-26 20:08:47,216] INFO: Epoch 152 | Step 1/196 | Loss: 0.3154 | Acc: 89.45%
[2025-05-26 20:09:04,473] INFO: Epoch 152 | Step 101/196 | Loss: 0.3530 | Acc: 88.97%
[2025-05-26 20:09:20,731] INFO: Epoch 152 training completed
[2025-05-26 20:09:22,912] INFO: Test Loss: 0.4797 | Test Acc: 84.32%
[2025-05-26 20:09:23,490] INFO: Epoch 153 | Step 1/196 | Loss: 0.2967 | Acc: 90.23%
[2025-05-26 20:09:40,697] INFO: Epoch 153 | Step 101/196 | Loss: 0.3504 | Acc: 88.90%
[2025-05-26 20:09:56,917] INFO: Epoch 153 training completed
[2025-05-26 20:09:59,066] INFO: Test Loss: 0.4848 | Test Acc: 84.03%
[2025-05-26 20:09:59,659] INFO: Epoch 154 | Step 1/196 | Loss: 0.3229 | Acc: 87.89%
[2025-05-26 20:10:16,909] INFO: Epoch 154 | Step 101/196 | Loss: 0.3468 | Acc: 89.01%
[2025-05-26 20:10:33,091] INFO: Epoch 154 training completed
[2025-05-26 20:10:35,261] INFO: Test Loss: 0.4708 | Test Acc: 84.85%
[2025-05-26 20:10:35,836] INFO: Epoch 155 | Step 1/196 | Loss: 0.3011 | Acc: 90.62%
[2025-05-26 20:10:53,028] INFO: Epoch 155 | Step 101/196 | Loss: 0.3403 | Acc: 89.30%
[2025-05-26 20:11:09,105] INFO: Epoch 155 training completed
[2025-05-26 20:11:11,310] INFO: Test Loss: 0.4569 | Test Acc: 85.30%
[2025-05-26 20:11:11,983] INFO: Epoch 156 | Step 1/196 | Loss: 0.3702 | Acc: 89.06%
[2025-05-26 20:11:29,213] INFO: Epoch 156 | Step 101/196 | Loss: 0.3343 | Acc: 89.48%
[2025-05-26 20:11:45,388] INFO: Epoch 156 training completed
[2025-05-26 20:11:47,539] INFO: Test Loss: 0.4591 | Test Acc: 85.17%
[2025-05-26 20:11:48,099] INFO: Epoch 157 | Step 1/196 | Loss: 0.2988 | Acc: 90.23%
[2025-05-26 20:12:05,362] INFO: Epoch 157 | Step 101/196 | Loss: 0.3254 | Acc: 89.74%
[2025-05-26 20:12:21,608] INFO: Epoch 157 training completed
[2025-05-26 20:12:23,755] INFO: Test Loss: 0.3996 | Test Acc: 87.35%
[2025-05-26 20:12:23,949] INFO: New best accuracy: 87.35%, model saved.
[2025-05-26 20:12:24,519] INFO: Epoch 158 | Step 1/196 | Loss: 0.3256 | Acc: 90.62%
[2025-05-26 20:12:41,659] INFO: Epoch 158 | Step 101/196 | Loss: 0.3222 | Acc: 89.69%
[2025-05-26 20:12:58,069] INFO: Epoch 158 training completed
[2025-05-26 20:13:00,218] INFO: Test Loss: 0.4428 | Test Acc: 85.63%
[2025-05-26 20:13:00,795] INFO: Epoch 159 | Step 1/196 | Loss: 0.3437 | Acc: 88.67%
[2025-05-26 20:13:17,960] INFO: Epoch 159 | Step 101/196 | Loss: 0.3188 | Acc: 89.97%
[2025-05-26 20:13:34,323] INFO: Epoch 159 training completed
[2025-05-26 20:13:36,462] INFO: Test Loss: 0.4338 | Test Acc: 86.42%
[2025-05-26 20:13:37,141] INFO: Epoch 160 | Step 1/196 | Loss: 0.2915 | Acc: 92.19%
[2025-05-26 20:13:54,465] INFO: Epoch 160 | Step 101/196 | Loss: 0.3142 | Acc: 90.10%
[2025-05-26 20:14:10,585] INFO: Epoch 160 training completed
[2025-05-26 20:14:12,732] INFO: Test Loss: 0.5006 | Test Acc: 83.90%
[2025-05-26 20:14:13,311] INFO: Epoch 161 | Step 1/196 | Loss: 0.2547 | Acc: 92.19%
[2025-05-26 20:14:30,570] INFO: Epoch 161 | Step 101/196 | Loss: 0.3147 | Acc: 90.06%
[2025-05-26 20:14:46,890] INFO: Epoch 161 training completed
[2025-05-26 20:14:49,009] INFO: Test Loss: 0.4064 | Test Acc: 87.16%
[2025-05-26 20:14:49,584] INFO: Epoch 162 | Step 1/196 | Loss: 0.3161 | Acc: 90.23%
[2025-05-26 20:15:06,853] INFO: Epoch 162 | Step 101/196 | Loss: 0.3025 | Acc: 90.35%
[2025-05-26 20:15:23,021] INFO: Epoch 162 training completed
[2025-05-26 20:15:25,164] INFO: Test Loss: 0.4464 | Test Acc: 85.83%
[2025-05-26 20:15:25,754] INFO: Epoch 163 | Step 1/196 | Loss: 0.2814 | Acc: 92.19%
[2025-05-26 20:15:43,078] INFO: Epoch 163 | Step 101/196 | Loss: 0.3039 | Acc: 90.34%
[2025-05-26 20:15:59,359] INFO: Epoch 163 training completed
[2025-05-26 20:16:01,502] INFO: Test Loss: 0.4034 | Test Acc: 86.99%
[2025-05-26 20:16:02,085] INFO: Epoch 164 | Step 1/196 | Loss: 0.2313 | Acc: 94.53%
[2025-05-26 20:16:19,306] INFO: Epoch 164 | Step 101/196 | Loss: 0.2945 | Acc: 90.76%
[2025-05-26 20:16:35,395] INFO: Epoch 164 training completed
[2025-05-26 20:16:37,535] INFO: Test Loss: 0.4303 | Test Acc: 85.79%
[2025-05-26 20:16:38,214] INFO: Epoch 165 | Step 1/196 | Loss: 0.2933 | Acc: 90.23%
[2025-05-26 20:16:55,444] INFO: Epoch 165 | Step 101/196 | Loss: 0.2912 | Acc: 90.99%
[2025-05-26 20:17:11,585] INFO: Epoch 165 training completed
[2025-05-26 20:17:13,723] INFO: Test Loss: 0.4357 | Test Acc: 86.08%
[2025-05-26 20:17:14,303] INFO: Epoch 166 | Step 1/196 | Loss: 0.3166 | Acc: 91.02%
[2025-05-26 20:17:31,596] INFO: Epoch 166 | Step 101/196 | Loss: 0.2890 | Acc: 91.03%
[2025-05-26 20:17:47,875] INFO: Epoch 166 training completed
[2025-05-26 20:17:49,997] INFO: Test Loss: 0.4022 | Test Acc: 87.23%
[2025-05-26 20:17:50,572] INFO: Epoch 167 | Step 1/196 | Loss: 0.2879 | Acc: 90.23%
[2025-05-26 20:18:07,788] INFO: Epoch 167 | Step 101/196 | Loss: 0.2837 | Acc: 91.15%
[2025-05-26 20:18:23,964] INFO: Epoch 167 training completed
[2025-05-26 20:18:26,095] INFO: Test Loss: 0.3903 | Test Acc: 87.58%
[2025-05-26 20:18:26,290] INFO: New best accuracy: 87.58%, model saved.
[2025-05-26 20:18:26,952] INFO: Epoch 168 | Step 1/196 | Loss: 0.2486 | Acc: 91.80%
[2025-05-26 20:18:44,196] INFO: Epoch 168 | Step 101/196 | Loss: 0.2791 | Acc: 91.34%
[2025-05-26 20:19:00,277] INFO: Epoch 168 training completed
[2025-05-26 20:19:02,455] INFO: Test Loss: 0.3757 | Test Acc: 88.14%
[2025-05-26 20:19:02,649] INFO: New best accuracy: 88.14%, model saved.
[2025-05-26 20:19:03,225] INFO: Epoch 169 | Step 1/196 | Loss: 0.2931 | Acc: 90.23%
[2025-05-26 20:19:20,528] INFO: Epoch 169 | Step 101/196 | Loss: 0.2675 | Acc: 91.67%
[2025-05-26 20:19:36,856] INFO: Epoch 169 training completed
[2025-05-26 20:19:39,008] INFO: Test Loss: 0.4391 | Test Acc: 86.11%
[2025-05-26 20:19:39,585] INFO: Epoch 170 | Step 1/196 | Loss: 0.2098 | Acc: 93.36%
[2025-05-26 20:19:56,798] INFO: Epoch 170 | Step 101/196 | Loss: 0.2608 | Acc: 91.95%
[2025-05-26 20:20:12,854] INFO: Epoch 170 training completed
[2025-05-26 20:20:14,988] INFO: Test Loss: 0.4186 | Test Acc: 86.96%
[2025-05-26 20:20:15,566] INFO: Epoch 171 | Step 1/196 | Loss: 0.3497 | Acc: 87.89%
[2025-05-26 20:20:32,697] INFO: Epoch 171 | Step 101/196 | Loss: 0.2657 | Acc: 91.82%
[2025-05-26 20:20:48,847] INFO: Epoch 171 training completed
[2025-05-26 20:20:51,013] INFO: Test Loss: 0.4203 | Test Acc: 86.97%
[2025-05-26 20:20:51,579] INFO: Epoch 172 | Step 1/196 | Loss: 0.2576 | Acc: 91.80%
[2025-05-26 20:21:08,804] INFO: Epoch 172 | Step 101/196 | Loss: 0.2498 | Acc: 92.35%
[2025-05-26 20:21:25,048] INFO: Epoch 172 training completed
[2025-05-26 20:21:27,192] INFO: Test Loss: 0.4200 | Test Acc: 87.10%
[2025-05-26 20:21:27,856] INFO: Epoch 173 | Step 1/196 | Loss: 0.1462 | Acc: 96.88%
[2025-05-26 20:21:45,162] INFO: Epoch 173 | Step 101/196 | Loss: 0.2402 | Acc: 92.76%
[2025-05-26 20:22:01,365] INFO: Epoch 173 training completed
[2025-05-26 20:22:03,534] INFO: Test Loss: 0.3513 | Test Acc: 88.91%
[2025-05-26 20:22:03,730] INFO: New best accuracy: 88.91%, model saved.
[2025-05-26 20:22:04,303] INFO: Epoch 174 | Step 1/196 | Loss: 0.2033 | Acc: 93.75%
[2025-05-26 20:22:21,394] INFO: Epoch 174 | Step 101/196 | Loss: 0.2339 | Acc: 92.84%
[2025-05-26 20:22:37,718] INFO: Epoch 174 training completed
[2025-05-26 20:22:39,881] INFO: Test Loss: 0.3577 | Test Acc: 88.96%
[2025-05-26 20:22:40,075] INFO: New best accuracy: 88.96%, model saved.
[2025-05-26 20:22:40,639] INFO: Epoch 175 | Step 1/196 | Loss: 0.1953 | Acc: 94.53%
[2025-05-26 20:22:57,833] INFO: Epoch 175 | Step 101/196 | Loss: 0.2367 | Acc: 92.90%
[2025-05-26 20:23:13,909] INFO: Epoch 175 training completed
[2025-05-26 20:23:16,069] INFO: Test Loss: 0.3500 | Test Acc: 89.00%
[2025-05-26 20:23:16,260] INFO: New best accuracy: 89.00%, model saved.
[2025-05-26 20:23:16,917] INFO: Epoch 176 | Step 1/196 | Loss: 0.2589 | Acc: 90.62%
[2025-05-26 20:23:34,024] INFO: Epoch 176 | Step 101/196 | Loss: 0.2248 | Acc: 93.29%
[2025-05-26 20:23:50,165] INFO: Epoch 176 training completed
[2025-05-26 20:23:52,318] INFO: Test Loss: 0.3418 | Test Acc: 89.14%
[2025-05-26 20:23:52,512] INFO: New best accuracy: 89.14%, model saved.
[2025-05-26 20:23:53,081] INFO: Epoch 177 | Step 1/196 | Loss: 0.2628 | Acc: 91.80%
[2025-05-26 20:24:10,315] INFO: Epoch 177 | Step 101/196 | Loss: 0.2249 | Acc: 93.15%
[2025-05-26 20:24:26,655] INFO: Epoch 177 training completed
[2025-05-26 20:24:28,791] INFO: Test Loss: 0.3471 | Test Acc: 89.27%
[2025-05-26 20:24:29,003] INFO: New best accuracy: 89.27%, model saved.
[2025-05-26 20:24:29,660] INFO: Epoch 178 | Step 1/196 | Loss: 0.1724 | Acc: 94.53%
[2025-05-26 20:24:46,788] INFO: Epoch 178 | Step 101/196 | Loss: 0.2133 | Acc: 93.52%
[2025-05-26 20:25:02,991] INFO: Epoch 178 training completed
[2025-05-26 20:25:05,123] INFO: Test Loss: 0.3439 | Test Acc: 89.56%
[2025-05-26 20:25:05,317] INFO: New best accuracy: 89.56%, model saved.
[2025-05-26 20:25:05,979] INFO: Epoch 179 | Step 1/196 | Loss: 0.2580 | Acc: 91.41%
[2025-05-26 20:25:23,120] INFO: Epoch 179 | Step 101/196 | Loss: 0.2124 | Acc: 93.80%
[2025-05-26 20:25:39,296] INFO: Epoch 179 training completed
[2025-05-26 20:25:41,461] INFO: Test Loss: 0.3458 | Test Acc: 89.42%
[2025-05-26 20:25:42,039] INFO: Epoch 180 | Step 1/196 | Loss: 0.1921 | Acc: 94.14%
[2025-05-26 20:25:59,096] INFO: Epoch 180 | Step 101/196 | Loss: 0.2015 | Acc: 94.04%
[2025-05-26 20:26:15,377] INFO: Epoch 180 training completed
[2025-05-26 20:26:17,560] INFO: Test Loss: 0.3410 | Test Acc: 89.51%
[2025-05-26 20:26:18,132] INFO: Epoch 181 | Step 1/196 | Loss: 0.1840 | Acc: 94.14%
[2025-05-26 20:26:35,311] INFO: Epoch 181 | Step 101/196 | Loss: 0.1963 | Acc: 94.35%
[2025-05-26 20:26:51,477] INFO: Epoch 181 training completed
[2025-05-26 20:26:53,641] INFO: Test Loss: 0.3291 | Test Acc: 90.07%
[2025-05-26 20:26:53,836] INFO: New best accuracy: 90.07%, model saved.
[2025-05-26 20:26:54,494] INFO: Epoch 182 | Step 1/196 | Loss: 0.1913 | Acc: 94.14%
[2025-05-26 20:27:11,740] INFO: Epoch 182 | Step 101/196 | Loss: 0.1896 | Acc: 94.49%
[2025-05-26 20:27:27,835] INFO: Epoch 182 training completed
[2025-05-26 20:27:30,030] INFO: Test Loss: 0.3244 | Test Acc: 89.94%
[2025-05-26 20:27:30,622] INFO: Epoch 183 | Step 1/196 | Loss: 0.2070 | Acc: 92.97%
[2025-05-26 20:27:47,850] INFO: Epoch 183 | Step 101/196 | Loss: 0.1826 | Acc: 94.66%
[2025-05-26 20:28:04,095] INFO: Epoch 183 training completed
[2025-05-26 20:28:06,272] INFO: Test Loss: 0.3326 | Test Acc: 90.18%
[2025-05-26 20:28:06,463] INFO: New best accuracy: 90.18%, model saved.
[2025-05-26 20:28:07,048] INFO: Epoch 184 | Step 1/196 | Loss: 0.1452 | Acc: 96.09%
[2025-05-26 20:28:24,256] INFO: Epoch 184 | Step 101/196 | Loss: 0.1818 | Acc: 94.74%
[2025-05-26 20:28:40,458] INFO: Epoch 184 training completed
[2025-05-26 20:28:42,623] INFO: Test Loss: 0.3245 | Test Acc: 90.31%
[2025-05-26 20:28:42,814] INFO: New best accuracy: 90.31%, model saved.
[2025-05-26 20:28:43,387] INFO: Epoch 185 | Step 1/196 | Loss: 0.1029 | Acc: 98.05%
[2025-05-26 20:29:00,729] INFO: Epoch 185 | Step 101/196 | Loss: 0.1754 | Acc: 95.13%
[2025-05-26 20:29:16,873] INFO: Epoch 185 training completed
[2025-05-26 20:29:19,041] INFO: Test Loss: 0.3256 | Test Acc: 90.30%
[2025-05-26 20:29:19,599] INFO: Epoch 186 | Step 1/196 | Loss: 0.2096 | Acc: 92.97%
[2025-05-26 20:29:36,889] INFO: Epoch 186 | Step 101/196 | Loss: 0.1636 | Acc: 95.42%
[2025-05-26 20:29:53,174] INFO: Epoch 186 training completed
[2025-05-26 20:29:55,491] INFO: Test Loss: 0.3233 | Test Acc: 90.54%
[2025-05-26 20:29:55,709] INFO: New best accuracy: 90.54%, model saved.
[2025-05-26 20:29:56,311] INFO: Epoch 187 | Step 1/196 | Loss: 0.1668 | Acc: 95.70%
[2025-05-26 20:30:13,632] INFO: Epoch 187 | Step 101/196 | Loss: 0.1545 | Acc: 95.71%
[2025-05-26 20:30:29,810] INFO: Epoch 187 training completed
[2025-05-26 20:30:31,967] INFO: Test Loss: 0.3201 | Test Acc: 90.67%
[2025-05-26 20:30:32,158] INFO: New best accuracy: 90.67%, model saved.
[2025-05-26 20:30:32,797] INFO: Epoch 188 | Step 1/196 | Loss: 0.1775 | Acc: 94.14%
[2025-05-26 20:30:49,871] INFO: Epoch 188 | Step 101/196 | Loss: 0.1555 | Acc: 95.80%
[2025-05-26 20:31:05,937] INFO: Epoch 188 training completed
[2025-05-26 20:31:08,113] INFO: Test Loss: 0.3238 | Test Acc: 90.70%
[2025-05-26 20:31:08,305] INFO: New best accuracy: 90.70%, model saved.
[2025-05-26 20:31:08,883] INFO: Epoch 189 | Step 1/196 | Loss: 0.1369 | Acc: 95.31%
[2025-05-26 20:31:26,322] INFO: Epoch 189 | Step 101/196 | Loss: 0.1458 | Acc: 96.05%
[2025-05-26 20:31:42,534] INFO: Epoch 189 training completed
[2025-05-26 20:31:44,697] INFO: Test Loss: 0.3172 | Test Acc: 90.77%
[2025-05-26 20:31:44,983] INFO: New best accuracy: 90.77%, model saved.
[2025-05-26 20:31:45,553] INFO: Epoch 190 | Step 1/196 | Loss: 0.1629 | Acc: 96.88%
[2025-05-26 20:32:02,710] INFO: Epoch 190 | Step 101/196 | Loss: 0.1445 | Acc: 96.05%
[2025-05-26 20:32:18,942] INFO: Epoch 190 training completed
[2025-05-26 20:32:21,108] INFO: Test Loss: 0.3130 | Test Acc: 91.10%
[2025-05-26 20:32:21,302] INFO: New best accuracy: 91.10%, model saved.
[2025-05-26 20:32:21,980] INFO: Epoch 191 | Step 1/196 | Loss: 0.1264 | Acc: 96.09%
[2025-05-26 20:32:39,824] INFO: Epoch 191 | Step 101/196 | Loss: 0.1425 | Acc: 96.12%
[2025-05-26 20:32:56,085] INFO: Epoch 191 training completed
[2025-05-26 20:32:58,238] INFO: Test Loss: 0.3123 | Test Acc: 91.05%
[2025-05-26 20:32:58,828] INFO: Epoch 192 | Step 1/196 | Loss: 0.0905 | Acc: 98.05%
[2025-05-26 20:33:16,147] INFO: Epoch 192 | Step 101/196 | Loss: 0.1365 | Acc: 96.46%
[2025-05-26 20:33:32,397] INFO: Epoch 192 training completed
[2025-05-26 20:33:34,541] INFO: Test Loss: 0.3116 | Test Acc: 91.11%
[2025-05-26 20:33:34,736] INFO: New best accuracy: 91.11%, model saved.
[2025-05-26 20:33:35,290] INFO: Epoch 193 | Step 1/196 | Loss: 0.0834 | Acc: 98.83%
[2025-05-26 20:33:52,642] INFO: Epoch 193 | Step 101/196 | Loss: 0.1328 | Acc: 96.62%
[2025-05-26 20:34:08,806] INFO: Epoch 193 training completed
[2025-05-26 20:34:10,944] INFO: Test Loss: 0.3123 | Test Acc: 90.87%
[2025-05-26 20:34:11,528] INFO: Epoch 194 | Step 1/196 | Loss: 0.1852 | Acc: 96.09%
[2025-05-26 20:34:28,745] INFO: Epoch 194 | Step 101/196 | Loss: 0.1323 | Acc: 96.64%
[2025-05-26 20:34:44,988] INFO: Epoch 194 training completed
[2025-05-26 20:34:47,172] INFO: Test Loss: 0.3150 | Test Acc: 91.23%
[2025-05-26 20:34:47,366] INFO: New best accuracy: 91.23%, model saved.
[2025-05-26 20:34:47,940] INFO: Epoch 195 | Step 1/196 | Loss: 0.1047 | Acc: 97.66%
[2025-05-26 20:35:05,049] INFO: Epoch 195 | Step 101/196 | Loss: 0.1248 | Acc: 96.91%
[2025-05-26 20:35:21,193] INFO: Epoch 195 training completed
[2025-05-26 20:35:23,360] INFO: Test Loss: 0.3123 | Test Acc: 91.12%
[2025-05-26 20:35:23,922] INFO: Epoch 196 | Step 1/196 | Loss: 0.1101 | Acc: 96.88%
[2025-05-26 20:35:40,966] INFO: Epoch 196 | Step 101/196 | Loss: 0.1227 | Acc: 96.91%
[2025-05-26 20:35:57,049] INFO: Epoch 196 training completed
[2025-05-26 20:35:59,215] INFO: Test Loss: 0.3128 | Test Acc: 91.09%
[2025-05-26 20:35:59,807] INFO: Epoch 197 | Step 1/196 | Loss: 0.1354 | Acc: 94.92%
[2025-05-26 20:36:17,033] INFO: Epoch 197 | Step 101/196 | Loss: 0.1244 | Acc: 96.77%
[2025-05-26 20:36:33,312] INFO: Epoch 197 training completed
[2025-05-26 20:36:35,469] INFO: Test Loss: 0.3122 | Test Acc: 91.10%
[2025-05-26 20:36:36,054] INFO: Epoch 198 | Step 1/196 | Loss: 0.1105 | Acc: 98.44%
[2025-05-26 20:36:53,402] INFO: Epoch 198 | Step 101/196 | Loss: 0.1185 | Acc: 97.08%
[2025-05-26 20:37:09,505] INFO: Epoch 198 training completed
[2025-05-26 20:37:11,691] INFO: Test Loss: 0.3125 | Test Acc: 91.11%
[2025-05-26 20:37:12,352] INFO: Epoch 199 | Step 1/196 | Loss: 0.1830 | Acc: 95.70%
[2025-05-26 20:37:29,612] INFO: Epoch 199 | Step 101/196 | Loss: 0.1164 | Acc: 97.17%
[2025-05-26 20:37:45,751] INFO: Epoch 199 training completed
[2025-05-26 20:37:47,921] INFO: Test Loss: 0.3126 | Test Acc: 91.22%
[2025-05-26 20:37:48,497] INFO: Epoch 200 | Step 1/196 | Loss: 0.1465 | Acc: 96.48%
[2025-05-26 20:38:05,792] INFO: Epoch 200 | Step 101/196 | Loss: 0.1192 | Acc: 97.02%
[2025-05-26 20:38:22,098] INFO: Epoch 200 training completed
[2025-05-26 20:38:24,268] INFO: Test Loss: 0.3138 | Test Acc: 91.17%
[2025-05-26 20:38:24,569] INFO: Training complete. Best Test Accuracy: 91.23%
