[2025-06-12 08:54:33,205] INFO: Using device: cuda
[2025-06-12 08:55:09,521] INFO: Epoch 1 | Step 1/196 | Loss: 7.9755 | Acc: 10.55%
[2025-06-12 08:56:01,864] INFO: Epoch 1 | Step 101/196 | Loss: 4.7938 | Acc: 10.64%
[2025-06-12 08:56:51,856] INFO: Epoch 1 training completed
[2025-06-12 09:04:19,380] INFO: Using device: cuda
[2025-06-12 09:04:47,517] INFO: Epoch 1 | Step 1/196 | Loss: 7.9755 | Acc: 10.55%
[2025-06-12 09:05:39,753] INFO: Epoch 1 | Step 101/196 | Loss: 4.5920 | Acc: 10.96%
[2025-06-12 09:06:29,528] INFO: Epoch 1 training completed
[2025-06-12 09:06:54,035] INFO: Test Loss: 3.7322 | Test Acc: 14.81%
[2025-06-12 09:06:54,327] INFO: New best accuracy: 14.81%, model saved to ensemble_ghostnetv3_cifar10.pth
[2025-06-12 09:06:55,320] INFO: Epoch 2 | Step 1/196 | Loss: 3.1130 | Acc: 13.28%
[2025-06-12 09:07:47,977] INFO: Epoch 2 | Step 101/196 | Loss: 2.9631 | Acc: 14.18%
[2025-06-12 09:08:37,845] INFO: Epoch 2 training completed
[2025-06-12 09:08:39,949] INFO: Test Loss: 2.5083 | Test Acc: 18.18%
[2025-06-12 09:08:40,151] INFO: New best accuracy: 18.18%, model saved to ensemble_ghostnetv3_cifar10.pth
[2025-06-12 09:08:41,038] INFO: Epoch 3 | Step 1/196 | Loss: 2.6032 | Acc: 15.62%
[2025-06-12 09:09:33,945] INFO: Epoch 3 | Step 101/196 | Loss: 2.6003 | Acc: 18.31%
[2025-06-12 09:10:24,001] INFO: Epoch 3 training completed
[2025-06-12 09:10:26,134] INFO: Test Loss: 2.6290 | Test Acc: 21.63%
[2025-06-12 09:10:26,321] INFO: New best accuracy: 21.63%, model saved to ensemble_ghostnetv3_cifar10.pth
[2025-06-12 09:10:27,222] INFO: Epoch 4 | Step 1/196 | Loss: 2.0671 | Acc: 23.83%
[2025-06-12 09:11:20,239] INFO: Epoch 4 | Step 101/196 | Loss: 2.2208 | Acc: 23.65%
[2025-06-12 09:12:10,253] INFO: Epoch 4 training completed
[2025-06-12 09:12:12,365] INFO: Test Loss: 2.0572 | Test Acc: 28.68%
[2025-06-12 09:12:12,551] INFO: New best accuracy: 28.68%, model saved to ensemble_ghostnetv3_cifar10.pth
[2025-06-12 09:12:13,557] INFO: Epoch 5 | Step 1/196 | Loss: 2.1409 | Acc: 26.95%
[2025-06-12 09:13:06,529] INFO: Epoch 5 | Step 101/196 | Loss: 2.0302 | Acc: 28.21%
[2025-06-12 09:13:56,583] INFO: Epoch 5 training completed
[2025-06-12 09:13:58,711] INFO: Test Loss: 2.0824 | Test Acc: 33.77%
[2025-06-12 09:13:58,897] INFO: New best accuracy: 33.77%, model saved to ensemble_ghostnetv3_cifar10.pth
[2025-06-12 09:13:59,795] INFO: Epoch 6 | Step 1/196 | Loss: 1.9638 | Acc: 34.77%
[2025-06-12 09:14:52,858] INFO: Epoch 6 | Step 101/196 | Loss: 1.8618 | Acc: 33.27%
[2025-06-12 09:15:42,984] INFO: Epoch 6 training completed
[2025-06-12 09:15:45,100] INFO: Test Loss: 1.7928 | Test Acc: 37.87%
[2025-06-12 09:15:46,848] INFO: New best accuracy: 37.87%, model saved to ensemble_ghostnetv3_cifar10.pth
[2025-06-12 09:15:50,584] INFO: Epoch 7 | Step 1/196 | Loss: 1.7166 | Acc: 35.16%
[2025-06-12 09:16:43,565] INFO: Epoch 7 | Step 101/196 | Loss: 1.7331 | Acc: 36.70%
[2025-06-12 09:17:33,646] INFO: Epoch 7 training completed
[2025-06-12 09:17:35,771] INFO: Test Loss: 1.7228 | Test Acc: 42.78%
[2025-06-12 09:17:35,959] INFO: New best accuracy: 42.78%, model saved to ensemble_ghostnetv3_cifar10.pth
[2025-06-12 09:17:36,858] INFO: Epoch 8 | Step 1/196 | Loss: 1.6526 | Acc: 39.06%
[2025-06-12 09:18:29,933] INFO: Epoch 8 | Step 101/196 | Loss: 1.6155 | Acc: 39.74%
[2025-06-12 09:19:20,105] INFO: Epoch 8 training completed
[2025-06-12 09:19:22,242] INFO: Test Loss: 1.6835 | Test Acc: 45.07%
[2025-06-12 09:19:22,436] INFO: New best accuracy: 45.07%, model saved to ensemble_ghostnetv3_cifar10.pth
[2025-06-12 09:19:23,359] INFO: Epoch 9 | Step 1/196 | Loss: 1.5270 | Acc: 44.14%
[2025-06-12 09:20:16,482] INFO: Epoch 9 | Step 101/196 | Loss: 1.5324 | Acc: 43.64%
[2025-06-12 09:21:06,613] INFO: Epoch 9 training completed
[2025-06-12 09:21:08,745] INFO: Test Loss: 1.8410 | Test Acc: 47.38%
[2025-06-12 09:21:11,816] INFO: New best accuracy: 47.38%, model saved to ensemble_ghostnetv3_cifar10.pth
[2025-06-12 09:21:13,844] INFO: Epoch 10 | Step 1/196 | Loss: 1.4614 | Acc: 46.09%
[2025-06-12 09:22:07,012] INFO: Epoch 10 | Step 101/196 | Loss: 1.4558 | Acc: 46.26%
[2025-06-12 09:22:57,355] INFO: Epoch 10 training completed
[2025-06-12 09:22:59,510] INFO: Test Loss: 1.6378 | Test Acc: 49.81%
[2025-06-12 09:22:59,702] INFO: New best accuracy: 49.81%, model saved to ensemble_ghostnetv3_cifar10.pth
[2025-06-12 09:23:00,603] INFO: Epoch 11 | Step 1/196 | Loss: 1.4779 | Acc: 51.56%
[2025-06-12 09:23:53,744] INFO: Epoch 11 | Step 101/196 | Loss: 1.3811 | Acc: 48.76%
[2025-06-12 09:24:43,828] INFO: Epoch 11 training completed
[2025-06-12 09:24:45,965] INFO: Test Loss: 1.3715 | Test Acc: 52.63%
[2025-06-12 09:24:46,157] INFO: New best accuracy: 52.63%, model saved to ensemble_ghostnetv3_cifar10.pth
[2025-06-12 09:24:47,064] INFO: Epoch 12 | Step 1/196 | Loss: 1.2805 | Acc: 50.78%
[2025-06-12 09:25:40,111] INFO: Epoch 12 | Step 101/196 | Loss: 1.3047 | Acc: 51.33%
[2025-06-12 09:26:30,183] INFO: Epoch 12 training completed
[2025-06-12 09:26:32,305] INFO: Test Loss: 1.3141 | Test Acc: 54.67%
[2025-06-12 09:26:32,502] INFO: New best accuracy: 54.67%, model saved to ensemble_ghostnetv3_cifar10.pth
[2025-06-12 09:26:33,496] INFO: Epoch 13 | Step 1/196 | Loss: 1.1683 | Acc: 57.81%
[2025-06-12 09:27:26,665] INFO: Epoch 13 | Step 101/196 | Loss: 1.2311 | Acc: 54.40%
[2025-06-12 09:28:16,805] INFO: Epoch 13 training completed
[2025-06-12 09:28:18,932] INFO: Test Loss: 1.4320 | Test Acc: 56.48%
[2025-06-12 09:28:19,124] INFO: New best accuracy: 56.48%, model saved to ensemble_ghostnetv3_cifar10.pth
[2025-06-12 09:28:20,030] INFO: Epoch 14 | Step 1/196 | Loss: 1.2642 | Acc: 57.81%
[2025-06-12 09:29:13,125] INFO: Epoch 14 | Step 101/196 | Loss: 1.1670 | Acc: 56.64%
[2025-06-12 09:30:03,208] INFO: Epoch 14 training completed
[2025-06-12 09:30:05,338] INFO: Test Loss: 1.2910 | Test Acc: 58.54%
[2025-06-12 09:30:05,530] INFO: New best accuracy: 58.54%, model saved to ensemble_ghostnetv3_cifar10.pth
[2025-06-12 09:30:06,439] INFO: Epoch 15 | Step 1/196 | Loss: 1.1057 | Acc: 58.20%
[2025-06-12 09:30:59,472] INFO: Epoch 15 | Step 101/196 | Loss: 1.1057 | Acc: 58.68%
[2025-06-12 09:31:49,565] INFO: Epoch 15 training completed
[2025-06-12 09:31:51,692] INFO: Test Loss: 1.3141 | Test Acc: 58.65%
[2025-06-12 09:31:51,887] INFO: New best accuracy: 58.65%, model saved to ensemble_ghostnetv3_cifar10.pth
[2025-06-12 09:31:52,896] INFO: Epoch 16 | Step 1/196 | Loss: 1.0111 | Acc: 62.89%
[2025-06-12 09:32:45,908] INFO: Epoch 16 | Step 101/196 | Loss: 1.0527 | Acc: 61.08%
[2025-06-12 09:33:35,954] INFO: Epoch 16 training completed
[2025-06-12 09:33:38,070] INFO: Test Loss: 1.1357 | Test Acc: 61.51%
[2025-06-12 09:33:38,261] INFO: New best accuracy: 61.51%, model saved to ensemble_ghostnetv3_cifar10.pth
[2025-06-12 09:33:39,164] INFO: Epoch 17 | Step 1/196 | Loss: 0.9605 | Acc: 64.06%
[2025-06-12 09:34:32,180] INFO: Epoch 17 | Step 101/196 | Loss: 1.0038 | Acc: 62.80%
[2025-06-12 09:35:22,194] INFO: Epoch 17 training completed
[2025-06-12 09:35:24,308] INFO: Test Loss: 1.0441 | Test Acc: 63.39%
[2025-06-12 09:35:24,512] INFO: New best accuracy: 63.39%, model saved to ensemble_ghostnetv3_cifar10.pth
[2025-06-12 09:35:25,408] INFO: Epoch 18 | Step 1/196 | Loss: 0.8821 | Acc: 67.58%
[2025-06-12 09:36:18,390] INFO: Epoch 18 | Step 101/196 | Loss: 0.9597 | Acc: 64.44%
[2025-06-12 09:37:08,410] INFO: Epoch 18 training completed
[2025-06-12 09:37:10,526] INFO: Test Loss: 0.9934 | Test Acc: 64.71%
[2025-06-12 09:37:10,718] INFO: New best accuracy: 64.71%, model saved to ensemble_ghostnetv3_cifar10.pth
[2025-06-12 09:37:11,718] INFO: Epoch 19 | Step 1/196 | Loss: 0.8459 | Acc: 66.80%
[2025-06-12 09:38:04,685] INFO: Epoch 19 | Step 101/196 | Loss: 0.9164 | Acc: 66.27%
[2025-06-12 09:38:54,690] INFO: Epoch 19 training completed
[2025-06-12 09:38:56,807] INFO: Test Loss: 0.9516 | Test Acc: 67.01%
[2025-06-12 09:38:56,997] INFO: New best accuracy: 67.01%, model saved to ensemble_ghostnetv3_cifar10.pth
[2025-06-12 09:38:57,889] INFO: Epoch 20 | Step 1/196 | Loss: 0.7965 | Acc: 71.48%
[2025-06-12 09:39:50,912] INFO: Epoch 20 | Step 101/196 | Loss: 0.8782 | Acc: 67.62%
[2025-06-12 09:40:40,952] INFO: Epoch 20 training completed
[2025-06-12 09:40:43,093] INFO: Test Loss: 0.9688 | Test Acc: 65.94%
[2025-06-12 09:40:44,020] INFO: Epoch 21 | Step 1/196 | Loss: 0.8060 | Acc: 69.53%
[2025-06-12 09:41:37,011] INFO: Epoch 21 | Step 101/196 | Loss: 0.8469 | Acc: 68.82%
[2025-06-12 09:42:27,026] INFO: Epoch 21 training completed
[2025-06-12 09:42:29,143] INFO: Test Loss: 0.9149 | Test Acc: 68.04%
[2025-06-12 09:42:29,430] INFO: New best accuracy: 68.04%, model saved to ensemble_ghostnetv3_cifar10.pth
[2025-06-12 09:42:30,318] INFO: Epoch 22 | Step 1/196 | Loss: 0.7651 | Acc: 71.09%
[2025-06-12 09:43:23,338] INFO: Epoch 22 | Step 101/196 | Loss: 0.8093 | Acc: 69.94%
[2025-06-12 09:44:13,373] INFO: Epoch 22 training completed
[2025-06-12 09:44:15,490] INFO: Test Loss: 0.8626 | Test Acc: 70.13%
[2025-06-12 09:44:15,686] INFO: New best accuracy: 70.13%, model saved to ensemble_ghostnetv3_cifar10.pth
[2025-06-12 09:44:16,587] INFO: Epoch 23 | Step 1/196 | Loss: 0.7893 | Acc: 69.14%
[2025-06-12 09:45:09,603] INFO: Epoch 23 | Step 101/196 | Loss: 0.7783 | Acc: 71.17%
[2025-06-12 09:45:59,679] INFO: Epoch 23 training completed
[2025-06-12 09:46:01,796] INFO: Test Loss: 1.0285 | Test Acc: 69.70%
[2025-06-12 09:46:02,700] INFO: Epoch 24 | Step 1/196 | Loss: 0.6853 | Acc: 78.12%
[2025-06-12 09:46:55,689] INFO: Epoch 24 | Step 101/196 | Loss: 0.7487 | Acc: 72.03%
[2025-06-12 09:47:45,902] INFO: Epoch 24 training completed
[2025-06-12 09:47:48,220] INFO: Test Loss: 0.8216 | Test Acc: 71.35%
[2025-06-12 09:47:48,431] INFO: New best accuracy: 71.35%, model saved to ensemble_ghostnetv3_cifar10.pth
[2025-06-12 09:47:49,359] INFO: Epoch 25 | Step 1/196 | Loss: 0.6712 | Acc: 75.39%
[2025-06-12 09:48:42,452] INFO: Epoch 25 | Step 101/196 | Loss: 0.7152 | Acc: 73.61%
[2025-06-12 09:49:32,538] INFO: Epoch 25 training completed
[2025-06-12 09:49:34,661] INFO: Test Loss: 0.8406 | Test Acc: 71.76%
[2025-06-12 09:49:34,854] INFO: New best accuracy: 71.76%, model saved to ensemble_ghostnetv3_cifar10.pth
[2025-06-12 09:49:35,763] INFO: Epoch 26 | Step 1/196 | Loss: 0.6468 | Acc: 74.61%
[2025-06-12 09:50:28,800] INFO: Epoch 26 | Step 101/196 | Loss: 0.6912 | Acc: 74.58%
[2025-06-12 09:51:18,883] INFO: Epoch 26 training completed
[2025-06-12 09:51:21,008] INFO: Test Loss: 0.7593 | Test Acc: 74.65%
[2025-06-12 09:51:21,300] INFO: New best accuracy: 74.65%, model saved to ensemble_ghostnetv3_cifar10.pth
[2025-06-12 09:51:22,207] INFO: Epoch 27 | Step 1/196 | Loss: 0.5760 | Acc: 81.64%
[2025-06-12 09:52:15,263] INFO: Epoch 27 | Step 101/196 | Loss: 0.6640 | Acc: 75.96%
[2025-06-12 09:53:05,354] INFO: Epoch 27 training completed
[2025-06-12 09:53:07,477] INFO: Test Loss: 1.0567 | Test Acc: 72.64%
[2025-06-12 09:53:08,387] INFO: Epoch 28 | Step 1/196 | Loss: 0.5464 | Acc: 81.64%
[2025-06-12 09:54:01,425] INFO: Epoch 28 | Step 101/196 | Loss: 0.6396 | Acc: 76.74%
[2025-06-12 09:54:51,541] INFO: Epoch 28 training completed
[2025-06-12 09:54:53,665] INFO: Test Loss: 0.7225 | Test Acc: 75.64%
[2025-06-12 09:54:53,852] INFO: New best accuracy: 75.64%, model saved to ensemble_ghostnetv3_cifar10.pth
[2025-06-12 09:54:54,743] INFO: Epoch 29 | Step 1/196 | Loss: 0.5357 | Acc: 80.08%
[2025-06-12 09:55:47,783] INFO: Epoch 29 | Step 101/196 | Loss: 0.6278 | Acc: 76.86%
[2025-06-12 09:56:37,872] INFO: Epoch 29 training completed
[2025-06-12 09:56:39,996] INFO: Test Loss: 0.9640 | Test Acc: 72.82%
[2025-06-12 09:56:40,892] INFO: Epoch 30 | Step 1/196 | Loss: 0.5615 | Acc: 78.91%
[2025-06-12 09:57:33,986] INFO: Epoch 30 | Step 101/196 | Loss: 0.6002 | Acc: 78.33%
[2025-06-12 09:58:24,065] INFO: Epoch 30 training completed
[2025-06-12 09:58:26,198] INFO: Test Loss: 0.8653 | Test Acc: 76.26%
[2025-06-12 09:58:26,404] INFO: New best accuracy: 76.26%, model saved to ensemble_ghostnetv3_cifar10.pth
[2025-06-12 09:58:27,307] INFO: Epoch 31 | Step 1/196 | Loss: 0.4542 | Acc: 85.55%
[2025-06-12 09:59:20,342] INFO: Epoch 31 | Step 101/196 | Loss: 0.5900 | Acc: 78.49%
[2025-06-12 10:00:10,431] INFO: Epoch 31 training completed
[2025-06-12 10:00:12,567] INFO: Test Loss: 0.7808 | Test Acc: 73.41%
[2025-06-12 10:00:13,575] INFO: Epoch 32 | Step 1/196 | Loss: 0.5155 | Acc: 80.47%
[2025-06-12 10:01:06,606] INFO: Epoch 32 | Step 101/196 | Loss: 0.5788 | Acc: 79.20%
[2025-06-12 10:01:56,670] INFO: Epoch 32 training completed
[2025-06-12 10:01:58,801] INFO: Test Loss: 0.7547 | Test Acc: 74.52%
[2025-06-12 10:01:59,702] INFO: Epoch 33 | Step 1/196 | Loss: 0.5291 | Acc: 82.03%
[2025-06-12 10:02:52,740] INFO: Epoch 33 | Step 101/196 | Loss: 0.5749 | Acc: 79.27%
[2025-06-12 10:03:42,873] INFO: Epoch 33 training completed
[2025-06-12 10:03:45,001] INFO: Test Loss: 0.7221 | Test Acc: 75.29%
[2025-06-12 10:03:45,921] INFO: Epoch 34 | Step 1/196 | Loss: 0.4748 | Acc: 83.59%
[2025-06-12 10:04:39,031] INFO: Epoch 34 | Step 101/196 | Loss: 0.5637 | Acc: 79.66%
[2025-06-12 10:05:28,986] INFO: Epoch 34 training completed
[2025-06-12 10:05:31,118] INFO: Test Loss: 0.7534 | Test Acc: 74.20%
[2025-06-12 10:05:32,042] INFO: Epoch 35 | Step 1/196 | Loss: 0.4530 | Acc: 85.94%
[2025-06-12 10:06:24,997] INFO: Epoch 35 | Step 101/196 | Loss: 0.5625 | Acc: 79.84%
[2025-06-12 10:07:14,956] INFO: Epoch 35 training completed
[2025-06-12 10:07:17,091] INFO: Test Loss: 0.7064 | Test Acc: 76.09%
[2025-06-12 10:07:18,017] INFO: Epoch 36 | Step 1/196 | Loss: 0.4447 | Acc: 84.38%
[2025-06-12 10:08:10,926] INFO: Epoch 36 | Step 101/196 | Loss: 0.5548 | Acc: 80.46%
[2025-06-12 10:09:00,891] INFO: Epoch 36 training completed
[2025-06-12 10:09:03,041] INFO: Test Loss: 0.7025 | Test Acc: 76.61%
[2025-06-12 10:09:03,243] INFO: New best accuracy: 76.61%, model saved to ensemble_ghostnetv3_cifar10.pth
[2025-06-12 10:09:04,263] INFO: Epoch 37 | Step 1/196 | Loss: 0.5238 | Acc: 81.64%
[2025-06-12 10:09:57,174] INFO: Epoch 37 | Step 101/196 | Loss: 0.5508 | Acc: 80.70%
[2025-06-12 10:10:47,140] INFO: Epoch 37 training completed
[2025-06-12 10:10:49,306] INFO: Test Loss: 0.7440 | Test Acc: 75.06%
[2025-06-12 10:10:50,247] INFO: Epoch 38 | Step 1/196 | Loss: 0.4406 | Acc: 85.55%
[2025-06-12 10:11:43,152] INFO: Epoch 38 | Step 101/196 | Loss: 0.5476 | Acc: 80.79%
[2025-06-12 10:12:33,175] INFO: Epoch 38 training completed
[2025-06-12 10:12:35,351] INFO: Test Loss: 0.6617 | Test Acc: 78.25%
[2025-06-12 10:12:35,552] INFO: New best accuracy: 78.25%, model saved to ensemble_ghostnetv3_cifar10.pth
[2025-06-12 10:12:36,479] INFO: Epoch 39 | Step 1/196 | Loss: 0.4931 | Acc: 83.20%
[2025-06-12 10:13:29,387] INFO: Epoch 39 | Step 101/196 | Loss: 0.5445 | Acc: 80.91%
[2025-06-12 10:14:19,350] INFO: Epoch 39 training completed
[2025-06-12 10:14:21,518] INFO: Test Loss: 0.7002 | Test Acc: 76.98%
[2025-06-12 10:14:22,458] INFO: Epoch 40 | Step 1/196 | Loss: 0.4752 | Acc: 85.55%
[2025-06-12 10:15:15,432] INFO: Epoch 40 | Step 101/196 | Loss: 0.5476 | Acc: 80.86%
[2025-06-12 10:16:05,397] INFO: Epoch 40 training completed
[2025-06-12 10:16:07,606] INFO: Test Loss: 0.7285 | Test Acc: 75.89%
[2025-06-12 10:16:08,540] INFO: Epoch 41 | Step 1/196 | Loss: 0.4164 | Acc: 85.55%
[2025-06-12 10:17:01,492] INFO: Epoch 41 | Step 101/196 | Loss: 0.5396 | Acc: 81.18%
[2025-06-12 10:17:51,489] INFO: Epoch 41 training completed
[2025-06-12 10:17:53,658] INFO: Test Loss: 0.7472 | Test Acc: 75.84%
[2025-06-12 10:17:54,711] INFO: Epoch 42 | Step 1/196 | Loss: 0.4629 | Acc: 83.98%
[2025-06-12 10:18:47,661] INFO: Epoch 42 | Step 101/196 | Loss: 0.5426 | Acc: 81.00%
[2025-06-12 10:19:37,665] INFO: Epoch 42 training completed
[2025-06-12 10:19:39,828] INFO: Test Loss: 0.7449 | Test Acc: 75.57%
[2025-06-12 10:19:40,759] INFO: Epoch 43 | Step 1/196 | Loss: 0.4518 | Acc: 84.38%
[2025-06-12 10:20:33,707] INFO: Epoch 43 | Step 101/196 | Loss: 0.5461 | Acc: 81.20%
[2025-06-12 10:21:23,760] INFO: Epoch 43 training completed
[2025-06-12 10:21:25,888] INFO: Test Loss: 0.7033 | Test Acc: 76.91%
[2025-06-12 10:21:26,813] INFO: Epoch 44 | Step 1/196 | Loss: 0.4734 | Acc: 84.38%
[2025-06-12 10:22:19,782] INFO: Epoch 44 | Step 101/196 | Loss: 0.5482 | Acc: 80.79%
[2025-06-12 10:23:09,802] INFO: Epoch 44 training completed
[2025-06-12 10:23:11,927] INFO: Test Loss: 0.7230 | Test Acc: 75.99%
[2025-06-12 10:23:12,857] INFO: Epoch 45 | Step 1/196 | Loss: 0.4915 | Acc: 83.59%
[2025-06-12 10:24:05,862] INFO: Epoch 45 | Step 101/196 | Loss: 0.5444 | Acc: 80.99%
[2025-06-12 10:24:55,896] INFO: Epoch 45 training completed
[2025-06-12 10:24:58,066] INFO: Test Loss: 0.8082 | Test Acc: 73.77%
[2025-06-12 10:24:59,019] INFO: Epoch 46 | Step 1/196 | Loss: 0.4347 | Acc: 85.55%
[2025-06-12 10:25:51,994] INFO: Epoch 46 | Step 101/196 | Loss: 0.5504 | Acc: 80.90%
[2025-06-12 10:26:42,006] INFO: Epoch 46 training completed
[2025-06-12 10:26:44,163] INFO: Test Loss: 0.7372 | Test Acc: 75.71%
[2025-06-12 10:26:45,188] INFO: Epoch 47 | Step 1/196 | Loss: 0.4197 | Acc: 89.06%
[2025-06-12 10:27:38,156] INFO: Epoch 47 | Step 101/196 | Loss: 0.5439 | Acc: 81.27%
[2025-06-12 10:28:28,158] INFO: Epoch 47 training completed
[2025-06-12 10:28:30,288] INFO: Test Loss: 0.8189 | Test Acc: 73.26%
[2025-06-12 10:28:31,240] INFO: Epoch 48 | Step 1/196 | Loss: 0.4807 | Acc: 82.42%
[2025-06-12 10:29:24,200] INFO: Epoch 48 | Step 101/196 | Loss: 0.5456 | Acc: 80.96%
[2025-06-12 10:30:14,210] INFO: Epoch 48 training completed
[2025-06-12 10:30:16,354] INFO: Test Loss: 0.9207 | Test Acc: 69.74%
[2025-06-12 10:30:17,398] INFO: Epoch 49 | Step 1/196 | Loss: 0.4487 | Acc: 84.77%
[2025-06-12 10:31:10,360] INFO: Epoch 49 | Step 101/196 | Loss: 0.5425 | Acc: 81.25%
[2025-06-12 10:32:00,371] INFO: Epoch 49 training completed
[2025-06-12 10:32:02,525] INFO: Test Loss: 0.8331 | Test Acc: 72.47%
[2025-06-12 10:32:03,452] INFO: Epoch 50 | Step 1/196 | Loss: 0.4395 | Acc: 85.55%
[2025-06-12 10:32:56,446] INFO: Epoch 50 | Step 101/196 | Loss: 0.5402 | Acc: 81.37%
[2025-06-12 10:33:46,433] INFO: Epoch 50 training completed
[2025-06-12 10:33:48,590] INFO: Test Loss: 0.8180 | Test Acc: 72.67%
[2025-06-12 10:33:49,529] INFO: Epoch 51 | Step 1/196 | Loss: 0.4670 | Acc: 84.77%
[2025-06-12 10:34:42,498] INFO: Epoch 51 | Step 101/196 | Loss: 0.5393 | Acc: 81.41%
[2025-06-12 10:35:32,502] INFO: Epoch 51 training completed
[2025-06-12 10:35:34,676] INFO: Test Loss: 0.8936 | Test Acc: 71.72%
[2025-06-12 10:35:35,607] INFO: Epoch 52 | Step 1/196 | Loss: 0.4429 | Acc: 85.55%
[2025-06-12 10:36:28,617] INFO: Epoch 52 | Step 101/196 | Loss: 0.5439 | Acc: 81.05%
[2025-06-12 10:37:18,628] INFO: Epoch 52 training completed
[2025-06-12 10:37:20,772] INFO: Test Loss: 1.0879 | Test Acc: 66.07%
[2025-06-12 10:37:21,701] INFO: Epoch 53 | Step 1/196 | Loss: 0.4265 | Acc: 83.59%
[2025-06-12 10:38:14,653] INFO: Epoch 53 | Step 101/196 | Loss: 0.5390 | Acc: 81.25%
[2025-06-12 10:39:04,662] INFO: Epoch 53 training completed
[2025-06-12 10:39:06,844] INFO: Test Loss: 0.6580 | Test Acc: 78.15%
[2025-06-12 10:39:07,877] INFO: Epoch 54 | Step 1/196 | Loss: 0.4291 | Acc: 86.33%
[2025-06-12 10:40:00,839] INFO: Epoch 54 | Step 101/196 | Loss: 0.5345 | Acc: 81.46%
[2025-06-12 10:40:50,877] INFO: Epoch 54 training completed
[2025-06-12 10:40:53,017] INFO: Test Loss: 0.8349 | Test Acc: 71.76%
[2025-06-12 10:40:53,949] INFO: Epoch 55 | Step 1/196 | Loss: 0.4495 | Acc: 85.55%
[2025-06-12 10:41:46,971] INFO: Epoch 55 | Step 101/196 | Loss: 0.5393 | Acc: 81.29%
[2025-06-12 10:42:36,979] INFO: Epoch 55 training completed
[2025-06-12 10:42:39,136] INFO: Test Loss: 1.0211 | Test Acc: 65.65%
[2025-06-12 10:42:40,088] INFO: Epoch 56 | Step 1/196 | Loss: 0.4566 | Acc: 85.55%
[2025-06-12 10:43:33,046] INFO: Epoch 56 | Step 101/196 | Loss: 0.5319 | Acc: 81.51%
[2025-06-12 10:44:23,046] INFO: Epoch 56 training completed
[2025-06-12 10:44:25,223] INFO: Test Loss: 0.8857 | Test Acc: 71.80%
[2025-06-12 10:44:26,261] INFO: Epoch 57 | Step 1/196 | Loss: 0.4275 | Acc: 85.94%
[2025-06-12 10:45:19,229] INFO: Epoch 57 | Step 101/196 | Loss: 0.5386 | Acc: 81.08%
[2025-06-12 10:46:09,281] INFO: Epoch 57 training completed
[2025-06-12 10:46:11,461] INFO: Test Loss: 0.9209 | Test Acc: 70.46%
[2025-06-12 10:46:12,425] INFO: Epoch 58 | Step 1/196 | Loss: 0.4326 | Acc: 86.72%
[2025-06-12 10:47:05,392] INFO: Epoch 58 | Step 101/196 | Loss: 0.5421 | Acc: 81.27%
[2025-06-12 10:47:55,581] INFO: Epoch 58 training completed
[2025-06-12 10:47:57,954] INFO: Test Loss: 1.0249 | Test Acc: 67.19%
[2025-06-12 10:47:58,973] INFO: Epoch 59 | Step 1/196 | Loss: 0.4389 | Acc: 87.89%
[2025-06-12 10:48:52,026] INFO: Epoch 59 | Step 101/196 | Loss: 0.5451 | Acc: 81.17%
[2025-06-12 10:49:42,043] INFO: Epoch 59 training completed
[2025-06-12 10:49:44,198] INFO: Test Loss: 0.7482 | Test Acc: 74.99%
[2025-06-12 10:49:45,164] INFO: Epoch 60 | Step 1/196 | Loss: 0.4594 | Acc: 82.81%
[2025-06-12 10:50:38,277] INFO: Epoch 60 | Step 101/196 | Loss: 0.5342 | Acc: 81.54%
[2025-06-12 10:51:28,308] INFO: Epoch 60 training completed
[2025-06-12 10:51:30,479] INFO: Test Loss: 0.7856 | Test Acc: 73.48%
[2025-06-12 10:51:31,435] INFO: Epoch 61 | Step 1/196 | Loss: 0.4481 | Acc: 85.16%
[2025-06-12 10:52:24,422] INFO: Epoch 61 | Step 101/196 | Loss: 0.5382 | Acc: 81.36%
[2025-06-12 10:53:14,698] INFO: Epoch 61 training completed
[2025-06-12 10:53:17,072] INFO: Test Loss: 0.9077 | Test Acc: 68.91%
[2025-06-12 10:53:18,189] INFO: Epoch 62 | Step 1/196 | Loss: 0.5083 | Acc: 82.42%
[2025-06-12 10:54:11,198] INFO: Epoch 62 | Step 101/196 | Loss: 0.5376 | Acc: 81.18%
[2025-06-12 10:55:01,208] INFO: Epoch 62 training completed
[2025-06-12 10:55:03,369] INFO: Test Loss: 0.9305 | Test Acc: 69.05%
[2025-06-12 10:55:04,307] INFO: Epoch 63 | Step 1/196 | Loss: 0.4127 | Acc: 87.11%
[2025-06-12 10:55:57,321] INFO: Epoch 63 | Step 101/196 | Loss: 0.5373 | Acc: 81.34%
[2025-06-12 10:56:47,388] INFO: Epoch 63 training completed
[2025-06-12 10:56:49,544] INFO: Test Loss: 0.7423 | Test Acc: 75.67%
[2025-06-12 10:56:50,470] INFO: Epoch 64 | Step 1/196 | Loss: 0.4222 | Acc: 87.50%
[2025-06-12 10:57:43,443] INFO: Epoch 64 | Step 101/196 | Loss: 0.5337 | Acc: 81.57%
[2025-06-12 10:58:33,456] INFO: Epoch 64 training completed
[2025-06-12 10:58:35,620] INFO: Test Loss: 0.8090 | Test Acc: 72.14%
[2025-06-12 10:58:36,558] INFO: Epoch 65 | Step 1/196 | Loss: 0.4668 | Acc: 84.38%
[2025-06-12 10:59:29,572] INFO: Epoch 65 | Step 101/196 | Loss: 0.5329 | Acc: 81.56%
[2025-06-12 11:00:19,593] INFO: Epoch 65 training completed
[2025-06-12 11:00:21,747] INFO: Test Loss: 0.8253 | Test Acc: 72.03%
[2025-06-12 11:00:22,683] INFO: Epoch 66 | Step 1/196 | Loss: 0.4751 | Acc: 84.38%
[2025-06-12 11:01:15,648] INFO: Epoch 66 | Step 101/196 | Loss: 0.5260 | Acc: 81.54%
[2025-06-12 11:02:05,673] INFO: Epoch 66 training completed
[2025-06-12 11:02:07,796] INFO: Test Loss: 0.9490 | Test Acc: 68.66%
[2025-06-12 11:02:08,833] INFO: Epoch 67 | Step 1/196 | Loss: 0.4098 | Acc: 86.33%
[2025-06-12 11:03:01,798] INFO: Epoch 67 | Step 101/196 | Loss: 0.5279 | Acc: 81.63%
[2025-06-12 11:03:51,802] INFO: Epoch 67 training completed
[2025-06-12 11:03:53,933] INFO: Test Loss: 0.7887 | Test Acc: 73.90%
[2025-06-12 11:03:54,877] INFO: Epoch 68 | Step 1/196 | Loss: 0.4028 | Acc: 85.94%
[2025-06-12 11:04:47,886] INFO: Epoch 68 | Step 101/196 | Loss: 0.5286 | Acc: 81.71%
[2025-06-12 11:05:37,904] INFO: Epoch 68 training completed
[2025-06-12 11:05:40,041] INFO: Test Loss: 0.8006 | Test Acc: 74.39%
[2025-06-12 11:05:40,963] INFO: Epoch 69 | Step 1/196 | Loss: 0.4180 | Acc: 87.11%
[2025-06-12 11:06:33,929] INFO: Epoch 69 | Step 101/196 | Loss: 0.5279 | Acc: 81.63%
[2025-06-12 11:07:23,946] INFO: Epoch 69 training completed
[2025-06-12 11:07:26,098] INFO: Test Loss: 1.0520 | Test Acc: 65.02%
[2025-06-12 11:07:27,036] INFO: Epoch 70 | Step 1/196 | Loss: 0.4200 | Acc: 84.38%
[2025-06-12 11:08:20,055] INFO: Epoch 70 | Step 101/196 | Loss: 0.5261 | Acc: 81.78%
[2025-06-12 11:09:10,062] INFO: Epoch 70 training completed
[2025-06-12 11:09:12,200] INFO: Test Loss: 0.7474 | Test Acc: 75.71%
[2025-06-12 11:09:13,133] INFO: Epoch 71 | Step 1/196 | Loss: 0.4153 | Acc: 83.98%
[2025-06-12 11:10:06,105] INFO: Epoch 71 | Step 101/196 | Loss: 0.5242 | Acc: 81.89%
[2025-06-12 11:10:56,157] INFO: Epoch 71 training completed
[2025-06-12 11:10:58,298] INFO: Test Loss: 0.7308 | Test Acc: 75.99%
[2025-06-12 11:10:59,230] INFO: Epoch 72 | Step 1/196 | Loss: 0.4681 | Acc: 85.16%
[2025-06-12 11:11:52,203] INFO: Epoch 72 | Step 101/196 | Loss: 0.5237 | Acc: 82.00%
[2025-06-12 11:12:42,215] INFO: Epoch 72 training completed
[2025-06-12 11:12:44,368] INFO: Test Loss: 0.7483 | Test Acc: 75.48%
[2025-06-12 11:12:45,322] INFO: Epoch 73 | Step 1/196 | Loss: 0.4070 | Acc: 86.72%
[2025-06-12 11:13:38,338] INFO: Epoch 73 | Step 101/196 | Loss: 0.5187 | Acc: 81.93%
[2025-06-12 11:14:28,357] INFO: Epoch 73 training completed
[2025-06-12 11:14:30,485] INFO: Test Loss: 1.0187 | Test Acc: 66.99%
[2025-06-12 11:14:31,452] INFO: Epoch 74 | Step 1/196 | Loss: 0.3741 | Acc: 88.28%
[2025-06-12 11:15:24,502] INFO: Epoch 74 | Step 101/196 | Loss: 0.5175 | Acc: 82.07%
[2025-06-12 11:16:14,519] INFO: Epoch 74 training completed
[2025-06-12 11:16:16,663] INFO: Test Loss: 0.7356 | Test Acc: 75.51%
[2025-06-12 11:16:17,697] INFO: Epoch 75 | Step 1/196 | Loss: 0.4334 | Acc: 84.77%
[2025-06-12 11:17:10,677] INFO: Epoch 75 | Step 101/196 | Loss: 0.5144 | Acc: 82.28%
[2025-06-12 11:18:00,706] INFO: Epoch 75 training completed
[2025-06-12 11:18:02,881] INFO: Test Loss: 0.7113 | Test Acc: 76.64%
[2025-06-12 11:18:03,820] INFO: Epoch 76 | Step 1/196 | Loss: 0.3740 | Acc: 87.89%
[2025-06-12 11:18:56,812] INFO: Epoch 76 | Step 101/196 | Loss: 0.5265 | Acc: 81.68%
[2025-06-12 11:19:46,882] INFO: Epoch 76 training completed
[2025-06-12 11:19:49,034] INFO: Test Loss: 0.9423 | Test Acc: 67.87%
[2025-06-12 11:19:49,988] INFO: Epoch 77 | Step 1/196 | Loss: 0.4295 | Acc: 86.72%
[2025-06-12 11:20:42,959] INFO: Epoch 77 | Step 101/196 | Loss: 0.5243 | Acc: 81.85%
[2025-06-12 11:21:32,977] INFO: Epoch 77 training completed
[2025-06-12 11:21:35,174] INFO: Test Loss: 0.9588 | Test Acc: 68.62%
[2025-06-12 11:21:36,104] INFO: Epoch 78 | Step 1/196 | Loss: 0.4534 | Acc: 82.81%
[2025-06-12 11:22:29,125] INFO: Epoch 78 | Step 101/196 | Loss: 0.5207 | Acc: 82.18%
[2025-06-12 11:23:19,149] INFO: Epoch 78 training completed
[2025-06-12 11:23:21,350] INFO: Test Loss: 0.7735 | Test Acc: 73.79%
[2025-06-12 11:23:22,263] INFO: Epoch 79 | Step 1/196 | Loss: 0.4325 | Acc: 83.59%
[2025-06-12 11:24:15,231] INFO: Epoch 79 | Step 101/196 | Loss: 0.5215 | Acc: 81.99%
[2025-06-12 11:25:05,259] INFO: Epoch 79 training completed
[2025-06-12 11:25:07,406] INFO: Test Loss: 0.9188 | Test Acc: 69.87%
[2025-06-12 11:25:08,490] INFO: Epoch 80 | Step 1/196 | Loss: 0.4162 | Acc: 87.11%
[2025-06-12 11:26:01,475] INFO: Epoch 80 | Step 101/196 | Loss: 0.5140 | Acc: 82.23%
[2025-06-12 11:26:51,485] INFO: Epoch 80 training completed
[2025-06-12 11:26:53,641] INFO: Test Loss: 0.8162 | Test Acc: 73.17%
[2025-06-12 11:26:54,603] INFO: Epoch 81 | Step 1/196 | Loss: 0.4065 | Acc: 88.28%
[2025-06-12 11:27:47,559] INFO: Epoch 81 | Step 101/196 | Loss: 0.5080 | Acc: 82.33%
[2025-06-12 11:28:37,568] INFO: Epoch 81 training completed
[2025-06-12 11:28:39,735] INFO: Test Loss: 0.6802 | Test Acc: 77.76%
[2025-06-12 11:28:40,778] INFO: Epoch 82 | Step 1/196 | Loss: 0.4216 | Acc: 85.55%
[2025-06-12 11:29:33,749] INFO: Epoch 82 | Step 101/196 | Loss: 0.5168 | Acc: 82.02%
[2025-06-12 11:30:23,753] INFO: Epoch 82 training completed
[2025-06-12 11:30:25,991] INFO: Test Loss: 0.8066 | Test Acc: 73.69%
[2025-06-12 11:30:26,917] INFO: Epoch 83 | Step 1/196 | Loss: 0.4619 | Acc: 83.59%
[2025-06-12 11:31:19,889] INFO: Epoch 83 | Step 101/196 | Loss: 0.5069 | Acc: 82.37%
[2025-06-12 11:32:09,944] INFO: Epoch 83 training completed
[2025-06-12 11:32:12,091] INFO: Test Loss: 0.6606 | Test Acc: 78.22%
[2025-06-12 11:32:13,043] INFO: Epoch 84 | Step 1/196 | Loss: 0.4258 | Acc: 87.50%
[2025-06-12 11:33:06,010] INFO: Epoch 84 | Step 101/196 | Loss: 0.5115 | Acc: 82.49%
[2025-06-12 11:33:56,020] INFO: Epoch 84 training completed
[2025-06-12 11:33:58,128] INFO: Test Loss: 0.7780 | Test Acc: 74.62%
[2025-06-12 11:33:59,051] INFO: Epoch 85 | Step 1/196 | Loss: 0.4192 | Acc: 87.11%
[2025-06-12 11:34:52,066] INFO: Epoch 85 | Step 101/196 | Loss: 0.5069 | Acc: 82.51%
[2025-06-12 11:35:42,092] INFO: Epoch 85 training completed
[2025-06-12 11:35:44,245] INFO: Test Loss: 0.9324 | Test Acc: 70.69%
[2025-06-12 11:35:45,196] INFO: Epoch 86 | Step 1/196 | Loss: 0.3925 | Acc: 87.11%
[2025-06-12 11:36:38,167] INFO: Epoch 86 | Step 101/196 | Loss: 0.5055 | Acc: 82.58%
[2025-06-12 11:37:28,236] INFO: Epoch 86 training completed
[2025-06-12 11:37:30,383] INFO: Test Loss: 0.7512 | Test Acc: 74.98%
[2025-06-12 11:37:31,302] INFO: Epoch 87 | Step 1/196 | Loss: 0.3926 | Acc: 88.67%
[2025-06-12 11:38:24,285] INFO: Epoch 87 | Step 101/196 | Loss: 0.5061 | Acc: 82.61%
[2025-06-12 11:39:14,302] INFO: Epoch 87 training completed
[2025-06-12 11:39:16,538] INFO: Test Loss: 0.9786 | Test Acc: 67.88%
[2025-06-12 11:39:17,471] INFO: Epoch 88 | Step 1/196 | Loss: 0.4295 | Acc: 87.11%
[2025-06-12 11:40:10,445] INFO: Epoch 88 | Step 101/196 | Loss: 0.5062 | Acc: 82.25%
[2025-06-12 11:41:00,520] INFO: Epoch 88 training completed
[2025-06-12 11:41:02,679] INFO: Test Loss: 0.7895 | Test Acc: 74.32%
[2025-06-12 11:41:03,651] INFO: Epoch 89 | Step 1/196 | Loss: 0.4070 | Acc: 85.55%
[2025-06-12 11:41:56,621] INFO: Epoch 89 | Step 101/196 | Loss: 0.5023 | Acc: 82.43%
[2025-06-12 11:42:46,632] INFO: Epoch 89 training completed
[2025-06-12 11:42:48,837] INFO: Test Loss: 0.8987 | Test Acc: 70.91%
[2025-06-12 11:42:49,912] INFO: Epoch 90 | Step 1/196 | Loss: 0.3807 | Acc: 87.50%
[2025-06-12 11:43:42,885] INFO: Epoch 90 | Step 101/196 | Loss: 0.5022 | Acc: 82.55%
[2025-06-12 11:44:32,907] INFO: Epoch 90 training completed
[2025-06-12 11:44:35,114] INFO: Test Loss: 0.7009 | Test Acc: 77.54%
[2025-06-12 11:44:36,086] INFO: Epoch 91 | Step 1/196 | Loss: 0.3976 | Acc: 87.11%
[2025-06-12 11:45:29,061] INFO: Epoch 91 | Step 101/196 | Loss: 0.4974 | Acc: 82.99%
[2025-06-12 11:46:19,070] INFO: Epoch 91 training completed
[2025-06-12 11:46:21,199] INFO: Test Loss: 0.8541 | Test Acc: 70.83%
[2025-06-12 11:46:22,226] INFO: Epoch 92 | Step 1/196 | Loss: 0.4411 | Acc: 85.55%
[2025-06-12 11:47:15,199] INFO: Epoch 92 | Step 101/196 | Loss: 0.4952 | Acc: 82.84%
[2025-06-12 11:48:05,237] INFO: Epoch 92 training completed
[2025-06-12 11:48:07,447] INFO: Test Loss: 0.7611 | Test Acc: 74.34%
[2025-06-12 11:48:08,381] INFO: Epoch 93 | Step 1/196 | Loss: 0.4689 | Acc: 84.77%
[2025-06-12 11:49:01,354] INFO: Epoch 93 | Step 101/196 | Loss: 0.5011 | Acc: 82.56%
[2025-06-12 11:49:51,413] INFO: Epoch 93 training completed
[2025-06-12 11:49:53,554] INFO: Test Loss: 0.8434 | Test Acc: 72.03%
[2025-06-12 11:49:54,471] INFO: Epoch 94 | Step 1/196 | Loss: 0.3528 | Acc: 90.62%
[2025-06-12 11:50:47,442] INFO: Epoch 94 | Step 101/196 | Loss: 0.4940 | Acc: 82.96%
[2025-06-12 11:51:37,446] INFO: Epoch 94 training completed
[2025-06-12 11:51:39,587] INFO: Test Loss: 0.8385 | Test Acc: 73.09%
[2025-06-12 11:51:40,605] INFO: Epoch 95 | Step 1/196 | Loss: 0.4034 | Acc: 86.72%
[2025-06-12 11:52:33,587] INFO: Epoch 95 | Step 101/196 | Loss: 0.4897 | Acc: 83.17%
[2025-06-12 11:53:23,602] INFO: Epoch 95 training completed
[2025-06-12 11:53:25,750] INFO: Test Loss: 0.9301 | Test Acc: 70.59%
[2025-06-12 11:53:26,674] INFO: Epoch 96 | Step 1/196 | Loss: 0.4635 | Acc: 83.98%
[2025-06-12 11:54:19,650] INFO: Epoch 96 | Step 101/196 | Loss: 0.4914 | Acc: 83.02%
[2025-06-12 11:55:09,716] INFO: Epoch 96 training completed
[2025-06-12 11:55:11,868] INFO: Test Loss: 0.8927 | Test Acc: 70.51%
[2025-06-12 11:55:12,809] INFO: Epoch 97 | Step 1/196 | Loss: 0.3700 | Acc: 89.45%
[2025-06-12 11:56:05,781] INFO: Epoch 97 | Step 101/196 | Loss: 0.4892 | Acc: 83.21%
[2025-06-12 11:56:55,791] INFO: Epoch 97 training completed
[2025-06-12 11:56:57,909] INFO: Test Loss: 0.9103 | Test Acc: 70.56%
[2025-06-12 11:56:58,842] INFO: Epoch 98 | Step 1/196 | Loss: 0.4345 | Acc: 86.72%
[2025-06-12 11:57:51,862] INFO: Epoch 98 | Step 101/196 | Loss: 0.4921 | Acc: 83.14%
[2025-06-12 11:58:41,876] INFO: Epoch 98 training completed
[2025-06-12 11:58:44,024] INFO: Test Loss: 0.7318 | Test Acc: 75.98%
[2025-06-12 11:58:44,960] INFO: Epoch 99 | Step 1/196 | Loss: 0.3883 | Acc: 86.72%
[2025-06-12 11:59:37,933] INFO: Epoch 99 | Step 101/196 | Loss: 0.4809 | Acc: 83.48%
[2025-06-12 12:00:27,946] INFO: Epoch 99 training completed
[2025-06-12 12:00:30,103] INFO: Test Loss: 0.7999 | Test Acc: 75.09%
[2025-06-12 12:00:31,160] INFO: Epoch 100 | Step 1/196 | Loss: 0.4147 | Acc: 86.72%
[2025-06-12 12:01:24,136] INFO: Epoch 100 | Step 101/196 | Loss: 0.4835 | Acc: 83.38%
[2025-06-12 12:02:14,164] INFO: Epoch 100 training completed
[2025-06-12 12:02:16,296] INFO: Test Loss: 0.6897 | Test Acc: 78.18%
[2025-06-12 12:02:17,266] INFO: Epoch 101 | Step 1/196 | Loss: 0.4238 | Acc: 85.55%
[2025-06-12 12:03:10,241] INFO: Epoch 101 | Step 101/196 | Loss: 0.4805 | Acc: 83.44%
[2025-06-12 12:04:00,304] INFO: Epoch 101 training completed
[2025-06-12 12:04:02,462] INFO: Test Loss: 0.9587 | Test Acc: 69.87%
[2025-06-12 12:04:03,393] INFO: Epoch 102 | Step 1/196 | Loss: 0.4015 | Acc: 83.98%
[2025-06-12 12:04:56,371] INFO: Epoch 102 | Step 101/196 | Loss: 0.4801 | Acc: 83.29%
[2025-06-12 12:05:46,398] INFO: Epoch 102 training completed
[2025-06-12 12:05:48,527] INFO: Test Loss: 0.7183 | Test Acc: 76.90%
[2025-06-12 12:05:49,445] INFO: Epoch 103 | Step 1/196 | Loss: 0.3971 | Acc: 87.50%
[2025-06-12 12:06:42,459] INFO: Epoch 103 | Step 101/196 | Loss: 0.4783 | Acc: 83.62%
[2025-06-12 12:07:32,494] INFO: Epoch 103 training completed
[2025-06-12 12:07:34,627] INFO: Test Loss: 0.7846 | Test Acc: 73.81%
[2025-06-12 12:07:35,555] INFO: Epoch 104 | Step 1/196 | Loss: 0.3795 | Acc: 87.89%
[2025-06-12 12:08:28,527] INFO: Epoch 104 | Step 101/196 | Loss: 0.4757 | Acc: 83.66%
[2025-06-12 12:09:18,599] INFO: Epoch 104 training completed
[2025-06-12 12:09:20,797] INFO: Test Loss: 0.8924 | Test Acc: 72.37%
[2025-06-12 12:09:21,732] INFO: Epoch 105 | Step 1/196 | Loss: 0.3930 | Acc: 86.72%
[2025-06-12 12:10:14,696] INFO: Epoch 105 | Step 101/196 | Loss: 0.4716 | Acc: 83.76%
[2025-06-12 12:11:04,723] INFO: Epoch 105 training completed
[2025-06-12 12:11:06,881] INFO: Test Loss: 0.9688 | Test Acc: 70.05%
[2025-06-12 12:11:07,850] INFO: Epoch 106 | Step 1/196 | Loss: 0.4407 | Acc: 85.94%
[2025-06-12 12:12:00,827] INFO: Epoch 106 | Step 101/196 | Loss: 0.4723 | Acc: 83.91%
[2025-06-12 12:12:50,887] INFO: Epoch 106 training completed
[2025-06-12 12:12:53,043] INFO: Test Loss: 0.7432 | Test Acc: 74.77%
[2025-06-12 12:12:53,976] INFO: Epoch 107 | Step 1/196 | Loss: 0.4144 | Acc: 85.55%
[2025-06-12 12:13:46,940] INFO: Epoch 107 | Step 101/196 | Loss: 0.4691 | Acc: 83.67%
[2025-06-12 12:14:36,951] INFO: Epoch 107 training completed
[2025-06-12 12:14:39,109] INFO: Test Loss: 0.7155 | Test Acc: 76.77%
[2025-06-12 12:14:40,154] INFO: Epoch 108 | Step 1/196 | Loss: 0.3655 | Acc: 89.06%
[2025-06-12 12:15:33,122] INFO: Epoch 108 | Step 101/196 | Loss: 0.4673 | Acc: 83.99%
[2025-06-12 12:16:23,134] INFO: Epoch 108 training completed
[2025-06-12 12:16:25,349] INFO: Test Loss: 0.8644 | Test Acc: 71.18%
[2025-06-12 12:16:26,285] INFO: Epoch 109 | Step 1/196 | Loss: 0.3277 | Acc: 88.67%
[2025-06-12 12:17:19,257] INFO: Epoch 109 | Step 101/196 | Loss: 0.4629 | Acc: 84.31%
[2025-06-12 12:18:09,269] INFO: Epoch 109 training completed
[2025-06-12 12:18:11,411] INFO: Test Loss: 0.7114 | Test Acc: 77.00%
[2025-06-12 12:18:12,454] INFO: Epoch 110 | Step 1/196 | Loss: 0.4183 | Acc: 85.94%
[2025-06-12 12:19:05,432] INFO: Epoch 110 | Step 101/196 | Loss: 0.4588 | Acc: 84.17%
[2025-06-12 12:19:55,452] INFO: Epoch 110 training completed
[2025-06-12 12:19:57,561] INFO: Test Loss: 0.8094 | Test Acc: 73.67%
[2025-06-12 12:19:58,497] INFO: Epoch 111 | Step 1/196 | Loss: 0.3879 | Acc: 86.72%
[2025-06-12 12:20:51,471] INFO: Epoch 111 | Step 101/196 | Loss: 0.4605 | Acc: 84.13%
[2025-06-12 12:21:41,542] INFO: Epoch 111 training completed
[2025-06-12 12:21:43,689] INFO: Test Loss: 0.6910 | Test Acc: 78.18%
[2025-06-12 12:21:44,630] INFO: Epoch 112 | Step 1/196 | Loss: 0.4054 | Acc: 87.50%
[2025-06-12 12:22:37,616] INFO: Epoch 112 | Step 101/196 | Loss: 0.4623 | Acc: 84.05%
[2025-06-12 12:23:27,634] INFO: Epoch 112 training completed
[2025-06-12 12:23:29,777] INFO: Test Loss: 0.6590 | Test Acc: 78.62%
[2025-06-12 12:23:29,975] INFO: New best accuracy: 78.62%, model saved to ensemble_ghostnetv3_cifar10.pth
[2025-06-12 12:23:30,996] INFO: Epoch 113 | Step 1/196 | Loss: 0.3497 | Acc: 88.67%
[2025-06-12 12:24:23,945] INFO: Epoch 113 | Step 101/196 | Loss: 0.4520 | Acc: 84.55%
[2025-06-12 12:25:13,955] INFO: Epoch 113 training completed
[2025-06-12 12:25:16,188] INFO: Test Loss: 0.6208 | Test Acc: 79.58%
[2025-06-12 12:25:16,390] INFO: New best accuracy: 79.58%, model saved to ensemble_ghostnetv3_cifar10.pth
[2025-06-12 12:25:17,319] INFO: Epoch 114 | Step 1/196 | Loss: 0.3912 | Acc: 86.33%
[2025-06-12 12:26:10,326] INFO: Epoch 114 | Step 101/196 | Loss: 0.4503 | Acc: 84.53%
[2025-06-12 12:27:00,333] INFO: Epoch 114 training completed
[2025-06-12 12:27:02,553] INFO: Test Loss: 0.6790 | Test Acc: 77.70%
[2025-06-12 12:27:03,495] INFO: Epoch 115 | Step 1/196 | Loss: 0.3339 | Acc: 91.02%
[2025-06-12 12:27:56,458] INFO: Epoch 115 | Step 101/196 | Loss: 0.4508 | Acc: 84.67%
[2025-06-12 12:28:46,565] INFO: Epoch 115 training completed
[2025-06-12 12:28:48,803] INFO: Test Loss: 0.9610 | Test Acc: 69.82%
[2025-06-12 12:28:49,737] INFO: Epoch 116 | Step 1/196 | Loss: 0.3089 | Acc: 91.02%
[2025-06-12 12:29:42,708] INFO: Epoch 116 | Step 101/196 | Loss: 0.4407 | Acc: 84.99%
[2025-06-12 12:30:32,718] INFO: Epoch 116 training completed
[2025-06-12 12:30:34,873] INFO: Test Loss: 0.7228 | Test Acc: 76.22%
[2025-06-12 12:30:35,804] INFO: Epoch 117 | Step 1/196 | Loss: 0.3450 | Acc: 88.67%
[2025-06-12 12:31:28,807] INFO: Epoch 117 | Step 101/196 | Loss: 0.4449 | Acc: 84.79%
[2025-06-12 12:32:18,816] INFO: Epoch 117 training completed
[2025-06-12 12:32:20,982] INFO: Test Loss: 0.5724 | Test Acc: 81.72%
[2025-06-12 12:32:21,183] INFO: New best accuracy: 81.72%, model saved to ensemble_ghostnetv3_cifar10.pth
[2025-06-12 12:32:22,139] INFO: Epoch 118 | Step 1/196 | Loss: 0.3601 | Acc: 88.67%
[2025-06-12 12:33:15,108] INFO: Epoch 118 | Step 101/196 | Loss: 0.4406 | Acc: 84.69%
[2025-06-12 12:34:05,170] INFO: Epoch 118 training completed
[2025-06-12 12:34:07,372] INFO: Test Loss: 0.6411 | Test Acc: 79.09%
[2025-06-12 12:34:08,331] INFO: Epoch 119 | Step 1/196 | Loss: 0.3921 | Acc: 85.55%
[2025-06-12 12:35:01,304] INFO: Epoch 119 | Step 101/196 | Loss: 0.4442 | Acc: 84.75%
[2025-06-12 12:35:51,331] INFO: Epoch 119 training completed
[2025-06-12 12:35:53,492] INFO: Test Loss: 0.6428 | Test Acc: 78.97%
[2025-06-12 12:35:54,573] INFO: Epoch 120 | Step 1/196 | Loss: 0.3743 | Acc: 85.94%
[2025-06-12 12:36:47,548] INFO: Epoch 120 | Step 101/196 | Loss: 0.4407 | Acc: 84.77%
[2025-06-12 12:37:37,565] INFO: Epoch 120 training completed
[2025-06-12 12:37:39,740] INFO: Test Loss: 0.6950 | Test Acc: 77.92%
[2025-06-12 12:37:40,682] INFO: Epoch 121 | Step 1/196 | Loss: 0.3511 | Acc: 89.06%
[2025-06-12 12:38:33,658] INFO: Epoch 121 | Step 101/196 | Loss: 0.4337 | Acc: 85.13%
[2025-06-12 12:39:23,676] INFO: Epoch 121 training completed
[2025-06-12 12:39:25,857] INFO: Test Loss: 0.6045 | Test Acc: 80.67%
[2025-06-12 12:39:26,879] INFO: Epoch 122 | Step 1/196 | Loss: 0.3498 | Acc: 88.28%
[2025-06-12 12:40:19,846] INFO: Epoch 122 | Step 101/196 | Loss: 0.4270 | Acc: 85.46%
[2025-06-12 12:41:09,889] INFO: Epoch 122 training completed
[2025-06-12 12:41:12,081] INFO: Test Loss: 0.6912 | Test Acc: 77.66%
[2025-06-12 12:41:13,037] INFO: Epoch 123 | Step 1/196 | Loss: 0.3559 | Acc: 88.67%
[2025-06-12 12:42:06,050] INFO: Epoch 123 | Step 101/196 | Loss: 0.4278 | Acc: 85.20%
[2025-06-12 12:42:56,069] INFO: Epoch 123 training completed
[2025-06-12 12:42:58,219] INFO: Test Loss: 0.5939 | Test Acc: 80.72%
[2025-06-12 12:42:59,168] INFO: Epoch 124 | Step 1/196 | Loss: 0.3494 | Acc: 87.89%
[2025-06-12 12:43:52,128] INFO: Epoch 124 | Step 101/196 | Loss: 0.4312 | Acc: 85.22%
[2025-06-12 12:44:42,147] INFO: Epoch 124 training completed
[2025-06-12 12:44:44,320] INFO: Test Loss: 0.6116 | Test Acc: 79.69%
[2025-06-12 12:44:45,260] INFO: Epoch 125 | Step 1/196 | Loss: 0.3710 | Acc: 87.50%
[2025-06-12 12:45:38,284] INFO: Epoch 125 | Step 101/196 | Loss: 0.4206 | Acc: 85.48%
[2025-06-12 12:46:28,304] INFO: Epoch 125 training completed
[2025-06-12 12:46:30,469] INFO: Test Loss: 0.6365 | Test Acc: 79.58%
[2025-06-12 12:46:31,409] INFO: Epoch 126 | Step 1/196 | Loss: 0.3418 | Acc: 89.45%
[2025-06-12 12:47:24,382] INFO: Epoch 126 | Step 101/196 | Loss: 0.4242 | Acc: 85.41%
[2025-06-12 12:48:14,433] INFO: Epoch 126 training completed
[2025-06-12 12:48:16,592] INFO: Test Loss: 0.6094 | Test Acc: 80.22%
[2025-06-12 12:48:17,522] INFO: Epoch 127 | Step 1/196 | Loss: 0.3211 | Acc: 90.62%
[2025-06-12 12:49:10,496] INFO: Epoch 127 | Step 101/196 | Loss: 0.4159 | Acc: 85.69%
[2025-06-12 12:50:00,512] INFO: Epoch 127 training completed
[2025-06-12 12:50:02,699] INFO: Test Loss: 0.6157 | Test Acc: 80.61%
[2025-06-12 12:50:03,615] INFO: Epoch 128 | Step 1/196 | Loss: 0.3287 | Acc: 89.84%
[2025-06-12 12:50:56,622] INFO: Epoch 128 | Step 101/196 | Loss: 0.4141 | Acc: 85.91%
[2025-06-12 12:51:46,639] INFO: Epoch 128 training completed
[2025-06-12 12:51:48,793] INFO: Test Loss: 0.6259 | Test Acc: 79.53%
[2025-06-12 12:51:49,726] INFO: Epoch 129 | Step 1/196 | Loss: 0.3085 | Acc: 89.45%
[2025-06-12 12:52:42,719] INFO: Epoch 129 | Step 101/196 | Loss: 0.4076 | Acc: 86.06%
[2025-06-12 12:53:32,737] INFO: Epoch 129 training completed
[2025-06-12 12:53:34,916] INFO: Test Loss: 0.6663 | Test Acc: 79.10%
[2025-06-12 12:53:36,023] INFO: Epoch 130 | Step 1/196 | Loss: 0.2768 | Acc: 90.23%
[2025-06-12 12:54:29,017] INFO: Epoch 130 | Step 101/196 | Loss: 0.4089 | Acc: 85.94%
[2025-06-12 12:55:19,036] INFO: Epoch 130 training completed
[2025-06-12 12:55:21,188] INFO: Test Loss: 0.5835 | Test Acc: 80.92%
[2025-06-12 12:55:22,104] INFO: Epoch 131 | Step 1/196 | Loss: 0.2963 | Acc: 91.80%
[2025-06-12 12:56:15,080] INFO: Epoch 131 | Step 101/196 | Loss: 0.4000 | Acc: 86.31%
[2025-06-12 12:57:05,144] INFO: Epoch 131 training completed
[2025-06-12 12:57:07,309] INFO: Test Loss: 0.5623 | Test Acc: 82.19%
[2025-06-12 12:57:07,516] INFO: New best accuracy: 82.19%, model saved to ensemble_ghostnetv3_cifar10.pth
[2025-06-12 12:57:08,426] INFO: Epoch 132 | Step 1/196 | Loss: 0.3483 | Acc: 88.67%
[2025-06-12 12:58:01,400] INFO: Epoch 132 | Step 101/196 | Loss: 0.3991 | Acc: 86.20%
[2025-06-12 12:58:51,522] INFO: Epoch 132 training completed
[2025-06-12 12:58:53,707] INFO: Test Loss: 0.7410 | Test Acc: 76.72%
[2025-06-12 12:58:54,629] INFO: Epoch 133 | Step 1/196 | Loss: 0.2801 | Acc: 91.02%
[2025-06-12 12:59:47,601] INFO: Epoch 133 | Step 101/196 | Loss: 0.3938 | Acc: 86.80%
[2025-06-12 13:00:37,616] INFO: Epoch 133 training completed
[2025-06-12 13:00:39,754] INFO: Test Loss: 0.5607 | Test Acc: 82.10%
[2025-06-12 13:00:40,684] INFO: Epoch 134 | Step 1/196 | Loss: 0.3507 | Acc: 85.94%
[2025-06-12 13:01:33,711] INFO: Epoch 134 | Step 101/196 | Loss: 0.3977 | Acc: 86.35%
[2025-06-12 13:02:23,735] INFO: Epoch 134 training completed
[2025-06-12 13:02:25,934] INFO: Test Loss: 0.5272 | Test Acc: 83.11%
[2025-06-12 13:02:26,134] INFO: New best accuracy: 83.11%, model saved to ensemble_ghostnetv3_cifar10.pth
[2025-06-12 13:02:27,054] INFO: Epoch 135 | Step 1/196 | Loss: 0.3373 | Acc: 87.89%
[2025-06-12 13:03:20,036] INFO: Epoch 135 | Step 101/196 | Loss: 0.3942 | Acc: 86.42%
[2025-06-12 13:04:10,111] INFO: Epoch 135 training completed
[2025-06-12 13:04:12,320] INFO: Test Loss: 0.5421 | Test Acc: 82.70%
[2025-06-12 13:04:13,250] INFO: Epoch 136 | Step 1/196 | Loss: 0.3232 | Acc: 89.84%
[2025-06-12 13:05:06,238] INFO: Epoch 136 | Step 101/196 | Loss: 0.3845 | Acc: 86.89%
[2025-06-12 13:05:56,282] INFO: Epoch 136 training completed
[2025-06-12 13:05:58,457] INFO: Test Loss: 0.5663 | Test Acc: 82.21%
[2025-06-12 13:05:59,516] INFO: Epoch 137 | Step 1/196 | Loss: 0.2692 | Acc: 92.58%
[2025-06-12 13:06:52,490] INFO: Epoch 137 | Step 101/196 | Loss: 0.3858 | Acc: 86.92%
[2025-06-12 13:07:42,506] INFO: Epoch 137 training completed
[2025-06-12 13:07:44,699] INFO: Test Loss: 0.5624 | Test Acc: 81.76%
[2025-06-12 13:07:45,655] INFO: Epoch 138 | Step 1/196 | Loss: 0.2661 | Acc: 92.19%
[2025-06-12 13:08:38,622] INFO: Epoch 138 | Step 101/196 | Loss: 0.3825 | Acc: 86.93%
[2025-06-12 13:09:28,631] INFO: Epoch 138 training completed
[2025-06-12 13:09:30,802] INFO: Test Loss: 0.5976 | Test Acc: 81.05%
[2025-06-12 13:09:31,850] INFO: Epoch 139 | Step 1/196 | Loss: 0.3243 | Acc: 89.84%
[2025-06-12 13:10:24,820] INFO: Epoch 139 | Step 101/196 | Loss: 0.3735 | Acc: 87.15%
[2025-06-12 13:11:14,836] INFO: Epoch 139 training completed
[2025-06-12 13:11:16,990] INFO: Test Loss: 0.4800 | Test Acc: 84.48%
[2025-06-12 13:11:17,186] INFO: New best accuracy: 84.48%, model saved to ensemble_ghostnetv3_cifar10.pth
[2025-06-12 13:11:18,112] INFO: Epoch 140 | Step 1/196 | Loss: 0.2578 | Acc: 91.41%
[2025-06-12 13:12:11,135] INFO: Epoch 140 | Step 101/196 | Loss: 0.3677 | Acc: 87.53%
[2025-06-12 13:13:01,157] INFO: Epoch 140 training completed
[2025-06-12 13:13:03,342] INFO: Test Loss: 0.6305 | Test Acc: 80.20%
[2025-06-12 13:13:04,267] INFO: Epoch 141 | Step 1/196 | Loss: 0.2514 | Acc: 92.19%
[2025-06-12 13:13:57,239] INFO: Epoch 141 | Step 101/196 | Loss: 0.3670 | Acc: 87.42%
[2025-06-12 13:14:47,262] INFO: Epoch 141 training completed
[2025-06-12 13:14:49,456] INFO: Test Loss: 0.5028 | Test Acc: 83.94%
[2025-06-12 13:14:50,519] INFO: Epoch 142 | Step 1/196 | Loss: 0.2769 | Acc: 91.02%
[2025-06-12 13:15:43,497] INFO: Epoch 142 | Step 101/196 | Loss: 0.3645 | Acc: 87.55%
[2025-06-12 13:16:33,528] INFO: Epoch 142 training completed
[2025-06-12 13:16:35,686] INFO: Test Loss: 0.5156 | Test Acc: 83.33%
[2025-06-12 13:16:36,612] INFO: Epoch 143 | Step 1/196 | Loss: 0.2221 | Acc: 91.80%
[2025-06-12 13:17:29,636] INFO: Epoch 143 | Step 101/196 | Loss: 0.3583 | Acc: 87.60%
[2025-06-12 13:18:19,663] INFO: Epoch 143 training completed
[2025-06-12 13:18:21,822] INFO: Test Loss: 0.5831 | Test Acc: 81.41%
[2025-06-12 13:18:22,759] INFO: Epoch 144 | Step 1/196 | Loss: 0.2980 | Acc: 89.06%
[2025-06-12 13:19:15,726] INFO: Epoch 144 | Step 101/196 | Loss: 0.3606 | Acc: 87.85%
[2025-06-12 13:20:05,751] INFO: Epoch 144 training completed
[2025-06-12 13:20:07,877] INFO: Test Loss: 0.4753 | Test Acc: 85.05%
[2025-06-12 13:20:08,075] INFO: New best accuracy: 85.05%, model saved to ensemble_ghostnetv3_cifar10.pth
[2025-06-12 13:20:09,101] INFO: Epoch 145 | Step 1/196 | Loss: 0.2617 | Acc: 91.80%
[2025-06-12 13:21:02,073] INFO: Epoch 145 | Step 101/196 | Loss: 0.3542 | Acc: 87.99%
[2025-06-12 13:21:52,085] INFO: Epoch 145 training completed
[2025-06-12 13:21:54,263] INFO: Test Loss: 0.6138 | Test Acc: 80.15%
[2025-06-12 13:21:55,202] INFO: Epoch 146 | Step 1/196 | Loss: 0.2741 | Acc: 89.45%
[2025-06-12 13:22:48,176] INFO: Epoch 146 | Step 101/196 | Loss: 0.3500 | Acc: 88.03%
[2025-06-12 13:23:38,226] INFO: Epoch 146 training completed
[2025-06-12 13:23:40,393] INFO: Test Loss: 0.5092 | Test Acc: 83.71%
[2025-06-12 13:23:41,315] INFO: Epoch 147 | Step 1/196 | Loss: 0.3162 | Acc: 88.67%
[2025-06-12 13:24:34,282] INFO: Epoch 147 | Step 101/196 | Loss: 0.3468 | Acc: 88.06%
[2025-06-12 13:25:24,292] INFO: Epoch 147 training completed
[2025-06-12 13:25:26,431] INFO: Test Loss: 0.5413 | Test Acc: 82.95%
[2025-06-12 13:25:27,350] INFO: Epoch 148 | Step 1/196 | Loss: 0.2353 | Acc: 94.14%
[2025-06-12 13:26:20,335] INFO: Epoch 148 | Step 101/196 | Loss: 0.3421 | Acc: 88.21%
[2025-06-12 13:27:10,416] INFO: Epoch 148 training completed
[2025-06-12 13:27:12,559] INFO: Test Loss: 0.4970 | Test Acc: 84.44%
[2025-06-12 13:27:13,517] INFO: Epoch 149 | Step 1/196 | Loss: 0.2311 | Acc: 92.58%
[2025-06-12 13:28:06,480] INFO: Epoch 149 | Step 101/196 | Loss: 0.3319 | Acc: 88.65%
[2025-06-12 13:28:56,496] INFO: Epoch 149 training completed
[2025-06-12 13:28:58,636] INFO: Test Loss: 0.5544 | Test Acc: 81.75%
[2025-06-12 13:28:59,569] INFO: Epoch 150 | Step 1/196 | Loss: 0.2665 | Acc: 91.41%
[2025-06-12 13:29:52,600] INFO: Epoch 150 | Step 101/196 | Loss: 0.3315 | Acc: 88.66%
[2025-06-12 13:30:42,619] INFO: Epoch 150 training completed
[2025-06-12 13:30:44,786] INFO: Test Loss: 0.4481 | Test Acc: 86.25%
[2025-06-12 13:30:44,982] INFO: New best accuracy: 86.25%, model saved to ensemble_ghostnetv3_cifar10.pth
[2025-06-12 13:30:45,952] INFO: Epoch 151 | Step 1/196 | Loss: 0.2283 | Acc: 92.97%
[2025-06-12 13:31:38,989] INFO: Epoch 151 | Step 101/196 | Loss: 0.3291 | Acc: 88.67%
[2025-06-12 13:32:29,006] INFO: Epoch 151 training completed
[2025-06-12 13:32:31,167] INFO: Test Loss: 0.5453 | Test Acc: 83.26%
[2025-06-12 13:32:32,132] INFO: Epoch 152 | Step 1/196 | Loss: 0.2458 | Acc: 92.58%
[2025-06-12 13:33:25,064] INFO: Epoch 152 | Step 101/196 | Loss: 0.3180 | Acc: 89.16%
[2025-06-12 13:34:15,036] INFO: Epoch 152 training completed
[2025-06-12 13:34:17,161] INFO: Test Loss: 0.5159 | Test Acc: 83.61%
[2025-06-12 13:34:18,199] INFO: Epoch 153 | Step 1/196 | Loss: 0.1944 | Acc: 94.53%
[2025-06-12 13:35:11,135] INFO: Epoch 153 | Step 101/196 | Loss: 0.3191 | Acc: 89.16%
[2025-06-12 13:36:01,107] INFO: Epoch 153 training completed
[2025-06-12 13:36:03,250] INFO: Test Loss: 0.4934 | Test Acc: 84.38%
[2025-06-12 13:36:04,188] INFO: Epoch 154 | Step 1/196 | Loss: 0.2319 | Acc: 92.58%
[2025-06-12 13:36:57,124] INFO: Epoch 154 | Step 101/196 | Loss: 0.3174 | Acc: 89.21%
[2025-06-12 13:37:47,154] INFO: Epoch 154 training completed
[2025-06-12 13:37:49,293] INFO: Test Loss: 0.4707 | Test Acc: 84.56%
[2025-06-12 13:37:50,234] INFO: Epoch 155 | Step 1/196 | Loss: 0.1918 | Acc: 93.75%
[2025-06-12 13:38:43,163] INFO: Epoch 155 | Step 101/196 | Loss: 0.3184 | Acc: 89.07%
[2025-06-12 13:39:33,140] INFO: Epoch 155 training completed
[2025-06-12 13:39:35,274] INFO: Test Loss: 0.4813 | Test Acc: 85.45%
[2025-06-12 13:39:36,211] INFO: Epoch 156 | Step 1/196 | Loss: 0.1958 | Acc: 94.92%
[2025-06-12 13:40:29,182] INFO: Epoch 156 | Step 101/196 | Loss: 0.3041 | Acc: 89.76%
[2025-06-12 13:41:19,175] INFO: Epoch 156 training completed
[2025-06-12 13:41:21,335] INFO: Test Loss: 0.4996 | Test Acc: 84.34%
[2025-06-12 13:41:22,277] INFO: Epoch 157 | Step 1/196 | Loss: 0.1903 | Acc: 95.31%
[2025-06-12 13:42:15,256] INFO: Epoch 157 | Step 101/196 | Loss: 0.3047 | Acc: 89.74%
[2025-06-12 13:43:05,269] INFO: Epoch 157 training completed
[2025-06-12 13:43:07,470] INFO: Test Loss: 0.4635 | Test Acc: 85.53%
[2025-06-12 13:43:08,503] INFO: Epoch 158 | Step 1/196 | Loss: 0.2076 | Acc: 94.14%
[2025-06-12 13:44:01,466] INFO: Epoch 158 | Step 101/196 | Loss: 0.2915 | Acc: 90.20%
[2025-06-12 13:44:51,487] INFO: Epoch 158 training completed
[2025-06-12 13:44:53,659] INFO: Test Loss: 0.4790 | Test Acc: 85.00%
[2025-06-12 13:44:54,592] INFO: Epoch 159 | Step 1/196 | Loss: 0.2411 | Acc: 92.19%
[2025-06-12 13:45:47,576] INFO: Epoch 159 | Step 101/196 | Loss: 0.2946 | Acc: 90.14%
[2025-06-12 13:46:37,638] INFO: Epoch 159 training completed
[2025-06-12 13:46:39,782] INFO: Test Loss: 0.4438 | Test Acc: 86.53%
[2025-06-12 13:46:40,010] INFO: New best accuracy: 86.53%, model saved to ensemble_ghostnetv3_cifar10.pth
[2025-06-12 13:46:40,934] INFO: Epoch 160 | Step 1/196 | Loss: 0.1843 | Acc: 95.31%
[2025-06-12 13:47:33,858] INFO: Epoch 160 | Step 101/196 | Loss: 0.2848 | Acc: 90.40%
[2025-06-12 13:48:23,848] INFO: Epoch 160 training completed
[2025-06-12 13:48:25,983] INFO: Test Loss: 0.4237 | Test Acc: 86.46%
[2025-06-12 13:48:27,007] INFO: Epoch 161 | Step 1/196 | Loss: 0.2288 | Acc: 91.80%
[2025-06-12 13:49:19,988] INFO: Epoch 161 | Step 101/196 | Loss: 0.2840 | Acc: 90.65%
[2025-06-12 13:50:10,037] INFO: Epoch 161 training completed
[2025-06-12 13:50:12,193] INFO: Test Loss: 0.4175 | Test Acc: 87.02%
[2025-06-12 13:50:12,394] INFO: New best accuracy: 87.02%, model saved to ensemble_ghostnetv3_cifar10.pth
[2025-06-12 13:50:13,323] INFO: Epoch 162 | Step 1/196 | Loss: 0.1597 | Acc: 96.09%
[2025-06-12 13:51:06,344] INFO: Epoch 162 | Step 101/196 | Loss: 0.2783 | Acc: 90.55%
[2025-06-12 13:51:56,357] INFO: Epoch 162 training completed
[2025-06-12 13:51:58,544] INFO: Test Loss: 0.4564 | Test Acc: 85.84%
[2025-06-12 13:51:59,483] INFO: Epoch 163 | Step 1/196 | Loss: 0.1788 | Acc: 93.75%
[2025-06-12 13:52:52,470] INFO: Epoch 163 | Step 101/196 | Loss: 0.2732 | Acc: 90.85%
[2025-06-12 13:53:42,532] INFO: Epoch 163 training completed
[2025-06-12 13:53:44,691] INFO: Test Loss: 0.5534 | Test Acc: 83.24%
[2025-06-12 13:53:45,641] INFO: Epoch 164 | Step 1/196 | Loss: 0.1865 | Acc: 94.92%
[2025-06-12 13:54:38,625] INFO: Epoch 164 | Step 101/196 | Loss: 0.2659 | Acc: 91.19%
[2025-06-12 13:55:28,642] INFO: Epoch 164 training completed
[2025-06-12 13:55:30,796] INFO: Test Loss: 0.4502 | Test Acc: 86.30%
[2025-06-12 13:55:31,723] INFO: Epoch 165 | Step 1/196 | Loss: 0.1695 | Acc: 94.92%
[2025-06-12 13:56:24,744] INFO: Epoch 165 | Step 101/196 | Loss: 0.2663 | Acc: 91.12%
[2025-06-12 13:57:14,754] INFO: Epoch 165 training completed
[2025-06-12 13:57:16,895] INFO: Test Loss: 0.4114 | Test Acc: 87.30%
[2025-06-12 13:57:17,094] INFO: New best accuracy: 87.30%, model saved to ensemble_ghostnetv3_cifar10.pth
[2025-06-12 13:57:18,010] INFO: Epoch 166 | Step 1/196 | Loss: 0.1828 | Acc: 94.92%
[2025-06-12 13:58:10,983] INFO: Epoch 166 | Step 101/196 | Loss: 0.2587 | Acc: 91.46%
[2025-06-12 13:59:01,046] INFO: Epoch 166 training completed
[2025-06-12 13:59:03,229] INFO: Test Loss: 0.3971 | Test Acc: 87.80%
[2025-06-12 13:59:03,426] INFO: New best accuracy: 87.80%, model saved to ensemble_ghostnetv3_cifar10.pth
[2025-06-12 13:59:04,358] INFO: Epoch 167 | Step 1/196 | Loss: 0.1990 | Acc: 92.19%
[2025-06-12 13:59:57,329] INFO: Epoch 167 | Step 101/196 | Loss: 0.2493 | Acc: 91.73%
[2025-06-12 14:00:47,349] INFO: Epoch 167 training completed
[2025-06-12 14:00:49,581] INFO: Test Loss: 0.3830 | Test Acc: 88.14%
[2025-06-12 14:00:49,782] INFO: New best accuracy: 88.14%, model saved to ensemble_ghostnetv3_cifar10.pth
[2025-06-12 14:00:50,718] INFO: Epoch 168 | Step 1/196 | Loss: 0.1937 | Acc: 92.58%
[2025-06-12 14:01:43,730] INFO: Epoch 168 | Step 101/196 | Loss: 0.2466 | Acc: 91.77%
[2025-06-12 14:02:33,751] INFO: Epoch 168 training completed
[2025-06-12 14:02:35,892] INFO: Test Loss: 0.3944 | Test Acc: 87.93%
[2025-06-12 14:02:36,828] INFO: Epoch 169 | Step 1/196 | Loss: 0.1713 | Acc: 94.53%
[2025-06-12 14:03:29,791] INFO: Epoch 169 | Step 101/196 | Loss: 0.2393 | Acc: 92.08%
[2025-06-12 14:04:19,798] INFO: Epoch 169 training completed
[2025-06-12 14:04:21,966] INFO: Test Loss: 0.3955 | Test Acc: 87.49%
[2025-06-12 14:04:22,994] INFO: Epoch 170 | Step 1/196 | Loss: 0.1777 | Acc: 95.31%
[2025-06-12 14:05:15,948] INFO: Epoch 170 | Step 101/196 | Loss: 0.2388 | Acc: 92.14%
[2025-06-12 14:06:05,978] INFO: Epoch 170 training completed
[2025-06-12 14:06:08,135] INFO: Test Loss: 0.3724 | Test Acc: 88.65%
[2025-06-12 14:06:08,337] INFO: New best accuracy: 88.65%, model saved to ensemble_ghostnetv3_cifar10.pth
[2025-06-12 14:06:09,257] INFO: Epoch 171 | Step 1/196 | Loss: 0.1564 | Acc: 96.09%
[2025-06-12 14:07:02,226] INFO: Epoch 171 | Step 101/196 | Loss: 0.2292 | Acc: 92.54%
[2025-06-12 14:07:52,288] INFO: Epoch 171 training completed
[2025-06-12 14:07:54,425] INFO: Test Loss: 0.3875 | Test Acc: 87.94%
[2025-06-12 14:07:55,362] INFO: Epoch 172 | Step 1/196 | Loss: 0.1601 | Acc: 94.92%
[2025-06-12 14:08:48,334] INFO: Epoch 172 | Step 101/196 | Loss: 0.2253 | Acc: 92.67%
[2025-06-12 14:09:38,355] INFO: Epoch 172 training completed
[2025-06-12 14:09:40,528] INFO: Test Loss: 0.3809 | Test Acc: 88.25%
[2025-06-12 14:09:41,450] INFO: Epoch 173 | Step 1/196 | Loss: 0.1344 | Acc: 96.88%
[2025-06-12 14:10:34,425] INFO: Epoch 173 | Step 101/196 | Loss: 0.2164 | Acc: 92.94%
[2025-06-12 14:11:24,483] INFO: Epoch 173 training completed
[2025-06-12 14:11:26,700] INFO: Test Loss: 0.3845 | Test Acc: 88.44%
[2025-06-12 14:11:27,624] INFO: Epoch 174 | Step 1/196 | Loss: 0.1465 | Acc: 95.70%
[2025-06-12 14:12:20,604] INFO: Epoch 174 | Step 101/196 | Loss: 0.2129 | Acc: 93.11%
[2025-06-12 14:13:10,624] INFO: Epoch 174 training completed
[2025-06-12 14:13:12,787] INFO: Test Loss: 0.3794 | Test Acc: 88.48%
[2025-06-12 14:13:13,819] INFO: Epoch 175 | Step 1/196 | Loss: 0.1531 | Acc: 95.70%
[2025-06-12 14:14:06,794] INFO: Epoch 175 | Step 101/196 | Loss: 0.2062 | Acc: 93.37%
[2025-06-12 14:14:56,813] INFO: Epoch 175 training completed
[2025-06-12 14:14:58,939] INFO: Test Loss: 0.3779 | Test Acc: 88.92%
[2025-06-12 14:14:59,141] INFO: New best accuracy: 88.92%, model saved to ensemble_ghostnetv3_cifar10.pth
[2025-06-12 14:15:00,066] INFO: Epoch 176 | Step 1/196 | Loss: 0.1410 | Acc: 96.09%
[2025-06-12 14:15:53,089] INFO: Epoch 176 | Step 101/196 | Loss: 0.1983 | Acc: 93.63%
[2025-06-12 14:16:43,112] INFO: Epoch 176 training completed
[2025-06-12 14:16:45,301] INFO: Test Loss: 0.3629 | Test Acc: 89.02%
[2025-06-12 14:16:45,507] INFO: New best accuracy: 89.02%, model saved to ensemble_ghostnetv3_cifar10.pth
[2025-06-12 14:16:46,444] INFO: Epoch 177 | Step 1/196 | Loss: 0.1191 | Acc: 96.88%
[2025-06-12 14:17:39,411] INFO: Epoch 177 | Step 101/196 | Loss: 0.1952 | Acc: 93.57%
[2025-06-12 14:18:29,425] INFO: Epoch 177 training completed
[2025-06-12 14:18:31,563] INFO: Test Loss: 0.3801 | Test Acc: 88.47%
[2025-06-12 14:18:32,487] INFO: Epoch 178 | Step 1/196 | Loss: 0.1321 | Acc: 96.48%
[2025-06-12 14:19:25,503] INFO: Epoch 178 | Step 101/196 | Loss: 0.1883 | Acc: 94.03%
[2025-06-12 14:20:15,521] INFO: Epoch 178 training completed
[2025-06-12 14:20:17,673] INFO: Test Loss: 0.3593 | Test Acc: 89.02%
[2025-06-12 14:20:18,598] INFO: Epoch 179 | Step 1/196 | Loss: 0.1254 | Acc: 96.88%
[2025-06-12 14:21:11,573] INFO: Epoch 179 | Step 101/196 | Loss: 0.1815 | Acc: 94.24%
[2025-06-12 14:22:01,628] INFO: Epoch 179 training completed
[2025-06-12 14:22:03,771] INFO: Test Loss: 0.3450 | Test Acc: 89.49%
[2025-06-12 14:22:03,976] INFO: New best accuracy: 89.49%, model saved to ensemble_ghostnetv3_cifar10.pth
[2025-06-12 14:22:04,903] INFO: Epoch 180 | Step 1/196 | Loss: 0.1068 | Acc: 96.88%
[2025-06-12 14:22:57,890] INFO: Epoch 180 | Step 101/196 | Loss: 0.1740 | Acc: 94.46%
[2025-06-12 14:23:47,905] INFO: Epoch 180 training completed
[2025-06-12 14:23:50,026] INFO: Test Loss: 0.3610 | Test Acc: 89.07%
[2025-06-12 14:23:50,954] INFO: Epoch 181 | Step 1/196 | Loss: 0.1280 | Acc: 95.70%
[2025-06-12 14:24:43,977] INFO: Epoch 181 | Step 101/196 | Loss: 0.1674 | Acc: 94.69%
[2025-06-12 14:25:34,000] INFO: Epoch 181 training completed
[2025-06-12 14:25:36,145] INFO: Test Loss: 0.3659 | Test Acc: 89.21%
[2025-06-12 14:25:37,060] INFO: Epoch 182 | Step 1/196 | Loss: 0.1126 | Acc: 97.27%
[2025-06-12 14:26:30,031] INFO: Epoch 182 | Step 101/196 | Loss: 0.1626 | Acc: 94.95%
[2025-06-12 14:27:20,030] INFO: Epoch 182 training completed
[2025-06-12 14:27:22,173] INFO: Test Loss: 0.3439 | Test Acc: 89.61%
[2025-06-12 14:27:22,472] INFO: New best accuracy: 89.61%, model saved to ensemble_ghostnetv3_cifar10.pth
[2025-06-12 14:27:23,397] INFO: Epoch 183 | Step 1/196 | Loss: 0.1069 | Acc: 97.27%
[2025-06-12 14:28:16,369] INFO: Epoch 183 | Step 101/196 | Loss: 0.1525 | Acc: 95.37%
[2025-06-12 14:29:06,388] INFO: Epoch 183 training completed
[2025-06-12 14:29:08,554] INFO: Test Loss: 0.3469 | Test Acc: 89.90%
[2025-06-12 14:29:08,752] INFO: New best accuracy: 89.90%, model saved to ensemble_ghostnetv3_cifar10.pth
[2025-06-12 14:29:09,664] INFO: Epoch 184 | Step 1/196 | Loss: 0.1061 | Acc: 98.05%
[2025-06-12 14:30:02,695] INFO: Epoch 184 | Step 101/196 | Loss: 0.1470 | Acc: 95.50%
[2025-06-12 14:30:52,706] INFO: Epoch 184 training completed
[2025-06-12 14:30:54,902] INFO: Test Loss: 0.3482 | Test Acc: 90.17%
[2025-06-12 14:30:55,102] INFO: New best accuracy: 90.17%, model saved to ensemble_ghostnetv3_cifar10.pth
[2025-06-12 14:30:56,042] INFO: Epoch 185 | Step 1/196 | Loss: 0.0734 | Acc: 99.22%
[2025-06-12 14:31:49,021] INFO: Epoch 185 | Step 101/196 | Loss: 0.1462 | Acc: 95.53%
[2025-06-12 14:32:39,035] INFO: Epoch 185 training completed
[2025-06-12 14:32:41,190] INFO: Test Loss: 0.3399 | Test Acc: 89.93%
[2025-06-12 14:32:42,252] INFO: Epoch 186 | Step 1/196 | Loss: 0.1155 | Acc: 95.31%
[2025-06-12 14:33:35,235] INFO: Epoch 186 | Step 101/196 | Loss: 0.1374 | Acc: 96.06%
[2025-06-12 14:34:25,251] INFO: Epoch 186 training completed
[2025-06-12 14:34:27,407] INFO: Test Loss: 0.3304 | Test Acc: 90.38%
[2025-06-12 14:34:27,606] INFO: New best accuracy: 90.38%, model saved to ensemble_ghostnetv3_cifar10.pth
[2025-06-12 14:34:28,558] INFO: Epoch 187 | Step 1/196 | Loss: 0.0960 | Acc: 97.27%
[2025-06-12 14:35:21,528] INFO: Epoch 187 | Step 101/196 | Loss: 0.1352 | Acc: 96.06%
[2025-06-12 14:36:11,551] INFO: Epoch 187 training completed
[2025-06-12 14:36:13,742] INFO: Test Loss: 0.3458 | Test Acc: 90.01%
[2025-06-12 14:36:14,690] INFO: Epoch 188 | Step 1/196 | Loss: 0.1095 | Acc: 96.09%
[2025-06-12 14:37:07,701] INFO: Epoch 188 | Step 101/196 | Loss: 0.1290 | Acc: 96.25%
[2025-06-12 14:37:57,724] INFO: Epoch 188 training completed
[2025-06-12 14:37:59,867] INFO: Test Loss: 0.3455 | Test Acc: 90.07%
[2025-06-12 14:38:00,796] INFO: Epoch 189 | Step 1/196 | Loss: 0.0857 | Acc: 98.05%
[2025-06-12 14:38:53,770] INFO: Epoch 189 | Step 101/196 | Loss: 0.1231 | Acc: 96.36%
[2025-06-12 14:39:43,831] INFO: Epoch 189 training completed
[2025-06-12 14:39:46,037] INFO: Test Loss: 0.3402 | Test Acc: 90.39%
[2025-06-12 14:39:46,312] INFO: New best accuracy: 90.39%, model saved to ensemble_ghostnetv3_cifar10.pth
[2025-06-12 14:39:47,244] INFO: Epoch 190 | Step 1/196 | Loss: 0.0805 | Acc: 97.27%
[2025-06-12 14:40:40,222] INFO: Epoch 190 | Step 101/196 | Loss: 0.1186 | Acc: 96.64%
[2025-06-12 14:41:30,248] INFO: Epoch 190 training completed
[2025-06-12 14:41:32,405] INFO: Test Loss: 0.3459 | Test Acc: 90.15%
[2025-06-12 14:41:33,357] INFO: Epoch 191 | Step 1/196 | Loss: 0.0791 | Acc: 98.05%
[2025-06-12 14:42:26,383] INFO: Epoch 191 | Step 101/196 | Loss: 0.1119 | Acc: 96.76%
[2025-06-12 14:43:16,403] INFO: Epoch 191 training completed
[2025-06-12 14:43:18,586] INFO: Test Loss: 0.3446 | Test Acc: 90.19%
[2025-06-12 14:43:19,513] INFO: Epoch 192 | Step 1/196 | Loss: 0.0817 | Acc: 97.27%
[2025-06-12 14:44:12,493] INFO: Epoch 192 | Step 101/196 | Loss: 0.1096 | Acc: 97.05%
[2025-06-12 14:45:02,536] INFO: Epoch 192 training completed
[2025-06-12 14:45:04,796] INFO: Test Loss: 0.3351 | Test Acc: 90.51%
[2025-06-12 14:45:05,093] INFO: New best accuracy: 90.51%, model saved to ensemble_ghostnetv3_cifar10.pth
[2025-06-12 14:45:06,016] INFO: Epoch 193 | Step 1/196 | Loss: 0.0802 | Acc: 98.05%
[2025-06-12 14:45:59,033] INFO: Epoch 193 | Step 101/196 | Loss: 0.1067 | Acc: 97.10%
[2025-06-12 14:46:49,059] INFO: Epoch 193 training completed
[2025-06-12 14:46:51,220] INFO: Test Loss: 0.3376 | Test Acc: 90.38%
[2025-06-12 14:46:52,145] INFO: Epoch 194 | Step 1/196 | Loss: 0.0862 | Acc: 97.27%
[2025-06-12 14:47:45,118] INFO: Epoch 194 | Step 101/196 | Loss: 0.1022 | Acc: 97.31%
[2025-06-12 14:48:35,183] INFO: Epoch 194 training completed
[2025-06-12 14:48:37,331] INFO: Test Loss: 0.3413 | Test Acc: 90.45%
[2025-06-12 14:48:38,264] INFO: Epoch 195 | Step 1/196 | Loss: 0.0707 | Acc: 98.44%
[2025-06-12 14:49:31,231] INFO: Epoch 195 | Step 101/196 | Loss: 0.1009 | Acc: 97.32%
[2025-06-12 14:50:21,235] INFO: Epoch 195 training completed
[2025-06-12 14:50:23,395] INFO: Test Loss: 0.3402 | Test Acc: 90.41%
[2025-06-12 14:50:24,424] INFO: Epoch 196 | Step 1/196 | Loss: 0.0591 | Acc: 99.22%
[2025-06-12 14:51:17,391] INFO: Epoch 196 | Step 101/196 | Loss: 0.0986 | Acc: 97.28%
[2025-06-12 14:52:07,394] INFO: Epoch 196 training completed
[2025-06-12 14:52:09,539] INFO: Test Loss: 0.3387 | Test Acc: 90.39%
[2025-06-12 14:52:10,472] INFO: Epoch 197 | Step 1/196 | Loss: 0.0611 | Acc: 98.83%
[2025-06-12 14:53:03,460] INFO: Epoch 197 | Step 101/196 | Loss: 0.0967 | Acc: 97.50%
[2025-06-12 14:53:53,529] INFO: Epoch 197 training completed
[2025-06-12 14:53:55,703] INFO: Test Loss: 0.3373 | Test Acc: 90.36%
[2025-06-12 14:53:56,630] INFO: Epoch 198 | Step 1/196 | Loss: 0.0665 | Acc: 98.05%
[2025-06-12 14:54:49,601] INFO: Epoch 198 | Step 101/196 | Loss: 0.0966 | Acc: 97.47%
[2025-06-12 14:55:39,614] INFO: Epoch 198 training completed
[2025-06-12 14:55:41,782] INFO: Test Loss: 0.3373 | Test Acc: 90.37%
[2025-06-12 14:55:42,708] INFO: Epoch 199 | Step 1/196 | Loss: 0.0634 | Acc: 98.44%
[2025-06-12 14:56:35,682] INFO: Epoch 199 | Step 101/196 | Loss: 0.0933 | Acc: 97.59%
[2025-06-12 14:57:25,748] INFO: Epoch 199 training completed
[2025-06-12 14:57:27,871] INFO: Test Loss: 0.3371 | Test Acc: 90.40%
[2025-06-12 14:57:28,801] INFO: Epoch 200 | Step 1/196 | Loss: 0.0615 | Acc: 98.44%
[2025-06-12 14:58:21,765] INFO: Epoch 200 | Step 101/196 | Loss: 0.0935 | Acc: 97.62%
[2025-06-12 14:59:11,780] INFO: Epoch 200 training completed
[2025-06-12 14:59:13,937] INFO: Test Loss: 0.3378 | Test Acc: 90.41%
[2025-06-12 14:59:14,348] INFO: Training complete. Best Test Accuracy: 90.51%
