[2025-05-28 11:27:17,242] INFO: Using device: cuda
[2025-05-28 11:27:44,554] INFO: Epoch 1 | Step 1/196 | Loss: 8.7174 | Acc: 7.03%
[2025-05-28 11:28:00,899] INFO: Epoch 1 | Step 101/196 | Loss: 4.6566 | Acc: 11.03%
[2025-05-28 11:28:16,557] INFO: Epoch 1 training completed
[2025-05-28 11:28:40,700] INFO: Test Loss: 2.4231 | Test Acc: 13.34%
[2025-05-28 11:28:40,891] INFO: New best accuracy: 13.34%, model saved.
[2025-05-28 11:28:41,421] INFO: Epoch 2 | Step 1/196 | Loss: 3.2827 | Acc: 10.55%
[2025-05-28 11:28:57,827] INFO: Epoch 2 | Step 101/196 | Loss: 2.8978 | Acc: 13.97%
[2025-05-28 11:29:13,351] INFO: Epoch 2 training completed
[2025-05-28 11:29:15,455] INFO: Test Loss: 5.4370 | Test Acc: 16.71%
[2025-05-28 11:29:15,636] INFO: New best accuracy: 16.71%, model saved.
[2025-05-28 11:29:16,164] INFO: Epoch 3 | Step 1/196 | Loss: 2.7583 | Acc: 17.58%
[2025-05-28 11:29:32,602] INFO: Epoch 3 | Step 101/196 | Loss: 2.6398 | Acc: 15.79%
[2025-05-28 11:29:48,164] INFO: Epoch 3 training completed
[2025-05-28 11:29:50,267] INFO: Test Loss: 2.9330 | Test Acc: 21.55%
[2025-05-28 11:29:50,449] INFO: New best accuracy: 21.55%, model saved.
[2025-05-28 11:29:51,078] INFO: Epoch 4 | Step 1/196 | Loss: 2.4565 | Acc: 23.05%
[2025-05-28 11:30:07,525] INFO: Epoch 4 | Step 101/196 | Loss: 2.2608 | Acc: 22.86%
[2025-05-28 11:30:23,120] INFO: Epoch 4 training completed
[2025-05-28 11:30:25,227] INFO: Test Loss: 2.1180 | Test Acc: 31.20%
[2025-05-28 11:30:25,413] INFO: New best accuracy: 31.20%, model saved.
[2025-05-28 11:30:25,937] INFO: Epoch 5 | Step 1/196 | Loss: 2.2606 | Acc: 30.08%
[2025-05-28 11:30:42,409] INFO: Epoch 5 | Step 101/196 | Loss: 1.9831 | Acc: 30.33%
[2025-05-28 11:30:57,985] INFO: Epoch 5 training completed
[2025-05-28 11:31:00,100] INFO: Test Loss: 1.8498 | Test Acc: 35.33%
[2025-05-28 11:31:00,384] INFO: New best accuracy: 35.33%, model saved.
[2025-05-28 11:31:00,951] INFO: Epoch 6 | Step 1/196 | Loss: 1.7899 | Acc: 39.06%
[2025-05-28 11:31:17,496] INFO: Epoch 6 | Step 101/196 | Loss: 1.8041 | Acc: 34.34%
[2025-05-28 11:31:33,108] INFO: Epoch 6 training completed
[2025-05-28 11:31:35,233] INFO: Test Loss: 1.7911 | Test Acc: 37.61%
[2025-05-28 11:31:35,413] INFO: New best accuracy: 37.61%, model saved.
[2025-05-28 11:31:35,963] INFO: Epoch 7 | Step 1/196 | Loss: 1.6579 | Acc: 39.06%
[2025-05-28 11:31:52,419] INFO: Epoch 7 | Step 101/196 | Loss: 1.6969 | Acc: 37.60%
[2025-05-28 11:32:08,059] INFO: Epoch 7 training completed
[2025-05-28 11:32:10,165] INFO: Test Loss: 1.5828 | Test Acc: 42.34%
[2025-05-28 11:32:10,347] INFO: New best accuracy: 42.34%, model saved.
[2025-05-28 11:32:10,883] INFO: Epoch 8 | Step 1/196 | Loss: 1.6161 | Acc: 40.62%
[2025-05-28 11:32:27,346] INFO: Epoch 8 | Step 101/196 | Loss: 1.6032 | Acc: 41.42%
[2025-05-28 11:32:42,972] INFO: Epoch 8 training completed
[2025-05-28 11:32:45,093] INFO: Test Loss: 1.4746 | Test Acc: 46.57%
[2025-05-28 11:32:45,273] INFO: New best accuracy: 46.57%, model saved.
[2025-05-28 11:32:45,801] INFO: Epoch 9 | Step 1/196 | Loss: 1.6060 | Acc: 42.58%
[2025-05-28 11:33:02,275] INFO: Epoch 9 | Step 101/196 | Loss: 1.4915 | Acc: 44.91%
[2025-05-28 11:33:17,859] INFO: Epoch 9 training completed
[2025-05-28 11:33:19,962] INFO: Test Loss: 1.4217 | Test Acc: 49.28%
[2025-05-28 11:33:20,146] INFO: New best accuracy: 49.28%, model saved.
[2025-05-28 11:33:20,693] INFO: Epoch 10 | Step 1/196 | Loss: 1.3437 | Acc: 52.73%
[2025-05-28 11:33:37,210] INFO: Epoch 10 | Step 101/196 | Loss: 1.4189 | Acc: 47.98%
[2025-05-28 11:33:52,809] INFO: Epoch 10 training completed
[2025-05-28 11:33:54,917] INFO: Test Loss: 1.3790 | Test Acc: 50.80%
[2025-05-28 11:33:55,098] INFO: New best accuracy: 50.80%, model saved.
[2025-05-28 11:33:55,646] INFO: Epoch 11 | Step 1/196 | Loss: 1.3070 | Acc: 53.91%
[2025-05-28 11:34:12,138] INFO: Epoch 11 | Step 101/196 | Loss: 1.3564 | Acc: 50.96%
[2025-05-28 11:34:27,826] INFO: Epoch 11 training completed
[2025-05-28 11:34:29,937] INFO: Test Loss: 1.2876 | Test Acc: 53.26%
[2025-05-28 11:34:30,120] INFO: New best accuracy: 53.26%, model saved.
[2025-05-28 11:34:30,659] INFO: Epoch 12 | Step 1/196 | Loss: 1.2882 | Acc: 51.95%
[2025-05-28 11:34:47,135] INFO: Epoch 12 | Step 101/196 | Loss: 1.2822 | Acc: 52.83%
[2025-05-28 11:35:02,719] INFO: Epoch 12 training completed
[2025-05-28 11:35:04,841] INFO: Test Loss: 1.2646 | Test Acc: 55.89%
[2025-05-28 11:35:05,025] INFO: New best accuracy: 55.89%, model saved.
[2025-05-28 11:35:05,653] INFO: Epoch 13 | Step 1/196 | Loss: 1.1807 | Acc: 55.86%
[2025-05-28 11:35:22,133] INFO: Epoch 13 | Step 101/196 | Loss: 1.2208 | Acc: 55.23%
[2025-05-28 11:35:37,747] INFO: Epoch 13 training completed
[2025-05-28 11:35:39,856] INFO: Test Loss: 1.1404 | Test Acc: 58.91%
[2025-05-28 11:35:40,038] INFO: New best accuracy: 58.91%, model saved.
[2025-05-28 11:35:40,569] INFO: Epoch 14 | Step 1/196 | Loss: 1.1975 | Acc: 58.20%
[2025-05-28 11:35:57,083] INFO: Epoch 14 | Step 101/196 | Loss: 1.1570 | Acc: 57.63%
[2025-05-28 11:36:12,662] INFO: Epoch 14 training completed
[2025-05-28 11:36:14,787] INFO: Test Loss: 1.1747 | Test Acc: 59.97%
[2025-05-28 11:36:14,973] INFO: New best accuracy: 59.97%, model saved.
[2025-05-28 11:36:15,533] INFO: Epoch 15 | Step 1/196 | Loss: 1.2716 | Acc: 53.12%
[2025-05-28 11:36:31,997] INFO: Epoch 15 | Step 101/196 | Loss: 1.1114 | Acc: 58.98%
[2025-05-28 11:36:47,602] INFO: Epoch 15 training completed
[2025-05-28 11:36:49,721] INFO: Test Loss: 1.0659 | Test Acc: 62.43%
[2025-05-28 11:36:49,905] INFO: New best accuracy: 62.43%, model saved.
[2025-05-28 11:36:50,529] INFO: Epoch 16 | Step 1/196 | Loss: 1.0580 | Acc: 62.11%
[2025-05-28 11:37:06,998] INFO: Epoch 16 | Step 101/196 | Loss: 1.0539 | Acc: 61.71%
[2025-05-28 11:37:22,655] INFO: Epoch 16 training completed
[2025-05-28 11:37:24,769] INFO: Test Loss: 1.0193 | Test Acc: 63.96%
[2025-05-28 11:37:24,954] INFO: New best accuracy: 63.96%, model saved.
[2025-05-28 11:37:25,498] INFO: Epoch 17 | Step 1/196 | Loss: 0.9782 | Acc: 66.02%
[2025-05-28 11:37:41,977] INFO: Epoch 17 | Step 101/196 | Loss: 1.0029 | Acc: 63.49%
[2025-05-28 11:37:57,872] INFO: Epoch 17 training completed
[2025-05-28 11:37:59,992] INFO: Test Loss: 0.9940 | Test Acc: 64.74%
[2025-05-28 11:38:00,288] INFO: New best accuracy: 64.74%, model saved.
[2025-05-28 11:38:00,851] INFO: Epoch 18 | Step 1/196 | Loss: 0.8780 | Acc: 68.36%
[2025-05-28 11:38:18,390] INFO: Epoch 18 | Step 101/196 | Loss: 0.9582 | Acc: 65.01%
[2025-05-28 11:38:35,067] INFO: Epoch 18 training completed
[2025-05-28 11:38:37,219] INFO: Test Loss: 0.9446 | Test Acc: 66.10%
[2025-05-28 11:38:37,409] INFO: New best accuracy: 66.10%, model saved.
[2025-05-28 11:38:37,987] INFO: Epoch 19 | Step 1/196 | Loss: 0.7415 | Acc: 75.39%
[2025-05-28 11:38:55,542] INFO: Epoch 19 | Step 101/196 | Loss: 0.9119 | Acc: 66.67%
[2025-05-28 11:39:12,102] INFO: Epoch 19 training completed
[2025-05-28 11:39:14,268] INFO: Test Loss: 0.9907 | Test Acc: 65.08%
[2025-05-28 11:39:14,855] INFO: Epoch 20 | Step 1/196 | Loss: 0.8706 | Acc: 67.58%
[2025-05-28 11:39:32,789] INFO: Epoch 20 | Step 101/196 | Loss: 0.8738 | Acc: 67.45%
[2025-05-28 11:39:49,408] INFO: Epoch 20 training completed
[2025-05-28 11:39:51,560] INFO: Test Loss: 0.9350 | Test Acc: 67.71%
[2025-05-28 11:39:51,756] INFO: New best accuracy: 67.71%, model saved.
[2025-05-28 11:39:52,331] INFO: Epoch 21 | Step 1/196 | Loss: 0.8671 | Acc: 67.58%
[2025-05-28 11:40:10,063] INFO: Epoch 21 | Step 101/196 | Loss: 0.8403 | Acc: 69.08%
[2025-05-28 11:40:26,508] INFO: Epoch 21 training completed
[2025-05-28 11:40:28,661] INFO: Test Loss: 0.8572 | Test Acc: 70.36%
[2025-05-28 11:40:28,856] INFO: New best accuracy: 70.36%, model saved.
[2025-05-28 11:40:29,436] INFO: Epoch 22 | Step 1/196 | Loss: 0.7947 | Acc: 73.44%
[2025-05-28 11:40:46,968] INFO: Epoch 22 | Step 101/196 | Loss: 0.8003 | Acc: 70.75%
[2025-05-28 11:41:03,506] INFO: Epoch 22 training completed
[2025-05-28 11:41:05,713] INFO: Test Loss: 1.1104 | Test Acc: 61.79%
[2025-05-28 11:41:06,283] INFO: Epoch 23 | Step 1/196 | Loss: 0.8274 | Acc: 69.53%
[2025-05-28 11:41:24,009] INFO: Epoch 23 | Step 101/196 | Loss: 0.7784 | Acc: 71.62%
[2025-05-28 11:41:40,546] INFO: Epoch 23 training completed
[2025-05-28 11:41:42,726] INFO: Test Loss: 0.8700 | Test Acc: 71.20%
[2025-05-28 11:41:42,919] INFO: New best accuracy: 71.20%, model saved.
[2025-05-28 11:41:43,593] INFO: Epoch 24 | Step 1/196 | Loss: 0.7210 | Acc: 72.66%
[2025-05-28 11:42:01,108] INFO: Epoch 24 | Step 101/196 | Loss: 0.7446 | Acc: 72.79%
[2025-05-28 11:42:17,802] INFO: Epoch 24 training completed
[2025-05-28 11:42:19,966] INFO: Test Loss: 0.8013 | Test Acc: 72.81%
[2025-05-28 11:42:20,159] INFO: New best accuracy: 72.81%, model saved.
[2025-05-28 11:42:20,734] INFO: Epoch 25 | Step 1/196 | Loss: 0.6985 | Acc: 74.61%
[2025-05-28 11:42:38,362] INFO: Epoch 25 | Step 101/196 | Loss: 0.7168 | Acc: 73.96%
[2025-05-28 11:42:54,993] INFO: Epoch 25 training completed
[2025-05-28 11:42:57,131] INFO: Test Loss: 0.7975 | Test Acc: 72.73%
[2025-05-28 11:42:57,714] INFO: Epoch 26 | Step 1/196 | Loss: 0.5728 | Acc: 78.52%
[2025-05-28 11:43:15,328] INFO: Epoch 26 | Step 101/196 | Loss: 0.6907 | Acc: 74.83%
[2025-05-28 11:43:31,673] INFO: Epoch 26 training completed
[2025-05-28 11:43:33,814] INFO: Test Loss: 0.7158 | Test Acc: 75.31%
[2025-05-28 11:43:34,008] INFO: New best accuracy: 75.31%, model saved.
[2025-05-28 11:43:34,589] INFO: Epoch 27 | Step 1/196 | Loss: 0.6295 | Acc: 78.12%
[2025-05-28 11:43:52,247] INFO: Epoch 27 | Step 101/196 | Loss: 0.6682 | Acc: 75.91%
[2025-05-28 11:44:08,780] INFO: Epoch 27 training completed
[2025-05-28 11:44:10,920] INFO: Test Loss: 0.7423 | Test Acc: 73.94%
[2025-05-28 11:44:11,509] INFO: Epoch 28 | Step 1/196 | Loss: 0.6182 | Acc: 80.86%
[2025-05-28 11:44:29,117] INFO: Epoch 28 | Step 101/196 | Loss: 0.6437 | Acc: 76.71%
[2025-05-28 11:44:45,823] INFO: Epoch 28 training completed
[2025-05-28 11:44:48,007] INFO: Test Loss: 0.7838 | Test Acc: 73.34%
[2025-05-28 11:44:48,642] INFO: Epoch 29 | Step 1/196 | Loss: 0.6971 | Acc: 74.22%
[2025-05-28 11:45:06,235] INFO: Epoch 29 | Step 101/196 | Loss: 0.6183 | Acc: 77.75%
[2025-05-28 11:45:22,807] INFO: Epoch 29 training completed
[2025-05-28 11:45:24,936] INFO: Test Loss: 0.7343 | Test Acc: 75.17%
[2025-05-28 11:45:25,521] INFO: Epoch 30 | Step 1/196 | Loss: 0.5939 | Acc: 75.78%
[2025-05-28 11:45:43,265] INFO: Epoch 30 | Step 101/196 | Loss: 0.5942 | Acc: 78.83%
[2025-05-28 11:45:59,915] INFO: Epoch 30 training completed
[2025-05-28 11:46:02,060] INFO: Test Loss: 0.7491 | Test Acc: 74.50%
[2025-05-28 11:46:02,636] INFO: Epoch 31 | Step 1/196 | Loss: 0.6024 | Acc: 80.47%
[2025-05-28 11:46:20,421] INFO: Epoch 31 | Step 101/196 | Loss: 0.5951 | Acc: 78.94%
[2025-05-28 11:46:37,079] INFO: Epoch 31 training completed
[2025-05-28 11:46:39,228] INFO: Test Loss: 0.6926 | Test Acc: 75.88%
[2025-05-28 11:46:39,422] INFO: New best accuracy: 75.88%, model saved.
[2025-05-28 11:46:40,085] INFO: Epoch 32 | Step 1/196 | Loss: 0.6170 | Acc: 79.69%
[2025-05-28 11:46:57,592] INFO: Epoch 32 | Step 101/196 | Loss: 0.5730 | Acc: 79.48%
[2025-05-28 11:47:14,155] INFO: Epoch 32 training completed
[2025-05-28 11:47:16,336] INFO: Test Loss: 0.6607 | Test Acc: 78.09%
[2025-05-28 11:47:16,530] INFO: New best accuracy: 78.09%, model saved.
[2025-05-28 11:47:17,126] INFO: Epoch 33 | Step 1/196 | Loss: 0.5943 | Acc: 78.12%
[2025-05-28 11:47:34,751] INFO: Epoch 33 | Step 101/196 | Loss: 0.5624 | Acc: 80.26%
[2025-05-28 11:47:51,360] INFO: Epoch 33 training completed
[2025-05-28 11:47:53,492] INFO: Test Loss: 0.7588 | Test Acc: 74.05%
[2025-05-28 11:47:54,121] INFO: Epoch 34 | Step 1/196 | Loss: 0.5920 | Acc: 81.64%
[2025-05-28 11:48:11,611] INFO: Epoch 34 | Step 101/196 | Loss: 0.5495 | Acc: 81.06%
[2025-05-28 11:48:28,180] INFO: Epoch 34 training completed
[2025-05-28 11:48:30,318] INFO: Test Loss: 0.7317 | Test Acc: 74.66%
[2025-05-28 11:48:30,895] INFO: Epoch 35 | Step 1/196 | Loss: 0.6184 | Acc: 76.56%
[2025-05-28 11:48:48,472] INFO: Epoch 35 | Step 101/196 | Loss: 0.5554 | Acc: 80.46%
[2025-05-28 11:49:05,031] INFO: Epoch 35 training completed
[2025-05-28 11:49:07,180] INFO: Test Loss: 0.6512 | Test Acc: 78.50%
[2025-05-28 11:49:07,371] INFO: New best accuracy: 78.50%, model saved.
[2025-05-28 11:49:07,946] INFO: Epoch 36 | Step 1/196 | Loss: 0.5305 | Acc: 83.59%
[2025-05-28 11:49:25,412] INFO: Epoch 36 | Step 101/196 | Loss: 0.5522 | Acc: 81.05%
[2025-05-28 11:49:41,902] INFO: Epoch 36 training completed
[2025-05-28 11:49:44,063] INFO: Test Loss: 0.7632 | Test Acc: 74.30%
[2025-05-28 11:49:44,651] INFO: Epoch 37 | Step 1/196 | Loss: 0.5650 | Acc: 78.52%
[2025-05-28 11:50:02,475] INFO: Epoch 37 | Step 101/196 | Loss: 0.5492 | Acc: 81.08%
[2025-05-28 11:50:19,042] INFO: Epoch 37 training completed
[2025-05-28 11:50:21,190] INFO: Test Loss: 0.7353 | Test Acc: 75.71%
[2025-05-28 11:50:21,768] INFO: Epoch 38 | Step 1/196 | Loss: 0.6178 | Acc: 78.91%
[2025-05-28 11:50:39,439] INFO: Epoch 38 | Step 101/196 | Loss: 0.5538 | Acc: 80.93%
[2025-05-28 11:50:56,129] INFO: Epoch 38 training completed
[2025-05-28 11:50:58,277] INFO: Test Loss: 0.7471 | Test Acc: 73.98%
[2025-05-28 11:50:58,862] INFO: Epoch 39 | Step 1/196 | Loss: 0.4744 | Acc: 81.64%
[2025-05-28 11:51:16,387] INFO: Epoch 39 | Step 101/196 | Loss: 0.5430 | Acc: 81.38%
[2025-05-28 11:51:32,955] INFO: Epoch 39 training completed
[2025-05-28 11:51:35,141] INFO: Test Loss: 0.6678 | Test Acc: 77.96%
[2025-05-28 11:51:35,830] INFO: Epoch 40 | Step 1/196 | Loss: 0.5862 | Acc: 80.86%
[2025-05-28 11:51:53,472] INFO: Epoch 40 | Step 101/196 | Loss: 0.5463 | Acc: 81.20%
[2025-05-28 11:52:09,967] INFO: Epoch 40 training completed
[2025-05-28 11:52:12,107] INFO: Test Loss: 0.7049 | Test Acc: 75.72%
[2025-05-28 11:52:12,698] INFO: Epoch 41 | Step 1/196 | Loss: 0.5591 | Acc: 80.08%
[2025-05-28 11:52:30,274] INFO: Epoch 41 | Step 101/196 | Loss: 0.5444 | Acc: 81.40%
[2025-05-28 11:52:46,853] INFO: Epoch 41 training completed
[2025-05-28 11:52:49,004] INFO: Test Loss: 0.7738 | Test Acc: 73.61%
[2025-05-28 11:52:49,585] INFO: Epoch 42 | Step 1/196 | Loss: 0.4595 | Acc: 86.33%
[2025-05-28 11:53:07,109] INFO: Epoch 42 | Step 101/196 | Loss: 0.5411 | Acc: 81.59%
[2025-05-28 11:53:23,721] INFO: Epoch 42 training completed
[2025-05-28 11:53:25,837] INFO: Test Loss: 0.8236 | Test Acc: 72.53%
[2025-05-28 11:53:26,415] INFO: Epoch 43 | Step 1/196 | Loss: 0.5523 | Acc: 81.64%
[2025-05-28 11:53:44,075] INFO: Epoch 43 | Step 101/196 | Loss: 0.5391 | Acc: 81.71%
[2025-05-28 11:54:00,584] INFO: Epoch 43 training completed
[2025-05-28 11:54:02,747] INFO: Test Loss: 0.6969 | Test Acc: 76.93%
[2025-05-28 11:54:03,331] INFO: Epoch 44 | Step 1/196 | Loss: 0.5885 | Acc: 80.86%
[2025-05-28 11:54:20,884] INFO: Epoch 44 | Step 101/196 | Loss: 0.5430 | Acc: 81.45%
[2025-05-28 11:54:37,583] INFO: Epoch 44 training completed
[2025-05-28 11:54:39,746] INFO: Test Loss: 0.7188 | Test Acc: 76.78%
[2025-05-28 11:54:40,426] INFO: Epoch 45 | Step 1/196 | Loss: 0.3916 | Acc: 87.50%
[2025-05-28 11:54:57,922] INFO: Epoch 45 | Step 101/196 | Loss: 0.5479 | Acc: 81.04%
[2025-05-28 11:55:14,589] INFO: Epoch 45 training completed
[2025-05-28 11:55:16,762] INFO: Test Loss: 0.7439 | Test Acc: 75.83%
[2025-05-28 11:55:17,345] INFO: Epoch 46 | Step 1/196 | Loss: 0.5132 | Acc: 82.03%
[2025-05-28 11:55:35,002] INFO: Epoch 46 | Step 101/196 | Loss: 0.5344 | Acc: 81.92%
[2025-05-28 11:55:51,463] INFO: Epoch 46 training completed
[2025-05-28 11:55:53,635] INFO: Test Loss: 0.8726 | Test Acc: 71.12%
[2025-05-28 11:55:54,221] INFO: Epoch 47 | Step 1/196 | Loss: 0.6769 | Acc: 80.86%
[2025-05-28 11:56:11,893] INFO: Epoch 47 | Step 101/196 | Loss: 0.5433 | Acc: 81.48%
[2025-05-28 11:56:28,527] INFO: Epoch 47 training completed
[2025-05-28 11:56:30,689] INFO: Test Loss: 0.7396 | Test Acc: 74.52%
[2025-05-28 11:56:31,367] INFO: Epoch 48 | Step 1/196 | Loss: 0.4536 | Acc: 85.94%
[2025-05-28 11:56:48,913] INFO: Epoch 48 | Step 101/196 | Loss: 0.5401 | Acc: 81.54%
[2025-05-28 11:57:05,452] INFO: Epoch 48 training completed
[2025-05-28 11:57:07,593] INFO: Test Loss: 1.0491 | Test Acc: 65.40%
[2025-05-28 11:57:08,161] INFO: Epoch 49 | Step 1/196 | Loss: 0.5858 | Acc: 81.25%
[2025-05-28 11:57:25,567] INFO: Epoch 49 | Step 101/196 | Loss: 0.5434 | Acc: 81.40%
[2025-05-28 11:57:42,164] INFO: Epoch 49 training completed
[2025-05-28 11:57:44,317] INFO: Test Loss: 0.9206 | Test Acc: 69.87%
[2025-05-28 11:57:44,901] INFO: Epoch 50 | Step 1/196 | Loss: 0.5276 | Acc: 80.47%
[2025-05-28 11:58:02,342] INFO: Epoch 50 | Step 101/196 | Loss: 0.5366 | Acc: 81.88%
[2025-05-28 11:58:18,751] INFO: Epoch 50 training completed
[2025-05-28 11:58:20,907] INFO: Test Loss: 0.7737 | Test Acc: 73.72%
[2025-05-28 11:58:21,493] INFO: Epoch 51 | Step 1/196 | Loss: 0.4540 | Acc: 82.42%
[2025-05-28 11:58:39,066] INFO: Epoch 51 | Step 101/196 | Loss: 0.5419 | Acc: 81.54%
[2025-05-28 11:58:55,513] INFO: Epoch 51 training completed
[2025-05-28 11:58:57,650] INFO: Test Loss: 0.6554 | Test Acc: 78.70%
[2025-05-28 11:58:57,847] INFO: New best accuracy: 78.70%, model saved.
[2025-05-28 11:58:58,420] INFO: Epoch 52 | Step 1/196 | Loss: 0.5707 | Acc: 80.86%
[2025-05-28 11:59:16,037] INFO: Epoch 52 | Step 101/196 | Loss: 0.5400 | Acc: 81.55%
[2025-05-28 11:59:32,635] INFO: Epoch 52 training completed
[2025-05-28 11:59:34,819] INFO: Test Loss: 0.8010 | Test Acc: 73.44%
[2025-05-28 11:59:35,400] INFO: Epoch 53 | Step 1/196 | Loss: 0.5693 | Acc: 81.25%
[2025-05-28 11:59:52,910] INFO: Epoch 53 | Step 101/196 | Loss: 0.5342 | Acc: 81.88%
[2025-05-28 12:00:09,504] INFO: Epoch 53 training completed
[2025-05-28 12:00:11,658] INFO: Test Loss: 0.9127 | Test Acc: 69.61%
[2025-05-28 12:00:12,323] INFO: Epoch 54 | Step 1/196 | Loss: 0.5770 | Acc: 81.25%
[2025-05-28 12:00:29,869] INFO: Epoch 54 | Step 101/196 | Loss: 0.5425 | Acc: 81.29%
[2025-05-28 12:00:46,374] INFO: Epoch 54 training completed
[2025-05-28 12:00:48,504] INFO: Test Loss: 0.9299 | Test Acc: 69.15%
[2025-05-28 12:00:49,095] INFO: Epoch 55 | Step 1/196 | Loss: 0.5302 | Acc: 80.86%
[2025-05-28 12:01:06,838] INFO: Epoch 55 | Step 101/196 | Loss: 0.5372 | Acc: 81.70%
[2025-05-28 12:01:23,463] INFO: Epoch 55 training completed
[2025-05-28 12:01:25,606] INFO: Test Loss: 0.9905 | Test Acc: 68.04%
[2025-05-28 12:01:26,191] INFO: Epoch 56 | Step 1/196 | Loss: 0.5525 | Acc: 82.03%
[2025-05-28 12:01:44,110] INFO: Epoch 56 | Step 101/196 | Loss: 0.5386 | Acc: 81.45%
[2025-05-28 12:02:00,663] INFO: Epoch 56 training completed
[2025-05-28 12:02:02,825] INFO: Test Loss: 0.9036 | Test Acc: 70.53%
[2025-05-28 12:02:03,504] INFO: Epoch 57 | Step 1/196 | Loss: 0.6338 | Acc: 76.17%
[2025-05-28 12:02:21,256] INFO: Epoch 57 | Step 101/196 | Loss: 0.5431 | Acc: 81.25%
[2025-05-28 12:02:37,956] INFO: Epoch 57 training completed
[2025-05-28 12:02:40,100] INFO: Test Loss: 0.8696 | Test Acc: 69.87%
[2025-05-28 12:02:40,664] INFO: Epoch 58 | Step 1/196 | Loss: 0.5483 | Acc: 78.91%
[2025-05-28 12:02:58,360] INFO: Epoch 58 | Step 101/196 | Loss: 0.5385 | Acc: 81.65%
[2025-05-28 12:03:14,990] INFO: Epoch 58 training completed
[2025-05-28 12:03:17,150] INFO: Test Loss: 0.8331 | Test Acc: 71.93%
[2025-05-28 12:03:17,747] INFO: Epoch 59 | Step 1/196 | Loss: 0.5947 | Acc: 81.64%
[2025-05-28 12:03:35,435] INFO: Epoch 59 | Step 101/196 | Loss: 0.5382 | Acc: 81.49%
[2025-05-28 12:03:52,073] INFO: Epoch 59 training completed
[2025-05-28 12:03:54,211] INFO: Test Loss: 1.0965 | Test Acc: 64.00%
[2025-05-28 12:03:54,886] INFO: Epoch 60 | Step 1/196 | Loss: 0.5473 | Acc: 82.42%
[2025-05-28 12:04:12,610] INFO: Epoch 60 | Step 101/196 | Loss: 0.5436 | Acc: 81.25%
[2025-05-28 12:04:29,246] INFO: Epoch 60 training completed
[2025-05-28 12:04:31,384] INFO: Test Loss: 0.7188 | Test Acc: 75.52%
[2025-05-28 12:04:31,968] INFO: Epoch 61 | Step 1/196 | Loss: 0.5101 | Acc: 82.81%
[2025-05-28 12:04:49,569] INFO: Epoch 61 | Step 101/196 | Loss: 0.5498 | Acc: 81.06%
[2025-05-28 12:05:06,158] INFO: Epoch 61 training completed
[2025-05-28 12:05:08,319] INFO: Test Loss: 0.6918 | Test Acc: 77.56%
[2025-05-28 12:05:08,904] INFO: Epoch 62 | Step 1/196 | Loss: 0.5093 | Acc: 83.98%
[2025-05-28 12:05:26,452] INFO: Epoch 62 | Step 101/196 | Loss: 0.5424 | Acc: 81.62%
[2025-05-28 12:05:43,018] INFO: Epoch 62 training completed
[2025-05-28 12:05:45,176] INFO: Test Loss: 0.7122 | Test Acc: 76.47%
[2025-05-28 12:05:45,770] INFO: Epoch 63 | Step 1/196 | Loss: 0.4709 | Acc: 83.59%
[2025-05-28 12:06:03,530] INFO: Epoch 63 | Step 101/196 | Loss: 0.5369 | Acc: 81.73%
[2025-05-28 12:06:20,135] INFO: Epoch 63 training completed
[2025-05-28 12:06:22,260] INFO: Test Loss: 0.7405 | Test Acc: 75.78%
[2025-05-28 12:06:22,848] INFO: Epoch 64 | Step 1/196 | Loss: 0.5472 | Acc: 83.20%
[2025-05-28 12:06:40,468] INFO: Epoch 64 | Step 101/196 | Loss: 0.5427 | Acc: 81.35%
[2025-05-28 12:06:56,950] INFO: Epoch 64 training completed
[2025-05-28 12:06:59,126] INFO: Test Loss: 0.8201 | Test Acc: 71.96%
[2025-05-28 12:06:59,798] INFO: Epoch 65 | Step 1/196 | Loss: 0.6076 | Acc: 78.91%
[2025-05-28 12:07:17,328] INFO: Epoch 65 | Step 101/196 | Loss: 0.5377 | Acc: 81.59%
[2025-05-28 12:07:33,799] INFO: Epoch 65 training completed
[2025-05-28 12:07:35,962] INFO: Test Loss: 0.7771 | Test Acc: 73.60%
[2025-05-28 12:07:36,540] INFO: Epoch 66 | Step 1/196 | Loss: 0.5947 | Acc: 80.47%
[2025-05-28 12:07:54,298] INFO: Epoch 66 | Step 101/196 | Loss: 0.5335 | Acc: 81.67%
[2025-05-28 12:08:10,914] INFO: Epoch 66 training completed
[2025-05-28 12:08:13,066] INFO: Test Loss: 1.1723 | Test Acc: 63.00%
[2025-05-28 12:08:13,652] INFO: Epoch 67 | Step 1/196 | Loss: 0.5336 | Acc: 82.03%
[2025-05-28 12:08:31,239] INFO: Epoch 67 | Step 101/196 | Loss: 0.5289 | Acc: 81.74%
[2025-05-28 12:08:47,809] INFO: Epoch 67 training completed
[2025-05-28 12:08:49,974] INFO: Test Loss: 0.6947 | Test Acc: 76.67%
[2025-05-28 12:08:50,648] INFO: Epoch 68 | Step 1/196 | Loss: 0.4456 | Acc: 85.55%
[2025-05-28 12:09:08,360] INFO: Epoch 68 | Step 101/196 | Loss: 0.5286 | Acc: 81.89%
[2025-05-28 12:09:25,036] INFO: Epoch 68 training completed
[2025-05-28 12:09:27,173] INFO: Test Loss: 0.6864 | Test Acc: 77.08%
[2025-05-28 12:09:27,740] INFO: Epoch 69 | Step 1/196 | Loss: 0.5023 | Acc: 83.20%
[2025-05-28 12:09:45,405] INFO: Epoch 69 | Step 101/196 | Loss: 0.5295 | Acc: 81.97%
[2025-05-28 12:10:02,046] INFO: Epoch 69 training completed
[2025-05-28 12:10:04,249] INFO: Test Loss: 0.7751 | Test Acc: 74.02%
[2025-05-28 12:10:04,821] INFO: Epoch 70 | Step 1/196 | Loss: 0.5123 | Acc: 82.42%
[2025-05-28 12:10:22,576] INFO: Epoch 70 | Step 101/196 | Loss: 0.5328 | Acc: 81.83%
[2025-05-28 12:10:39,292] INFO: Epoch 70 training completed
[2025-05-28 12:10:41,445] INFO: Test Loss: 0.6747 | Test Acc: 77.29%
[2025-05-28 12:10:42,030] INFO: Epoch 71 | Step 1/196 | Loss: 0.7563 | Acc: 73.44%
[2025-05-28 12:10:59,864] INFO: Epoch 71 | Step 101/196 | Loss: 0.5307 | Acc: 81.90%
[2025-05-28 12:11:16,454] INFO: Epoch 71 training completed
[2025-05-28 12:11:18,595] INFO: Test Loss: 0.6619 | Test Acc: 78.06%
[2025-05-28 12:11:19,180] INFO: Epoch 72 | Step 1/196 | Loss: 0.4972 | Acc: 84.38%
[2025-05-28 12:11:36,720] INFO: Epoch 72 | Step 101/196 | Loss: 0.5282 | Acc: 82.13%
[2025-05-28 12:11:53,261] INFO: Epoch 72 training completed
[2025-05-28 12:11:55,454] INFO: Test Loss: 0.7878 | Test Acc: 73.72%
[2025-05-28 12:11:56,126] INFO: Epoch 73 | Step 1/196 | Loss: 0.4557 | Acc: 85.16%
[2025-05-28 12:12:13,698] INFO: Epoch 73 | Step 101/196 | Loss: 0.5203 | Acc: 82.05%
[2025-05-28 12:12:30,233] INFO: Epoch 73 training completed
[2025-05-28 12:12:32,389] INFO: Test Loss: 0.9416 | Test Acc: 70.45%
[2025-05-28 12:12:32,972] INFO: Epoch 74 | Step 1/196 | Loss: 0.5368 | Acc: 82.81%
[2025-05-28 12:12:50,668] INFO: Epoch 74 | Step 101/196 | Loss: 0.5277 | Acc: 82.14%
[2025-05-28 12:13:07,046] INFO: Epoch 74 training completed
[2025-05-28 12:13:09,200] INFO: Test Loss: 0.7541 | Test Acc: 74.84%
[2025-05-28 12:13:09,785] INFO: Epoch 75 | Step 1/196 | Loss: 0.6297 | Acc: 77.34%
[2025-05-28 12:13:27,379] INFO: Epoch 75 | Step 101/196 | Loss: 0.5293 | Acc: 81.69%
[2025-05-28 12:13:44,006] INFO: Epoch 75 training completed
[2025-05-28 12:13:46,170] INFO: Test Loss: 0.7811 | Test Acc: 73.68%
[2025-05-28 12:13:46,833] INFO: Epoch 76 | Step 1/196 | Loss: 0.5223 | Acc: 82.42%
[2025-05-28 12:14:04,512] INFO: Epoch 76 | Step 101/196 | Loss: 0.5352 | Acc: 81.73%
[2025-05-28 12:14:20,911] INFO: Epoch 76 training completed
[2025-05-28 12:14:23,098] INFO: Test Loss: 0.8016 | Test Acc: 73.82%
[2025-05-28 12:14:23,691] INFO: Epoch 77 | Step 1/196 | Loss: 0.4122 | Acc: 86.72%
[2025-05-28 12:14:41,211] INFO: Epoch 77 | Step 101/196 | Loss: 0.5246 | Acc: 81.73%
[2025-05-28 12:14:57,825] INFO: Epoch 77 training completed
[2025-05-28 12:15:00,013] INFO: Test Loss: 0.8338 | Test Acc: 73.31%
[2025-05-28 12:15:00,615] INFO: Epoch 78 | Step 1/196 | Loss: 0.5157 | Acc: 81.64%
[2025-05-28 12:15:18,310] INFO: Epoch 78 | Step 101/196 | Loss: 0.5214 | Acc: 82.10%
[2025-05-28 12:15:34,894] INFO: Epoch 78 training completed
[2025-05-28 12:15:37,035] INFO: Test Loss: 0.7144 | Test Acc: 76.59%
[2025-05-28 12:15:37,614] INFO: Epoch 79 | Step 1/196 | Loss: 0.4595 | Acc: 83.98%
[2025-05-28 12:15:55,356] INFO: Epoch 79 | Step 101/196 | Loss: 0.5227 | Acc: 82.13%
[2025-05-28 12:16:11,773] INFO: Epoch 79 training completed
[2025-05-28 12:16:13,933] INFO: Test Loss: 0.6411 | Test Acc: 79.21%
[2025-05-28 12:16:14,126] INFO: New best accuracy: 79.21%, model saved.
[2025-05-28 12:16:14,689] INFO: Epoch 80 | Step 1/196 | Loss: 0.5566 | Acc: 80.86%
[2025-05-28 12:16:32,490] INFO: Epoch 80 | Step 101/196 | Loss: 0.5190 | Acc: 82.24%
[2025-05-28 12:16:48,991] INFO: Epoch 80 training completed
[2025-05-28 12:16:51,156] INFO: Test Loss: 0.6975 | Test Acc: 77.38%
[2025-05-28 12:16:51,836] INFO: Epoch 81 | Step 1/196 | Loss: 0.5241 | Acc: 80.47%
[2025-05-28 12:17:09,422] INFO: Epoch 81 | Step 101/196 | Loss: 0.5223 | Acc: 82.18%
[2025-05-28 12:17:25,928] INFO: Epoch 81 training completed
[2025-05-28 12:17:28,084] INFO: Test Loss: 0.9586 | Test Acc: 69.06%
[2025-05-28 12:17:28,670] INFO: Epoch 82 | Step 1/196 | Loss: 0.4491 | Acc: 84.38%
[2025-05-28 12:17:46,361] INFO: Epoch 82 | Step 101/196 | Loss: 0.5250 | Acc: 82.27%
[2025-05-28 12:18:03,225] INFO: Epoch 82 training completed
[2025-05-28 12:18:05,380] INFO: Test Loss: 0.7630 | Test Acc: 74.20%
[2025-05-28 12:18:05,956] INFO: Epoch 83 | Step 1/196 | Loss: 0.5339 | Acc: 80.08%
[2025-05-28 12:18:23,566] INFO: Epoch 83 | Step 101/196 | Loss: 0.5105 | Acc: 82.51%
[2025-05-28 12:18:40,145] INFO: Epoch 83 training completed
[2025-05-28 12:18:42,325] INFO: Test Loss: 0.8044 | Test Acc: 73.83%
[2025-05-28 12:18:42,982] INFO: Epoch 84 | Step 1/196 | Loss: 0.5408 | Acc: 79.30%
[2025-05-28 12:19:00,543] INFO: Epoch 84 | Step 101/196 | Loss: 0.5100 | Acc: 82.47%
[2025-05-28 12:19:16,960] INFO: Epoch 84 training completed
[2025-05-28 12:19:19,110] INFO: Test Loss: 1.2290 | Test Acc: 63.35%
[2025-05-28 12:19:19,695] INFO: Epoch 85 | Step 1/196 | Loss: 0.5373 | Acc: 81.25%
[2025-05-28 12:19:37,311] INFO: Epoch 85 | Step 101/196 | Loss: 0.5078 | Acc: 82.68%
[2025-05-28 12:19:53,946] INFO: Epoch 85 training completed
[2025-05-28 12:19:56,137] INFO: Test Loss: 0.7526 | Test Acc: 75.42%
[2025-05-28 12:19:56,719] INFO: Epoch 86 | Step 1/196 | Loss: 0.4766 | Acc: 84.38%
[2025-05-28 12:20:14,158] INFO: Epoch 86 | Step 101/196 | Loss: 0.5094 | Acc: 82.55%
[2025-05-28 12:20:30,629] INFO: Epoch 86 training completed
[2025-05-28 12:20:32,815] INFO: Test Loss: 0.7925 | Test Acc: 73.98%
[2025-05-28 12:20:33,397] INFO: Epoch 87 | Step 1/196 | Loss: 0.5291 | Acc: 80.86%
[2025-05-28 12:20:51,196] INFO: Epoch 87 | Step 101/196 | Loss: 0.5247 | Acc: 82.04%
[2025-05-28 12:21:07,787] INFO: Epoch 87 training completed
[2025-05-28 12:21:09,969] INFO: Test Loss: 0.7196 | Test Acc: 76.45%
[2025-05-28 12:21:10,548] INFO: Epoch 88 | Step 1/196 | Loss: 0.5163 | Acc: 82.42%
[2025-05-28 12:21:28,312] INFO: Epoch 88 | Step 101/196 | Loss: 0.5120 | Acc: 82.50%
[2025-05-28 12:21:44,859] INFO: Epoch 88 training completed
[2025-05-28 12:21:46,994] INFO: Test Loss: 1.0711 | Test Acc: 66.17%
[2025-05-28 12:21:47,660] INFO: Epoch 89 | Step 1/196 | Loss: 0.5864 | Acc: 79.69%
[2025-05-28 12:22:05,265] INFO: Epoch 89 | Step 101/196 | Loss: 0.5161 | Acc: 82.42%
[2025-05-28 12:22:21,775] INFO: Epoch 89 training completed
[2025-05-28 12:22:23,938] INFO: Test Loss: 0.8829 | Test Acc: 71.03%
[2025-05-28 12:22:24,529] INFO: Epoch 90 | Step 1/196 | Loss: 0.4890 | Acc: 84.77%
[2025-05-28 12:22:42,125] INFO: Epoch 90 | Step 101/196 | Loss: 0.5018 | Acc: 82.74%
[2025-05-28 12:22:58,617] INFO: Epoch 90 training completed
[2025-05-28 12:23:00,761] INFO: Test Loss: 0.8094 | Test Acc: 72.74%
[2025-05-28 12:23:01,340] INFO: Epoch 91 | Step 1/196 | Loss: 0.4875 | Acc: 85.16%
[2025-05-28 12:23:18,953] INFO: Epoch 91 | Step 101/196 | Loss: 0.5005 | Acc: 82.75%
[2025-05-28 12:23:35,436] INFO: Epoch 91 training completed
[2025-05-28 12:23:37,582] INFO: Test Loss: 0.8217 | Test Acc: 72.61%
[2025-05-28 12:23:38,270] INFO: Epoch 92 | Step 1/196 | Loss: 0.5670 | Acc: 80.08%
[2025-05-28 12:23:55,846] INFO: Epoch 92 | Step 101/196 | Loss: 0.4955 | Acc: 83.00%
[2025-05-28 12:24:12,446] INFO: Epoch 92 training completed
[2025-05-28 12:24:14,595] INFO: Test Loss: 0.8373 | Test Acc: 72.05%
[2025-05-28 12:24:15,185] INFO: Epoch 93 | Step 1/196 | Loss: 0.5708 | Acc: 80.08%
[2025-05-28 12:24:32,772] INFO: Epoch 93 | Step 101/196 | Loss: 0.4965 | Acc: 83.02%
[2025-05-28 12:24:49,535] INFO: Epoch 93 training completed
[2025-05-28 12:24:51,689] INFO: Test Loss: 0.7737 | Test Acc: 73.42%
[2025-05-28 12:24:52,280] INFO: Epoch 94 | Step 1/196 | Loss: 0.5304 | Acc: 82.42%
[2025-05-28 12:25:09,986] INFO: Epoch 94 | Step 101/196 | Loss: 0.4962 | Acc: 83.19%
[2025-05-28 12:25:26,487] INFO: Epoch 94 training completed
[2025-05-28 12:25:28,709] INFO: Test Loss: 0.6398 | Test Acc: 78.93%
[2025-05-28 12:25:29,307] INFO: Epoch 95 | Step 1/196 | Loss: 0.4257 | Acc: 85.16%
[2025-05-28 12:25:46,967] INFO: Epoch 95 | Step 101/196 | Loss: 0.4982 | Acc: 83.05%
[2025-05-28 12:26:03,553] INFO: Epoch 95 training completed
[2025-05-28 12:26:05,756] INFO: Test Loss: 0.6924 | Test Acc: 76.92%
[2025-05-28 12:26:06,347] INFO: Epoch 96 | Step 1/196 | Loss: 0.5040 | Acc: 84.77%
[2025-05-28 12:26:23,985] INFO: Epoch 96 | Step 101/196 | Loss: 0.4902 | Acc: 83.38%
[2025-05-28 12:26:40,772] INFO: Epoch 96 training completed
[2025-05-28 12:26:42,942] INFO: Test Loss: 0.7699 | Test Acc: 75.59%
[2025-05-28 12:26:43,523] INFO: Epoch 97 | Step 1/196 | Loss: 0.4488 | Acc: 87.11%
[2025-05-28 12:27:01,312] INFO: Epoch 97 | Step 101/196 | Loss: 0.4930 | Acc: 83.05%
[2025-05-28 12:27:17,895] INFO: Epoch 97 training completed
[2025-05-28 12:27:20,042] INFO: Test Loss: 0.6588 | Test Acc: 78.37%
[2025-05-28 12:27:20,608] INFO: Epoch 98 | Step 1/196 | Loss: 0.3948 | Acc: 89.06%
[2025-05-28 12:27:38,260] INFO: Epoch 98 | Step 101/196 | Loss: 0.4928 | Acc: 83.20%
[2025-05-28 12:27:54,879] INFO: Epoch 98 training completed
[2025-05-28 12:27:57,029] INFO: Test Loss: 1.0849 | Test Acc: 64.30%
[2025-05-28 12:27:57,612] INFO: Epoch 99 | Step 1/196 | Loss: 0.4812 | Acc: 83.98%
[2025-05-28 12:28:15,230] INFO: Epoch 99 | Step 101/196 | Loss: 0.4855 | Acc: 83.52%
[2025-05-28 12:28:31,965] INFO: Epoch 99 training completed
[2025-05-28 12:28:34,112] INFO: Test Loss: 0.7822 | Test Acc: 73.87%
[2025-05-28 12:28:34,782] INFO: Epoch 100 | Step 1/196 | Loss: 0.4800 | Acc: 81.64%
[2025-05-28 12:28:52,427] INFO: Epoch 100 | Step 101/196 | Loss: 0.4913 | Acc: 83.37%
[2025-05-28 12:29:09,030] INFO: Epoch 100 training completed
[2025-05-28 12:29:11,182] INFO: Test Loss: 0.7284 | Test Acc: 76.16%
[2025-05-28 12:29:11,762] INFO: Epoch 101 | Step 1/196 | Loss: 0.5244 | Acc: 83.98%
[2025-05-28 12:29:29,486] INFO: Epoch 101 | Step 101/196 | Loss: 0.4840 | Acc: 83.55%
[2025-05-28 12:29:45,988] INFO: Epoch 101 training completed
[2025-05-28 12:29:48,135] INFO: Test Loss: 0.8151 | Test Acc: 73.08%
[2025-05-28 12:29:48,711] INFO: Epoch 102 | Step 1/196 | Loss: 0.5138 | Acc: 82.81%
[2025-05-28 12:30:06,257] INFO: Epoch 102 | Step 101/196 | Loss: 0.4811 | Acc: 83.71%
[2025-05-28 12:30:22,813] INFO: Epoch 102 training completed
[2025-05-28 12:30:24,983] INFO: Test Loss: 1.1128 | Test Acc: 63.91%
[2025-05-28 12:30:25,668] INFO: Epoch 103 | Step 1/196 | Loss: 0.6513 | Acc: 75.78%
[2025-05-28 12:30:43,222] INFO: Epoch 103 | Step 101/196 | Loss: 0.4831 | Acc: 83.70%
[2025-05-28 12:30:59,753] INFO: Epoch 103 training completed
[2025-05-28 12:31:01,929] INFO: Test Loss: 0.6570 | Test Acc: 78.52%
[2025-05-28 12:31:02,538] INFO: Epoch 104 | Step 1/196 | Loss: 0.4427 | Acc: 85.94%
[2025-05-28 12:31:20,178] INFO: Epoch 104 | Step 101/196 | Loss: 0.4840 | Acc: 83.62%
[2025-05-28 12:31:36,818] INFO: Epoch 104 training completed
[2025-05-28 12:31:38,968] INFO: Test Loss: 0.8467 | Test Acc: 71.93%
[2025-05-28 12:31:39,556] INFO: Epoch 105 | Step 1/196 | Loss: 0.4681 | Acc: 82.42%
[2025-05-28 12:31:57,214] INFO: Epoch 105 | Step 101/196 | Loss: 0.4793 | Acc: 83.80%
[2025-05-28 12:32:13,765] INFO: Epoch 105 training completed
[2025-05-28 12:32:15,936] INFO: Test Loss: 0.7533 | Test Acc: 75.56%
[2025-05-28 12:32:16,512] INFO: Epoch 106 | Step 1/196 | Loss: 0.4396 | Acc: 85.94%
[2025-05-28 12:32:34,183] INFO: Epoch 106 | Step 101/196 | Loss: 0.4790 | Acc: 83.82%
[2025-05-28 12:32:50,913] INFO: Epoch 106 training completed
[2025-05-28 12:32:53,099] INFO: Test Loss: 1.0308 | Test Acc: 67.00%
[2025-05-28 12:32:53,687] INFO: Epoch 107 | Step 1/196 | Loss: 0.4890 | Acc: 83.20%
[2025-05-28 12:33:11,195] INFO: Epoch 107 | Step 101/196 | Loss: 0.4758 | Acc: 83.78%
[2025-05-28 12:33:27,817] INFO: Epoch 107 training completed
[2025-05-28 12:33:29,977] INFO: Test Loss: 0.6077 | Test Acc: 79.65%
[2025-05-28 12:33:30,262] INFO: New best accuracy: 79.65%, model saved.
[2025-05-28 12:33:30,840] INFO: Epoch 108 | Step 1/196 | Loss: 0.5405 | Acc: 82.03%
[2025-05-28 12:33:48,570] INFO: Epoch 108 | Step 101/196 | Loss: 0.4663 | Acc: 84.05%
[2025-05-28 12:34:05,107] INFO: Epoch 108 training completed
[2025-05-28 12:34:07,259] INFO: Test Loss: 0.6346 | Test Acc: 79.83%
[2025-05-28 12:34:07,452] INFO: New best accuracy: 79.83%, model saved.
[2025-05-28 12:34:08,122] INFO: Epoch 109 | Step 1/196 | Loss: 0.4805 | Acc: 84.77%
[2025-05-28 12:34:25,653] INFO: Epoch 109 | Step 101/196 | Loss: 0.4608 | Acc: 84.43%
[2025-05-28 12:34:42,157] INFO: Epoch 109 training completed
[2025-05-28 12:34:44,285] INFO: Test Loss: 0.5957 | Test Acc: 80.52%
[2025-05-28 12:34:44,477] INFO: New best accuracy: 80.52%, model saved.
[2025-05-28 12:34:45,054] INFO: Epoch 110 | Step 1/196 | Loss: 0.4994 | Acc: 82.03%
[2025-05-28 12:35:02,890] INFO: Epoch 110 | Step 101/196 | Loss: 0.4686 | Acc: 84.05%
[2025-05-28 12:35:19,413] INFO: Epoch 110 training completed
[2025-05-28 12:35:21,611] INFO: Test Loss: 0.6187 | Test Acc: 79.44%
[2025-05-28 12:35:22,309] INFO: Epoch 111 | Step 1/196 | Loss: 0.4458 | Acc: 83.59%
[2025-05-28 12:35:39,894] INFO: Epoch 111 | Step 101/196 | Loss: 0.4632 | Acc: 84.08%
[2025-05-28 12:35:56,533] INFO: Epoch 111 training completed
[2025-05-28 12:35:58,670] INFO: Test Loss: 0.7173 | Test Acc: 75.84%
[2025-05-28 12:35:59,245] INFO: Epoch 112 | Step 1/196 | Loss: 0.3781 | Acc: 87.11%
[2025-05-28 12:36:16,677] INFO: Epoch 112 | Step 101/196 | Loss: 0.4596 | Acc: 84.31%
[2025-05-28 12:36:33,225] INFO: Epoch 112 training completed
[2025-05-28 12:36:35,357] INFO: Test Loss: 0.6774 | Test Acc: 76.96%
[2025-05-28 12:36:35,941] INFO: Epoch 113 | Step 1/196 | Loss: 0.4835 | Acc: 82.81%
[2025-05-28 12:36:53,486] INFO: Epoch 113 | Step 101/196 | Loss: 0.4520 | Acc: 84.65%
[2025-05-28 12:37:09,973] INFO: Epoch 113 training completed
[2025-05-28 12:37:12,113] INFO: Test Loss: 0.6198 | Test Acc: 79.46%
[2025-05-28 12:37:12,699] INFO: Epoch 114 | Step 1/196 | Loss: 0.4583 | Acc: 84.38%
[2025-05-28 12:37:30,276] INFO: Epoch 114 | Step 101/196 | Loss: 0.4650 | Acc: 84.48%
[2025-05-28 12:37:46,719] INFO: Epoch 114 training completed
[2025-05-28 12:37:48,888] INFO: Test Loss: 0.6113 | Test Acc: 79.75%
[2025-05-28 12:37:49,448] INFO: Epoch 115 | Step 1/196 | Loss: 0.4594 | Acc: 83.20%
[2025-05-28 12:38:06,981] INFO: Epoch 115 | Step 101/196 | Loss: 0.4585 | Acc: 84.40%
[2025-05-28 12:38:23,584] INFO: Epoch 115 training completed
[2025-05-28 12:38:25,750] INFO: Test Loss: 0.6502 | Test Acc: 79.01%
[2025-05-28 12:38:26,331] INFO: Epoch 116 | Step 1/196 | Loss: 0.4307 | Acc: 85.94%
[2025-05-28 12:38:43,974] INFO: Epoch 116 | Step 101/196 | Loss: 0.4478 | Acc: 84.82%
[2025-05-28 12:39:00,545] INFO: Epoch 116 training completed
[2025-05-28 12:39:02,748] INFO: Test Loss: 0.6804 | Test Acc: 77.78%
[2025-05-28 12:39:03,331] INFO: Epoch 117 | Step 1/196 | Loss: 0.4758 | Acc: 84.38%
[2025-05-28 12:39:20,968] INFO: Epoch 117 | Step 101/196 | Loss: 0.4497 | Acc: 84.63%
[2025-05-28 12:39:37,555] INFO: Epoch 117 training completed
[2025-05-28 12:39:39,858] INFO: Test Loss: 0.6676 | Test Acc: 78.28%
[2025-05-28 12:39:40,475] INFO: Epoch 118 | Step 1/196 | Loss: 0.4313 | Acc: 85.94%
[2025-05-28 12:39:58,131] INFO: Epoch 118 | Step 101/196 | Loss: 0.4463 | Acc: 84.84%
[2025-05-28 12:40:14,692] INFO: Epoch 118 training completed
[2025-05-28 12:40:16,861] INFO: Test Loss: 0.8189 | Test Acc: 73.30%
[2025-05-28 12:40:17,537] INFO: Epoch 119 | Step 1/196 | Loss: 0.5057 | Acc: 80.08%
[2025-05-28 12:40:35,146] INFO: Epoch 119 | Step 101/196 | Loss: 0.4420 | Acc: 84.80%
[2025-05-28 12:40:51,688] INFO: Epoch 119 training completed
[2025-05-28 12:40:53,853] INFO: Test Loss: 0.7493 | Test Acc: 75.71%
[2025-05-28 12:40:54,441] INFO: Epoch 120 | Step 1/196 | Loss: 0.5206 | Acc: 82.42%
[2025-05-28 12:41:12,044] INFO: Epoch 120 | Step 101/196 | Loss: 0.4470 | Acc: 84.81%
[2025-05-28 12:41:28,646] INFO: Epoch 120 training completed
[2025-05-28 12:41:30,784] INFO: Test Loss: 0.7153 | Test Acc: 76.71%
[2025-05-28 12:41:31,368] INFO: Epoch 121 | Step 1/196 | Loss: 0.4864 | Acc: 82.03%
[2025-05-28 12:41:49,013] INFO: Epoch 121 | Step 101/196 | Loss: 0.4335 | Acc: 85.54%
[2025-05-28 12:42:05,549] INFO: Epoch 121 training completed
[2025-05-28 12:42:07,697] INFO: Test Loss: 0.5792 | Test Acc: 81.20%
[2025-05-28 12:42:07,892] INFO: New best accuracy: 81.20%, model saved.
[2025-05-28 12:42:08,561] INFO: Epoch 122 | Step 1/196 | Loss: 0.4478 | Acc: 83.59%
[2025-05-28 12:42:26,244] INFO: Epoch 122 | Step 101/196 | Loss: 0.4396 | Acc: 85.07%
[2025-05-28 12:42:42,785] INFO: Epoch 122 training completed
[2025-05-28 12:42:44,946] INFO: Test Loss: 0.6568 | Test Acc: 78.41%
[2025-05-28 12:42:45,522] INFO: Epoch 123 | Step 1/196 | Loss: 0.4144 | Acc: 84.38%
[2025-05-28 12:43:03,261] INFO: Epoch 123 | Step 101/196 | Loss: 0.4427 | Acc: 85.04%
[2025-05-28 12:43:20,015] INFO: Epoch 123 training completed
[2025-05-28 12:43:22,155] INFO: Test Loss: 0.6949 | Test Acc: 76.49%
[2025-05-28 12:43:22,745] INFO: Epoch 124 | Step 1/196 | Loss: 0.3996 | Acc: 85.55%
[2025-05-28 12:43:40,187] INFO: Epoch 124 | Step 101/196 | Loss: 0.4229 | Acc: 85.68%
[2025-05-28 12:43:56,693] INFO: Epoch 124 training completed
[2025-05-28 12:43:58,873] INFO: Test Loss: 0.7737 | Test Acc: 75.26%
[2025-05-28 12:43:59,463] INFO: Epoch 125 | Step 1/196 | Loss: 0.4319 | Acc: 85.55%
[2025-05-28 12:44:17,243] INFO: Epoch 125 | Step 101/196 | Loss: 0.4280 | Acc: 85.58%
[2025-05-28 12:44:33,786] INFO: Epoch 125 training completed
[2025-05-28 12:44:35,935] INFO: Test Loss: 0.6326 | Test Acc: 78.96%
[2025-05-28 12:44:36,516] INFO: Epoch 126 | Step 1/196 | Loss: 0.3994 | Acc: 86.33%
[2025-05-28 12:44:54,005] INFO: Epoch 126 | Step 101/196 | Loss: 0.4200 | Acc: 85.60%
[2025-05-28 12:45:10,614] INFO: Epoch 126 training completed
[2025-05-28 12:45:12,763] INFO: Test Loss: 0.5334 | Test Acc: 82.88%
[2025-05-28 12:45:12,959] INFO: New best accuracy: 82.88%, model saved.
[2025-05-28 12:45:13,536] INFO: Epoch 127 | Step 1/196 | Loss: 0.3410 | Acc: 87.11%
[2025-05-28 12:45:31,178] INFO: Epoch 127 | Step 101/196 | Loss: 0.4192 | Acc: 85.67%
[2025-05-28 12:45:47,764] INFO: Epoch 127 training completed
[2025-05-28 12:45:49,932] INFO: Test Loss: 0.6212 | Test Acc: 79.97%
[2025-05-28 12:45:50,589] INFO: Epoch 128 | Step 1/196 | Loss: 0.3544 | Acc: 90.62%
[2025-05-28 12:46:08,244] INFO: Epoch 128 | Step 101/196 | Loss: 0.4149 | Acc: 85.86%
[2025-05-28 12:46:24,736] INFO: Epoch 128 training completed
[2025-05-28 12:46:26,866] INFO: Test Loss: 0.5252 | Test Acc: 82.77%
[2025-05-28 12:46:27,446] INFO: Epoch 129 | Step 1/196 | Loss: 0.3810 | Acc: 87.89%
[2025-05-28 12:46:45,195] INFO: Epoch 129 | Step 101/196 | Loss: 0.4129 | Acc: 86.15%
[2025-05-28 12:47:01,822] INFO: Epoch 129 training completed
[2025-05-28 12:47:04,000] INFO: Test Loss: 0.5752 | Test Acc: 81.10%
[2025-05-28 12:47:04,581] INFO: Epoch 130 | Step 1/196 | Loss: 0.4080 | Acc: 85.94%
[2025-05-28 12:47:22,271] INFO: Epoch 130 | Step 101/196 | Loss: 0.4119 | Acc: 85.74%
[2025-05-28 12:47:38,972] INFO: Epoch 130 training completed
[2025-05-28 12:47:41,140] INFO: Test Loss: 0.5477 | Test Acc: 82.13%
[2025-05-28 12:47:41,722] INFO: Epoch 131 | Step 1/196 | Loss: 0.5134 | Acc: 81.64%
[2025-05-28 12:47:59,431] INFO: Epoch 131 | Step 101/196 | Loss: 0.4031 | Acc: 86.31%
[2025-05-28 12:48:16,124] INFO: Epoch 131 training completed
[2025-05-28 12:48:18,255] INFO: Test Loss: 0.5325 | Test Acc: 82.99%
[2025-05-28 12:48:18,448] INFO: New best accuracy: 82.99%, model saved.
[2025-05-28 12:48:19,007] INFO: Epoch 132 | Step 1/196 | Loss: 0.4124 | Acc: 87.11%
[2025-05-28 12:48:36,865] INFO: Epoch 132 | Step 101/196 | Loss: 0.4100 | Acc: 86.00%
[2025-05-28 12:48:53,490] INFO: Epoch 132 training completed
[2025-05-28 12:48:55,645] INFO: Test Loss: 0.5298 | Test Acc: 82.97%
[2025-05-28 12:48:56,230] INFO: Epoch 133 | Step 1/196 | Loss: 0.3197 | Acc: 89.84%
[2025-05-28 12:49:13,893] INFO: Epoch 133 | Step 101/196 | Loss: 0.3931 | Acc: 86.69%
[2025-05-28 12:49:30,516] INFO: Epoch 133 training completed
[2025-05-28 12:49:32,674] INFO: Test Loss: 0.6079 | Test Acc: 80.67%
[2025-05-28 12:49:33,252] INFO: Epoch 134 | Step 1/196 | Loss: 0.3413 | Acc: 88.28%
[2025-05-28 12:49:50,875] INFO: Epoch 134 | Step 101/196 | Loss: 0.3968 | Acc: 86.55%
[2025-05-28 12:50:07,309] INFO: Epoch 134 training completed
[2025-05-28 12:50:09,492] INFO: Test Loss: 0.5495 | Test Acc: 81.71%
[2025-05-28 12:50:10,077] INFO: Epoch 135 | Step 1/196 | Loss: 0.4452 | Acc: 83.20%
[2025-05-28 12:50:27,652] INFO: Epoch 135 | Step 101/196 | Loss: 0.3916 | Acc: 86.77%
[2025-05-28 12:50:44,282] INFO: Epoch 135 training completed
[2025-05-28 12:50:46,455] INFO: Test Loss: 0.5613 | Test Acc: 81.78%
[2025-05-28 12:50:47,012] INFO: Epoch 136 | Step 1/196 | Loss: 0.4070 | Acc: 86.72%
[2025-05-28 12:51:04,508] INFO: Epoch 136 | Step 101/196 | Loss: 0.3960 | Acc: 86.68%
[2025-05-28 12:51:20,965] INFO: Epoch 136 training completed
[2025-05-28 12:51:23,110] INFO: Test Loss: 0.5678 | Test Acc: 81.94%
[2025-05-28 12:51:23,787] INFO: Epoch 137 | Step 1/196 | Loss: 0.3326 | Acc: 87.50%
[2025-05-28 12:51:41,416] INFO: Epoch 137 | Step 101/196 | Loss: 0.3949 | Acc: 86.53%
[2025-05-28 12:51:57,983] INFO: Epoch 137 training completed
[2025-05-28 12:52:00,149] INFO: Test Loss: 0.6095 | Test Acc: 80.21%
[2025-05-28 12:52:00,739] INFO: Epoch 138 | Step 1/196 | Loss: 0.3222 | Acc: 87.89%
[2025-05-28 12:52:18,353] INFO: Epoch 138 | Step 101/196 | Loss: 0.3911 | Acc: 86.96%
[2025-05-28 12:52:34,986] INFO: Epoch 138 training completed
[2025-05-28 12:52:37,124] INFO: Test Loss: 0.5742 | Test Acc: 81.04%
[2025-05-28 12:52:37,712] INFO: Epoch 139 | Step 1/196 | Loss: 0.3735 | Acc: 85.55%
[2025-05-28 12:52:55,418] INFO: Epoch 139 | Step 101/196 | Loss: 0.3842 | Acc: 87.04%
[2025-05-28 12:53:11,989] INFO: Epoch 139 training completed
[2025-05-28 12:53:14,174] INFO: Test Loss: 0.5593 | Test Acc: 81.81%
[2025-05-28 12:53:14,753] INFO: Epoch 140 | Step 1/196 | Loss: 0.3418 | Acc: 87.89%
[2025-05-28 12:53:32,564] INFO: Epoch 140 | Step 101/196 | Loss: 0.3715 | Acc: 87.62%
[2025-05-28 12:53:48,997] INFO: Epoch 140 training completed
[2025-05-28 12:53:51,161] INFO: Test Loss: 0.6156 | Test Acc: 79.58%
[2025-05-28 12:53:51,744] INFO: Epoch 141 | Step 1/196 | Loss: 0.3403 | Acc: 88.28%
[2025-05-28 12:54:09,236] INFO: Epoch 141 | Step 101/196 | Loss: 0.3704 | Acc: 87.54%
[2025-05-28 12:54:25,772] INFO: Epoch 141 training completed
[2025-05-28 12:54:27,949] INFO: Test Loss: 0.5930 | Test Acc: 81.25%
[2025-05-28 12:54:28,605] INFO: Epoch 142 | Step 1/196 | Loss: 0.3136 | Acc: 87.89%
[2025-05-28 12:54:46,383] INFO: Epoch 142 | Step 101/196 | Loss: 0.3712 | Acc: 87.27%
[2025-05-28 12:55:02,954] INFO: Epoch 142 training completed
[2025-05-28 12:55:05,103] INFO: Test Loss: 0.5465 | Test Acc: 82.52%
[2025-05-28 12:55:05,694] INFO: Epoch 143 | Step 1/196 | Loss: 0.4033 | Acc: 84.77%
[2025-05-28 12:55:23,477] INFO: Epoch 143 | Step 101/196 | Loss: 0.3684 | Acc: 87.60%
[2025-05-28 12:55:39,954] INFO: Epoch 143 training completed
[2025-05-28 12:55:42,086] INFO: Test Loss: 0.5367 | Test Acc: 82.80%
[2025-05-28 12:55:42,661] INFO: Epoch 144 | Step 1/196 | Loss: 0.3609 | Acc: 88.28%
[2025-05-28 12:56:00,294] INFO: Epoch 144 | Step 101/196 | Loss: 0.3679 | Acc: 87.54%
[2025-05-28 12:56:16,790] INFO: Epoch 144 training completed
[2025-05-28 12:56:18,943] INFO: Test Loss: 0.5595 | Test Acc: 81.95%
[2025-05-28 12:56:19,622] INFO: Epoch 145 | Step 1/196 | Loss: 0.3364 | Acc: 89.06%
[2025-05-28 12:56:37,340] INFO: Epoch 145 | Step 101/196 | Loss: 0.3612 | Acc: 87.84%
[2025-05-28 12:56:54,043] INFO: Epoch 145 training completed
[2025-05-28 12:56:56,216] INFO: Test Loss: 0.5418 | Test Acc: 82.83%
[2025-05-28 12:56:56,805] INFO: Epoch 146 | Step 1/196 | Loss: 0.3337 | Acc: 87.89%
[2025-05-28 12:57:14,621] INFO: Epoch 146 | Step 101/196 | Loss: 0.3539 | Acc: 88.04%
[2025-05-28 12:57:31,379] INFO: Epoch 146 training completed
[2025-05-28 12:57:33,515] INFO: Test Loss: 0.5666 | Test Acc: 81.14%
[2025-05-28 12:57:34,099] INFO: Epoch 147 | Step 1/196 | Loss: 0.4303 | Acc: 84.38%
[2025-05-28 12:57:51,711] INFO: Epoch 147 | Step 101/196 | Loss: 0.3543 | Acc: 88.39%
[2025-05-28 12:58:08,402] INFO: Epoch 147 training completed
[2025-05-28 12:58:10,551] INFO: Test Loss: 0.5888 | Test Acc: 80.27%
[2025-05-28 12:58:11,130] INFO: Epoch 148 | Step 1/196 | Loss: 0.3352 | Acc: 88.28%
[2025-05-28 12:58:28,968] INFO: Epoch 148 | Step 101/196 | Loss: 0.3477 | Acc: 88.46%
[2025-05-28 12:58:45,512] INFO: Epoch 148 training completed
[2025-05-28 12:58:47,703] INFO: Test Loss: 0.4868 | Test Acc: 84.00%
[2025-05-28 12:58:47,894] INFO: New best accuracy: 84.00%, model saved.
[2025-05-28 12:58:48,473] INFO: Epoch 149 | Step 1/196 | Loss: 0.3577 | Acc: 88.28%
[2025-05-28 12:59:06,007] INFO: Epoch 149 | Step 101/196 | Loss: 0.3375 | Acc: 88.72%
[2025-05-28 12:59:22,448] INFO: Epoch 149 training completed
[2025-05-28 12:59:24,620] INFO: Test Loss: 0.4994 | Test Acc: 83.94%
[2025-05-28 12:59:25,207] INFO: Epoch 150 | Step 1/196 | Loss: 0.3167 | Acc: 90.62%
[2025-05-28 12:59:42,762] INFO: Epoch 150 | Step 101/196 | Loss: 0.3347 | Acc: 88.92%
[2025-05-28 12:59:59,263] INFO: Epoch 150 training completed
[2025-05-28 13:00:01,418] INFO: Test Loss: 0.4385 | Test Acc: 86.00%
[2025-05-28 13:00:01,698] INFO: New best accuracy: 86.00%, model saved.
[2025-05-28 13:00:02,259] INFO: Epoch 151 | Step 1/196 | Loss: 0.2633 | Acc: 91.02%
[2025-05-28 13:00:19,906] INFO: Epoch 151 | Step 101/196 | Loss: 0.3370 | Acc: 88.78%
[2025-05-28 13:00:36,493] INFO: Epoch 151 training completed
[2025-05-28 13:00:38,653] INFO: Test Loss: 0.5695 | Test Acc: 82.07%
[2025-05-28 13:00:39,239] INFO: Epoch 152 | Step 1/196 | Loss: 0.3397 | Acc: 87.11%
[2025-05-28 13:00:57,143] INFO: Epoch 152 | Step 101/196 | Loss: 0.3265 | Acc: 89.04%
[2025-05-28 13:01:13,824] INFO: Epoch 152 training completed
[2025-05-28 13:01:15,996] INFO: Test Loss: 0.4474 | Test Acc: 85.44%
[2025-05-28 13:01:16,585] INFO: Epoch 153 | Step 1/196 | Loss: 0.3961 | Acc: 83.98%
[2025-05-28 13:01:34,240] INFO: Epoch 153 | Step 101/196 | Loss: 0.3231 | Acc: 88.98%
[2025-05-28 13:01:50,895] INFO: Epoch 153 training completed
[2025-05-28 13:01:53,067] INFO: Test Loss: 0.4838 | Test Acc: 84.83%
[2025-05-28 13:01:53,743] INFO: Epoch 154 | Step 1/196 | Loss: 0.3250 | Acc: 88.67%
[2025-05-28 13:02:11,408] INFO: Epoch 154 | Step 101/196 | Loss: 0.3175 | Acc: 89.43%
[2025-05-28 13:02:27,870] INFO: Epoch 154 training completed
[2025-05-28 13:02:30,000] INFO: Test Loss: 0.4556 | Test Acc: 85.84%
[2025-05-28 13:02:30,581] INFO: Epoch 155 | Step 1/196 | Loss: 0.2793 | Acc: 90.62%
[2025-05-28 13:02:48,319] INFO: Epoch 155 | Step 101/196 | Loss: 0.3166 | Acc: 89.53%
[2025-05-28 13:03:04,938] INFO: Epoch 155 training completed
[2025-05-28 13:03:07,110] INFO: Test Loss: 0.4714 | Test Acc: 84.93%
[2025-05-28 13:03:07,695] INFO: Epoch 156 | Step 1/196 | Loss: 0.3234 | Acc: 88.67%
[2025-05-28 13:03:25,304] INFO: Epoch 156 | Step 101/196 | Loss: 0.3095 | Acc: 89.79%
[2025-05-28 13:03:41,869] INFO: Epoch 156 training completed
[2025-05-28 13:03:44,025] INFO: Test Loss: 0.4221 | Test Acc: 86.88%
[2025-05-28 13:03:44,217] INFO: New best accuracy: 86.88%, model saved.
[2025-05-28 13:03:44,887] INFO: Epoch 157 | Step 1/196 | Loss: 0.2157 | Acc: 93.75%
[2025-05-28 13:04:02,514] INFO: Epoch 157 | Step 101/196 | Loss: 0.3055 | Acc: 89.92%
[2025-05-28 13:04:19,021] INFO: Epoch 157 training completed
[2025-05-28 13:04:21,173] INFO: Test Loss: 0.4582 | Test Acc: 85.27%
[2025-05-28 13:04:21,749] INFO: Epoch 158 | Step 1/196 | Loss: 0.2642 | Acc: 91.41%
[2025-05-28 13:04:39,445] INFO: Epoch 158 | Step 101/196 | Loss: 0.3027 | Acc: 89.92%
[2025-05-28 13:04:56,008] INFO: Epoch 158 training completed
[2025-05-28 13:04:58,153] INFO: Test Loss: 0.4248 | Test Acc: 86.52%
[2025-05-28 13:04:58,740] INFO: Epoch 159 | Step 1/196 | Loss: 0.2870 | Acc: 89.06%
[2025-05-28 13:05:16,395] INFO: Epoch 159 | Step 101/196 | Loss: 0.2984 | Acc: 90.06%
[2025-05-28 13:05:32,952] INFO: Epoch 159 training completed
[2025-05-28 13:05:35,113] INFO: Test Loss: 0.4268 | Test Acc: 86.73%
[2025-05-28 13:05:35,796] INFO: Epoch 160 | Step 1/196 | Loss: 0.2955 | Acc: 91.02%
[2025-05-28 13:05:53,569] INFO: Epoch 160 | Step 101/196 | Loss: 0.3026 | Acc: 89.88%
[2025-05-28 13:06:10,145] INFO: Epoch 160 training completed
[2025-05-28 13:06:12,288] INFO: Test Loss: 0.4317 | Test Acc: 86.05%
[2025-05-28 13:06:12,870] INFO: Epoch 161 | Step 1/196 | Loss: 0.2474 | Acc: 92.19%
[2025-05-28 13:06:30,630] INFO: Epoch 161 | Step 101/196 | Loss: 0.2893 | Acc: 90.27%
[2025-05-28 13:06:47,232] INFO: Epoch 161 training completed
[2025-05-28 13:06:49,379] INFO: Test Loss: 0.4241 | Test Acc: 86.54%
[2025-05-28 13:06:49,968] INFO: Epoch 162 | Step 1/196 | Loss: 0.2825 | Acc: 90.23%
[2025-05-28 13:07:07,624] INFO: Epoch 162 | Step 101/196 | Loss: 0.2823 | Acc: 90.76%
[2025-05-28 13:07:24,305] INFO: Epoch 162 training completed
[2025-05-28 13:07:26,484] INFO: Test Loss: 0.4363 | Test Acc: 86.38%
[2025-05-28 13:07:27,066] INFO: Epoch 163 | Step 1/196 | Loss: 0.2302 | Acc: 93.75%
[2025-05-28 13:07:44,750] INFO: Epoch 163 | Step 101/196 | Loss: 0.2774 | Acc: 90.98%
[2025-05-28 13:08:01,334] INFO: Epoch 163 training completed
[2025-05-28 13:08:03,499] INFO: Test Loss: 0.4203 | Test Acc: 86.88%
[2025-05-28 13:08:04,082] INFO: Epoch 164 | Step 1/196 | Loss: 0.2227 | Acc: 92.97%
[2025-05-28 13:08:21,508] INFO: Epoch 164 | Step 101/196 | Loss: 0.2756 | Acc: 91.02%
[2025-05-28 13:08:38,232] INFO: Epoch 164 training completed
[2025-05-28 13:08:40,389] INFO: Test Loss: 0.4050 | Test Acc: 87.03%
[2025-05-28 13:08:40,584] INFO: New best accuracy: 87.03%, model saved.
[2025-05-28 13:08:41,164] INFO: Epoch 165 | Step 1/196 | Loss: 0.2416 | Acc: 93.75%
[2025-05-28 13:08:58,820] INFO: Epoch 165 | Step 101/196 | Loss: 0.2688 | Acc: 91.26%
[2025-05-28 13:09:15,334] INFO: Epoch 165 training completed
[2025-05-28 13:09:17,495] INFO: Test Loss: 0.3962 | Test Acc: 87.46%
[2025-05-28 13:09:17,790] INFO: New best accuracy: 87.46%, model saved.
[2025-05-28 13:09:18,370] INFO: Epoch 166 | Step 1/196 | Loss: 0.2416 | Acc: 90.23%
[2025-05-28 13:09:36,122] INFO: Epoch 166 | Step 101/196 | Loss: 0.2629 | Acc: 91.34%
[2025-05-28 13:09:52,731] INFO: Epoch 166 training completed
[2025-05-28 13:09:54,880] INFO: Test Loss: 0.4605 | Test Acc: 85.36%
[2025-05-28 13:09:55,466] INFO: Epoch 167 | Step 1/196 | Loss: 0.2255 | Acc: 92.58%
[2025-05-28 13:10:13,395] INFO: Epoch 167 | Step 101/196 | Loss: 0.2534 | Acc: 91.64%
[2025-05-28 13:10:30,012] INFO: Epoch 167 training completed
[2025-05-28 13:10:32,164] INFO: Test Loss: 0.4521 | Test Acc: 85.18%
[2025-05-28 13:10:32,743] INFO: Epoch 168 | Step 1/196 | Loss: 0.2948 | Acc: 89.06%
[2025-05-28 13:10:50,159] INFO: Epoch 168 | Step 101/196 | Loss: 0.2542 | Acc: 91.76%
[2025-05-28 13:11:06,829] INFO: Epoch 168 training completed
[2025-05-28 13:11:08,973] INFO: Test Loss: 0.4025 | Test Acc: 87.43%
[2025-05-28 13:11:09,646] INFO: Epoch 169 | Step 1/196 | Loss: 0.2948 | Acc: 89.84%
[2025-05-28 13:11:27,239] INFO: Epoch 169 | Step 101/196 | Loss: 0.2445 | Acc: 92.14%
[2025-05-28 13:11:43,818] INFO: Epoch 169 training completed
[2025-05-28 13:11:45,966] INFO: Test Loss: 0.3960 | Test Acc: 87.65%
[2025-05-28 13:11:46,158] INFO: New best accuracy: 87.65%, model saved.
[2025-05-28 13:11:46,782] INFO: Epoch 170 | Step 1/196 | Loss: 0.2153 | Acc: 92.58%
[2025-05-28 13:12:04,497] INFO: Epoch 170 | Step 101/196 | Loss: 0.2440 | Acc: 92.01%
[2025-05-28 13:12:21,088] INFO: Epoch 170 training completed
[2025-05-28 13:12:23,266] INFO: Test Loss: 0.3746 | Test Acc: 88.38%
[2025-05-28 13:12:23,458] INFO: New best accuracy: 88.38%, model saved.
[2025-05-28 13:12:24,028] INFO: Epoch 171 | Step 1/196 | Loss: 0.2726 | Acc: 90.62%
[2025-05-28 13:12:41,718] INFO: Epoch 171 | Step 101/196 | Loss: 0.2409 | Acc: 92.04%
[2025-05-28 13:12:58,350] INFO: Epoch 171 training completed
[2025-05-28 13:13:00,489] INFO: Test Loss: 0.3759 | Test Acc: 88.24%
[2025-05-28 13:13:01,152] INFO: Epoch 172 | Step 1/196 | Loss: 0.2090 | Acc: 92.58%
[2025-05-28 13:13:18,596] INFO: Epoch 172 | Step 101/196 | Loss: 0.2317 | Acc: 92.58%
[2025-05-28 13:13:35,131] INFO: Epoch 172 training completed
[2025-05-28 13:13:37,323] INFO: Test Loss: 0.3652 | Test Acc: 88.87%
[2025-05-28 13:13:37,530] INFO: New best accuracy: 88.87%, model saved.
[2025-05-28 13:13:38,111] INFO: Epoch 173 | Step 1/196 | Loss: 0.1912 | Acc: 92.58%
[2025-05-28 13:13:55,910] INFO: Epoch 173 | Step 101/196 | Loss: 0.2252 | Acc: 92.70%
[2025-05-28 13:14:12,440] INFO: Epoch 173 training completed
[2025-05-28 13:14:14,601] INFO: Test Loss: 0.3794 | Test Acc: 88.28%
[2025-05-28 13:14:15,271] INFO: Epoch 174 | Step 1/196 | Loss: 0.2505 | Acc: 90.23%
[2025-05-28 13:14:32,922] INFO: Epoch 174 | Step 101/196 | Loss: 0.2219 | Acc: 92.91%
[2025-05-28 13:14:49,545] INFO: Epoch 174 training completed
[2025-05-28 13:14:51,721] INFO: Test Loss: 0.3628 | Test Acc: 88.92%
[2025-05-28 13:14:51,913] INFO: New best accuracy: 88.92%, model saved.
[2025-05-28 13:14:52,489] INFO: Epoch 175 | Step 1/196 | Loss: 0.2328 | Acc: 92.97%
[2025-05-28 13:15:10,040] INFO: Epoch 175 | Step 101/196 | Loss: 0.2165 | Acc: 93.14%
[2025-05-28 13:15:26,691] INFO: Epoch 175 training completed
[2025-05-28 13:15:28,837] INFO: Test Loss: 0.3682 | Test Acc: 88.78%
[2025-05-28 13:15:29,520] INFO: Epoch 176 | Step 1/196 | Loss: 0.2547 | Acc: 91.80%
[2025-05-28 13:15:46,971] INFO: Epoch 176 | Step 101/196 | Loss: 0.2044 | Acc: 93.48%
[2025-05-28 13:16:03,533] INFO: Epoch 176 training completed
[2025-05-28 13:16:05,692] INFO: Test Loss: 0.3501 | Test Acc: 89.12%
[2025-05-28 13:16:05,885] INFO: New best accuracy: 89.12%, model saved.
[2025-05-28 13:16:06,439] INFO: Epoch 177 | Step 1/196 | Loss: 0.2066 | Acc: 93.75%
[2025-05-28 13:16:24,182] INFO: Epoch 177 | Step 101/196 | Loss: 0.2002 | Acc: 93.61%
[2025-05-28 13:16:40,786] INFO: Epoch 177 training completed
[2025-05-28 13:16:42,934] INFO: Test Loss: 0.3566 | Test Acc: 88.82%
[2025-05-28 13:16:43,614] INFO: Epoch 178 | Step 1/196 | Loss: 0.1529 | Acc: 94.14%
[2025-05-28 13:17:01,296] INFO: Epoch 178 | Step 101/196 | Loss: 0.1944 | Acc: 93.86%
[2025-05-28 13:17:17,857] INFO: Epoch 178 training completed
[2025-05-28 13:17:20,045] INFO: Test Loss: 0.3282 | Test Acc: 89.98%
[2025-05-28 13:17:20,237] INFO: New best accuracy: 89.98%, model saved.
[2025-05-28 13:17:20,822] INFO: Epoch 179 | Step 1/196 | Loss: 0.2579 | Acc: 90.62%
[2025-05-28 13:17:38,591] INFO: Epoch 179 | Step 101/196 | Loss: 0.1917 | Acc: 94.00%
[2025-05-28 13:17:55,295] INFO: Epoch 179 training completed
[2025-05-28 13:17:57,475] INFO: Test Loss: 0.3311 | Test Acc: 90.06%
[2025-05-28 13:17:57,669] INFO: New best accuracy: 90.06%, model saved.
[2025-05-28 13:17:58,261] INFO: Epoch 180 | Step 1/196 | Loss: 0.1703 | Acc: 94.53%
[2025-05-28 13:18:16,079] INFO: Epoch 180 | Step 101/196 | Loss: 0.1793 | Acc: 94.44%
[2025-05-28 13:18:32,610] INFO: Epoch 180 training completed
[2025-05-28 13:18:34,826] INFO: Test Loss: 0.3487 | Test Acc: 89.13%
[2025-05-28 13:18:35,510] INFO: Epoch 181 | Step 1/196 | Loss: 0.1897 | Acc: 94.14%
[2025-05-28 13:18:52,883] INFO: Epoch 181 | Step 101/196 | Loss: 0.1719 | Acc: 94.76%
[2025-05-28 13:19:09,659] INFO: Epoch 181 training completed
[2025-05-28 13:19:11,822] INFO: Test Loss: 0.3231 | Test Acc: 90.20%
[2025-05-28 13:19:12,018] INFO: New best accuracy: 90.20%, model saved.
[2025-05-28 13:19:12,588] INFO: Epoch 182 | Step 1/196 | Loss: 0.1655 | Acc: 96.09%
[2025-05-28 13:19:30,206] INFO: Epoch 182 | Step 101/196 | Loss: 0.1697 | Acc: 94.81%
[2025-05-28 13:19:46,709] INFO: Epoch 182 training completed
[2025-05-28 13:19:48,892] INFO: Test Loss: 0.3341 | Test Acc: 89.69%
[2025-05-28 13:19:49,481] INFO: Epoch 183 | Step 1/196 | Loss: 0.1657 | Acc: 94.53%
[2025-05-28 13:20:07,053] INFO: Epoch 183 | Step 101/196 | Loss: 0.1594 | Acc: 95.21%
[2025-05-28 13:20:23,683] INFO: Epoch 183 training completed
[2025-05-28 13:20:25,863] INFO: Test Loss: 0.3440 | Test Acc: 89.32%
[2025-05-28 13:20:26,447] INFO: Epoch 184 | Step 1/196 | Loss: 0.1772 | Acc: 93.75%
[2025-05-28 13:20:43,902] INFO: Epoch 184 | Step 101/196 | Loss: 0.1606 | Acc: 95.13%
[2025-05-28 13:21:00,304] INFO: Epoch 184 training completed
[2025-05-28 13:21:02,468] INFO: Test Loss: 0.3247 | Test Acc: 90.55%
[2025-05-28 13:21:02,660] INFO: New best accuracy: 90.55%, model saved.
[2025-05-28 13:21:03,317] INFO: Epoch 185 | Step 1/196 | Loss: 0.1064 | Acc: 96.88%
[2025-05-28 13:21:20,946] INFO: Epoch 185 | Step 101/196 | Loss: 0.1532 | Acc: 95.25%
[2025-05-28 13:21:37,468] INFO: Epoch 185 training completed
[2025-05-28 13:21:39,611] INFO: Test Loss: 0.3215 | Test Acc: 90.38%
[2025-05-28 13:21:40,186] INFO: Epoch 186 | Step 1/196 | Loss: 0.1502 | Acc: 95.70%
[2025-05-28 13:21:57,882] INFO: Epoch 186 | Step 101/196 | Loss: 0.1476 | Acc: 95.63%
[2025-05-28 13:22:14,655] INFO: Epoch 186 training completed
[2025-05-28 13:22:16,814] INFO: Test Loss: 0.3226 | Test Acc: 90.31%
[2025-05-28 13:22:17,400] INFO: Epoch 187 | Step 1/196 | Loss: 0.1302 | Acc: 95.70%
[2025-05-28 13:22:34,867] INFO: Epoch 187 | Step 101/196 | Loss: 0.1408 | Acc: 95.83%
[2025-05-28 13:22:51,512] INFO: Epoch 187 training completed
[2025-05-28 13:22:53,647] INFO: Test Loss: 0.3193 | Test Acc: 90.61%
[2025-05-28 13:22:53,838] INFO: New best accuracy: 90.61%, model saved.
[2025-05-28 13:22:54,506] INFO: Epoch 188 | Step 1/196 | Loss: 0.1382 | Acc: 97.27%
[2025-05-28 13:23:12,107] INFO: Epoch 188 | Step 101/196 | Loss: 0.1315 | Acc: 96.25%
[2025-05-28 13:23:28,672] INFO: Epoch 188 training completed
[2025-05-28 13:23:30,860] INFO: Test Loss: 0.3191 | Test Acc: 90.61%
[2025-05-28 13:23:31,454] INFO: Epoch 189 | Step 1/196 | Loss: 0.1150 | Acc: 97.66%
[2025-05-28 13:23:49,103] INFO: Epoch 189 | Step 101/196 | Loss: 0.1306 | Acc: 96.26%
[2025-05-28 13:24:05,731] INFO: Epoch 189 training completed
[2025-05-28 13:24:07,911] INFO: Test Loss: 0.3200 | Test Acc: 90.72%
[2025-05-28 13:24:08,101] INFO: New best accuracy: 90.72%, model saved.
[2025-05-28 13:24:08,678] INFO: Epoch 190 | Step 1/196 | Loss: 0.1604 | Acc: 94.92%
[2025-05-28 13:24:26,182] INFO: Epoch 190 | Step 101/196 | Loss: 0.1254 | Acc: 96.48%
[2025-05-28 13:24:42,635] INFO: Epoch 190 training completed
[2025-05-28 13:24:44,806] INFO: Test Loss: 0.3233 | Test Acc: 90.69%
[2025-05-28 13:24:45,394] INFO: Epoch 191 | Step 1/196 | Loss: 0.1672 | Acc: 95.31%
[2025-05-28 13:25:03,181] INFO: Epoch 191 | Step 101/196 | Loss: 0.1260 | Acc: 96.41%
[2025-05-28 13:25:19,799] INFO: Epoch 191 training completed
[2025-05-28 13:25:21,961] INFO: Test Loss: 0.3260 | Test Acc: 90.59%
[2025-05-28 13:25:22,538] INFO: Epoch 192 | Step 1/196 | Loss: 0.1073 | Acc: 97.27%
[2025-05-28 13:25:40,338] INFO: Epoch 192 | Step 101/196 | Loss: 0.1163 | Acc: 96.84%
[2025-05-28 13:25:56,956] INFO: Epoch 192 training completed
[2025-05-28 13:25:59,139] INFO: Test Loss: 0.3217 | Test Acc: 90.54%
[2025-05-28 13:25:59,809] INFO: Epoch 193 | Step 1/196 | Loss: 0.1215 | Acc: 94.92%
[2025-05-28 13:26:17,340] INFO: Epoch 193 | Step 101/196 | Loss: 0.1158 | Acc: 96.79%
[2025-05-28 13:26:33,971] INFO: Epoch 193 training completed
[2025-05-28 13:26:36,113] INFO: Test Loss: 0.3167 | Test Acc: 90.81%
[2025-05-28 13:26:36,303] INFO: New best accuracy: 90.81%, model saved.
[2025-05-28 13:26:36,883] INFO: Epoch 194 | Step 1/196 | Loss: 0.0950 | Acc: 97.66%
[2025-05-28 13:26:54,616] INFO: Epoch 194 | Step 101/196 | Loss: 0.1148 | Acc: 96.83%
[2025-05-28 13:27:11,153] INFO: Epoch 194 training completed
[2025-05-28 13:27:13,320] INFO: Test Loss: 0.3226 | Test Acc: 90.77%
[2025-05-28 13:27:13,891] INFO: Epoch 195 | Step 1/196 | Loss: 0.0665 | Acc: 98.83%
[2025-05-28 13:27:31,485] INFO: Epoch 195 | Step 101/196 | Loss: 0.1122 | Acc: 97.12%
[2025-05-28 13:27:48,142] INFO: Epoch 195 training completed
[2025-05-28 13:27:50,291] INFO: Test Loss: 0.3218 | Test Acc: 90.80%
[2025-05-28 13:27:50,882] INFO: Epoch 196 | Step 1/196 | Loss: 0.0831 | Acc: 98.83%
[2025-05-28 13:28:08,725] INFO: Epoch 196 | Step 101/196 | Loss: 0.1135 | Acc: 96.99%
[2025-05-28 13:28:25,377] INFO: Epoch 196 training completed
[2025-05-28 13:28:27,522] INFO: Test Loss: 0.3193 | Test Acc: 90.93%
[2025-05-28 13:28:27,718] INFO: New best accuracy: 90.93%, model saved.
[2025-05-28 13:28:28,385] INFO: Epoch 197 | Step 1/196 | Loss: 0.1592 | Acc: 96.88%
[2025-05-28 13:28:46,015] INFO: Epoch 197 | Step 101/196 | Loss: 0.1095 | Acc: 97.18%
[2025-05-28 13:29:02,554] INFO: Epoch 197 training completed
[2025-05-28 13:29:04,715] INFO: Test Loss: 0.3203 | Test Acc: 90.83%
[2025-05-28 13:29:05,285] INFO: Epoch 198 | Step 1/196 | Loss: 0.0747 | Acc: 98.83%
[2025-05-28 13:29:22,793] INFO: Epoch 198 | Step 101/196 | Loss: 0.1102 | Acc: 97.12%
[2025-05-28 13:29:39,303] INFO: Epoch 198 training completed
[2025-05-28 13:29:41,452] INFO: Test Loss: 0.3205 | Test Acc: 90.86%
[2025-05-28 13:29:42,026] INFO: Epoch 199 | Step 1/196 | Loss: 0.1262 | Acc: 96.09%
[2025-05-28 13:29:59,587] INFO: Epoch 199 | Step 101/196 | Loss: 0.1097 | Acc: 97.12%
[2025-05-28 13:30:16,200] INFO: Epoch 199 training completed
[2025-05-28 13:30:18,372] INFO: Test Loss: 0.3200 | Test Acc: 90.84%
[2025-05-28 13:30:19,059] INFO: Epoch 200 | Step 1/196 | Loss: 0.1126 | Acc: 97.27%
[2025-05-28 13:30:36,770] INFO: Epoch 200 | Step 101/196 | Loss: 0.1089 | Acc: 97.09%
[2025-05-28 13:30:53,204] INFO: Epoch 200 training completed
[2025-05-28 13:30:55,358] INFO: Test Loss: 0.3181 | Test Acc: 90.88%
[2025-05-28 13:30:55,659] INFO: Training complete. Best Test Accuracy: 90.93%
